remark: C:/Xilinx/Vitis_HLS/2022.2/common/technology/autopilot\ap_int_base.h:1048:12: Inlining function 'ap_range_ref<24, false>::ap_range_ref(ap_int_base<24, false>*, int, int)' into 'ap_int_base<24, false>::range(int, int)'
remark: C:/Xilinx/Vitis_HLS/2022.2/common/technology/autopilot\ap_int_ref.h:315:76: Inlining function 'ap_range_ref<24, false>::to_uint64() const' into 'ap_range_ref<24, false>::operator unsigned long long() const'
remark: C:/Xilinx/Vitis_HLS/2022.2/common/technology/autopilot\ap_int_base.h:215:76: Inlining function 'ssdm_int<8, false>::ssdm_int(unsigned char)' into 'ap_int_base<8, false>::ap_int_base(unsigned int)'
remark: <unknown>:0:0: Inlining function 'ap_int_base<8, false>::ap_int_base(unsigned int)' into 'ap_uint<8>::ap_uint(unsigned int)'
remark: hls_fajlovi/card_recognizer_dram_hls.cpp:37:30: Inlining function 'ap_int_base<24, false>::range(int, int)' into 'to_grayscale(ap_uint<24> const*, ap_uint<8>*, int, int)'
remark: hls_fajlovi/card_recognizer_dram_hls.cpp:39:26: Inlining function 'ap_range_ref<24, false>::operator unsigned long long() const' into 'to_grayscale(ap_uint<24> const*, ap_uint<8>*, int, int)'
remark: hls_fajlovi/card_recognizer_dram_hls.cpp:39:30: Inlining function 'ap_int_base<24, false>::range(int, int)' into 'to_grayscale(ap_uint<24> const*, ap_uint<8>*, int, int)'
remark: hls_fajlovi/card_recognizer_dram_hls.cpp:38:26: Inlining function 'ap_range_ref<24, false>::operator unsigned long long() const' into 'to_grayscale(ap_uint<24> const*, ap_uint<8>*, int, int)'
remark: hls_fajlovi/card_recognizer_dram_hls.cpp:38:30: Inlining function 'ap_int_base<24, false>::range(int, int)' into 'to_grayscale(ap_uint<24> const*, ap_uint<8>*, int, int)'
remark: hls_fajlovi/card_recognizer_dram_hls.cpp:37:26: Inlining function 'ap_range_ref<24, false>::operator unsigned long long() const' into 'to_grayscale(ap_uint<24> const*, ap_uint<8>*, int, int)'
remark: C:/Xilinx/Vitis_HLS/2022.2/common/technology/autopilot\ap_int_base.h:214:67: Inlining function 'ssdm_int<32, true>::ssdm_int(int)' into 'ap_int_base<32, true>::ap_int_base(int)'
remark: C:/Xilinx/Vitis_HLS/2022.2/common/technology/autopilot\ap_int_base.h:1788:337: Inlining function 'ap_int_base<32, true>::ap_int_base(int)' into 'bool operator><8, false>(ap_int_base<8, false> const&, int)'
remark: C:/Xilinx/Vitis_HLS/2022.2/common/technology/autopilot\ap_int_base.h:1788:335: Inlining function 'bool ap_int_base<8, false>::operator><32, true>(ap_int_base<32, true> const&) const' into 'bool operator><8, false>(ap_int_base<8, false> const&, int)'
remark: C:/Xilinx/Vitis_HLS/2022.2/common/technology/autopilot\ap_int_base.h:214:67: Inlining function '_ZN8ssdm_intILi1ELb0EEC2EDq1_j' into 'ap_int_base<1, false>::ap_int_base(int)'
remark: <unknown>:0:0: Inlining function 'ap_int_base<1, false>::ap_int_base(int)' into 'ap_uint<1>::ap_uint(int)'
remark: hls_fajlovi/card_recognizer_dram_hls.cpp:53:23: Inlining function 'bool operator><8, false>(ap_int_base<8, false> const&, int)' into 'binarize(ap_uint<8> const*, ap_uint<1>*, int, int)'
remark: C:/Xilinx/Vitis_HLS/2022.2/common/technology/autopilot\ap_int_base.h:214:67: Inlining function 'ssdm_int<8, false>::ssdm_int(unsigned char)' into 'ap_int_base<8, false>::ap_int_base(int)'
remark: <unknown>:0:0: Inlining function 'ap_int_base<8, false>::ap_int_base(int)' into 'ap_uint<8>::ap_uint(int)'
remark: C:/Xilinx/Vitis_HLS/2022.2/common/technology/autopilot\ap_int_base.h:1788:2233: Inlining function 'ap_int_base<32, true>::ap_int_base(int)' into 'bool operator!=<8, false>(ap_int_base<8, false> const&, int)'
remark: C:/Xilinx/Vitis_HLS/2022.2/common/technology/autopilot\ap_int_base.h:1788:2230: Inlining function 'bool ap_int_base<8, false>::operator!=<32, true>(ap_int_base<32, true> const&) const' into 'bool operator!=<8, false>(ap_int_base<8, false> const&, int)'
remark: hls_fajlovi/card_recognizer_dram_hls.cpp:59:22: Inlining function 'ap_int_base<8, false>::operator unsigned long long() const' into 'find_root(ap_uint<8> const*, ap_uint<8>)'
remark: hls_fajlovi/card_recognizer_dram_hls.cpp:60:25: Inlining function 'ap_int_base<8, false>::operator unsigned long long() const' into 'find_root(ap_uint<8> const*, ap_uint<8>)'
remark: C:/Xilinx/Vitis_HLS/2022.2/common/technology/autopilot\ap_int_base.h:1788:1853: Inlining function 'ap_int_base<32, true>::ap_int_base(int)' into 'bool operator==<8, false>(ap_int_base<8, false> const&, int)'
remark: C:/Xilinx/Vitis_HLS/2022.2/common/technology/autopilot\ap_int_base.h:1788:1850: Inlining function 'bool ap_int_base<8, false>::operator==<32, true>(ap_int_base<32, true> const&) const' into 'bool operator==<8, false>(ap_int_base<8, false> const&, int)'
remark: hls_fajlovi/card_recognizer_dram_hls.cpp:75:11: Inlining function 'bool operator==<8, false>(ap_int_base<8, false> const&, int)' into 'merge_components(ap_uint<8>*, ap_uint<8>*, ap_uint<8>*, ap_uint<8>*, ap_uint<8>*, unsigned int*, ap_uint<8>, ap_uint<8>)'
remark: hls_fajlovi/card_recognizer_dram_hls.cpp:85:12: Inlining function 'ap_int_base<8, false>::operator unsigned long long() const' into 'merge_components(ap_uint<8>*, ap_uint<8>*, ap_uint<8>*, ap_uint<8>*, ap_uint<8>*, unsigned int*, ap_uint<8>, ap_uint<8>)'
remark: hls_fajlovi/card_recognizer_dram_hls.cpp:84:11: Inlining function 'ap_int_base<8, false>::operator unsigned long long() const' into 'merge_components(ap_uint<8>*, ap_uint<8>*, ap_uint<8>*, ap_uint<8>*, ap_uint<8>*, unsigned int*, ap_uint<8>, ap_uint<8>)'
remark: hls_fajlovi/card_recognizer_dram_hls.cpp:83:11: Inlining function 'ap_int_base<8, false>::operator unsigned long long() const' into 'merge_components(ap_uint<8>*, ap_uint<8>*, ap_uint<8>*, ap_uint<8>*, ap_uint<8>*, unsigned int*, ap_uint<8>, ap_uint<8>)'
remark: hls_fajlovi/card_recognizer_dram_hls.cpp:83:26: Inlining function 'ap_int_base<8, false>::operator unsigned long long() const' into 'merge_components(ap_uint<8>*, ap_uint<8>*, ap_uint<8>*, ap_uint<8>*, ap_uint<8>*, unsigned int*, ap_uint<8>, ap_uint<8>)'
remark: hls_fajlovi/card_recognizer_dram_hls.cpp:82:42: Inlining function 'ap_int_base<8, false>::operator unsigned long long() const' into 'merge_components(ap_uint<8>*, ap_uint<8>*, ap_uint<8>*, ap_uint<8>*, ap_uint<8>*, unsigned int*, ap_uint<8>, ap_uint<8>)'
remark: hls_fajlovi/card_recognizer_dram_hls.cpp:82:56: Inlining function 'ap_int_base<8, false>::operator unsigned long long() const' into 'merge_components(ap_uint<8>*, ap_uint<8>*, ap_uint<8>*, ap_uint<8>*, ap_uint<8>*, unsigned int*, ap_uint<8>, ap_uint<8>)'
remark: hls_fajlovi/card_recognizer_dram_hls.cpp:82:21: Inlining function 'bool ap_int_base<8, false>::operator><8, false>(ap_int_base<8, false> const&) const' into 'merge_components(ap_uint<8>*, ap_uint<8>*, ap_uint<8>*, ap_uint<8>*, ap_uint<8>*, unsigned int*, ap_uint<8>, ap_uint<8>)'
remark: hls_fajlovi/card_recognizer_dram_hls.cpp:82:29: Inlining function 'ap_int_base<8, false>::operator unsigned long long() const' into 'merge_components(ap_uint<8>*, ap_uint<8>*, ap_uint<8>*, ap_uint<8>*, ap_uint<8>*, unsigned int*, ap_uint<8>, ap_uint<8>)'
remark: hls_fajlovi/card_recognizer_dram_hls.cpp:82:15: Inlining function 'ap_int_base<8, false>::operator unsigned long long() const' into 'merge_components(ap_uint<8>*, ap_uint<8>*, ap_uint<8>*, ap_uint<8>*, ap_uint<8>*, unsigned int*, ap_uint<8>, ap_uint<8>)'
remark: hls_fajlovi/card_recognizer_dram_hls.cpp:81:42: Inlining function 'ap_int_base<8, false>::operator unsigned long long() const' into 'merge_components(ap_uint<8>*, ap_uint<8>*, ap_uint<8>*, ap_uint<8>*, ap_uint<8>*, unsigned int*, ap_uint<8>, ap_uint<8>)'
remark: hls_fajlovi/card_recognizer_dram_hls.cpp:81:56: Inlining function 'ap_int_base<8, false>::operator unsigned long long() const' into 'merge_components(ap_uint<8>*, ap_uint<8>*, ap_uint<8>*, ap_uint<8>*, ap_uint<8>*, unsigned int*, ap_uint<8>, ap_uint<8>)'
remark: hls_fajlovi/card_recognizer_dram_hls.cpp:81:21: Inlining function 'bool ap_int_base<8, false>::operator><8, false>(ap_int_base<8, false> const&) const' into 'merge_components(ap_uint<8>*, ap_uint<8>*, ap_uint<8>*, ap_uint<8>*, ap_uint<8>*, unsigned int*, ap_uint<8>, ap_uint<8>)'
remark: hls_fajlovi/card_recognizer_dram_hls.cpp:81:29: Inlining function 'ap_int_base<8, false>::operator unsigned long long() const' into 'merge_components(ap_uint<8>*, ap_uint<8>*, ap_uint<8>*, ap_uint<8>*, ap_uint<8>*, unsigned int*, ap_uint<8>, ap_uint<8>)'
remark: hls_fajlovi/card_recognizer_dram_hls.cpp:81:15: Inlining function 'ap_int_base<8, false>::operator unsigned long long() const' into 'merge_components(ap_uint<8>*, ap_uint<8>*, ap_uint<8>*, ap_uint<8>*, ap_uint<8>*, unsigned int*, ap_uint<8>, ap_uint<8>)'
remark: hls_fajlovi/card_recognizer_dram_hls.cpp:80:42: Inlining function 'ap_int_base<8, false>::operator unsigned long long() const' into 'merge_components(ap_uint<8>*, ap_uint<8>*, ap_uint<8>*, ap_uint<8>*, ap_uint<8>*, unsigned int*, ap_uint<8>, ap_uint<8>)'
remark: hls_fajlovi/card_recognizer_dram_hls.cpp:80:56: Inlining function 'ap_int_base<8, false>::operator unsigned long long() const' into 'merge_components(ap_uint<8>*, ap_uint<8>*, ap_uint<8>*, ap_uint<8>*, ap_uint<8>*, unsigned int*, ap_uint<8>, ap_uint<8>)'
remark: hls_fajlovi/card_recognizer_dram_hls.cpp:80:21: Inlining function 'bool ap_int_base<8, false>::operator<<8, false>(ap_int_base<8, false> const&) const' into 'merge_components(ap_uint<8>*, ap_uint<8>*, ap_uint<8>*, ap_uint<8>*, ap_uint<8>*, unsigned int*, ap_uint<8>, ap_uint<8>)'
remark: hls_fajlovi/card_recognizer_dram_hls.cpp:80:29: Inlining function 'ap_int_base<8, false>::operator unsigned long long() const' into 'merge_components(ap_uint<8>*, ap_uint<8>*, ap_uint<8>*, ap_uint<8>*, ap_uint<8>*, unsigned int*, ap_uint<8>, ap_uint<8>)'
remark: hls_fajlovi/card_recognizer_dram_hls.cpp:80:15: Inlining function 'ap_int_base<8, false>::operator unsigned long long() const' into 'merge_components(ap_uint<8>*, ap_uint<8>*, ap_uint<8>*, ap_uint<8>*, ap_uint<8>*, unsigned int*, ap_uint<8>, ap_uint<8>)'
remark: hls_fajlovi/card_recognizer_dram_hls.cpp:79:42: Inlining function 'ap_int_base<8, false>::operator unsigned long long() const' into 'merge_components(ap_uint<8>*, ap_uint<8>*, ap_uint<8>*, ap_uint<8>*, ap_uint<8>*, unsigned int*, ap_uint<8>, ap_uint<8>)'
remark: hls_fajlovi/card_recognizer_dram_hls.cpp:79:56: Inlining function 'ap_int_base<8, false>::operator unsigned long long() const' into 'merge_components(ap_uint<8>*, ap_uint<8>*, ap_uint<8>*, ap_uint<8>*, ap_uint<8>*, unsigned int*, ap_uint<8>, ap_uint<8>)'
remark: hls_fajlovi/card_recognizer_dram_hls.cpp:79:21: Inlining function 'bool ap_int_base<8, false>::operator<<8, false>(ap_int_base<8, false> const&) const' into 'merge_components(ap_uint<8>*, ap_uint<8>*, ap_uint<8>*, ap_uint<8>*, ap_uint<8>*, unsigned int*, ap_uint<8>, ap_uint<8>)'
remark: hls_fajlovi/card_recognizer_dram_hls.cpp:79:29: Inlining function 'ap_int_base<8, false>::operator unsigned long long() const' into 'merge_components(ap_uint<8>*, ap_uint<8>*, ap_uint<8>*, ap_uint<8>*, ap_uint<8>*, unsigned int*, ap_uint<8>, ap_uint<8>)'
remark: hls_fajlovi/card_recognizer_dram_hls.cpp:79:15: Inlining function 'ap_int_base<8, false>::operator unsigned long long() const' into 'merge_components(ap_uint<8>*, ap_uint<8>*, ap_uint<8>*, ap_uint<8>*, ap_uint<8>*, unsigned int*, ap_uint<8>, ap_uint<8>)'
remark: hls_fajlovi/card_recognizer_dram_hls.cpp:75:54: Inlining function 'ap_int_base<8, false>::operator unsigned long long() const' into 'merge_components(ap_uint<8>*, ap_uint<8>*, ap_uint<8>*, ap_uint<8>*, ap_uint<8>*, unsigned int*, ap_uint<8>, ap_uint<8>)'
remark: hls_fajlovi/card_recognizer_dram_hls.cpp:75:37: Inlining function 'bool ap_int_base<8, false>::operator==<8, false>(ap_int_base<8, false> const&) const' into 'merge_components(ap_uint<8>*, ap_uint<8>*, ap_uint<8>*, ap_uint<8>*, ap_uint<8>*, unsigned int*, ap_uint<8>, ap_uint<8>)'
remark: hls_fajlovi/card_recognizer_dram_hls.cpp:75:24: Inlining function 'bool operator==<8, false>(ap_int_base<8, false> const&, int)' into 'merge_components(ap_uint<8>*, ap_uint<8>*, ap_uint<8>*, ap_uint<8>*, ap_uint<8>*, unsigned int*, ap_uint<8>, ap_uint<8>)'
remark: hls_fajlovi/card_recognizer_dram_hls.cpp:208:16: Inlining function 'bool operator==<8, false>(ap_int_base<8, false> const&, int)' into 'find_largest_component_ccl(ap_uint<1> const*, int, int)'
remark: hls_fajlovi/card_recognizer_dram_hls.cpp:183:27: Inlining function 'ap_int_base<8, false>::operator unsigned long long() const' into 'find_largest_component_ccl(ap_uint<1> const*, int, int)'
remark: hls_fajlovi/card_recognizer_dram_hls.cpp:182:49: Inlining function 'ap_int_base<8, false>::operator unsigned long long() const' into 'find_largest_component_ccl(ap_uint<1> const*, int, int)'
remark: hls_fajlovi/card_recognizer_dram_hls.cpp:182:28: Inlining function 'bool ap_int_base<8, false>::operator><8, false>(ap_int_base<8, false> const&) const' into 'find_largest_component_ccl(ap_uint<1> const*, int, int)'
remark: hls_fajlovi/card_recognizer_dram_hls.cpp:182:36: Inlining function 'ap_int_base<8, false>::operator unsigned long long() const' into 'find_largest_component_ccl(ap_uint<1> const*, int, int)'
remark: hls_fajlovi/card_recognizer_dram_hls.cpp:181:49: Inlining function 'ap_int_base<8, false>::operator unsigned long long() const' into 'find_largest_component_ccl(ap_uint<1> const*, int, int)'
remark: hls_fajlovi/card_recognizer_dram_hls.cpp:181:28: Inlining function 'bool ap_int_base<8, false>::operator><8, false>(ap_int_base<8, false> const&) const' into 'find_largest_component_ccl(ap_uint<1> const*, int, int)'
remark: hls_fajlovi/card_recognizer_dram_hls.cpp:181:36: Inlining function 'ap_int_base<8, false>::operator unsigned long long() const' into 'find_largest_component_ccl(ap_uint<1> const*, int, int)'
remark: hls_fajlovi/card_recognizer_dram_hls.cpp:180:49: Inlining function 'ap_int_base<8, false>::operator unsigned long long() const' into 'find_largest_component_ccl(ap_uint<1> const*, int, int)'
remark: hls_fajlovi/card_recognizer_dram_hls.cpp:180:28: Inlining function 'bool ap_int_base<8, false>::operator<<8, false>(ap_int_base<8, false> const&) const' into 'find_largest_component_ccl(ap_uint<1> const*, int, int)'
remark: hls_fajlovi/card_recognizer_dram_hls.cpp:180:36: Inlining function 'ap_int_base<8, false>::operator unsigned long long() const' into 'find_largest_component_ccl(ap_uint<1> const*, int, int)'
remark: hls_fajlovi/card_recognizer_dram_hls.cpp:179:49: Inlining function 'ap_int_base<8, false>::operator unsigned long long() const' into 'find_largest_component_ccl(ap_uint<1> const*, int, int)'
remark: hls_fajlovi/card_recognizer_dram_hls.cpp:179:28: Inlining function 'bool ap_int_base<8, false>::operator<<8, false>(ap_int_base<8, false> const&) const' into 'find_largest_component_ccl(ap_uint<1> const*, int, int)'
remark: hls_fajlovi/card_recognizer_dram_hls.cpp:179:36: Inlining function 'ap_int_base<8, false>::operator unsigned long long() const' into 'find_largest_component_ccl(ap_uint<1> const*, int, int)'
remark: hls_fajlovi/card_recognizer_dram_hls.cpp:174:36: Inlining function 'find_root(ap_uint<8> const*, ap_uint<8>)' into 'find_largest_component_ccl(ap_uint<1> const*, int, int)'
remark: hls_fajlovi/card_recognizer_dram_hls.cpp:173:28: Inlining function 'bool operator!=<8, false>(ap_int_base<8, false> const&, int)' into 'find_largest_component_ccl(ap_uint<1> const*, int, int)'
remark: hls_fajlovi/card_recognizer_dram_hls.cpp:169:27: Inlining function 'ap_int_base<8, false>::operator unsigned long long() const' into 'find_largest_component_ccl(ap_uint<1> const*, int, int)'
remark: hls_fajlovi/card_recognizer_dram_hls.cpp:168:27: Inlining function 'ap_int_base<8, false>::operator unsigned long long() const' into 'find_largest_component_ccl(ap_uint<1> const*, int, int)'
remark: hls_fajlovi/card_recognizer_dram_hls.cpp:167:27: Inlining function 'ap_int_base<8, false>::operator unsigned long long() const' into 'find_largest_component_ccl(ap_uint<1> const*, int, int)'
remark: hls_fajlovi/card_recognizer_dram_hls.cpp:166:27: Inlining function 'ap_int_base<8, false>::operator unsigned long long() const' into 'find_largest_component_ccl(ap_uint<1> const*, int, int)'
remark: hls_fajlovi/card_recognizer_dram_hls.cpp:165:27: Inlining function 'ap_int_base<8, false>::operator unsigned long long() const' into 'find_largest_component_ccl(ap_uint<1> const*, int, int)'
remark: hls_fajlovi/card_recognizer_dram_hls.cpp:164:28: Inlining function 'ap_int_base<8, false>::operator unsigned long long() const' into 'find_largest_component_ccl(ap_uint<1> const*, int, int)'
remark: hls_fajlovi/card_recognizer_dram_hls.cpp:162:28: Inlining function 'bool operator==<8, false>(ap_int_base<8, false> const&, int)' into 'find_largest_component_ccl(ap_uint<1> const*, int, int)'
remark: hls_fajlovi/card_recognizer_dram_hls.cpp:157:25: Inlining function 'merge_components(ap_uint<8>*, ap_uint<8>*, ap_uint<8>*, ap_uint<8>*, ap_uint<8>*, unsigned int*, ap_uint<8>, ap_uint<8>)' into 'find_largest_component_ccl(ap_uint<1> const*, int, int)'
remark: hls_fajlovi/card_recognizer_dram_hls.cpp:156:48: Inlining function 'bool ap_int_base<8, false>::operator<<8, false>(ap_int_base<8, false> const&) const' into 'find_largest_component_ccl(ap_uint<1> const*, int, int)'
remark: hls_fajlovi/card_recognizer_dram_hls.cpp:155:48: Inlining function 'bool ap_int_base<8, false>::operator<<8, false>(ap_int_base<8, false> const&) const' into 'find_largest_component_ccl(ap_uint<1> const*, int, int)'
remark: hls_fajlovi/card_recognizer_dram_hls.cpp:154:39: Inlining function 'bool ap_int_base<8, false>::operator!=<8, false>(ap_int_base<8, false> const&) const' into 'find_largest_component_ccl(ap_uint<1> const*, int, int)'
remark: hls_fajlovi/card_recognizer_dram_hls.cpp:152:32: Inlining function 'bool operator==<8, false>(ap_int_base<8, false> const&, int)' into 'find_largest_component_ccl(ap_uint<1> const*, int, int)'
remark: hls_fajlovi/card_recognizer_dram_hls.cpp:151:39: Inlining function 'find_root(ap_uint<8> const*, ap_uint<8>)' into 'find_largest_component_ccl(ap_uint<1> const*, int, int)'
remark: hls_fajlovi/card_recognizer_dram_hls.cpp:150:24: Inlining function 'bool operator!=<8, false>(ap_int_base<8, false> const&, int)' into 'find_largest_component_ccl(ap_uint<1> const*, int, int)'
remark: hls_fajlovi/card_recognizer_dram_hls.cpp:147:30: Inlining function 'find_root(ap_uint<8> const*, ap_uint<8>)' into 'find_largest_component_ccl(ap_uint<1> const*, int, int)'
remark: hls_fajlovi/card_recognizer_dram_hls.cpp:146:26: Inlining function 'bool operator!=<8, false>(ap_int_base<8, false> const&, int)' into 'find_largest_component_ccl(ap_uint<1> const*, int, int)'
remark: hls_fajlovi/card_recognizer_dram_hls.cpp:141:17: Inlining function 'ap_int_base<1, false>::operator unsigned long long() const' into 'find_largest_component_ccl(ap_uint<1> const*, int, int)'
remark: hls_fajlovi/card_recognizer_dram_hls.cpp:226:9: Inlining function 'ap_int_base<1, false>::operator!() const' into 'analyze_top_left_roi(ap_uint<1> const*, BBox, int)'
remark: hls_fajlovi/card_recognizer_dram_hls.cpp:254:21: Inlining function 'ap_int_base<1, false>::operator unsigned long long() const' into 'analyze_top_left_roi(ap_uint<1> const*, BBox, int)'
remark: hls_fajlovi/card_recognizer_dram_hls.cpp:239:14: Inlining function 'ap_int_base<8, false>::operator unsigned long long() const' into 'analyze_top_left_roi(ap_uint<1> const*, BBox, int)'
remark: hls_fajlovi/card_recognizer_dram_hls.cpp:238:14: Inlining function 'ap_int_base<8, false>::operator unsigned long long() const' into 'analyze_top_left_roi(ap_uint<1> const*, BBox, int)'
remark: hls_fajlovi/card_recognizer_dram_hls.cpp:231:44: Inlining function 'ap_int_base<8, false>::operator unsigned long long() const' into 'analyze_top_left_roi(ap_uint<1> const*, BBox, int)'
remark: hls_fajlovi/card_recognizer_dram_hls.cpp:231:22: Inlining function 'ap_int_base<8, false>::operator unsigned long long() const' into 'analyze_top_left_roi(ap_uint<1> const*, BBox, int)'
remark: hls_fajlovi/card_recognizer_dram_hls.cpp:230:44: Inlining function 'ap_int_base<8, false>::operator unsigned long long() const' into 'analyze_top_left_roi(ap_uint<1> const*, BBox, int)'
remark: hls_fajlovi/card_recognizer_dram_hls.cpp:230:22: Inlining function 'ap_int_base<8, false>::operator unsigned long long() const' into 'analyze_top_left_roi(ap_uint<1> const*, BBox, int)'
remark: hls_fajlovi/card_recognizer_dram_hls.cpp:270:0: Inlining function 'to_grayscale(ap_uint<24> const*, ap_uint<8>*, int, int)' into 'card_recognizer_hw(ap_uint<24>*, unsigned int*, unsigned int*, int, int)'
remark: hls_fajlovi/card_recognizer_dram_hls.cpp:270:0: Inlining function 'binarize(ap_uint<8> const*, ap_uint<1>*, int, int)' into 'card_recognizer_hw(ap_uint<24>*, unsigned int*, unsigned int*, int, int)'
remark: hls_fajlovi/card_recognizer_dram_hls.cpp:270:0: Inlining function 'analyze_top_left_roi(ap_uint<1> const*, BBox, int)' into 'card_recognizer_hw(ap_uint<24>*, unsigned int*, unsigned int*, int, int)'
remark: hls_fajlovi/card_recognizer_dram_hls.cpp:92:13: Applying array_partition to 'prev_label': Cyclic partitioning with factor 2 on dimension 1.
remark: hls_fajlovi/card_recognizer_dram_hls.cpp:93:13: Applying array_partition to 'curr_label': Cyclic partitioning with factor 2 on dimension 1.
