

================================================================
== Vitis HLS Report for 'card_recognizer_hw_Pipeline_GRAYSCALE_LOOP'
================================================================
* Date:           Wed Jul 15 18:02:24 2026

* Version:        2022.2 (Build 3670227 on Oct 13 2022)
* Project:        card_recognizer_dram_hls
* Solution:       solution1 (Vivado IP Flow Target)
* Product family: zynq
* Target device:  xc7z010i-clg225-1L


================================================================
== Performance Estimates
================================================================
+ Timing: 
    * Summary: 
    +--------+----------+----------+------------+
    |  Clock |  Target  | Estimated| Uncertainty|
    +--------+----------+----------+------------+
    |ap_clk  |  10.00 ns|  6.270 ns|     2.70 ns|
    +--------+----------+----------+------------+

+ Latency: 
    * Summary: 
    +---------+---------+----------+----------+-------+-------+---------+
    |  Latency (cycles) |  Latency (absolute) |    Interval   | Pipeline|
    |   min   |   max   |    min   |    max   |  min  |  max  |   Type  |
    +---------+---------+----------+----------+-------+-------+---------+
    |    19206|    19206|  0.192 ms|  0.192 ms|  19206|  19206|       no|
    +---------+---------+----------+----------+-------+-------+---------+

    + Detail: 
        * Instance: 
        N/A

        * Loop: 
        +------------------+---------+---------+----------+-----------+-----------+-------+----------+
        |                  |  Latency (cycles) | Iteration|  Initiation Interval  |  Trip |          |
        |     Loop Name    |   min   |   max   |  Latency |  achieved |   target  | Count | Pipelined|
        +------------------+---------+---------+----------+-----------+-----------+-------+----------+
        |- GRAYSCALE_LOOP  |    19204|    19204|         6|          1|          1|  19200|       yes|
        +------------------+---------+---------+----------+-----------+-----------+-------+----------+

============================================================
+ Verbose Summary: Synthesis Manager
============================================================
InlineROM: 1
ExposeGlobal: 0
============================================================
+ Verbose Summary: CDFG Model
============================================================
IsTopModel: 0
ResetActiveHigh: 1
IsCombinational: 0
IsDatapathOnly: 0
HasWiredReturn: 1
HasMFsm: 2
HasVarLatency: 1
IsPipeline: 0
IsRtlPipelined: 0
IsInstanceOverlapped: 0
IsDontTouch: 0
HasImplIP: 0
IsGatedGlobalClock: 0

+ Individual pipeline summary: 
  * Pipeline-0: initiation interval (II) = 1, depth = 6


============================================================
+ Verbose Summary: Schedule
============================================================
* Number of FSM states : 6
* Pipeline : 1
  Pipeline-0 : II = 1, D = 6, States = { 1 2 3 4 5 6 }
* Dataflow Pipeline: 0

* FSM state transitions: 
1 --> 2 
2 --> 3 
3 --> 4 
4 --> 5 
5 --> 6 
6 --> 

* FSM state operations: 

State 1 <SV = 0> <Delay = 4.05>
ST_1 : Operation 9 [1/1] (0.00ns)   --->   "%i = alloca i32 1"   --->   Operation 9 'alloca' 'i' <Predicate = true> <Delay = 0.00>
ST_1 : Operation 10 [1/1] (0.00ns)   --->   "%specmemcore_ln0 = specmemcore void @_ssdm_op_SpecMemCore, i8 %gray_V, i64 666, i64 22, i64 18446744073709551615"   --->   Operation 10 'specmemcore' 'specmemcore_ln0' <Predicate = true> <Delay = 0.00>
ST_1 : Operation 11 [1/1] (0.00ns)   --->   "%specmemcore_ln0 = specmemcore void @_ssdm_op_SpecMemCore, i24 %input_rgb, i64 666, i64 208, i64 1"   --->   Operation 11 'specmemcore' 'specmemcore_ln0' <Predicate = true> <Delay = 0.00>
ST_1 : Operation 12 [1/1] (0.00ns)   --->   "%specinterface_ln0 = specinterface void @_ssdm_op_SpecInterface, i24 %input_rgb, void @empty, i32 0, i32 0, void @empty_0, i32 1, i32 0, void @empty_0, void @empty_0, void @empty_0, i32 0, i32 0, i32 0, i32 0, void @empty_0, void @empty_0, i32 4294967295, i32 0"   --->   Operation 12 'specinterface' 'specinterface_ln0' <Predicate = true> <Delay = 0.00>
ST_1 : Operation 13 [1/1] (0.00ns)   --->   "%trunc_ln_read = read i31 @_ssdm_op_Read.ap_auto.i31, i31 %trunc_ln"   --->   Operation 13 'read' 'trunc_ln_read' <Predicate = true> <Delay = 0.00>
ST_1 : Operation 14 [1/1] (1.58ns)   --->   "%store_ln0 = store i15 0, i15 %i"   --->   Operation 14 'store' 'store_ln0' <Predicate = true> <Delay = 1.58>
ST_1 : Operation 15 [1/1] (0.00ns)   --->   "%br_ln0 = br void %for.inc.i"   --->   Operation 15 'br' 'br_ln0' <Predicate = true> <Delay = 0.00>
ST_1 : Operation 16 [1/1] (0.00ns)   --->   "%i_3 = load i15 %i" [hls_fajlovi/card_recognizer_dram_hls.cpp:33]   --->   Operation 16 'load' 'i_3' <Predicate = true> <Delay = 0.00>
ST_1 : Operation 17 [1/1] (0.00ns)   --->   "%zext_ln33_1 = zext i15 %i_3" [hls_fajlovi/card_recognizer_dram_hls.cpp:33]   --->   Operation 17 'zext' 'zext_ln33_1' <Predicate = true> <Delay = 0.00>
ST_1 : Operation 18 [1/1] (2.47ns)   --->   "%icmp_ln33 = icmp_eq  i31 %zext_ln33_1, i31 %trunc_ln_read" [hls_fajlovi/card_recognizer_dram_hls.cpp:33]   --->   Operation 18 'icmp' 'icmp_ln33' <Predicate = true> <Delay = 2.47> <CoreInst = "Cmp">   --->   Core 9 'Cmp' <Latency = 0> <II = 1> <Delay = 2.47> <FuncUnit> <Opcode : 'icmp'> <InPorts = 2> <OutPorts = 1>
ST_1 : Operation 19 [1/1] (1.94ns)   --->   "%add_ln33 = add i15 %i_3, i15 1" [hls_fajlovi/card_recognizer_dram_hls.cpp:33]   --->   Operation 19 'add' 'add_ln33' <Predicate = true> <Delay = 1.94> <CoreInst = "Adder">   --->   Core 1 'Adder' <Latency = 0> <II = 1> <Delay = 1.94> <FuncUnit> <Opcode : 'add' 'sub'> <InPorts = 2> <OutPorts = 1>
ST_1 : Operation 20 [1/1] (0.00ns)   --->   "%br_ln33 = br i1 %icmp_ln33, void %for.inc.i.split, void %for.inc.i6.preheader.exitStub" [hls_fajlovi/card_recognizer_dram_hls.cpp:33]   --->   Operation 20 'br' 'br_ln33' <Predicate = true> <Delay = 0.00>
ST_1 : Operation 21 [1/1] (0.00ns)   --->   "%zext_ln33 = zext i15 %i_3" [hls_fajlovi/card_recognizer_dram_hls.cpp:33]   --->   Operation 21 'zext' 'zext_ln33' <Predicate = (!icmp_ln33)> <Delay = 0.00>
ST_1 : Operation 22 [1/1] (0.00ns)   --->   "%input_rgb_addr = getelementptr i24 %input_rgb, i64 0, i64 %zext_ln33" [hls_fajlovi/card_recognizer_dram_hls.cpp:36]   --->   Operation 22 'getelementptr' 'input_rgb_addr' <Predicate = (!icmp_ln33)> <Delay = 0.00>
ST_1 : Operation 23 [2/2] (3.25ns)   --->   "%pix_V = load i15 %input_rgb_addr" [hls_fajlovi/card_recognizer_dram_hls.cpp:36]   --->   Operation 23 'load' 'pix_V' <Predicate = (!icmp_ln33)> <Delay = 3.25> <CoreInst = "RAM_2P">   --->   Core 89 'RAM_2P' <Latency = 1> <II = 1> <Delay = 3.25> <Storage> <Opcode : 'load' 'store'> <Ports = 2> <Width = 24> <Depth = 19200> <RAM>
ST_1 : Operation 24 [1/1] (1.58ns)   --->   "%store_ln33 = store i15 %add_ln33, i15 %i" [hls_fajlovi/card_recognizer_dram_hls.cpp:33]   --->   Operation 24 'store' 'store_ln33' <Predicate = (!icmp_ln33)> <Delay = 1.58>

State 2 <SV = 1> <Delay = 4.30>
ST_2 : Operation 25 [1/2] (3.25ns)   --->   "%pix_V = load i15 %input_rgb_addr" [hls_fajlovi/card_recognizer_dram_hls.cpp:36]   --->   Operation 25 'load' 'pix_V' <Predicate = true> <Delay = 3.25> <CoreInst = "RAM_2P">   --->   Core 89 'RAM_2P' <Latency = 1> <II = 1> <Delay = 3.25> <Storage> <Opcode : 'load' 'store'> <Ports = 2> <Width = 24> <Depth = 19200> <RAM>
ST_2 : Operation 26 [1/1] (0.00ns)   --->   "%r = trunc i24 %pix_V"   --->   Operation 26 'trunc' 'r' <Predicate = true> <Delay = 0.00>
ST_2 : Operation 27 [1/1] (0.00ns)   --->   "%g = partselect i8 @_ssdm_op_PartSelect.i8.i24.i32.i32, i24 %pix_V, i32 8, i32 15"   --->   Operation 27 'partselect' 'g' <Predicate = true> <Delay = 0.00>
ST_2 : Operation 28 [1/1] (0.00ns)   --->   "%b = partselect i8 @_ssdm_op_PartSelect.i8.i24.i32.i32, i24 %pix_V, i32 16, i32 23"   --->   Operation 28 'partselect' 'b' <Predicate = true> <Delay = 0.00>
ST_2 : Operation 29 [1/1] (0.00ns)   --->   "%zext_ln39 = zext i8 %b" [hls_fajlovi/card_recognizer_dram_hls.cpp:39]   --->   Operation 29 'zext' 'zext_ln39' <Predicate = true> <Delay = 0.00>
ST_2 : Operation 30 [3/3] (1.05ns) (grouped into DSP with root node add_ln40)   --->   "%mul_ln40_2 = mul i13 %zext_ln39, i13 29" [hls_fajlovi/card_recognizer_dram_hls.cpp:40]   --->   Operation 30 'mul' 'mul_ln40_2' <Predicate = true> <Delay = 1.05> <CoreInst = "DSP48">   --->   Core 119 'DSP48' <Latency = 3> <II = 1> <Delay = 2.15> <IPBlock> <Opcode : 'mul' 'add' 'sub' 'select'> <InPorts = 0> <OutPorts = 1> <Sync> <CReg>

State 3 <SV = 2> <Delay = 1.05>
ST_3 : Operation 31 [1/1] (0.00ns)   --->   "%zext_ln38 = zext i8 %g" [hls_fajlovi/card_recognizer_dram_hls.cpp:38]   --->   Operation 31 'zext' 'zext_ln38' <Predicate = true> <Delay = 0.00>
ST_3 : Operation 32 [3/3] (1.05ns) (grouped into DSP with root node add_ln40_1)   --->   "%mul_ln40_1 = mul i16 %zext_ln38, i16 150" [hls_fajlovi/card_recognizer_dram_hls.cpp:40]   --->   Operation 32 'mul' 'mul_ln40_1' <Predicate = true> <Delay = 1.05> <CoreInst = "DSP48">   --->   Core 119 'DSP48' <Latency = 3> <II = 1> <Delay = 2.15> <IPBlock> <Opcode : 'mul' 'add' 'sub' 'select'> <InPorts = 0> <OutPorts = 1> <Sync> <CReg>
ST_3 : Operation 33 [2/3] (1.05ns) (grouped into DSP with root node add_ln40)   --->   "%mul_ln40_2 = mul i13 %zext_ln39, i13 29" [hls_fajlovi/card_recognizer_dram_hls.cpp:40]   --->   Operation 33 'mul' 'mul_ln40_2' <Predicate = true> <Delay = 1.05> <CoreInst = "DSP48">   --->   Core 119 'DSP48' <Latency = 3> <II = 1> <Delay = 2.15> <IPBlock> <Opcode : 'mul' 'add' 'sub' 'select'> <InPorts = 0> <OutPorts = 1> <Sync> <CReg>

State 4 <SV = 3> <Delay = 6.27>
ST_4 : Operation 34 [1/1] (0.00ns)   --->   "%zext_ln37 = zext i8 %r" [hls_fajlovi/card_recognizer_dram_hls.cpp:37]   --->   Operation 34 'zext' 'zext_ln37' <Predicate = true> <Delay = 0.00>
ST_4 : Operation 35 [1/1] (4.17ns)   --->   "%mul_ln40 = mul i15 %zext_ln37, i15 77" [hls_fajlovi/card_recognizer_dram_hls.cpp:40]   --->   Operation 35 'mul' 'mul_ln40' <Predicate = true> <Delay = 4.17> <CoreInst = "Multiplier">   --->   Core 3 'Multiplier' <Latency = 0> <II = 1> <Delay = 4.17> <FuncUnit> <Opcode : 'mul'> <InPorts = 2> <OutPorts = 1>
ST_4 : Operation 36 [2/3] (1.05ns) (grouped into DSP with root node add_ln40_1)   --->   "%mul_ln40_1 = mul i16 %zext_ln38, i16 150" [hls_fajlovi/card_recognizer_dram_hls.cpp:40]   --->   Operation 36 'mul' 'mul_ln40_1' <Predicate = true> <Delay = 1.05> <CoreInst = "DSP48">   --->   Core 119 'DSP48' <Latency = 3> <II = 1> <Delay = 2.15> <IPBlock> <Opcode : 'mul' 'add' 'sub' 'select'> <InPorts = 0> <OutPorts = 1> <Sync> <CReg>
ST_4 : Operation 37 [1/3] (0.00ns) (grouped into DSP with root node add_ln40)   --->   "%mul_ln40_2 = mul i13 %zext_ln39, i13 29" [hls_fajlovi/card_recognizer_dram_hls.cpp:40]   --->   Operation 37 'mul' 'mul_ln40_2' <Predicate = true> <Delay = 0.00> <CoreInst = "DSP48">   --->   Core 119 'DSP48' <Latency = 3> <II = 1> <Delay = 2.15> <IPBlock> <Opcode : 'mul' 'add' 'sub' 'select'> <InPorts = 0> <OutPorts = 1> <Sync> <CReg>
ST_4 : Operation 38 [1/1] (0.00ns) (grouped into DSP with root node add_ln40)   --->   "%zext_ln40 = zext i13 %mul_ln40_2" [hls_fajlovi/card_recognizer_dram_hls.cpp:40]   --->   Operation 38 'zext' 'zext_ln40' <Predicate = true> <Delay = 0.00>
ST_4 : Operation 39 [2/2] (2.10ns) (root node of the DSP)   --->   "%add_ln40 = add i15 %mul_ln40, i15 %zext_ln40" [hls_fajlovi/card_recognizer_dram_hls.cpp:40]   --->   Operation 39 'add' 'add_ln40' <Predicate = true> <Delay = 2.10> <CoreInst = "DSP48">   --->   Core 119 'DSP48' <Latency = 3> <II = 1> <Delay = 2.15> <IPBlock> <Opcode : 'mul' 'add' 'sub' 'select'> <InPorts = 0> <OutPorts = 1> <Sync> <CReg>

State 5 <SV = 4> <Delay = 4.20>
ST_5 : Operation 40 [1/3] (0.00ns) (grouped into DSP with root node add_ln40_1)   --->   "%mul_ln40_1 = mul i16 %zext_ln38, i16 150" [hls_fajlovi/card_recognizer_dram_hls.cpp:40]   --->   Operation 40 'mul' 'mul_ln40_1' <Predicate = true> <Delay = 0.00> <CoreInst = "DSP48">   --->   Core 119 'DSP48' <Latency = 3> <II = 1> <Delay = 2.15> <IPBlock> <Opcode : 'mul' 'add' 'sub' 'select'> <InPorts = 0> <OutPorts = 1> <Sync> <CReg>
ST_5 : Operation 41 [1/2] (2.10ns) (root node of the DSP)   --->   "%add_ln40 = add i15 %mul_ln40, i15 %zext_ln40" [hls_fajlovi/card_recognizer_dram_hls.cpp:40]   --->   Operation 41 'add' 'add_ln40' <Predicate = true> <Delay = 2.10> <CoreInst = "DSP48">   --->   Core 119 'DSP48' <Latency = 3> <II = 1> <Delay = 2.15> <IPBlock> <Opcode : 'mul' 'add' 'sub' 'select'> <InPorts = 0> <OutPorts = 1> <Sync> <CReg>
ST_5 : Operation 42 [1/1] (0.00ns)   --->   "%zext_ln40_1 = zext i15 %add_ln40" [hls_fajlovi/card_recognizer_dram_hls.cpp:40]   --->   Operation 42 'zext' 'zext_ln40_1' <Predicate = true> <Delay = 0.00>
ST_5 : Operation 43 [2/2] (2.10ns) (root node of the DSP)   --->   "%add_ln40_1 = add i16 %zext_ln40_1, i16 %mul_ln40_1" [hls_fajlovi/card_recognizer_dram_hls.cpp:40]   --->   Operation 43 'add' 'add_ln40_1' <Predicate = true> <Delay = 2.10> <CoreInst = "DSP48">   --->   Core 119 'DSP48' <Latency = 3> <II = 1> <Delay = 2.15> <IPBlock> <Opcode : 'mul' 'add' 'sub' 'select'> <InPorts = 0> <OutPorts = 1> <Sync> <CReg>
ST_5 : Operation 52 [1/1] (0.00ns)   --->   "%ret_ln0 = ret"   --->   Operation 52 'ret' 'ret_ln0' <Predicate = (icmp_ln33)> <Delay = 0.00>

State 6 <SV = 5> <Delay = 5.35>
ST_6 : Operation 44 [1/1] (0.00ns)   --->   "%specpipeline_ln35 = specpipeline void @_ssdm_op_SpecPipeline, i32 1, i32 0, i32 0, i32 0, void @empty_0" [hls_fajlovi/card_recognizer_dram_hls.cpp:35]   --->   Operation 44 'specpipeline' 'specpipeline_ln35' <Predicate = true> <Delay = 0.00>
ST_6 : Operation 45 [1/1] (0.00ns)   --->   "%speclooptripcount_ln34 = speclooptripcount void @_ssdm_op_SpecLoopTripCount, i64 19200, i64 19200, i64 19200" [hls_fajlovi/card_recognizer_dram_hls.cpp:34]   --->   Operation 45 'speclooptripcount' 'speclooptripcount_ln34' <Predicate = true> <Delay = 0.00>
ST_6 : Operation 46 [1/1] (0.00ns)   --->   "%specloopname_ln33 = specloopname void @_ssdm_op_SpecLoopName, void @empty_18" [hls_fajlovi/card_recognizer_dram_hls.cpp:33]   --->   Operation 46 'specloopname' 'specloopname_ln33' <Predicate = true> <Delay = 0.00>
ST_6 : Operation 47 [1/2] (2.10ns) (root node of the DSP)   --->   "%add_ln40_1 = add i16 %zext_ln40_1, i16 %mul_ln40_1" [hls_fajlovi/card_recognizer_dram_hls.cpp:40]   --->   Operation 47 'add' 'add_ln40_1' <Predicate = true> <Delay = 2.10> <CoreInst = "DSP48">   --->   Core 119 'DSP48' <Latency = 3> <II = 1> <Delay = 2.15> <IPBlock> <Opcode : 'mul' 'add' 'sub' 'select'> <InPorts = 0> <OutPorts = 1> <Sync> <CReg>
ST_6 : Operation 48 [1/1] (0.00ns)   --->   "%trunc_ln6 = partselect i8 @_ssdm_op_PartSelect.i8.i16.i32.i32, i16 %add_ln40_1, i32 8, i32 15"   --->   Operation 48 'partselect' 'trunc_ln6' <Predicate = true> <Delay = 0.00>
ST_6 : Operation 49 [1/1] (0.00ns)   --->   "%gray_V_addr = getelementptr i8 %gray_V, i64 0, i64 %zext_ln33" [hls_fajlovi/card_recognizer_dram_hls.cpp:40]   --->   Operation 49 'getelementptr' 'gray_V_addr' <Predicate = true> <Delay = 0.00>
ST_6 : Operation 50 [1/1] (3.25ns)   --->   "%store_ln40 = store i8 %trunc_ln6, i15 %gray_V_addr" [hls_fajlovi/card_recognizer_dram_hls.cpp:40]   --->   Operation 50 'store' 'store_ln40' <Predicate = true> <Delay = 3.25> <CoreInst = "RAM_2P_BRAM">   --->   Core 91 'RAM_2P_BRAM' <Latency = 1> <II = 1> <Delay = 3.25> <Storage> <Opcode : 'load' 'store'> <Ports = 2> <Width = 8> <Depth = 19200> <RAM>
ST_6 : Operation 51 [1/1] (0.00ns)   --->   "%br_ln33 = br void %for.inc.i" [hls_fajlovi/card_recognizer_dram_hls.cpp:33]   --->   Operation 51 'br' 'br_ln33' <Predicate = true> <Delay = 0.00>


============================================================
+ Verbose Summary: Timing violations
============================================================
Target clock period: 10ns, clock uncertainty: 2.7ns.

 <State 1>: 4.06ns
The critical path consists of the following:
	'alloca' operation ('i') [4]  (0 ns)
	'load' operation ('i', hls_fajlovi/card_recognizer_dram_hls.cpp:33) on local variable 'i' [12]  (0 ns)
	'add' operation ('add_ln33', hls_fajlovi/card_recognizer_dram_hls.cpp:33) [15]  (1.94 ns)
	'store' operation ('store_ln33', hls_fajlovi/card_recognizer_dram_hls.cpp:33) of variable 'add_ln33', hls_fajlovi/card_recognizer_dram_hls.cpp:33 on local variable 'i' [40]  (1.59 ns)
	blocking operation 0.526 ns on control path)

 <State 2>: 4.3ns
The critical path consists of the following:
	'load' operation ('pix.V', hls_fajlovi/card_recognizer_dram_hls.cpp:36) on array 'input_rgb' [23]  (3.25 ns)
	'mul' operation of DSP[34] ('mul_ln40_2', hls_fajlovi/card_recognizer_dram_hls.cpp:40) [32]  (1.05 ns)

 <State 3>: 1.05ns
The critical path consists of the following:
	'mul' operation of DSP[36] ('mul_ln40_1', hls_fajlovi/card_recognizer_dram_hls.cpp:40) [31]  (1.05 ns)

 <State 4>: 6.27ns
The critical path consists of the following:
	'mul' operation ('mul_ln40', hls_fajlovi/card_recognizer_dram_hls.cpp:40) [30]  (4.17 ns)
	'add' operation of DSP[34] ('add_ln40', hls_fajlovi/card_recognizer_dram_hls.cpp:40) [34]  (2.1 ns)

 <State 5>: 4.2ns
The critical path consists of the following:
	'add' operation of DSP[34] ('add_ln40', hls_fajlovi/card_recognizer_dram_hls.cpp:40) [34]  (2.1 ns)
	'add' operation of DSP[36] ('add_ln40_1', hls_fajlovi/card_recognizer_dram_hls.cpp:40) [36]  (2.1 ns)

 <State 6>: 5.35ns
The critical path consists of the following:
	'add' operation of DSP[36] ('add_ln40_1', hls_fajlovi/card_recognizer_dram_hls.cpp:40) [36]  (2.1 ns)
	'store' operation ('store_ln40', hls_fajlovi/card_recognizer_dram_hls.cpp:40) of variable 'trunc_ln6' on array 'gray_V' [39]  (3.25 ns)


============================================================
+ Verbose Summary: Binding
============================================================
N/A
* FSMD analyzer results:
  - Output states:
 - Input state : 
  - Chain level:
	State 1
	State 2
	State 3
	State 4
	State 5
	State 6


============================================================
+ Verbose Summary: Datapath Resource usage 
============================================================
N/A
