

================================================================
== Vitis HLS Report for 'card_recognizer_hw_Pipeline_BINARIZE_LOOP'
================================================================
* Date:           Wed Jul 15 18:02:29 2026

* Version:        2022.2 (Build 3670227 on Oct 13 2022)
* Project:        card_recognizer_dram_hls
* Solution:       solution1 (Vivado IP Flow Target)
* Product family: zynq
* Target device:  xc7z010i-clg225-1L


================================================================
== Performance Estimates
================================================================
+ Timing: 
    * Summary: 
    +--------+----------+----------+------------+
    |  Clock |  Target  | Estimated| Uncertainty|
    +--------+----------+----------+------------+
    |ap_clk  |  10.00 ns|  4.805 ns|     2.70 ns|
    +--------+----------+----------+------------+

+ Latency: 
    * Summary: 
    +---------+---------+----------+----------+-------+-------+---------+
    |  Latency (cycles) |  Latency (absolute) |    Interval   | Pipeline|
    |   min   |   max   |    min   |    max   |  min  |  max  |   Type  |
    +---------+---------+----------+----------+-------+-------+---------+
    |    19203|    19203|  0.192 ms|  0.192 ms|  19203|  19203|       no|
    +---------+---------+----------+----------+-------+-------+---------+

    + Detail: 
        * Instance: 
        N/A

        * Loop: 
        +-----------------+---------+---------+----------+-----------+-----------+-------+----------+
        |                 |  Latency (cycles) | Iteration|  Initiation Interval  |  Trip |          |
        |    Loop Name    |   min   |   max   |  Latency |  achieved |   target  | Count | Pipelined|
        +-----------------+---------+---------+----------+-----------+-----------+-------+----------+
        |- BINARIZE_LOOP  |    19201|    19201|         3|          1|          1|  19200|       yes|
        +-----------------+---------+---------+----------+-----------+-----------+-------+----------+



================================================================
== Utilization Estimates
================================================================
* Summary: 
+-----------------+---------+----+-------+-------+-----+
|       Name      | BRAM_18K| DSP|   FF  |  LUT  | URAM|
+-----------------+---------+----+-------+-------+-----+
|DSP              |        -|   -|      -|      -|    -|
|Expression       |        -|   -|      0|     50|    -|
|FIFO             |        -|   -|      -|      -|    -|
|Instance         |        -|   -|      -|      -|    -|
|Memory           |        -|   -|      -|      -|    -|
|Multiplexer      |        -|   -|      -|     36|    -|
|Register         |        -|   -|     51|      -|    -|
+-----------------+---------+----+-------+-------+-----+
|Total            |        0|   0|     51|     86|    0|
+-----------------+---------+----+-------+-------+-----+
|Available        |      120|  80|  35200|  17600|    0|
+-----------------+---------+----+-------+-------+-----+
|Utilization (%)  |        0|   0|     ~0|     ~0|    0|
+-----------------+---------+----+-------+-------+-----+

+ Detail: 
    * Instance: 
    N/A

    * DSP: 
    N/A

    * Memory: 
    N/A

    * FIFO: 
    N/A

    * Expression: 
    +-----------------------+----------+----+---+----+------------+------------+
    |     Variable Name     | Operation| DSP| FF| LUT| Bitwidth P0| Bitwidth P1|
    +-----------------------+----------+----+---+----+------------+------------+
    |add_ln50_fu_98_p2      |         +|   0|  0|  20|          15|           1|
    |icmp_ln1035_fu_114_p2  |      icmp|   0|  0|  11|           8|           7|
    |icmp_ln50_fu_92_p2     |      icmp|   0|  0|  17|          31|          31|
    |ap_enable_pp0          |       xor|   0|  0|   2|           1|           2|
    +-----------------------+----------+----+---+----+------------+------------+
    |Total                  |          |   0|  0|  50|          55|          41|
    +-----------------------+----------+----+---+----+------------+------------+

    * Multiplexer: 
    +-------------------------+----+-----------+-----+-----------+
    |           Name          | LUT| Input Size| Bits| Total Bits|
    +-------------------------+----+-----------+-----+-----------+
    |ap_done_int              |   9|          2|    1|          2|
    |ap_enable_reg_pp0_iter1  |   9|          2|    1|          2|
    |ap_sig_allocacmp_i       |   9|          2|   15|         30|
    |i_3_fu_40                |   9|          2|   15|         30|
    +-------------------------+----+-----------+-----+-----------+
    |Total                    |  36|          8|   32|         64|
    +-------------------------+----+-----------+-----+-----------+

    * Register: 
    +----------------------------------+----+----+-----+-----------+
    |               Name               | FF | LUT| Bits| Const Bits|
    +----------------------------------+----+----+-----+-----------+
    |ap_CS_fsm                         |   1|   0|    1|          0|
    |ap_done_reg                       |   1|   0|    1|          0|
    |ap_enable_reg_pp0_iter1           |   1|   0|    1|          0|
    |ap_enable_reg_pp0_iter2           |   1|   0|    1|          0|
    |ap_loop_exit_ready_pp0_iter1_reg  |   1|   0|    1|          0|
    |i_3_fu_40                         |  15|   0|   15|          0|
    |icmp_ln1035_reg_141               |   1|   0|    1|          0|
    |zext_ln50_reg_131                 |  15|   0|   64|         49|
    |zext_ln50_reg_131_pp0_iter1_reg   |  15|   0|   64|         49|
    +----------------------------------+----+----+-----+-----------+
    |Total                             |  51|   0|  149|         98|
    +----------------------------------+----+----+-----+-----------+



================================================================
== Interface
================================================================
* Summary: 
+-------------------+-----+-----+------------+-------------------------------------------+--------------+
|     RTL Ports     | Dir | Bits|  Protocol  |               Source Object               |    C Type    |
+-------------------+-----+-----+------------+-------------------------------------------+--------------+
|ap_clk             |   in|    1|  ap_ctrl_hs|  card_recognizer_hw_Pipeline_BINARIZE_LOOP|  return value|
|ap_rst             |   in|    1|  ap_ctrl_hs|  card_recognizer_hw_Pipeline_BINARIZE_LOOP|  return value|
|ap_start           |   in|    1|  ap_ctrl_hs|  card_recognizer_hw_Pipeline_BINARIZE_LOOP|  return value|
|ap_done            |  out|    1|  ap_ctrl_hs|  card_recognizer_hw_Pipeline_BINARIZE_LOOP|  return value|
|ap_idle            |  out|    1|  ap_ctrl_hs|  card_recognizer_hw_Pipeline_BINARIZE_LOOP|  return value|
|ap_ready           |  out|    1|  ap_ctrl_hs|  card_recognizer_hw_Pipeline_BINARIZE_LOOP|  return value|
|trunc_ln           |   in|   31|     ap_none|                                   trunc_ln|        scalar|
|gray_V_address0    |  out|   15|   ap_memory|                                     gray_V|         array|
|gray_V_ce0         |  out|    1|   ap_memory|                                     gray_V|         array|
|gray_V_q0          |   in|    8|   ap_memory|                                     gray_V|         array|
|binary_V_address1  |  out|   15|   ap_memory|                                   binary_V|         array|
|binary_V_ce1       |  out|    1|   ap_memory|                                   binary_V|         array|
|binary_V_we1       |  out|    1|   ap_memory|                                   binary_V|         array|
|binary_V_d1        |  out|    1|   ap_memory|                                   binary_V|         array|
+-------------------+-----+-----+------------+-------------------------------------------+--------------+

============================================================
+ Verbose Summary: Synthesis Manager
============================================================
InlineROM: 1
ExposeGlobal: 0
============================================================
+ Verbose Summary: CDFG Model
============================================================
IsTopModel: 0
ResetActiveHigh: 1
IsCombinational: 2
IsDatapathOnly: 2
HasWiredReturn: 1
HasMFsm: 2
HasVarLatency: 1
IsPipeline: 0
IsRtlPipelined: 0
IsInstanceOverlapped: 0
IsDontTouch: 0
HasImplIP: 0
IsGatedGlobalClock: 0

+ Individual pipeline summary: 
  * Pipeline-0: initiation interval (II) = 1, depth = 3


============================================================
+ Verbose Summary: Schedule
============================================================
* Number of FSM states : 3
* Pipeline : 1
  Pipeline-0 : II = 1, D = 3, States = { 1 2 3 }
* Dataflow Pipeline: 0

* FSM state transitions: 
1 --> 2 
2 --> 3 
3 --> 

* FSM state operations: 

State 1 <SV = 0> <Delay = 4.05>
ST_1 : Operation 6 [1/1] (0.00ns)   --->   "%i_3 = alloca i32 1"   --->   Operation 6 'alloca' 'i_3' <Predicate = true> <Delay = 0.00>
ST_1 : Operation 7 [1/1] (0.00ns)   --->   "%specmemcore_ln0 = specmemcore void @_ssdm_op_SpecMemCore, i1 %binary_V, i64 666, i64 22, i64 18446744073709551615"   --->   Operation 7 'specmemcore' 'specmemcore_ln0' <Predicate = true> <Delay = 0.00>
ST_1 : Operation 8 [1/1] (0.00ns)   --->   "%specmemcore_ln0 = specmemcore void @_ssdm_op_SpecMemCore, i8 %gray_V, i64 666, i64 22, i64 18446744073709551615"   --->   Operation 8 'specmemcore' 'specmemcore_ln0' <Predicate = true> <Delay = 0.00>
ST_1 : Operation 9 [1/1] (0.00ns)   --->   "%trunc_ln_read = read i31 @_ssdm_op_Read.ap_auto.i31, i31 %trunc_ln"   --->   Operation 9 'read' 'trunc_ln_read' <Predicate = true> <Delay = 0.00>
ST_1 : Operation 10 [1/1] (1.58ns)   --->   "%store_ln0 = store i15 0, i15 %i_3"   --->   Operation 10 'store' 'store_ln0' <Predicate = true> <Delay = 1.58>
ST_1 : Operation 11 [1/1] (0.00ns)   --->   "%br_ln0 = br void %for.inc.i6"   --->   Operation 11 'br' 'br_ln0' <Predicate = true> <Delay = 0.00>
ST_1 : Operation 12 [1/1] (0.00ns)   --->   "%i = load i15 %i_3" [hls_fajlovi/card_recognizer_dram_hls.cpp:50]   --->   Operation 12 'load' 'i' <Predicate = true> <Delay = 0.00>
ST_1 : Operation 13 [1/1] (0.00ns)   --->   "%zext_ln50_1 = zext i15 %i" [hls_fajlovi/card_recognizer_dram_hls.cpp:50]   --->   Operation 13 'zext' 'zext_ln50_1' <Predicate = true> <Delay = 0.00>
ST_1 : Operation 14 [1/1] (2.47ns)   --->   "%icmp_ln50 = icmp_eq  i31 %zext_ln50_1, i31 %trunc_ln_read" [hls_fajlovi/card_recognizer_dram_hls.cpp:50]   --->   Operation 14 'icmp' 'icmp_ln50' <Predicate = true> <Delay = 2.47> <CoreInst = "Cmp">   --->   Core 9 'Cmp' <Latency = 0> <II = 1> <Delay = 2.47> <FuncUnit> <Opcode : 'icmp'> <InPorts = 2> <OutPorts = 1>
ST_1 : Operation 15 [1/1] (1.94ns)   --->   "%add_ln50 = add i15 %i, i15 1" [hls_fajlovi/card_recognizer_dram_hls.cpp:50]   --->   Operation 15 'add' 'add_ln50' <Predicate = true> <Delay = 1.94> <CoreInst = "Adder">   --->   Core 1 'Adder' <Latency = 0> <II = 1> <Delay = 1.94> <FuncUnit> <Opcode : 'add' 'sub'> <InPorts = 2> <OutPorts = 1>
ST_1 : Operation 16 [1/1] (0.00ns)   --->   "%br_ln50 = br i1 %icmp_ln50, void %for.inc.i6.split, void %_Z8binarizePK7ap_uintILi8EEPS_ILi1EEii.exit.loopexit.exitStub" [hls_fajlovi/card_recognizer_dram_hls.cpp:50]   --->   Operation 16 'br' 'br_ln50' <Predicate = true> <Delay = 0.00>
ST_1 : Operation 17 [1/1] (0.00ns)   --->   "%zext_ln50 = zext i15 %i" [hls_fajlovi/card_recognizer_dram_hls.cpp:50]   --->   Operation 17 'zext' 'zext_ln50' <Predicate = (!icmp_ln50)> <Delay = 0.00>
ST_1 : Operation 18 [1/1] (0.00ns)   --->   "%gray_V_addr = getelementptr i8 %gray_V, i64 0, i64 %zext_ln50"   --->   Operation 18 'getelementptr' 'gray_V_addr' <Predicate = (!icmp_ln50)> <Delay = 0.00>
ST_1 : Operation 19 [2/2] (3.25ns)   --->   "%gray_V_load = load i15 %gray_V_addr"   --->   Operation 19 'load' 'gray_V_load' <Predicate = (!icmp_ln50)> <Delay = 3.25> <CoreInst = "RAM_2P_BRAM">   --->   Core 91 'RAM_2P_BRAM' <Latency = 1> <II = 1> <Delay = 3.25> <Storage> <Opcode : 'load' 'store'> <Ports = 2> <Width = 8> <Depth = 19200> <RAM>
ST_1 : Operation 20 [1/1] (1.58ns)   --->   "%store_ln50 = store i15 %add_ln50, i15 %i_3" [hls_fajlovi/card_recognizer_dram_hls.cpp:50]   --->   Operation 20 'store' 'store_ln50' <Predicate = (!icmp_ln50)> <Delay = 1.58>

State 2 <SV = 1> <Delay = 4.80>
ST_2 : Operation 21 [1/2] (3.25ns)   --->   "%gray_V_load = load i15 %gray_V_addr"   --->   Operation 21 'load' 'gray_V_load' <Predicate = true> <Delay = 3.25> <CoreInst = "RAM_2P_BRAM">   --->   Core 91 'RAM_2P_BRAM' <Latency = 1> <II = 1> <Delay = 3.25> <Storage> <Opcode : 'load' 'store'> <Ports = 2> <Width = 8> <Depth = 19200> <RAM>
ST_2 : Operation 22 [1/1] (1.55ns)   --->   "%icmp_ln1035 = icmp_ugt  i8 %gray_V_load, i8 120"   --->   Operation 22 'icmp' 'icmp_ln1035' <Predicate = true> <Delay = 1.55> <CoreInst = "Cmp">   --->   Core 9 'Cmp' <Latency = 0> <II = 1> <Delay = 1.55> <FuncUnit> <Opcode : 'icmp'> <InPorts = 2> <OutPorts = 1>
ST_2 : Operation 29 [1/1] (0.00ns)   --->   "%ret_ln0 = ret"   --->   Operation 29 'ret' 'ret_ln0' <Predicate = (icmp_ln50)> <Delay = 0.00>

State 3 <SV = 2> <Delay = 3.25>
ST_3 : Operation 23 [1/1] (0.00ns)   --->   "%specpipeline_ln52 = specpipeline void @_ssdm_op_SpecPipeline, i32 1, i32 0, i32 0, i32 0, void @empty_0" [hls_fajlovi/card_recognizer_dram_hls.cpp:52]   --->   Operation 23 'specpipeline' 'specpipeline_ln52' <Predicate = true> <Delay = 0.00>
ST_3 : Operation 24 [1/1] (0.00ns)   --->   "%speclooptripcount_ln51 = speclooptripcount void @_ssdm_op_SpecLoopTripCount, i64 19200, i64 19200, i64 19200" [hls_fajlovi/card_recognizer_dram_hls.cpp:51]   --->   Operation 24 'speclooptripcount' 'speclooptripcount_ln51' <Predicate = true> <Delay = 0.00>
ST_3 : Operation 25 [1/1] (0.00ns)   --->   "%specloopname_ln50 = specloopname void @_ssdm_op_SpecLoopName, void @empty_17" [hls_fajlovi/card_recognizer_dram_hls.cpp:50]   --->   Operation 25 'specloopname' 'specloopname_ln50' <Predicate = true> <Delay = 0.00>
ST_3 : Operation 26 [1/1] (0.00ns)   --->   "%binary_V_addr = getelementptr i1 %binary_V, i64 0, i64 %zext_ln50" [hls_fajlovi/card_recognizer_dram_hls.cpp:53]   --->   Operation 26 'getelementptr' 'binary_V_addr' <Predicate = true> <Delay = 0.00>
ST_3 : Operation 27 [1/1] (3.25ns)   --->   "%store_ln53 = store i1 %icmp_ln1035, i15 %binary_V_addr" [hls_fajlovi/card_recognizer_dram_hls.cpp:53]   --->   Operation 27 'store' 'store_ln53' <Predicate = true> <Delay = 3.25> <CoreInst = "RAM_2P_BRAM">   --->   Core 91 'RAM_2P_BRAM' <Latency = 1> <II = 1> <Delay = 3.25> <Storage> <Opcode : 'load' 'store'> <Ports = 2> <Width = 1> <Depth = 19200> <RAM>
ST_3 : Operation 28 [1/1] (0.00ns)   --->   "%br_ln50 = br void %for.inc.i6" [hls_fajlovi/card_recognizer_dram_hls.cpp:50]   --->   Operation 28 'br' 'br_ln50' <Predicate = true> <Delay = 0.00>


============================================================
+ Verbose Summary: Binding
============================================================
STG Binding: 
---------------- STG Properties BEGIN ----------------
- Is combinational: 0
- Is one-state seq: 0
- Is datapath-only: 0
- Is pipelined: 0
- Is top level: 0
Port [ Return ] is wired: 1; IO mode=ap_ctrl_hs:ce=0
Port [ trunc_ln]:  wired=1; compound=0; hidden=0; nouse=0; global=0; static=0; extern=0; dir=0; type=0; pingpong=0; private_global=0; IO mode=ap_none:ce=0
Port [ gray_V]:  wired=1; compound=1; hidden=0; nouse=0; global=1; static=1; extern=0; dir=0; type=1; pingpong=0; private_global=0; MemPort=[13]; IO mode=ap_memory:ce=0
Port [ binary_V]:  wired=1; compound=1; hidden=0; nouse=0; global=1; static=1; extern=0; dir=1; type=1; pingpong=0; private_global=0; MemPort=[30]; IO mode=ap_memory:ce=0
---------------- STG Properties END ------------------

---------------- Datapath Model BEGIN ----------------

<LifeTime>
<method=bitvector/>
i_3                    (alloca           ) [ 0100]
specmemcore_ln0        (specmemcore      ) [ 0000]
specmemcore_ln0        (specmemcore      ) [ 0000]
trunc_ln_read          (read             ) [ 0000]
store_ln0              (store            ) [ 0000]
br_ln0                 (br               ) [ 0000]
i                      (load             ) [ 0000]
zext_ln50_1            (zext             ) [ 0000]
icmp_ln50              (icmp             ) [ 0110]
add_ln50               (add              ) [ 0000]
br_ln50                (br               ) [ 0000]
zext_ln50              (zext             ) [ 0111]
gray_V_addr            (getelementptr    ) [ 0110]
store_ln50             (store            ) [ 0000]
gray_V_load            (load             ) [ 0000]
icmp_ln1035            (icmp             ) [ 0101]
specpipeline_ln52      (specpipeline     ) [ 0000]
speclooptripcount_ln51 (speclooptripcount) [ 0000]
specloopname_ln50      (specloopname     ) [ 0000]
binary_V_addr          (getelementptr    ) [ 0000]
store_ln53             (store            ) [ 0000]
br_ln50                (br               ) [ 0000]
ret_ln0                (ret              ) [ 0000]
</LifeTime>

<model>

<comp_list>
<comp id="0" class="1000" name="trunc_ln">
<pin_list>
<pin id="1" dir="1" index="0" bw="1" slack="0"/>
</pin_list>
<bind>
<StgValue><ssdm name="trunc_ln"/></StgValue>
</bind>
</comp>

<comp id="2" class="1000" name="gray_V">
<pin_list>
<pin id="3" dir="1" index="0" bw="1" slack="0"/>
</pin_list>
<bind>
<StgValue><ssdm name="gray_V"/><MemPortTyVec>1 3 </MemPortTyVec>
</StgValue>
</bind>
</comp>

<comp id="4" class="1000" name="binary_V">
<pin_list>
<pin id="5" dir="1" index="0" bw="1" slack="0"/>
</pin_list>
<bind>
<StgValue><ssdm name="binary_V"/><MemPortTyVec>3 0 </MemPortTyVec>
</StgValue>
</bind>
</comp>

<comp id="6" class="1001" name="const_6">
<pin_list>
<pin id="7" dir="1" index="0" bw="1" slack="0"/>
</pin_list>
<bind>
<StgValue><ssdm name=""/></StgValue>
</bind>
</comp>

<comp id="8" class="1001" name="const_8">
<pin_list>
<pin id="9" dir="1" index="0" bw="1" slack="2147483647"/>
</pin_list>
<bind>
<StgValue><ssdm name="_ssdm_op_SpecMemCore"/></StgValue>
</bind>
</comp>

<comp id="10" class="1001" name="const_10">
<pin_list>
<pin id="11" dir="1" index="0" bw="1" slack="2147483647"/>
</pin_list>
<bind>
<StgValue><ssdm name=""/></StgValue>
</bind>
</comp>

<comp id="12" class="1001" name="const_12">
<pin_list>
<pin id="13" dir="1" index="0" bw="1" slack="2147483647"/>
</pin_list>
<bind>
<StgValue><ssdm name=""/></StgValue>
</bind>
</comp>

<comp id="14" class="1001" name="const_14">
<pin_list>
<pin id="15" dir="1" index="0" bw="1" slack="2147483647"/>
</pin_list>
<bind>
<StgValue><ssdm name=""/></StgValue>
</bind>
</comp>

<comp id="16" class="1001" name="const_16">
<pin_list>
<pin id="17" dir="1" index="0" bw="1" slack="0"/>
</pin_list>
<bind>
<StgValue><ssdm name="_ssdm_op_Read.ap_auto.i31"/></StgValue>
</bind>
</comp>

<comp id="18" class="1001" name="const_18">
<pin_list>
<pin id="19" dir="1" index="0" bw="1" slack="0"/>
</pin_list>
<bind>
<StgValue><ssdm name=""/></StgValue>
</bind>
</comp>

<comp id="20" class="1001" name="const_20">
<pin_list>
<pin id="21" dir="1" index="0" bw="1" slack="0"/>
</pin_list>
<bind>
<StgValue><ssdm name=""/></StgValue>
</bind>
</comp>

<comp id="22" class="1001" name="const_22">
<pin_list>
<pin id="23" dir="1" index="0" bw="1" slack="0"/>
</pin_list>
<bind>
<StgValue><ssdm name=""/></StgValue>
</bind>
</comp>

<comp id="24" class="1001" name="const_24">
<pin_list>
<pin id="25" dir="1" index="0" bw="1" slack="0"/>
</pin_list>
<bind>
<StgValue><ssdm name=""/></StgValue>
</bind>
</comp>

<comp id="26" class="1001" name="const_26">
<pin_list>
<pin id="27" dir="1" index="0" bw="1" slack="2147483647"/>
</pin_list>
<bind>
<StgValue><ssdm name="_ssdm_op_SpecPipeline"/></StgValue>
</bind>
</comp>

<comp id="28" class="1001" name="const_28">
<pin_list>
<pin id="29" dir="1" index="0" bw="1" slack="2147483647"/>
</pin_list>
<bind>
<StgValue><ssdm name=""/></StgValue>
</bind>
</comp>

<comp id="30" class="1001" name="const_30">
<pin_list>
<pin id="31" dir="1" index="0" bw="1" slack="2147483647"/>
</pin_list>
<bind>
<StgValue><ssdm name="empty_0"/></StgValue>
</bind>
</comp>

<comp id="32" class="1001" name="const_32">
<pin_list>
<pin id="33" dir="1" index="0" bw="1" slack="2147483647"/>
</pin_list>
<bind>
<StgValue><ssdm name="_ssdm_op_SpecLoopTripCount"/></StgValue>
</bind>
</comp>

<comp id="34" class="1001" name="const_34">
<pin_list>
<pin id="35" dir="1" index="0" bw="1" slack="2147483647"/>
</pin_list>
<bind>
<StgValue><ssdm name=""/></StgValue>
</bind>
</comp>

<comp id="36" class="1001" name="const_36">
<pin_list>
<pin id="37" dir="1" index="0" bw="1" slack="2147483647"/>
</pin_list>
<bind>
<StgValue><ssdm name="_ssdm_op_SpecLoopName"/></StgValue>
</bind>
</comp>

<comp id="38" class="1001" name="const_38">
<pin_list>
<pin id="39" dir="1" index="0" bw="1" slack="2147483647"/>
</pin_list>
<bind>
<StgValue><ssdm name="empty_17"/></StgValue>
</bind>
</comp>

<comp id="40" class="1004" name="i_3_fu_40">
<pin_list>
<pin id="41" dir="0" index="0" bw="1" slack="0"/>
<pin id="42" dir="1" index="1" bw="15" slack="0"/>
</pin_list>
<bind>
<opcode="alloca(26) " fcode="alloca"/>
<opset="i_3/1 "/>
</bind>
</comp>

<comp id="44" class="1004" name="trunc_ln_read_read_fu_44">
<pin_list>
<pin id="45" dir="0" index="0" bw="31" slack="0"/>
<pin id="46" dir="0" index="1" bw="31" slack="0"/>
<pin id="47" dir="1" index="2" bw="31" slack="0"/>
</pin_list>
<bind>
<opcode="read(1150) " fcode="read"/>
<opset="trunc_ln_read/1 "/>
</bind>
</comp>

<comp id="50" class="1004" name="gray_V_addr_gep_fu_50">
<pin_list>
<pin id="51" dir="0" index="0" bw="8" slack="0"/>
<pin id="52" dir="0" index="1" bw="1" slack="0"/>
<pin id="53" dir="0" index="2" bw="15" slack="0"/>
<pin id="54" dir="1" index="3" bw="15" slack="0"/>
</pin_list>
<bind>
<opcode="getelementptr(29) " fcode="getelementptr"/>
<opset="gray_V_addr/1 "/>
</bind>
</comp>

<comp id="57" class="1004" name="grp_access_fu_57">
<pin_list>
<pin id="58" dir="0" index="0" bw="15" slack="0"/>
<pin id="59" dir="0" index="1" bw="8" slack="2147483647"/>
<pin id="60" dir="0" index="2" bw="0" slack="2147483647"/>
<pin id="61" dir="1" index="3" bw="8" slack="0"/>
</pin_list>
<bind>
<opcode="load(27) " fcode="load"/>
<opset="gray_V_load/1 "/>
</bind>
</comp>

<comp id="63" class="1004" name="binary_V_addr_gep_fu_63">
<pin_list>
<pin id="64" dir="0" index="0" bw="1" slack="0"/>
<pin id="65" dir="0" index="1" bw="1" slack="0"/>
<pin id="66" dir="0" index="2" bw="15" slack="2"/>
<pin id="67" dir="1" index="3" bw="15" slack="0"/>
</pin_list>
<bind>
<opcode="getelementptr(29) " fcode="getelementptr"/>
<opset="binary_V_addr/3 "/>
</bind>
</comp>

<comp id="70" class="1004" name="store_ln53_access_fu_70">
<pin_list>
<pin id="71" dir="0" index="0" bw="15" slack="2147483647"/>
<pin id="72" dir="0" index="1" bw="1" slack="2147483647"/>
<pin id="73" dir="0" index="2" bw="0" slack="0"/>
<pin id="75" dir="0" index="4" bw="15" slack="1"/>
<pin id="76" dir="0" index="5" bw="1" slack="2147483647"/>
<pin id="77" dir="0" index="6" bw="0" slack="2147483647"/>
<pin id="74" dir="1" index="3" bw="1" slack="2147483647"/>
<pin id="78" dir="1" index="7" bw="1" slack="2147483647"/>
</pin_list>
<bind>
<opcode="store(28) " fcode="store"/>
<opset="store_ln53/3 "/>
</bind>
</comp>

<comp id="80" class="1004" name="store_ln0_store_fu_80">
<pin_list>
<pin id="81" dir="0" index="0" bw="1" slack="0"/>
<pin id="82" dir="0" index="1" bw="15" slack="0"/>
<pin id="83" dir="1" index="2" bw="0" slack="2147483647"/>
</pin_list>
<bind>
<opcode="store(28) " fcode="store"/>
<opset="store_ln0/1 "/>
</bind>
</comp>

<comp id="85" class="1004" name="i_load_fu_85">
<pin_list>
<pin id="86" dir="0" index="0" bw="15" slack="0"/>
<pin id="87" dir="1" index="1" bw="15" slack="0"/>
</pin_list>
<bind>
<opcode="load(27) " fcode="load"/>
<opset="i/1 "/>
</bind>
</comp>

<comp id="88" class="1004" name="zext_ln50_1_fu_88">
<pin_list>
<pin id="89" dir="0" index="0" bw="15" slack="0"/>
<pin id="90" dir="1" index="1" bw="31" slack="0"/>
</pin_list>
<bind>
<opcode="zext(34) " fcode="zext"/>
<opset="zext_ln50_1/1 "/>
</bind>
</comp>

<comp id="92" class="1004" name="icmp_ln50_fu_92">
<pin_list>
<pin id="93" dir="0" index="0" bw="31" slack="0"/>
<pin id="94" dir="0" index="1" bw="31" slack="0"/>
<pin id="95" dir="1" index="2" bw="1" slack="1"/>
</pin_list>
<bind>
<opcode="icmp(45) " fcode="icmp"/>
<opset="icmp_ln50/1 "/>
</bind>
</comp>

<comp id="98" class="1004" name="add_ln50_fu_98">
<pin_list>
<pin id="99" dir="0" index="0" bw="15" slack="0"/>
<pin id="100" dir="0" index="1" bw="1" slack="0"/>
<pin id="101" dir="1" index="2" bw="15" slack="0"/>
</pin_list>
<bind>
<opcode="add(8) " fcode="add"/>
<opset="add_ln50/1 "/>
</bind>
</comp>

<comp id="104" class="1004" name="zext_ln50_fu_104">
<pin_list>
<pin id="105" dir="0" index="0" bw="15" slack="0"/>
<pin id="106" dir="1" index="1" bw="64" slack="0"/>
</pin_list>
<bind>
<opcode="zext(34) " fcode="zext"/>
<opset="zext_ln50/1 "/>
</bind>
</comp>

<comp id="109" class="1004" name="store_ln50_store_fu_109">
<pin_list>
<pin id="110" dir="0" index="0" bw="15" slack="0"/>
<pin id="111" dir="0" index="1" bw="15" slack="0"/>
<pin id="112" dir="1" index="2" bw="0" slack="2147483647"/>
</pin_list>
<bind>
<opcode="store(28) " fcode="store"/>
<opset="store_ln50/1 "/>
</bind>
</comp>

<comp id="114" class="1004" name="icmp_ln1035_fu_114">
<pin_list>
<pin id="115" dir="0" index="0" bw="8" slack="0"/>
<pin id="116" dir="0" index="1" bw="8" slack="0"/>
<pin id="117" dir="1" index="2" bw="1" slack="1"/>
</pin_list>
<bind>
<opcode="icmp(45) " fcode="icmp"/>
<opset="icmp_ln1035/2 "/>
</bind>
</comp>

<comp id="120" class="1005" name="i_3_reg_120">
<pin_list>
<pin id="121" dir="0" index="0" bw="15" slack="0"/>
<pin id="122" dir="1" index="1" bw="15" slack="0"/>
</pin_list>
<bind>
<opset="i_3 "/>
</bind>
</comp>

<comp id="127" class="1005" name="icmp_ln50_reg_127">
<pin_list>
<pin id="128" dir="0" index="0" bw="1" slack="1"/>
<pin id="129" dir="1" index="1" bw="1" slack="2147483647"/>
</pin_list>
<bind>
<opset="icmp_ln50 "/>
</bind>
</comp>

<comp id="131" class="1005" name="zext_ln50_reg_131">
<pin_list>
<pin id="132" dir="0" index="0" bw="64" slack="2"/>
<pin id="133" dir="1" index="1" bw="64" slack="2"/>
</pin_list>
<bind>
<opset="zext_ln50 "/>
</bind>
</comp>

<comp id="136" class="1005" name="gray_V_addr_reg_136">
<pin_list>
<pin id="137" dir="0" index="0" bw="15" slack="1"/>
<pin id="138" dir="1" index="1" bw="15" slack="1"/>
</pin_list>
<bind>
<opset="gray_V_addr "/>
</bind>
</comp>

<comp id="141" class="1005" name="icmp_ln1035_reg_141">
<pin_list>
<pin id="142" dir="0" index="0" bw="1" slack="1"/>
<pin id="143" dir="1" index="1" bw="1" slack="1"/>
</pin_list>
<bind>
<opset="icmp_ln1035 "/>
</bind>
</comp>

</comp_list>

<net_list>
<net id="43"><net_src comp="6" pin="0"/><net_sink comp="40" pin=0"/></net>

<net id="48"><net_src comp="16" pin="0"/><net_sink comp="44" pin=0"/></net>

<net id="49"><net_src comp="0" pin="0"/><net_sink comp="44" pin=1"/></net>

<net id="55"><net_src comp="2" pin="0"/><net_sink comp="50" pin=0"/></net>

<net id="56"><net_src comp="22" pin="0"/><net_sink comp="50" pin=1"/></net>

<net id="62"><net_src comp="50" pin="3"/><net_sink comp="57" pin=0"/></net>

<net id="68"><net_src comp="4" pin="0"/><net_sink comp="63" pin=0"/></net>

<net id="69"><net_src comp="22" pin="0"/><net_sink comp="63" pin=1"/></net>

<net id="79"><net_src comp="63" pin="3"/><net_sink comp="70" pin=2"/></net>

<net id="84"><net_src comp="18" pin="0"/><net_sink comp="80" pin=0"/></net>

<net id="91"><net_src comp="85" pin="1"/><net_sink comp="88" pin=0"/></net>

<net id="96"><net_src comp="88" pin="1"/><net_sink comp="92" pin=0"/></net>

<net id="97"><net_src comp="44" pin="2"/><net_sink comp="92" pin=1"/></net>

<net id="102"><net_src comp="85" pin="1"/><net_sink comp="98" pin=0"/></net>

<net id="103"><net_src comp="20" pin="0"/><net_sink comp="98" pin=1"/></net>

<net id="107"><net_src comp="85" pin="1"/><net_sink comp="104" pin=0"/></net>

<net id="108"><net_src comp="104" pin="1"/><net_sink comp="50" pin=2"/></net>

<net id="113"><net_src comp="98" pin="2"/><net_sink comp="109" pin=0"/></net>

<net id="118"><net_src comp="57" pin="3"/><net_sink comp="114" pin=0"/></net>

<net id="119"><net_src comp="24" pin="0"/><net_sink comp="114" pin=1"/></net>

<net id="123"><net_src comp="40" pin="1"/><net_sink comp="120" pin=0"/></net>

<net id="124"><net_src comp="120" pin="1"/><net_sink comp="80" pin=1"/></net>

<net id="125"><net_src comp="120" pin="1"/><net_sink comp="85" pin=0"/></net>

<net id="126"><net_src comp="120" pin="1"/><net_sink comp="109" pin=1"/></net>

<net id="130"><net_src comp="92" pin="2"/><net_sink comp="127" pin=0"/></net>

<net id="134"><net_src comp="104" pin="1"/><net_sink comp="131" pin=0"/></net>

<net id="135"><net_src comp="131" pin="1"/><net_sink comp="63" pin=2"/></net>

<net id="139"><net_src comp="50" pin="3"/><net_sink comp="136" pin=0"/></net>

<net id="140"><net_src comp="136" pin="1"/><net_sink comp="57" pin=0"/></net>

<net id="144"><net_src comp="114" pin="2"/><net_sink comp="141" pin=0"/></net>

<net id="145"><net_src comp="141" pin="1"/><net_sink comp="70" pin=4"/></net>

</net_list>

</model> 
---------------- Datapath Model END ------------------

* FSMD analyzer results:
  - Output states:
	Port: gray_V | {}
	Port: binary_V | {3 }
 - Input state : 
	Port: card_recognizer_hw_Pipeline_BINARIZE_LOOP : trunc_ln | {1 }
	Port: card_recognizer_hw_Pipeline_BINARIZE_LOOP : gray_V | {1 2 }
	Port: card_recognizer_hw_Pipeline_BINARIZE_LOOP : binary_V | {}
  - Chain level:
	State 1
		store_ln0 : 1
		i : 1
		zext_ln50_1 : 2
		icmp_ln50 : 3
		add_ln50 : 2
		br_ln50 : 4
		zext_ln50 : 2
		gray_V_addr : 3
		gray_V_load : 4
		store_ln50 : 3
	State 2
		icmp_ln1035 : 1
	State 3
		store_ln53 : 1


============================================================
+ Verbose Summary: Datapath Resource usage 
============================================================

* Functional unit list:
|----------|--------------------------|---------|---------|
| Operation|      Functional Unit     |    FF   |   LUT   |
|----------|--------------------------|---------|---------|
|   icmp   |      icmp_ln50_fu_92     |    0    |    17   |
|          |    icmp_ln1035_fu_114    |    0    |    11   |
|----------|--------------------------|---------|---------|
|    add   |      add_ln50_fu_98      |    0    |    20   |
|----------|--------------------------|---------|---------|
|   read   | trunc_ln_read_read_fu_44 |    0    |    0    |
|----------|--------------------------|---------|---------|
|   zext   |     zext_ln50_1_fu_88    |    0    |    0    |
|          |     zext_ln50_fu_104     |    0    |    0    |
|----------|--------------------------|---------|---------|
|   Total  |                          |    0    |    48   |
|----------|--------------------------|---------|---------|

Memories:
N/A

* Register list:
+-------------------+--------+
|                   |   FF   |
+-------------------+--------+
|gray_V_addr_reg_136|   15   |
|    i_3_reg_120    |   15   |
|icmp_ln1035_reg_141|    1   |
| icmp_ln50_reg_127 |    1   |
| zext_ln50_reg_131 |   64   |
+-------------------+--------+
|       Total       |   96   |
+-------------------+--------+

* Multiplexer (MUX) list: 
|------------------|------|------|------|--------||---------||---------|
|       Comp       |  Pin | Size |  BW  | S x BW ||  Delay  ||   LUT   |
|------------------|------|------|------|--------||---------||---------|
| grp_access_fu_57 |  p0  |   2  |  15  |   30   ||    9    |
|------------------|------|------|------|--------||---------||---------|
|       Total      |      |      |      |   30   ||  1.588  ||    9    |
|------------------|------|------|------|--------||---------||---------|



* Summary:
+-----------+--------+--------+--------+
|           |  Delay |   FF   |   LUT  |
+-----------+--------+--------+--------+
|  Function |    -   |    0   |   48   |
|   Memory  |    -   |    -   |    -   |
|Multiplexer|    1   |    -   |    9   |
|  Register |    -   |   96   |    -   |
+-----------+--------+--------+--------+
|   Total   |    1   |   96   |   57   |
+-----------+--------+--------+--------+
