

================================================================
== Vitis HLS Report for 'card_recognizer_hw'
================================================================
* Date:           Wed Jul 15 18:02:28 2026

* Version:        2022.2 (Build 3670227 on Oct 13 2022)
* Project:        card_recognizer_dram_hls
* Solution:       solution1 (Vivado IP Flow Target)
* Product family: zynq
* Target device:  xc7z010i-clg225-1L


================================================================
== Performance Estimates
================================================================
+ Timing: 
    * Summary: 
    +--------+----------+----------+------------+
    |  Clock |  Target  | Estimated| Uncertainty|
    +--------+----------+----------+------------+
    |ap_clk  |  10.00 ns|  7.164 ns|     2.70 ns|
    +--------+----------+----------+------------+

+ Latency: 
    * Summary: 
    +---------+---------+----------+----------+--------+--------+---------+
    |  Latency (cycles) |  Latency (absolute) |     Interval    | Pipeline|
    |   min   |   max   |    min   |    max   |   min  |   max  |   Type  |
    +---------+---------+----------+----------+--------+--------+---------+
    |   271846|   329469|  2.718 ms|  3.295 ms|  271847|  329470|       no|
    +---------+---------+----------+----------+--------+--------+---------+

    + Detail: 
        * Instance: 
        N/A

        * Loop: 
        N/A

============================================================
+ Verbose Summary: Synthesis Manager
============================================================
InlineROM: 1
ExposeGlobal: 0
============================================================
+ Verbose Summary: CDFG Model
============================================================
IsTopModel: 1
ResetActiveHigh: 1
IsCombinational: 0
IsDatapathOnly: 0
HasWiredReturn: 1
HasMFsm: 0
HasVarLatency: 1
IsPipeline: 0
IsRtlPipelined: 0
IsInstanceOverlapped: 0
IsDontTouch: 0
HasImplIP: 0
IsGatedGlobalClock: 0


============================================================
+ Verbose Summary: Schedule
============================================================
* Number of FSM states : 16
* Pipeline : 0
* Dataflow Pipeline: 0

* FSM state transitions: 
1 --> 2 
2 --> 3 
3 --> 4 
4 --> 5 8 
5 --> 6 
6 --> 7 
7 --> 8 
8 --> 9 
9 --> 10 16 
10 --> 11 
11 --> 12 
12 --> 13 
13 --> 14 
14 --> 15 
15 --> 16 
16 --> 

* FSM state operations: 

State 1 <SV = 0> <Delay = 1.00>
ST_1 : Operation 17 [1/1] (1.00ns)   --->   "%height_read = read i32 @_ssdm_op_Read.s_axilite.i32, i32 %height"   --->   Operation 17 'read' 'height_read' <Predicate = true> <Delay = 1.00> <CoreInst = "s_axilite">   --->   Core 114 's_axilite' <Latency = 0> <II = 1> <Delay = 1.00> <Adapter> <Opcode : 'read' 'write'>
ST_1 : Operation 18 [1/1] (1.00ns)   --->   "%width_read = read i32 @_ssdm_op_Read.s_axilite.i32, i32 %width"   --->   Operation 18 'read' 'width_read' <Predicate = true> <Delay = 1.00> <CoreInst = "s_axilite">   --->   Core 114 's_axilite' <Latency = 0> <II = 1> <Delay = 1.00> <Adapter> <Opcode : 'read' 'write'>
ST_1 : Operation 19 [1/1] (0.00ns)   --->   "%roi_count_2_loc = alloca i64 1"   --->   Operation 19 'alloca' 'roi_count_2_loc' <Predicate = true> <Delay = 0.00>

State 2 <SV = 1> <Delay = 6.91>
ST_2 : Operation 20 [2/2] (6.91ns)   --->   "%n = mul i32 %height_read, i32 %width_read" [hls_fajlovi/card_recognizer_dram_hls.cpp:284]   --->   Operation 20 'mul' 'n' <Predicate = true> <Delay = 6.91> <CoreInst = "Multiplier">   --->   Core 3 'Multiplier' <Latency = 1> <II = 1> <Delay = 6.91> <FuncUnit> <Opcode : 'mul'> <InPorts = 2> <OutPorts = 1>

State 3 <SV = 2> <Delay = 6.91>
ST_3 : Operation 21 [1/2] (6.91ns)   --->   "%n = mul i32 %height_read, i32 %width_read" [hls_fajlovi/card_recognizer_dram_hls.cpp:284]   --->   Operation 21 'mul' 'n' <Predicate = true> <Delay = 6.91> <CoreInst = "Multiplier">   --->   Core 3 'Multiplier' <Latency = 1> <II = 1> <Delay = 6.91> <FuncUnit> <Opcode : 'mul'> <InPorts = 2> <OutPorts = 1>

State 4 <SV = 3> <Delay = 6.53>
ST_4 : Operation 22 [1/1] (0.00ns)   --->   "%spectopmodule_ln264 = spectopmodule void @_ssdm_op_SpecTopModule, void @empty_15" [hls_fajlovi/card_recognizer_dram_hls.cpp:264]   --->   Operation 22 'spectopmodule' 'spectopmodule_ln264' <Predicate = true> <Delay = 0.00>
ST_4 : Operation 23 [1/1] (0.00ns)   --->   "%specinterface_ln0 = specinterface void @_ssdm_op_SpecInterface, i24 %input_rgb, void @empty, i32 0, i32 0, void @empty_0, i32 1, i32 0, void @empty_0, void @empty_0, void @empty_0, i32 0, i32 0, i32 0, i32 0, void @empty_0, void @empty_0, i32 4294967295, i32 0"   --->   Operation 23 'specinterface' 'specinterface_ln0' <Predicate = true> <Delay = 0.00>
ST_4 : Operation 24 [1/1] (0.00ns)   --->   "%specmemcore_ln0 = specmemcore void @_ssdm_op_SpecMemCore, i24 %input_rgb, i64 666, i64 208, i64 1"   --->   Operation 24 'specmemcore' 'specmemcore_ln0' <Predicate = true> <Delay = 0.00>
ST_4 : Operation 25 [1/1] (0.00ns)   --->   "%specbitsmap_ln0 = specbitsmap void @_ssdm_op_SpecBitsMap, i24 %input_rgb"   --->   Operation 25 'specbitsmap' 'specbitsmap_ln0' <Predicate = true> <Delay = 0.00>
ST_4 : Operation 26 [1/1] (0.00ns)   --->   "%specbitsmap_ln0 = specbitsmap void @_ssdm_op_SpecBitsMap, i32 %result_rank"   --->   Operation 26 'specbitsmap' 'specbitsmap_ln0' <Predicate = true> <Delay = 0.00>
ST_4 : Operation 27 [1/1] (0.00ns)   --->   "%specinterface_ln0 = specinterface void @_ssdm_op_SpecInterface, i32 %result_rank, void @empty_1, i32 0, i32 0, void @empty_0, i32 0, i32 0, void @empty_2, void @empty_3, void @empty_0, i32 0, i32 0, i32 0, i32 0, void @empty_0, void @empty_0, i32 4294967295, i32 0"   --->   Operation 27 'specinterface' 'specinterface_ln0' <Predicate = true> <Delay = 0.00>
ST_4 : Operation 28 [1/1] (0.00ns)   --->   "%specinterface_ln0 = specinterface void @_ssdm_op_SpecInterface, i32 %result_rank, void @empty_4, i32 0, i32 0, void @empty_0, i32 0, i32 0, void @empty_0, void @empty_0, void @empty_0, i32 0, i32 0, i32 0, i32 0, void @empty_0, void @empty_0, i32 4294967295, i32 0"   --->   Operation 28 'specinterface' 'specinterface_ln0' <Predicate = true> <Delay = 0.00>
ST_4 : Operation 29 [1/1] (0.00ns)   --->   "%specbitsmap_ln0 = specbitsmap void @_ssdm_op_SpecBitsMap, i32 %result_suit"   --->   Operation 29 'specbitsmap' 'specbitsmap_ln0' <Predicate = true> <Delay = 0.00>
ST_4 : Operation 30 [1/1] (0.00ns)   --->   "%specinterface_ln0 = specinterface void @_ssdm_op_SpecInterface, i32 %result_suit, void @empty_1, i32 0, i32 0, void @empty_0, i32 0, i32 0, void @empty_2, void @empty_5, void @empty_0, i32 0, i32 0, i32 0, i32 0, void @empty_0, void @empty_0, i32 4294967295, i32 0"   --->   Operation 30 'specinterface' 'specinterface_ln0' <Predicate = true> <Delay = 0.00>
ST_4 : Operation 31 [1/1] (0.00ns)   --->   "%specinterface_ln0 = specinterface void @_ssdm_op_SpecInterface, i32 %result_suit, void @empty_4, i32 0, i32 0, void @empty_0, i32 0, i32 0, void @empty_0, void @empty_0, void @empty_0, i32 0, i32 0, i32 0, i32 0, void @empty_0, void @empty_0, i32 4294967295, i32 0"   --->   Operation 31 'specinterface' 'specinterface_ln0' <Predicate = true> <Delay = 0.00>
ST_4 : Operation 32 [1/1] (0.00ns)   --->   "%specbitsmap_ln0 = specbitsmap void @_ssdm_op_SpecBitsMap, i32 %width"   --->   Operation 32 'specbitsmap' 'specbitsmap_ln0' <Predicate = true> <Delay = 0.00>
ST_4 : Operation 33 [1/1] (0.00ns)   --->   "%specinterface_ln0 = specinterface void @_ssdm_op_SpecInterface, i32 %width, void @empty_1, i32 0, i32 0, void @empty_0, i32 0, i32 0, void @empty_2, void @empty_6, void @empty_0, i32 0, i32 0, i32 0, i32 0, void @empty_0, void @empty_0, i32 4294967295, i32 0"   --->   Operation 33 'specinterface' 'specinterface_ln0' <Predicate = true> <Delay = 0.00>
ST_4 : Operation 34 [1/1] (0.00ns)   --->   "%specinterface_ln0 = specinterface void @_ssdm_op_SpecInterface, i32 %width, void @empty_4, i32 0, i32 0, void @empty_0, i32 0, i32 0, void @empty_0, void @empty_0, void @empty_0, i32 0, i32 0, i32 0, i32 0, void @empty_0, void @empty_0, i32 4294967295, i32 0"   --->   Operation 34 'specinterface' 'specinterface_ln0' <Predicate = true> <Delay = 0.00>
ST_4 : Operation 35 [1/1] (0.00ns)   --->   "%specbitsmap_ln0 = specbitsmap void @_ssdm_op_SpecBitsMap, i32 %height"   --->   Operation 35 'specbitsmap' 'specbitsmap_ln0' <Predicate = true> <Delay = 0.00>
ST_4 : Operation 36 [1/1] (0.00ns)   --->   "%specinterface_ln0 = specinterface void @_ssdm_op_SpecInterface, i32 %height, void @empty_1, i32 0, i32 0, void @empty_0, i32 0, i32 0, void @empty_2, void @empty_7, void @empty_0, i32 0, i32 0, i32 0, i32 0, void @empty_0, void @empty_0, i32 4294967295, i32 0"   --->   Operation 36 'specinterface' 'specinterface_ln0' <Predicate = true> <Delay = 0.00>
ST_4 : Operation 37 [1/1] (0.00ns)   --->   "%specinterface_ln0 = specinterface void @_ssdm_op_SpecInterface, i32 %height, void @empty_4, i32 0, i32 0, void @empty_0, i32 0, i32 0, void @empty_0, void @empty_0, void @empty_0, i32 0, i32 0, i32 0, i32 0, void @empty_0, void @empty_0, i32 4294967295, i32 0"   --->   Operation 37 'specinterface' 'specinterface_ln0' <Predicate = true> <Delay = 0.00>
ST_4 : Operation 38 [1/1] (0.00ns)   --->   "%specinterface_ln0 = specinterface void @_ssdm_op_SpecInterface, i32 0, void @empty_1, i32 0, i32 0, void @empty_0, i32 0, i32 0, void @empty_2, void @empty_0, void @empty_0, i32 0, i32 0, i32 0, i32 0, void @empty_0, void @empty_0, i32 4294967295, i32 0"   --->   Operation 38 'specinterface' 'specinterface_ln0' <Predicate = true> <Delay = 0.00>
ST_4 : Operation 39 [1/1] (0.00ns)   --->   "%specmemcore_ln281 = specmemcore void @_ssdm_op_SpecMemCore, i8 %gray_V, i64 666, i64 22, i64 18446744073709551615" [hls_fajlovi/card_recognizer_dram_hls.cpp:281]   --->   Operation 39 'specmemcore' 'specmemcore_ln281' <Predicate = true> <Delay = 0.00>
ST_4 : Operation 40 [1/1] (0.00ns)   --->   "%specmemcore_ln282 = specmemcore void @_ssdm_op_SpecMemCore, i1 %binary_V, i64 666, i64 22, i64 18446744073709551615" [hls_fajlovi/card_recognizer_dram_hls.cpp:282]   --->   Operation 40 'specmemcore' 'specmemcore_ln282' <Predicate = true> <Delay = 0.00>
ST_4 : Operation 41 [1/1] (2.47ns)   --->   "%icmp_ln33 = icmp_sgt  i32 %n, i32 0" [hls_fajlovi/card_recognizer_dram_hls.cpp:33]   --->   Operation 41 'icmp' 'icmp_ln33' <Predicate = true> <Delay = 2.47> <CoreInst = "Cmp">   --->   Core 9 'Cmp' <Latency = 0> <II = 1> <Delay = 2.47> <FuncUnit> <Opcode : 'icmp'> <InPorts = 2> <OutPorts = 1>
ST_4 : Operation 42 [1/1] (0.00ns)   --->   "%br_ln33 = br i1 %icmp_ln33, void %_Z8binarizePK7ap_uintILi8EEPS_ILi1EEii.exit, void %for.body.lr.ph.i" [hls_fajlovi/card_recognizer_dram_hls.cpp:33]   --->   Operation 42 'br' 'br_ln33' <Predicate = true> <Delay = 0.00>
ST_4 : Operation 43 [1/1] (0.00ns)   --->   "%trunc_ln33 = trunc i32 %n" [hls_fajlovi/card_recognizer_dram_hls.cpp:33]   --->   Operation 43 'trunc' 'trunc_ln33' <Predicate = (icmp_ln33)> <Delay = 0.00>
ST_4 : Operation 44 [2/2] (4.05ns)   --->   "%call_ln33 = call void @card_recognizer_hw_Pipeline_GRAYSCALE_LOOP, i31 %trunc_ln33, i24 %input_rgb, i8 %gray_V" [hls_fajlovi/card_recognizer_dram_hls.cpp:33]   --->   Operation 44 'call' 'call_ln33' <Predicate = (icmp_ln33)> <Delay = 4.05> <CoreType = "Generic">   --->   Core 0 '' <Latency = 0> <II = 1> <Delay = 1.00> <Generic> <Opcode : >

State 5 <SV = 4> <Delay = 0.00>
ST_5 : Operation 45 [1/2] (0.00ns)   --->   "%call_ln33 = call void @card_recognizer_hw_Pipeline_GRAYSCALE_LOOP, i31 %trunc_ln33, i24 %input_rgb, i8 %gray_V" [hls_fajlovi/card_recognizer_dram_hls.cpp:33]   --->   Operation 45 'call' 'call_ln33' <Predicate = true> <Delay = 0.00> <CoreType = "Generic">   --->   Core 0 '' <Latency = 0> <II = 1> <Delay = 1.00> <Generic> <Opcode : >

State 6 <SV = 5> <Delay = 4.05>
ST_6 : Operation 46 [2/2] (4.05ns)   --->   "%call_ln33 = call void @card_recognizer_hw_Pipeline_BINARIZE_LOOP, i31 %trunc_ln33, i8 %gray_V, i1 %binary_V" [hls_fajlovi/card_recognizer_dram_hls.cpp:33]   --->   Operation 46 'call' 'call_ln33' <Predicate = true> <Delay = 4.05> <CoreType = "Generic">   --->   Core 0 '' <Latency = 0> <II = 1> <Delay = 1.00> <Generic> <Opcode : >

State 7 <SV = 6> <Delay = 0.00>
ST_7 : Operation 47 [1/2] (0.00ns)   --->   "%call_ln33 = call void @card_recognizer_hw_Pipeline_BINARIZE_LOOP, i31 %trunc_ln33, i8 %gray_V, i1 %binary_V" [hls_fajlovi/card_recognizer_dram_hls.cpp:33]   --->   Operation 47 'call' 'call_ln33' <Predicate = true> <Delay = 0.00> <CoreType = "Generic">   --->   Core 0 '' <Latency = 0> <II = 1> <Delay = 1.00> <Generic> <Opcode : >
ST_7 : Operation 48 [1/1] (0.00ns)   --->   "%br_ln0 = br void %_Z8binarizePK7ap_uintILi8EEPS_ILi1EEii.exit"   --->   Operation 48 'br' 'br_ln0' <Predicate = true> <Delay = 0.00>

State 8 <SV = 7> <Delay = 0.00>
ST_8 : Operation 49 [2/2] (0.00ns)   --->   "%call_ret = call i65 @find_largest_component_ccl, i32 %width_read, i32 %height_read, i1 %binary_V" [hls_fajlovi/card_recognizer_dram_hls.cpp:288]   --->   Operation 49 'call' 'call_ret' <Predicate = true> <Delay = 0.00> <CoreType = "Generic">   --->   Core 0 '' <Latency = 0> <II = 1> <Delay = 1.00> <Generic> <Opcode : >

State 9 <SV = 8> <Delay = 5.88>
ST_9 : Operation 50 [1/2] (0.00ns)   --->   "%call_ret = call i65 @find_largest_component_ccl, i32 %width_read, i32 %height_read, i1 %binary_V" [hls_fajlovi/card_recognizer_dram_hls.cpp:288]   --->   Operation 50 'call' 'call_ret' <Predicate = true> <Delay = 0.00> <CoreType = "Generic">   --->   Core 0 '' <Latency = 0> <II = 1> <Delay = 1.00> <Generic> <Opcode : >
ST_9 : Operation 51 [1/1] (0.00ns)   --->   "%card_box_min_x_V = extractvalue i65 %call_ret" [hls_fajlovi/card_recognizer_dram_hls.cpp:288]   --->   Operation 51 'extractvalue' 'card_box_min_x_V' <Predicate = true> <Delay = 0.00>
ST_9 : Operation 52 [1/1] (0.00ns)   --->   "%card_box_min_y_V = extractvalue i65 %call_ret" [hls_fajlovi/card_recognizer_dram_hls.cpp:288]   --->   Operation 52 'extractvalue' 'card_box_min_y_V' <Predicate = true> <Delay = 0.00>
ST_9 : Operation 53 [1/1] (0.00ns)   --->   "%card_box_max_x_V = extractvalue i65 %call_ret" [hls_fajlovi/card_recognizer_dram_hls.cpp:288]   --->   Operation 53 'extractvalue' 'card_box_max_x_V' <Predicate = true> <Delay = 0.00>
ST_9 : Operation 54 [1/1] (0.00ns)   --->   "%card_box_max_y_V = extractvalue i65 %call_ret" [hls_fajlovi/card_recognizer_dram_hls.cpp:288]   --->   Operation 54 'extractvalue' 'card_box_max_y_V' <Predicate = true> <Delay = 0.00>
ST_9 : Operation 55 [1/1] (0.00ns)   --->   "%card_box_count = extractvalue i65 %call_ret" [hls_fajlovi/card_recognizer_dram_hls.cpp:288]   --->   Operation 55 'extractvalue' 'card_box_count' <Predicate = true> <Delay = 0.00>
ST_9 : Operation 56 [1/1] (0.00ns)   --->   "%card_box_valid_V = extractvalue i65 %call_ret" [hls_fajlovi/card_recognizer_dram_hls.cpp:288]   --->   Operation 56 'extractvalue' 'card_box_valid_V' <Predicate = true> <Delay = 0.00>
ST_9 : Operation 57 [1/1] (1.58ns)   --->   "%br_ln226 = br i1 %card_box_valid_V, void %_Z20analyze_top_left_roiPK7ap_uintILi1EE4BBoxi.exit, void %if.end.i" [hls_fajlovi/card_recognizer_dram_hls.cpp:226]   --->   Operation 57 'br' 'br_ln226' <Predicate = true> <Delay = 1.58>
ST_9 : Operation 58 [1/1] (0.00ns)   --->   "%zext_ln231 = zext i8 %card_box_min_y_V" [hls_fajlovi/card_recognizer_dram_hls.cpp:231]   --->   Operation 58 'zext' 'zext_ln231' <Predicate = (card_box_valid_V)> <Delay = 0.00>
ST_9 : Operation 59 [1/1] (0.00ns)   --->   "%zext_ln231_1 = zext i8 %card_box_max_y_V" [hls_fajlovi/card_recognizer_dram_hls.cpp:231]   --->   Operation 59 'zext' 'zext_ln231_1' <Predicate = (card_box_valid_V)> <Delay = 0.00>
ST_9 : Operation 60 [1/1] (1.91ns)   --->   "%sub_ln231 = sub i9 1, i9 %zext_ln231" [hls_fajlovi/card_recognizer_dram_hls.cpp:231]   --->   Operation 60 'sub' 'sub_ln231' <Predicate = (card_box_valid_V)> <Delay = 1.91> <CoreInst = "Adder">   --->   Core 1 'Adder' <Latency = 0> <II = 1> <Delay = 1.91> <FuncUnit> <Opcode : 'add' 'sub'> <InPorts = 2> <OutPorts = 1>
ST_9 : Operation 61 [1/1] (0.00ns)   --->   "%sext_ln233 = sext i9 %sub_ln231" [hls_fajlovi/card_recognizer_dram_hls.cpp:233]   --->   Operation 61 'sext' 'sext_ln233' <Predicate = (card_box_valid_V)> <Delay = 0.00>
ST_9 : Operation 62 [1/1] (1.82ns)   --->   "%add_ln234 = add i10 %sext_ln233, i10 %zext_ln231_1" [hls_fajlovi/card_recognizer_dram_hls.cpp:234]   --->   Operation 62 'add' 'add_ln234' <Predicate = (card_box_valid_V)> <Delay = 1.82> <CoreInst = "Adder">   --->   Core 1 'Adder' <Latency = 0> <II = 1> <Delay = 1.82> <FuncUnit> <Opcode : 'add' 'sub'> <InPorts = 2> <OutPorts = 1>
ST_9 : Operation 63 [1/1] (0.00ns)   --->   "%sext_ln234 = sext i10 %add_ln234" [hls_fajlovi/card_recognizer_dram_hls.cpp:234]   --->   Operation 63 'sext' 'sext_ln234' <Predicate = (card_box_valid_V)> <Delay = 0.00>
ST_9 : Operation 64 [4/4] (2.15ns) (root node of the DSP)   --->   "%mul_ln234 = mul i22 %sext_ln234, i22 1366" [hls_fajlovi/card_recognizer_dram_hls.cpp:234]   --->   Operation 64 'mul' 'mul_ln234' <Predicate = (card_box_valid_V)> <Delay = 2.15> <CoreInst = "DSP48">   --->   Core 119 'DSP48' <Latency = 3> <II = 1> <Delay = 2.15> <IPBlock> <Opcode : 'mul' 'add' 'sub' 'select'> <InPorts = 0> <OutPorts = 1> <Sync> <CReg>
ST_9 : Operation 65 [1/1] (0.00ns)   --->   "%tmp_2 = bitselect i1 @_ssdm_op_BitSelect.i1.i10.i32, i10 %add_ln234, i32 9" [hls_fajlovi/card_recognizer_dram_hls.cpp:234]   --->   Operation 65 'bitselect' 'tmp_2' <Predicate = (card_box_valid_V)> <Delay = 0.00>
ST_9 : Operation 66 [1/1] (0.00ns)   --->   "%trunc_ln246 = trunc i32 %width_read" [hls_fajlovi/card_recognizer_dram_hls.cpp:246]   --->   Operation 66 'trunc' 'trunc_ln246' <Predicate = (card_box_valid_V)> <Delay = 0.00>

State 10 <SV = 9> <Delay = 2.15>
ST_10 : Operation 67 [3/4] (2.15ns) (root node of the DSP)   --->   "%mul_ln234 = mul i22 %sext_ln234, i22 1366" [hls_fajlovi/card_recognizer_dram_hls.cpp:234]   --->   Operation 67 'mul' 'mul_ln234' <Predicate = true> <Delay = 2.15> <CoreInst = "DSP48">   --->   Core 119 'DSP48' <Latency = 3> <II = 1> <Delay = 2.15> <IPBlock> <Opcode : 'mul' 'add' 'sub' 'select'> <InPorts = 0> <OutPorts = 1> <Sync> <CReg>

State 11 <SV = 10> <Delay = 2.15>
ST_11 : Operation 68 [2/4] (2.15ns) (root node of the DSP)   --->   "%mul_ln234 = mul i22 %sext_ln234, i22 1366" [hls_fajlovi/card_recognizer_dram_hls.cpp:234]   --->   Operation 68 'mul' 'mul_ln234' <Predicate = true> <Delay = 2.15> <CoreInst = "DSP48">   --->   Core 119 'DSP48' <Latency = 3> <II = 1> <Delay = 2.15> <IPBlock> <Opcode : 'mul' 'add' 'sub' 'select'> <InPorts = 0> <OutPorts = 1> <Sync> <CReg>

State 12 <SV = 11> <Delay = 5.61>
ST_12 : Operation 69 [1/1] (0.00ns)   --->   "%zext_ln230_1 = zext i8 %card_box_min_x_V" [hls_fajlovi/card_recognizer_dram_hls.cpp:230]   --->   Operation 69 'zext' 'zext_ln230_1' <Predicate = true> <Delay = 0.00>
ST_12 : Operation 70 [1/1] (0.00ns)   --->   "%zext_ln230_2 = zext i8 %card_box_max_x_V" [hls_fajlovi/card_recognizer_dram_hls.cpp:230]   --->   Operation 70 'zext' 'zext_ln230_2' <Predicate = true> <Delay = 0.00>
ST_12 : Operation 71 [1/1] (1.91ns)   --->   "%sub_ln230 = sub i9 1, i9 %zext_ln230_1" [hls_fajlovi/card_recognizer_dram_hls.cpp:230]   --->   Operation 71 'sub' 'sub_ln230' <Predicate = true> <Delay = 1.91> <CoreInst = "Adder">   --->   Core 1 'Adder' <Latency = 0> <II = 1> <Delay = 1.91> <FuncUnit> <Opcode : 'add' 'sub'> <InPorts = 2> <OutPorts = 1>
ST_12 : Operation 72 [1/1] (0.00ns)   --->   "%sext_ln231 = sext i9 %sub_ln230" [hls_fajlovi/card_recognizer_dram_hls.cpp:231]   --->   Operation 72 'sext' 'sext_ln231' <Predicate = true> <Delay = 0.00>
ST_12 : Operation 73 [1/1] (0.00ns)   --->   "%zext_ln233 = zext i8 %card_box_max_x_V" [hls_fajlovi/card_recognizer_dram_hls.cpp:233]   --->   Operation 73 'zext' 'zext_ln233' <Predicate = true> <Delay = 0.00>
ST_12 : Operation 74 [1/1] (1.82ns)   --->   "%add_ln233 = add i10 %sext_ln231, i10 %zext_ln230_2" [hls_fajlovi/card_recognizer_dram_hls.cpp:233]   --->   Operation 74 'add' 'add_ln233' <Predicate = true> <Delay = 1.82> <CoreInst = "Adder">   --->   Core 1 'Adder' <Latency = 0> <II = 1> <Delay = 1.82> <FuncUnit> <Opcode : 'add' 'sub'> <InPorts = 2> <OutPorts = 1>
ST_12 : Operation 75 [1/1] (0.00ns) (grouped into TernaryAdder)   --->   "%add_ln233_1 = add i9 %sub_ln230, i9 %zext_ln233" [hls_fajlovi/card_recognizer_dram_hls.cpp:233]   --->   Operation 75 'add' 'add_ln233_1' <Predicate = true> <Delay = 0.00> <CoreInst = "TAddSub">   --->   Core 10 'TAddSub' <Latency = 0> <II = 1> <Delay = 1.84> <IPBlock> <Opcode : 'add' 'sub'> <InPorts = 3> <OutPorts = 1> <Sync> <CReg>
ST_12 : Operation 76 [1/1] (0.00ns)   --->   "%tmp = bitselect i1 @_ssdm_op_BitSelect.i1.i10.i32, i10 %add_ln233, i32 9" [hls_fajlovi/card_recognizer_dram_hls.cpp:233]   --->   Operation 76 'bitselect' 'tmp' <Predicate = true> <Delay = 0.00>
ST_12 : Operation 77 [1/1] (3.69ns) (root node of TernaryAdder)   --->   "%sub_ln233 = sub i9 0, i9 %add_ln233_1" [hls_fajlovi/card_recognizer_dram_hls.cpp:233]   --->   Operation 77 'sub' 'sub_ln233' <Predicate = true> <Delay = 3.69> <CoreInst = "TAddSub">   --->   Core 10 'TAddSub' <Latency = 0> <II = 1> <Delay = 1.84> <IPBlock> <Opcode : 'add' 'sub'> <InPorts = 3> <OutPorts = 1> <Sync> <CReg>
ST_12 : Operation 78 [1/1] (0.00ns)   --->   "%trunc_ln233_1 = partselect i7 @_ssdm_op_PartSelect.i7.i9.i32.i32, i9 %sub_ln233, i32 2, i32 8" [hls_fajlovi/card_recognizer_dram_hls.cpp:233]   --->   Operation 78 'partselect' 'trunc_ln233_1' <Predicate = true> <Delay = 0.00>
ST_12 : Operation 79 [1/1] (0.00ns)   --->   "%trunc_ln233_2 = partselect i8 @_ssdm_op_PartSelect.i8.i10.i32.i32, i10 %add_ln233, i32 2, i32 9" [hls_fajlovi/card_recognizer_dram_hls.cpp:233]   --->   Operation 79 'partselect' 'trunc_ln233_2' <Predicate = true> <Delay = 0.00>
ST_12 : Operation 80 [1/4] (0.00ns) (root node of the DSP)   --->   "%mul_ln234 = mul i22 %sext_ln234, i22 1366" [hls_fajlovi/card_recognizer_dram_hls.cpp:234]   --->   Operation 80 'mul' 'mul_ln234' <Predicate = true> <Delay = 0.00> <CoreInst = "DSP48">   --->   Core 119 'DSP48' <Latency = 3> <II = 1> <Delay = 2.15> <IPBlock> <Opcode : 'mul' 'add' 'sub' 'select'> <InPorts = 0> <OutPorts = 1> <Sync> <CReg>
ST_12 : Operation 81 [1/1] (0.00ns)   --->   "%trunc_ln234 = trunc i22 %mul_ln234" [hls_fajlovi/card_recognizer_dram_hls.cpp:234]   --->   Operation 81 'trunc' 'trunc_ln234' <Predicate = (tmp_2)> <Delay = 0.00>
ST_12 : Operation 82 [1/1] (2.19ns)   --->   "%sub_ln234 = sub i20 0, i20 %trunc_ln234" [hls_fajlovi/card_recognizer_dram_hls.cpp:234]   --->   Operation 82 'sub' 'sub_ln234' <Predicate = (tmp_2)> <Delay = 2.19> <CoreInst = "Adder">   --->   Core 1 'Adder' <Latency = 0> <II = 1> <Delay = 2.19> <FuncUnit> <Opcode : 'add' 'sub'> <InPorts = 2> <OutPorts = 1>
ST_12 : Operation 83 [1/1] (0.00ns) (grouped into LUT with out node sub_ln234_1)   --->   "%tmp_cast = partselect i8 @_ssdm_op_PartSelect.i8.i20.i32.i32, i20 %sub_ln234, i32 12, i32 19" [hls_fajlovi/card_recognizer_dram_hls.cpp:234]   --->   Operation 83 'partselect' 'tmp_cast' <Predicate = (tmp_2)> <Delay = 0.00>
ST_12 : Operation 84 [1/1] (0.00ns)   --->   "%tmp_1_cast = partselect i8 @_ssdm_op_PartSelect.i8.i22.i32.i32, i22 %mul_ln234, i32 12, i32 19" [hls_fajlovi/card_recognizer_dram_hls.cpp:234]   --->   Operation 84 'partselect' 'tmp_1_cast' <Predicate = true> <Delay = 0.00>
ST_12 : Operation 85 [1/1] (0.00ns) (grouped into LUT with out node sub_ln234_1)   --->   "%select_ln234 = select i1 %tmp_2, i8 %tmp_cast, i8 %tmp_1_cast" [hls_fajlovi/card_recognizer_dram_hls.cpp:234]   --->   Operation 85 'select' 'select_ln234' <Predicate = (tmp_2)> <Delay = 0.00> <CoreInst = "Sel">   --->   Core 73 'Sel' <Latency = 0> <II = 1> <Delay = 1.24> <FuncUnit> <Opcode : 'select'> <InPorts = 3> <OutPorts = 1>
ST_12 : Operation 86 [1/1] (1.91ns) (out node of the LUT)   --->   "%sub_ln234_1 = sub i8 0, i8 %select_ln234" [hls_fajlovi/card_recognizer_dram_hls.cpp:234]   --->   Operation 86 'sub' 'sub_ln234_1' <Predicate = (tmp_2)> <Delay = 1.91> <CoreInst = "Adder">   --->   Core 1 'Adder' <Latency = 0> <II = 1> <Delay = 1.91> <FuncUnit> <Opcode : 'add' 'sub'> <InPorts = 2> <OutPorts = 1>

State 13 <SV = 12> <Delay = 6.10>
ST_13 : Operation 87 [1/1] (0.00ns) (grouped into LUT with out node x1)   --->   "%zext_ln230 = zext i8 %card_box_min_x_V" [hls_fajlovi/card_recognizer_dram_hls.cpp:230]   --->   Operation 87 'zext' 'zext_ln230' <Predicate = true> <Delay = 0.00>
ST_13 : Operation 88 [1/1] (0.00ns)   --->   "%sext_ln233_1 = sext i7 %trunc_ln233_1" [hls_fajlovi/card_recognizer_dram_hls.cpp:233]   --->   Operation 88 'sext' 'sext_ln233_1' <Predicate = (tmp)> <Delay = 0.00>
ST_13 : Operation 89 [1/1] (0.00ns)   --->   "%zext_ln233_1 = zext i9 %sext_ln233_1" [hls_fajlovi/card_recognizer_dram_hls.cpp:233]   --->   Operation 89 'zext' 'zext_ln233_1' <Predicate = (tmp)> <Delay = 0.00>
ST_13 : Operation 90 [1/1] (1.82ns)   --->   "%sub_ln233_1 = sub i10 0, i10 %zext_ln233_1" [hls_fajlovi/card_recognizer_dram_hls.cpp:233]   --->   Operation 90 'sub' 'sub_ln233_1' <Predicate = (tmp)> <Delay = 1.82> <CoreInst = "Adder">   --->   Core 1 'Adder' <Latency = 0> <II = 1> <Delay = 1.82> <FuncUnit> <Opcode : 'add' 'sub'> <InPorts = 2> <OutPorts = 1>
ST_13 : Operation 91 [1/1] (0.00ns)   --->   "%sext_ln233_2 = sext i8 %trunc_ln233_2" [hls_fajlovi/card_recognizer_dram_hls.cpp:233]   --->   Operation 91 'sext' 'sext_ln233_2' <Predicate = (!tmp)> <Delay = 0.00>
ST_13 : Operation 92 [1/1] (0.00ns)   --->   "%zext_ln233_2 = zext i9 %sext_ln233_2" [hls_fajlovi/card_recognizer_dram_hls.cpp:233]   --->   Operation 92 'zext' 'zext_ln233_2' <Predicate = (!tmp)> <Delay = 0.00>
ST_13 : Operation 93 [1/1] (0.68ns)   --->   "%roi_w = select i1 %tmp, i10 %sub_ln233_1, i10 %zext_ln233_2" [hls_fajlovi/card_recognizer_dram_hls.cpp:233]   --->   Operation 93 'select' 'roi_w' <Predicate = true> <Delay = 0.68> <CoreInst = "Sel">   --->   Core 73 'Sel' <Latency = 0> <II = 1> <Delay = 0.68> <FuncUnit> <Opcode : 'select'> <InPorts = 3> <OutPorts = 1>
ST_13 : Operation 94 [1/1] (0.00ns) (grouped into LUT with out node x1)   --->   "%trunc_ln233 = trunc i10 %roi_w" [hls_fajlovi/card_recognizer_dram_hls.cpp:233]   --->   Operation 94 'trunc' 'trunc_ln233' <Predicate = true> <Delay = 0.00>
ST_13 : Operation 95 [1/1] (1.24ns)   --->   "%roi_h = select i1 %tmp_2, i8 %sub_ln234_1, i8 %tmp_1_cast" [hls_fajlovi/card_recognizer_dram_hls.cpp:234]   --->   Operation 95 'select' 'roi_h' <Predicate = true> <Delay = 1.24> <CoreInst = "Sel">   --->   Core 73 'Sel' <Latency = 0> <II = 1> <Delay = 1.24> <FuncUnit> <Opcode : 'select'> <InPorts = 3> <OutPorts = 1>
ST_13 : Operation 96 [1/1] (0.00ns) (grouped into LUT with out node y1)   --->   "%trunc_ln234_1 = trunc i8 %roi_h" [hls_fajlovi/card_recognizer_dram_hls.cpp:234]   --->   Operation 96 'trunc' 'trunc_ln234_1' <Predicate = true> <Delay = 0.00>
ST_13 : Operation 97 [1/1] (1.77ns)   --->   "%icmp_ln235 = icmp_slt  i10 %roi_w, i10 1" [hls_fajlovi/card_recognizer_dram_hls.cpp:235]   --->   Operation 97 'icmp' 'icmp_ln235' <Predicate = true> <Delay = 1.77> <CoreInst = "Cmp">   --->   Core 9 'Cmp' <Latency = 0> <II = 1> <Delay = 1.77> <FuncUnit> <Opcode : 'icmp'> <InPorts = 2> <OutPorts = 1>
ST_13 : Operation 98 [1/1] (0.00ns) (grouped into LUT with out node x1)   --->   "%roi_w_1 = select i1 %icmp_ln235, i9 1, i9 %trunc_ln233" [hls_fajlovi/card_recognizer_dram_hls.cpp:235]   --->   Operation 98 'select' 'roi_w_1' <Predicate = true> <Delay = 0.00> <CoreInst = "Sel">   --->   Core 73 'Sel' <Latency = 0> <II = 1> <Delay = 0.96> <FuncUnit> <Opcode : 'select'> <InPorts = 3> <OutPorts = 1>
ST_13 : Operation 99 [1/1] (0.00ns) (grouped into LUT with out node x1)   --->   "%zext_ln233_3 = zext i9 %roi_w_1" [hls_fajlovi/card_recognizer_dram_hls.cpp:233]   --->   Operation 99 'zext' 'zext_ln233_3' <Predicate = true> <Delay = 0.00>
ST_13 : Operation 100 [1/1] (1.55ns)   --->   "%icmp_ln236 = icmp_slt  i8 %roi_h, i8 1" [hls_fajlovi/card_recognizer_dram_hls.cpp:236]   --->   Operation 100 'icmp' 'icmp_ln236' <Predicate = true> <Delay = 1.55> <CoreInst = "Cmp">   --->   Core 9 'Cmp' <Latency = 0> <II = 1> <Delay = 1.55> <FuncUnit> <Opcode : 'icmp'> <InPorts = 2> <OutPorts = 1>
ST_13 : Operation 101 [1/1] (0.00ns) (grouped into LUT with out node y1)   --->   "%roi_h_1 = select i1 %icmp_ln236, i7 1, i7 %trunc_ln234_1" [hls_fajlovi/card_recognizer_dram_hls.cpp:236]   --->   Operation 101 'select' 'roi_h_1' <Predicate = true> <Delay = 0.00> <CoreInst = "Sel">   --->   Core 73 'Sel' <Latency = 0> <II = 1> <Delay = 0.99> <FuncUnit> <Opcode : 'select'> <InPorts = 3> <OutPorts = 1>
ST_13 : Operation 102 [1/1] (0.00ns) (grouped into LUT with out node y1)   --->   "%zext_ln234 = zext i7 %roi_h_1" [hls_fajlovi/card_recognizer_dram_hls.cpp:234]   --->   Operation 102 'zext' 'zext_ln234' <Predicate = true> <Delay = 0.00>
ST_13 : Operation 103 [1/1] (1.82ns) (out node of the LUT)   --->   "%x1 = add i10 %zext_ln233_3, i10 %zext_ln230" [hls_fajlovi/card_recognizer_dram_hls.cpp:240]   --->   Operation 103 'add' 'x1' <Predicate = true> <Delay = 1.82> <CoreInst = "Adder">   --->   Core 1 'Adder' <Latency = 0> <II = 1> <Delay = 1.82> <FuncUnit> <Opcode : 'add' 'sub'> <InPorts = 2> <OutPorts = 1>
ST_13 : Operation 104 [1/1] (1.91ns) (out node of the LUT)   --->   "%y1 = add i9 %zext_ln234, i9 %zext_ln231" [hls_fajlovi/card_recognizer_dram_hls.cpp:241]   --->   Operation 104 'add' 'y1' <Predicate = true> <Delay = 1.91> <CoreInst = "Adder">   --->   Core 1 'Adder' <Latency = 0> <II = 1> <Delay = 1.91> <FuncUnit> <Opcode : 'add' 'sub'> <InPorts = 2> <OutPorts = 1>

State 14 <SV = 13> <Delay = 3.63>
ST_14 : Operation 105 [2/2] (3.63ns)   --->   "%call_ln288 = call void @card_recognizer_hw_Pipeline_ROI_Y_LOOP_ROI_X_LOOP, i8 %card_box_min_y_V, i9 %y1, i15 %trunc_ln246, i8 %card_box_min_x_V, i10 %x1, i32 %roi_count_2_loc, i1 %binary_V" [hls_fajlovi/card_recognizer_dram_hls.cpp:288]   --->   Operation 105 'call' 'call_ln288' <Predicate = true> <Delay = 3.63> <CoreType = "Generic">   --->   Core 0 '' <Latency = 0> <II = 1> <Delay = 1.00> <Generic> <Opcode : >

State 15 <SV = 14> <Delay = 0.00>
ST_15 : Operation 106 [1/2] (0.00ns)   --->   "%call_ln288 = call void @card_recognizer_hw_Pipeline_ROI_Y_LOOP_ROI_X_LOOP, i8 %card_box_min_y_V, i9 %y1, i15 %trunc_ln246, i8 %card_box_min_x_V, i10 %x1, i32 %roi_count_2_loc, i1 %binary_V" [hls_fajlovi/card_recognizer_dram_hls.cpp:288]   --->   Operation 106 'call' 'call_ln288' <Predicate = true> <Delay = 0.00> <CoreType = "Generic">   --->   Core 0 '' <Latency = 0> <II = 1> <Delay = 1.00> <Generic> <Opcode : >

State 16 <SV = 15> <Delay = 2.58>
ST_16 : Operation 107 [1/1] (0.00ns)   --->   "%roi_count_2_loc_load = load i32 %roi_count_2_loc"   --->   Operation 107 'load' 'roi_count_2_loc_load' <Predicate = (card_box_valid_V)> <Delay = 0.00>
ST_16 : Operation 108 [1/1] (1.58ns)   --->   "%br_ln0 = br void %_Z20analyze_top_left_roiPK7ap_uintILi1EE4BBoxi.exit"   --->   Operation 108 'br' 'br_ln0' <Predicate = (card_box_valid_V)> <Delay = 1.58>
ST_16 : Operation 109 [1/1] (0.00ns)   --->   "%roi_count_1 = phi i32 %roi_count_2_loc_load, void %if.end.i, i32 0, void %_Z8binarizePK7ap_uintILi8EEPS_ILi1EEii.exit"   --->   Operation 109 'phi' 'roi_count_1' <Predicate = true> <Delay = 0.00>
ST_16 : Operation 110 [1/1] (1.00ns)   --->   "%write_ln291 = write void @_ssdm_op_Write.s_axilite.i32P0A, i32 %result_rank, i32 %card_box_count" [hls_fajlovi/card_recognizer_dram_hls.cpp:291]   --->   Operation 110 'write' 'write_ln291' <Predicate = true> <Delay = 1.00> <CoreInst = "s_axilite">   --->   Core 114 's_axilite' <Latency = 0> <II = 1> <Delay = 1.00> <Adapter> <Opcode : 'read' 'write'>
ST_16 : Operation 111 [1/1] (1.00ns)   --->   "%write_ln292 = write void @_ssdm_op_Write.s_axilite.i32P0A, i32 %result_suit, i32 %roi_count_1" [hls_fajlovi/card_recognizer_dram_hls.cpp:292]   --->   Operation 111 'write' 'write_ln292' <Predicate = true> <Delay = 1.00> <CoreInst = "s_axilite">   --->   Core 114 's_axilite' <Latency = 0> <II = 1> <Delay = 1.00> <Adapter> <Opcode : 'read' 'write'>
ST_16 : Operation 112 [1/1] (0.00ns)   --->   "%ret_ln293 = ret" [hls_fajlovi/card_recognizer_dram_hls.cpp:293]   --->   Operation 112 'ret' 'ret_ln293' <Predicate = true> <Delay = 0.00>


============================================================
+ Verbose Summary: Timing violations
============================================================
Target clock period: 10ns, clock uncertainty: 2.7ns.

 <State 1>: 1ns
The critical path consists of the following:
	s_axi read operation ('height_read') on port 'height' [8]  (1 ns)

 <State 2>: 6.91ns
The critical path consists of the following:
	'mul' operation ('n', hls_fajlovi/card_recognizer_dram_hls.cpp:284) [30]  (6.91 ns)

 <State 3>: 6.91ns
The critical path consists of the following:
	'mul' operation ('n', hls_fajlovi/card_recognizer_dram_hls.cpp:284) [30]  (6.91 ns)

 <State 4>: 6.53ns
The critical path consists of the following:
	'call' operation ('call_ln33', hls_fajlovi/card_recognizer_dram_hls.cpp:33) to 'card_recognizer_hw_Pipeline_GRAYSCALE_LOOP' [35]  (4.06 ns)
	blocking operation 2.47 ns on control path)

 <State 5>: 0ns
The critical path consists of the following:

 <State 6>: 4.06ns
The critical path consists of the following:
	'call' operation ('call_ln33', hls_fajlovi/card_recognizer_dram_hls.cpp:33) to 'card_recognizer_hw_Pipeline_BINARIZE_LOOP' [36]  (4.06 ns)

 <State 7>: 0ns
The critical path consists of the following:

 <State 8>: 0ns
The critical path consists of the following:

 <State 9>: 5.89ns
The critical path consists of the following:
	'call' operation ('call_ret', hls_fajlovi/card_recognizer_dram_hls.cpp:288) to 'find_largest_component_ccl' [39]  (0 ns)
	'sub' operation ('sub_ln231', hls_fajlovi/card_recognizer_dram_hls.cpp:231) [55]  (1.92 ns)
	'add' operation ('add_ln234', hls_fajlovi/card_recognizer_dram_hls.cpp:234) [71]  (1.82 ns)
	'mul' operation of DSP[73] ('mul_ln234', hls_fajlovi/card_recognizer_dram_hls.cpp:234) [73]  (2.15 ns)

 <State 10>: 2.15ns
The critical path consists of the following:
	'mul' operation of DSP[73] ('mul_ln234', hls_fajlovi/card_recognizer_dram_hls.cpp:234) [73]  (2.15 ns)

 <State 11>: 2.15ns
The critical path consists of the following:
	'mul' operation of DSP[73] ('mul_ln234', hls_fajlovi/card_recognizer_dram_hls.cpp:234) [73]  (2.15 ns)

 <State 12>: 5.61ns
The critical path consists of the following:
	'sub' operation ('sub_ln230', hls_fajlovi/card_recognizer_dram_hls.cpp:230) [51]  (1.92 ns)
	'add' operation ('add_ln233_1', hls_fajlovi/card_recognizer_dram_hls.cpp:233) [59]  (0 ns)
	'sub' operation ('sub_ln233', hls_fajlovi/card_recognizer_dram_hls.cpp:233) [61]  (3.7 ns)

 <State 13>: 6.1ns
The critical path consists of the following:
	'sub' operation ('sub_ln233_1', hls_fajlovi/card_recognizer_dram_hls.cpp:233) [65]  (1.82 ns)
	'select' operation ('roi_w', hls_fajlovi/card_recognizer_dram_hls.cpp:233) [69]  (0.687 ns)
	'icmp' operation ('icmp_ln235', hls_fajlovi/card_recognizer_dram_hls.cpp:235) [83]  (1.77 ns)
	'select' operation ('roi_w', hls_fajlovi/card_recognizer_dram_hls.cpp:235) [84]  (0 ns)
	'add' operation ('x1', hls_fajlovi/card_recognizer_dram_hls.cpp:240) [89]  (1.82 ns)

 <State 14>: 3.63ns
The critical path consists of the following:
	'call' operation ('call_ln288', hls_fajlovi/card_recognizer_dram_hls.cpp:288) to 'card_recognizer_hw_Pipeline_ROI_Y_LOOP_ROI_X_LOOP' [92]  (3.63 ns)

 <State 15>: 0ns
The critical path consists of the following:

 <State 16>: 2.59ns
The critical path consists of the following:
	'load' operation ('roi_count_2_loc_load') on local variable 'roi_count_2_loc' [93]  (0 ns)
	multiplexor before 'phi' operation ('roi_count') with incoming values : ('roi_count_2_loc_load') [96]  (1.59 ns)
	'phi' operation ('roi_count') with incoming values : ('roi_count_2_loc_load') [96]  (0 ns)
	s_axi write operation ('write_ln292', hls_fajlovi/card_recognizer_dram_hls.cpp:292) on port 'result_suit' (hls_fajlovi/card_recognizer_dram_hls.cpp:292) [98]  (1 ns)


============================================================
+ Verbose Summary: Binding
============================================================
N/A
* FSMD analyzer results:
  - Output states:
 - Input state : 
  - Chain level:
	State 1
	State 2
	State 3
	State 4
	State 5
	State 6
	State 7
	State 8
	State 9
	State 10
	State 11
	State 12
	State 13
	State 14
	State 15
	State 16


============================================================
+ Verbose Summary: Datapath Resource usage 
============================================================
N/A
