

================================================================
== Vitis HLS Report for 'card_recognizer_hw_Pipeline_GRAYSCALE_LOOP'
================================================================
* Date:           Wed Jul 15 18:02:24 2026

* Version:        2022.2 (Build 3670227 on Oct 13 2022)
* Project:        card_recognizer_dram_hls
* Solution:       solution1 (Vivado IP Flow Target)
* Product family: zynq
* Target device:  xc7z010i-clg225-1L


================================================================
== Performance Estimates
================================================================
+ Timing: 
    * Summary: 
    +--------+----------+----------+------------+
    |  Clock |  Target  | Estimated| Uncertainty|
    +--------+----------+----------+------------+
    |ap_clk  |  10.00 ns|  6.270 ns|     2.70 ns|
    +--------+----------+----------+------------+

+ Latency: 
    * Summary: 
    +---------+---------+----------+----------+-------+-------+---------+
    |  Latency (cycles) |  Latency (absolute) |    Interval   | Pipeline|
    |   min   |   max   |    min   |    max   |  min  |  max  |   Type  |
    +---------+---------+----------+----------+-------+-------+---------+
    |    19206|    19206|  0.192 ms|  0.192 ms|  19206|  19206|       no|
    +---------+---------+----------+----------+-------+-------+---------+

    + Detail: 
        * Instance: 
        N/A

        * Loop: 
        +------------------+---------+---------+----------+-----------+-----------+-------+----------+
        |                  |  Latency (cycles) | Iteration|  Initiation Interval  |  Trip |          |
        |     Loop Name    |   min   |   max   |  Latency |  achieved |   target  | Count | Pipelined|
        +------------------+---------+---------+----------+-----------+-----------+-------+----------+
        |- GRAYSCALE_LOOP  |    19204|    19204|         6|          1|          1|  19200|       yes|
        +------------------+---------+---------+----------+-----------+-----------+-------+----------+

============================================================
+ Verbose Summary: Synthesis Manager
============================================================
InlineROM: 1
ExposeGlobal: 0
============================================================
+ Verbose Summary: CDFG Model
============================================================
IsTopModel: 0
ResetActiveHigh: 1
IsCombinational: 0
IsDatapathOnly: 0
HasWiredReturn: 1
HasMFsm: 2
HasVarLatency: 1
IsPipeline: 0
IsRtlPipelined: 0
IsInstanceOverlapped: 0
IsDontTouch: 0
HasImplIP: 0
IsGatedGlobalClock: 0

+ Individual pipeline summary: 
  * Pipeline-0: initiation interval (II) = 1, depth = 6


============================================================
+ Verbose Summary: Schedule
============================================================
* Number of FSM states : 6
* Pipeline : 1
  Pipeline-0 : II = 1, D = 6, States = { 1 2 3 4 5 6 }
* Dataflow Pipeline: 0

* FSM state transitions: 
1 --> 2 
2 --> 3 
3 --> 4 
4 --> 5 
5 --> 6 
6 --> 

* FSM state operations: 

State 1 <SV = 0> <Delay = 4.05>
ST_1 : Operation 9 [1/1] (0.00ns)   --->   "%i = alloca i32 1"   --->   Operation 9 'alloca' 'i' <Predicate = true> <Delay = 0.00>
ST_1 : Operation 10 [1/1] (0.00ns)   --->   "%specmemcore_ln0 = specmemcore void @_ssdm_op_SpecMemCore, i8 %gray_V, i64 666, i64 22, i64 18446744073709551615"   --->   Operation 10 'specmemcore' 'specmemcore_ln0' <Predicate = true> <Delay = 0.00>
ST_1 : Operation 11 [1/1] (0.00ns)   --->   "%specmemcore_ln0 = specmemcore void @_ssdm_op_SpecMemCore, i24 %input_rgb, i64 666, i64 208, i64 1"   --->   Operation 11 'specmemcore' 'specmemcore_ln0' <Predicate = true> <Delay = 0.00>
ST_1 : Operation 12 [1/1] (0.00ns)   --->   "%specinterface_ln0 = specinterface void @_ssdm_op_SpecInterface, i24 %input_rgb, void @empty, i32 0, i32 0, void @empty_0, i32 1, i32 0, void @empty_0, void @empty_0, void @empty_0, i32 0, i32 0, i32 0, i32 0, void @empty_0, void @empty_0, i32 4294967295, i32 0"   --->   Operation 12 'specinterface' 'specinterface_ln0' <Predicate = true> <Delay = 0.00>
ST_1 : Operation 13 [1/1] (0.00ns)   --->   "%trunc_ln_read = read i31 @_ssdm_op_Read.ap_auto.i31, i31 %trunc_ln"   --->   Operation 13 'read' 'trunc_ln_read' <Predicate = true> <Delay = 0.00>
ST_1 : Operation 14 [1/1] (1.58ns)   --->   "%store_ln0 = store i15 0, i15 %i"   --->   Operation 14 'store' 'store_ln0' <Predicate = true> <Delay = 1.58>
ST_1 : Operation 15 [1/1] (0.00ns)   --->   "%br_ln0 = br void %for.inc.i"   --->   Operation 15 'br' 'br_ln0' <Predicate = true> <Delay = 0.00>
ST_1 : Operation 16 [1/1] (0.00ns)   --->   "%i_3 = load i15 %i" [hls_fajlovi/card_recognizer_dram_hls.cpp:33]   --->   Operation 16 'load' 'i_3' <Predicate = true> <Delay = 0.00>
ST_1 : Operation 17 [1/1] (0.00ns)   --->   "%zext_ln33_1 = zext i15 %i_3" [hls_fajlovi/card_recognizer_dram_hls.cpp:33]   --->   Operation 17 'zext' 'zext_ln33_1' <Predicate = true> <Delay = 0.00>
ST_1 : Operation 18 [1/1] (2.47ns)   --->   "%icmp_ln33 = icmp_eq  i31 %zext_ln33_1, i31 %trunc_ln_read" [hls_fajlovi/card_recognizer_dram_hls.cpp:33]   --->   Operation 18 'icmp' 'icmp_ln33' <Predicate = true> <Delay = 2.47> <CoreInst = "Cmp">   --->   Core 9 'Cmp' <Latency = 0> <II = 1> <Delay = 2.47> <FuncUnit> <Opcode : 'icmp'> <InPorts = 2> <OutPorts = 1>
ST_1 : Operation 19 [1/1] (1.94ns)   --->   "%add_ln33 = add i15 %i_3, i15 1" [hls_fajlovi/card_recognizer_dram_hls.cpp:33]   --->   Operation 19 'add' 'add_ln33' <Predicate = true> <Delay = 1.94> <CoreInst = "Adder">   --->   Core 1 'Adder' <Latency = 0> <II = 1> <Delay = 1.94> <FuncUnit> <Opcode : 'add' 'sub'> <InPorts = 2> <OutPorts = 1>
ST_1 : Operation 20 [1/1] (0.00ns)   --->   "%br_ln33 = br i1 %icmp_ln33, void %for.inc.i.split, void %for.inc.i6.preheader.exitStub" [hls_fajlovi/card_recognizer_dram_hls.cpp:33]   --->   Operation 20 'br' 'br_ln33' <Predicate = true> <Delay = 0.00>
ST_1 : Operation 21 [1/1] (0.00ns)   --->   "%zext_ln33 = zext i15 %i_3" [hls_fajlovi/card_recognizer_dram_hls.cpp:33]   --->   Operation 21 'zext' 'zext_ln33' <Predicate = (!icmp_ln33)> <Delay = 0.00>
ST_1 : Operation 22 [1/1] (0.00ns)   --->   "%input_rgb_addr = getelementptr i24 %input_rgb, i64 0, i64 %zext_ln33" [hls_fajlovi/card_recognizer_dram_hls.cpp:36]   --->   Operation 22 'getelementptr' 'input_rgb_addr' <Predicate = (!icmp_ln33)> <Delay = 0.00>
ST_1 : Operation 23 [2/2] (3.25ns)   --->   "%pix_V = load i15 %input_rgb_addr" [hls_fajlovi/card_recognizer_dram_hls.cpp:36]   --->   Operation 23 'load' 'pix_V' <Predicate = (!icmp_ln33)> <Delay = 3.25> <CoreInst = "RAM_2P">   --->   Core 89 'RAM_2P' <Latency = 1> <II = 1> <Delay = 3.25> <Storage> <Opcode : 'load' 'store'> <Ports = 2> <Width = 24> <Depth = 19200> <RAM>
ST_1 : Operation 24 [1/1] (1.58ns)   --->   "%store_ln33 = store i15 %add_ln33, i15 %i" [hls_fajlovi/card_recognizer_dram_hls.cpp:33]   --->   Operation 24 'store' 'store_ln33' <Predicate = (!icmp_ln33)> <Delay = 1.58>

State 2 <SV = 1> <Delay = 4.30>
ST_2 : Operation 25 [1/2] (3.25ns)   --->   "%pix_V = load i15 %input_rgb_addr" [hls_fajlovi/card_recognizer_dram_hls.cpp:36]   --->   Operation 25 'load' 'pix_V' <Predicate = true> <Delay = 3.25> <CoreInst = "RAM_2P">   --->   Core 89 'RAM_2P' <Latency = 1> <II = 1> <Delay = 3.25> <Storage> <Opcode : 'load' 'store'> <Ports = 2> <Width = 24> <Depth = 19200> <RAM>
ST_2 : Operation 26 [1/1] (0.00ns)   --->   "%r = trunc i24 %pix_V"   --->   Operation 26 'trunc' 'r' <Predicate = true> <Delay = 0.00>
ST_2 : Operation 27 [1/1] (0.00ns)   --->   "%g = partselect i8 @_ssdm_op_PartSelect.i8.i24.i32.i32, i24 %pix_V, i32 8, i32 15"   --->   Operation 27 'partselect' 'g' <Predicate = true> <Delay = 0.00>
ST_2 : Operation 28 [1/1] (0.00ns)   --->   "%b = partselect i8 @_ssdm_op_PartSelect.i8.i24.i32.i32, i24 %pix_V, i32 16, i32 23"   --->   Operation 28 'partselect' 'b' <Predicate = true> <Delay = 0.00>
ST_2 : Operation 29 [1/1] (0.00ns)   --->   "%zext_ln39 = zext i8 %b" [hls_fajlovi/card_recognizer_dram_hls.cpp:39]   --->   Operation 29 'zext' 'zext_ln39' <Predicate = true> <Delay = 0.00>
ST_2 : Operation 30 [3/3] (1.05ns) (grouped into DSP with root node add_ln40)   --->   "%mul_ln40_2 = mul i13 %zext_ln39, i13 29" [hls_fajlovi/card_recognizer_dram_hls.cpp:40]   --->   Operation 30 'mul' 'mul_ln40_2' <Predicate = true> <Delay = 1.05> <CoreInst = "DSP48">   --->   Core 119 'DSP48' <Latency = 3> <II = 1> <Delay = 2.15> <IPBlock> <Opcode : 'mul' 'add' 'sub' 'select'> <InPorts = 0> <OutPorts = 1> <Sync> <CReg>

State 3 <SV = 2> <Delay = 1.05>
ST_3 : Operation 31 [1/1] (0.00ns)   --->   "%zext_ln38 = zext i8 %g" [hls_fajlovi/card_recognizer_dram_hls.cpp:38]   --->   Operation 31 'zext' 'zext_ln38' <Predicate = true> <Delay = 0.00>
ST_3 : Operation 32 [3/3] (1.05ns) (grouped into DSP with root node add_ln40_1)   --->   "%mul_ln40_1 = mul i16 %zext_ln38, i16 150" [hls_fajlovi/card_recognizer_dram_hls.cpp:40]   --->   Operation 32 'mul' 'mul_ln40_1' <Predicate = true> <Delay = 1.05> <CoreInst = "DSP48">   --->   Core 119 'DSP48' <Latency = 3> <II = 1> <Delay = 2.15> <IPBlock> <Opcode : 'mul' 'add' 'sub' 'select'> <InPorts = 0> <OutPorts = 1> <Sync> <CReg>
ST_3 : Operation 33 [2/3] (1.05ns) (grouped into DSP with root node add_ln40)   --->   "%mul_ln40_2 = mul i13 %zext_ln39, i13 29" [hls_fajlovi/card_recognizer_dram_hls.cpp:40]   --->   Operation 33 'mul' 'mul_ln40_2' <Predicate = true> <Delay = 1.05> <CoreInst = "DSP48">   --->   Core 119 'DSP48' <Latency = 3> <II = 1> <Delay = 2.15> <IPBlock> <Opcode : 'mul' 'add' 'sub' 'select'> <InPorts = 0> <OutPorts = 1> <Sync> <CReg>

State 4 <SV = 3> <Delay = 6.27>
ST_4 : Operation 34 [1/1] (0.00ns)   --->   "%zext_ln37 = zext i8 %r" [hls_fajlovi/card_recognizer_dram_hls.cpp:37]   --->   Operation 34 'zext' 'zext_ln37' <Predicate = true> <Delay = 0.00>
ST_4 : Operation 35 [1/1] (4.17ns)   --->   "%mul_ln40 = mul i15 %zext_ln37, i15 77" [hls_fajlovi/card_recognizer_dram_hls.cpp:40]   --->   Operation 35 'mul' 'mul_ln40' <Predicate = true> <Delay = 4.17> <CoreInst = "Multiplier">   --->   Core 3 'Multiplier' <Latency = 0> <II = 1> <Delay = 4.17> <FuncUnit> <Opcode : 'mul'> <InPorts = 2> <OutPorts = 1>
ST_4 : Operation 36 [2/3] (1.05ns) (grouped into DSP with root node add_ln40_1)   --->   "%mul_ln40_1 = mul i16 %zext_ln38, i16 150" [hls_fajlovi/card_recognizer_dram_hls.cpp:40]   --->   Operation 36 'mul' 'mul_ln40_1' <Predicate = true> <Delay = 1.05> <CoreInst = "DSP48">   --->   Core 119 'DSP48' <Latency = 3> <II = 1> <Delay = 2.15> <IPBlock> <Opcode : 'mul' 'add' 'sub' 'select'> <InPorts = 0> <OutPorts = 1> <Sync> <CReg>
ST_4 : Operation 37 [1/3] (0.00ns) (grouped into DSP with root node add_ln40)   --->   "%mul_ln40_2 = mul i13 %zext_ln39, i13 29" [hls_fajlovi/card_recognizer_dram_hls.cpp:40]   --->   Operation 37 'mul' 'mul_ln40_2' <Predicate = true> <Delay = 0.00> <CoreInst = "DSP48">   --->   Core 119 'DSP48' <Latency = 3> <II = 1> <Delay = 2.15> <IPBlock> <Opcode : 'mul' 'add' 'sub' 'select'> <InPorts = 0> <OutPorts = 1> <Sync> <CReg>
ST_4 : Operation 38 [1/1] (0.00ns) (grouped into DSP with root node add_ln40)   --->   "%zext_ln40 = zext i13 %mul_ln40_2" [hls_fajlovi/card_recognizer_dram_hls.cpp:40]   --->   Operation 38 'zext' 'zext_ln40' <Predicate = true> <Delay = 0.00>
ST_4 : Operation 39 [2/2] (2.10ns) (root node of the DSP)   --->   "%add_ln40 = add i15 %mul_ln40, i15 %zext_ln40" [hls_fajlovi/card_recognizer_dram_hls.cpp:40]   --->   Operation 39 'add' 'add_ln40' <Predicate = true> <Delay = 2.10> <CoreInst = "DSP48">   --->   Core 119 'DSP48' <Latency = 3> <II = 1> <Delay = 2.15> <IPBlock> <Opcode : 'mul' 'add' 'sub' 'select'> <InPorts = 0> <OutPorts = 1> <Sync> <CReg>

State 5 <SV = 4> <Delay = 4.20>
ST_5 : Operation 40 [1/3] (0.00ns) (grouped into DSP with root node add_ln40_1)   --->   "%mul_ln40_1 = mul i16 %zext_ln38, i16 150" [hls_fajlovi/card_recognizer_dram_hls.cpp:40]   --->   Operation 40 'mul' 'mul_ln40_1' <Predicate = true> <Delay = 0.00> <CoreInst = "DSP48">   --->   Core 119 'DSP48' <Latency = 3> <II = 1> <Delay = 2.15> <IPBlock> <Opcode : 'mul' 'add' 'sub' 'select'> <InPorts = 0> <OutPorts = 1> <Sync> <CReg>
ST_5 : Operation 41 [1/2] (2.10ns) (root node of the DSP)   --->   "%add_ln40 = add i15 %mul_ln40, i15 %zext_ln40" [hls_fajlovi/card_recognizer_dram_hls.cpp:40]   --->   Operation 41 'add' 'add_ln40' <Predicate = true> <Delay = 2.10> <CoreInst = "DSP48">   --->   Core 119 'DSP48' <Latency = 3> <II = 1> <Delay = 2.15> <IPBlock> <Opcode : 'mul' 'add' 'sub' 'select'> <InPorts = 0> <OutPorts = 1> <Sync> <CReg>
ST_5 : Operation 42 [1/1] (0.00ns)   --->   "%zext_ln40_1 = zext i15 %add_ln40" [hls_fajlovi/card_recognizer_dram_hls.cpp:40]   --->   Operation 42 'zext' 'zext_ln40_1' <Predicate = true> <Delay = 0.00>
ST_5 : Operation 43 [2/2] (2.10ns) (root node of the DSP)   --->   "%add_ln40_1 = add i16 %zext_ln40_1, i16 %mul_ln40_1" [hls_fajlovi/card_recognizer_dram_hls.cpp:40]   --->   Operation 43 'add' 'add_ln40_1' <Predicate = true> <Delay = 2.10> <CoreInst = "DSP48">   --->   Core 119 'DSP48' <Latency = 3> <II = 1> <Delay = 2.15> <IPBlock> <Opcode : 'mul' 'add' 'sub' 'select'> <InPorts = 0> <OutPorts = 1> <Sync> <CReg>
ST_5 : Operation 52 [1/1] (0.00ns)   --->   "%ret_ln0 = ret"   --->   Operation 52 'ret' 'ret_ln0' <Predicate = (icmp_ln33)> <Delay = 0.00>

State 6 <SV = 5> <Delay = 5.35>
ST_6 : Operation 44 [1/1] (0.00ns)   --->   "%specpipeline_ln35 = specpipeline void @_ssdm_op_SpecPipeline, i32 1, i32 0, i32 0, i32 0, void @empty_0" [hls_fajlovi/card_recognizer_dram_hls.cpp:35]   --->   Operation 44 'specpipeline' 'specpipeline_ln35' <Predicate = true> <Delay = 0.00>
ST_6 : Operation 45 [1/1] (0.00ns)   --->   "%speclooptripcount_ln34 = speclooptripcount void @_ssdm_op_SpecLoopTripCount, i64 19200, i64 19200, i64 19200" [hls_fajlovi/card_recognizer_dram_hls.cpp:34]   --->   Operation 45 'speclooptripcount' 'speclooptripcount_ln34' <Predicate = true> <Delay = 0.00>
ST_6 : Operation 46 [1/1] (0.00ns)   --->   "%specloopname_ln33 = specloopname void @_ssdm_op_SpecLoopName, void @empty_18" [hls_fajlovi/card_recognizer_dram_hls.cpp:33]   --->   Operation 46 'specloopname' 'specloopname_ln33' <Predicate = true> <Delay = 0.00>
ST_6 : Operation 47 [1/2] (2.10ns) (root node of the DSP)   --->   "%add_ln40_1 = add i16 %zext_ln40_1, i16 %mul_ln40_1" [hls_fajlovi/card_recognizer_dram_hls.cpp:40]   --->   Operation 47 'add' 'add_ln40_1' <Predicate = true> <Delay = 2.10> <CoreInst = "DSP48">   --->   Core 119 'DSP48' <Latency = 3> <II = 1> <Delay = 2.15> <IPBlock> <Opcode : 'mul' 'add' 'sub' 'select'> <InPorts = 0> <OutPorts = 1> <Sync> <CReg>
ST_6 : Operation 48 [1/1] (0.00ns)   --->   "%trunc_ln6 = partselect i8 @_ssdm_op_PartSelect.i8.i16.i32.i32, i16 %add_ln40_1, i32 8, i32 15"   --->   Operation 48 'partselect' 'trunc_ln6' <Predicate = true> <Delay = 0.00>
ST_6 : Operation 49 [1/1] (0.00ns)   --->   "%gray_V_addr = getelementptr i8 %gray_V, i64 0, i64 %zext_ln33" [hls_fajlovi/card_recognizer_dram_hls.cpp:40]   --->   Operation 49 'getelementptr' 'gray_V_addr' <Predicate = true> <Delay = 0.00>
ST_6 : Operation 50 [1/1] (3.25ns)   --->   "%store_ln40 = store i8 %trunc_ln6, i15 %gray_V_addr" [hls_fajlovi/card_recognizer_dram_hls.cpp:40]   --->   Operation 50 'store' 'store_ln40' <Predicate = true> <Delay = 3.25> <CoreInst = "RAM_2P_BRAM">   --->   Core 91 'RAM_2P_BRAM' <Latency = 1> <II = 1> <Delay = 3.25> <Storage> <Opcode : 'load' 'store'> <Ports = 2> <Width = 8> <Depth = 19200> <RAM>
ST_6 : Operation 51 [1/1] (0.00ns)   --->   "%br_ln33 = br void %for.inc.i" [hls_fajlovi/card_recognizer_dram_hls.cpp:33]   --->   Operation 51 'br' 'br_ln33' <Predicate = true> <Delay = 0.00>


============================================================
+ Verbose Summary: Binding
============================================================
STG Binding: 
---------------- STG Properties BEGIN ----------------
- Is combinational: 0
- Is one-state seq: 0
- Is datapath-only: 0
- Is pipelined: 0
- Is top level: 0
Port [ Return ] is wired: 1; IO mode=ap_ctrl_hs:ce=0
Port [ trunc_ln]:  wired=1; compound=0; hidden=0; nouse=0; global=0; static=0; extern=0; dir=0; type=0; pingpong=0; private_global=0; IO mode=ap_none:ce=0
Port [ input_rgb]:  wired=1; compound=1; hidden=0; nouse=0; global=0; static=0; extern=0; dir=0; type=1; pingpong=0; private_global=0; MemPort=[13]; IO mode=ap_memory:ce=0
Port [ gray_V]:  wired=1; compound=1; hidden=0; nouse=0; global=1; static=1; extern=0; dir=1; type=1; pingpong=0; private_global=0; MemPort=[30]; IO mode=ap_memory:ce=0
---------------- STG Properties END ------------------

---------------- Datapath Model BEGIN ----------------

<LifeTime>
<method=bitvector/>
i                      (alloca           ) [ 0100000]
specmemcore_ln0        (specmemcore      ) [ 0000000]
specmemcore_ln0        (specmemcore      ) [ 0000000]
specinterface_ln0      (specinterface    ) [ 0000000]
trunc_ln_read          (read             ) [ 0000000]
store_ln0              (store            ) [ 0000000]
br_ln0                 (br               ) [ 0000000]
i_3                    (load             ) [ 0000000]
zext_ln33_1            (zext             ) [ 0000000]
icmp_ln33              (icmp             ) [ 0111110]
add_ln33               (add              ) [ 0000000]
br_ln33                (br               ) [ 0000000]
zext_ln33              (zext             ) [ 0111111]
input_rgb_addr         (getelementptr    ) [ 0110000]
store_ln33             (store            ) [ 0000000]
pix_V                  (load             ) [ 0000000]
r                      (trunc            ) [ 0101100]
g                      (partselect       ) [ 0101000]
b                      (partselect       ) [ 0000000]
zext_ln39              (zext             ) [ 0101100]
zext_ln38              (zext             ) [ 0100110]
zext_ln37              (zext             ) [ 0000000]
mul_ln40               (mul              ) [ 0100010]
mul_ln40_2             (mul              ) [ 0000000]
zext_ln40              (zext             ) [ 0100010]
mul_ln40_1             (mul              ) [ 0100001]
add_ln40               (add              ) [ 0000000]
zext_ln40_1            (zext             ) [ 0100001]
specpipeline_ln35      (specpipeline     ) [ 0000000]
speclooptripcount_ln34 (speclooptripcount) [ 0000000]
specloopname_ln33      (specloopname     ) [ 0000000]
add_ln40_1             (add              ) [ 0000000]
trunc_ln6              (partselect       ) [ 0000000]
gray_V_addr            (getelementptr    ) [ 0000000]
store_ln40             (store            ) [ 0000000]
br_ln33                (br               ) [ 0000000]
ret_ln0                (ret              ) [ 0000000]
</LifeTime>

<model>

<comp_list>
<comp id="0" class="1000" name="trunc_ln">
<pin_list>
<pin id="1" dir="1" index="0" bw="1" slack="0"/>
</pin_list>
<bind>
<StgValue><ssdm name="trunc_ln"/></StgValue>
</bind>
</comp>

<comp id="2" class="1000" name="input_rgb">
<pin_list>
<pin id="3" dir="1" index="0" bw="1" slack="0"/>
</pin_list>
<bind>
<StgValue><ssdm name="input_rgb"/><MemPortTyVec>1 3 </MemPortTyVec>
</StgValue>
</bind>
</comp>

<comp id="4" class="1000" name="gray_V">
<pin_list>
<pin id="5" dir="1" index="0" bw="1" slack="0"/>
</pin_list>
<bind>
<StgValue><ssdm name="gray_V"/><MemPortTyVec>3 0 </MemPortTyVec>
</StgValue>
</bind>
</comp>

<comp id="6" class="1001" name="const_6">
<pin_list>
<pin id="7" dir="1" index="0" bw="1" slack="0"/>
</pin_list>
<bind>
<StgValue><ssdm name=""/></StgValue>
</bind>
</comp>

<comp id="8" class="1001" name="const_8">
<pin_list>
<pin id="9" dir="1" index="0" bw="1" slack="2147483647"/>
</pin_list>
<bind>
<StgValue><ssdm name="_ssdm_op_SpecMemCore"/></StgValue>
</bind>
</comp>

<comp id="10" class="1001" name="const_10">
<pin_list>
<pin id="11" dir="1" index="0" bw="1" slack="2147483647"/>
</pin_list>
<bind>
<StgValue><ssdm name=""/></StgValue>
</bind>
</comp>

<comp id="12" class="1001" name="const_12">
<pin_list>
<pin id="13" dir="1" index="0" bw="1" slack="2147483647"/>
</pin_list>
<bind>
<StgValue><ssdm name=""/></StgValue>
</bind>
</comp>

<comp id="14" class="1001" name="const_14">
<pin_list>
<pin id="15" dir="1" index="0" bw="1" slack="2147483647"/>
</pin_list>
<bind>
<StgValue><ssdm name=""/></StgValue>
</bind>
</comp>

<comp id="16" class="1001" name="const_16">
<pin_list>
<pin id="17" dir="1" index="0" bw="1" slack="2147483647"/>
</pin_list>
<bind>
<StgValue><ssdm name=""/></StgValue>
</bind>
</comp>

<comp id="18" class="1001" name="const_18">
<pin_list>
<pin id="19" dir="1" index="0" bw="1" slack="2147483647"/>
</pin_list>
<bind>
<StgValue><ssdm name=""/></StgValue>
</bind>
</comp>

<comp id="20" class="1001" name="const_20">
<pin_list>
<pin id="21" dir="1" index="0" bw="1" slack="2147483647"/>
</pin_list>
<bind>
<StgValue><ssdm name="_ssdm_op_SpecInterface"/></StgValue>
</bind>
</comp>

<comp id="22" class="1001" name="const_22">
<pin_list>
<pin id="23" dir="1" index="0" bw="1" slack="2147483647"/>
</pin_list>
<bind>
<StgValue><ssdm name="empty"/></StgValue>
</bind>
</comp>

<comp id="24" class="1001" name="const_24">
<pin_list>
<pin id="25" dir="1" index="0" bw="1" slack="2147483647"/>
</pin_list>
<bind>
<StgValue><ssdm name=""/></StgValue>
</bind>
</comp>

<comp id="26" class="1001" name="const_26">
<pin_list>
<pin id="27" dir="1" index="0" bw="1" slack="2147483647"/>
</pin_list>
<bind>
<StgValue><ssdm name="empty_0"/></StgValue>
</bind>
</comp>

<comp id="28" class="1001" name="const_28">
<pin_list>
<pin id="29" dir="1" index="0" bw="1" slack="2147483647"/>
</pin_list>
<bind>
<StgValue><ssdm name=""/></StgValue>
</bind>
</comp>

<comp id="30" class="1001" name="const_30">
<pin_list>
<pin id="31" dir="1" index="0" bw="1" slack="0"/>
</pin_list>
<bind>
<StgValue><ssdm name="_ssdm_op_Read.ap_auto.i31"/></StgValue>
</bind>
</comp>

<comp id="32" class="1001" name="const_32">
<pin_list>
<pin id="33" dir="1" index="0" bw="1" slack="0"/>
</pin_list>
<bind>
<StgValue><ssdm name=""/></StgValue>
</bind>
</comp>

<comp id="34" class="1001" name="const_34">
<pin_list>
<pin id="35" dir="1" index="0" bw="1" slack="0"/>
</pin_list>
<bind>
<StgValue><ssdm name=""/></StgValue>
</bind>
</comp>

<comp id="36" class="1001" name="const_36">
<pin_list>
<pin id="37" dir="1" index="0" bw="1" slack="0"/>
</pin_list>
<bind>
<StgValue><ssdm name=""/></StgValue>
</bind>
</comp>

<comp id="38" class="1001" name="const_38">
<pin_list>
<pin id="39" dir="1" index="0" bw="1" slack="0"/>
</pin_list>
<bind>
<StgValue><ssdm name="_ssdm_op_PartSelect.i8.i24.i32.i32"/></StgValue>
</bind>
</comp>

<comp id="40" class="1001" name="const_40">
<pin_list>
<pin id="41" dir="1" index="0" bw="1" slack="0"/>
</pin_list>
<bind>
<StgValue><ssdm name=""/></StgValue>
</bind>
</comp>

<comp id="42" class="1001" name="const_42">
<pin_list>
<pin id="43" dir="1" index="0" bw="1" slack="0"/>
</pin_list>
<bind>
<StgValue><ssdm name=""/></StgValue>
</bind>
</comp>

<comp id="44" class="1001" name="const_44">
<pin_list>
<pin id="45" dir="1" index="0" bw="1" slack="0"/>
</pin_list>
<bind>
<StgValue><ssdm name=""/></StgValue>
</bind>
</comp>

<comp id="46" class="1001" name="const_46">
<pin_list>
<pin id="47" dir="1" index="0" bw="1" slack="0"/>
</pin_list>
<bind>
<StgValue><ssdm name=""/></StgValue>
</bind>
</comp>

<comp id="48" class="1001" name="const_48">
<pin_list>
<pin id="49" dir="1" index="0" bw="1" slack="0"/>
</pin_list>
<bind>
<StgValue><ssdm name=""/></StgValue>
</bind>
</comp>

<comp id="50" class="1001" name="const_50">
<pin_list>
<pin id="51" dir="1" index="0" bw="1" slack="0"/>
</pin_list>
<bind>
<StgValue><ssdm name=""/></StgValue>
</bind>
</comp>

<comp id="52" class="1001" name="const_52">
<pin_list>
<pin id="53" dir="1" index="0" bw="1" slack="0"/>
</pin_list>
<bind>
<StgValue><ssdm name=""/></StgValue>
</bind>
</comp>

<comp id="54" class="1001" name="const_54">
<pin_list>
<pin id="55" dir="1" index="0" bw="1" slack="2147483647"/>
</pin_list>
<bind>
<StgValue><ssdm name="_ssdm_op_SpecPipeline"/></StgValue>
</bind>
</comp>

<comp id="56" class="1001" name="const_56">
<pin_list>
<pin id="57" dir="1" index="0" bw="1" slack="2147483647"/>
</pin_list>
<bind>
<StgValue><ssdm name="_ssdm_op_SpecLoopTripCount"/></StgValue>
</bind>
</comp>

<comp id="58" class="1001" name="const_58">
<pin_list>
<pin id="59" dir="1" index="0" bw="1" slack="2147483647"/>
</pin_list>
<bind>
<StgValue><ssdm name=""/></StgValue>
</bind>
</comp>

<comp id="60" class="1001" name="const_60">
<pin_list>
<pin id="61" dir="1" index="0" bw="1" slack="2147483647"/>
</pin_list>
<bind>
<StgValue><ssdm name="_ssdm_op_SpecLoopName"/></StgValue>
</bind>
</comp>

<comp id="62" class="1001" name="const_62">
<pin_list>
<pin id="63" dir="1" index="0" bw="1" slack="2147483647"/>
</pin_list>
<bind>
<StgValue><ssdm name="empty_18"/></StgValue>
</bind>
</comp>

<comp id="64" class="1001" name="const_64">
<pin_list>
<pin id="65" dir="1" index="0" bw="1" slack="0"/>
</pin_list>
<bind>
<StgValue><ssdm name="_ssdm_op_PartSelect.i8.i16.i32.i32"/></StgValue>
</bind>
</comp>

<comp id="66" class="1004" name="i_fu_66">
<pin_list>
<pin id="67" dir="0" index="0" bw="1" slack="0"/>
<pin id="68" dir="1" index="1" bw="15" slack="0"/>
</pin_list>
<bind>
<opcode="alloca(26) " fcode="alloca"/>
<opset="i/1 "/>
</bind>
</comp>

<comp id="70" class="1004" name="trunc_ln_read_read_fu_70">
<pin_list>
<pin id="71" dir="0" index="0" bw="31" slack="0"/>
<pin id="72" dir="0" index="1" bw="31" slack="0"/>
<pin id="73" dir="1" index="2" bw="31" slack="0"/>
</pin_list>
<bind>
<opcode="read(1150) " fcode="read"/>
<opset="trunc_ln_read/1 "/>
</bind>
</comp>

<comp id="76" class="1004" name="input_rgb_addr_gep_fu_76">
<pin_list>
<pin id="77" dir="0" index="0" bw="24" slack="0"/>
<pin id="78" dir="0" index="1" bw="1" slack="0"/>
<pin id="79" dir="0" index="2" bw="15" slack="0"/>
<pin id="80" dir="1" index="3" bw="15" slack="0"/>
</pin_list>
<bind>
<opcode="getelementptr(29) " fcode="getelementptr"/>
<opset="input_rgb_addr/1 "/>
</bind>
</comp>

<comp id="83" class="1004" name="grp_access_fu_83">
<pin_list>
<pin id="84" dir="0" index="0" bw="15" slack="0"/>
<pin id="85" dir="0" index="1" bw="24" slack="2147483647"/>
<pin id="86" dir="0" index="2" bw="0" slack="2147483647"/>
<pin id="87" dir="1" index="3" bw="24" slack="0"/>
</pin_list>
<bind>
<opcode="load(27) " fcode="load"/>
<opset="pix_V/1 "/>
</bind>
</comp>

<comp id="89" class="1004" name="gray_V_addr_gep_fu_89">
<pin_list>
<pin id="90" dir="0" index="0" bw="8" slack="0"/>
<pin id="91" dir="0" index="1" bw="1" slack="0"/>
<pin id="92" dir="0" index="2" bw="15" slack="5"/>
<pin id="93" dir="1" index="3" bw="15" slack="0"/>
</pin_list>
<bind>
<opcode="getelementptr(29) " fcode="getelementptr"/>
<opset="gray_V_addr/6 "/>
</bind>
</comp>

<comp id="96" class="1004" name="store_ln40_access_fu_96">
<pin_list>
<pin id="97" dir="0" index="0" bw="15" slack="2147483647"/>
<pin id="98" dir="0" index="1" bw="8" slack="2147483647"/>
<pin id="99" dir="0" index="2" bw="0" slack="0"/>
<pin id="101" dir="0" index="4" bw="15" slack="0"/>
<pin id="102" dir="0" index="5" bw="8" slack="2147483647"/>
<pin id="103" dir="0" index="6" bw="0" slack="2147483647"/>
<pin id="100" dir="1" index="3" bw="8" slack="2147483647"/>
<pin id="104" dir="1" index="7" bw="8" slack="2147483647"/>
</pin_list>
<bind>
<opcode="store(28) " fcode="store"/>
<opset="store_ln40/6 "/>
</bind>
</comp>

<comp id="106" class="1004" name="store_ln0_store_fu_106">
<pin_list>
<pin id="107" dir="0" index="0" bw="1" slack="0"/>
<pin id="108" dir="0" index="1" bw="15" slack="0"/>
<pin id="109" dir="1" index="2" bw="0" slack="2147483647"/>
</pin_list>
<bind>
<opcode="store(28) " fcode="store"/>
<opset="store_ln0/1 "/>
</bind>
</comp>

<comp id="111" class="1004" name="i_3_load_fu_111">
<pin_list>
<pin id="112" dir="0" index="0" bw="15" slack="0"/>
<pin id="113" dir="1" index="1" bw="15" slack="0"/>
</pin_list>
<bind>
<opcode="load(27) " fcode="load"/>
<opset="i_3/1 "/>
</bind>
</comp>

<comp id="114" class="1004" name="zext_ln33_1_fu_114">
<pin_list>
<pin id="115" dir="0" index="0" bw="15" slack="0"/>
<pin id="116" dir="1" index="1" bw="31" slack="0"/>
</pin_list>
<bind>
<opcode="zext(34) " fcode="zext"/>
<opset="zext_ln33_1/1 "/>
</bind>
</comp>

<comp id="118" class="1004" name="icmp_ln33_fu_118">
<pin_list>
<pin id="119" dir="0" index="0" bw="15" slack="0"/>
<pin id="120" dir="0" index="1" bw="31" slack="0"/>
<pin id="121" dir="1" index="2" bw="1" slack="4"/>
</pin_list>
<bind>
<opcode="icmp(45) " fcode="icmp"/>
<opset="icmp_ln33/1 "/>
</bind>
</comp>

<comp id="124" class="1004" name="add_ln33_fu_124">
<pin_list>
<pin id="125" dir="0" index="0" bw="15" slack="0"/>
<pin id="126" dir="0" index="1" bw="1" slack="0"/>
<pin id="127" dir="1" index="2" bw="15" slack="0"/>
</pin_list>
<bind>
<opcode="add(8) " fcode="add"/>
<opset="add_ln33/1 "/>
</bind>
</comp>

<comp id="130" class="1004" name="zext_ln33_fu_130">
<pin_list>
<pin id="131" dir="0" index="0" bw="15" slack="0"/>
<pin id="132" dir="1" index="1" bw="64" slack="0"/>
</pin_list>
<bind>
<opcode="zext(34) " fcode="zext"/>
<opset="zext_ln33/1 "/>
</bind>
</comp>

<comp id="135" class="1004" name="store_ln33_store_fu_135">
<pin_list>
<pin id="136" dir="0" index="0" bw="15" slack="0"/>
<pin id="137" dir="0" index="1" bw="15" slack="0"/>
<pin id="138" dir="1" index="2" bw="0" slack="2147483647"/>
</pin_list>
<bind>
<opcode="store(28) " fcode="store"/>
<opset="store_ln33/1 "/>
</bind>
</comp>

<comp id="140" class="1004" name="r_fu_140">
<pin_list>
<pin id="141" dir="0" index="0" bw="24" slack="0"/>
<pin id="142" dir="1" index="1" bw="8" slack="2"/>
</pin_list>
<bind>
<opcode="trunc(33) " fcode="trunc"/>
<opset="r/2 "/>
</bind>
</comp>

<comp id="144" class="1004" name="g_fu_144">
<pin_list>
<pin id="145" dir="0" index="0" bw="8" slack="0"/>
<pin id="146" dir="0" index="1" bw="24" slack="0"/>
<pin id="147" dir="0" index="2" bw="5" slack="0"/>
<pin id="148" dir="0" index="3" bw="5" slack="0"/>
<pin id="149" dir="1" index="4" bw="8" slack="1"/>
</pin_list>
<bind>
<opcode="partselect(1002) " fcode="partselect"/>
<opset="g/2 "/>
</bind>
</comp>

<comp id="154" class="1004" name="b_fu_154">
<pin_list>
<pin id="155" dir="0" index="0" bw="8" slack="0"/>
<pin id="156" dir="0" index="1" bw="24" slack="0"/>
<pin id="157" dir="0" index="2" bw="6" slack="0"/>
<pin id="158" dir="0" index="3" bw="6" slack="0"/>
<pin id="159" dir="1" index="4" bw="8" slack="0"/>
</pin_list>
<bind>
<opcode="partselect(1002) " fcode="partselect"/>
<opset="b/2 "/>
</bind>
</comp>

<comp id="164" class="1004" name="zext_ln39_fu_164">
<pin_list>
<pin id="165" dir="0" index="0" bw="8" slack="0"/>
<pin id="166" dir="1" index="1" bw="13" slack="0"/>
</pin_list>
<bind>
<opcode="zext(34) " fcode="zext"/>
<opset="zext_ln39/2 "/>
</bind>
</comp>

<comp id="168" class="1004" name="zext_ln38_fu_168">
<pin_list>
<pin id="169" dir="0" index="0" bw="8" slack="1"/>
<pin id="170" dir="1" index="1" bw="16" slack="0"/>
</pin_list>
<bind>
<opcode="zext(34) " fcode="zext"/>
<opset="zext_ln38/3 "/>
</bind>
</comp>

<comp id="171" class="1004" name="zext_ln37_fu_171">
<pin_list>
<pin id="172" dir="0" index="0" bw="8" slack="2"/>
<pin id="173" dir="1" index="1" bw="15" slack="0"/>
</pin_list>
<bind>
<opcode="zext(34) " fcode="zext"/>
<opset="zext_ln37/4 "/>
</bind>
</comp>

<comp id="174" class="1004" name="mul_ln40_fu_174">
<pin_list>
<pin id="175" dir="0" index="0" bw="8" slack="0"/>
<pin id="176" dir="0" index="1" bw="8" slack="0"/>
<pin id="177" dir="1" index="2" bw="15" slack="0"/>
</pin_list>
<bind>
<opcode="mul(12) " fcode="mul"/>
<opset="mul_ln40/4 "/>
</bind>
</comp>

<comp id="180" class="1004" name="zext_ln40_1_fu_180">
<pin_list>
<pin id="181" dir="0" index="0" bw="15" slack="0"/>
<pin id="182" dir="1" index="1" bw="16" slack="0"/>
</pin_list>
<bind>
<opcode="zext(34) " fcode="zext"/>
<opset="zext_ln40_1/5 "/>
</bind>
</comp>

<comp id="183" class="1004" name="trunc_ln6_fu_183">
<pin_list>
<pin id="184" dir="0" index="0" bw="8" slack="0"/>
<pin id="185" dir="0" index="1" bw="16" slack="0"/>
<pin id="186" dir="0" index="2" bw="5" slack="0"/>
<pin id="187" dir="0" index="3" bw="5" slack="0"/>
<pin id="188" dir="1" index="4" bw="8" slack="0"/>
</pin_list>
<bind>
<opcode="partselect(1002) " fcode="partselect"/>
<opset="trunc_ln6/6 "/>
</bind>
</comp>

<comp id="193" class="1007" name="grp_fu_193">
<pin_list>
<pin id="194" dir="0" index="0" bw="8" slack="0"/>
<pin id="195" dir="0" index="1" bw="5" slack="0"/>
<pin id="196" dir="0" index="2" bw="15" slack="0"/>
<pin id="197" dir="1" index="3" bw="15" slack="0"/>
</pin_list>
<bind>
<opcode="muladd(1172) " fcode="muladd"/>
<opset="mul_ln40_2/2 zext_ln40/4 add_ln40/4 "/>
</bind>
</comp>

<comp id="202" class="1007" name="grp_fu_202">
<pin_list>
<pin id="203" dir="0" index="0" bw="8" slack="0"/>
<pin id="204" dir="0" index="1" bw="8" slack="0"/>
<pin id="205" dir="0" index="2" bw="15" slack="0"/>
<pin id="206" dir="1" index="3" bw="16" slack="0"/>
</pin_list>
<bind>
<opcode="muladd(1172) " fcode="muladd"/>
<opset="mul_ln40_1/3 add_ln40_1/5 "/>
</bind>
</comp>

<comp id="211" class="1005" name="i_reg_211">
<pin_list>
<pin id="212" dir="0" index="0" bw="15" slack="0"/>
<pin id="213" dir="1" index="1" bw="15" slack="0"/>
</pin_list>
<bind>
<opset="i "/>
</bind>
</comp>

<comp id="218" class="1005" name="icmp_ln33_reg_218">
<pin_list>
<pin id="219" dir="0" index="0" bw="1" slack="4"/>
<pin id="220" dir="1" index="1" bw="1" slack="2147483647"/>
</pin_list>
<bind>
<opset="icmp_ln33 "/>
</bind>
</comp>

<comp id="222" class="1005" name="zext_ln33_reg_222">
<pin_list>
<pin id="223" dir="0" index="0" bw="64" slack="5"/>
<pin id="224" dir="1" index="1" bw="64" slack="5"/>
</pin_list>
<bind>
<opset="zext_ln33 "/>
</bind>
</comp>

<comp id="227" class="1005" name="input_rgb_addr_reg_227">
<pin_list>
<pin id="228" dir="0" index="0" bw="15" slack="1"/>
<pin id="229" dir="1" index="1" bw="15" slack="1"/>
</pin_list>
<bind>
<opset="input_rgb_addr "/>
</bind>
</comp>

<comp id="232" class="1005" name="r_reg_232">
<pin_list>
<pin id="233" dir="0" index="0" bw="8" slack="2"/>
<pin id="234" dir="1" index="1" bw="8" slack="2"/>
</pin_list>
<bind>
<opset="r "/>
</bind>
</comp>

<comp id="237" class="1005" name="g_reg_237">
<pin_list>
<pin id="238" dir="0" index="0" bw="8" slack="1"/>
<pin id="239" dir="1" index="1" bw="8" slack="1"/>
</pin_list>
<bind>
<opset="g "/>
</bind>
</comp>

<comp id="242" class="1005" name="zext_ln39_reg_242">
<pin_list>
<pin id="243" dir="0" index="0" bw="13" slack="1"/>
<pin id="244" dir="1" index="1" bw="13" slack="1"/>
</pin_list>
<bind>
<opset="zext_ln39 "/>
</bind>
</comp>

<comp id="247" class="1005" name="zext_ln38_reg_247">
<pin_list>
<pin id="248" dir="0" index="0" bw="16" slack="1"/>
<pin id="249" dir="1" index="1" bw="16" slack="1"/>
</pin_list>
<bind>
<opset="zext_ln38 "/>
</bind>
</comp>

<comp id="252" class="1005" name="mul_ln40_reg_252">
<pin_list>
<pin id="253" dir="0" index="0" bw="15" slack="1"/>
<pin id="254" dir="1" index="1" bw="15" slack="1"/>
</pin_list>
<bind>
<opset="mul_ln40 "/>
</bind>
</comp>

<comp id="257" class="1005" name="zext_ln40_1_reg_257">
<pin_list>
<pin id="258" dir="0" index="0" bw="16" slack="1"/>
<pin id="259" dir="1" index="1" bw="16" slack="1"/>
</pin_list>
<bind>
<opset="zext_ln40_1 "/>
</bind>
</comp>

</comp_list>

<net_list>
<net id="69"><net_src comp="6" pin="0"/><net_sink comp="66" pin=0"/></net>

<net id="74"><net_src comp="30" pin="0"/><net_sink comp="70" pin=0"/></net>

<net id="75"><net_src comp="0" pin="0"/><net_sink comp="70" pin=1"/></net>

<net id="81"><net_src comp="2" pin="0"/><net_sink comp="76" pin=0"/></net>

<net id="82"><net_src comp="36" pin="0"/><net_sink comp="76" pin=1"/></net>

<net id="88"><net_src comp="76" pin="3"/><net_sink comp="83" pin=0"/></net>

<net id="94"><net_src comp="4" pin="0"/><net_sink comp="89" pin=0"/></net>

<net id="95"><net_src comp="36" pin="0"/><net_sink comp="89" pin=1"/></net>

<net id="105"><net_src comp="89" pin="3"/><net_sink comp="96" pin=2"/></net>

<net id="110"><net_src comp="32" pin="0"/><net_sink comp="106" pin=0"/></net>

<net id="117"><net_src comp="111" pin="1"/><net_sink comp="114" pin=0"/></net>

<net id="122"><net_src comp="114" pin="1"/><net_sink comp="118" pin=0"/></net>

<net id="123"><net_src comp="70" pin="2"/><net_sink comp="118" pin=1"/></net>

<net id="128"><net_src comp="111" pin="1"/><net_sink comp="124" pin=0"/></net>

<net id="129"><net_src comp="34" pin="0"/><net_sink comp="124" pin=1"/></net>

<net id="133"><net_src comp="111" pin="1"/><net_sink comp="130" pin=0"/></net>

<net id="134"><net_src comp="130" pin="1"/><net_sink comp="76" pin=2"/></net>

<net id="139"><net_src comp="124" pin="2"/><net_sink comp="135" pin=0"/></net>

<net id="143"><net_src comp="83" pin="3"/><net_sink comp="140" pin=0"/></net>

<net id="150"><net_src comp="38" pin="0"/><net_sink comp="144" pin=0"/></net>

<net id="151"><net_src comp="83" pin="3"/><net_sink comp="144" pin=1"/></net>

<net id="152"><net_src comp="40" pin="0"/><net_sink comp="144" pin=2"/></net>

<net id="153"><net_src comp="42" pin="0"/><net_sink comp="144" pin=3"/></net>

<net id="160"><net_src comp="38" pin="0"/><net_sink comp="154" pin=0"/></net>

<net id="161"><net_src comp="83" pin="3"/><net_sink comp="154" pin=1"/></net>

<net id="162"><net_src comp="44" pin="0"/><net_sink comp="154" pin=2"/></net>

<net id="163"><net_src comp="46" pin="0"/><net_sink comp="154" pin=3"/></net>

<net id="167"><net_src comp="154" pin="4"/><net_sink comp="164" pin=0"/></net>

<net id="178"><net_src comp="171" pin="1"/><net_sink comp="174" pin=0"/></net>

<net id="179"><net_src comp="52" pin="0"/><net_sink comp="174" pin=1"/></net>

<net id="189"><net_src comp="64" pin="0"/><net_sink comp="183" pin=0"/></net>

<net id="190"><net_src comp="40" pin="0"/><net_sink comp="183" pin=2"/></net>

<net id="191"><net_src comp="42" pin="0"/><net_sink comp="183" pin=3"/></net>

<net id="192"><net_src comp="183" pin="4"/><net_sink comp="96" pin=4"/></net>

<net id="198"><net_src comp="164" pin="1"/><net_sink comp="193" pin=0"/></net>

<net id="199"><net_src comp="48" pin="0"/><net_sink comp="193" pin=1"/></net>

<net id="200"><net_src comp="174" pin="2"/><net_sink comp="193" pin=2"/></net>

<net id="201"><net_src comp="193" pin="3"/><net_sink comp="180" pin=0"/></net>

<net id="207"><net_src comp="168" pin="1"/><net_sink comp="202" pin=0"/></net>

<net id="208"><net_src comp="50" pin="0"/><net_sink comp="202" pin=1"/></net>

<net id="209"><net_src comp="180" pin="1"/><net_sink comp="202" pin=2"/></net>

<net id="210"><net_src comp="202" pin="3"/><net_sink comp="183" pin=1"/></net>

<net id="214"><net_src comp="66" pin="1"/><net_sink comp="211" pin=0"/></net>

<net id="215"><net_src comp="211" pin="1"/><net_sink comp="106" pin=1"/></net>

<net id="216"><net_src comp="211" pin="1"/><net_sink comp="111" pin=0"/></net>

<net id="217"><net_src comp="211" pin="1"/><net_sink comp="135" pin=1"/></net>

<net id="221"><net_src comp="118" pin="2"/><net_sink comp="218" pin=0"/></net>

<net id="225"><net_src comp="130" pin="1"/><net_sink comp="222" pin=0"/></net>

<net id="226"><net_src comp="222" pin="1"/><net_sink comp="89" pin=2"/></net>

<net id="230"><net_src comp="76" pin="3"/><net_sink comp="227" pin=0"/></net>

<net id="231"><net_src comp="227" pin="1"/><net_sink comp="83" pin=0"/></net>

<net id="235"><net_src comp="140" pin="1"/><net_sink comp="232" pin=0"/></net>

<net id="236"><net_src comp="232" pin="1"/><net_sink comp="171" pin=0"/></net>

<net id="240"><net_src comp="144" pin="4"/><net_sink comp="237" pin=0"/></net>

<net id="241"><net_src comp="237" pin="1"/><net_sink comp="168" pin=0"/></net>

<net id="245"><net_src comp="164" pin="1"/><net_sink comp="242" pin=0"/></net>

<net id="246"><net_src comp="242" pin="1"/><net_sink comp="193" pin=0"/></net>

<net id="250"><net_src comp="168" pin="1"/><net_sink comp="247" pin=0"/></net>

<net id="251"><net_src comp="247" pin="1"/><net_sink comp="202" pin=0"/></net>

<net id="255"><net_src comp="174" pin="2"/><net_sink comp="252" pin=0"/></net>

<net id="256"><net_src comp="252" pin="1"/><net_sink comp="193" pin=0"/></net>

<net id="260"><net_src comp="180" pin="1"/><net_sink comp="257" pin=0"/></net>

<net id="261"><net_src comp="257" pin="1"/><net_sink comp="202" pin=0"/></net>

</net_list>

</model> 
---------------- Datapath Model END ------------------

* FSMD analyzer results:
  - Output states:
	Port: gray_V | {6 }
 - Input state : 
	Port: card_recognizer_hw_Pipeline_GRAYSCALE_LOOP : trunc_ln | {1 }
	Port: card_recognizer_hw_Pipeline_GRAYSCALE_LOOP : input_rgb | {1 2 }
  - Chain level:
	State 1
		store_ln0 : 1
		i_3 : 1
		zext_ln33_1 : 2
		icmp_ln33 : 3
		add_ln33 : 2
		br_ln33 : 4
		zext_ln33 : 2
		input_rgb_addr : 3
		pix_V : 4
		store_ln33 : 3
	State 2
		r : 1
		g : 1
		b : 1
		zext_ln39 : 2
		mul_ln40_2 : 3
	State 3
		mul_ln40_1 : 1
	State 4
		mul_ln40 : 1
		zext_ln40 : 1
		add_ln40 : 2
	State 5
		zext_ln40_1 : 1
		add_ln40_1 : 2
	State 6
		trunc_ln6 : 1
		store_ln40 : 2


============================================================
+ Verbose Summary: Datapath Resource usage 
============================================================

* Functional unit list:
|----------|--------------------------|---------|---------|---------|
| Operation|      Functional Unit     |   DSP   |    FF   |   LUT   |
|----------|--------------------------|---------|---------|---------|
|    mul   |      mul_ln40_fu_174     |    0    |    0    |    41   |
|----------|--------------------------|---------|---------|---------|
|    add   |      add_ln33_fu_124     |    0    |    0    |    20   |
|----------|--------------------------|---------|---------|---------|
|   icmp   |     icmp_ln33_fu_118     |    0    |    0    |    17   |
|----------|--------------------------|---------|---------|---------|
|  muladd  |        grp_fu_193        |    1    |    0    |    0    |
|          |        grp_fu_202        |    1    |    0    |    0    |
|----------|--------------------------|---------|---------|---------|
|   read   | trunc_ln_read_read_fu_70 |    0    |    0    |    0    |
|----------|--------------------------|---------|---------|---------|
|          |    zext_ln33_1_fu_114    |    0    |    0    |    0    |
|          |     zext_ln33_fu_130     |    0    |    0    |    0    |
|   zext   |     zext_ln39_fu_164     |    0    |    0    |    0    |
|          |     zext_ln38_fu_168     |    0    |    0    |    0    |
|          |     zext_ln37_fu_171     |    0    |    0    |    0    |
|          |    zext_ln40_1_fu_180    |    0    |    0    |    0    |
|----------|--------------------------|---------|---------|---------|
|   trunc  |         r_fu_140         |    0    |    0    |    0    |
|----------|--------------------------|---------|---------|---------|
|          |         g_fu_144         |    0    |    0    |    0    |
|partselect|         b_fu_154         |    0    |    0    |    0    |
|          |     trunc_ln6_fu_183     |    0    |    0    |    0    |
|----------|--------------------------|---------|---------|---------|
|   Total  |                          |    2    |    0    |    78   |
|----------|--------------------------|---------|---------|---------|

Memories:
N/A

* Register list:
+----------------------+--------+
|                      |   FF   |
+----------------------+--------+
|       g_reg_237      |    8   |
|       i_reg_211      |   15   |
|   icmp_ln33_reg_218  |    1   |
|input_rgb_addr_reg_227|   15   |
|   mul_ln40_reg_252   |   15   |
|       r_reg_232      |    8   |
|   zext_ln33_reg_222  |   64   |
|   zext_ln38_reg_247  |   16   |
|   zext_ln39_reg_242  |   13   |
|  zext_ln40_1_reg_257 |   16   |
+----------------------+--------+
|         Total        |   171  |
+----------------------+--------+

* Multiplexer (MUX) list: 
|------------------|------|------|------|--------||---------||---------|
|       Comp       |  Pin | Size |  BW  | S x BW ||  Delay  ||   LUT   |
|------------------|------|------|------|--------||---------||---------|
| grp_access_fu_83 |  p0  |   2  |  15  |   30   ||    9    |
|    grp_fu_193    |  p0  |   3  |   8  |   24   ||    14   |
|    grp_fu_202    |  p0  |   3  |   8  |   24   ||    14   |
|------------------|------|------|------|--------||---------||---------|
|       Total      |      |      |      |   78   ||  5.0026 ||    37   |
|------------------|------|------|------|--------||---------||---------|



* Summary:
+-----------+--------+--------+--------+--------+
|           |   DSP  |  Delay |   FF   |   LUT  |
+-----------+--------+--------+--------+--------+
|  Function |    2   |    -   |    0   |   78   |
|   Memory  |    -   |    -   |    -   |    -   |
|Multiplexer|    -   |    5   |    -   |   37   |
|  Register |    -   |    -   |   171  |    -   |
+-----------+--------+--------+--------+--------+
|   Total   |    2   |    5   |   171  |   115  |
+-----------+--------+--------+--------+--------+
