

================================================================
== Vitis HLS Report for 'find_largest_component_ccl'
================================================================
* Date:           Wed Jul 15 18:02:27 2026

* Version:        2022.2 (Build 3670227 on Oct 13 2022)
* Project:        card_recognizer_dram_hls
* Solution:       solution1 (Vivado IP Flow Target)
* Product family: zynq
* Target device:  xc7z010i-clg225-1L


================================================================
== Performance Estimates
================================================================
+ Timing: 
    * Summary: 
    +--------+----------+----------+------------+
    |  Clock |  Target  | Estimated| Uncertainty|
    +--------+----------+----------+------------+
    |ap_clk  |  10.00 ns|  7.164 ns|     2.70 ns|
    +--------+----------+----------+------------+

+ Latency: 
    * Summary: 
    +---------+---------+----------+----------+--------+--------+---------+
    |  Latency (cycles) |  Latency (absolute) |     Interval    | Pipeline|
    |   min   |   max   |    min   |    max   |   min  |   max  |   Type  |
    +---------+---------+----------+----------+--------+--------+---------+
    |   271840|   271840|  2.718 ms|  2.718 ms|  271840|  271840|       no|
    +---------+---------+----------+----------+--------+--------+---------+

    + Detail: 
        * Instance: 
        N/A

        * Loop: 
        +--------------+---------+---------+----------+-----------+-----------+------+----------+
        |              |  Latency (cycles) | Iteration|  Initiation Interval  | Trip |          |
        |   Loop Name  |   min   |   max   |  Latency |  achieved |   target  | Count| Pipelined|
        +--------------+---------+---------+----------+-----------+-----------+------+----------+
        |- CCL_Y_LOOP  |   271320|   271320|      2261|          -|          -|   120|        no|
        +--------------+---------+---------+----------+-----------+-----------+------+----------+

============================================================
+ Verbose Summary: Synthesis Manager
============================================================
InlineROM: 1
ExposeGlobal: 0
============================================================
+ Verbose Summary: CDFG Model
============================================================
IsTopModel: 0
ResetActiveHigh: 1
IsCombinational: 0
IsDatapathOnly: 0
HasWiredReturn: 1
HasMFsm: 0
HasVarLatency: 1
IsPipeline: 0
IsRtlPipelined: 0
IsInstanceOverlapped: 0
IsDontTouch: 0
HasImplIP: 0
IsGatedGlobalClock: 0


============================================================
+ Verbose Summary: Schedule
============================================================
* Number of FSM states : 12
* Pipeline : 0
* Dataflow Pipeline: 0

* FSM state transitions: 
1 --> 2 
2 --> 3 
3 --> 4 11 
4 --> 5 
5 --> 6 
6 --> 7 
7 --> 8 
8 --> 9 
9 --> 10 
10 --> 3 
11 --> 12 
12 --> 

* FSM state operations: 

State 1 <SV = 0> <Delay = 1.58>
ST_1 : Operation 13 [1/1] (0.00ns)   --->   "%next_label = alloca i32 1"   --->   Operation 13 'alloca' 'next_label' <Predicate = true> <Delay = 0.00>
ST_1 : Operation 14 [1/1] (0.00ns)   --->   "%y = alloca i32 1"   --->   Operation 14 'alloca' 'y' <Predicate = true> <Delay = 0.00>
ST_1 : Operation 15 [1/1] (0.00ns)   --->   "%p_loc7 = alloca i64 1"   --->   Operation 15 'alloca' 'p_loc7' <Predicate = true> <Delay = 0.00>
ST_1 : Operation 16 [1/1] (0.00ns)   --->   "%p_0_0_03141012_loc = alloca i64 1"   --->   Operation 16 'alloca' 'p_0_0_03141012_loc' <Predicate = true> <Delay = 0.00>
ST_1 : Operation 17 [1/1] (0.00ns)   --->   "%p_0_0_0315813_loc = alloca i64 1"   --->   Operation 17 'alloca' 'p_0_0_0315813_loc' <Predicate = true> <Delay = 0.00>
ST_1 : Operation 18 [1/1] (0.00ns)   --->   "%p_0_0_0316614_loc = alloca i64 1"   --->   Operation 18 'alloca' 'p_0_0_0316614_loc' <Predicate = true> <Delay = 0.00>
ST_1 : Operation 19 [1/1] (0.00ns)   --->   "%p_0_0_0317415_loc = alloca i64 1"   --->   Operation 19 'alloca' 'p_0_0_0317415_loc' <Predicate = true> <Delay = 0.00>
ST_1 : Operation 20 [1/1] (0.00ns)   --->   "%p_loc = alloca i64 1"   --->   Operation 20 'alloca' 'p_loc' <Predicate = true> <Delay = 0.00>
ST_1 : Operation 21 [1/1] (0.00ns)   --->   "%prev_label_V = alloca i64 1" [hls_fajlovi/card_recognizer_dram_hls.cpp:92]   --->   Operation 21 'alloca' 'prev_label_V' <Predicate = true> <Delay = 0.00>
ST_1 : Operation 22 [1/1] (0.00ns)   --->   "%prev_label_V_1 = alloca i64 1" [hls_fajlovi/card_recognizer_dram_hls.cpp:92]   --->   Operation 22 'alloca' 'prev_label_V_1' <Predicate = true> <Delay = 0.00>
ST_1 : Operation 23 [1/1] (0.00ns)   --->   "%curr_label_V = alloca i64 1" [hls_fajlovi/card_recognizer_dram_hls.cpp:93]   --->   Operation 23 'alloca' 'curr_label_V' <Predicate = true> <Delay = 0.00>
ST_1 : Operation 24 [1/1] (0.00ns)   --->   "%curr_label_V_1 = alloca i64 1" [hls_fajlovi/card_recognizer_dram_hls.cpp:93]   --->   Operation 24 'alloca' 'curr_label_V_1' <Predicate = true> <Delay = 0.00>
ST_1 : Operation 25 [1/1] (0.00ns)   --->   "%parent_V = alloca i64 1" [hls_fajlovi/card_recognizer_dram_hls.cpp:94]   --->   Operation 25 'alloca' 'parent_V' <Predicate = true> <Delay = 0.00>
ST_1 : Operation 26 [1/1] (0.00ns)   --->   "%min_x_V = alloca i64 1" [hls_fajlovi/card_recognizer_dram_hls.cpp:95]   --->   Operation 26 'alloca' 'min_x_V' <Predicate = true> <Delay = 0.00>
ST_1 : Operation 27 [1/1] (0.00ns)   --->   "%min_y_V = alloca i64 1" [hls_fajlovi/card_recognizer_dram_hls.cpp:96]   --->   Operation 27 'alloca' 'min_y_V' <Predicate = true> <Delay = 0.00>
ST_1 : Operation 28 [1/1] (0.00ns)   --->   "%max_x_V = alloca i64 1" [hls_fajlovi/card_recognizer_dram_hls.cpp:97]   --->   Operation 28 'alloca' 'max_x_V' <Predicate = true> <Delay = 0.00>
ST_1 : Operation 29 [1/1] (0.00ns)   --->   "%max_y_V = alloca i64 1" [hls_fajlovi/card_recognizer_dram_hls.cpp:98]   --->   Operation 29 'alloca' 'max_y_V' <Predicate = true> <Delay = 0.00>
ST_1 : Operation 30 [1/1] (0.00ns)   --->   "%count = alloca i64 1" [hls_fajlovi/card_recognizer_dram_hls.cpp:99]   --->   Operation 30 'alloca' 'count' <Predicate = true> <Delay = 0.00>
ST_1 : Operation 31 [2/2] (0.00ns)   --->   "%call_ln0 = call void @find_largest_component_ccl_Pipeline_INIT_COMPONENTS, i8 %parent_V, i8 %min_x_V, i8 %min_y_V, i8 %max_x_V, i8 %max_y_V, i32 %count"   --->   Operation 31 'call' 'call_ln0' <Predicate = true> <Delay = 0.00> <CoreType = "Generic">   --->   Core 0 '' <Latency = 0> <II = 1> <Delay = 1.00> <Generic> <Opcode : >
ST_1 : Operation 32 [2/2] (0.00ns)   --->   "%call_ln0 = call void @find_largest_component_ccl_Pipeline_INIT_ROWS, i8 %curr_label_V_1, i8 %curr_label_V, i8 %prev_label_V_1, i8 %prev_label_V"   --->   Operation 32 'call' 'call_ln0' <Predicate = true> <Delay = 0.00> <CoreType = "Generic">   --->   Core 0 '' <Latency = 0> <II = 1> <Delay = 1.00> <Generic> <Opcode : >
ST_1 : Operation 33 [1/1] (1.58ns)   --->   "%store_ln127 = store i31 0, i31 %y" [hls_fajlovi/card_recognizer_dram_hls.cpp:127]   --->   Operation 33 'store' 'store_ln127' <Predicate = true> <Delay = 1.58>
ST_1 : Operation 34 [1/1] (0.00ns)   --->   "%store_ln127 = store i32 1, i32 %next_label" [hls_fajlovi/card_recognizer_dram_hls.cpp:127]   --->   Operation 34 'store' 'store_ln127' <Predicate = true> <Delay = 0.00>

State 2 <SV = 1> <Delay = 0.00>
ST_2 : Operation 35 [1/1] (0.00ns)   --->   "%height_read = read i32 @_ssdm_op_Read.ap_auto.i32, i32 %height"   --->   Operation 35 'read' 'height_read' <Predicate = true> <Delay = 0.00>
ST_2 : Operation 36 [1/1] (0.00ns)   --->   "%width_read = read i32 @_ssdm_op_Read.ap_auto.i32, i32 %width"   --->   Operation 36 'read' 'width_read' <Predicate = true> <Delay = 0.00>
ST_2 : Operation 37 [1/1] (0.00ns)   --->   "%specmemcore_ln0 = specmemcore void @_ssdm_op_SpecMemCore, i1 %binary_V, i64 666, i64 22, i64 18446744073709551615"   --->   Operation 37 'specmemcore' 'specmemcore_ln0' <Predicate = true> <Delay = 0.00>
ST_2 : Operation 38 [1/2] (0.00ns)   --->   "%call_ln0 = call void @find_largest_component_ccl_Pipeline_INIT_COMPONENTS, i8 %parent_V, i8 %min_x_V, i8 %min_y_V, i8 %max_x_V, i8 %max_y_V, i32 %count"   --->   Operation 38 'call' 'call_ln0' <Predicate = true> <Delay = 0.00> <CoreType = "Generic">   --->   Core 0 '' <Latency = 0> <II = 1> <Delay = 1.00> <Generic> <Opcode : >
ST_2 : Operation 39 [1/2] (0.00ns)   --->   "%call_ln0 = call void @find_largest_component_ccl_Pipeline_INIT_ROWS, i8 %curr_label_V_1, i8 %curr_label_V, i8 %prev_label_V_1, i8 %prev_label_V"   --->   Operation 39 'call' 'call_ln0' <Predicate = true> <Delay = 0.00> <CoreType = "Generic">   --->   Core 0 '' <Latency = 0> <II = 1> <Delay = 1.00> <Generic> <Opcode : >
ST_2 : Operation 40 [1/1] (0.00ns)   --->   "%trunc_ln127 = trunc i32 %width_read" [hls_fajlovi/card_recognizer_dram_hls.cpp:127]   --->   Operation 40 'trunc' 'trunc_ln127' <Predicate = true> <Delay = 0.00>
ST_2 : Operation 41 [1/1] (0.00ns)   --->   "%br_ln127 = br void %CLEAR_CURR_ROW" [hls_fajlovi/card_recognizer_dram_hls.cpp:127]   --->   Operation 41 'br' 'br_ln127' <Predicate = true> <Delay = 0.00>

State 3 <SV = 2> <Delay = 4.11>
ST_3 : Operation 42 [1/1] (0.00ns)   --->   "%y_1 = load i31 %y"   --->   Operation 42 'load' 'y_1' <Predicate = true> <Delay = 0.00>
ST_3 : Operation 43 [1/1] (0.00ns)   --->   "%zext_ln127 = zext i31 %y_1" [hls_fajlovi/card_recognizer_dram_hls.cpp:127]   --->   Operation 43 'zext' 'zext_ln127' <Predicate = true> <Delay = 0.00>
ST_3 : Operation 44 [1/1] (2.47ns)   --->   "%icmp_ln127 = icmp_slt  i32 %zext_ln127, i32 %height_read" [hls_fajlovi/card_recognizer_dram_hls.cpp:127]   --->   Operation 44 'icmp' 'icmp_ln127' <Predicate = true> <Delay = 2.47> <CoreInst = "Cmp">   --->   Core 9 'Cmp' <Latency = 0> <II = 1> <Delay = 2.47> <FuncUnit> <Opcode : 'icmp'> <InPorts = 2> <OutPorts = 1>
ST_3 : Operation 45 [1/1] (2.52ns)   --->   "%add_ln127 = add i31 %y_1, i31 1" [hls_fajlovi/card_recognizer_dram_hls.cpp:127]   --->   Operation 45 'add' 'add_ln127' <Predicate = true> <Delay = 2.52> <CoreInst = "Adder">   --->   Core 1 'Adder' <Latency = 0> <II = 1> <Delay = 2.52> <FuncUnit> <Opcode : 'add' 'sub'> <InPorts = 2> <OutPorts = 1>
ST_3 : Operation 46 [1/1] (0.00ns)   --->   "%br_ln127 = br i1 %icmp_ln127, void %for.body223.preheader, void %CLEAR_CURR_ROW.split" [hls_fajlovi/card_recognizer_dram_hls.cpp:127]   --->   Operation 46 'br' 'br_ln127' <Predicate = true> <Delay = 0.00>
ST_3 : Operation 47 [1/1] (0.00ns)   --->   "%trunc_ln127_1 = trunc i31 %y_1" [hls_fajlovi/card_recognizer_dram_hls.cpp:127]   --->   Operation 47 'trunc' 'trunc_ln127_1' <Predicate = (icmp_ln127)> <Delay = 0.00>
ST_3 : Operation 48 [2/2] (0.00ns)   --->   "%call_ln0 = call void @find_largest_component_ccl_Pipeline_CLEAR_CURR_ROW, i8 %curr_label_V_1, i8 %curr_label_V"   --->   Operation 48 'call' 'call_ln0' <Predicate = (icmp_ln127)> <Delay = 0.00> <CoreType = "Generic">   --->   Core 0 '' <Latency = 0> <II = 1> <Delay = 1.00> <Generic> <Opcode : >
ST_3 : Operation 49 [4/4] (2.15ns) (root node of the DSP)   --->   "%empty = mul i15 %trunc_ln127_1, i15 %trunc_ln127" [hls_fajlovi/card_recognizer_dram_hls.cpp:127]   --->   Operation 49 'mul' 'empty' <Predicate = (icmp_ln127)> <Delay = 2.15> <CoreInst = "DSP48">   --->   Core 119 'DSP48' <Latency = 3> <II = 1> <Delay = 2.15> <IPBlock> <Opcode : 'mul' 'add' 'sub' 'select'> <InPorts = 0> <OutPorts = 1> <Sync> <CReg>
ST_3 : Operation 50 [1/1] (0.00ns)   --->   "%empty_42 = trunc i31 %y_1"   --->   Operation 50 'trunc' 'empty_42' <Predicate = (icmp_ln127)> <Delay = 0.00>
ST_3 : Operation 51 [1/1] (1.58ns)   --->   "%store_ln127 = store i31 %add_ln127, i31 %y" [hls_fajlovi/card_recognizer_dram_hls.cpp:127]   --->   Operation 51 'store' 'store_ln127' <Predicate = (icmp_ln127)> <Delay = 1.58>
ST_3 : Operation 52 [2/2] (0.00ns)   --->   "%call_ln0 = call void @find_largest_component_ccl_Pipeline_SELECT_BEST, i8 %parent_V, i32 %count, i8 %min_x_V, i8 %min_y_V, i8 %max_x_V, i8 %max_y_V, i32 %p_loc, i8 %p_0_0_0317415_loc, i8 %p_0_0_0316614_loc, i8 %p_0_0_0315813_loc, i8 %p_0_0_03141012_loc, i1 %p_loc7"   --->   Operation 52 'call' 'call_ln0' <Predicate = (!icmp_ln127)> <Delay = 0.00> <CoreType = "Generic">   --->   Core 0 '' <Latency = 0> <II = 1> <Delay = 1.00> <Generic> <Opcode : >

State 4 <SV = 3> <Delay = 2.15>
ST_4 : Operation 53 [1/2] (0.00ns)   --->   "%call_ln0 = call void @find_largest_component_ccl_Pipeline_CLEAR_CURR_ROW, i8 %curr_label_V_1, i8 %curr_label_V"   --->   Operation 53 'call' 'call_ln0' <Predicate = true> <Delay = 0.00> <CoreType = "Generic">   --->   Core 0 '' <Latency = 0> <II = 1> <Delay = 1.00> <Generic> <Opcode : >
ST_4 : Operation 54 [3/4] (2.15ns) (root node of the DSP)   --->   "%empty = mul i15 %trunc_ln127_1, i15 %trunc_ln127" [hls_fajlovi/card_recognizer_dram_hls.cpp:127]   --->   Operation 54 'mul' 'empty' <Predicate = true> <Delay = 2.15> <CoreInst = "DSP48">   --->   Core 119 'DSP48' <Latency = 3> <II = 1> <Delay = 2.15> <IPBlock> <Opcode : 'mul' 'add' 'sub' 'select'> <InPorts = 0> <OutPorts = 1> <Sync> <CReg>

State 5 <SV = 4> <Delay = 2.15>
ST_5 : Operation 55 [2/4] (2.15ns) (root node of the DSP)   --->   "%empty = mul i15 %trunc_ln127_1, i15 %trunc_ln127" [hls_fajlovi/card_recognizer_dram_hls.cpp:127]   --->   Operation 55 'mul' 'empty' <Predicate = true> <Delay = 2.15> <CoreInst = "DSP48">   --->   Core 119 'DSP48' <Latency = 3> <II = 1> <Delay = 2.15> <IPBlock> <Opcode : 'mul' 'add' 'sub' 'select'> <InPorts = 0> <OutPorts = 1> <Sync> <CReg>

State 6 <SV = 5> <Delay = 0.00>
ST_6 : Operation 56 [1/1] (0.00ns)   --->   "%next_label_load = load i32 %next_label"   --->   Operation 56 'load' 'next_label_load' <Predicate = true> <Delay = 0.00>
ST_6 : Operation 57 [1/4] (0.00ns) (root node of the DSP)   --->   "%empty = mul i15 %trunc_ln127_1, i15 %trunc_ln127" [hls_fajlovi/card_recognizer_dram_hls.cpp:127]   --->   Operation 57 'mul' 'empty' <Predicate = true> <Delay = 0.00> <CoreInst = "DSP48">   --->   Core 119 'DSP48' <Latency = 3> <II = 1> <Delay = 2.15> <IPBlock> <Opcode : 'mul' 'add' 'sub' 'select'> <InPorts = 0> <OutPorts = 1> <Sync> <CReg>

State 7 <SV = 6> <Delay = 5.19>
ST_7 : Operation 58 [2/2] (5.19ns)   --->   "%call_ln127 = call void @find_largest_component_ccl_Pipeline_CCL_X_LOOP, i32 %next_label_load, i32 %width_read, i15 %empty, i8 %curr_label_V, i8 %curr_label_V_1, i8 %prev_label_V, i8 %prev_label_V_1, i8 %parent_V, i32 %count, i8 %max_y_V, i8 %max_x_V, i8 %min_y_V, i8 %min_x_V, i8 %empty_42, i32 %next_label, i1 %binary_V" [hls_fajlovi/card_recognizer_dram_hls.cpp:127]   --->   Operation 58 'call' 'call_ln127' <Predicate = true> <Delay = 5.19> <CoreType = "Generic">   --->   Core 0 '' <Latency = 0> <II = 1> <Delay = 1.00> <Generic> <Opcode : >

State 8 <SV = 7> <Delay = 0.00>
ST_8 : Operation 59 [1/2] (0.00ns)   --->   "%call_ln127 = call void @find_largest_component_ccl_Pipeline_CCL_X_LOOP, i32 %next_label_load, i32 %width_read, i15 %empty, i8 %curr_label_V, i8 %curr_label_V_1, i8 %prev_label_V, i8 %prev_label_V_1, i8 %parent_V, i32 %count, i8 %max_y_V, i8 %max_x_V, i8 %min_y_V, i8 %min_x_V, i8 %empty_42, i32 %next_label, i1 %binary_V" [hls_fajlovi/card_recognizer_dram_hls.cpp:127]   --->   Operation 59 'call' 'call_ln127' <Predicate = true> <Delay = 0.00> <CoreType = "Generic">   --->   Core 0 '' <Latency = 0> <II = 1> <Delay = 1.00> <Generic> <Opcode : >

State 9 <SV = 8> <Delay = 0.00>
ST_9 : Operation 60 [2/2] (0.00ns)   --->   "%call_ln0 = call void @find_largest_component_ccl_Pipeline_COPY_ROW, i8 %prev_label_V_1, i8 %prev_label_V, i8 %curr_label_V, i8 %curr_label_V_1"   --->   Operation 60 'call' 'call_ln0' <Predicate = true> <Delay = 0.00> <CoreType = "Generic">   --->   Core 0 '' <Latency = 0> <II = 1> <Delay = 1.00> <Generic> <Opcode : >

State 10 <SV = 9> <Delay = 0.00>
ST_10 : Operation 61 [1/1] (0.00ns)   --->   "%speclooptripcount_ln128 = speclooptripcount void @_ssdm_op_SpecLoopTripCount, i64 120, i64 120, i64 120" [hls_fajlovi/card_recognizer_dram_hls.cpp:128]   --->   Operation 61 'speclooptripcount' 'speclooptripcount_ln128' <Predicate = true> <Delay = 0.00>
ST_10 : Operation 62 [1/1] (0.00ns)   --->   "%specloopname_ln127 = specloopname void @_ssdm_op_SpecLoopName, void @empty_12" [hls_fajlovi/card_recognizer_dram_hls.cpp:127]   --->   Operation 62 'specloopname' 'specloopname_ln127' <Predicate = true> <Delay = 0.00>
ST_10 : Operation 63 [1/2] (0.00ns)   --->   "%call_ln0 = call void @find_largest_component_ccl_Pipeline_COPY_ROW, i8 %prev_label_V_1, i8 %prev_label_V, i8 %curr_label_V, i8 %curr_label_V_1"   --->   Operation 63 'call' 'call_ln0' <Predicate = true> <Delay = 0.00> <CoreType = "Generic">   --->   Core 0 '' <Latency = 0> <II = 1> <Delay = 1.00> <Generic> <Opcode : >
ST_10 : Operation 64 [1/1] (0.00ns)   --->   "%br_ln127 = br void %CLEAR_CURR_ROW" [hls_fajlovi/card_recognizer_dram_hls.cpp:127]   --->   Operation 64 'br' 'br_ln127' <Predicate = true> <Delay = 0.00>

State 11 <SV = 3> <Delay = 0.00>
ST_11 : Operation 65 [1/2] (0.00ns)   --->   "%call_ln0 = call void @find_largest_component_ccl_Pipeline_SELECT_BEST, i8 %parent_V, i32 %count, i8 %min_x_V, i8 %min_y_V, i8 %max_x_V, i8 %max_y_V, i32 %p_loc, i8 %p_0_0_0317415_loc, i8 %p_0_0_0316614_loc, i8 %p_0_0_0315813_loc, i8 %p_0_0_03141012_loc, i1 %p_loc7"   --->   Operation 65 'call' 'call_ln0' <Predicate = true> <Delay = 0.00> <CoreType = "Generic">   --->   Core 0 '' <Latency = 0> <II = 1> <Delay = 1.00> <Generic> <Opcode : >

State 12 <SV = 4> <Delay = 0.00>
ST_12 : Operation 66 [1/1] (0.00ns)   --->   "%p_loc_load = load i32 %p_loc"   --->   Operation 66 'load' 'p_loc_load' <Predicate = true> <Delay = 0.00>
ST_12 : Operation 67 [1/1] (0.00ns)   --->   "%p_0_0_0317415_loc_load = load i8 %p_0_0_0317415_loc"   --->   Operation 67 'load' 'p_0_0_0317415_loc_load' <Predicate = true> <Delay = 0.00>
ST_12 : Operation 68 [1/1] (0.00ns)   --->   "%p_0_0_0316614_loc_load = load i8 %p_0_0_0316614_loc"   --->   Operation 68 'load' 'p_0_0_0316614_loc_load' <Predicate = true> <Delay = 0.00>
ST_12 : Operation 69 [1/1] (0.00ns)   --->   "%p_0_0_0315813_loc_load = load i8 %p_0_0_0315813_loc"   --->   Operation 69 'load' 'p_0_0_0315813_loc_load' <Predicate = true> <Delay = 0.00>
ST_12 : Operation 70 [1/1] (0.00ns)   --->   "%p_0_0_03141012_loc_load = load i8 %p_0_0_03141012_loc"   --->   Operation 70 'load' 'p_0_0_03141012_loc_load' <Predicate = true> <Delay = 0.00>
ST_12 : Operation 71 [1/1] (0.00ns)   --->   "%p_loc7_load = load i1 %p_loc7"   --->   Operation 71 'load' 'p_loc7_load' <Predicate = true> <Delay = 0.00>
ST_12 : Operation 72 [1/1] (0.00ns)   --->   "%mrv = insertvalue i65 <undef>, i8 %p_0_0_0317415_loc_load" [hls_fajlovi/card_recognizer_dram_hls.cpp:219]   --->   Operation 72 'insertvalue' 'mrv' <Predicate = true> <Delay = 0.00>
ST_12 : Operation 73 [1/1] (0.00ns)   --->   "%mrv_1 = insertvalue i65 %mrv, i8 %p_0_0_0316614_loc_load" [hls_fajlovi/card_recognizer_dram_hls.cpp:219]   --->   Operation 73 'insertvalue' 'mrv_1' <Predicate = true> <Delay = 0.00>
ST_12 : Operation 74 [1/1] (0.00ns)   --->   "%mrv_2 = insertvalue i65 %mrv_1, i8 %p_0_0_0315813_loc_load" [hls_fajlovi/card_recognizer_dram_hls.cpp:219]   --->   Operation 74 'insertvalue' 'mrv_2' <Predicate = true> <Delay = 0.00>
ST_12 : Operation 75 [1/1] (0.00ns)   --->   "%mrv_3 = insertvalue i65 %mrv_2, i8 %p_0_0_03141012_loc_load" [hls_fajlovi/card_recognizer_dram_hls.cpp:219]   --->   Operation 75 'insertvalue' 'mrv_3' <Predicate = true> <Delay = 0.00>
ST_12 : Operation 76 [1/1] (0.00ns)   --->   "%mrv_4 = insertvalue i65 %mrv_3, i32 %p_loc_load" [hls_fajlovi/card_recognizer_dram_hls.cpp:219]   --->   Operation 76 'insertvalue' 'mrv_4' <Predicate = true> <Delay = 0.00>
ST_12 : Operation 77 [1/1] (0.00ns)   --->   "%mrv_5 = insertvalue i65 %mrv_4, i1 %p_loc7_load" [hls_fajlovi/card_recognizer_dram_hls.cpp:219]   --->   Operation 77 'insertvalue' 'mrv_5' <Predicate = true> <Delay = 0.00>
ST_12 : Operation 78 [1/1] (0.00ns)   --->   "%ret_ln219 = ret i65 %mrv_5" [hls_fajlovi/card_recognizer_dram_hls.cpp:219]   --->   Operation 78 'ret' 'ret_ln219' <Predicate = true> <Delay = 0.00>


============================================================
+ Verbose Summary: Timing violations
============================================================
Target clock period: 10ns, clock uncertainty: 2.7ns.

 <State 1>: 1.59ns
The critical path consists of the following:
	'alloca' operation ('y') [5]  (0 ns)
	'store' operation ('store_ln127', hls_fajlovi/card_recognizer_dram_hls.cpp:127) of constant 0 on local variable 'y' [28]  (1.59 ns)

 <State 2>: 0ns
The critical path consists of the following:

 <State 3>: 4.11ns
The critical path consists of the following:
	'load' operation ('y') on local variable 'y' [32]  (0 ns)
	'add' operation ('add_ln127', hls_fajlovi/card_recognizer_dram_hls.cpp:127) [35]  (2.52 ns)
	'store' operation ('store_ln127', hls_fajlovi/card_recognizer_dram_hls.cpp:127) of variable 'add_ln127', hls_fajlovi/card_recognizer_dram_hls.cpp:127 on local variable 'y' [47]  (1.59 ns)

 <State 4>: 2.15ns
The critical path consists of the following:
	'mul' operation of DSP[43] ('empty', hls_fajlovi/card_recognizer_dram_hls.cpp:127) [43]  (2.15 ns)

 <State 5>: 2.15ns
The critical path consists of the following:
	'mul' operation of DSP[43] ('empty', hls_fajlovi/card_recognizer_dram_hls.cpp:127) [43]  (2.15 ns)

 <State 6>: 0ns
The critical path consists of the following:

 <State 7>: 5.2ns
The critical path consists of the following:
	'call' operation ('call_ln127', hls_fajlovi/card_recognizer_dram_hls.cpp:127) to 'find_largest_component_ccl_Pipeline_CCL_X_LOOP' [45]  (5.2 ns)

 <State 8>: 0ns
The critical path consists of the following:

 <State 9>: 0ns
The critical path consists of the following:

 <State 10>: 0ns
The critical path consists of the following:

 <State 11>: 0ns
The critical path consists of the following:

 <State 12>: 0ns
The critical path consists of the following:


============================================================
+ Verbose Summary: Binding
============================================================
N/A
* FSMD analyzer results:
  - Output states:
 - Input state : 
  - Chain level:
	State 1
	State 2
	State 3
	State 4
	State 5
	State 6
	State 7
	State 8
	State 9
	State 10
	State 11
	State 12


============================================================
+ Verbose Summary: Datapath Resource usage 
============================================================
N/A
