

================================================================
== Vitis HLS Report for 'find_largest_component_ccl_Pipeline_INIT_COMPONENTS'
================================================================
* Date:           Wed Jul 15 18:02:24 2026

* Version:        2022.2 (Build 3670227 on Oct 13 2022)
* Project:        card_recognizer_dram_hls
* Solution:       solution1 (Vivado IP Flow Target)
* Product family: zynq
* Target device:  xc7z010i-clg225-1L


================================================================
== Performance Estimates
================================================================
+ Timing: 
    * Summary: 
    +--------+----------+----------+------------+
    |  Clock |  Target  | Estimated| Uncertainty|
    +--------+----------+----------+------------+
    |ap_clk  |  10.00 ns|  4.915 ns|     2.70 ns|
    +--------+----------+----------+------------+

+ Latency: 
    * Summary: 
    +---------+---------+----------+----------+-----+-----+---------+
    |  Latency (cycles) |  Latency (absolute) |  Interval | Pipeline|
    |   min   |   max   |    min   |    max   | min | max |   Type  |
    +---------+---------+----------+----------+-----+-----+---------+
    |      258|      258|  2.580 us|  2.580 us|  258|  258|       no|
    +---------+---------+----------+----------+-----+-----+---------+

    + Detail: 
        * Instance: 
        N/A

        * Loop: 
        +-------------------+---------+---------+----------+-----------+-----------+------+----------+
        |                   |  Latency (cycles) | Iteration|  Initiation Interval  | Trip |          |
        |     Loop Name     |   min   |   max   |  Latency |  achieved |   target  | Count| Pipelined|
        +-------------------+---------+---------+----------+-----------+-----------+------+----------+
        |- INIT_COMPONENTS  |      256|      256|         1|          1|          1|   256|       yes|
        +-------------------+---------+---------+----------+-----------+-----------+------+----------+

============================================================
+ Verbose Summary: Synthesis Manager
============================================================
InlineROM: 1
ExposeGlobal: 0
============================================================
+ Verbose Summary: CDFG Model
============================================================
IsTopModel: 0
ResetActiveHigh: 1
IsCombinational: 0
IsDatapathOnly: 0
HasWiredReturn: 1
HasMFsm: 2
HasVarLatency: 1
IsPipeline: 0
IsRtlPipelined: 0
IsInstanceOverlapped: 0
IsDontTouch: 0
HasImplIP: 0
IsGatedGlobalClock: 0

+ Individual pipeline summary: 
  * Pipeline-0: initiation interval (II) = 1, depth = 1


============================================================
+ Verbose Summary: Schedule
============================================================
* Number of FSM states : 1
* Pipeline : 1
  Pipeline-0 : II = 1, D = 1, States = { 1 }
* Dataflow Pipeline: 0

* FSM state transitions: 
1 --> 

* FSM state operations: 

State 1 <SV = 0> <Delay = 4.91>
ST_1 : Operation 4 [1/1] (0.00ns)   --->   "%i_1 = alloca i32 1"   --->   Operation 4 'alloca' 'i_1' <Predicate = true> <Delay = 0.00>
ST_1 : Operation 5 [1/1] (1.58ns)   --->   "%store_ln0 = store i9 0, i9 %i_1"   --->   Operation 5 'store' 'store_ln0' <Predicate = true> <Delay = 1.58>
ST_1 : Operation 6 [1/1] (0.00ns)   --->   "%br_ln0 = br void %for.inc"   --->   Operation 6 'br' 'br_ln0' <Predicate = true> <Delay = 0.00>
ST_1 : Operation 7 [1/1] (0.00ns)   --->   "%i = load i9 %i_1"   --->   Operation 7 'load' 'i' <Predicate = true> <Delay = 0.00>
ST_1 : Operation 8 [1/1] (1.66ns)   --->   "%icmp_ln105 = icmp_eq  i9 %i, i9 256" [hls_fajlovi/card_recognizer_dram_hls.cpp:105]   --->   Operation 8 'icmp' 'icmp_ln105' <Predicate = true> <Delay = 1.66> <CoreInst = "Cmp">   --->   Core 9 'Cmp' <Latency = 0> <II = 1> <Delay = 1.66> <FuncUnit> <Opcode : 'icmp'> <InPorts = 2> <OutPorts = 1>
ST_1 : Operation 9 [1/1] (1.82ns)   --->   "%i_2 = add i9 %i, i9 1" [hls_fajlovi/card_recognizer_dram_hls.cpp:105]   --->   Operation 9 'add' 'i_2' <Predicate = true> <Delay = 1.82> <CoreInst = "Adder">   --->   Core 1 'Adder' <Latency = 0> <II = 1> <Delay = 1.82> <FuncUnit> <Opcode : 'add' 'sub'> <InPorts = 2> <OutPorts = 1>
ST_1 : Operation 10 [1/1] (0.00ns)   --->   "%br_ln105 = br i1 %icmp_ln105, void %for.inc.split, void %for.inc69.preheader.exitStub" [hls_fajlovi/card_recognizer_dram_hls.cpp:105]   --->   Operation 10 'br' 'br_ln105' <Predicate = true> <Delay = 0.00>
ST_1 : Operation 11 [1/1] (0.00ns)   --->   "%zext_ln105 = zext i9 %i" [hls_fajlovi/card_recognizer_dram_hls.cpp:105]   --->   Operation 11 'zext' 'zext_ln105' <Predicate = (!icmp_ln105)> <Delay = 0.00>
ST_1 : Operation 12 [1/1] (0.00ns)   --->   "%specpipeline_ln107 = specpipeline void @_ssdm_op_SpecPipeline, i32 1, i32 0, i32 0, i32 0, void @empty_0" [hls_fajlovi/card_recognizer_dram_hls.cpp:107]   --->   Operation 12 'specpipeline' 'specpipeline_ln107' <Predicate = (!icmp_ln105)> <Delay = 0.00>
ST_1 : Operation 13 [1/1] (0.00ns)   --->   "%speclooptripcount_ln106 = speclooptripcount void @_ssdm_op_SpecLoopTripCount, i64 256, i64 256, i64 256" [hls_fajlovi/card_recognizer_dram_hls.cpp:106]   --->   Operation 13 'speclooptripcount' 'speclooptripcount_ln106' <Predicate = (!icmp_ln105)> <Delay = 0.00>
ST_1 : Operation 14 [1/1] (0.00ns)   --->   "%specloopname_ln214 = specloopname void @_ssdm_op_SpecLoopName, void @empty_14"   --->   Operation 14 'specloopname' 'specloopname_ln214' <Predicate = (!icmp_ln105)> <Delay = 0.00>
ST_1 : Operation 15 [1/1] (0.00ns)   --->   "%trunc_ln214 = trunc i9 %i"   --->   Operation 15 'trunc' 'trunc_ln214' <Predicate = (!icmp_ln105)> <Delay = 0.00>
ST_1 : Operation 16 [1/1] (0.00ns)   --->   "%parent_V_addr = getelementptr i8 %parent_V, i64 0, i64 %zext_ln105" [hls_fajlovi/card_recognizer_dram_hls.cpp:108]   --->   Operation 16 'getelementptr' 'parent_V_addr' <Predicate = (!icmp_ln105)> <Delay = 0.00>
ST_1 : Operation 17 [1/1] (3.25ns)   --->   "%store_ln108 = store i8 %trunc_ln214, i8 %parent_V_addr" [hls_fajlovi/card_recognizer_dram_hls.cpp:108]   --->   Operation 17 'store' 'store_ln108' <Predicate = (!icmp_ln105)> <Delay = 3.25> <CoreInst = "RAM">   --->   Core 82 'RAM' <Latency = 1> <II = 1> <Delay = 3.25> <Storage> <Opcode : 'load' 'store'> <Ports = 2> <Width = 8> <Depth = 256> <RAM>
ST_1 : Operation 18 [1/1] (0.00ns)   --->   "%min_x_V_addr = getelementptr i8 %min_x_V, i64 0, i64 %zext_ln105" [hls_fajlovi/card_recognizer_dram_hls.cpp:109]   --->   Operation 18 'getelementptr' 'min_x_V_addr' <Predicate = (!icmp_ln105)> <Delay = 0.00>
ST_1 : Operation 19 [1/1] (3.25ns)   --->   "%store_ln109 = store i8 159, i8 %min_x_V_addr" [hls_fajlovi/card_recognizer_dram_hls.cpp:109]   --->   Operation 19 'store' 'store_ln109' <Predicate = (!icmp_ln105)> <Delay = 3.25> <CoreInst = "RAM">   --->   Core 82 'RAM' <Latency = 1> <II = 1> <Delay = 3.25> <Storage> <Opcode : 'load' 'store'> <Ports = 2> <Width = 8> <Depth = 256> <RAM>
ST_1 : Operation 20 [1/1] (0.00ns)   --->   "%min_y_V_addr = getelementptr i8 %min_y_V, i64 0, i64 %zext_ln105" [hls_fajlovi/card_recognizer_dram_hls.cpp:110]   --->   Operation 20 'getelementptr' 'min_y_V_addr' <Predicate = (!icmp_ln105)> <Delay = 0.00>
ST_1 : Operation 21 [1/1] (3.25ns)   --->   "%store_ln110 = store i8 119, i8 %min_y_V_addr" [hls_fajlovi/card_recognizer_dram_hls.cpp:110]   --->   Operation 21 'store' 'store_ln110' <Predicate = (!icmp_ln105)> <Delay = 3.25> <CoreInst = "RAM">   --->   Core 82 'RAM' <Latency = 1> <II = 1> <Delay = 3.25> <Storage> <Opcode : 'load' 'store'> <Ports = 2> <Width = 8> <Depth = 256> <RAM>
ST_1 : Operation 22 [1/1] (0.00ns)   --->   "%max_x_V_addr = getelementptr i8 %max_x_V, i64 0, i64 %zext_ln105" [hls_fajlovi/card_recognizer_dram_hls.cpp:111]   --->   Operation 22 'getelementptr' 'max_x_V_addr' <Predicate = (!icmp_ln105)> <Delay = 0.00>
ST_1 : Operation 23 [1/1] (3.25ns)   --->   "%store_ln111 = store i8 0, i8 %max_x_V_addr" [hls_fajlovi/card_recognizer_dram_hls.cpp:111]   --->   Operation 23 'store' 'store_ln111' <Predicate = (!icmp_ln105)> <Delay = 3.25> <CoreInst = "RAM">   --->   Core 82 'RAM' <Latency = 1> <II = 1> <Delay = 3.25> <Storage> <Opcode : 'load' 'store'> <Ports = 2> <Width = 8> <Depth = 256> <RAM>
ST_1 : Operation 24 [1/1] (0.00ns)   --->   "%max_y_V_addr = getelementptr i8 %max_y_V, i64 0, i64 %zext_ln105" [hls_fajlovi/card_recognizer_dram_hls.cpp:112]   --->   Operation 24 'getelementptr' 'max_y_V_addr' <Predicate = (!icmp_ln105)> <Delay = 0.00>
ST_1 : Operation 25 [1/1] (3.25ns)   --->   "%store_ln112 = store i8 0, i8 %max_y_V_addr" [hls_fajlovi/card_recognizer_dram_hls.cpp:112]   --->   Operation 25 'store' 'store_ln112' <Predicate = (!icmp_ln105)> <Delay = 3.25> <CoreInst = "RAM">   --->   Core 82 'RAM' <Latency = 1> <II = 1> <Delay = 3.25> <Storage> <Opcode : 'load' 'store'> <Ports = 2> <Width = 8> <Depth = 256> <RAM>
ST_1 : Operation 26 [1/1] (0.00ns)   --->   "%count_addr = getelementptr i32 %count, i64 0, i64 %zext_ln105" [hls_fajlovi/card_recognizer_dram_hls.cpp:113]   --->   Operation 26 'getelementptr' 'count_addr' <Predicate = (!icmp_ln105)> <Delay = 0.00>
ST_1 : Operation 27 [1/1] (3.25ns)   --->   "%store_ln113 = store i32 0, i8 %count_addr" [hls_fajlovi/card_recognizer_dram_hls.cpp:113]   --->   Operation 27 'store' 'store_ln113' <Predicate = (!icmp_ln105)> <Delay = 3.25> <CoreInst = "RAM">   --->   Core 82 'RAM' <Latency = 1> <II = 1> <Delay = 3.25> <Storage> <Opcode : 'load' 'store'> <Ports = 2> <Width = 32> <Depth = 256> <RAM>
ST_1 : Operation 28 [1/1] (1.58ns)   --->   "%store_ln105 = store i9 %i_2, i9 %i_1" [hls_fajlovi/card_recognizer_dram_hls.cpp:105]   --->   Operation 28 'store' 'store_ln105' <Predicate = (!icmp_ln105)> <Delay = 1.58>
ST_1 : Operation 29 [1/1] (0.00ns)   --->   "%br_ln105 = br void %for.inc" [hls_fajlovi/card_recognizer_dram_hls.cpp:105]   --->   Operation 29 'br' 'br_ln105' <Predicate = (!icmp_ln105)> <Delay = 0.00>
ST_1 : Operation 30 [1/1] (0.00ns)   --->   "%ret_ln0 = ret"   --->   Operation 30 'ret' 'ret_ln0' <Predicate = (icmp_ln105)> <Delay = 0.00>


============================================================
+ Verbose Summary: Binding
============================================================
STG Binding: 
---------------- STG Properties BEGIN ----------------
- Is combinational: 0
- Is one-state seq: 0
- Is datapath-only: 0
- Is pipelined: 0
- Is top level: 0
Port [ Return ] is wired: 1; IO mode=ap_ctrl_hs:ce=0
Port [ parent_V]:  wired=1; compound=1; hidden=0; nouse=0; global=0; static=0; extern=0; dir=1; type=1; pingpong=0; private_global=0; MemPort=[03]; IO mode=ap_memory:ce=0
Port [ min_x_V]:  wired=1; compound=1; hidden=0; nouse=0; global=0; static=0; extern=0; dir=1; type=1; pingpong=0; private_global=0; MemPort=[03]; IO mode=ap_memory:ce=0
Port [ min_y_V]:  wired=1; compound=1; hidden=0; nouse=0; global=0; static=0; extern=0; dir=1; type=1; pingpong=0; private_global=0; MemPort=[03]; IO mode=ap_memory:ce=0
Port [ max_x_V]:  wired=1; compound=1; hidden=0; nouse=0; global=0; static=0; extern=0; dir=1; type=1; pingpong=0; private_global=0; MemPort=[03]; IO mode=ap_memory:ce=0
Port [ max_y_V]:  wired=1; compound=1; hidden=0; nouse=0; global=0; static=0; extern=0; dir=1; type=1; pingpong=0; private_global=0; MemPort=[03]; IO mode=ap_memory:ce=0
Port [ count]:  wired=1; compound=1; hidden=0; nouse=0; global=0; static=0; extern=0; dir=1; type=1; pingpong=0; private_global=0; MemPort=[03]; IO mode=ap_memory:ce=0
---------------- STG Properties END ------------------

---------------- Datapath Model BEGIN ----------------

<LifeTime>
<method=bitvector/>
i_1                     (alloca           ) [ 01]
store_ln0               (store            ) [ 00]
br_ln0                  (br               ) [ 00]
i                       (load             ) [ 00]
icmp_ln105              (icmp             ) [ 01]
i_2                     (add              ) [ 00]
br_ln105                (br               ) [ 00]
zext_ln105              (zext             ) [ 00]
specpipeline_ln107      (specpipeline     ) [ 00]
speclooptripcount_ln106 (speclooptripcount) [ 00]
specloopname_ln214      (specloopname     ) [ 00]
trunc_ln214             (trunc            ) [ 00]
parent_V_addr           (getelementptr    ) [ 00]
store_ln108             (store            ) [ 00]
min_x_V_addr            (getelementptr    ) [ 00]
store_ln109             (store            ) [ 00]
min_y_V_addr            (getelementptr    ) [ 00]
store_ln110             (store            ) [ 00]
max_x_V_addr            (getelementptr    ) [ 00]
store_ln111             (store            ) [ 00]
max_y_V_addr            (getelementptr    ) [ 00]
store_ln112             (store            ) [ 00]
count_addr              (getelementptr    ) [ 00]
store_ln113             (store            ) [ 00]
store_ln105             (store            ) [ 00]
br_ln105                (br               ) [ 00]
ret_ln0                 (ret              ) [ 00]
</LifeTime>

<model>

<comp_list>
<comp id="0" class="1000" name="parent_V">
<pin_list>
<pin id="1" dir="1" index="0" bw="1" slack="0"/>
</pin_list>
<bind>
<StgValue><ssdm name="parent_V"/><MemPortTyVec>0 3 </MemPortTyVec>
</StgValue>
</bind>
</comp>

<comp id="2" class="1000" name="min_x_V">
<pin_list>
<pin id="3" dir="1" index="0" bw="1" slack="0"/>
</pin_list>
<bind>
<StgValue><ssdm name="min_x_V"/><MemPortTyVec>0 3 </MemPortTyVec>
</StgValue>
</bind>
</comp>

<comp id="4" class="1000" name="min_y_V">
<pin_list>
<pin id="5" dir="1" index="0" bw="1" slack="0"/>
</pin_list>
<bind>
<StgValue><ssdm name="min_y_V"/><MemPortTyVec>0 3 </MemPortTyVec>
</StgValue>
</bind>
</comp>

<comp id="6" class="1000" name="max_x_V">
<pin_list>
<pin id="7" dir="1" index="0" bw="1" slack="0"/>
</pin_list>
<bind>
<StgValue><ssdm name="max_x_V"/><MemPortTyVec>0 3 </MemPortTyVec>
</StgValue>
</bind>
</comp>

<comp id="8" class="1000" name="max_y_V">
<pin_list>
<pin id="9" dir="1" index="0" bw="1" slack="0"/>
</pin_list>
<bind>
<StgValue><ssdm name="max_y_V"/><MemPortTyVec>0 3 </MemPortTyVec>
</StgValue>
</bind>
</comp>

<comp id="10" class="1000" name="count">
<pin_list>
<pin id="11" dir="1" index="0" bw="1" slack="0"/>
</pin_list>
<bind>
<StgValue><ssdm name="count"/><MemPortTyVec>0 3 </MemPortTyVec>
</StgValue>
</bind>
</comp>

<comp id="12" class="1001" name="const_12">
<pin_list>
<pin id="13" dir="1" index="0" bw="1" slack="0"/>
</pin_list>
<bind>
<StgValue><ssdm name=""/></StgValue>
</bind>
</comp>

<comp id="14" class="1001" name="const_14">
<pin_list>
<pin id="15" dir="1" index="0" bw="1" slack="0"/>
</pin_list>
<bind>
<StgValue><ssdm name=""/></StgValue>
</bind>
</comp>

<comp id="16" class="1001" name="const_16">
<pin_list>
<pin id="17" dir="1" index="0" bw="1" slack="0"/>
</pin_list>
<bind>
<StgValue><ssdm name=""/></StgValue>
</bind>
</comp>

<comp id="18" class="1001" name="const_18">
<pin_list>
<pin id="19" dir="1" index="0" bw="1" slack="0"/>
</pin_list>
<bind>
<StgValue><ssdm name=""/></StgValue>
</bind>
</comp>

<comp id="20" class="1001" name="const_20">
<pin_list>
<pin id="21" dir="1" index="0" bw="1" slack="2147483647"/>
</pin_list>
<bind>
<StgValue><ssdm name="_ssdm_op_SpecPipeline"/></StgValue>
</bind>
</comp>

<comp id="22" class="1001" name="const_22">
<pin_list>
<pin id="23" dir="1" index="0" bw="1" slack="0"/>
</pin_list>
<bind>
<StgValue><ssdm name=""/></StgValue>
</bind>
</comp>

<comp id="24" class="1001" name="const_24">
<pin_list>
<pin id="25" dir="1" index="0" bw="1" slack="2147483647"/>
</pin_list>
<bind>
<StgValue><ssdm name="empty_0"/></StgValue>
</bind>
</comp>

<comp id="26" class="1001" name="const_26">
<pin_list>
<pin id="27" dir="1" index="0" bw="1" slack="2147483647"/>
</pin_list>
<bind>
<StgValue><ssdm name="_ssdm_op_SpecLoopTripCount"/></StgValue>
</bind>
</comp>

<comp id="28" class="1001" name="const_28">
<pin_list>
<pin id="29" dir="1" index="0" bw="1" slack="2147483647"/>
</pin_list>
<bind>
<StgValue><ssdm name=""/></StgValue>
</bind>
</comp>

<comp id="30" class="1001" name="const_30">
<pin_list>
<pin id="31" dir="1" index="0" bw="1" slack="2147483647"/>
</pin_list>
<bind>
<StgValue><ssdm name="_ssdm_op_SpecLoopName"/></StgValue>
</bind>
</comp>

<comp id="32" class="1001" name="const_32">
<pin_list>
<pin id="33" dir="1" index="0" bw="1" slack="2147483647"/>
</pin_list>
<bind>
<StgValue><ssdm name="empty_14"/></StgValue>
</bind>
</comp>

<comp id="34" class="1001" name="const_34">
<pin_list>
<pin id="35" dir="1" index="0" bw="1" slack="0"/>
</pin_list>
<bind>
<StgValue><ssdm name=""/></StgValue>
</bind>
</comp>

<comp id="36" class="1001" name="const_36">
<pin_list>
<pin id="37" dir="1" index="0" bw="1" slack="0"/>
</pin_list>
<bind>
<StgValue><ssdm name=""/></StgValue>
</bind>
</comp>

<comp id="38" class="1001" name="const_38">
<pin_list>
<pin id="39" dir="1" index="0" bw="1" slack="0"/>
</pin_list>
<bind>
<StgValue><ssdm name=""/></StgValue>
</bind>
</comp>

<comp id="40" class="1001" name="const_40">
<pin_list>
<pin id="41" dir="1" index="0" bw="1" slack="0"/>
</pin_list>
<bind>
<StgValue><ssdm name=""/></StgValue>
</bind>
</comp>

<comp id="42" class="1004" name="i_1_fu_42">
<pin_list>
<pin id="43" dir="0" index="0" bw="1" slack="0"/>
<pin id="44" dir="1" index="1" bw="9" slack="0"/>
</pin_list>
<bind>
<opcode="alloca(26) " fcode="alloca"/>
<opset="i_1/1 "/>
</bind>
</comp>

<comp id="46" class="1004" name="parent_V_addr_gep_fu_46">
<pin_list>
<pin id="47" dir="0" index="0" bw="8" slack="0"/>
<pin id="48" dir="0" index="1" bw="1" slack="0"/>
<pin id="49" dir="0" index="2" bw="9" slack="0"/>
<pin id="50" dir="1" index="3" bw="8" slack="0"/>
</pin_list>
<bind>
<opcode="getelementptr(29) " fcode="getelementptr"/>
<opset="parent_V_addr/1 "/>
</bind>
</comp>

<comp id="53" class="1004" name="store_ln108_access_fu_53">
<pin_list>
<pin id="54" dir="0" index="0" bw="8" slack="0"/>
<pin id="55" dir="0" index="1" bw="8" slack="0"/>
<pin id="56" dir="0" index="2" bw="0" slack="2147483647"/>
<pin id="57" dir="1" index="3" bw="8" slack="2147483647"/>
</pin_list>
<bind>
<opcode="store(28) " fcode="store"/>
<opset="store_ln108/1 "/>
</bind>
</comp>

<comp id="59" class="1004" name="min_x_V_addr_gep_fu_59">
<pin_list>
<pin id="60" dir="0" index="0" bw="8" slack="0"/>
<pin id="61" dir="0" index="1" bw="1" slack="0"/>
<pin id="62" dir="0" index="2" bw="9" slack="0"/>
<pin id="63" dir="1" index="3" bw="8" slack="0"/>
</pin_list>
<bind>
<opcode="getelementptr(29) " fcode="getelementptr"/>
<opset="min_x_V_addr/1 "/>
</bind>
</comp>

<comp id="66" class="1004" name="store_ln109_access_fu_66">
<pin_list>
<pin id="67" dir="0" index="0" bw="8" slack="0"/>
<pin id="68" dir="0" index="1" bw="8" slack="0"/>
<pin id="69" dir="0" index="2" bw="0" slack="2147483647"/>
<pin id="70" dir="1" index="3" bw="8" slack="2147483647"/>
</pin_list>
<bind>
<opcode="store(28) " fcode="store"/>
<opset="store_ln109/1 "/>
</bind>
</comp>

<comp id="73" class="1004" name="min_y_V_addr_gep_fu_73">
<pin_list>
<pin id="74" dir="0" index="0" bw="8" slack="0"/>
<pin id="75" dir="0" index="1" bw="1" slack="0"/>
<pin id="76" dir="0" index="2" bw="9" slack="0"/>
<pin id="77" dir="1" index="3" bw="8" slack="0"/>
</pin_list>
<bind>
<opcode="getelementptr(29) " fcode="getelementptr"/>
<opset="min_y_V_addr/1 "/>
</bind>
</comp>

<comp id="80" class="1004" name="store_ln110_access_fu_80">
<pin_list>
<pin id="81" dir="0" index="0" bw="8" slack="0"/>
<pin id="82" dir="0" index="1" bw="8" slack="0"/>
<pin id="83" dir="0" index="2" bw="0" slack="2147483647"/>
<pin id="84" dir="1" index="3" bw="8" slack="2147483647"/>
</pin_list>
<bind>
<opcode="store(28) " fcode="store"/>
<opset="store_ln110/1 "/>
</bind>
</comp>

<comp id="87" class="1004" name="max_x_V_addr_gep_fu_87">
<pin_list>
<pin id="88" dir="0" index="0" bw="8" slack="0"/>
<pin id="89" dir="0" index="1" bw="1" slack="0"/>
<pin id="90" dir="0" index="2" bw="9" slack="0"/>
<pin id="91" dir="1" index="3" bw="8" slack="0"/>
</pin_list>
<bind>
<opcode="getelementptr(29) " fcode="getelementptr"/>
<opset="max_x_V_addr/1 "/>
</bind>
</comp>

<comp id="94" class="1004" name="store_ln111_access_fu_94">
<pin_list>
<pin id="95" dir="0" index="0" bw="8" slack="0"/>
<pin id="96" dir="0" index="1" bw="8" slack="0"/>
<pin id="97" dir="0" index="2" bw="0" slack="2147483647"/>
<pin id="98" dir="1" index="3" bw="8" slack="2147483647"/>
</pin_list>
<bind>
<opcode="store(28) " fcode="store"/>
<opset="store_ln111/1 "/>
</bind>
</comp>

<comp id="101" class="1004" name="max_y_V_addr_gep_fu_101">
<pin_list>
<pin id="102" dir="0" index="0" bw="8" slack="0"/>
<pin id="103" dir="0" index="1" bw="1" slack="0"/>
<pin id="104" dir="0" index="2" bw="9" slack="0"/>
<pin id="105" dir="1" index="3" bw="8" slack="0"/>
</pin_list>
<bind>
<opcode="getelementptr(29) " fcode="getelementptr"/>
<opset="max_y_V_addr/1 "/>
</bind>
</comp>

<comp id="108" class="1004" name="store_ln112_access_fu_108">
<pin_list>
<pin id="109" dir="0" index="0" bw="8" slack="0"/>
<pin id="110" dir="0" index="1" bw="8" slack="0"/>
<pin id="111" dir="0" index="2" bw="0" slack="2147483647"/>
<pin id="112" dir="1" index="3" bw="8" slack="2147483647"/>
</pin_list>
<bind>
<opcode="store(28) " fcode="store"/>
<opset="store_ln112/1 "/>
</bind>
</comp>

<comp id="115" class="1004" name="count_addr_gep_fu_115">
<pin_list>
<pin id="116" dir="0" index="0" bw="32" slack="0"/>
<pin id="117" dir="0" index="1" bw="1" slack="0"/>
<pin id="118" dir="0" index="2" bw="9" slack="0"/>
<pin id="119" dir="1" index="3" bw="8" slack="0"/>
</pin_list>
<bind>
<opcode="getelementptr(29) " fcode="getelementptr"/>
<opset="count_addr/1 "/>
</bind>
</comp>

<comp id="122" class="1004" name="store_ln113_access_fu_122">
<pin_list>
<pin id="123" dir="0" index="0" bw="8" slack="0"/>
<pin id="124" dir="0" index="1" bw="32" slack="0"/>
<pin id="125" dir="0" index="2" bw="0" slack="2147483647"/>
<pin id="126" dir="1" index="3" bw="32" slack="2147483647"/>
</pin_list>
<bind>
<opcode="store(28) " fcode="store"/>
<opset="store_ln113/1 "/>
</bind>
</comp>

<comp id="129" class="1004" name="store_ln0_store_fu_129">
<pin_list>
<pin id="130" dir="0" index="0" bw="1" slack="0"/>
<pin id="131" dir="0" index="1" bw="9" slack="0"/>
<pin id="132" dir="1" index="2" bw="0" slack="2147483647"/>
</pin_list>
<bind>
<opcode="store(28) " fcode="store"/>
<opset="store_ln0/1 "/>
</bind>
</comp>

<comp id="134" class="1004" name="i_load_fu_134">
<pin_list>
<pin id="135" dir="0" index="0" bw="9" slack="0"/>
<pin id="136" dir="1" index="1" bw="9" slack="0"/>
</pin_list>
<bind>
<opcode="load(27) " fcode="load"/>
<opset="i/1 "/>
</bind>
</comp>

<comp id="137" class="1004" name="icmp_ln105_fu_137">
<pin_list>
<pin id="138" dir="0" index="0" bw="9" slack="0"/>
<pin id="139" dir="0" index="1" bw="9" slack="0"/>
<pin id="140" dir="1" index="2" bw="1" slack="2147483647"/>
</pin_list>
<bind>
<opcode="icmp(45) " fcode="icmp"/>
<opset="icmp_ln105/1 "/>
</bind>
</comp>

<comp id="143" class="1004" name="i_2_fu_143">
<pin_list>
<pin id="144" dir="0" index="0" bw="9" slack="0"/>
<pin id="145" dir="0" index="1" bw="1" slack="0"/>
<pin id="146" dir="1" index="2" bw="9" slack="0"/>
</pin_list>
<bind>
<opcode="add(8) " fcode="add"/>
<opset="i_2/1 "/>
</bind>
</comp>

<comp id="149" class="1004" name="zext_ln105_fu_149">
<pin_list>
<pin id="150" dir="0" index="0" bw="9" slack="0"/>
<pin id="151" dir="1" index="1" bw="64" slack="0"/>
</pin_list>
<bind>
<opcode="zext(34) " fcode="zext"/>
<opset="zext_ln105/1 "/>
</bind>
</comp>

<comp id="159" class="1004" name="trunc_ln214_fu_159">
<pin_list>
<pin id="160" dir="0" index="0" bw="9" slack="0"/>
<pin id="161" dir="1" index="1" bw="8" slack="0"/>
</pin_list>
<bind>
<opcode="trunc(33) " fcode="trunc"/>
<opset="trunc_ln214/1 "/>
</bind>
</comp>

<comp id="164" class="1004" name="store_ln105_store_fu_164">
<pin_list>
<pin id="165" dir="0" index="0" bw="9" slack="0"/>
<pin id="166" dir="0" index="1" bw="9" slack="0"/>
<pin id="167" dir="1" index="2" bw="0" slack="2147483647"/>
</pin_list>
<bind>
<opcode="store(28) " fcode="store"/>
<opset="store_ln105/1 "/>
</bind>
</comp>

<comp id="169" class="1005" name="i_1_reg_169">
<pin_list>
<pin id="170" dir="0" index="0" bw="9" slack="0"/>
<pin id="171" dir="1" index="1" bw="9" slack="0"/>
</pin_list>
<bind>
<opset="i_1 "/>
</bind>
</comp>

</comp_list>

<net_list>
<net id="45"><net_src comp="12" pin="0"/><net_sink comp="42" pin=0"/></net>

<net id="51"><net_src comp="0" pin="0"/><net_sink comp="46" pin=0"/></net>

<net id="52"><net_src comp="34" pin="0"/><net_sink comp="46" pin=1"/></net>

<net id="58"><net_src comp="46" pin="3"/><net_sink comp="53" pin=0"/></net>

<net id="64"><net_src comp="2" pin="0"/><net_sink comp="59" pin=0"/></net>

<net id="65"><net_src comp="34" pin="0"/><net_sink comp="59" pin=1"/></net>

<net id="71"><net_src comp="36" pin="0"/><net_sink comp="66" pin=1"/></net>

<net id="72"><net_src comp="59" pin="3"/><net_sink comp="66" pin=0"/></net>

<net id="78"><net_src comp="4" pin="0"/><net_sink comp="73" pin=0"/></net>

<net id="79"><net_src comp="34" pin="0"/><net_sink comp="73" pin=1"/></net>

<net id="85"><net_src comp="38" pin="0"/><net_sink comp="80" pin=1"/></net>

<net id="86"><net_src comp="73" pin="3"/><net_sink comp="80" pin=0"/></net>

<net id="92"><net_src comp="6" pin="0"/><net_sink comp="87" pin=0"/></net>

<net id="93"><net_src comp="34" pin="0"/><net_sink comp="87" pin=1"/></net>

<net id="99"><net_src comp="40" pin="0"/><net_sink comp="94" pin=1"/></net>

<net id="100"><net_src comp="87" pin="3"/><net_sink comp="94" pin=0"/></net>

<net id="106"><net_src comp="8" pin="0"/><net_sink comp="101" pin=0"/></net>

<net id="107"><net_src comp="34" pin="0"/><net_sink comp="101" pin=1"/></net>

<net id="113"><net_src comp="40" pin="0"/><net_sink comp="108" pin=1"/></net>

<net id="114"><net_src comp="101" pin="3"/><net_sink comp="108" pin=0"/></net>

<net id="120"><net_src comp="10" pin="0"/><net_sink comp="115" pin=0"/></net>

<net id="121"><net_src comp="34" pin="0"/><net_sink comp="115" pin=1"/></net>

<net id="127"><net_src comp="22" pin="0"/><net_sink comp="122" pin=1"/></net>

<net id="128"><net_src comp="115" pin="3"/><net_sink comp="122" pin=0"/></net>

<net id="133"><net_src comp="14" pin="0"/><net_sink comp="129" pin=0"/></net>

<net id="141"><net_src comp="134" pin="1"/><net_sink comp="137" pin=0"/></net>

<net id="142"><net_src comp="16" pin="0"/><net_sink comp="137" pin=1"/></net>

<net id="147"><net_src comp="134" pin="1"/><net_sink comp="143" pin=0"/></net>

<net id="148"><net_src comp="18" pin="0"/><net_sink comp="143" pin=1"/></net>

<net id="152"><net_src comp="134" pin="1"/><net_sink comp="149" pin=0"/></net>

<net id="153"><net_src comp="149" pin="1"/><net_sink comp="46" pin=2"/></net>

<net id="154"><net_src comp="149" pin="1"/><net_sink comp="59" pin=2"/></net>

<net id="155"><net_src comp="149" pin="1"/><net_sink comp="73" pin=2"/></net>

<net id="156"><net_src comp="149" pin="1"/><net_sink comp="87" pin=2"/></net>

<net id="157"><net_src comp="149" pin="1"/><net_sink comp="101" pin=2"/></net>

<net id="158"><net_src comp="149" pin="1"/><net_sink comp="115" pin=2"/></net>

<net id="162"><net_src comp="134" pin="1"/><net_sink comp="159" pin=0"/></net>

<net id="163"><net_src comp="159" pin="1"/><net_sink comp="53" pin=1"/></net>

<net id="168"><net_src comp="143" pin="2"/><net_sink comp="164" pin=0"/></net>

<net id="172"><net_src comp="42" pin="1"/><net_sink comp="169" pin=0"/></net>

<net id="173"><net_src comp="169" pin="1"/><net_sink comp="129" pin=1"/></net>

<net id="174"><net_src comp="169" pin="1"/><net_sink comp="134" pin=0"/></net>

<net id="175"><net_src comp="169" pin="1"/><net_sink comp="164" pin=1"/></net>

</net_list>

</model> 
---------------- Datapath Model END ------------------

* FSMD analyzer results:
  - Output states:
	Port: parent_V | {1 }
	Port: min_x_V | {1 }
	Port: min_y_V | {1 }
	Port: max_x_V | {1 }
	Port: max_y_V | {1 }
	Port: count | {1 }
 - Input state : 
  - Chain level:
	State 1
		store_ln0 : 1
		i : 1
		icmp_ln105 : 2
		i_2 : 2
		br_ln105 : 3
		zext_ln105 : 2
		trunc_ln214 : 2
		parent_V_addr : 3
		store_ln108 : 4
		min_x_V_addr : 3
		store_ln109 : 4
		min_y_V_addr : 3
		store_ln110 : 4
		max_x_V_addr : 3
		store_ln111 : 4
		max_y_V_addr : 3
		store_ln112 : 4
		count_addr : 3
		store_ln113 : 4
		store_ln105 : 3


============================================================
+ Verbose Summary: Datapath Resource usage 
============================================================

* Functional unit list:
|----------|--------------------|---------|---------|
| Operation|   Functional Unit  |    FF   |   LUT   |
|----------|--------------------|---------|---------|
|    add   |     i_2_fu_143     |    0    |    14   |
|----------|--------------------|---------|---------|
|   icmp   |  icmp_ln105_fu_137 |    0    |    11   |
|----------|--------------------|---------|---------|
|   zext   |  zext_ln105_fu_149 |    0    |    0    |
|----------|--------------------|---------|---------|
|   trunc  | trunc_ln214_fu_159 |    0    |    0    |
|----------|--------------------|---------|---------|
|   Total  |                    |    0    |    25   |
|----------|--------------------|---------|---------|

Memories:
N/A

* Register list:
+-----------+--------+
|           |   FF   |
+-----------+--------+
|i_1_reg_169|    9   |
+-----------+--------+
|   Total   |    9   |
+-----------+--------+

* Multiplexer (MUX) list: 
|--------|------|------|------|--------|
|  Comp  |  Pin | Size |  BW  | S x BW |
|--------|------|------|------|--------|
|  Total |      |      |      |    0   |
|--------|------|------|------|--------|



* Summary:
+-----------+--------+--------+
|           |   FF   |   LUT  |
+-----------+--------+--------+
|  Function |    0   |   25   |
|   Memory  |    -   |    -   |
|Multiplexer|    -   |    -   |
|  Register |    9   |    -   |
+-----------+--------+--------+
|   Total   |    9   |   25   |
+-----------+--------+--------+
