

================================================================
== Vitis HLS Report for 'find_largest_component_ccl_Pipeline_SELECT_BEST'
================================================================
* Date:           Wed Jul 15 18:02:26 2026

* Version:        2022.2 (Build 3670227 on Oct 13 2022)
* Project:        card_recognizer_dram_hls
* Solution:       solution1 (Vivado IP Flow Target)
* Product family: zynq
* Target device:  xc7z010i-clg225-1L


================================================================
== Performance Estimates
================================================================
+ Timing: 
    * Summary: 
    +--------+----------+----------+------------+
    |  Clock |  Target  | Estimated| Uncertainty|
    +--------+----------+----------+------------+
    |ap_clk  |  10.00 ns|  6.287 ns|     2.70 ns|
    +--------+----------+----------+------------+

+ Latency: 
    * Summary: 
    +---------+---------+----------+----------+-----+-----+---------+
    |  Latency (cycles) |  Latency (absolute) |  Interval | Pipeline|
    |   min   |   max   |    min   |    max   | min | max |   Type  |
    +---------+---------+----------+----------+-----+-----+---------+
    |      258|      258|  2.580 us|  2.580 us|  258|  258|       no|
    +---------+---------+----------+----------+-----+-----+---------+

    + Detail: 
        * Instance: 
        N/A

        * Loop: 
        +---------------+---------+---------+----------+-----------+-----------+------+----------+
        |               |  Latency (cycles) | Iteration|  Initiation Interval  | Trip |          |
        |   Loop Name   |   min   |   max   |  Latency |  achieved |   target  | Count| Pipelined|
        +---------------+---------+---------+----------+-----------+-----------+------+----------+
        |- SELECT_BEST  |      256|      256|         3|          1|          1|   255|       yes|
        +---------------+---------+---------+----------+-----------+-----------+------+----------+

============================================================
+ Verbose Summary: Synthesis Manager
============================================================
InlineROM: 1
ExposeGlobal: 0
============================================================
+ Verbose Summary: CDFG Model
============================================================
IsTopModel: 0
ResetActiveHigh: 1
IsCombinational: 0
IsDatapathOnly: 0
HasWiredReturn: 1
HasMFsm: 2
HasVarLatency: 1
IsPipeline: 0
IsRtlPipelined: 0
IsInstanceOverlapped: 0
IsDontTouch: 0
HasImplIP: 0
IsGatedGlobalClock: 0

+ Individual pipeline summary: 
  * Pipeline-0: initiation interval (II) = 1, depth = 3


============================================================
+ Verbose Summary: Schedule
============================================================
* Number of FSM states : 3
* Pipeline : 1
  Pipeline-0 : II = 1, D = 3, States = { 1 2 3 }
* Dataflow Pipeline: 0

* FSM state transitions: 
1 --> 2 
2 --> 3 
3 --> 

* FSM state operations: 

State 1 <SV = 0> <Delay = 3.41>
ST_1 : Operation 6 [1/1] (0.00ns)   --->   "%p_0_0_03141012 = alloca i32 1"   --->   Operation 6 'alloca' 'p_0_0_03141012' <Predicate = true> <Delay = 0.00>
ST_1 : Operation 7 [1/1] (0.00ns)   --->   "%p_0_0_0315813 = alloca i32 1"   --->   Operation 7 'alloca' 'p_0_0_0315813' <Predicate = true> <Delay = 0.00>
ST_1 : Operation 8 [1/1] (0.00ns)   --->   "%p_0_0_0316614 = alloca i32 1"   --->   Operation 8 'alloca' 'p_0_0_0316614' <Predicate = true> <Delay = 0.00>
ST_1 : Operation 9 [1/1] (0.00ns)   --->   "%p_0_0_0317415 = alloca i32 1"   --->   Operation 9 'alloca' 'p_0_0_0317415' <Predicate = true> <Delay = 0.00>
ST_1 : Operation 10 [1/1] (0.00ns)   --->   "%empty = alloca i32 1"   --->   Operation 10 'alloca' 'empty' <Predicate = true> <Delay = 0.00>
ST_1 : Operation 11 [1/1] (0.00ns)   --->   "%i = alloca i32 1"   --->   Operation 11 'alloca' 'i' <Predicate = true> <Delay = 0.00>
ST_1 : Operation 12 [1/1] (1.58ns)   --->   "%store_ln0 = store i9 1, i9 %i"   --->   Operation 12 'store' 'store_ln0' <Predicate = true> <Delay = 1.58>
ST_1 : Operation 13 [1/1] (1.58ns)   --->   "%store_ln0 = store i32 0, i32 %empty"   --->   Operation 13 'store' 'store_ln0' <Predicate = true> <Delay = 1.58>
ST_1 : Operation 14 [1/1] (1.58ns)   --->   "%store_ln0 = store i8 159, i8 %p_0_0_0317415"   --->   Operation 14 'store' 'store_ln0' <Predicate = true> <Delay = 1.58>
ST_1 : Operation 15 [1/1] (1.58ns)   --->   "%store_ln0 = store i8 119, i8 %p_0_0_0316614"   --->   Operation 15 'store' 'store_ln0' <Predicate = true> <Delay = 1.58>
ST_1 : Operation 16 [1/1] (1.58ns)   --->   "%store_ln0 = store i8 0, i8 %p_0_0_0315813"   --->   Operation 16 'store' 'store_ln0' <Predicate = true> <Delay = 1.58>
ST_1 : Operation 17 [1/1] (1.58ns)   --->   "%store_ln0 = store i8 0, i8 %p_0_0_03141012"   --->   Operation 17 'store' 'store_ln0' <Predicate = true> <Delay = 1.58>
ST_1 : Operation 18 [1/1] (1.58ns)   --->   "%br_ln0 = br void %for.body223"   --->   Operation 18 'br' 'br_ln0' <Predicate = true> <Delay = 1.58>
ST_1 : Operation 19 [1/1] (0.00ns)   --->   "%i_1 = load i9 %i" [hls_fajlovi/card_recognizer_dram_hls.cpp:205]   --->   Operation 19 'load' 'i_1' <Predicate = true> <Delay = 0.00>
ST_1 : Operation 20 [1/1] (1.66ns)   --->   "%icmp_ln205 = icmp_eq  i9 %i_1, i9 256" [hls_fajlovi/card_recognizer_dram_hls.cpp:205]   --->   Operation 20 'icmp' 'icmp_ln205' <Predicate = true> <Delay = 1.66> <CoreInst = "Cmp">   --->   Core 9 'Cmp' <Latency = 0> <II = 1> <Delay = 1.66> <FuncUnit> <Opcode : 'icmp'> <InPorts = 2> <OutPorts = 1>
ST_1 : Operation 21 [1/1] (0.00ns)   --->   "%br_ln205 = br i1 %icmp_ln205, void %for.body223.split_ifconv, void %for.cond.cleanup222.exitStub" [hls_fajlovi/card_recognizer_dram_hls.cpp:205]   --->   Operation 21 'br' 'br_ln205' <Predicate = true> <Delay = 0.00>
ST_1 : Operation 22 [1/1] (0.00ns)   --->   "%zext_ln205 = zext i9 %i_1" [hls_fajlovi/card_recognizer_dram_hls.cpp:205]   --->   Operation 22 'zext' 'zext_ln205' <Predicate = (!icmp_ln205)> <Delay = 0.00>
ST_1 : Operation 23 [1/1] (0.00ns)   --->   "%parent_V_addr = getelementptr i8 %parent_V, i64 0, i64 %zext_ln205"   --->   Operation 23 'getelementptr' 'parent_V_addr' <Predicate = (!icmp_ln205)> <Delay = 0.00>
ST_1 : Operation 24 [2/2] (3.25ns)   --->   "%parent_V_load = load i8 %parent_V_addr"   --->   Operation 24 'load' 'parent_V_load' <Predicate = (!icmp_ln205)> <Delay = 3.25> <CoreInst = "RAM">   --->   Core 82 'RAM' <Latency = 1> <II = 1> <Delay = 3.25> <Storage> <Opcode : 'load' 'store'> <Ports = 2> <Width = 8> <Depth = 256> <RAM>
ST_1 : Operation 25 [1/1] (0.00ns)   --->   "%count_addr = getelementptr i32 %count, i64 0, i64 %zext_ln205" [hls_fajlovi/card_recognizer_dram_hls.cpp:208]   --->   Operation 25 'getelementptr' 'count_addr' <Predicate = (!icmp_ln205)> <Delay = 0.00>
ST_1 : Operation 26 [2/2] (3.25ns)   --->   "%count_load = load i8 %count_addr" [hls_fajlovi/card_recognizer_dram_hls.cpp:208]   --->   Operation 26 'load' 'count_load' <Predicate = (!icmp_ln205)> <Delay = 3.25> <CoreInst = "RAM">   --->   Core 82 'RAM' <Latency = 1> <II = 1> <Delay = 3.25> <Storage> <Opcode : 'load' 'store'> <Ports = 2> <Width = 32> <Depth = 256> <RAM>
ST_1 : Operation 27 [1/1] (1.82ns)   --->   "%add_ln205 = add i9 %i_1, i9 1" [hls_fajlovi/card_recognizer_dram_hls.cpp:205]   --->   Operation 27 'add' 'add_ln205' <Predicate = (!icmp_ln205)> <Delay = 1.82> <CoreInst = "Adder">   --->   Core 1 'Adder' <Latency = 0> <II = 1> <Delay = 1.82> <FuncUnit> <Opcode : 'add' 'sub'> <InPorts = 2> <OutPorts = 1>
ST_1 : Operation 28 [1/1] (1.58ns)   --->   "%store_ln205 = store i9 %add_ln205, i9 %i" [hls_fajlovi/card_recognizer_dram_hls.cpp:205]   --->   Operation 28 'store' 'store_ln205' <Predicate = (!icmp_ln205)> <Delay = 1.58>

State 2 <SV = 1> <Delay = 4.91>
ST_2 : Operation 29 [1/1] (0.00ns)   --->   "%empty_40 = phi i1 %or_ln208, void %for.body223.split_ifconv, i1 0, void %newFuncRoot" [hls_fajlovi/card_recognizer_dram_hls.cpp:208]   --->   Operation 29 'phi' 'empty_40' <Predicate = true> <Delay = 0.00>
ST_2 : Operation 30 [1/2] (3.25ns)   --->   "%parent_V_load = load i8 %parent_V_addr"   --->   Operation 30 'load' 'parent_V_load' <Predicate = (!icmp_ln205)> <Delay = 3.25> <CoreInst = "RAM">   --->   Core 82 'RAM' <Latency = 1> <II = 1> <Delay = 3.25> <Storage> <Opcode : 'load' 'store'> <Ports = 2> <Width = 8> <Depth = 256> <RAM>
ST_2 : Operation 31 [1/1] (0.00ns)   --->   "%zext_ln1019 = zext i8 %parent_V_load"   --->   Operation 31 'zext' 'zext_ln1019' <Predicate = (!icmp_ln205)> <Delay = 0.00>
ST_2 : Operation 32 [1/1] (1.66ns)   --->   "%icmp_ln1019 = icmp_eq  i9 %i_1, i9 %zext_ln1019"   --->   Operation 32 'icmp' 'icmp_ln1019' <Predicate = (!icmp_ln205)> <Delay = 1.66> <CoreInst = "Cmp">   --->   Core 9 'Cmp' <Latency = 0> <II = 1> <Delay = 1.66> <FuncUnit> <Opcode : 'icmp'> <InPorts = 2> <OutPorts = 1>
ST_2 : Operation 33 [1/2] (3.25ns)   --->   "%count_load = load i8 %count_addr" [hls_fajlovi/card_recognizer_dram_hls.cpp:208]   --->   Operation 33 'load' 'count_load' <Predicate = (!icmp_ln205)> <Delay = 3.25> <CoreInst = "RAM">   --->   Core 82 'RAM' <Latency = 1> <II = 1> <Delay = 3.25> <Storage> <Opcode : 'load' 'store'> <Ports = 2> <Width = 32> <Depth = 256> <RAM>
ST_2 : Operation 34 [1/1] (0.00ns)   --->   "%min_x_V_addr = getelementptr i8 %min_x_V, i64 0, i64 %zext_ln205" [hls_fajlovi/card_recognizer_dram_hls.cpp:209]   --->   Operation 34 'getelementptr' 'min_x_V_addr' <Predicate = (!icmp_ln205)> <Delay = 0.00>
ST_2 : Operation 35 [2/2] (3.25ns)   --->   "%min_x_V_load = load i8 %min_x_V_addr" [hls_fajlovi/card_recognizer_dram_hls.cpp:209]   --->   Operation 35 'load' 'min_x_V_load' <Predicate = (!icmp_ln205)> <Delay = 3.25> <CoreInst = "RAM">   --->   Core 82 'RAM' <Latency = 1> <II = 1> <Delay = 3.25> <Storage> <Opcode : 'load' 'store'> <Ports = 2> <Width = 8> <Depth = 256> <RAM>
ST_2 : Operation 36 [1/1] (0.00ns)   --->   "%min_y_V_addr = getelementptr i8 %min_y_V, i64 0, i64 %zext_ln205" [hls_fajlovi/card_recognizer_dram_hls.cpp:210]   --->   Operation 36 'getelementptr' 'min_y_V_addr' <Predicate = (!icmp_ln205)> <Delay = 0.00>
ST_2 : Operation 37 [2/2] (3.25ns)   --->   "%min_y_V_load = load i8 %min_y_V_addr" [hls_fajlovi/card_recognizer_dram_hls.cpp:210]   --->   Operation 37 'load' 'min_y_V_load' <Predicate = (!icmp_ln205)> <Delay = 3.25> <CoreInst = "RAM">   --->   Core 82 'RAM' <Latency = 1> <II = 1> <Delay = 3.25> <Storage> <Opcode : 'load' 'store'> <Ports = 2> <Width = 8> <Depth = 256> <RAM>
ST_2 : Operation 38 [1/1] (0.00ns)   --->   "%max_x_V_addr = getelementptr i8 %max_x_V, i64 0, i64 %zext_ln205" [hls_fajlovi/card_recognizer_dram_hls.cpp:211]   --->   Operation 38 'getelementptr' 'max_x_V_addr' <Predicate = (!icmp_ln205)> <Delay = 0.00>
ST_2 : Operation 39 [2/2] (3.25ns)   --->   "%max_x_V_load = load i8 %max_x_V_addr" [hls_fajlovi/card_recognizer_dram_hls.cpp:211]   --->   Operation 39 'load' 'max_x_V_load' <Predicate = (!icmp_ln205)> <Delay = 3.25> <CoreInst = "RAM">   --->   Core 82 'RAM' <Latency = 1> <II = 1> <Delay = 3.25> <Storage> <Opcode : 'load' 'store'> <Ports = 2> <Width = 8> <Depth = 256> <RAM>
ST_2 : Operation 40 [1/1] (0.00ns)   --->   "%max_y_V_addr = getelementptr i8 %max_y_V, i64 0, i64 %zext_ln205" [hls_fajlovi/card_recognizer_dram_hls.cpp:212]   --->   Operation 40 'getelementptr' 'max_y_V_addr' <Predicate = (!icmp_ln205)> <Delay = 0.00>
ST_2 : Operation 41 [2/2] (3.25ns)   --->   "%max_y_V_load = load i8 %max_y_V_addr" [hls_fajlovi/card_recognizer_dram_hls.cpp:212]   --->   Operation 41 'load' 'max_y_V_load' <Predicate = (!icmp_ln205)> <Delay = 3.25> <CoreInst = "RAM">   --->   Core 82 'RAM' <Latency = 1> <II = 1> <Delay = 3.25> <Storage> <Opcode : 'load' 'store'> <Ports = 2> <Width = 8> <Depth = 256> <RAM>
ST_2 : Operation 68 [1/1] (0.00ns)   --->   "%p_0_0_03141012_load = load i8 %p_0_0_03141012"   --->   Operation 68 'load' 'p_0_0_03141012_load' <Predicate = (icmp_ln205)> <Delay = 0.00>
ST_2 : Operation 69 [1/1] (0.00ns)   --->   "%p_0_0_0315813_load = load i8 %p_0_0_0315813"   --->   Operation 69 'load' 'p_0_0_0315813_load' <Predicate = (icmp_ln205)> <Delay = 0.00>
ST_2 : Operation 70 [1/1] (0.00ns)   --->   "%p_0_0_0316614_load = load i8 %p_0_0_0316614"   --->   Operation 70 'load' 'p_0_0_0316614_load' <Predicate = (icmp_ln205)> <Delay = 0.00>
ST_2 : Operation 71 [1/1] (0.00ns)   --->   "%p_0_0_0317415_load = load i8 %p_0_0_0317415"   --->   Operation 71 'load' 'p_0_0_0317415_load' <Predicate = (icmp_ln205)> <Delay = 0.00>
ST_2 : Operation 72 [1/1] (0.00ns)   --->   "%p_load = load i32 %empty"   --->   Operation 72 'load' 'p_load' <Predicate = (icmp_ln205)> <Delay = 0.00>
ST_2 : Operation 73 [1/1] (0.00ns)   --->   "%write_ln0 = write void @_ssdm_op_Write.ap_auto.i32P0A, i32 %p_out, i32 %p_load"   --->   Operation 73 'write' 'write_ln0' <Predicate = (icmp_ln205)> <Delay = 0.00>
ST_2 : Operation 74 [1/1] (0.00ns)   --->   "%write_ln0 = write void @_ssdm_op_Write.ap_auto.i8P0A, i8 %p_0_0_0317415_out, i8 %p_0_0_0317415_load"   --->   Operation 74 'write' 'write_ln0' <Predicate = (icmp_ln205)> <Delay = 0.00>
ST_2 : Operation 75 [1/1] (0.00ns)   --->   "%write_ln0 = write void @_ssdm_op_Write.ap_auto.i8P0A, i8 %p_0_0_0316614_out, i8 %p_0_0_0316614_load"   --->   Operation 75 'write' 'write_ln0' <Predicate = (icmp_ln205)> <Delay = 0.00>
ST_2 : Operation 76 [1/1] (0.00ns)   --->   "%write_ln0 = write void @_ssdm_op_Write.ap_auto.i8P0A, i8 %p_0_0_0315813_out, i8 %p_0_0_0315813_load"   --->   Operation 76 'write' 'write_ln0' <Predicate = (icmp_ln205)> <Delay = 0.00>
ST_2 : Operation 77 [1/1] (0.00ns)   --->   "%write_ln0 = write void @_ssdm_op_Write.ap_auto.i8P0A, i8 %p_0_0_03141012_out, i8 %p_0_0_03141012_load"   --->   Operation 77 'write' 'write_ln0' <Predicate = (icmp_ln205)> <Delay = 0.00>
ST_2 : Operation 78 [1/1] (0.00ns)   --->   "%write_ln208 = write void @_ssdm_op_Write.ap_auto.i1P0A, i1 %p_out1, i1 %empty_40" [hls_fajlovi/card_recognizer_dram_hls.cpp:208]   --->   Operation 78 'write' 'write_ln208' <Predicate = (icmp_ln205)> <Delay = 0.00>
ST_2 : Operation 79 [1/1] (0.00ns)   --->   "%ret_ln0 = ret"   --->   Operation 79 'ret' 'ret_ln0' <Predicate = (icmp_ln205)> <Delay = 0.00>

State 3 <SV = 2> <Delay = 6.28>
ST_3 : Operation 42 [1/1] (0.00ns)   --->   "%p_0_0_03141012_load_1 = load i8 %p_0_0_03141012" [hls_fajlovi/card_recognizer_dram_hls.cpp:208]   --->   Operation 42 'load' 'p_0_0_03141012_load_1' <Predicate = (!icmp_ln205)> <Delay = 0.00>
ST_3 : Operation 43 [1/1] (0.00ns)   --->   "%p_0_0_0315813_load_1 = load i8 %p_0_0_0315813" [hls_fajlovi/card_recognizer_dram_hls.cpp:208]   --->   Operation 43 'load' 'p_0_0_0315813_load_1' <Predicate = (!icmp_ln205)> <Delay = 0.00>
ST_3 : Operation 44 [1/1] (0.00ns)   --->   "%p_0_0_0316614_load_1 = load i8 %p_0_0_0316614" [hls_fajlovi/card_recognizer_dram_hls.cpp:208]   --->   Operation 44 'load' 'p_0_0_0316614_load_1' <Predicate = (!icmp_ln205)> <Delay = 0.00>
ST_3 : Operation 45 [1/1] (0.00ns)   --->   "%p_0_0_0317415_load_1 = load i8 %p_0_0_0317415" [hls_fajlovi/card_recognizer_dram_hls.cpp:208]   --->   Operation 45 'load' 'p_0_0_0317415_load_1' <Predicate = (!icmp_ln205)> <Delay = 0.00>
ST_3 : Operation 46 [1/1] (0.00ns)   --->   "%p_load2 = load i32 %empty" [hls_fajlovi/card_recognizer_dram_hls.cpp:208]   --->   Operation 46 'load' 'p_load2' <Predicate = (!icmp_ln205)> <Delay = 0.00>
ST_3 : Operation 47 [1/1] (0.00ns)   --->   "%specpipeline_ln207 = specpipeline void @_ssdm_op_SpecPipeline, i32 1, i32 0, i32 0, i32 0, void @empty_0" [hls_fajlovi/card_recognizer_dram_hls.cpp:207]   --->   Operation 47 'specpipeline' 'specpipeline_ln207' <Predicate = (!icmp_ln205)> <Delay = 0.00>
ST_3 : Operation 48 [1/1] (0.00ns)   --->   "%speclooptripcount_ln206 = speclooptripcount void @_ssdm_op_SpecLoopTripCount, i64 255, i64 255, i64 255" [hls_fajlovi/card_recognizer_dram_hls.cpp:206]   --->   Operation 48 'speclooptripcount' 'speclooptripcount_ln206' <Predicate = (!icmp_ln205)> <Delay = 0.00>
ST_3 : Operation 49 [1/1] (0.00ns)   --->   "%specloopname_ln205 = specloopname void @_ssdm_op_SpecLoopName, void @empty_8" [hls_fajlovi/card_recognizer_dram_hls.cpp:205]   --->   Operation 49 'specloopname' 'specloopname_ln205' <Predicate = (!icmp_ln205)> <Delay = 0.00>
ST_3 : Operation 50 [1/1] (2.47ns)   --->   "%icmp_ln208 = icmp_ult  i32 %p_load2, i32 %count_load" [hls_fajlovi/card_recognizer_dram_hls.cpp:208]   --->   Operation 50 'icmp' 'icmp_ln208' <Predicate = (!icmp_ln205)> <Delay = 2.47> <CoreInst = "Cmp">   --->   Core 9 'Cmp' <Latency = 0> <II = 1> <Delay = 2.47> <FuncUnit> <Opcode : 'icmp'> <InPorts = 2> <OutPorts = 1>
ST_3 : Operation 51 [1/2] (3.25ns)   --->   "%min_x_V_load = load i8 %min_x_V_addr" [hls_fajlovi/card_recognizer_dram_hls.cpp:209]   --->   Operation 51 'load' 'min_x_V_load' <Predicate = (!icmp_ln205)> <Delay = 3.25> <CoreInst = "RAM">   --->   Core 82 'RAM' <Latency = 1> <II = 1> <Delay = 3.25> <Storage> <Opcode : 'load' 'store'> <Ports = 2> <Width = 8> <Depth = 256> <RAM>
ST_3 : Operation 52 [1/2] (3.25ns)   --->   "%min_y_V_load = load i8 %min_y_V_addr" [hls_fajlovi/card_recognizer_dram_hls.cpp:210]   --->   Operation 52 'load' 'min_y_V_load' <Predicate = (!icmp_ln205)> <Delay = 3.25> <CoreInst = "RAM">   --->   Core 82 'RAM' <Latency = 1> <II = 1> <Delay = 3.25> <Storage> <Opcode : 'load' 'store'> <Ports = 2> <Width = 8> <Depth = 256> <RAM>
ST_3 : Operation 53 [1/2] (3.25ns)   --->   "%max_x_V_load = load i8 %max_x_V_addr" [hls_fajlovi/card_recognizer_dram_hls.cpp:211]   --->   Operation 53 'load' 'max_x_V_load' <Predicate = (!icmp_ln205)> <Delay = 3.25> <CoreInst = "RAM">   --->   Core 82 'RAM' <Latency = 1> <II = 1> <Delay = 3.25> <Storage> <Opcode : 'load' 'store'> <Ports = 2> <Width = 8> <Depth = 256> <RAM>
ST_3 : Operation 54 [1/2] (3.25ns)   --->   "%max_y_V_load = load i8 %max_y_V_addr" [hls_fajlovi/card_recognizer_dram_hls.cpp:212]   --->   Operation 54 'load' 'max_y_V_load' <Predicate = (!icmp_ln205)> <Delay = 3.25> <CoreInst = "RAM">   --->   Core 82 'RAM' <Latency = 1> <II = 1> <Delay = 3.25> <Storage> <Opcode : 'load' 'store'> <Ports = 2> <Width = 8> <Depth = 256> <RAM>
ST_3 : Operation 55 [1/1] (0.97ns)   --->   "%and_ln208 = and i1 %icmp_ln1019, i1 %icmp_ln208" [hls_fajlovi/card_recognizer_dram_hls.cpp:208]   --->   Operation 55 'and' 'and_ln208' <Predicate = (!icmp_ln205)> <Delay = 0.97> <CoreInst = "LogicGate">   --->   Core 74 'LogicGate' <Latency = 0> <II = 1> <Delay = 0.97> <FuncUnit> <Opcode : 'and' 'or' 'xor'> <InPorts = 2> <OutPorts = 1>
ST_3 : Operation 56 [1/1] (0.97ns)   --->   "%or_ln208 = or i1 %and_ln208, i1 %empty_40" [hls_fajlovi/card_recognizer_dram_hls.cpp:208]   --->   Operation 56 'or' 'or_ln208' <Predicate = (!icmp_ln205)> <Delay = 0.97> <CoreInst = "LogicGate">   --->   Core 74 'LogicGate' <Latency = 0> <II = 1> <Delay = 0.97> <FuncUnit> <Opcode : 'and' 'or' 'xor'> <InPorts = 2> <OutPorts = 1>
ST_3 : Operation 57 [1/1] (1.24ns)   --->   "%select_ln208 = select i1 %and_ln208, i8 %max_y_V_load, i8 %p_0_0_03141012_load_1" [hls_fajlovi/card_recognizer_dram_hls.cpp:208]   --->   Operation 57 'select' 'select_ln208' <Predicate = (!icmp_ln205)> <Delay = 1.24> <CoreInst = "Sel">   --->   Core 73 'Sel' <Latency = 0> <II = 1> <Delay = 1.24> <FuncUnit> <Opcode : 'select'> <InPorts = 3> <OutPorts = 1>
ST_3 : Operation 58 [1/1] (1.24ns)   --->   "%select_ln208_1 = select i1 %and_ln208, i8 %max_x_V_load, i8 %p_0_0_0315813_load_1" [hls_fajlovi/card_recognizer_dram_hls.cpp:208]   --->   Operation 58 'select' 'select_ln208_1' <Predicate = (!icmp_ln205)> <Delay = 1.24> <CoreInst = "Sel">   --->   Core 73 'Sel' <Latency = 0> <II = 1> <Delay = 1.24> <FuncUnit> <Opcode : 'select'> <InPorts = 3> <OutPorts = 1>
ST_3 : Operation 59 [1/1] (1.24ns)   --->   "%select_ln208_2 = select i1 %and_ln208, i8 %min_y_V_load, i8 %p_0_0_0316614_load_1" [hls_fajlovi/card_recognizer_dram_hls.cpp:208]   --->   Operation 59 'select' 'select_ln208_2' <Predicate = (!icmp_ln205)> <Delay = 1.24> <CoreInst = "Sel">   --->   Core 73 'Sel' <Latency = 0> <II = 1> <Delay = 1.24> <FuncUnit> <Opcode : 'select'> <InPorts = 3> <OutPorts = 1>
ST_3 : Operation 60 [1/1] (1.24ns)   --->   "%select_ln208_3 = select i1 %and_ln208, i8 %min_x_V_load, i8 %p_0_0_0317415_load_1" [hls_fajlovi/card_recognizer_dram_hls.cpp:208]   --->   Operation 60 'select' 'select_ln208_3' <Predicate = (!icmp_ln205)> <Delay = 1.24> <CoreInst = "Sel">   --->   Core 73 'Sel' <Latency = 0> <II = 1> <Delay = 1.24> <FuncUnit> <Opcode : 'select'> <InPorts = 3> <OutPorts = 1>
ST_3 : Operation 61 [1/1] (0.69ns)   --->   "%select_ln208_4 = select i1 %and_ln208, i32 %count_load, i32 %p_load2" [hls_fajlovi/card_recognizer_dram_hls.cpp:208]   --->   Operation 61 'select' 'select_ln208_4' <Predicate = (!icmp_ln205)> <Delay = 0.69> <CoreInst = "Sel">   --->   Core 73 'Sel' <Latency = 0> <II = 1> <Delay = 0.69> <FuncUnit> <Opcode : 'select'> <InPorts = 3> <OutPorts = 1>
ST_3 : Operation 62 [1/1] (1.58ns)   --->   "%store_ln205 = store i32 %select_ln208_4, i32 %empty" [hls_fajlovi/card_recognizer_dram_hls.cpp:205]   --->   Operation 62 'store' 'store_ln205' <Predicate = (!icmp_ln205)> <Delay = 1.58>
ST_3 : Operation 63 [1/1] (1.58ns)   --->   "%store_ln205 = store i8 %select_ln208_3, i8 %p_0_0_0317415" [hls_fajlovi/card_recognizer_dram_hls.cpp:205]   --->   Operation 63 'store' 'store_ln205' <Predicate = (!icmp_ln205)> <Delay = 1.58>
ST_3 : Operation 64 [1/1] (1.58ns)   --->   "%store_ln205 = store i8 %select_ln208_2, i8 %p_0_0_0316614" [hls_fajlovi/card_recognizer_dram_hls.cpp:205]   --->   Operation 64 'store' 'store_ln205' <Predicate = (!icmp_ln205)> <Delay = 1.58>
ST_3 : Operation 65 [1/1] (1.58ns)   --->   "%store_ln205 = store i8 %select_ln208_1, i8 %p_0_0_0315813" [hls_fajlovi/card_recognizer_dram_hls.cpp:205]   --->   Operation 65 'store' 'store_ln205' <Predicate = (!icmp_ln205)> <Delay = 1.58>
ST_3 : Operation 66 [1/1] (1.58ns)   --->   "%store_ln205 = store i8 %select_ln208, i8 %p_0_0_03141012" [hls_fajlovi/card_recognizer_dram_hls.cpp:205]   --->   Operation 66 'store' 'store_ln205' <Predicate = (!icmp_ln205)> <Delay = 1.58>
ST_3 : Operation 67 [1/1] (0.00ns)   --->   "%br_ln205 = br void %for.body223" [hls_fajlovi/card_recognizer_dram_hls.cpp:205]   --->   Operation 67 'br' 'br_ln205' <Predicate = (!icmp_ln205)> <Delay = 0.00>


============================================================
+ Verbose Summary: Timing violations
============================================================
Target clock period: 10ns, clock uncertainty: 2.7ns.

 <State 1>: 3.41ns
The critical path consists of the following:
	'alloca' operation ('op2') [18]  (0 ns)
	'load' operation ('i', hls_fajlovi/card_recognizer_dram_hls.cpp:205) on local variable 'op2' [28]  (0 ns)
	'add' operation ('add_ln205', hls_fajlovi/card_recognizer_dram_hls.cpp:205) [63]  (1.82 ns)
	'store' operation ('store_ln205', hls_fajlovi/card_recognizer_dram_hls.cpp:205) of variable 'add_ln205', hls_fajlovi/card_recognizer_dram_hls.cpp:205 on local variable 'op2' [64]  (1.59 ns)

 <State 2>: 4.91ns
The critical path consists of the following:
	'load' operation ('parent_V_load') on array 'parent_V' [42]  (3.25 ns)
	'icmp' operation ('icmp_ln1019') [44]  (1.66 ns)

 <State 3>: 6.29ns
The critical path consists of the following:
	'load' operation ('p_load2', hls_fajlovi/card_recognizer_dram_hls.cpp:208) on local variable 'empty' [36]  (0 ns)
	'icmp' operation ('icmp_ln208', hls_fajlovi/card_recognizer_dram_hls.cpp:208) [47]  (2.47 ns)
	'and' operation ('and_ln208', hls_fajlovi/card_recognizer_dram_hls.cpp:208) [56]  (0.978 ns)
	'select' operation ('select_ln208_3', hls_fajlovi/card_recognizer_dram_hls.cpp:208) [61]  (1.25 ns)
	'store' operation ('store_ln205', hls_fajlovi/card_recognizer_dram_hls.cpp:205) of variable 'select_ln208_3', hls_fajlovi/card_recognizer_dram_hls.cpp:208 on local variable 'p_0_0_0317415' [66]  (1.59 ns)


============================================================
+ Verbose Summary: Binding
============================================================
N/A
* FSMD analyzer results:
  - Output states:
 - Input state : 
  - Chain level:
	State 1
	State 2
	State 3


============================================================
+ Verbose Summary: Datapath Resource usage 
============================================================
N/A
