

================================================================
== Vitis HLS Report for 'find_largest_component_ccl_Pipeline_SELECT_BEST'
================================================================
* Date:           Wed Jul 15 18:02:32 2026

* Version:        2022.2 (Build 3670227 on Oct 13 2022)
* Project:        card_recognizer_dram_hls
* Solution:       solution1 (Vivado IP Flow Target)
* Product family: zynq
* Target device:  xc7z010i-clg225-1L


================================================================
== Performance Estimates
================================================================
+ Timing: 
    * Summary: 
    +--------+----------+----------+------------+
    |  Clock |  Target  | Estimated| Uncertainty|
    +--------+----------+----------+------------+
    |ap_clk  |  10.00 ns|  6.287 ns|     2.70 ns|
    +--------+----------+----------+------------+

+ Latency: 
    * Summary: 
    +---------+---------+----------+----------+-----+-----+---------+
    |  Latency (cycles) |  Latency (absolute) |  Interval | Pipeline|
    |   min   |   max   |    min   |    max   | min | max |   Type  |
    +---------+---------+----------+----------+-----+-----+---------+
    |      258|      258|  2.580 us|  2.580 us|  258|  258|       no|
    +---------+---------+----------+----------+-----+-----+---------+

    + Detail: 
        * Instance: 
        N/A

        * Loop: 
        +---------------+---------+---------+----------+-----------+-----------+------+----------+
        |               |  Latency (cycles) | Iteration|  Initiation Interval  | Trip |          |
        |   Loop Name   |   min   |   max   |  Latency |  achieved |   target  | Count| Pipelined|
        +---------------+---------+---------+----------+-----------+-----------+------+----------+
        |- SELECT_BEST  |      256|      256|         3|          1|          1|   255|       yes|
        +---------------+---------+---------+----------+-----------+-----------+------+----------+



================================================================
== Utilization Estimates
================================================================
* Summary: 
+-----------------+---------+----+-------+-------+-----+
|       Name      | BRAM_18K| DSP|   FF  |  LUT  | URAM|
+-----------------+---------+----+-------+-------+-----+
|DSP              |        -|   -|      -|      -|    -|
|Expression       |        -|   -|      0|    124|    -|
|FIFO             |        -|   -|      -|      -|    -|
|Instance         |        -|   -|      -|      -|    -|
|Memory           |        -|   -|      -|      -|    -|
|Multiplexer      |        -|   -|      -|     90|    -|
|Register         |        -|   -|    132|      -|    -|
+-----------------+---------+----+-------+-------+-----+
|Total            |        0|   0|    132|    214|    0|
+-----------------+---------+----+-------+-------+-----+
|Available        |      120|  80|  35200|  17600|    0|
+-----------------+---------+----+-------+-------+-----+
|Utilization (%)  |        0|   0|     ~0|      1|    0|
+-----------------+---------+----+-------+-------+-----+

+ Detail: 
    * Instance: 
    N/A

    * DSP: 
    N/A

    * Memory: 
    N/A

    * FIFO: 
    N/A

    * Expression: 
    +--------------------------+----------+----+---+----+------------+------------+
    |       Variable Name      | Operation| DSP| FF| LUT| Bitwidth P0| Bitwidth P1|
    +--------------------------+----------+----+---+----+------------+------------+
    |add_ln205_fu_262_p2       |         +|   0|  0|  14|           9|           1|
    |and_ln208_fu_302_p2       |       and|   0|  0|   2|           1|           1|
    |icmp_ln1019_fu_277_p2     |      icmp|   0|  0|  11|           9|           9|
    |icmp_ln205_fu_250_p2      |      icmp|   0|  0|  11|           9|          10|
    |icmp_ln208_fu_297_p2      |      icmp|   0|  0|  18|          32|          32|
    |or_ln208_fu_307_p2        |        or|   0|  0|   2|           1|           1|
    |select_ln208_1_fu_321_p3  |    select|   0|  0|   8|           1|           8|
    |select_ln208_2_fu_329_p3  |    select|   0|  0|   8|           1|           8|
    |select_ln208_3_fu_337_p3  |    select|   0|  0|   8|           1|           8|
    |select_ln208_4_fu_345_p3  |    select|   0|  0|  32|           1|          32|
    |select_ln208_fu_313_p3    |    select|   0|  0|   8|           1|           8|
    |ap_enable_pp0             |       xor|   0|  0|   2|           1|           2|
    +--------------------------+----------+----+---+----+------------+------------+
    |Total                     |          |   0|  0| 124|          67|         120|
    +--------------------------+----------+----+---+----+------------+------------+

    * Multiplexer: 
    +-------------------------+----+-----------+-----+-----------+
    |           Name          | LUT| Input Size| Bits| Total Bits|
    +-------------------------+----+-----------+-----+-----------+
    |ap_done_int              |   9|          2|    1|          2|
    |ap_enable_reg_pp0_iter2  |   9|          2|    1|          2|
    |ap_sig_allocacmp_i_1     |   9|          2|    9|         18|
    |empty_40_reg_204         |   9|          2|    1|          2|
    |empty_fu_76              |   9|          2|   32|         64|
    |i_fu_80                  |   9|          2|    9|         18|
    |p_0_0_03141012_fu_60     |   9|          2|    8|         16|
    |p_0_0_0315813_fu_64      |   9|          2|    8|         16|
    |p_0_0_0316614_fu_68      |   9|          2|    8|         16|
    |p_0_0_0317415_fu_72      |   9|          2|    8|         16|
    +-------------------------+----+-----------+-----+-----------+
    |Total                    |  90|         20|   85|        170|
    +-------------------------+----+-----------+-----+-----------+

    * Register: 
    +----------------------------------+----+----+-----+-----------+
    |               Name               | FF | LUT| Bits| Const Bits|
    +----------------------------------+----+----+-----+-----------+
    |ap_CS_fsm                         |   1|   0|    1|          0|
    |ap_done_reg                       |   1|   0|    1|          0|
    |ap_enable_reg_pp0_iter1           |   1|   0|    1|          0|
    |ap_enable_reg_pp0_iter2           |   1|   0|    1|          0|
    |ap_loop_exit_ready_pp0_iter1_reg  |   1|   0|    1|          0|
    |count_load_reg_476                |  32|   0|   32|          0|
    |empty_40_reg_204                  |   1|   0|    1|          0|
    |empty_fu_76                       |  32|   0|   32|          0|
    |i_1_reg_444                       |   9|   0|    9|          0|
    |i_fu_80                           |   9|   0|    9|          0|
    |icmp_ln1019_reg_471               |   1|   0|    1|          0|
    |icmp_ln205_reg_449                |   1|   0|    1|          0|
    |icmp_ln205_reg_449_pp0_iter1_reg  |   1|   0|    1|          0|
    |p_0_0_03141012_fu_60              |   8|   0|    8|          0|
    |p_0_0_0315813_fu_64               |   8|   0|    8|          0|
    |p_0_0_0316614_fu_68               |   8|   0|    8|          0|
    |p_0_0_0317415_fu_72               |   8|   0|    8|          0|
    |zext_ln205_reg_453                |   9|   0|   64|         55|
    +----------------------------------+----+----+-----+-----------+
    |Total                             | 132|   0|  187|         55|
    +----------------------------------+----+----+-----+-----------+



================================================================
== Interface
================================================================
* Summary: 
+---------------------------+-----+-----+------------+-------------------------------------------------+--------------+
|         RTL Ports         | Dir | Bits|  Protocol  |                  Source Object                  |    C Type    |
+---------------------------+-----+-----+------------+-------------------------------------------------+--------------+
|ap_clk                     |   in|    1|  ap_ctrl_hs|  find_largest_component_ccl_Pipeline_SELECT_BEST|  return value|
|ap_rst                     |   in|    1|  ap_ctrl_hs|  find_largest_component_ccl_Pipeline_SELECT_BEST|  return value|
|ap_start                   |   in|    1|  ap_ctrl_hs|  find_largest_component_ccl_Pipeline_SELECT_BEST|  return value|
|ap_done                    |  out|    1|  ap_ctrl_hs|  find_largest_component_ccl_Pipeline_SELECT_BEST|  return value|
|ap_idle                    |  out|    1|  ap_ctrl_hs|  find_largest_component_ccl_Pipeline_SELECT_BEST|  return value|
|ap_ready                   |  out|    1|  ap_ctrl_hs|  find_largest_component_ccl_Pipeline_SELECT_BEST|  return value|
|parent_V_address0          |  out|    8|   ap_memory|                                         parent_V|         array|
|parent_V_ce0               |  out|    1|   ap_memory|                                         parent_V|         array|
|parent_V_q0                |   in|    8|   ap_memory|                                         parent_V|         array|
|count_address0             |  out|    8|   ap_memory|                                            count|         array|
|count_ce0                  |  out|    1|   ap_memory|                                            count|         array|
|count_q0                   |   in|   32|   ap_memory|                                            count|         array|
|min_x_V_address0           |  out|    8|   ap_memory|                                          min_x_V|         array|
|min_x_V_ce0                |  out|    1|   ap_memory|                                          min_x_V|         array|
|min_x_V_q0                 |   in|    8|   ap_memory|                                          min_x_V|         array|
|min_y_V_address0           |  out|    8|   ap_memory|                                          min_y_V|         array|
|min_y_V_ce0                |  out|    1|   ap_memory|                                          min_y_V|         array|
|min_y_V_q0                 |   in|    8|   ap_memory|                                          min_y_V|         array|
|max_x_V_address0           |  out|    8|   ap_memory|                                          max_x_V|         array|
|max_x_V_ce0                |  out|    1|   ap_memory|                                          max_x_V|         array|
|max_x_V_q0                 |   in|    8|   ap_memory|                                          max_x_V|         array|
|max_y_V_address0           |  out|    8|   ap_memory|                                          max_y_V|         array|
|max_y_V_ce0                |  out|    1|   ap_memory|                                          max_y_V|         array|
|max_y_V_q0                 |   in|    8|   ap_memory|                                          max_y_V|         array|
|p_out                      |  out|   32|      ap_vld|                                            p_out|       pointer|
|p_out_ap_vld               |  out|    1|      ap_vld|                                            p_out|       pointer|
|p_0_0_0317415_out          |  out|    8|      ap_vld|                                p_0_0_0317415_out|       pointer|
|p_0_0_0317415_out_ap_vld   |  out|    1|      ap_vld|                                p_0_0_0317415_out|       pointer|
|p_0_0_0316614_out          |  out|    8|      ap_vld|                                p_0_0_0316614_out|       pointer|
|p_0_0_0316614_out_ap_vld   |  out|    1|      ap_vld|                                p_0_0_0316614_out|       pointer|
|p_0_0_0315813_out          |  out|    8|      ap_vld|                                p_0_0_0315813_out|       pointer|
|p_0_0_0315813_out_ap_vld   |  out|    1|      ap_vld|                                p_0_0_0315813_out|       pointer|
|p_0_0_03141012_out         |  out|    8|      ap_vld|                               p_0_0_03141012_out|       pointer|
|p_0_0_03141012_out_ap_vld  |  out|    1|      ap_vld|                               p_0_0_03141012_out|       pointer|
|p_out1                     |  out|    1|      ap_vld|                                           p_out1|       pointer|
|p_out1_ap_vld              |  out|    1|      ap_vld|                                           p_out1|       pointer|
+---------------------------+-----+-----+------------+-------------------------------------------------+--------------+

============================================================
+ Verbose Summary: Synthesis Manager
============================================================
InlineROM: 1
ExposeGlobal: 0
============================================================
+ Verbose Summary: CDFG Model
============================================================
IsTopModel: 0
ResetActiveHigh: 1
IsCombinational: 2
IsDatapathOnly: 2
HasWiredReturn: 1
HasMFsm: 2
HasVarLatency: 1
IsPipeline: 0
IsRtlPipelined: 0
IsInstanceOverlapped: 0
IsDontTouch: 0
HasImplIP: 0
IsGatedGlobalClock: 0

+ Individual pipeline summary: 
  * Pipeline-0: initiation interval (II) = 1, depth = 3


============================================================
+ Verbose Summary: Schedule
============================================================
* Number of FSM states : 3
* Pipeline : 1
  Pipeline-0 : II = 1, D = 3, States = { 1 2 3 }
* Dataflow Pipeline: 0

* FSM state transitions: 
1 --> 2 
2 --> 3 
3 --> 

* FSM state operations: 

State 1 <SV = 0> <Delay = 3.41>
ST_1 : Operation 6 [1/1] (0.00ns)   --->   "%p_0_0_03141012 = alloca i32 1"   --->   Operation 6 'alloca' 'p_0_0_03141012' <Predicate = true> <Delay = 0.00>
ST_1 : Operation 7 [1/1] (0.00ns)   --->   "%p_0_0_0315813 = alloca i32 1"   --->   Operation 7 'alloca' 'p_0_0_0315813' <Predicate = true> <Delay = 0.00>
ST_1 : Operation 8 [1/1] (0.00ns)   --->   "%p_0_0_0316614 = alloca i32 1"   --->   Operation 8 'alloca' 'p_0_0_0316614' <Predicate = true> <Delay = 0.00>
ST_1 : Operation 9 [1/1] (0.00ns)   --->   "%p_0_0_0317415 = alloca i32 1"   --->   Operation 9 'alloca' 'p_0_0_0317415' <Predicate = true> <Delay = 0.00>
ST_1 : Operation 10 [1/1] (0.00ns)   --->   "%empty = alloca i32 1"   --->   Operation 10 'alloca' 'empty' <Predicate = true> <Delay = 0.00>
ST_1 : Operation 11 [1/1] (0.00ns)   --->   "%i = alloca i32 1"   --->   Operation 11 'alloca' 'i' <Predicate = true> <Delay = 0.00>
ST_1 : Operation 12 [1/1] (1.58ns)   --->   "%store_ln0 = store i9 1, i9 %i"   --->   Operation 12 'store' 'store_ln0' <Predicate = true> <Delay = 1.58>
ST_1 : Operation 13 [1/1] (1.58ns)   --->   "%store_ln0 = store i32 0, i32 %empty"   --->   Operation 13 'store' 'store_ln0' <Predicate = true> <Delay = 1.58>
ST_1 : Operation 14 [1/1] (1.58ns)   --->   "%store_ln0 = store i8 159, i8 %p_0_0_0317415"   --->   Operation 14 'store' 'store_ln0' <Predicate = true> <Delay = 1.58>
ST_1 : Operation 15 [1/1] (1.58ns)   --->   "%store_ln0 = store i8 119, i8 %p_0_0_0316614"   --->   Operation 15 'store' 'store_ln0' <Predicate = true> <Delay = 1.58>
ST_1 : Operation 16 [1/1] (1.58ns)   --->   "%store_ln0 = store i8 0, i8 %p_0_0_0315813"   --->   Operation 16 'store' 'store_ln0' <Predicate = true> <Delay = 1.58>
ST_1 : Operation 17 [1/1] (1.58ns)   --->   "%store_ln0 = store i8 0, i8 %p_0_0_03141012"   --->   Operation 17 'store' 'store_ln0' <Predicate = true> <Delay = 1.58>
ST_1 : Operation 18 [1/1] (1.58ns)   --->   "%br_ln0 = br void %for.body223"   --->   Operation 18 'br' 'br_ln0' <Predicate = true> <Delay = 1.58>
ST_1 : Operation 19 [1/1] (0.00ns)   --->   "%i_1 = load i9 %i" [hls_fajlovi/card_recognizer_dram_hls.cpp:205]   --->   Operation 19 'load' 'i_1' <Predicate = true> <Delay = 0.00>
ST_1 : Operation 20 [1/1] (1.66ns)   --->   "%icmp_ln205 = icmp_eq  i9 %i_1, i9 256" [hls_fajlovi/card_recognizer_dram_hls.cpp:205]   --->   Operation 20 'icmp' 'icmp_ln205' <Predicate = true> <Delay = 1.66> <CoreInst = "Cmp">   --->   Core 9 'Cmp' <Latency = 0> <II = 1> <Delay = 1.77> <FuncUnit> <Opcode : 'icmp'> <InPorts = 2> <OutPorts = 1>
ST_1 : Operation 21 [1/1] (0.00ns)   --->   "%br_ln205 = br i1 %icmp_ln205, void %for.body223.split_ifconv, void %for.cond.cleanup222.exitStub" [hls_fajlovi/card_recognizer_dram_hls.cpp:205]   --->   Operation 21 'br' 'br_ln205' <Predicate = true> <Delay = 0.00>
ST_1 : Operation 22 [1/1] (0.00ns)   --->   "%zext_ln205 = zext i9 %i_1" [hls_fajlovi/card_recognizer_dram_hls.cpp:205]   --->   Operation 22 'zext' 'zext_ln205' <Predicate = (!icmp_ln205)> <Delay = 0.00>
ST_1 : Operation 23 [1/1] (0.00ns)   --->   "%parent_V_addr = getelementptr i8 %parent_V, i64 0, i64 %zext_ln205"   --->   Operation 23 'getelementptr' 'parent_V_addr' <Predicate = (!icmp_ln205)> <Delay = 0.00>
ST_1 : Operation 24 [2/2] (3.25ns)   --->   "%parent_V_load = load i8 %parent_V_addr"   --->   Operation 24 'load' 'parent_V_load' <Predicate = (!icmp_ln205)> <Delay = 3.25> <CoreInst = "RAM">   --->   Core 82 'RAM' <Latency = 1> <II = 1> <Delay = 3.25> <Storage> <Opcode : 'load' 'store'> <Ports = 2> <Width = 8> <Depth = 256> <RAM>
ST_1 : Operation 25 [1/1] (0.00ns)   --->   "%count_addr = getelementptr i32 %count, i64 0, i64 %zext_ln205" [hls_fajlovi/card_recognizer_dram_hls.cpp:208]   --->   Operation 25 'getelementptr' 'count_addr' <Predicate = (!icmp_ln205)> <Delay = 0.00>
ST_1 : Operation 26 [2/2] (3.25ns)   --->   "%count_load = load i8 %count_addr" [hls_fajlovi/card_recognizer_dram_hls.cpp:208]   --->   Operation 26 'load' 'count_load' <Predicate = (!icmp_ln205)> <Delay = 3.25> <CoreInst = "RAM">   --->   Core 82 'RAM' <Latency = 1> <II = 1> <Delay = 3.25> <Storage> <Opcode : 'load' 'store'> <Ports = 2> <Width = 32> <Depth = 256> <RAM>
ST_1 : Operation 27 [1/1] (1.82ns)   --->   "%add_ln205 = add i9 %i_1, i9 1" [hls_fajlovi/card_recognizer_dram_hls.cpp:205]   --->   Operation 27 'add' 'add_ln205' <Predicate = (!icmp_ln205)> <Delay = 1.82> <CoreInst = "Adder">   --->   Core 1 'Adder' <Latency = 0> <II = 1> <Delay = 1.82> <FuncUnit> <Opcode : 'add' 'sub'> <InPorts = 2> <OutPorts = 1>
ST_1 : Operation 28 [1/1] (1.58ns)   --->   "%store_ln205 = store i9 %add_ln205, i9 %i" [hls_fajlovi/card_recognizer_dram_hls.cpp:205]   --->   Operation 28 'store' 'store_ln205' <Predicate = (!icmp_ln205)> <Delay = 1.58>

State 2 <SV = 1> <Delay = 4.91>
ST_2 : Operation 29 [1/1] (0.00ns)   --->   "%empty_40 = phi i1 %or_ln208, void %for.body223.split_ifconv, i1 0, void %newFuncRoot" [hls_fajlovi/card_recognizer_dram_hls.cpp:208]   --->   Operation 29 'phi' 'empty_40' <Predicate = true> <Delay = 0.00>
ST_2 : Operation 30 [1/2] (3.25ns)   --->   "%parent_V_load = load i8 %parent_V_addr"   --->   Operation 30 'load' 'parent_V_load' <Predicate = (!icmp_ln205)> <Delay = 3.25> <CoreInst = "RAM">   --->   Core 82 'RAM' <Latency = 1> <II = 1> <Delay = 3.25> <Storage> <Opcode : 'load' 'store'> <Ports = 2> <Width = 8> <Depth = 256> <RAM>
ST_2 : Operation 31 [1/1] (0.00ns)   --->   "%zext_ln1019 = zext i8 %parent_V_load"   --->   Operation 31 'zext' 'zext_ln1019' <Predicate = (!icmp_ln205)> <Delay = 0.00>
ST_2 : Operation 32 [1/1] (1.66ns)   --->   "%icmp_ln1019 = icmp_eq  i9 %i_1, i9 %zext_ln1019"   --->   Operation 32 'icmp' 'icmp_ln1019' <Predicate = (!icmp_ln205)> <Delay = 1.66> <CoreInst = "Cmp">   --->   Core 9 'Cmp' <Latency = 0> <II = 1> <Delay = 1.66> <FuncUnit> <Opcode : 'icmp'> <InPorts = 2> <OutPorts = 1>
ST_2 : Operation 33 [1/2] (3.25ns)   --->   "%count_load = load i8 %count_addr" [hls_fajlovi/card_recognizer_dram_hls.cpp:208]   --->   Operation 33 'load' 'count_load' <Predicate = (!icmp_ln205)> <Delay = 3.25> <CoreInst = "RAM">   --->   Core 82 'RAM' <Latency = 1> <II = 1> <Delay = 3.25> <Storage> <Opcode : 'load' 'store'> <Ports = 2> <Width = 32> <Depth = 256> <RAM>
ST_2 : Operation 34 [1/1] (0.00ns)   --->   "%min_x_V_addr = getelementptr i8 %min_x_V, i64 0, i64 %zext_ln205" [hls_fajlovi/card_recognizer_dram_hls.cpp:209]   --->   Operation 34 'getelementptr' 'min_x_V_addr' <Predicate = (!icmp_ln205)> <Delay = 0.00>
ST_2 : Operation 35 [2/2] (3.25ns)   --->   "%min_x_V_load = load i8 %min_x_V_addr" [hls_fajlovi/card_recognizer_dram_hls.cpp:209]   --->   Operation 35 'load' 'min_x_V_load' <Predicate = (!icmp_ln205)> <Delay = 3.25> <CoreInst = "RAM">   --->   Core 82 'RAM' <Latency = 1> <II = 1> <Delay = 3.25> <Storage> <Opcode : 'load' 'store'> <Ports = 2> <Width = 8> <Depth = 256> <RAM>
ST_2 : Operation 36 [1/1] (0.00ns)   --->   "%min_y_V_addr = getelementptr i8 %min_y_V, i64 0, i64 %zext_ln205" [hls_fajlovi/card_recognizer_dram_hls.cpp:210]   --->   Operation 36 'getelementptr' 'min_y_V_addr' <Predicate = (!icmp_ln205)> <Delay = 0.00>
ST_2 : Operation 37 [2/2] (3.25ns)   --->   "%min_y_V_load = load i8 %min_y_V_addr" [hls_fajlovi/card_recognizer_dram_hls.cpp:210]   --->   Operation 37 'load' 'min_y_V_load' <Predicate = (!icmp_ln205)> <Delay = 3.25> <CoreInst = "RAM">   --->   Core 82 'RAM' <Latency = 1> <II = 1> <Delay = 3.25> <Storage> <Opcode : 'load' 'store'> <Ports = 2> <Width = 8> <Depth = 256> <RAM>
ST_2 : Operation 38 [1/1] (0.00ns)   --->   "%max_x_V_addr = getelementptr i8 %max_x_V, i64 0, i64 %zext_ln205" [hls_fajlovi/card_recognizer_dram_hls.cpp:211]   --->   Operation 38 'getelementptr' 'max_x_V_addr' <Predicate = (!icmp_ln205)> <Delay = 0.00>
ST_2 : Operation 39 [2/2] (3.25ns)   --->   "%max_x_V_load = load i8 %max_x_V_addr" [hls_fajlovi/card_recognizer_dram_hls.cpp:211]   --->   Operation 39 'load' 'max_x_V_load' <Predicate = (!icmp_ln205)> <Delay = 3.25> <CoreInst = "RAM">   --->   Core 82 'RAM' <Latency = 1> <II = 1> <Delay = 3.25> <Storage> <Opcode : 'load' 'store'> <Ports = 2> <Width = 8> <Depth = 256> <RAM>
ST_2 : Operation 40 [1/1] (0.00ns)   --->   "%max_y_V_addr = getelementptr i8 %max_y_V, i64 0, i64 %zext_ln205" [hls_fajlovi/card_recognizer_dram_hls.cpp:212]   --->   Operation 40 'getelementptr' 'max_y_V_addr' <Predicate = (!icmp_ln205)> <Delay = 0.00>
ST_2 : Operation 41 [2/2] (3.25ns)   --->   "%max_y_V_load = load i8 %max_y_V_addr" [hls_fajlovi/card_recognizer_dram_hls.cpp:212]   --->   Operation 41 'load' 'max_y_V_load' <Predicate = (!icmp_ln205)> <Delay = 3.25> <CoreInst = "RAM">   --->   Core 82 'RAM' <Latency = 1> <II = 1> <Delay = 3.25> <Storage> <Opcode : 'load' 'store'> <Ports = 2> <Width = 8> <Depth = 256> <RAM>
ST_2 : Operation 68 [1/1] (0.00ns)   --->   "%p_0_0_03141012_load = load i8 %p_0_0_03141012"   --->   Operation 68 'load' 'p_0_0_03141012_load' <Predicate = (icmp_ln205)> <Delay = 0.00>
ST_2 : Operation 69 [1/1] (0.00ns)   --->   "%p_0_0_0315813_load = load i8 %p_0_0_0315813"   --->   Operation 69 'load' 'p_0_0_0315813_load' <Predicate = (icmp_ln205)> <Delay = 0.00>
ST_2 : Operation 70 [1/1] (0.00ns)   --->   "%p_0_0_0316614_load = load i8 %p_0_0_0316614"   --->   Operation 70 'load' 'p_0_0_0316614_load' <Predicate = (icmp_ln205)> <Delay = 0.00>
ST_2 : Operation 71 [1/1] (0.00ns)   --->   "%p_0_0_0317415_load = load i8 %p_0_0_0317415"   --->   Operation 71 'load' 'p_0_0_0317415_load' <Predicate = (icmp_ln205)> <Delay = 0.00>
ST_2 : Operation 72 [1/1] (0.00ns)   --->   "%p_load = load i32 %empty"   --->   Operation 72 'load' 'p_load' <Predicate = (icmp_ln205)> <Delay = 0.00>
ST_2 : Operation 73 [1/1] (0.00ns)   --->   "%write_ln0 = write void @_ssdm_op_Write.ap_auto.i32P0A, i32 %p_out, i32 %p_load"   --->   Operation 73 'write' 'write_ln0' <Predicate = (icmp_ln205)> <Delay = 0.00>
ST_2 : Operation 74 [1/1] (0.00ns)   --->   "%write_ln0 = write void @_ssdm_op_Write.ap_auto.i8P0A, i8 %p_0_0_0317415_out, i8 %p_0_0_0317415_load"   --->   Operation 74 'write' 'write_ln0' <Predicate = (icmp_ln205)> <Delay = 0.00>
ST_2 : Operation 75 [1/1] (0.00ns)   --->   "%write_ln0 = write void @_ssdm_op_Write.ap_auto.i8P0A, i8 %p_0_0_0316614_out, i8 %p_0_0_0316614_load"   --->   Operation 75 'write' 'write_ln0' <Predicate = (icmp_ln205)> <Delay = 0.00>
ST_2 : Operation 76 [1/1] (0.00ns)   --->   "%write_ln0 = write void @_ssdm_op_Write.ap_auto.i8P0A, i8 %p_0_0_0315813_out, i8 %p_0_0_0315813_load"   --->   Operation 76 'write' 'write_ln0' <Predicate = (icmp_ln205)> <Delay = 0.00>
ST_2 : Operation 77 [1/1] (0.00ns)   --->   "%write_ln0 = write void @_ssdm_op_Write.ap_auto.i8P0A, i8 %p_0_0_03141012_out, i8 %p_0_0_03141012_load"   --->   Operation 77 'write' 'write_ln0' <Predicate = (icmp_ln205)> <Delay = 0.00>
ST_2 : Operation 78 [1/1] (0.00ns)   --->   "%write_ln208 = write void @_ssdm_op_Write.ap_auto.i1P0A, i1 %p_out1, i1 %empty_40" [hls_fajlovi/card_recognizer_dram_hls.cpp:208]   --->   Operation 78 'write' 'write_ln208' <Predicate = (icmp_ln205)> <Delay = 0.00>
ST_2 : Operation 79 [1/1] (0.00ns)   --->   "%ret_ln0 = ret"   --->   Operation 79 'ret' 'ret_ln0' <Predicate = (icmp_ln205)> <Delay = 0.00>

State 3 <SV = 2> <Delay = 6.28>
ST_3 : Operation 42 [1/1] (0.00ns)   --->   "%p_0_0_03141012_load_1 = load i8 %p_0_0_03141012" [hls_fajlovi/card_recognizer_dram_hls.cpp:208]   --->   Operation 42 'load' 'p_0_0_03141012_load_1' <Predicate = (!icmp_ln205)> <Delay = 0.00>
ST_3 : Operation 43 [1/1] (0.00ns)   --->   "%p_0_0_0315813_load_1 = load i8 %p_0_0_0315813" [hls_fajlovi/card_recognizer_dram_hls.cpp:208]   --->   Operation 43 'load' 'p_0_0_0315813_load_1' <Predicate = (!icmp_ln205)> <Delay = 0.00>
ST_3 : Operation 44 [1/1] (0.00ns)   --->   "%p_0_0_0316614_load_1 = load i8 %p_0_0_0316614" [hls_fajlovi/card_recognizer_dram_hls.cpp:208]   --->   Operation 44 'load' 'p_0_0_0316614_load_1' <Predicate = (!icmp_ln205)> <Delay = 0.00>
ST_3 : Operation 45 [1/1] (0.00ns)   --->   "%p_0_0_0317415_load_1 = load i8 %p_0_0_0317415" [hls_fajlovi/card_recognizer_dram_hls.cpp:208]   --->   Operation 45 'load' 'p_0_0_0317415_load_1' <Predicate = (!icmp_ln205)> <Delay = 0.00>
ST_3 : Operation 46 [1/1] (0.00ns)   --->   "%p_load2 = load i32 %empty" [hls_fajlovi/card_recognizer_dram_hls.cpp:208]   --->   Operation 46 'load' 'p_load2' <Predicate = (!icmp_ln205)> <Delay = 0.00>
ST_3 : Operation 47 [1/1] (0.00ns)   --->   "%specpipeline_ln207 = specpipeline void @_ssdm_op_SpecPipeline, i32 1, i32 0, i32 0, i32 0, void @empty_0" [hls_fajlovi/card_recognizer_dram_hls.cpp:207]   --->   Operation 47 'specpipeline' 'specpipeline_ln207' <Predicate = (!icmp_ln205)> <Delay = 0.00>
ST_3 : Operation 48 [1/1] (0.00ns)   --->   "%speclooptripcount_ln206 = speclooptripcount void @_ssdm_op_SpecLoopTripCount, i64 255, i64 255, i64 255" [hls_fajlovi/card_recognizer_dram_hls.cpp:206]   --->   Operation 48 'speclooptripcount' 'speclooptripcount_ln206' <Predicate = (!icmp_ln205)> <Delay = 0.00>
ST_3 : Operation 49 [1/1] (0.00ns)   --->   "%specloopname_ln205 = specloopname void @_ssdm_op_SpecLoopName, void @empty_8" [hls_fajlovi/card_recognizer_dram_hls.cpp:205]   --->   Operation 49 'specloopname' 'specloopname_ln205' <Predicate = (!icmp_ln205)> <Delay = 0.00>
ST_3 : Operation 50 [1/1] (2.47ns)   --->   "%icmp_ln208 = icmp_ult  i32 %p_load2, i32 %count_load" [hls_fajlovi/card_recognizer_dram_hls.cpp:208]   --->   Operation 50 'icmp' 'icmp_ln208' <Predicate = (!icmp_ln205)> <Delay = 2.47> <CoreInst = "Cmp">   --->   Core 9 'Cmp' <Latency = 0> <II = 1> <Delay = 2.47> <FuncUnit> <Opcode : 'icmp'> <InPorts = 2> <OutPorts = 1>
ST_3 : Operation 51 [1/2] (3.25ns)   --->   "%min_x_V_load = load i8 %min_x_V_addr" [hls_fajlovi/card_recognizer_dram_hls.cpp:209]   --->   Operation 51 'load' 'min_x_V_load' <Predicate = (!icmp_ln205)> <Delay = 3.25> <CoreInst = "RAM">   --->   Core 82 'RAM' <Latency = 1> <II = 1> <Delay = 3.25> <Storage> <Opcode : 'load' 'store'> <Ports = 2> <Width = 8> <Depth = 256> <RAM>
ST_3 : Operation 52 [1/2] (3.25ns)   --->   "%min_y_V_load = load i8 %min_y_V_addr" [hls_fajlovi/card_recognizer_dram_hls.cpp:210]   --->   Operation 52 'load' 'min_y_V_load' <Predicate = (!icmp_ln205)> <Delay = 3.25> <CoreInst = "RAM">   --->   Core 82 'RAM' <Latency = 1> <II = 1> <Delay = 3.25> <Storage> <Opcode : 'load' 'store'> <Ports = 2> <Width = 8> <Depth = 256> <RAM>
ST_3 : Operation 53 [1/2] (3.25ns)   --->   "%max_x_V_load = load i8 %max_x_V_addr" [hls_fajlovi/card_recognizer_dram_hls.cpp:211]   --->   Operation 53 'load' 'max_x_V_load' <Predicate = (!icmp_ln205)> <Delay = 3.25> <CoreInst = "RAM">   --->   Core 82 'RAM' <Latency = 1> <II = 1> <Delay = 3.25> <Storage> <Opcode : 'load' 'store'> <Ports = 2> <Width = 8> <Depth = 256> <RAM>
ST_3 : Operation 54 [1/2] (3.25ns)   --->   "%max_y_V_load = load i8 %max_y_V_addr" [hls_fajlovi/card_recognizer_dram_hls.cpp:212]   --->   Operation 54 'load' 'max_y_V_load' <Predicate = (!icmp_ln205)> <Delay = 3.25> <CoreInst = "RAM">   --->   Core 82 'RAM' <Latency = 1> <II = 1> <Delay = 3.25> <Storage> <Opcode : 'load' 'store'> <Ports = 2> <Width = 8> <Depth = 256> <RAM>
ST_3 : Operation 55 [1/1] (0.97ns)   --->   "%and_ln208 = and i1 %icmp_ln1019, i1 %icmp_ln208" [hls_fajlovi/card_recognizer_dram_hls.cpp:208]   --->   Operation 55 'and' 'and_ln208' <Predicate = (!icmp_ln205)> <Delay = 0.97> <CoreInst = "LogicGate">   --->   Core 74 'LogicGate' <Latency = 0> <II = 1> <Delay = 0.97> <FuncUnit> <Opcode : 'and' 'or' 'xor'> <InPorts = 2> <OutPorts = 1>
ST_3 : Operation 56 [1/1] (0.97ns)   --->   "%or_ln208 = or i1 %and_ln208, i1 %empty_40" [hls_fajlovi/card_recognizer_dram_hls.cpp:208]   --->   Operation 56 'or' 'or_ln208' <Predicate = (!icmp_ln205)> <Delay = 0.97> <CoreInst = "LogicGate">   --->   Core 74 'LogicGate' <Latency = 0> <II = 1> <Delay = 0.97> <FuncUnit> <Opcode : 'and' 'or' 'xor'> <InPorts = 2> <OutPorts = 1>
ST_3 : Operation 57 [1/1] (1.24ns)   --->   "%select_ln208 = select i1 %and_ln208, i8 %max_y_V_load, i8 %p_0_0_03141012_load_1" [hls_fajlovi/card_recognizer_dram_hls.cpp:208]   --->   Operation 57 'select' 'select_ln208' <Predicate = (!icmp_ln205)> <Delay = 1.24> <CoreInst = "Sel">   --->   Core 73 'Sel' <Latency = 0> <II = 1> <Delay = 1.24> <FuncUnit> <Opcode : 'select'> <InPorts = 3> <OutPorts = 1>
ST_3 : Operation 58 [1/1] (1.24ns)   --->   "%select_ln208_1 = select i1 %and_ln208, i8 %max_x_V_load, i8 %p_0_0_0315813_load_1" [hls_fajlovi/card_recognizer_dram_hls.cpp:208]   --->   Operation 58 'select' 'select_ln208_1' <Predicate = (!icmp_ln205)> <Delay = 1.24> <CoreInst = "Sel">   --->   Core 73 'Sel' <Latency = 0> <II = 1> <Delay = 1.24> <FuncUnit> <Opcode : 'select'> <InPorts = 3> <OutPorts = 1>
ST_3 : Operation 59 [1/1] (1.24ns)   --->   "%select_ln208_2 = select i1 %and_ln208, i8 %min_y_V_load, i8 %p_0_0_0316614_load_1" [hls_fajlovi/card_recognizer_dram_hls.cpp:208]   --->   Operation 59 'select' 'select_ln208_2' <Predicate = (!icmp_ln205)> <Delay = 1.24> <CoreInst = "Sel">   --->   Core 73 'Sel' <Latency = 0> <II = 1> <Delay = 1.24> <FuncUnit> <Opcode : 'select'> <InPorts = 3> <OutPorts = 1>
ST_3 : Operation 60 [1/1] (1.24ns)   --->   "%select_ln208_3 = select i1 %and_ln208, i8 %min_x_V_load, i8 %p_0_0_0317415_load_1" [hls_fajlovi/card_recognizer_dram_hls.cpp:208]   --->   Operation 60 'select' 'select_ln208_3' <Predicate = (!icmp_ln205)> <Delay = 1.24> <CoreInst = "Sel">   --->   Core 73 'Sel' <Latency = 0> <II = 1> <Delay = 1.24> <FuncUnit> <Opcode : 'select'> <InPorts = 3> <OutPorts = 1>
ST_3 : Operation 61 [1/1] (0.69ns)   --->   "%select_ln208_4 = select i1 %and_ln208, i32 %count_load, i32 %p_load2" [hls_fajlovi/card_recognizer_dram_hls.cpp:208]   --->   Operation 61 'select' 'select_ln208_4' <Predicate = (!icmp_ln205)> <Delay = 0.69> <CoreInst = "Sel">   --->   Core 73 'Sel' <Latency = 0> <II = 1> <Delay = 0.69> <FuncUnit> <Opcode : 'select'> <InPorts = 3> <OutPorts = 1>
ST_3 : Operation 62 [1/1] (1.58ns)   --->   "%store_ln205 = store i32 %select_ln208_4, i32 %empty" [hls_fajlovi/card_recognizer_dram_hls.cpp:205]   --->   Operation 62 'store' 'store_ln205' <Predicate = (!icmp_ln205)> <Delay = 1.58>
ST_3 : Operation 63 [1/1] (1.58ns)   --->   "%store_ln205 = store i8 %select_ln208_3, i8 %p_0_0_0317415" [hls_fajlovi/card_recognizer_dram_hls.cpp:205]   --->   Operation 63 'store' 'store_ln205' <Predicate = (!icmp_ln205)> <Delay = 1.58>
ST_3 : Operation 64 [1/1] (1.58ns)   --->   "%store_ln205 = store i8 %select_ln208_2, i8 %p_0_0_0316614" [hls_fajlovi/card_recognizer_dram_hls.cpp:205]   --->   Operation 64 'store' 'store_ln205' <Predicate = (!icmp_ln205)> <Delay = 1.58>
ST_3 : Operation 65 [1/1] (1.58ns)   --->   "%store_ln205 = store i8 %select_ln208_1, i8 %p_0_0_0315813" [hls_fajlovi/card_recognizer_dram_hls.cpp:205]   --->   Operation 65 'store' 'store_ln205' <Predicate = (!icmp_ln205)> <Delay = 1.58>
ST_3 : Operation 66 [1/1] (1.58ns)   --->   "%store_ln205 = store i8 %select_ln208, i8 %p_0_0_03141012" [hls_fajlovi/card_recognizer_dram_hls.cpp:205]   --->   Operation 66 'store' 'store_ln205' <Predicate = (!icmp_ln205)> <Delay = 1.58>
ST_3 : Operation 67 [1/1] (0.00ns)   --->   "%br_ln205 = br void %for.body223" [hls_fajlovi/card_recognizer_dram_hls.cpp:205]   --->   Operation 67 'br' 'br_ln205' <Predicate = (!icmp_ln205)> <Delay = 0.00>


============================================================
+ Verbose Summary: Binding
============================================================
STG Binding: 
---------------- STG Properties BEGIN ----------------
- Is combinational: 0
- Is one-state seq: 0
- Is datapath-only: 0
- Is pipelined: 0
- Is top level: 0
Port [ Return ] is wired: 1; IO mode=ap_ctrl_hs:ce=0
Port [ parent_V]:  wired=1; compound=1; hidden=0; nouse=0; global=0; static=0; extern=0; dir=0; type=1; pingpong=0; private_global=0; MemPort=[13]; IO mode=ap_memory:ce=0
Port [ count]:  wired=1; compound=1; hidden=0; nouse=0; global=0; static=0; extern=0; dir=0; type=1; pingpong=0; private_global=0; MemPort=[13]; IO mode=ap_memory:ce=0
Port [ min_x_V]:  wired=1; compound=1; hidden=0; nouse=0; global=0; static=0; extern=0; dir=0; type=1; pingpong=0; private_global=0; MemPort=[13]; IO mode=ap_memory:ce=0
Port [ min_y_V]:  wired=1; compound=1; hidden=0; nouse=0; global=0; static=0; extern=0; dir=0; type=1; pingpong=0; private_global=0; MemPort=[13]; IO mode=ap_memory:ce=0
Port [ max_x_V]:  wired=1; compound=1; hidden=0; nouse=0; global=0; static=0; extern=0; dir=0; type=1; pingpong=0; private_global=0; MemPort=[13]; IO mode=ap_memory:ce=0
Port [ max_y_V]:  wired=1; compound=1; hidden=0; nouse=0; global=0; static=0; extern=0; dir=0; type=1; pingpong=0; private_global=0; MemPort=[13]; IO mode=ap_memory:ce=0
Port [ p_out]:  wired=1; compound=0; hidden=0; nouse=0; global=0; static=0; extern=0; dir=1; type=0; pingpong=0; private_global=0; IO mode=ap_vld:ce=0
Port [ p_0_0_0317415_out]:  wired=1; compound=0; hidden=0; nouse=0; global=0; static=0; extern=0; dir=1; type=0; pingpong=0; private_global=0; IO mode=ap_vld:ce=0
Port [ p_0_0_0316614_out]:  wired=1; compound=0; hidden=0; nouse=0; global=0; static=0; extern=0; dir=1; type=0; pingpong=0; private_global=0; IO mode=ap_vld:ce=0
Port [ p_0_0_0315813_out]:  wired=1; compound=0; hidden=0; nouse=0; global=0; static=0; extern=0; dir=1; type=0; pingpong=0; private_global=0; IO mode=ap_vld:ce=0
Port [ p_0_0_03141012_out]:  wired=1; compound=0; hidden=0; nouse=0; global=0; static=0; extern=0; dir=1; type=0; pingpong=0; private_global=0; IO mode=ap_vld:ce=0
Port [ p_out1]:  wired=1; compound=0; hidden=0; nouse=0; global=0; static=0; extern=0; dir=1; type=0; pingpong=0; private_global=0; IO mode=ap_vld:ce=0
---------------- STG Properties END ------------------

---------------- Datapath Model BEGIN ----------------

<LifeTime>
<method=bitvector/>
p_0_0_03141012          (alloca           ) [ 0111]
p_0_0_0315813           (alloca           ) [ 0111]
p_0_0_0316614           (alloca           ) [ 0111]
p_0_0_0317415           (alloca           ) [ 0111]
empty                   (alloca           ) [ 0111]
i                       (alloca           ) [ 0100]
store_ln0               (store            ) [ 0000]
store_ln0               (store            ) [ 0000]
store_ln0               (store            ) [ 0000]
store_ln0               (store            ) [ 0000]
store_ln0               (store            ) [ 0000]
store_ln0               (store            ) [ 0000]
br_ln0                  (br               ) [ 0111]
i_1                     (load             ) [ 0110]
icmp_ln205              (icmp             ) [ 0111]
br_ln205                (br               ) [ 0000]
zext_ln205              (zext             ) [ 0110]
parent_V_addr           (getelementptr    ) [ 0110]
count_addr              (getelementptr    ) [ 0110]
add_ln205               (add              ) [ 0000]
store_ln205             (store            ) [ 0000]
empty_40                (phi              ) [ 0111]
parent_V_load           (load             ) [ 0000]
zext_ln1019             (zext             ) [ 0000]
icmp_ln1019             (icmp             ) [ 0101]
count_load              (load             ) [ 0101]
min_x_V_addr            (getelementptr    ) [ 0101]
min_y_V_addr            (getelementptr    ) [ 0101]
max_x_V_addr            (getelementptr    ) [ 0101]
max_y_V_addr            (getelementptr    ) [ 0101]
p_0_0_03141012_load_1   (load             ) [ 0000]
p_0_0_0315813_load_1    (load             ) [ 0000]
p_0_0_0316614_load_1    (load             ) [ 0000]
p_0_0_0317415_load_1    (load             ) [ 0000]
p_load2                 (load             ) [ 0000]
specpipeline_ln207      (specpipeline     ) [ 0000]
speclooptripcount_ln206 (speclooptripcount) [ 0000]
specloopname_ln205      (specloopname     ) [ 0000]
icmp_ln208              (icmp             ) [ 0000]
min_x_V_load            (load             ) [ 0000]
min_y_V_load            (load             ) [ 0000]
max_x_V_load            (load             ) [ 0000]
max_y_V_load            (load             ) [ 0000]
and_ln208               (and              ) [ 0000]
or_ln208                (or               ) [ 0111]
select_ln208            (select           ) [ 0000]
select_ln208_1          (select           ) [ 0000]
select_ln208_2          (select           ) [ 0000]
select_ln208_3          (select           ) [ 0000]
select_ln208_4          (select           ) [ 0000]
store_ln205             (store            ) [ 0000]
store_ln205             (store            ) [ 0000]
store_ln205             (store            ) [ 0000]
store_ln205             (store            ) [ 0000]
store_ln205             (store            ) [ 0000]
br_ln205                (br               ) [ 0111]
p_0_0_03141012_load     (load             ) [ 0000]
p_0_0_0315813_load      (load             ) [ 0000]
p_0_0_0316614_load      (load             ) [ 0000]
p_0_0_0317415_load      (load             ) [ 0000]
p_load                  (load             ) [ 0000]
write_ln0               (write            ) [ 0000]
write_ln0               (write            ) [ 0000]
write_ln0               (write            ) [ 0000]
write_ln0               (write            ) [ 0000]
write_ln0               (write            ) [ 0000]
write_ln208             (write            ) [ 0000]
ret_ln0                 (ret              ) [ 0000]
</LifeTime>

<model>

<comp_list>
<comp id="0" class="1000" name="parent_V">
<pin_list>
<pin id="1" dir="1" index="0" bw="1" slack="0"/>
</pin_list>
<bind>
<StgValue><ssdm name="parent_V"/><MemPortTyVec>1 3 </MemPortTyVec>
</StgValue>
</bind>
</comp>

<comp id="2" class="1000" name="count">
<pin_list>
<pin id="3" dir="1" index="0" bw="1" slack="0"/>
</pin_list>
<bind>
<StgValue><ssdm name="count"/><MemPortTyVec>1 3 </MemPortTyVec>
</StgValue>
</bind>
</comp>

<comp id="4" class="1000" name="min_x_V">
<pin_list>
<pin id="5" dir="1" index="0" bw="1" slack="0"/>
</pin_list>
<bind>
<StgValue><ssdm name="min_x_V"/><MemPortTyVec>1 3 </MemPortTyVec>
</StgValue>
</bind>
</comp>

<comp id="6" class="1000" name="min_y_V">
<pin_list>
<pin id="7" dir="1" index="0" bw="1" slack="0"/>
</pin_list>
<bind>
<StgValue><ssdm name="min_y_V"/><MemPortTyVec>1 3 </MemPortTyVec>
</StgValue>
</bind>
</comp>

<comp id="8" class="1000" name="max_x_V">
<pin_list>
<pin id="9" dir="1" index="0" bw="1" slack="0"/>
</pin_list>
<bind>
<StgValue><ssdm name="max_x_V"/><MemPortTyVec>1 3 </MemPortTyVec>
</StgValue>
</bind>
</comp>

<comp id="10" class="1000" name="max_y_V">
<pin_list>
<pin id="11" dir="1" index="0" bw="1" slack="0"/>
</pin_list>
<bind>
<StgValue><ssdm name="max_y_V"/><MemPortTyVec>1 3 </MemPortTyVec>
</StgValue>
</bind>
</comp>

<comp id="12" class="1000" name="p_out">
<pin_list>
<pin id="13" dir="1" index="0" bw="1" slack="0"/>
</pin_list>
<bind>
<StgValue><ssdm name="p_out"/></StgValue>
</bind>
</comp>

<comp id="14" class="1000" name="p_0_0_0317415_out">
<pin_list>
<pin id="15" dir="1" index="0" bw="1" slack="0"/>
</pin_list>
<bind>
<StgValue><ssdm name="p_0_0_0317415_out"/></StgValue>
</bind>
</comp>

<comp id="16" class="1000" name="p_0_0_0316614_out">
<pin_list>
<pin id="17" dir="1" index="0" bw="1" slack="0"/>
</pin_list>
<bind>
<StgValue><ssdm name="p_0_0_0316614_out"/></StgValue>
</bind>
</comp>

<comp id="18" class="1000" name="p_0_0_0315813_out">
<pin_list>
<pin id="19" dir="1" index="0" bw="1" slack="0"/>
</pin_list>
<bind>
<StgValue><ssdm name="p_0_0_0315813_out"/></StgValue>
</bind>
</comp>

<comp id="20" class="1000" name="p_0_0_03141012_out">
<pin_list>
<pin id="21" dir="1" index="0" bw="1" slack="0"/>
</pin_list>
<bind>
<StgValue><ssdm name="p_0_0_03141012_out"/></StgValue>
</bind>
</comp>

<comp id="22" class="1000" name="p_out1">
<pin_list>
<pin id="23" dir="1" index="0" bw="1" slack="0"/>
</pin_list>
<bind>
<StgValue><ssdm name="p_out1"/></StgValue>
</bind>
</comp>

<comp id="24" class="1001" name="const_24">
<pin_list>
<pin id="25" dir="1" index="0" bw="1" slack="0"/>
</pin_list>
<bind>
<StgValue><ssdm name=""/></StgValue>
</bind>
</comp>

<comp id="26" class="1001" name="const_26">
<pin_list>
<pin id="27" dir="1" index="0" bw="1" slack="0"/>
</pin_list>
<bind>
<StgValue><ssdm name=""/></StgValue>
</bind>
</comp>

<comp id="28" class="1001" name="const_28">
<pin_list>
<pin id="29" dir="1" index="0" bw="1" slack="0"/>
</pin_list>
<bind>
<StgValue><ssdm name=""/></StgValue>
</bind>
</comp>

<comp id="30" class="1001" name="const_30">
<pin_list>
<pin id="31" dir="1" index="0" bw="1" slack="0"/>
</pin_list>
<bind>
<StgValue><ssdm name=""/></StgValue>
</bind>
</comp>

<comp id="32" class="1001" name="const_32">
<pin_list>
<pin id="33" dir="1" index="0" bw="1" slack="0"/>
</pin_list>
<bind>
<StgValue><ssdm name=""/></StgValue>
</bind>
</comp>

<comp id="34" class="1001" name="const_34">
<pin_list>
<pin id="35" dir="1" index="0" bw="1" slack="0"/>
</pin_list>
<bind>
<StgValue><ssdm name=""/></StgValue>
</bind>
</comp>

<comp id="36" class="1001" name="const_36">
<pin_list>
<pin id="37" dir="1" index="0" bw="1" slack="0"/>
</pin_list>
<bind>
<StgValue><ssdm name=""/></StgValue>
</bind>
</comp>

<comp id="38" class="1001" name="const_38">
<pin_list>
<pin id="39" dir="1" index="0" bw="1" slack="0"/>
</pin_list>
<bind>
<StgValue><ssdm name=""/></StgValue>
</bind>
</comp>

<comp id="40" class="1001" name="const_40">
<pin_list>
<pin id="41" dir="1" index="0" bw="1" slack="1"/>
</pin_list>
<bind>
<StgValue><ssdm name=""/></StgValue>
</bind>
</comp>

<comp id="42" class="1001" name="const_42">
<pin_list>
<pin id="43" dir="1" index="0" bw="1" slack="2147483647"/>
</pin_list>
<bind>
<StgValue><ssdm name="_ssdm_op_SpecPipeline"/></StgValue>
</bind>
</comp>

<comp id="44" class="1001" name="const_44">
<pin_list>
<pin id="45" dir="1" index="0" bw="1" slack="2147483647"/>
</pin_list>
<bind>
<StgValue><ssdm name="empty_0"/></StgValue>
</bind>
</comp>

<comp id="46" class="1001" name="const_46">
<pin_list>
<pin id="47" dir="1" index="0" bw="1" slack="2147483647"/>
</pin_list>
<bind>
<StgValue><ssdm name="_ssdm_op_SpecLoopTripCount"/></StgValue>
</bind>
</comp>

<comp id="48" class="1001" name="const_48">
<pin_list>
<pin id="49" dir="1" index="0" bw="1" slack="2147483647"/>
</pin_list>
<bind>
<StgValue><ssdm name=""/></StgValue>
</bind>
</comp>

<comp id="50" class="1001" name="const_50">
<pin_list>
<pin id="51" dir="1" index="0" bw="1" slack="2147483647"/>
</pin_list>
<bind>
<StgValue><ssdm name="_ssdm_op_SpecLoopName"/></StgValue>
</bind>
</comp>

<comp id="52" class="1001" name="const_52">
<pin_list>
<pin id="53" dir="1" index="0" bw="1" slack="2147483647"/>
</pin_list>
<bind>
<StgValue><ssdm name="empty_8"/></StgValue>
</bind>
</comp>

<comp id="54" class="1001" name="const_54">
<pin_list>
<pin id="55" dir="1" index="0" bw="1" slack="0"/>
</pin_list>
<bind>
<StgValue><ssdm name="_ssdm_op_Write.ap_auto.i32P0A"/></StgValue>
</bind>
</comp>

<comp id="56" class="1001" name="const_56">
<pin_list>
<pin id="57" dir="1" index="0" bw="1" slack="0"/>
</pin_list>
<bind>
<StgValue><ssdm name="_ssdm_op_Write.ap_auto.i8P0A"/></StgValue>
</bind>
</comp>

<comp id="58" class="1001" name="const_58">
<pin_list>
<pin id="59" dir="1" index="0" bw="1" slack="0"/>
</pin_list>
<bind>
<StgValue><ssdm name="_ssdm_op_Write.ap_auto.i1P0A"/></StgValue>
</bind>
</comp>

<comp id="60" class="1004" name="p_0_0_03141012_fu_60">
<pin_list>
<pin id="61" dir="0" index="0" bw="1" slack="0"/>
<pin id="62" dir="1" index="1" bw="8" slack="0"/>
</pin_list>
<bind>
<opcode="alloca(26) " fcode="alloca"/>
<opset="p_0_0_03141012/1 "/>
</bind>
</comp>

<comp id="64" class="1004" name="p_0_0_0315813_fu_64">
<pin_list>
<pin id="65" dir="0" index="0" bw="1" slack="0"/>
<pin id="66" dir="1" index="1" bw="8" slack="0"/>
</pin_list>
<bind>
<opcode="alloca(26) " fcode="alloca"/>
<opset="p_0_0_0315813/1 "/>
</bind>
</comp>

<comp id="68" class="1004" name="p_0_0_0316614_fu_68">
<pin_list>
<pin id="69" dir="0" index="0" bw="1" slack="0"/>
<pin id="70" dir="1" index="1" bw="8" slack="0"/>
</pin_list>
<bind>
<opcode="alloca(26) " fcode="alloca"/>
<opset="p_0_0_0316614/1 "/>
</bind>
</comp>

<comp id="72" class="1004" name="p_0_0_0317415_fu_72">
<pin_list>
<pin id="73" dir="0" index="0" bw="1" slack="0"/>
<pin id="74" dir="1" index="1" bw="8" slack="0"/>
</pin_list>
<bind>
<opcode="alloca(26) " fcode="alloca"/>
<opset="p_0_0_0317415/1 "/>
</bind>
</comp>

<comp id="76" class="1004" name="empty_fu_76">
<pin_list>
<pin id="77" dir="0" index="0" bw="1" slack="0"/>
<pin id="78" dir="1" index="1" bw="32" slack="0"/>
</pin_list>
<bind>
<opcode="alloca(26) " fcode="alloca"/>
<opset="empty/1 "/>
</bind>
</comp>

<comp id="80" class="1004" name="i_fu_80">
<pin_list>
<pin id="81" dir="0" index="0" bw="1" slack="0"/>
<pin id="82" dir="1" index="1" bw="9" slack="0"/>
</pin_list>
<bind>
<opcode="alloca(26) " fcode="alloca"/>
<opset="i/1 "/>
</bind>
</comp>

<comp id="84" class="1004" name="write_ln0_write_fu_84">
<pin_list>
<pin id="85" dir="0" index="0" bw="0" slack="0"/>
<pin id="86" dir="0" index="1" bw="32" slack="0"/>
<pin id="87" dir="0" index="2" bw="32" slack="0"/>
<pin id="88" dir="1" index="3" bw="0" slack="2147483647"/>
</pin_list>
<bind>
<opcode="write(1151) " fcode="write"/>
<opset="write_ln0/2 "/>
</bind>
</comp>

<comp id="91" class="1004" name="write_ln0_write_fu_91">
<pin_list>
<pin id="92" dir="0" index="0" bw="0" slack="0"/>
<pin id="93" dir="0" index="1" bw="8" slack="0"/>
<pin id="94" dir="0" index="2" bw="8" slack="0"/>
<pin id="95" dir="1" index="3" bw="0" slack="2147483647"/>
</pin_list>
<bind>
<opcode="write(1151) " fcode="write"/>
<opset="write_ln0/2 "/>
</bind>
</comp>

<comp id="98" class="1004" name="write_ln0_write_fu_98">
<pin_list>
<pin id="99" dir="0" index="0" bw="0" slack="0"/>
<pin id="100" dir="0" index="1" bw="8" slack="0"/>
<pin id="101" dir="0" index="2" bw="8" slack="0"/>
<pin id="102" dir="1" index="3" bw="0" slack="2147483647"/>
</pin_list>
<bind>
<opcode="write(1151) " fcode="write"/>
<opset="write_ln0/2 "/>
</bind>
</comp>

<comp id="105" class="1004" name="write_ln0_write_fu_105">
<pin_list>
<pin id="106" dir="0" index="0" bw="0" slack="0"/>
<pin id="107" dir="0" index="1" bw="8" slack="0"/>
<pin id="108" dir="0" index="2" bw="8" slack="0"/>
<pin id="109" dir="1" index="3" bw="0" slack="2147483647"/>
</pin_list>
<bind>
<opcode="write(1151) " fcode="write"/>
<opset="write_ln0/2 "/>
</bind>
</comp>

<comp id="112" class="1004" name="write_ln0_write_fu_112">
<pin_list>
<pin id="113" dir="0" index="0" bw="0" slack="0"/>
<pin id="114" dir="0" index="1" bw="8" slack="0"/>
<pin id="115" dir="0" index="2" bw="8" slack="0"/>
<pin id="116" dir="1" index="3" bw="0" slack="2147483647"/>
</pin_list>
<bind>
<opcode="write(1151) " fcode="write"/>
<opset="write_ln0/2 "/>
</bind>
</comp>

<comp id="119" class="1004" name="write_ln208_write_fu_119">
<pin_list>
<pin id="120" dir="0" index="0" bw="0" slack="0"/>
<pin id="121" dir="0" index="1" bw="1" slack="0"/>
<pin id="122" dir="0" index="2" bw="1" slack="0"/>
<pin id="123" dir="1" index="3" bw="0" slack="2147483647"/>
</pin_list>
<bind>
<opcode="write(1151) " fcode="write"/>
<opset="write_ln208/2 "/>
</bind>
</comp>

<comp id="126" class="1004" name="parent_V_addr_gep_fu_126">
<pin_list>
<pin id="127" dir="0" index="0" bw="8" slack="0"/>
<pin id="128" dir="0" index="1" bw="1" slack="0"/>
<pin id="129" dir="0" index="2" bw="9" slack="0"/>
<pin id="130" dir="1" index="3" bw="8" slack="0"/>
</pin_list>
<bind>
<opcode="getelementptr(29) " fcode="getelementptr"/>
<opset="parent_V_addr/1 "/>
</bind>
</comp>

<comp id="133" class="1004" name="grp_access_fu_133">
<pin_list>
<pin id="134" dir="0" index="0" bw="8" slack="0"/>
<pin id="135" dir="0" index="1" bw="8" slack="2147483647"/>
<pin id="136" dir="0" index="2" bw="0" slack="2147483647"/>
<pin id="137" dir="1" index="3" bw="8" slack="0"/>
</pin_list>
<bind>
<opcode="load(27) " fcode="load"/>
<opset="parent_V_load/1 "/>
</bind>
</comp>

<comp id="139" class="1004" name="count_addr_gep_fu_139">
<pin_list>
<pin id="140" dir="0" index="0" bw="32" slack="0"/>
<pin id="141" dir="0" index="1" bw="1" slack="0"/>
<pin id="142" dir="0" index="2" bw="9" slack="0"/>
<pin id="143" dir="1" index="3" bw="8" slack="0"/>
</pin_list>
<bind>
<opcode="getelementptr(29) " fcode="getelementptr"/>
<opset="count_addr/1 "/>
</bind>
</comp>

<comp id="146" class="1004" name="grp_access_fu_146">
<pin_list>
<pin id="147" dir="0" index="0" bw="8" slack="0"/>
<pin id="148" dir="0" index="1" bw="32" slack="2147483647"/>
<pin id="149" dir="0" index="2" bw="0" slack="2147483647"/>
<pin id="150" dir="1" index="3" bw="32" slack="1"/>
</pin_list>
<bind>
<opcode="load(27) " fcode="load"/>
<opset="count_load/1 "/>
</bind>
</comp>

<comp id="152" class="1004" name="min_x_V_addr_gep_fu_152">
<pin_list>
<pin id="153" dir="0" index="0" bw="8" slack="0"/>
<pin id="154" dir="0" index="1" bw="1" slack="0"/>
<pin id="155" dir="0" index="2" bw="9" slack="1"/>
<pin id="156" dir="1" index="3" bw="8" slack="0"/>
</pin_list>
<bind>
<opcode="getelementptr(29) " fcode="getelementptr"/>
<opset="min_x_V_addr/2 "/>
</bind>
</comp>

<comp id="159" class="1004" name="grp_access_fu_159">
<pin_list>
<pin id="160" dir="0" index="0" bw="8" slack="0"/>
<pin id="161" dir="0" index="1" bw="8" slack="2147483647"/>
<pin id="162" dir="0" index="2" bw="0" slack="2147483647"/>
<pin id="163" dir="1" index="3" bw="8" slack="0"/>
</pin_list>
<bind>
<opcode="load(27) " fcode="load"/>
<opset="min_x_V_load/2 "/>
</bind>
</comp>

<comp id="165" class="1004" name="min_y_V_addr_gep_fu_165">
<pin_list>
<pin id="166" dir="0" index="0" bw="8" slack="0"/>
<pin id="167" dir="0" index="1" bw="1" slack="0"/>
<pin id="168" dir="0" index="2" bw="9" slack="1"/>
<pin id="169" dir="1" index="3" bw="8" slack="0"/>
</pin_list>
<bind>
<opcode="getelementptr(29) " fcode="getelementptr"/>
<opset="min_y_V_addr/2 "/>
</bind>
</comp>

<comp id="172" class="1004" name="grp_access_fu_172">
<pin_list>
<pin id="173" dir="0" index="0" bw="8" slack="0"/>
<pin id="174" dir="0" index="1" bw="8" slack="2147483647"/>
<pin id="175" dir="0" index="2" bw="0" slack="2147483647"/>
<pin id="176" dir="1" index="3" bw="8" slack="0"/>
</pin_list>
<bind>
<opcode="load(27) " fcode="load"/>
<opset="min_y_V_load/2 "/>
</bind>
</comp>

<comp id="178" class="1004" name="max_x_V_addr_gep_fu_178">
<pin_list>
<pin id="179" dir="0" index="0" bw="8" slack="0"/>
<pin id="180" dir="0" index="1" bw="1" slack="0"/>
<pin id="181" dir="0" index="2" bw="9" slack="1"/>
<pin id="182" dir="1" index="3" bw="8" slack="0"/>
</pin_list>
<bind>
<opcode="getelementptr(29) " fcode="getelementptr"/>
<opset="max_x_V_addr/2 "/>
</bind>
</comp>

<comp id="185" class="1004" name="grp_access_fu_185">
<pin_list>
<pin id="186" dir="0" index="0" bw="8" slack="0"/>
<pin id="187" dir="0" index="1" bw="8" slack="2147483647"/>
<pin id="188" dir="0" index="2" bw="0" slack="2147483647"/>
<pin id="189" dir="1" index="3" bw="8" slack="0"/>
</pin_list>
<bind>
<opcode="load(27) " fcode="load"/>
<opset="max_x_V_load/2 "/>
</bind>
</comp>

<comp id="191" class="1004" name="max_y_V_addr_gep_fu_191">
<pin_list>
<pin id="192" dir="0" index="0" bw="8" slack="0"/>
<pin id="193" dir="0" index="1" bw="1" slack="0"/>
<pin id="194" dir="0" index="2" bw="9" slack="1"/>
<pin id="195" dir="1" index="3" bw="8" slack="0"/>
</pin_list>
<bind>
<opcode="getelementptr(29) " fcode="getelementptr"/>
<opset="max_y_V_addr/2 "/>
</bind>
</comp>

<comp id="198" class="1004" name="grp_access_fu_198">
<pin_list>
<pin id="199" dir="0" index="0" bw="8" slack="0"/>
<pin id="200" dir="0" index="1" bw="8" slack="2147483647"/>
<pin id="201" dir="0" index="2" bw="0" slack="2147483647"/>
<pin id="202" dir="1" index="3" bw="8" slack="0"/>
</pin_list>
<bind>
<opcode="load(27) " fcode="load"/>
<opset="max_y_V_load/2 "/>
</bind>
</comp>

<comp id="204" class="1005" name="empty_40_reg_204">
<pin_list>
<pin id="205" dir="0" index="0" bw="1" slack="1"/>
<pin id="206" dir="1" index="1" bw="1" slack="1"/>
</pin_list>
<bind>
<opset="empty_40 (phireg) "/>
</bind>
</comp>

<comp id="208" class="1004" name="empty_40_phi_fu_208">
<pin_list>
<pin id="209" dir="0" index="0" bw="1" slack="1"/>
<pin id="210" dir="0" index="1" bw="0" slack="2147483647"/>
<pin id="211" dir="0" index="2" bw="1" slack="1"/>
<pin id="212" dir="0" index="3" bw="0" slack="2147483647"/>
<pin id="213" dir="1" index="4" bw="1" slack="0"/>
</pin_list>
<bind>
<opcode="phi(47) " fcode="phi"/>
<opset="empty_40/2 "/>
</bind>
</comp>

<comp id="217" class="1004" name="store_ln0_store_fu_217">
<pin_list>
<pin id="218" dir="0" index="0" bw="1" slack="0"/>
<pin id="219" dir="0" index="1" bw="9" slack="0"/>
<pin id="220" dir="1" index="2" bw="0" slack="2147483647"/>
</pin_list>
<bind>
<opcode="store(28) " fcode="store"/>
<opset="store_ln0/1 "/>
</bind>
</comp>

<comp id="222" class="1004" name="store_ln0_store_fu_222">
<pin_list>
<pin id="223" dir="0" index="0" bw="1" slack="0"/>
<pin id="224" dir="0" index="1" bw="32" slack="0"/>
<pin id="225" dir="1" index="2" bw="0" slack="2147483647"/>
</pin_list>
<bind>
<opcode="store(28) " fcode="store"/>
<opset="store_ln0/1 "/>
</bind>
</comp>

<comp id="227" class="1004" name="store_ln0_store_fu_227">
<pin_list>
<pin id="228" dir="0" index="0" bw="8" slack="0"/>
<pin id="229" dir="0" index="1" bw="8" slack="0"/>
<pin id="230" dir="1" index="2" bw="0" slack="2147483647"/>
</pin_list>
<bind>
<opcode="store(28) " fcode="store"/>
<opset="store_ln0/1 "/>
</bind>
</comp>

<comp id="232" class="1004" name="store_ln0_store_fu_232">
<pin_list>
<pin id="233" dir="0" index="0" bw="8" slack="0"/>
<pin id="234" dir="0" index="1" bw="8" slack="0"/>
<pin id="235" dir="1" index="2" bw="0" slack="2147483647"/>
</pin_list>
<bind>
<opcode="store(28) " fcode="store"/>
<opset="store_ln0/1 "/>
</bind>
</comp>

<comp id="237" class="1004" name="store_ln0_store_fu_237">
<pin_list>
<pin id="238" dir="0" index="0" bw="1" slack="0"/>
<pin id="239" dir="0" index="1" bw="8" slack="0"/>
<pin id="240" dir="1" index="2" bw="0" slack="2147483647"/>
</pin_list>
<bind>
<opcode="store(28) " fcode="store"/>
<opset="store_ln0/1 "/>
</bind>
</comp>

<comp id="242" class="1004" name="store_ln0_store_fu_242">
<pin_list>
<pin id="243" dir="0" index="0" bw="1" slack="0"/>
<pin id="244" dir="0" index="1" bw="8" slack="0"/>
<pin id="245" dir="1" index="2" bw="0" slack="2147483647"/>
</pin_list>
<bind>
<opcode="store(28) " fcode="store"/>
<opset="store_ln0/1 "/>
</bind>
</comp>

<comp id="247" class="1004" name="i_1_load_fu_247">
<pin_list>
<pin id="248" dir="0" index="0" bw="9" slack="0"/>
<pin id="249" dir="1" index="1" bw="9" slack="0"/>
</pin_list>
<bind>
<opcode="load(27) " fcode="load"/>
<opset="i_1/1 "/>
</bind>
</comp>

<comp id="250" class="1004" name="icmp_ln205_fu_250">
<pin_list>
<pin id="251" dir="0" index="0" bw="9" slack="0"/>
<pin id="252" dir="0" index="1" bw="9" slack="0"/>
<pin id="253" dir="1" index="2" bw="1" slack="1"/>
</pin_list>
<bind>
<opcode="icmp(45) " fcode="icmp"/>
<opset="icmp_ln205/1 "/>
</bind>
</comp>

<comp id="256" class="1004" name="zext_ln205_fu_256">
<pin_list>
<pin id="257" dir="0" index="0" bw="9" slack="0"/>
<pin id="258" dir="1" index="1" bw="64" slack="0"/>
</pin_list>
<bind>
<opcode="zext(34) " fcode="zext"/>
<opset="zext_ln205/1 "/>
</bind>
</comp>

<comp id="262" class="1004" name="add_ln205_fu_262">
<pin_list>
<pin id="263" dir="0" index="0" bw="9" slack="0"/>
<pin id="264" dir="0" index="1" bw="1" slack="0"/>
<pin id="265" dir="1" index="2" bw="9" slack="0"/>
</pin_list>
<bind>
<opcode="add(8) " fcode="add"/>
<opset="add_ln205/1 "/>
</bind>
</comp>

<comp id="268" class="1004" name="store_ln205_store_fu_268">
<pin_list>
<pin id="269" dir="0" index="0" bw="9" slack="0"/>
<pin id="270" dir="0" index="1" bw="9" slack="0"/>
<pin id="271" dir="1" index="2" bw="0" slack="2147483647"/>
</pin_list>
<bind>
<opcode="store(28) " fcode="store"/>
<opset="store_ln205/1 "/>
</bind>
</comp>

<comp id="273" class="1004" name="zext_ln1019_fu_273">
<pin_list>
<pin id="274" dir="0" index="0" bw="8" slack="0"/>
<pin id="275" dir="1" index="1" bw="9" slack="0"/>
</pin_list>
<bind>
<opcode="zext(34) " fcode="zext"/>
<opset="zext_ln1019/2 "/>
</bind>
</comp>

<comp id="277" class="1004" name="icmp_ln1019_fu_277">
<pin_list>
<pin id="278" dir="0" index="0" bw="9" slack="1"/>
<pin id="279" dir="0" index="1" bw="9" slack="0"/>
<pin id="280" dir="1" index="2" bw="1" slack="1"/>
</pin_list>
<bind>
<opcode="icmp(45) " fcode="icmp"/>
<opset="icmp_ln1019/2 "/>
</bind>
</comp>

<comp id="282" class="1004" name="p_0_0_03141012_load_1_load_fu_282">
<pin_list>
<pin id="283" dir="0" index="0" bw="8" slack="2"/>
<pin id="284" dir="1" index="1" bw="8" slack="0"/>
</pin_list>
<bind>
<opcode="load(27) " fcode="load"/>
<opset="p_0_0_03141012_load_1/3 "/>
</bind>
</comp>

<comp id="285" class="1004" name="p_0_0_0315813_load_1_load_fu_285">
<pin_list>
<pin id="286" dir="0" index="0" bw="8" slack="2"/>
<pin id="287" dir="1" index="1" bw="8" slack="0"/>
</pin_list>
<bind>
<opcode="load(27) " fcode="load"/>
<opset="p_0_0_0315813_load_1/3 "/>
</bind>
</comp>

<comp id="288" class="1004" name="p_0_0_0316614_load_1_load_fu_288">
<pin_list>
<pin id="289" dir="0" index="0" bw="8" slack="2"/>
<pin id="290" dir="1" index="1" bw="8" slack="0"/>
</pin_list>
<bind>
<opcode="load(27) " fcode="load"/>
<opset="p_0_0_0316614_load_1/3 "/>
</bind>
</comp>

<comp id="291" class="1004" name="p_0_0_0317415_load_1_load_fu_291">
<pin_list>
<pin id="292" dir="0" index="0" bw="8" slack="2"/>
<pin id="293" dir="1" index="1" bw="8" slack="0"/>
</pin_list>
<bind>
<opcode="load(27) " fcode="load"/>
<opset="p_0_0_0317415_load_1/3 "/>
</bind>
</comp>

<comp id="294" class="1004" name="p_load2_load_fu_294">
<pin_list>
<pin id="295" dir="0" index="0" bw="32" slack="2"/>
<pin id="296" dir="1" index="1" bw="32" slack="0"/>
</pin_list>
<bind>
<opcode="load(27) " fcode="load"/>
<opset="p_load2/3 "/>
</bind>
</comp>

<comp id="297" class="1004" name="icmp_ln208_fu_297">
<pin_list>
<pin id="298" dir="0" index="0" bw="32" slack="0"/>
<pin id="299" dir="0" index="1" bw="32" slack="1"/>
<pin id="300" dir="1" index="2" bw="1" slack="0"/>
</pin_list>
<bind>
<opcode="icmp(45) " fcode="icmp"/>
<opset="icmp_ln208/3 "/>
</bind>
</comp>

<comp id="302" class="1004" name="and_ln208_fu_302">
<pin_list>
<pin id="303" dir="0" index="0" bw="1" slack="1"/>
<pin id="304" dir="0" index="1" bw="1" slack="0"/>
<pin id="305" dir="1" index="2" bw="1" slack="0"/>
</pin_list>
<bind>
<opcode="and(23) " fcode="and"/>
<opset="and_ln208/3 "/>
</bind>
</comp>

<comp id="307" class="1004" name="or_ln208_fu_307">
<pin_list>
<pin id="308" dir="0" index="0" bw="1" slack="0"/>
<pin id="309" dir="0" index="1" bw="1" slack="1"/>
<pin id="310" dir="1" index="2" bw="1" slack="1"/>
</pin_list>
<bind>
<opcode="or(24) " fcode="or"/>
<opset="or_ln208/3 "/>
</bind>
</comp>

<comp id="313" class="1004" name="select_ln208_fu_313">
<pin_list>
<pin id="314" dir="0" index="0" bw="1" slack="0"/>
<pin id="315" dir="0" index="1" bw="8" slack="0"/>
<pin id="316" dir="0" index="2" bw="8" slack="0"/>
<pin id="317" dir="1" index="3" bw="8" slack="0"/>
</pin_list>
<bind>
<opcode="select(49) " fcode="select"/>
<opset="select_ln208/3 "/>
</bind>
</comp>

<comp id="321" class="1004" name="select_ln208_1_fu_321">
<pin_list>
<pin id="322" dir="0" index="0" bw="1" slack="0"/>
<pin id="323" dir="0" index="1" bw="8" slack="0"/>
<pin id="324" dir="0" index="2" bw="8" slack="0"/>
<pin id="325" dir="1" index="3" bw="8" slack="0"/>
</pin_list>
<bind>
<opcode="select(49) " fcode="select"/>
<opset="select_ln208_1/3 "/>
</bind>
</comp>

<comp id="329" class="1004" name="select_ln208_2_fu_329">
<pin_list>
<pin id="330" dir="0" index="0" bw="1" slack="0"/>
<pin id="331" dir="0" index="1" bw="8" slack="0"/>
<pin id="332" dir="0" index="2" bw="8" slack="0"/>
<pin id="333" dir="1" index="3" bw="8" slack="0"/>
</pin_list>
<bind>
<opcode="select(49) " fcode="select"/>
<opset="select_ln208_2/3 "/>
</bind>
</comp>

<comp id="337" class="1004" name="select_ln208_3_fu_337">
<pin_list>
<pin id="338" dir="0" index="0" bw="1" slack="0"/>
<pin id="339" dir="0" index="1" bw="8" slack="0"/>
<pin id="340" dir="0" index="2" bw="8" slack="0"/>
<pin id="341" dir="1" index="3" bw="8" slack="0"/>
</pin_list>
<bind>
<opcode="select(49) " fcode="select"/>
<opset="select_ln208_3/3 "/>
</bind>
</comp>

<comp id="345" class="1004" name="select_ln208_4_fu_345">
<pin_list>
<pin id="346" dir="0" index="0" bw="1" slack="0"/>
<pin id="347" dir="0" index="1" bw="32" slack="1"/>
<pin id="348" dir="0" index="2" bw="32" slack="0"/>
<pin id="349" dir="1" index="3" bw="32" slack="0"/>
</pin_list>
<bind>
<opcode="select(49) " fcode="select"/>
<opset="select_ln208_4/3 "/>
</bind>
</comp>

<comp id="352" class="1004" name="store_ln205_store_fu_352">
<pin_list>
<pin id="353" dir="0" index="0" bw="32" slack="0"/>
<pin id="354" dir="0" index="1" bw="32" slack="2"/>
<pin id="355" dir="1" index="2" bw="0" slack="2147483647"/>
</pin_list>
<bind>
<opcode="store(28) " fcode="store"/>
<opset="store_ln205/3 "/>
</bind>
</comp>

<comp id="357" class="1004" name="store_ln205_store_fu_357">
<pin_list>
<pin id="358" dir="0" index="0" bw="8" slack="0"/>
<pin id="359" dir="0" index="1" bw="8" slack="2"/>
<pin id="360" dir="1" index="2" bw="0" slack="2147483647"/>
</pin_list>
<bind>
<opcode="store(28) " fcode="store"/>
<opset="store_ln205/3 "/>
</bind>
</comp>

<comp id="362" class="1004" name="store_ln205_store_fu_362">
<pin_list>
<pin id="363" dir="0" index="0" bw="8" slack="0"/>
<pin id="364" dir="0" index="1" bw="8" slack="2"/>
<pin id="365" dir="1" index="2" bw="0" slack="2147483647"/>
</pin_list>
<bind>
<opcode="store(28) " fcode="store"/>
<opset="store_ln205/3 "/>
</bind>
</comp>

<comp id="367" class="1004" name="store_ln205_store_fu_367">
<pin_list>
<pin id="368" dir="0" index="0" bw="8" slack="0"/>
<pin id="369" dir="0" index="1" bw="8" slack="2"/>
<pin id="370" dir="1" index="2" bw="0" slack="2147483647"/>
</pin_list>
<bind>
<opcode="store(28) " fcode="store"/>
<opset="store_ln205/3 "/>
</bind>
</comp>

<comp id="372" class="1004" name="store_ln205_store_fu_372">
<pin_list>
<pin id="373" dir="0" index="0" bw="8" slack="0"/>
<pin id="374" dir="0" index="1" bw="8" slack="2"/>
<pin id="375" dir="1" index="2" bw="0" slack="2147483647"/>
</pin_list>
<bind>
<opcode="store(28) " fcode="store"/>
<opset="store_ln205/3 "/>
</bind>
</comp>

<comp id="377" class="1004" name="p_0_0_03141012_load_load_fu_377">
<pin_list>
<pin id="378" dir="0" index="0" bw="8" slack="1"/>
<pin id="379" dir="1" index="1" bw="8" slack="0"/>
</pin_list>
<bind>
<opcode="load(27) " fcode="load"/>
<opset="p_0_0_03141012_load/2 "/>
</bind>
</comp>

<comp id="381" class="1004" name="p_0_0_0315813_load_load_fu_381">
<pin_list>
<pin id="382" dir="0" index="0" bw="8" slack="1"/>
<pin id="383" dir="1" index="1" bw="8" slack="0"/>
</pin_list>
<bind>
<opcode="load(27) " fcode="load"/>
<opset="p_0_0_0315813_load/2 "/>
</bind>
</comp>

<comp id="385" class="1004" name="p_0_0_0316614_load_load_fu_385">
<pin_list>
<pin id="386" dir="0" index="0" bw="8" slack="1"/>
<pin id="387" dir="1" index="1" bw="8" slack="0"/>
</pin_list>
<bind>
<opcode="load(27) " fcode="load"/>
<opset="p_0_0_0316614_load/2 "/>
</bind>
</comp>

<comp id="389" class="1004" name="p_0_0_0317415_load_load_fu_389">
<pin_list>
<pin id="390" dir="0" index="0" bw="8" slack="1"/>
<pin id="391" dir="1" index="1" bw="8" slack="0"/>
</pin_list>
<bind>
<opcode="load(27) " fcode="load"/>
<opset="p_0_0_0317415_load/2 "/>
</bind>
</comp>

<comp id="393" class="1004" name="p_load_load_fu_393">
<pin_list>
<pin id="394" dir="0" index="0" bw="32" slack="1"/>
<pin id="395" dir="1" index="1" bw="32" slack="0"/>
</pin_list>
<bind>
<opcode="load(27) " fcode="load"/>
<opset="p_load/2 "/>
</bind>
</comp>

<comp id="397" class="1005" name="p_0_0_03141012_reg_397">
<pin_list>
<pin id="398" dir="0" index="0" bw="8" slack="0"/>
<pin id="399" dir="1" index="1" bw="8" slack="0"/>
</pin_list>
<bind>
<opset="p_0_0_03141012 "/>
</bind>
</comp>

<comp id="405" class="1005" name="p_0_0_0315813_reg_405">
<pin_list>
<pin id="406" dir="0" index="0" bw="8" slack="0"/>
<pin id="407" dir="1" index="1" bw="8" slack="0"/>
</pin_list>
<bind>
<opset="p_0_0_0315813 "/>
</bind>
</comp>

<comp id="413" class="1005" name="p_0_0_0316614_reg_413">
<pin_list>
<pin id="414" dir="0" index="0" bw="8" slack="0"/>
<pin id="415" dir="1" index="1" bw="8" slack="0"/>
</pin_list>
<bind>
<opset="p_0_0_0316614 "/>
</bind>
</comp>

<comp id="421" class="1005" name="p_0_0_0317415_reg_421">
<pin_list>
<pin id="422" dir="0" index="0" bw="8" slack="0"/>
<pin id="423" dir="1" index="1" bw="8" slack="0"/>
</pin_list>
<bind>
<opset="p_0_0_0317415 "/>
</bind>
</comp>

<comp id="429" class="1005" name="empty_reg_429">
<pin_list>
<pin id="430" dir="0" index="0" bw="32" slack="0"/>
<pin id="431" dir="1" index="1" bw="32" slack="0"/>
</pin_list>
<bind>
<opset="empty "/>
</bind>
</comp>

<comp id="437" class="1005" name="i_reg_437">
<pin_list>
<pin id="438" dir="0" index="0" bw="9" slack="0"/>
<pin id="439" dir="1" index="1" bw="9" slack="0"/>
</pin_list>
<bind>
<opset="i "/>
</bind>
</comp>

<comp id="444" class="1005" name="i_1_reg_444">
<pin_list>
<pin id="445" dir="0" index="0" bw="9" slack="1"/>
<pin id="446" dir="1" index="1" bw="9" slack="1"/>
</pin_list>
<bind>
<opset="i_1 "/>
</bind>
</comp>

<comp id="449" class="1005" name="icmp_ln205_reg_449">
<pin_list>
<pin id="450" dir="0" index="0" bw="1" slack="1"/>
<pin id="451" dir="1" index="1" bw="1" slack="2147483647"/>
</pin_list>
<bind>
<opset="icmp_ln205 "/>
</bind>
</comp>

<comp id="453" class="1005" name="zext_ln205_reg_453">
<pin_list>
<pin id="454" dir="0" index="0" bw="64" slack="1"/>
<pin id="455" dir="1" index="1" bw="64" slack="1"/>
</pin_list>
<bind>
<opset="zext_ln205 "/>
</bind>
</comp>

<comp id="461" class="1005" name="parent_V_addr_reg_461">
<pin_list>
<pin id="462" dir="0" index="0" bw="8" slack="1"/>
<pin id="463" dir="1" index="1" bw="8" slack="1"/>
</pin_list>
<bind>
<opset="parent_V_addr "/>
</bind>
</comp>

<comp id="466" class="1005" name="count_addr_reg_466">
<pin_list>
<pin id="467" dir="0" index="0" bw="8" slack="1"/>
<pin id="468" dir="1" index="1" bw="8" slack="1"/>
</pin_list>
<bind>
<opset="count_addr "/>
</bind>
</comp>

<comp id="471" class="1005" name="icmp_ln1019_reg_471">
<pin_list>
<pin id="472" dir="0" index="0" bw="1" slack="1"/>
<pin id="473" dir="1" index="1" bw="1" slack="1"/>
</pin_list>
<bind>
<opset="icmp_ln1019 "/>
</bind>
</comp>

<comp id="476" class="1005" name="count_load_reg_476">
<pin_list>
<pin id="477" dir="0" index="0" bw="32" slack="1"/>
<pin id="478" dir="1" index="1" bw="32" slack="1"/>
</pin_list>
<bind>
<opset="count_load "/>
</bind>
</comp>

<comp id="482" class="1005" name="min_x_V_addr_reg_482">
<pin_list>
<pin id="483" dir="0" index="0" bw="8" slack="1"/>
<pin id="484" dir="1" index="1" bw="8" slack="1"/>
</pin_list>
<bind>
<opset="min_x_V_addr "/>
</bind>
</comp>

<comp id="487" class="1005" name="min_y_V_addr_reg_487">
<pin_list>
<pin id="488" dir="0" index="0" bw="8" slack="1"/>
<pin id="489" dir="1" index="1" bw="8" slack="1"/>
</pin_list>
<bind>
<opset="min_y_V_addr "/>
</bind>
</comp>

<comp id="492" class="1005" name="max_x_V_addr_reg_492">
<pin_list>
<pin id="493" dir="0" index="0" bw="8" slack="1"/>
<pin id="494" dir="1" index="1" bw="8" slack="1"/>
</pin_list>
<bind>
<opset="max_x_V_addr "/>
</bind>
</comp>

<comp id="497" class="1005" name="max_y_V_addr_reg_497">
<pin_list>
<pin id="498" dir="0" index="0" bw="8" slack="1"/>
<pin id="499" dir="1" index="1" bw="8" slack="1"/>
</pin_list>
<bind>
<opset="max_y_V_addr "/>
</bind>
</comp>

<comp id="502" class="1005" name="or_ln208_reg_502">
<pin_list>
<pin id="503" dir="0" index="0" bw="1" slack="1"/>
<pin id="504" dir="1" index="1" bw="1" slack="1"/>
</pin_list>
<bind>
<opset="or_ln208 "/>
</bind>
</comp>

</comp_list>

<net_list>
<net id="63"><net_src comp="24" pin="0"/><net_sink comp="60" pin=0"/></net>

<net id="67"><net_src comp="24" pin="0"/><net_sink comp="64" pin=0"/></net>

<net id="71"><net_src comp="24" pin="0"/><net_sink comp="68" pin=0"/></net>

<net id="75"><net_src comp="24" pin="0"/><net_sink comp="72" pin=0"/></net>

<net id="79"><net_src comp="24" pin="0"/><net_sink comp="76" pin=0"/></net>

<net id="83"><net_src comp="24" pin="0"/><net_sink comp="80" pin=0"/></net>

<net id="89"><net_src comp="54" pin="0"/><net_sink comp="84" pin=0"/></net>

<net id="90"><net_src comp="12" pin="0"/><net_sink comp="84" pin=1"/></net>

<net id="96"><net_src comp="56" pin="0"/><net_sink comp="91" pin=0"/></net>

<net id="97"><net_src comp="14" pin="0"/><net_sink comp="91" pin=1"/></net>

<net id="103"><net_src comp="56" pin="0"/><net_sink comp="98" pin=0"/></net>

<net id="104"><net_src comp="16" pin="0"/><net_sink comp="98" pin=1"/></net>

<net id="110"><net_src comp="56" pin="0"/><net_sink comp="105" pin=0"/></net>

<net id="111"><net_src comp="18" pin="0"/><net_sink comp="105" pin=1"/></net>

<net id="117"><net_src comp="56" pin="0"/><net_sink comp="112" pin=0"/></net>

<net id="118"><net_src comp="20" pin="0"/><net_sink comp="112" pin=1"/></net>

<net id="124"><net_src comp="58" pin="0"/><net_sink comp="119" pin=0"/></net>

<net id="125"><net_src comp="22" pin="0"/><net_sink comp="119" pin=1"/></net>

<net id="131"><net_src comp="0" pin="0"/><net_sink comp="126" pin=0"/></net>

<net id="132"><net_src comp="38" pin="0"/><net_sink comp="126" pin=1"/></net>

<net id="138"><net_src comp="126" pin="3"/><net_sink comp="133" pin=0"/></net>

<net id="144"><net_src comp="2" pin="0"/><net_sink comp="139" pin=0"/></net>

<net id="145"><net_src comp="38" pin="0"/><net_sink comp="139" pin=1"/></net>

<net id="151"><net_src comp="139" pin="3"/><net_sink comp="146" pin=0"/></net>

<net id="157"><net_src comp="4" pin="0"/><net_sink comp="152" pin=0"/></net>

<net id="158"><net_src comp="38" pin="0"/><net_sink comp="152" pin=1"/></net>

<net id="164"><net_src comp="152" pin="3"/><net_sink comp="159" pin=0"/></net>

<net id="170"><net_src comp="6" pin="0"/><net_sink comp="165" pin=0"/></net>

<net id="171"><net_src comp="38" pin="0"/><net_sink comp="165" pin=1"/></net>

<net id="177"><net_src comp="165" pin="3"/><net_sink comp="172" pin=0"/></net>

<net id="183"><net_src comp="8" pin="0"/><net_sink comp="178" pin=0"/></net>

<net id="184"><net_src comp="38" pin="0"/><net_sink comp="178" pin=1"/></net>

<net id="190"><net_src comp="178" pin="3"/><net_sink comp="185" pin=0"/></net>

<net id="196"><net_src comp="10" pin="0"/><net_sink comp="191" pin=0"/></net>

<net id="197"><net_src comp="38" pin="0"/><net_sink comp="191" pin=1"/></net>

<net id="203"><net_src comp="191" pin="3"/><net_sink comp="198" pin=0"/></net>

<net id="207"><net_src comp="40" pin="0"/><net_sink comp="204" pin=0"/></net>

<net id="214"><net_src comp="204" pin="1"/><net_sink comp="208" pin=2"/></net>

<net id="215"><net_src comp="208" pin="4"/><net_sink comp="204" pin=0"/></net>

<net id="216"><net_src comp="208" pin="4"/><net_sink comp="119" pin=2"/></net>

<net id="221"><net_src comp="26" pin="0"/><net_sink comp="217" pin=0"/></net>

<net id="226"><net_src comp="28" pin="0"/><net_sink comp="222" pin=0"/></net>

<net id="231"><net_src comp="30" pin="0"/><net_sink comp="227" pin=0"/></net>

<net id="236"><net_src comp="32" pin="0"/><net_sink comp="232" pin=0"/></net>

<net id="241"><net_src comp="34" pin="0"/><net_sink comp="237" pin=0"/></net>

<net id="246"><net_src comp="34" pin="0"/><net_sink comp="242" pin=0"/></net>

<net id="254"><net_src comp="247" pin="1"/><net_sink comp="250" pin=0"/></net>

<net id="255"><net_src comp="36" pin="0"/><net_sink comp="250" pin=1"/></net>

<net id="259"><net_src comp="247" pin="1"/><net_sink comp="256" pin=0"/></net>

<net id="260"><net_src comp="256" pin="1"/><net_sink comp="126" pin=2"/></net>

<net id="261"><net_src comp="256" pin="1"/><net_sink comp="139" pin=2"/></net>

<net id="266"><net_src comp="247" pin="1"/><net_sink comp="262" pin=0"/></net>

<net id="267"><net_src comp="26" pin="0"/><net_sink comp="262" pin=1"/></net>

<net id="272"><net_src comp="262" pin="2"/><net_sink comp="268" pin=0"/></net>

<net id="276"><net_src comp="133" pin="3"/><net_sink comp="273" pin=0"/></net>

<net id="281"><net_src comp="273" pin="1"/><net_sink comp="277" pin=1"/></net>

<net id="301"><net_src comp="294" pin="1"/><net_sink comp="297" pin=0"/></net>

<net id="306"><net_src comp="297" pin="2"/><net_sink comp="302" pin=1"/></net>

<net id="311"><net_src comp="302" pin="2"/><net_sink comp="307" pin=0"/></net>

<net id="312"><net_src comp="204" pin="1"/><net_sink comp="307" pin=1"/></net>

<net id="318"><net_src comp="302" pin="2"/><net_sink comp="313" pin=0"/></net>

<net id="319"><net_src comp="198" pin="3"/><net_sink comp="313" pin=1"/></net>

<net id="320"><net_src comp="282" pin="1"/><net_sink comp="313" pin=2"/></net>

<net id="326"><net_src comp="302" pin="2"/><net_sink comp="321" pin=0"/></net>

<net id="327"><net_src comp="185" pin="3"/><net_sink comp="321" pin=1"/></net>

<net id="328"><net_src comp="285" pin="1"/><net_sink comp="321" pin=2"/></net>

<net id="334"><net_src comp="302" pin="2"/><net_sink comp="329" pin=0"/></net>

<net id="335"><net_src comp="172" pin="3"/><net_sink comp="329" pin=1"/></net>

<net id="336"><net_src comp="288" pin="1"/><net_sink comp="329" pin=2"/></net>

<net id="342"><net_src comp="302" pin="2"/><net_sink comp="337" pin=0"/></net>

<net id="343"><net_src comp="159" pin="3"/><net_sink comp="337" pin=1"/></net>

<net id="344"><net_src comp="291" pin="1"/><net_sink comp="337" pin=2"/></net>

<net id="350"><net_src comp="302" pin="2"/><net_sink comp="345" pin=0"/></net>

<net id="351"><net_src comp="294" pin="1"/><net_sink comp="345" pin=2"/></net>

<net id="356"><net_src comp="345" pin="3"/><net_sink comp="352" pin=0"/></net>

<net id="361"><net_src comp="337" pin="3"/><net_sink comp="357" pin=0"/></net>

<net id="366"><net_src comp="329" pin="3"/><net_sink comp="362" pin=0"/></net>

<net id="371"><net_src comp="321" pin="3"/><net_sink comp="367" pin=0"/></net>

<net id="376"><net_src comp="313" pin="3"/><net_sink comp="372" pin=0"/></net>

<net id="380"><net_src comp="377" pin="1"/><net_sink comp="112" pin=2"/></net>

<net id="384"><net_src comp="381" pin="1"/><net_sink comp="105" pin=2"/></net>

<net id="388"><net_src comp="385" pin="1"/><net_sink comp="98" pin=2"/></net>

<net id="392"><net_src comp="389" pin="1"/><net_sink comp="91" pin=2"/></net>

<net id="396"><net_src comp="393" pin="1"/><net_sink comp="84" pin=2"/></net>

<net id="400"><net_src comp="60" pin="1"/><net_sink comp="397" pin=0"/></net>

<net id="401"><net_src comp="397" pin="1"/><net_sink comp="242" pin=1"/></net>

<net id="402"><net_src comp="397" pin="1"/><net_sink comp="282" pin=0"/></net>

<net id="403"><net_src comp="397" pin="1"/><net_sink comp="372" pin=1"/></net>

<net id="404"><net_src comp="397" pin="1"/><net_sink comp="377" pin=0"/></net>

<net id="408"><net_src comp="64" pin="1"/><net_sink comp="405" pin=0"/></net>

<net id="409"><net_src comp="405" pin="1"/><net_sink comp="237" pin=1"/></net>

<net id="410"><net_src comp="405" pin="1"/><net_sink comp="285" pin=0"/></net>

<net id="411"><net_src comp="405" pin="1"/><net_sink comp="367" pin=1"/></net>

<net id="412"><net_src comp="405" pin="1"/><net_sink comp="381" pin=0"/></net>

<net id="416"><net_src comp="68" pin="1"/><net_sink comp="413" pin=0"/></net>

<net id="417"><net_src comp="413" pin="1"/><net_sink comp="232" pin=1"/></net>

<net id="418"><net_src comp="413" pin="1"/><net_sink comp="288" pin=0"/></net>

<net id="419"><net_src comp="413" pin="1"/><net_sink comp="362" pin=1"/></net>

<net id="420"><net_src comp="413" pin="1"/><net_sink comp="385" pin=0"/></net>

<net id="424"><net_src comp="72" pin="1"/><net_sink comp="421" pin=0"/></net>

<net id="425"><net_src comp="421" pin="1"/><net_sink comp="227" pin=1"/></net>

<net id="426"><net_src comp="421" pin="1"/><net_sink comp="291" pin=0"/></net>

<net id="427"><net_src comp="421" pin="1"/><net_sink comp="357" pin=1"/></net>

<net id="428"><net_src comp="421" pin="1"/><net_sink comp="389" pin=0"/></net>

<net id="432"><net_src comp="76" pin="1"/><net_sink comp="429" pin=0"/></net>

<net id="433"><net_src comp="429" pin="1"/><net_sink comp="222" pin=1"/></net>

<net id="434"><net_src comp="429" pin="1"/><net_sink comp="294" pin=0"/></net>

<net id="435"><net_src comp="429" pin="1"/><net_sink comp="352" pin=1"/></net>

<net id="436"><net_src comp="429" pin="1"/><net_sink comp="393" pin=0"/></net>

<net id="440"><net_src comp="80" pin="1"/><net_sink comp="437" pin=0"/></net>

<net id="441"><net_src comp="437" pin="1"/><net_sink comp="217" pin=1"/></net>

<net id="442"><net_src comp="437" pin="1"/><net_sink comp="247" pin=0"/></net>

<net id="443"><net_src comp="437" pin="1"/><net_sink comp="268" pin=1"/></net>

<net id="447"><net_src comp="247" pin="1"/><net_sink comp="444" pin=0"/></net>

<net id="448"><net_src comp="444" pin="1"/><net_sink comp="277" pin=0"/></net>

<net id="452"><net_src comp="250" pin="2"/><net_sink comp="449" pin=0"/></net>

<net id="456"><net_src comp="256" pin="1"/><net_sink comp="453" pin=0"/></net>

<net id="457"><net_src comp="453" pin="1"/><net_sink comp="152" pin=2"/></net>

<net id="458"><net_src comp="453" pin="1"/><net_sink comp="165" pin=2"/></net>

<net id="459"><net_src comp="453" pin="1"/><net_sink comp="178" pin=2"/></net>

<net id="460"><net_src comp="453" pin="1"/><net_sink comp="191" pin=2"/></net>

<net id="464"><net_src comp="126" pin="3"/><net_sink comp="461" pin=0"/></net>

<net id="465"><net_src comp="461" pin="1"/><net_sink comp="133" pin=0"/></net>

<net id="469"><net_src comp="139" pin="3"/><net_sink comp="466" pin=0"/></net>

<net id="470"><net_src comp="466" pin="1"/><net_sink comp="146" pin=0"/></net>

<net id="474"><net_src comp="277" pin="2"/><net_sink comp="471" pin=0"/></net>

<net id="475"><net_src comp="471" pin="1"/><net_sink comp="302" pin=0"/></net>

<net id="479"><net_src comp="146" pin="3"/><net_sink comp="476" pin=0"/></net>

<net id="480"><net_src comp="476" pin="1"/><net_sink comp="297" pin=1"/></net>

<net id="481"><net_src comp="476" pin="1"/><net_sink comp="345" pin=1"/></net>

<net id="485"><net_src comp="152" pin="3"/><net_sink comp="482" pin=0"/></net>

<net id="486"><net_src comp="482" pin="1"/><net_sink comp="159" pin=0"/></net>

<net id="490"><net_src comp="165" pin="3"/><net_sink comp="487" pin=0"/></net>

<net id="491"><net_src comp="487" pin="1"/><net_sink comp="172" pin=0"/></net>

<net id="495"><net_src comp="178" pin="3"/><net_sink comp="492" pin=0"/></net>

<net id="496"><net_src comp="492" pin="1"/><net_sink comp="185" pin=0"/></net>

<net id="500"><net_src comp="191" pin="3"/><net_sink comp="497" pin=0"/></net>

<net id="501"><net_src comp="497" pin="1"/><net_sink comp="198" pin=0"/></net>

<net id="505"><net_src comp="307" pin="2"/><net_sink comp="502" pin=0"/></net>

<net id="506"><net_src comp="502" pin="1"/><net_sink comp="208" pin=0"/></net>

</net_list>

</model> 
---------------- Datapath Model END ------------------

* FSMD analyzer results:
  - Output states:
	Port: p_out | {2 }
	Port: p_0_0_0317415_out | {2 }
	Port: p_0_0_0316614_out | {2 }
	Port: p_0_0_0315813_out | {2 }
	Port: p_0_0_03141012_out | {2 }
	Port: p_out1 | {2 }
 - Input state : 
	Port: find_largest_component_ccl_Pipeline_SELECT_BEST : parent_V | {1 2 }
	Port: find_largest_component_ccl_Pipeline_SELECT_BEST : count | {1 2 }
	Port: find_largest_component_ccl_Pipeline_SELECT_BEST : min_x_V | {2 3 }
	Port: find_largest_component_ccl_Pipeline_SELECT_BEST : min_y_V | {2 3 }
	Port: find_largest_component_ccl_Pipeline_SELECT_BEST : max_x_V | {2 3 }
	Port: find_largest_component_ccl_Pipeline_SELECT_BEST : max_y_V | {2 3 }
  - Chain level:
	State 1
		store_ln0 : 1
		store_ln0 : 1
		store_ln0 : 1
		store_ln0 : 1
		store_ln0 : 1
		store_ln0 : 1
		i_1 : 1
		icmp_ln205 : 2
		br_ln205 : 3
		zext_ln205 : 2
		parent_V_addr : 3
		parent_V_load : 4
		count_addr : 3
		count_load : 4
		add_ln205 : 2
		store_ln205 : 3
	State 2
		zext_ln1019 : 1
		icmp_ln1019 : 2
		min_x_V_load : 1
		min_y_V_load : 1
		max_x_V_load : 1
		max_y_V_load : 1
		write_ln0 : 1
		write_ln0 : 1
		write_ln0 : 1
		write_ln0 : 1
		write_ln0 : 1
		write_ln208 : 1
	State 3
		icmp_ln208 : 1
		and_ln208 : 2
		or_ln208 : 2
		select_ln208 : 2
		select_ln208_1 : 2
		select_ln208_2 : 2
		select_ln208_3 : 2
		select_ln208_4 : 2
		store_ln205 : 3
		store_ln205 : 3
		store_ln205 : 3
		store_ln205 : 3
		store_ln205 : 3


============================================================
+ Verbose Summary: Datapath Resource usage 
============================================================

* Functional unit list:
|----------|--------------------------|---------|---------|
| Operation|      Functional Unit     |    FF   |   LUT   |
|----------|--------------------------|---------|---------|
|          |    select_ln208_fu_313   |    0    |    8    |
|          |   select_ln208_1_fu_321  |    0    |    8    |
|  select  |   select_ln208_2_fu_329  |    0    |    8    |
|          |   select_ln208_3_fu_337  |    0    |    8    |
|          |   select_ln208_4_fu_345  |    0    |    32   |
|----------|--------------------------|---------|---------|
|          |     icmp_ln205_fu_250    |    0    |    11   |
|   icmp   |    icmp_ln1019_fu_277    |    0    |    11   |
|          |     icmp_ln208_fu_297    |    0    |    18   |
|----------|--------------------------|---------|---------|
|    add   |     add_ln205_fu_262     |    0    |    14   |
|----------|--------------------------|---------|---------|
|    and   |     and_ln208_fu_302     |    0    |    2    |
|----------|--------------------------|---------|---------|
|    or    |      or_ln208_fu_307     |    0    |    2    |
|----------|--------------------------|---------|---------|
|          |   write_ln0_write_fu_84  |    0    |    0    |
|          |   write_ln0_write_fu_91  |    0    |    0    |
|   write  |   write_ln0_write_fu_98  |    0    |    0    |
|          |  write_ln0_write_fu_105  |    0    |    0    |
|          |  write_ln0_write_fu_112  |    0    |    0    |
|          | write_ln208_write_fu_119 |    0    |    0    |
|----------|--------------------------|---------|---------|
|   zext   |     zext_ln205_fu_256    |    0    |    0    |
|          |    zext_ln1019_fu_273    |    0    |    0    |
|----------|--------------------------|---------|---------|
|   Total  |                          |    0    |   122   |
|----------|--------------------------|---------|---------|

Memories:
N/A

* Register list:
+----------------------+--------+
|                      |   FF   |
+----------------------+--------+
|  count_addr_reg_466  |    8   |
|  count_load_reg_476  |   32   |
|   empty_40_reg_204   |    1   |
|     empty_reg_429    |   32   |
|      i_1_reg_444     |    9   |
|       i_reg_437      |    9   |
|  icmp_ln1019_reg_471 |    1   |
|  icmp_ln205_reg_449  |    1   |
| max_x_V_addr_reg_492 |    8   |
| max_y_V_addr_reg_497 |    8   |
| min_x_V_addr_reg_482 |    8   |
| min_y_V_addr_reg_487 |    8   |
|   or_ln208_reg_502   |    1   |
|p_0_0_03141012_reg_397|    8   |
| p_0_0_0315813_reg_405|    8   |
| p_0_0_0316614_reg_413|    8   |
| p_0_0_0317415_reg_421|    8   |
| parent_V_addr_reg_461|    8   |
|  zext_ln205_reg_453  |   64   |
+----------------------+--------+
|         Total        |   230  |
+----------------------+--------+

* Multiplexer (MUX) list: 
|-------------------|------|------|------|--------||---------||---------|
|        Comp       |  Pin | Size |  BW  | S x BW ||  Delay  ||   LUT   |
|-------------------|------|------|------|--------||---------||---------|
| grp_access_fu_133 |  p0  |   2  |   8  |   16   ||    9    |
| grp_access_fu_146 |  p0  |   2  |   8  |   16   ||    9    |
| grp_access_fu_159 |  p0  |   2  |   8  |   16   ||    9    |
| grp_access_fu_172 |  p0  |   2  |   8  |   16   ||    9    |
| grp_access_fu_185 |  p0  |   2  |   8  |   16   ||    9    |
| grp_access_fu_198 |  p0  |   2  |   8  |   16   ||    9    |
|  empty_40_reg_204 |  p0  |   2  |   1  |    2   ||    9    |
|-------------------|------|------|------|--------||---------||---------|
|       Total       |      |      |      |   98   ||  11.116 ||    63   |
|-------------------|------|------|------|--------||---------||---------|



* Summary:
+-----------+--------+--------+--------+
|           |  Delay |   FF   |   LUT  |
+-----------+--------+--------+--------+
|  Function |    -   |    0   |   122  |
|   Memory  |    -   |    -   |    -   |
|Multiplexer|   11   |    -   |   63   |
|  Register |    -   |   230  |    -   |
+-----------+--------+--------+--------+
|   Total   |   11   |   230  |   185  |
+-----------+--------+--------+--------+
