

================================================================
== Vitis HLS Report for 'find_largest_component_ccl_Pipeline_COPY_ROW'
================================================================
* Date:           Wed Jul 15 18:02:31 2026

* Version:        2022.2 (Build 3670227 on Oct 13 2022)
* Project:        card_recognizer_dram_hls
* Solution:       solution1 (Vivado IP Flow Target)
* Product family: zynq
* Target device:  xc7z010i-clg225-1L


================================================================
== Performance Estimates
================================================================
+ Timing: 
    * Summary: 
    +--------+----------+----------+------------+
    |  Clock |  Target  | Estimated| Uncertainty|
    +--------+----------+----------+------------+
    |ap_clk  |  10.00 ns|  6.232 ns|     2.70 ns|
    +--------+----------+----------+------------+

+ Latency: 
    * Summary: 
    +---------+---------+----------+----------+-----+-----+---------+
    |  Latency (cycles) |  Latency (absolute) |  Interval | Pipeline|
    |   min   |   max   |    min   |    max   | min | max |   Type  |
    +---------+---------+----------+----------+-----+-----+---------+
    |      162|      162|  1.620 us|  1.620 us|  162|  162|       no|
    +---------+---------+----------+----------+-----+-----+---------+

    + Detail: 
        * Instance: 
        N/A

        * Loop: 
        +------------+---------+---------+----------+-----------+-----------+------+----------+
        |            |  Latency (cycles) | Iteration|  Initiation Interval  | Trip |          |
        |  Loop Name |   min   |   max   |  Latency |  achieved |   target  | Count| Pipelined|
        +------------+---------+---------+----------+-----------+-----------+------+----------+
        |- COPY_ROW  |      160|      160|         2|          1|          1|   160|       yes|
        +------------+---------+---------+----------+-----------+-----------+------+----------+



================================================================
== Utilization Estimates
================================================================
* Summary: 
+-----------------+---------+----+-------+-------+-----+
|       Name      | BRAM_18K| DSP|   FF  |  LUT  | URAM|
+-----------------+---------+----+-------+-------+-----+
|DSP              |        -|   -|      -|      -|    -|
|Expression       |        -|   -|      0|     28|    -|
|FIFO             |        -|   -|      -|      -|    -|
|Instance         |        -|   -|      0|      9|    -|
|Memory           |        -|   -|      -|      -|    -|
|Multiplexer      |        -|   -|      -|     36|    -|
|Register         |        -|   -|     26|      -|    -|
+-----------------+---------+----+-------+-------+-----+
|Total            |        0|   0|     26|     73|    0|
+-----------------+---------+----+-------+-------+-----+
|Available        |      120|  80|  35200|  17600|    0|
+-----------------+---------+----+-------+-------+-----+
|Utilization (%)  |        0|   0|     ~0|     ~0|    0|
+-----------------+---------+----+-------+-------+-----+

+ Detail: 
    * Instance: 
    +------------------+--------------+---------+----+---+----+-----+
    |     Instance     |    Module    | BRAM_18K| DSP| FF| LUT| URAM|
    +------------------+--------------+---------+----+---+----+-----+
    |mux_21_8_1_1_U44  |mux_21_8_1_1  |        0|   0|  0|   9|    0|
    +------------------+--------------+---------+----+---+----+-----+
    |Total             |              |        0|   0|  0|   9|    0|
    +------------------+--------------+---------+----+---+----+-----+

    * DSP: 
    N/A

    * Memory: 
    N/A

    * FIFO: 
    N/A

    * Expression: 
    +----------------------+----------+----+---+----+------------+------------+
    |     Variable Name    | Operation| DSP| FF| LUT| Bitwidth P0| Bitwidth P1|
    +----------------------+----------+----+---+----+------------+------------+
    |add_ln189_fu_106_p2   |         +|   0|  0|  15|           8|           1|
    |icmp_ln189_fu_100_p2  |      icmp|   0|  0|  11|           8|           8|
    |ap_enable_pp0         |       xor|   0|  0|   2|           1|           2|
    +----------------------+----------+----+---+----+------------+------------+
    |Total                 |          |   0|  0|  28|          17|          11|
    +----------------------+----------+----+---+----+------------+------------+

    * Multiplexer: 
    +-------------------------+----+-----------+-----+-----------+
    |           Name          | LUT| Input Size| Bits| Total Bits|
    +-------------------------+----+-----------+-----+-----------+
    |ap_done_int              |   9|          2|    1|          2|
    |ap_enable_reg_pp0_iter1  |   9|          2|    1|          2|
    |ap_sig_allocacmp_x_2     |   9|          2|    8|         16|
    |x_fu_38                  |   9|          2|    8|         16|
    +-------------------------+----+-----------+-----+-----------+
    |Total                    |  36|          8|   18|         36|
    +-------------------------+----+-----------+-----+-----------+

    * Register: 
    +-----------------------------+---+----+-----+-----------+
    |             Name            | FF| LUT| Bits| Const Bits|
    +-----------------------------+---+----+-----+-----------+
    |ap_CS_fsm                    |  1|   0|    1|          0|
    |ap_done_reg                  |  1|   0|    1|          0|
    |ap_enable_reg_pp0_iter1      |  1|   0|    1|          0|
    |prev_label_V_1_addr_reg_175  |  7|   0|    7|          0|
    |prev_label_V_addr_reg_170    |  7|   0|    7|          0|
    |trunc_ln192_reg_180          |  1|   0|    1|          0|
    |x_fu_38                      |  8|   0|    8|          0|
    +-----------------------------+---+----+-----+-----------+
    |Total                        | 26|   0|   26|          0|
    +-----------------------------+---+----+-----+-----------+



================================================================
== Interface
================================================================
* Summary: 
+-------------------------+-----+-----+------------+----------------------------------------------+--------------+
|        RTL Ports        | Dir | Bits|  Protocol  |                 Source Object                |    C Type    |
+-------------------------+-----+-----+------------+----------------------------------------------+--------------+
|ap_clk                   |   in|    1|  ap_ctrl_hs|  find_largest_component_ccl_Pipeline_COPY_ROW|  return value|
|ap_rst                   |   in|    1|  ap_ctrl_hs|  find_largest_component_ccl_Pipeline_COPY_ROW|  return value|
|ap_start                 |   in|    1|  ap_ctrl_hs|  find_largest_component_ccl_Pipeline_COPY_ROW|  return value|
|ap_done                  |  out|    1|  ap_ctrl_hs|  find_largest_component_ccl_Pipeline_COPY_ROW|  return value|
|ap_idle                  |  out|    1|  ap_ctrl_hs|  find_largest_component_ccl_Pipeline_COPY_ROW|  return value|
|ap_ready                 |  out|    1|  ap_ctrl_hs|  find_largest_component_ccl_Pipeline_COPY_ROW|  return value|
|prev_label_V_1_address0  |  out|    7|   ap_memory|                                prev_label_V_1|         array|
|prev_label_V_1_ce0       |  out|    1|   ap_memory|                                prev_label_V_1|         array|
|prev_label_V_1_we0       |  out|    1|   ap_memory|                                prev_label_V_1|         array|
|prev_label_V_1_d0        |  out|    8|   ap_memory|                                prev_label_V_1|         array|
|prev_label_V_address0    |  out|    7|   ap_memory|                                  prev_label_V|         array|
|prev_label_V_ce0         |  out|    1|   ap_memory|                                  prev_label_V|         array|
|prev_label_V_we0         |  out|    1|   ap_memory|                                  prev_label_V|         array|
|prev_label_V_d0          |  out|    8|   ap_memory|                                  prev_label_V|         array|
|curr_label_V_address0    |  out|    7|   ap_memory|                                  curr_label_V|         array|
|curr_label_V_ce0         |  out|    1|   ap_memory|                                  curr_label_V|         array|
|curr_label_V_q0          |   in|    8|   ap_memory|                                  curr_label_V|         array|
|curr_label_V_1_address0  |  out|    7|   ap_memory|                                curr_label_V_1|         array|
|curr_label_V_1_ce0       |  out|    1|   ap_memory|                                curr_label_V_1|         array|
|curr_label_V_1_q0        |   in|    8|   ap_memory|                                curr_label_V_1|         array|
+-------------------------+-----+-----+------------+----------------------------------------------+--------------+

============================================================
+ Verbose Summary: Synthesis Manager
============================================================
InlineROM: 1
ExposeGlobal: 0
============================================================
+ Verbose Summary: CDFG Model
============================================================
IsTopModel: 0
ResetActiveHigh: 1
IsCombinational: 2
IsDatapathOnly: 2
HasWiredReturn: 1
HasMFsm: 2
HasVarLatency: 1
IsPipeline: 0
IsRtlPipelined: 0
IsInstanceOverlapped: 0
IsDontTouch: 0
HasImplIP: 0
IsGatedGlobalClock: 0

+ Individual pipeline summary: 
  * Pipeline-0: initiation interval (II) = 1, depth = 2


============================================================
+ Verbose Summary: Schedule
============================================================
* Number of FSM states : 2
* Pipeline : 1
  Pipeline-0 : II = 1, D = 2, States = { 1 2 }
* Dataflow Pipeline: 0

* FSM state transitions: 
1 --> 2 
2 --> 

* FSM state operations: 

State 1 <SV = 0> <Delay = 3.50>
ST_1 : Operation 5 [1/1] (0.00ns)   --->   "%x = alloca i32 1"   --->   Operation 5 'alloca' 'x' <Predicate = true> <Delay = 0.00>
ST_1 : Operation 6 [1/1] (1.58ns)   --->   "%store_ln0 = store i8 0, i8 %x"   --->   Operation 6 'store' 'store_ln0' <Predicate = true> <Delay = 1.58>
ST_1 : Operation 7 [1/1] (0.00ns)   --->   "%br_ln0 = br void %for.inc203"   --->   Operation 7 'br' 'br_ln0' <Predicate = true> <Delay = 0.00>
ST_1 : Operation 8 [1/1] (0.00ns)   --->   "%x_2 = load i8 %x" [hls_fajlovi/card_recognizer_dram_hls.cpp:192]   --->   Operation 8 'load' 'x_2' <Predicate = true> <Delay = 0.00>
ST_1 : Operation 9 [1/1] (1.55ns)   --->   "%icmp_ln189 = icmp_eq  i8 %x_2, i8 160" [hls_fajlovi/card_recognizer_dram_hls.cpp:189]   --->   Operation 9 'icmp' 'icmp_ln189' <Predicate = true> <Delay = 1.55> <CoreInst = "Cmp">   --->   Core 9 'Cmp' <Latency = 0> <II = 1> <Delay = 1.55> <FuncUnit> <Opcode : 'icmp'> <InPorts = 2> <OutPorts = 1>
ST_1 : Operation 10 [1/1] (1.91ns)   --->   "%add_ln189 = add i8 %x_2, i8 1" [hls_fajlovi/card_recognizer_dram_hls.cpp:189]   --->   Operation 10 'add' 'add_ln189' <Predicate = true> <Delay = 1.91> <CoreInst = "Adder">   --->   Core 1 'Adder' <Latency = 0> <II = 1> <Delay = 1.91> <FuncUnit> <Opcode : 'add' 'sub'> <InPorts = 2> <OutPorts = 1>
ST_1 : Operation 11 [1/1] (0.00ns)   --->   "%br_ln189 = br i1 %icmp_ln189, void %for.inc203.split, void %for.inc206.exitStub" [hls_fajlovi/card_recognizer_dram_hls.cpp:189]   --->   Operation 11 'br' 'br_ln189' <Predicate = true> <Delay = 0.00>
ST_1 : Operation 12 [1/1] (0.00ns)   --->   "%lshr_ln4 = partselect i7 @_ssdm_op_PartSelect.i7.i8.i32.i32, i8 %x_2, i32 1, i32 7" [hls_fajlovi/card_recognizer_dram_hls.cpp:192]   --->   Operation 12 'partselect' 'lshr_ln4' <Predicate = (!icmp_ln189)> <Delay = 0.00>
ST_1 : Operation 13 [1/1] (0.00ns)   --->   "%zext_ln192 = zext i7 %lshr_ln4" [hls_fajlovi/card_recognizer_dram_hls.cpp:192]   --->   Operation 13 'zext' 'zext_ln192' <Predicate = (!icmp_ln189)> <Delay = 0.00>
ST_1 : Operation 14 [1/1] (0.00ns)   --->   "%curr_label_V_addr = getelementptr i8 %curr_label_V, i64 0, i64 %zext_ln192" [hls_fajlovi/card_recognizer_dram_hls.cpp:192]   --->   Operation 14 'getelementptr' 'curr_label_V_addr' <Predicate = (!icmp_ln189)> <Delay = 0.00>
ST_1 : Operation 15 [1/1] (0.00ns)   --->   "%curr_label_V_1_addr = getelementptr i8 %curr_label_V_1, i64 0, i64 %zext_ln192" [hls_fajlovi/card_recognizer_dram_hls.cpp:192]   --->   Operation 15 'getelementptr' 'curr_label_V_1_addr' <Predicate = (!icmp_ln189)> <Delay = 0.00>
ST_1 : Operation 16 [1/1] (0.00ns)   --->   "%prev_label_V_addr = getelementptr i8 %prev_label_V, i64 0, i64 %zext_ln192" [hls_fajlovi/card_recognizer_dram_hls.cpp:192]   --->   Operation 16 'getelementptr' 'prev_label_V_addr' <Predicate = (!icmp_ln189)> <Delay = 0.00>
ST_1 : Operation 17 [1/1] (0.00ns)   --->   "%prev_label_V_1_addr = getelementptr i8 %prev_label_V_1, i64 0, i64 %zext_ln192" [hls_fajlovi/card_recognizer_dram_hls.cpp:192]   --->   Operation 17 'getelementptr' 'prev_label_V_1_addr' <Predicate = (!icmp_ln189)> <Delay = 0.00>
ST_1 : Operation 18 [1/1] (0.00ns)   --->   "%trunc_ln192 = trunc i8 %x_2" [hls_fajlovi/card_recognizer_dram_hls.cpp:192]   --->   Operation 18 'trunc' 'trunc_ln192' <Predicate = (!icmp_ln189)> <Delay = 0.00>
ST_1 : Operation 19 [2/2] (2.32ns)   --->   "%curr_label_V_load = load i7 %curr_label_V_addr" [hls_fajlovi/card_recognizer_dram_hls.cpp:192]   --->   Operation 19 'load' 'curr_label_V_load' <Predicate = (!icmp_ln189)> <Delay = 2.32> <CoreInst = "RAM">   --->   Core 82 'RAM' <Latency = 1> <II = 1> <Delay = 2.32> <Storage> <Opcode : 'load' 'store'> <Ports = 2> <Width = 8> <Depth = 80> <RAM>
ST_1 : Operation 20 [2/2] (2.32ns)   --->   "%curr_label_V_1_load = load i7 %curr_label_V_1_addr" [hls_fajlovi/card_recognizer_dram_hls.cpp:192]   --->   Operation 20 'load' 'curr_label_V_1_load' <Predicate = (!icmp_ln189)> <Delay = 2.32> <CoreInst = "RAM">   --->   Core 82 'RAM' <Latency = 1> <II = 1> <Delay = 2.32> <Storage> <Opcode : 'load' 'store'> <Ports = 2> <Width = 8> <Depth = 80> <RAM>
ST_1 : Operation 21 [1/1] (0.00ns)   --->   "%br_ln192 = br i1 %trunc_ln192, void %arrayidx202.case.0, void %arrayidx202.case.1" [hls_fajlovi/card_recognizer_dram_hls.cpp:192]   --->   Operation 21 'br' 'br_ln192' <Predicate = (!icmp_ln189)> <Delay = 0.00>
ST_1 : Operation 22 [1/1] (1.58ns)   --->   "%store_ln189 = store i8 %add_ln189, i8 %x" [hls_fajlovi/card_recognizer_dram_hls.cpp:189]   --->   Operation 22 'store' 'store_ln189' <Predicate = (!icmp_ln189)> <Delay = 1.58>
ST_1 : Operation 23 [1/1] (0.00ns)   --->   "%br_ln189 = br void %for.inc203" [hls_fajlovi/card_recognizer_dram_hls.cpp:189]   --->   Operation 23 'br' 'br_ln189' <Predicate = (!icmp_ln189)> <Delay = 0.00>
ST_1 : Operation 34 [1/1] (0.00ns)   --->   "%ret_ln0 = ret"   --->   Operation 34 'ret' 'ret_ln0' <Predicate = (icmp_ln189)> <Delay = 0.00>

State 2 <SV = 1> <Delay = 6.23>
ST_2 : Operation 24 [1/1] (0.00ns)   --->   "%specpipeline_ln191 = specpipeline void @_ssdm_op_SpecPipeline, i32 1, i32 0, i32 0, i32 0, void @empty_0" [hls_fajlovi/card_recognizer_dram_hls.cpp:191]   --->   Operation 24 'specpipeline' 'specpipeline_ln191' <Predicate = true> <Delay = 0.00>
ST_2 : Operation 25 [1/1] (0.00ns)   --->   "%speclooptripcount_ln190 = speclooptripcount void @_ssdm_op_SpecLoopTripCount, i64 160, i64 160, i64 160" [hls_fajlovi/card_recognizer_dram_hls.cpp:190]   --->   Operation 25 'speclooptripcount' 'speclooptripcount_ln190' <Predicate = true> <Delay = 0.00>
ST_2 : Operation 26 [1/1] (0.00ns)   --->   "%specloopname_ln189 = specloopname void @_ssdm_op_SpecLoopName, void @empty_11" [hls_fajlovi/card_recognizer_dram_hls.cpp:189]   --->   Operation 26 'specloopname' 'specloopname_ln189' <Predicate = true> <Delay = 0.00>
ST_2 : Operation 27 [1/2] (2.32ns)   --->   "%curr_label_V_load = load i7 %curr_label_V_addr" [hls_fajlovi/card_recognizer_dram_hls.cpp:192]   --->   Operation 27 'load' 'curr_label_V_load' <Predicate = true> <Delay = 2.32> <CoreInst = "RAM">   --->   Core 82 'RAM' <Latency = 1> <II = 1> <Delay = 2.32> <Storage> <Opcode : 'load' 'store'> <Ports = 2> <Width = 8> <Depth = 80> <RAM>
ST_2 : Operation 28 [1/2] (2.32ns)   --->   "%curr_label_V_1_load = load i7 %curr_label_V_1_addr" [hls_fajlovi/card_recognizer_dram_hls.cpp:192]   --->   Operation 28 'load' 'curr_label_V_1_load' <Predicate = true> <Delay = 2.32> <CoreInst = "RAM">   --->   Core 82 'RAM' <Latency = 1> <II = 1> <Delay = 2.32> <Storage> <Opcode : 'load' 'store'> <Ports = 2> <Width = 8> <Depth = 80> <RAM>
ST_2 : Operation 29 [1/1] (1.58ns)   --->   "%tmp = mux i8 @_ssdm_op_Mux.ap_auto.2i8.i1, i8 %curr_label_V_load, i8 %curr_label_V_1_load, i1 %trunc_ln192" [hls_fajlovi/card_recognizer_dram_hls.cpp:192]   --->   Operation 29 'mux' 'tmp' <Predicate = true> <Delay = 1.58> <CoreInst = "Multiplexer">   --->   Core 76 'Multiplexer' <Latency = 0> <II = 1> <Delay = 1.58> <FuncUnit> <Opcode : 'mux'> <InPorts = 2> <OutPorts = 1>
ST_2 : Operation 30 [1/1] (2.32ns)   --->   "%store_ln192 = store i8 %tmp, i7 %prev_label_V_addr" [hls_fajlovi/card_recognizer_dram_hls.cpp:192]   --->   Operation 30 'store' 'store_ln192' <Predicate = (!trunc_ln192)> <Delay = 2.32> <CoreInst = "RAM">   --->   Core 82 'RAM' <Latency = 1> <II = 1> <Delay = 2.32> <Storage> <Opcode : 'load' 'store'> <Ports = 2> <Width = 8> <Depth = 80> <RAM>
ST_2 : Operation 31 [1/1] (0.00ns)   --->   "%br_ln192 = br void %arrayidx202.exit" [hls_fajlovi/card_recognizer_dram_hls.cpp:192]   --->   Operation 31 'br' 'br_ln192' <Predicate = (!trunc_ln192)> <Delay = 0.00>
ST_2 : Operation 32 [1/1] (2.32ns)   --->   "%store_ln192 = store i8 %tmp, i7 %prev_label_V_1_addr" [hls_fajlovi/card_recognizer_dram_hls.cpp:192]   --->   Operation 32 'store' 'store_ln192' <Predicate = (trunc_ln192)> <Delay = 2.32> <CoreInst = "RAM">   --->   Core 82 'RAM' <Latency = 1> <II = 1> <Delay = 2.32> <Storage> <Opcode : 'load' 'store'> <Ports = 2> <Width = 8> <Depth = 80> <RAM>
ST_2 : Operation 33 [1/1] (0.00ns)   --->   "%br_ln192 = br void %arrayidx202.exit" [hls_fajlovi/card_recognizer_dram_hls.cpp:192]   --->   Operation 33 'br' 'br_ln192' <Predicate = (trunc_ln192)> <Delay = 0.00>


============================================================
+ Verbose Summary: Binding
============================================================
STG Binding: 
---------------- STG Properties BEGIN ----------------
- Is combinational: 0
- Is one-state seq: 0
- Is datapath-only: 0
- Is pipelined: 0
- Is top level: 0
Port [ Return ] is wired: 1; IO mode=ap_ctrl_hs:ce=0
Port [ prev_label_V_1]:  wired=1; compound=1; hidden=0; nouse=0; global=0; static=0; extern=0; dir=1; type=1; pingpong=0; private_global=0; MemPort=[03]; IO mode=ap_memory:ce=0
Port [ prev_label_V]:  wired=1; compound=1; hidden=0; nouse=0; global=0; static=0; extern=0; dir=1; type=1; pingpong=0; private_global=0; MemPort=[03]; IO mode=ap_memory:ce=0
Port [ curr_label_V]:  wired=1; compound=1; hidden=0; nouse=0; global=0; static=0; extern=0; dir=0; type=1; pingpong=0; private_global=0; MemPort=[13]; IO mode=ap_memory:ce=0
Port [ curr_label_V_1]:  wired=1; compound=1; hidden=0; nouse=0; global=0; static=0; extern=0; dir=0; type=1; pingpong=0; private_global=0; MemPort=[13]; IO mode=ap_memory:ce=0
---------------- STG Properties END ------------------

---------------- Datapath Model BEGIN ----------------

<LifeTime>
<method=bitvector/>
x                       (alloca           ) [ 010]
store_ln0               (store            ) [ 000]
br_ln0                  (br               ) [ 000]
x_2                     (load             ) [ 000]
icmp_ln189              (icmp             ) [ 010]
add_ln189               (add              ) [ 000]
br_ln189                (br               ) [ 000]
lshr_ln4                (partselect       ) [ 000]
zext_ln192              (zext             ) [ 000]
curr_label_V_addr       (getelementptr    ) [ 011]
curr_label_V_1_addr     (getelementptr    ) [ 011]
prev_label_V_addr       (getelementptr    ) [ 011]
prev_label_V_1_addr     (getelementptr    ) [ 011]
trunc_ln192             (trunc            ) [ 011]
br_ln192                (br               ) [ 000]
store_ln189             (store            ) [ 000]
br_ln189                (br               ) [ 000]
specpipeline_ln191      (specpipeline     ) [ 000]
speclooptripcount_ln190 (speclooptripcount) [ 000]
specloopname_ln189      (specloopname     ) [ 000]
curr_label_V_load       (load             ) [ 000]
curr_label_V_1_load     (load             ) [ 000]
tmp                     (mux              ) [ 000]
store_ln192             (store            ) [ 000]
br_ln192                (br               ) [ 000]
store_ln192             (store            ) [ 000]
br_ln192                (br               ) [ 000]
ret_ln0                 (ret              ) [ 000]
</LifeTime>

<model>

<comp_list>
<comp id="0" class="1000" name="prev_label_V_1">
<pin_list>
<pin id="1" dir="1" index="0" bw="1" slack="0"/>
</pin_list>
<bind>
<StgValue><ssdm name="prev_label_V_1"/><MemPortTyVec>0 3 </MemPortTyVec>
</StgValue>
</bind>
</comp>

<comp id="2" class="1000" name="prev_label_V">
<pin_list>
<pin id="3" dir="1" index="0" bw="1" slack="0"/>
</pin_list>
<bind>
<StgValue><ssdm name="prev_label_V"/><MemPortTyVec>0 3 </MemPortTyVec>
</StgValue>
</bind>
</comp>

<comp id="4" class="1000" name="curr_label_V">
<pin_list>
<pin id="5" dir="1" index="0" bw="1" slack="0"/>
</pin_list>
<bind>
<StgValue><ssdm name="curr_label_V"/><MemPortTyVec>1 3 </MemPortTyVec>
</StgValue>
</bind>
</comp>

<comp id="6" class="1000" name="curr_label_V_1">
<pin_list>
<pin id="7" dir="1" index="0" bw="1" slack="0"/>
</pin_list>
<bind>
<StgValue><ssdm name="curr_label_V_1"/><MemPortTyVec>1 3 </MemPortTyVec>
</StgValue>
</bind>
</comp>

<comp id="8" class="1001" name="const_8">
<pin_list>
<pin id="9" dir="1" index="0" bw="1" slack="0"/>
</pin_list>
<bind>
<StgValue><ssdm name=""/></StgValue>
</bind>
</comp>

<comp id="10" class="1001" name="const_10">
<pin_list>
<pin id="11" dir="1" index="0" bw="1" slack="0"/>
</pin_list>
<bind>
<StgValue><ssdm name=""/></StgValue>
</bind>
</comp>

<comp id="12" class="1001" name="const_12">
<pin_list>
<pin id="13" dir="1" index="0" bw="1" slack="0"/>
</pin_list>
<bind>
<StgValue><ssdm name=""/></StgValue>
</bind>
</comp>

<comp id="14" class="1001" name="const_14">
<pin_list>
<pin id="15" dir="1" index="0" bw="1" slack="0"/>
</pin_list>
<bind>
<StgValue><ssdm name=""/></StgValue>
</bind>
</comp>

<comp id="16" class="1001" name="const_16">
<pin_list>
<pin id="17" dir="1" index="0" bw="1" slack="0"/>
</pin_list>
<bind>
<StgValue><ssdm name="_ssdm_op_PartSelect.i7.i8.i32.i32"/></StgValue>
</bind>
</comp>

<comp id="18" class="1001" name="const_18">
<pin_list>
<pin id="19" dir="1" index="0" bw="1" slack="0"/>
</pin_list>
<bind>
<StgValue><ssdm name=""/></StgValue>
</bind>
</comp>

<comp id="20" class="1001" name="const_20">
<pin_list>
<pin id="21" dir="1" index="0" bw="1" slack="0"/>
</pin_list>
<bind>
<StgValue><ssdm name=""/></StgValue>
</bind>
</comp>

<comp id="22" class="1001" name="const_22">
<pin_list>
<pin id="23" dir="1" index="0" bw="1" slack="2147483647"/>
</pin_list>
<bind>
<StgValue><ssdm name="_ssdm_op_SpecPipeline"/></StgValue>
</bind>
</comp>

<comp id="24" class="1001" name="const_24">
<pin_list>
<pin id="25" dir="1" index="0" bw="1" slack="2147483647"/>
</pin_list>
<bind>
<StgValue><ssdm name=""/></StgValue>
</bind>
</comp>

<comp id="26" class="1001" name="const_26">
<pin_list>
<pin id="27" dir="1" index="0" bw="1" slack="2147483647"/>
</pin_list>
<bind>
<StgValue><ssdm name="empty_0"/></StgValue>
</bind>
</comp>

<comp id="28" class="1001" name="const_28">
<pin_list>
<pin id="29" dir="1" index="0" bw="1" slack="2147483647"/>
</pin_list>
<bind>
<StgValue><ssdm name="_ssdm_op_SpecLoopTripCount"/></StgValue>
</bind>
</comp>

<comp id="30" class="1001" name="const_30">
<pin_list>
<pin id="31" dir="1" index="0" bw="1" slack="2147483647"/>
</pin_list>
<bind>
<StgValue><ssdm name=""/></StgValue>
</bind>
</comp>

<comp id="32" class="1001" name="const_32">
<pin_list>
<pin id="33" dir="1" index="0" bw="1" slack="2147483647"/>
</pin_list>
<bind>
<StgValue><ssdm name="_ssdm_op_SpecLoopName"/></StgValue>
</bind>
</comp>

<comp id="34" class="1001" name="const_34">
<pin_list>
<pin id="35" dir="1" index="0" bw="1" slack="2147483647"/>
</pin_list>
<bind>
<StgValue><ssdm name="empty_11"/></StgValue>
</bind>
</comp>

<comp id="36" class="1001" name="const_36">
<pin_list>
<pin id="37" dir="1" index="0" bw="1" slack="0"/>
</pin_list>
<bind>
<StgValue><ssdm name="_ssdm_op_Mux.ap_auto.2i8.i1"/></StgValue>
</bind>
</comp>

<comp id="38" class="1004" name="x_fu_38">
<pin_list>
<pin id="39" dir="0" index="0" bw="1" slack="0"/>
<pin id="40" dir="1" index="1" bw="8" slack="0"/>
</pin_list>
<bind>
<opcode="alloca(26) " fcode="alloca"/>
<opset="x/1 "/>
</bind>
</comp>

<comp id="42" class="1004" name="curr_label_V_addr_gep_fu_42">
<pin_list>
<pin id="43" dir="0" index="0" bw="8" slack="0"/>
<pin id="44" dir="0" index="1" bw="1" slack="0"/>
<pin id="45" dir="0" index="2" bw="7" slack="0"/>
<pin id="46" dir="1" index="3" bw="7" slack="0"/>
</pin_list>
<bind>
<opcode="getelementptr(29) " fcode="getelementptr"/>
<opset="curr_label_V_addr/1 "/>
</bind>
</comp>

<comp id="49" class="1004" name="curr_label_V_1_addr_gep_fu_49">
<pin_list>
<pin id="50" dir="0" index="0" bw="8" slack="0"/>
<pin id="51" dir="0" index="1" bw="1" slack="0"/>
<pin id="52" dir="0" index="2" bw="7" slack="0"/>
<pin id="53" dir="1" index="3" bw="7" slack="0"/>
</pin_list>
<bind>
<opcode="getelementptr(29) " fcode="getelementptr"/>
<opset="curr_label_V_1_addr/1 "/>
</bind>
</comp>

<comp id="56" class="1004" name="prev_label_V_addr_gep_fu_56">
<pin_list>
<pin id="57" dir="0" index="0" bw="8" slack="0"/>
<pin id="58" dir="0" index="1" bw="1" slack="0"/>
<pin id="59" dir="0" index="2" bw="7" slack="0"/>
<pin id="60" dir="1" index="3" bw="7" slack="1"/>
</pin_list>
<bind>
<opcode="getelementptr(29) " fcode="getelementptr"/>
<opset="prev_label_V_addr/1 "/>
</bind>
</comp>

<comp id="63" class="1004" name="prev_label_V_1_addr_gep_fu_63">
<pin_list>
<pin id="64" dir="0" index="0" bw="8" slack="0"/>
<pin id="65" dir="0" index="1" bw="1" slack="0"/>
<pin id="66" dir="0" index="2" bw="7" slack="0"/>
<pin id="67" dir="1" index="3" bw="7" slack="1"/>
</pin_list>
<bind>
<opcode="getelementptr(29) " fcode="getelementptr"/>
<opset="prev_label_V_1_addr/1 "/>
</bind>
</comp>

<comp id="70" class="1004" name="grp_access_fu_70">
<pin_list>
<pin id="71" dir="0" index="0" bw="7" slack="0"/>
<pin id="72" dir="0" index="1" bw="8" slack="2147483647"/>
<pin id="73" dir="0" index="2" bw="0" slack="2147483647"/>
<pin id="74" dir="1" index="3" bw="8" slack="0"/>
</pin_list>
<bind>
<opcode="load(27) " fcode="load"/>
<opset="curr_label_V_load/1 "/>
</bind>
</comp>

<comp id="76" class="1004" name="grp_access_fu_76">
<pin_list>
<pin id="77" dir="0" index="0" bw="7" slack="0"/>
<pin id="78" dir="0" index="1" bw="8" slack="2147483647"/>
<pin id="79" dir="0" index="2" bw="0" slack="2147483647"/>
<pin id="80" dir="1" index="3" bw="8" slack="0"/>
</pin_list>
<bind>
<opcode="load(27) " fcode="load"/>
<opset="curr_label_V_1_load/1 "/>
</bind>
</comp>

<comp id="82" class="1004" name="store_ln192_access_fu_82">
<pin_list>
<pin id="83" dir="0" index="0" bw="7" slack="1"/>
<pin id="84" dir="0" index="1" bw="8" slack="0"/>
<pin id="85" dir="0" index="2" bw="0" slack="2147483647"/>
<pin id="86" dir="1" index="3" bw="8" slack="2147483647"/>
</pin_list>
<bind>
<opcode="store(28) " fcode="store"/>
<opset="store_ln192/2 "/>
</bind>
</comp>

<comp id="87" class="1004" name="store_ln192_access_fu_87">
<pin_list>
<pin id="88" dir="0" index="0" bw="7" slack="1"/>
<pin id="89" dir="0" index="1" bw="8" slack="0"/>
<pin id="90" dir="0" index="2" bw="0" slack="2147483647"/>
<pin id="91" dir="1" index="3" bw="8" slack="2147483647"/>
</pin_list>
<bind>
<opcode="store(28) " fcode="store"/>
<opset="store_ln192/2 "/>
</bind>
</comp>

<comp id="92" class="1004" name="store_ln0_store_fu_92">
<pin_list>
<pin id="93" dir="0" index="0" bw="1" slack="0"/>
<pin id="94" dir="0" index="1" bw="8" slack="0"/>
<pin id="95" dir="1" index="2" bw="0" slack="2147483647"/>
</pin_list>
<bind>
<opcode="store(28) " fcode="store"/>
<opset="store_ln0/1 "/>
</bind>
</comp>

<comp id="97" class="1004" name="x_2_load_fu_97">
<pin_list>
<pin id="98" dir="0" index="0" bw="8" slack="0"/>
<pin id="99" dir="1" index="1" bw="8" slack="0"/>
</pin_list>
<bind>
<opcode="load(27) " fcode="load"/>
<opset="x_2/1 "/>
</bind>
</comp>

<comp id="100" class="1004" name="icmp_ln189_fu_100">
<pin_list>
<pin id="101" dir="0" index="0" bw="8" slack="0"/>
<pin id="102" dir="0" index="1" bw="8" slack="0"/>
<pin id="103" dir="1" index="2" bw="1" slack="2147483647"/>
</pin_list>
<bind>
<opcode="icmp(45) " fcode="icmp"/>
<opset="icmp_ln189/1 "/>
</bind>
</comp>

<comp id="106" class="1004" name="add_ln189_fu_106">
<pin_list>
<pin id="107" dir="0" index="0" bw="8" slack="0"/>
<pin id="108" dir="0" index="1" bw="1" slack="0"/>
<pin id="109" dir="1" index="2" bw="8" slack="0"/>
</pin_list>
<bind>
<opcode="add(8) " fcode="add"/>
<opset="add_ln189/1 "/>
</bind>
</comp>

<comp id="112" class="1004" name="lshr_ln4_fu_112">
<pin_list>
<pin id="113" dir="0" index="0" bw="7" slack="0"/>
<pin id="114" dir="0" index="1" bw="8" slack="0"/>
<pin id="115" dir="0" index="2" bw="1" slack="0"/>
<pin id="116" dir="0" index="3" bw="4" slack="0"/>
<pin id="117" dir="1" index="4" bw="7" slack="0"/>
</pin_list>
<bind>
<opcode="partselect(1002) " fcode="partselect"/>
<opset="lshr_ln4/1 "/>
</bind>
</comp>

<comp id="122" class="1004" name="zext_ln192_fu_122">
<pin_list>
<pin id="123" dir="0" index="0" bw="7" slack="0"/>
<pin id="124" dir="1" index="1" bw="64" slack="0"/>
</pin_list>
<bind>
<opcode="zext(34) " fcode="zext"/>
<opset="zext_ln192/1 "/>
</bind>
</comp>

<comp id="130" class="1004" name="trunc_ln192_fu_130">
<pin_list>
<pin id="131" dir="0" index="0" bw="8" slack="0"/>
<pin id="132" dir="1" index="1" bw="1" slack="1"/>
</pin_list>
<bind>
<opcode="trunc(33) " fcode="trunc"/>
<opset="trunc_ln192/1 "/>
</bind>
</comp>

<comp id="134" class="1004" name="store_ln189_store_fu_134">
<pin_list>
<pin id="135" dir="0" index="0" bw="8" slack="0"/>
<pin id="136" dir="0" index="1" bw="8" slack="0"/>
<pin id="137" dir="1" index="2" bw="0" slack="2147483647"/>
</pin_list>
<bind>
<opcode="store(28) " fcode="store"/>
<opset="store_ln189/1 "/>
</bind>
</comp>

<comp id="139" class="1004" name="tmp_fu_139">
<pin_list>
<pin id="140" dir="0" index="0" bw="8" slack="0"/>
<pin id="141" dir="0" index="1" bw="8" slack="0"/>
<pin id="142" dir="0" index="2" bw="8" slack="0"/>
<pin id="143" dir="0" index="3" bw="1" slack="1"/>
<pin id="144" dir="1" index="4" bw="8" slack="0"/>
</pin_list>
<bind>
<opcode="mux(1196) " fcode="mux"/>
<opset="tmp/2 "/>
</bind>
</comp>

<comp id="150" class="1005" name="x_reg_150">
<pin_list>
<pin id="151" dir="0" index="0" bw="8" slack="0"/>
<pin id="152" dir="1" index="1" bw="8" slack="0"/>
</pin_list>
<bind>
<opset="x "/>
</bind>
</comp>

<comp id="160" class="1005" name="curr_label_V_addr_reg_160">
<pin_list>
<pin id="161" dir="0" index="0" bw="7" slack="1"/>
<pin id="162" dir="1" index="1" bw="7" slack="1"/>
</pin_list>
<bind>
<opset="curr_label_V_addr "/>
</bind>
</comp>

<comp id="165" class="1005" name="curr_label_V_1_addr_reg_165">
<pin_list>
<pin id="166" dir="0" index="0" bw="7" slack="1"/>
<pin id="167" dir="1" index="1" bw="7" slack="1"/>
</pin_list>
<bind>
<opset="curr_label_V_1_addr "/>
</bind>
</comp>

<comp id="170" class="1005" name="prev_label_V_addr_reg_170">
<pin_list>
<pin id="171" dir="0" index="0" bw="7" slack="1"/>
<pin id="172" dir="1" index="1" bw="7" slack="1"/>
</pin_list>
<bind>
<opset="prev_label_V_addr "/>
</bind>
</comp>

<comp id="175" class="1005" name="prev_label_V_1_addr_reg_175">
<pin_list>
<pin id="176" dir="0" index="0" bw="7" slack="1"/>
<pin id="177" dir="1" index="1" bw="7" slack="1"/>
</pin_list>
<bind>
<opset="prev_label_V_1_addr "/>
</bind>
</comp>

<comp id="180" class="1005" name="trunc_ln192_reg_180">
<pin_list>
<pin id="181" dir="0" index="0" bw="1" slack="1"/>
<pin id="182" dir="1" index="1" bw="1" slack="1"/>
</pin_list>
<bind>
<opset="trunc_ln192 "/>
</bind>
</comp>

</comp_list>

<net_list>
<net id="41"><net_src comp="8" pin="0"/><net_sink comp="38" pin=0"/></net>

<net id="47"><net_src comp="4" pin="0"/><net_sink comp="42" pin=0"/></net>

<net id="48"><net_src comp="20" pin="0"/><net_sink comp="42" pin=1"/></net>

<net id="54"><net_src comp="6" pin="0"/><net_sink comp="49" pin=0"/></net>

<net id="55"><net_src comp="20" pin="0"/><net_sink comp="49" pin=1"/></net>

<net id="61"><net_src comp="2" pin="0"/><net_sink comp="56" pin=0"/></net>

<net id="62"><net_src comp="20" pin="0"/><net_sink comp="56" pin=1"/></net>

<net id="68"><net_src comp="0" pin="0"/><net_sink comp="63" pin=0"/></net>

<net id="69"><net_src comp="20" pin="0"/><net_sink comp="63" pin=1"/></net>

<net id="75"><net_src comp="42" pin="3"/><net_sink comp="70" pin=0"/></net>

<net id="81"><net_src comp="49" pin="3"/><net_sink comp="76" pin=0"/></net>

<net id="96"><net_src comp="10" pin="0"/><net_sink comp="92" pin=0"/></net>

<net id="104"><net_src comp="97" pin="1"/><net_sink comp="100" pin=0"/></net>

<net id="105"><net_src comp="12" pin="0"/><net_sink comp="100" pin=1"/></net>

<net id="110"><net_src comp="97" pin="1"/><net_sink comp="106" pin=0"/></net>

<net id="111"><net_src comp="14" pin="0"/><net_sink comp="106" pin=1"/></net>

<net id="118"><net_src comp="16" pin="0"/><net_sink comp="112" pin=0"/></net>

<net id="119"><net_src comp="97" pin="1"/><net_sink comp="112" pin=1"/></net>

<net id="120"><net_src comp="8" pin="0"/><net_sink comp="112" pin=2"/></net>

<net id="121"><net_src comp="18" pin="0"/><net_sink comp="112" pin=3"/></net>

<net id="125"><net_src comp="112" pin="4"/><net_sink comp="122" pin=0"/></net>

<net id="126"><net_src comp="122" pin="1"/><net_sink comp="42" pin=2"/></net>

<net id="127"><net_src comp="122" pin="1"/><net_sink comp="49" pin=2"/></net>

<net id="128"><net_src comp="122" pin="1"/><net_sink comp="56" pin=2"/></net>

<net id="129"><net_src comp="122" pin="1"/><net_sink comp="63" pin=2"/></net>

<net id="133"><net_src comp="97" pin="1"/><net_sink comp="130" pin=0"/></net>

<net id="138"><net_src comp="106" pin="2"/><net_sink comp="134" pin=0"/></net>

<net id="145"><net_src comp="36" pin="0"/><net_sink comp="139" pin=0"/></net>

<net id="146"><net_src comp="70" pin="3"/><net_sink comp="139" pin=1"/></net>

<net id="147"><net_src comp="76" pin="3"/><net_sink comp="139" pin=2"/></net>

<net id="148"><net_src comp="139" pin="4"/><net_sink comp="82" pin=1"/></net>

<net id="149"><net_src comp="139" pin="4"/><net_sink comp="87" pin=1"/></net>

<net id="153"><net_src comp="38" pin="1"/><net_sink comp="150" pin=0"/></net>

<net id="154"><net_src comp="150" pin="1"/><net_sink comp="92" pin=1"/></net>

<net id="155"><net_src comp="150" pin="1"/><net_sink comp="97" pin=0"/></net>

<net id="156"><net_src comp="150" pin="1"/><net_sink comp="134" pin=1"/></net>

<net id="163"><net_src comp="42" pin="3"/><net_sink comp="160" pin=0"/></net>

<net id="164"><net_src comp="160" pin="1"/><net_sink comp="70" pin=0"/></net>

<net id="168"><net_src comp="49" pin="3"/><net_sink comp="165" pin=0"/></net>

<net id="169"><net_src comp="165" pin="1"/><net_sink comp="76" pin=0"/></net>

<net id="173"><net_src comp="56" pin="3"/><net_sink comp="170" pin=0"/></net>

<net id="174"><net_src comp="170" pin="1"/><net_sink comp="82" pin=0"/></net>

<net id="178"><net_src comp="63" pin="3"/><net_sink comp="175" pin=0"/></net>

<net id="179"><net_src comp="175" pin="1"/><net_sink comp="87" pin=0"/></net>

<net id="183"><net_src comp="130" pin="1"/><net_sink comp="180" pin=0"/></net>

<net id="184"><net_src comp="180" pin="1"/><net_sink comp="139" pin=3"/></net>

</net_list>

</model> 
---------------- Datapath Model END ------------------

* FSMD analyzer results:
  - Output states:
	Port: prev_label_V_1 | {2 }
	Port: prev_label_V | {2 }
 - Input state : 
	Port: find_largest_component_ccl_Pipeline_COPY_ROW : curr_label_V | {1 2 }
	Port: find_largest_component_ccl_Pipeline_COPY_ROW : curr_label_V_1 | {1 2 }
  - Chain level:
	State 1
		store_ln0 : 1
		x_2 : 1
		icmp_ln189 : 2
		add_ln189 : 2
		br_ln189 : 3
		lshr_ln4 : 2
		zext_ln192 : 3
		curr_label_V_addr : 4
		curr_label_V_1_addr : 4
		prev_label_V_addr : 4
		prev_label_V_1_addr : 4
		trunc_ln192 : 2
		curr_label_V_load : 5
		curr_label_V_1_load : 5
		br_ln192 : 3
		store_ln189 : 3
	State 2
		tmp : 1
		store_ln192 : 2
		store_ln192 : 2


============================================================
+ Verbose Summary: Datapath Resource usage 
============================================================

* Functional unit list:
|----------|--------------------|---------|---------|
| Operation|   Functional Unit  |    FF   |   LUT   |
|----------|--------------------|---------|---------|
|    add   |  add_ln189_fu_106  |    0    |    15   |
|----------|--------------------|---------|---------|
|   icmp   |  icmp_ln189_fu_100 |    0    |    11   |
|----------|--------------------|---------|---------|
|    mux   |     tmp_fu_139     |    0    |    9    |
|----------|--------------------|---------|---------|
|partselect|   lshr_ln4_fu_112  |    0    |    0    |
|----------|--------------------|---------|---------|
|   zext   |  zext_ln192_fu_122 |    0    |    0    |
|----------|--------------------|---------|---------|
|   trunc  | trunc_ln192_fu_130 |    0    |    0    |
|----------|--------------------|---------|---------|
|   Total  |                    |    0    |    35   |
|----------|--------------------|---------|---------|

Memories:
N/A

* Register list:
+---------------------------+--------+
|                           |   FF   |
+---------------------------+--------+
|curr_label_V_1_addr_reg_165|    7   |
| curr_label_V_addr_reg_160 |    7   |
|prev_label_V_1_addr_reg_175|    7   |
| prev_label_V_addr_reg_170 |    7   |
|    trunc_ln192_reg_180    |    1   |
|         x_reg_150         |    8   |
+---------------------------+--------+
|           Total           |   37   |
+---------------------------+--------+

* Multiplexer (MUX) list: 
|------------------|------|------|------|--------||---------||---------|
|       Comp       |  Pin | Size |  BW  | S x BW ||  Delay  ||   LUT   |
|------------------|------|------|------|--------||---------||---------|
| grp_access_fu_70 |  p0  |   2  |   7  |   14   ||    9    |
| grp_access_fu_76 |  p0  |   2  |   7  |   14   ||    9    |
|------------------|------|------|------|--------||---------||---------|
|       Total      |      |      |      |   28   ||  3.176  ||    18   |
|------------------|------|------|------|--------||---------||---------|



* Summary:
+-----------+--------+--------+--------+
|           |  Delay |   FF   |   LUT  |
+-----------+--------+--------+--------+
|  Function |    -   |    0   |   35   |
|   Memory  |    -   |    -   |    -   |
|Multiplexer|    3   |    -   |   18   |
|  Register |    -   |   37   |    -   |
+-----------+--------+--------+--------+
|   Total   |    3   |   37   |   53   |
+-----------+--------+--------+--------+
