

================================================================
== Vitis HLS Report for 'find_largest_component_ccl_Pipeline_COPY_ROW'
================================================================
* Date:           Wed Jul 15 18:02:26 2026

* Version:        2022.2 (Build 3670227 on Oct 13 2022)
* Project:        card_recognizer_dram_hls
* Solution:       solution1 (Vivado IP Flow Target)
* Product family: zynq
* Target device:  xc7z010i-clg225-1L


================================================================
== Performance Estimates
================================================================
+ Timing: 
    * Summary: 
    +--------+----------+----------+------------+
    |  Clock |  Target  | Estimated| Uncertainty|
    +--------+----------+----------+------------+
    |ap_clk  |  10.00 ns|  6.232 ns|     2.70 ns|
    +--------+----------+----------+------------+

+ Latency: 
    * Summary: 
    +---------+---------+----------+----------+-----+-----+---------+
    |  Latency (cycles) |  Latency (absolute) |  Interval | Pipeline|
    |   min   |   max   |    min   |    max   | min | max |   Type  |
    +---------+---------+----------+----------+-----+-----+---------+
    |      162|      162|  1.620 us|  1.620 us|  162|  162|       no|
    +---------+---------+----------+----------+-----+-----+---------+

    + Detail: 
        * Instance: 
        N/A

        * Loop: 
        +------------+---------+---------+----------+-----------+-----------+------+----------+
        |            |  Latency (cycles) | Iteration|  Initiation Interval  | Trip |          |
        |  Loop Name |   min   |   max   |  Latency |  achieved |   target  | Count| Pipelined|
        +------------+---------+---------+----------+-----------+-----------+------+----------+
        |- COPY_ROW  |      160|      160|         2|          1|          1|   160|       yes|
        +------------+---------+---------+----------+-----------+-----------+------+----------+

============================================================
+ Verbose Summary: Synthesis Manager
============================================================
InlineROM: 1
ExposeGlobal: 0
============================================================
+ Verbose Summary: CDFG Model
============================================================
IsTopModel: 0
ResetActiveHigh: 1
IsCombinational: 0
IsDatapathOnly: 0
HasWiredReturn: 1
HasMFsm: 2
HasVarLatency: 1
IsPipeline: 0
IsRtlPipelined: 0
IsInstanceOverlapped: 0
IsDontTouch: 0
HasImplIP: 0
IsGatedGlobalClock: 0

+ Individual pipeline summary: 
  * Pipeline-0: initiation interval (II) = 1, depth = 2


============================================================
+ Verbose Summary: Schedule
============================================================
* Number of FSM states : 2
* Pipeline : 1
  Pipeline-0 : II = 1, D = 2, States = { 1 2 }
* Dataflow Pipeline: 0

* FSM state transitions: 
1 --> 2 
2 --> 

* FSM state operations: 

State 1 <SV = 0> <Delay = 3.50>
ST_1 : Operation 5 [1/1] (0.00ns)   --->   "%x = alloca i32 1"   --->   Operation 5 'alloca' 'x' <Predicate = true> <Delay = 0.00>
ST_1 : Operation 6 [1/1] (1.58ns)   --->   "%store_ln0 = store i8 0, i8 %x"   --->   Operation 6 'store' 'store_ln0' <Predicate = true> <Delay = 1.58>
ST_1 : Operation 7 [1/1] (0.00ns)   --->   "%br_ln0 = br void %for.inc203"   --->   Operation 7 'br' 'br_ln0' <Predicate = true> <Delay = 0.00>
ST_1 : Operation 8 [1/1] (0.00ns)   --->   "%x_2 = load i8 %x" [hls_fajlovi/card_recognizer_dram_hls.cpp:192]   --->   Operation 8 'load' 'x_2' <Predicate = true> <Delay = 0.00>
ST_1 : Operation 9 [1/1] (1.55ns)   --->   "%icmp_ln189 = icmp_eq  i8 %x_2, i8 160" [hls_fajlovi/card_recognizer_dram_hls.cpp:189]   --->   Operation 9 'icmp' 'icmp_ln189' <Predicate = true> <Delay = 1.55> <CoreInst = "Cmp">   --->   Core 9 'Cmp' <Latency = 0> <II = 1> <Delay = 1.55> <FuncUnit> <Opcode : 'icmp'> <InPorts = 2> <OutPorts = 1>
ST_1 : Operation 10 [1/1] (1.91ns)   --->   "%add_ln189 = add i8 %x_2, i8 1" [hls_fajlovi/card_recognizer_dram_hls.cpp:189]   --->   Operation 10 'add' 'add_ln189' <Predicate = true> <Delay = 1.91> <CoreInst = "Adder">   --->   Core 1 'Adder' <Latency = 0> <II = 1> <Delay = 1.91> <FuncUnit> <Opcode : 'add' 'sub'> <InPorts = 2> <OutPorts = 1>
ST_1 : Operation 11 [1/1] (0.00ns)   --->   "%br_ln189 = br i1 %icmp_ln189, void %for.inc203.split, void %for.inc206.exitStub" [hls_fajlovi/card_recognizer_dram_hls.cpp:189]   --->   Operation 11 'br' 'br_ln189' <Predicate = true> <Delay = 0.00>
ST_1 : Operation 12 [1/1] (0.00ns)   --->   "%lshr_ln4 = partselect i7 @_ssdm_op_PartSelect.i7.i8.i32.i32, i8 %x_2, i32 1, i32 7" [hls_fajlovi/card_recognizer_dram_hls.cpp:192]   --->   Operation 12 'partselect' 'lshr_ln4' <Predicate = (!icmp_ln189)> <Delay = 0.00>
ST_1 : Operation 13 [1/1] (0.00ns)   --->   "%zext_ln192 = zext i7 %lshr_ln4" [hls_fajlovi/card_recognizer_dram_hls.cpp:192]   --->   Operation 13 'zext' 'zext_ln192' <Predicate = (!icmp_ln189)> <Delay = 0.00>
ST_1 : Operation 14 [1/1] (0.00ns)   --->   "%curr_label_V_addr = getelementptr i8 %curr_label_V, i64 0, i64 %zext_ln192" [hls_fajlovi/card_recognizer_dram_hls.cpp:192]   --->   Operation 14 'getelementptr' 'curr_label_V_addr' <Predicate = (!icmp_ln189)> <Delay = 0.00>
ST_1 : Operation 15 [1/1] (0.00ns)   --->   "%curr_label_V_1_addr = getelementptr i8 %curr_label_V_1, i64 0, i64 %zext_ln192" [hls_fajlovi/card_recognizer_dram_hls.cpp:192]   --->   Operation 15 'getelementptr' 'curr_label_V_1_addr' <Predicate = (!icmp_ln189)> <Delay = 0.00>
ST_1 : Operation 16 [1/1] (0.00ns)   --->   "%prev_label_V_addr = getelementptr i8 %prev_label_V, i64 0, i64 %zext_ln192" [hls_fajlovi/card_recognizer_dram_hls.cpp:192]   --->   Operation 16 'getelementptr' 'prev_label_V_addr' <Predicate = (!icmp_ln189)> <Delay = 0.00>
ST_1 : Operation 17 [1/1] (0.00ns)   --->   "%prev_label_V_1_addr = getelementptr i8 %prev_label_V_1, i64 0, i64 %zext_ln192" [hls_fajlovi/card_recognizer_dram_hls.cpp:192]   --->   Operation 17 'getelementptr' 'prev_label_V_1_addr' <Predicate = (!icmp_ln189)> <Delay = 0.00>
ST_1 : Operation 18 [1/1] (0.00ns)   --->   "%trunc_ln192 = trunc i8 %x_2" [hls_fajlovi/card_recognizer_dram_hls.cpp:192]   --->   Operation 18 'trunc' 'trunc_ln192' <Predicate = (!icmp_ln189)> <Delay = 0.00>
ST_1 : Operation 19 [2/2] (2.32ns)   --->   "%curr_label_V_load = load i7 %curr_label_V_addr" [hls_fajlovi/card_recognizer_dram_hls.cpp:192]   --->   Operation 19 'load' 'curr_label_V_load' <Predicate = (!icmp_ln189)> <Delay = 2.32> <CoreInst = "RAM">   --->   Core 82 'RAM' <Latency = 1> <II = 1> <Delay = 2.32> <Storage> <Opcode : 'load' 'store'> <Ports = 2> <Width = 8> <Depth = 80> <RAM>
ST_1 : Operation 20 [2/2] (2.32ns)   --->   "%curr_label_V_1_load = load i7 %curr_label_V_1_addr" [hls_fajlovi/card_recognizer_dram_hls.cpp:192]   --->   Operation 20 'load' 'curr_label_V_1_load' <Predicate = (!icmp_ln189)> <Delay = 2.32> <CoreInst = "RAM">   --->   Core 82 'RAM' <Latency = 1> <II = 1> <Delay = 2.32> <Storage> <Opcode : 'load' 'store'> <Ports = 2> <Width = 8> <Depth = 80> <RAM>
ST_1 : Operation 21 [1/1] (0.00ns)   --->   "%br_ln192 = br i1 %trunc_ln192, void %arrayidx202.case.0, void %arrayidx202.case.1" [hls_fajlovi/card_recognizer_dram_hls.cpp:192]   --->   Operation 21 'br' 'br_ln192' <Predicate = (!icmp_ln189)> <Delay = 0.00>
ST_1 : Operation 22 [1/1] (1.58ns)   --->   "%store_ln189 = store i8 %add_ln189, i8 %x" [hls_fajlovi/card_recognizer_dram_hls.cpp:189]   --->   Operation 22 'store' 'store_ln189' <Predicate = (!icmp_ln189)> <Delay = 1.58>
ST_1 : Operation 23 [1/1] (0.00ns)   --->   "%br_ln189 = br void %for.inc203" [hls_fajlovi/card_recognizer_dram_hls.cpp:189]   --->   Operation 23 'br' 'br_ln189' <Predicate = (!icmp_ln189)> <Delay = 0.00>
ST_1 : Operation 34 [1/1] (0.00ns)   --->   "%ret_ln0 = ret"   --->   Operation 34 'ret' 'ret_ln0' <Predicate = (icmp_ln189)> <Delay = 0.00>

State 2 <SV = 1> <Delay = 6.23>
ST_2 : Operation 24 [1/1] (0.00ns)   --->   "%specpipeline_ln191 = specpipeline void @_ssdm_op_SpecPipeline, i32 1, i32 0, i32 0, i32 0, void @empty_0" [hls_fajlovi/card_recognizer_dram_hls.cpp:191]   --->   Operation 24 'specpipeline' 'specpipeline_ln191' <Predicate = true> <Delay = 0.00>
ST_2 : Operation 25 [1/1] (0.00ns)   --->   "%speclooptripcount_ln190 = speclooptripcount void @_ssdm_op_SpecLoopTripCount, i64 160, i64 160, i64 160" [hls_fajlovi/card_recognizer_dram_hls.cpp:190]   --->   Operation 25 'speclooptripcount' 'speclooptripcount_ln190' <Predicate = true> <Delay = 0.00>
ST_2 : Operation 26 [1/1] (0.00ns)   --->   "%specloopname_ln189 = specloopname void @_ssdm_op_SpecLoopName, void @empty_11" [hls_fajlovi/card_recognizer_dram_hls.cpp:189]   --->   Operation 26 'specloopname' 'specloopname_ln189' <Predicate = true> <Delay = 0.00>
ST_2 : Operation 27 [1/2] (2.32ns)   --->   "%curr_label_V_load = load i7 %curr_label_V_addr" [hls_fajlovi/card_recognizer_dram_hls.cpp:192]   --->   Operation 27 'load' 'curr_label_V_load' <Predicate = true> <Delay = 2.32> <CoreInst = "RAM">   --->   Core 82 'RAM' <Latency = 1> <II = 1> <Delay = 2.32> <Storage> <Opcode : 'load' 'store'> <Ports = 2> <Width = 8> <Depth = 80> <RAM>
ST_2 : Operation 28 [1/2] (2.32ns)   --->   "%curr_label_V_1_load = load i7 %curr_label_V_1_addr" [hls_fajlovi/card_recognizer_dram_hls.cpp:192]   --->   Operation 28 'load' 'curr_label_V_1_load' <Predicate = true> <Delay = 2.32> <CoreInst = "RAM">   --->   Core 82 'RAM' <Latency = 1> <II = 1> <Delay = 2.32> <Storage> <Opcode : 'load' 'store'> <Ports = 2> <Width = 8> <Depth = 80> <RAM>
ST_2 : Operation 29 [1/1] (1.58ns)   --->   "%tmp = mux i8 @_ssdm_op_Mux.ap_auto.2i8.i1, i8 %curr_label_V_load, i8 %curr_label_V_1_load, i1 %trunc_ln192" [hls_fajlovi/card_recognizer_dram_hls.cpp:192]   --->   Operation 29 'mux' 'tmp' <Predicate = true> <Delay = 1.58> <CoreInst = "Multiplexer">   --->   Core 76 'Multiplexer' <Latency = 0> <II = 1> <Delay = 1.58> <FuncUnit> <Opcode : 'mux'> <InPorts = 2> <OutPorts = 1>
ST_2 : Operation 30 [1/1] (2.32ns)   --->   "%store_ln192 = store i8 %tmp, i7 %prev_label_V_addr" [hls_fajlovi/card_recognizer_dram_hls.cpp:192]   --->   Operation 30 'store' 'store_ln192' <Predicate = (!trunc_ln192)> <Delay = 2.32> <CoreInst = "RAM">   --->   Core 82 'RAM' <Latency = 1> <II = 1> <Delay = 2.32> <Storage> <Opcode : 'load' 'store'> <Ports = 2> <Width = 8> <Depth = 80> <RAM>
ST_2 : Operation 31 [1/1] (0.00ns)   --->   "%br_ln192 = br void %arrayidx202.exit" [hls_fajlovi/card_recognizer_dram_hls.cpp:192]   --->   Operation 31 'br' 'br_ln192' <Predicate = (!trunc_ln192)> <Delay = 0.00>
ST_2 : Operation 32 [1/1] (2.32ns)   --->   "%store_ln192 = store i8 %tmp, i7 %prev_label_V_1_addr" [hls_fajlovi/card_recognizer_dram_hls.cpp:192]   --->   Operation 32 'store' 'store_ln192' <Predicate = (trunc_ln192)> <Delay = 2.32> <CoreInst = "RAM">   --->   Core 82 'RAM' <Latency = 1> <II = 1> <Delay = 2.32> <Storage> <Opcode : 'load' 'store'> <Ports = 2> <Width = 8> <Depth = 80> <RAM>
ST_2 : Operation 33 [1/1] (0.00ns)   --->   "%br_ln192 = br void %arrayidx202.exit" [hls_fajlovi/card_recognizer_dram_hls.cpp:192]   --->   Operation 33 'br' 'br_ln192' <Predicate = (trunc_ln192)> <Delay = 0.00>


============================================================
+ Verbose Summary: Timing violations
============================================================
Target clock period: 10ns, clock uncertainty: 2.7ns.

 <State 1>: 3.5ns
The critical path consists of the following:
	'alloca' operation ('x') [5]  (0 ns)
	'load' operation ('x', hls_fajlovi/card_recognizer_dram_hls.cpp:192) on local variable 'x' [9]  (0 ns)
	'add' operation ('add_ln189', hls_fajlovi/card_recognizer_dram_hls.cpp:189) [11]  (1.92 ns)
	'store' operation ('store_ln189', hls_fajlovi/card_recognizer_dram_hls.cpp:189) of variable 'add_ln189', hls_fajlovi/card_recognizer_dram_hls.cpp:189 on local variable 'x' [35]  (1.59 ns)

 <State 2>: 6.23ns
The critical path consists of the following:
	'load' operation ('curr_label_V_load', hls_fajlovi/card_recognizer_dram_hls.cpp:192) on array 'curr_label_V' [24]  (2.32 ns)
	'mux' operation ('tmp', hls_fajlovi/card_recognizer_dram_hls.cpp:192) [26]  (1.59 ns)
	'store' operation ('store_ln192', hls_fajlovi/card_recognizer_dram_hls.cpp:192) of variable 'tmp', hls_fajlovi/card_recognizer_dram_hls.cpp:192 on array 'prev_label_V_1' [32]  (2.32 ns)


============================================================
+ Verbose Summary: Binding
============================================================
N/A
* FSMD analyzer results:
  - Output states:
 - Input state : 
  - Chain level:
	State 1
	State 2


============================================================
+ Verbose Summary: Datapath Resource usage 
============================================================
N/A
