

================================================================
== Vitis HLS Report for 'find_largest_component_ccl_Pipeline_CLEAR_CURR_ROW'
================================================================
* Date:           Wed Jul 15 18:02:30 2026

* Version:        2022.2 (Build 3670227 on Oct 13 2022)
* Project:        card_recognizer_dram_hls
* Solution:       solution1 (Vivado IP Flow Target)
* Product family: zynq
* Target device:  xc7z010i-clg225-1L


================================================================
== Performance Estimates
================================================================
+ Timing: 
    * Summary: 
    +--------+----------+----------+------------+
    |  Clock |  Target  | Estimated| Uncertainty|
    +--------+----------+----------+------------+
    |ap_clk  |  10.00 ns|  3.873 ns|     2.70 ns|
    +--------+----------+----------+------------+

+ Latency: 
    * Summary: 
    +---------+---------+----------+----------+-----+-----+---------+
    |  Latency (cycles) |  Latency (absolute) |  Interval | Pipeline|
    |   min   |   max   |    min   |    max   | min | max |   Type  |
    +---------+---------+----------+----------+-----+-----+---------+
    |      162|      162|  1.620 us|  1.620 us|  162|  162|       no|
    +---------+---------+----------+----------+-----+-----+---------+

    + Detail: 
        * Instance: 
        N/A

        * Loop: 
        +------------------+---------+---------+----------+-----------+-----------+------+----------+
        |                  |  Latency (cycles) | Iteration|  Initiation Interval  | Trip |          |
        |     Loop Name    |   min   |   max   |  Latency |  achieved |   target  | Count| Pipelined|
        +------------------+---------+---------+----------+-----------+-----------+------+----------+
        |- CLEAR_CURR_ROW  |      160|      160|         1|          1|          1|   160|       yes|
        +------------------+---------+---------+----------+-----------+-----------+------+----------+



================================================================
== Utilization Estimates
================================================================
* Summary: 
+-----------------+---------+----+-------+-------+-----+
|       Name      | BRAM_18K| DSP|   FF  |  LUT  | URAM|
+-----------------+---------+----+-------+-------+-----+
|DSP              |        -|   -|      -|      -|    -|
|Expression       |        -|   -|      0|     26|    -|
|FIFO             |        -|   -|      -|      -|    -|
|Instance         |        -|   -|      -|      -|    -|
|Memory           |        -|   -|      -|      -|    -|
|Multiplexer      |        -|   -|      -|     27|    -|
|Register         |        -|   -|     10|      -|    -|
+-----------------+---------+----+-------+-------+-----+
|Total            |        0|   0|     10|     53|    0|
+-----------------+---------+----+-------+-------+-----+
|Available        |      120|  80|  35200|  17600|    0|
+-----------------+---------+----+-------+-------+-----+
|Utilization (%)  |        0|   0|     ~0|     ~0|    0|
+-----------------+---------+----+-------+-------+-----+

+ Detail: 
    * Instance: 
    N/A

    * DSP: 
    N/A

    * Memory: 
    N/A

    * FIFO: 
    N/A

    * Expression: 
    +---------------------+----------+----+---+----+------------+------------+
    |    Variable Name    | Operation| DSP| FF| LUT| Bitwidth P0| Bitwidth P1|
    +---------------------+----------+----+---+----+------------+------------+
    |add_ln130_fu_78_p2   |         +|   0|  0|  15|           8|           1|
    |icmp_ln130_fu_72_p2  |      icmp|   0|  0|  11|           8|           8|
    +---------------------+----------+----+---+----+------------+------------+
    |Total                |          |   0|  0|  26|          16|           9|
    +---------------------+----------+----+---+----+------------+------------+

    * Multiplexer: 
    +--------------------+----+-----------+-----+-----------+
    |        Name        | LUT| Input Size| Bits| Total Bits|
    +--------------------+----+-----------+-----+-----------+
    |ap_done_int         |   9|          2|    1|          2|
    |ap_sig_allocacmp_x  |   9|          2|    8|         16|
    |x_1_fu_32           |   9|          2|    8|         16|
    +--------------------+----+-----------+-----+-----------+
    |Total               |  27|          6|   17|         34|
    +--------------------+----+-----------+-----+-----------+

    * Register: 
    +-------------+---+----+-----+-----------+
    |     Name    | FF| LUT| Bits| Const Bits|
    +-------------+---+----+-----+-----------+
    |ap_CS_fsm    |  1|   0|    1|          0|
    |ap_done_reg  |  1|   0|    1|          0|
    |x_1_fu_32    |  8|   0|    8|          0|
    +-------------+---+----+-----+-----------+
    |Total        | 10|   0|   10|          0|
    +-------------+---+----+-----+-----------+



================================================================
== Interface
================================================================
* Summary: 
+-------------------------+-----+-----+------------+----------------------------------------------------+--------------+
|        RTL Ports        | Dir | Bits|  Protocol  |                    Source Object                   |    C Type    |
+-------------------------+-----+-----+------------+----------------------------------------------------+--------------+
|ap_clk                   |   in|    1|  ap_ctrl_hs|  find_largest_component_ccl_Pipeline_CLEAR_CURR_ROW|  return value|
|ap_rst                   |   in|    1|  ap_ctrl_hs|  find_largest_component_ccl_Pipeline_CLEAR_CURR_ROW|  return value|
|ap_start                 |   in|    1|  ap_ctrl_hs|  find_largest_component_ccl_Pipeline_CLEAR_CURR_ROW|  return value|
|ap_done                  |  out|    1|  ap_ctrl_hs|  find_largest_component_ccl_Pipeline_CLEAR_CURR_ROW|  return value|
|ap_idle                  |  out|    1|  ap_ctrl_hs|  find_largest_component_ccl_Pipeline_CLEAR_CURR_ROW|  return value|
|ap_ready                 |  out|    1|  ap_ctrl_hs|  find_largest_component_ccl_Pipeline_CLEAR_CURR_ROW|  return value|
|curr_label_V_1_address0  |  out|    7|   ap_memory|                                      curr_label_V_1|         array|
|curr_label_V_1_ce0       |  out|    1|   ap_memory|                                      curr_label_V_1|         array|
|curr_label_V_1_we0       |  out|    1|   ap_memory|                                      curr_label_V_1|         array|
|curr_label_V_1_d0        |  out|    8|   ap_memory|                                      curr_label_V_1|         array|
|curr_label_V_address0    |  out|    7|   ap_memory|                                        curr_label_V|         array|
|curr_label_V_ce0         |  out|    1|   ap_memory|                                        curr_label_V|         array|
|curr_label_V_we0         |  out|    1|   ap_memory|                                        curr_label_V|         array|
|curr_label_V_d0          |  out|    8|   ap_memory|                                        curr_label_V|         array|
+-------------------------+-----+-----+------------+----------------------------------------------------+--------------+

============================================================
+ Verbose Summary: Synthesis Manager
============================================================
InlineROM: 1
ExposeGlobal: 0
============================================================
+ Verbose Summary: CDFG Model
============================================================
IsTopModel: 0
ResetActiveHigh: 1
IsCombinational: 2
IsDatapathOnly: 2
HasWiredReturn: 1
HasMFsm: 2
HasVarLatency: 1
IsPipeline: 0
IsRtlPipelined: 0
IsInstanceOverlapped: 0
IsDontTouch: 0
HasImplIP: 0
IsGatedGlobalClock: 0

+ Individual pipeline summary: 
  * Pipeline-0: initiation interval (II) = 1, depth = 1


============================================================
+ Verbose Summary: Schedule
============================================================
* Number of FSM states : 1
* Pipeline : 1
  Pipeline-0 : II = 1, D = 1, States = { 1 }
* Dataflow Pipeline: 0

* FSM state transitions: 
1 --> 

* FSM state operations: 

State 1 <SV = 0> <Delay = 3.87>
ST_1 : Operation 4 [1/1] (0.00ns)   --->   "%x_1 = alloca i32 1"   --->   Operation 4 'alloca' 'x_1' <Predicate = true> <Delay = 0.00>
ST_1 : Operation 5 [1/1] (1.58ns)   --->   "%store_ln0 = store i8 0, i8 %x_1"   --->   Operation 5 'store' 'store_ln0' <Predicate = true> <Delay = 1.58>
ST_1 : Operation 6 [1/1] (0.00ns)   --->   "%br_ln0 = br void %for.inc84"   --->   Operation 6 'br' 'br_ln0' <Predicate = true> <Delay = 0.00>
ST_1 : Operation 7 [1/1] (0.00ns)   --->   "%x = load i8 %x_1" [hls_fajlovi/card_recognizer_dram_hls.cpp:133]   --->   Operation 7 'load' 'x' <Predicate = true> <Delay = 0.00>
ST_1 : Operation 8 [1/1] (1.55ns)   --->   "%icmp_ln130 = icmp_eq  i8 %x, i8 160" [hls_fajlovi/card_recognizer_dram_hls.cpp:130]   --->   Operation 8 'icmp' 'icmp_ln130' <Predicate = true> <Delay = 1.55> <CoreInst = "Cmp">   --->   Core 9 'Cmp' <Latency = 0> <II = 1> <Delay = 1.55> <FuncUnit> <Opcode : 'icmp'> <InPorts = 2> <OutPorts = 1>
ST_1 : Operation 9 [1/1] (1.91ns)   --->   "%add_ln130 = add i8 %x, i8 1" [hls_fajlovi/card_recognizer_dram_hls.cpp:130]   --->   Operation 9 'add' 'add_ln130' <Predicate = true> <Delay = 1.91> <CoreInst = "Adder">   --->   Core 1 'Adder' <Latency = 0> <II = 1> <Delay = 1.91> <FuncUnit> <Opcode : 'add' 'sub'> <InPorts = 2> <OutPorts = 1>
ST_1 : Operation 10 [1/1] (0.00ns)   --->   "%br_ln130 = br i1 %icmp_ln130, void %for.inc84.split, void %CCL_X_LOOP.exitStub" [hls_fajlovi/card_recognizer_dram_hls.cpp:130]   --->   Operation 10 'br' 'br_ln130' <Predicate = true> <Delay = 0.00>
ST_1 : Operation 11 [1/1] (0.00ns)   --->   "%specpipeline_ln132 = specpipeline void @_ssdm_op_SpecPipeline, i32 1, i32 0, i32 0, i32 0, void @empty_0" [hls_fajlovi/card_recognizer_dram_hls.cpp:132]   --->   Operation 11 'specpipeline' 'specpipeline_ln132' <Predicate = (!icmp_ln130)> <Delay = 0.00>
ST_1 : Operation 12 [1/1] (0.00ns)   --->   "%speclooptripcount_ln131 = speclooptripcount void @_ssdm_op_SpecLoopTripCount, i64 160, i64 160, i64 160" [hls_fajlovi/card_recognizer_dram_hls.cpp:131]   --->   Operation 12 'speclooptripcount' 'speclooptripcount_ln131' <Predicate = (!icmp_ln130)> <Delay = 0.00>
ST_1 : Operation 13 [1/1] (0.00ns)   --->   "%specloopname_ln214 = specloopname void @_ssdm_op_SpecLoopName, void @empty_9"   --->   Operation 13 'specloopname' 'specloopname_ln214' <Predicate = (!icmp_ln130)> <Delay = 0.00>
ST_1 : Operation 14 [1/1] (0.00ns)   --->   "%lshr_ln1 = partselect i7 @_ssdm_op_PartSelect.i7.i8.i32.i32, i8 %x, i32 1, i32 7" [hls_fajlovi/card_recognizer_dram_hls.cpp:133]   --->   Operation 14 'partselect' 'lshr_ln1' <Predicate = (!icmp_ln130)> <Delay = 0.00>
ST_1 : Operation 15 [1/1] (0.00ns)   --->   "%zext_ln133 = zext i7 %lshr_ln1" [hls_fajlovi/card_recognizer_dram_hls.cpp:133]   --->   Operation 15 'zext' 'zext_ln133' <Predicate = (!icmp_ln130)> <Delay = 0.00>
ST_1 : Operation 16 [1/1] (0.00ns)   --->   "%curr_label_V_addr = getelementptr i8 %curr_label_V, i64 0, i64 %zext_ln133" [hls_fajlovi/card_recognizer_dram_hls.cpp:133]   --->   Operation 16 'getelementptr' 'curr_label_V_addr' <Predicate = (!icmp_ln130)> <Delay = 0.00>
ST_1 : Operation 17 [1/1] (0.00ns)   --->   "%curr_label_V_1_addr = getelementptr i8 %curr_label_V_1, i64 0, i64 %zext_ln133" [hls_fajlovi/card_recognizer_dram_hls.cpp:133]   --->   Operation 17 'getelementptr' 'curr_label_V_1_addr' <Predicate = (!icmp_ln130)> <Delay = 0.00>
ST_1 : Operation 18 [1/1] (0.00ns)   --->   "%trunc_ln133 = trunc i8 %x" [hls_fajlovi/card_recognizer_dram_hls.cpp:133]   --->   Operation 18 'trunc' 'trunc_ln133' <Predicate = (!icmp_ln130)> <Delay = 0.00>
ST_1 : Operation 19 [1/1] (0.00ns)   --->   "%br_ln133 = br i1 %trunc_ln133, void %arrayidx83.case.0, void %arrayidx83.case.1" [hls_fajlovi/card_recognizer_dram_hls.cpp:133]   --->   Operation 19 'br' 'br_ln133' <Predicate = (!icmp_ln130)> <Delay = 0.00>
ST_1 : Operation 20 [1/1] (2.32ns)   --->   "%store_ln133 = store i8 0, i7 %curr_label_V_addr" [hls_fajlovi/card_recognizer_dram_hls.cpp:133]   --->   Operation 20 'store' 'store_ln133' <Predicate = (!icmp_ln130 & !trunc_ln133)> <Delay = 2.32> <CoreInst = "RAM">   --->   Core 82 'RAM' <Latency = 1> <II = 1> <Delay = 2.32> <Storage> <Opcode : 'load' 'store'> <Ports = 2> <Width = 8> <Depth = 80> <RAM>
ST_1 : Operation 21 [1/1] (0.00ns)   --->   "%br_ln133 = br void %arrayidx83.exit" [hls_fajlovi/card_recognizer_dram_hls.cpp:133]   --->   Operation 21 'br' 'br_ln133' <Predicate = (!icmp_ln130 & !trunc_ln133)> <Delay = 0.00>
ST_1 : Operation 22 [1/1] (2.32ns)   --->   "%store_ln133 = store i8 0, i7 %curr_label_V_1_addr" [hls_fajlovi/card_recognizer_dram_hls.cpp:133]   --->   Operation 22 'store' 'store_ln133' <Predicate = (!icmp_ln130 & trunc_ln133)> <Delay = 2.32> <CoreInst = "RAM">   --->   Core 82 'RAM' <Latency = 1> <II = 1> <Delay = 2.32> <Storage> <Opcode : 'load' 'store'> <Ports = 2> <Width = 8> <Depth = 80> <RAM>
ST_1 : Operation 23 [1/1] (0.00ns)   --->   "%br_ln133 = br void %arrayidx83.exit" [hls_fajlovi/card_recognizer_dram_hls.cpp:133]   --->   Operation 23 'br' 'br_ln133' <Predicate = (!icmp_ln130 & trunc_ln133)> <Delay = 0.00>
ST_1 : Operation 24 [1/1] (1.58ns)   --->   "%store_ln130 = store i8 %add_ln130, i8 %x_1" [hls_fajlovi/card_recognizer_dram_hls.cpp:130]   --->   Operation 24 'store' 'store_ln130' <Predicate = (!icmp_ln130)> <Delay = 1.58>
ST_1 : Operation 25 [1/1] (0.00ns)   --->   "%br_ln130 = br void %for.inc84" [hls_fajlovi/card_recognizer_dram_hls.cpp:130]   --->   Operation 25 'br' 'br_ln130' <Predicate = (!icmp_ln130)> <Delay = 0.00>
ST_1 : Operation 26 [1/1] (0.00ns)   --->   "%ret_ln0 = ret"   --->   Operation 26 'ret' 'ret_ln0' <Predicate = (icmp_ln130)> <Delay = 0.00>


============================================================
+ Verbose Summary: Binding
============================================================
STG Binding: 
---------------- STG Properties BEGIN ----------------
- Is combinational: 0
- Is one-state seq: 0
- Is datapath-only: 0
- Is pipelined: 0
- Is top level: 0
Port [ Return ] is wired: 1; IO mode=ap_ctrl_hs:ce=0
Port [ curr_label_V_1]:  wired=1; compound=1; hidden=0; nouse=0; global=0; static=0; extern=0; dir=1; type=1; pingpong=0; private_global=0; MemPort=[03]; IO mode=ap_memory:ce=0
Port [ curr_label_V]:  wired=1; compound=1; hidden=0; nouse=0; global=0; static=0; extern=0; dir=1; type=1; pingpong=0; private_global=0; MemPort=[03]; IO mode=ap_memory:ce=0
---------------- STG Properties END ------------------

---------------- Datapath Model BEGIN ----------------

<LifeTime>
<method=bitvector/>
x_1                     (alloca           ) [ 01]
store_ln0               (store            ) [ 00]
br_ln0                  (br               ) [ 00]
x                       (load             ) [ 00]
icmp_ln130              (icmp             ) [ 01]
add_ln130               (add              ) [ 00]
br_ln130                (br               ) [ 00]
specpipeline_ln132      (specpipeline     ) [ 00]
speclooptripcount_ln131 (speclooptripcount) [ 00]
specloopname_ln214      (specloopname     ) [ 00]
lshr_ln1                (partselect       ) [ 00]
zext_ln133              (zext             ) [ 00]
curr_label_V_addr       (getelementptr    ) [ 00]
curr_label_V_1_addr     (getelementptr    ) [ 00]
trunc_ln133             (trunc            ) [ 01]
br_ln133                (br               ) [ 00]
store_ln133             (store            ) [ 00]
br_ln133                (br               ) [ 00]
store_ln133             (store            ) [ 00]
br_ln133                (br               ) [ 00]
store_ln130             (store            ) [ 00]
br_ln130                (br               ) [ 00]
ret_ln0                 (ret              ) [ 00]
</LifeTime>

<model>

<comp_list>
<comp id="0" class="1000" name="curr_label_V_1">
<pin_list>
<pin id="1" dir="1" index="0" bw="1" slack="0"/>
</pin_list>
<bind>
<StgValue><ssdm name="curr_label_V_1"/><MemPortTyVec>0 3 </MemPortTyVec>
</StgValue>
</bind>
</comp>

<comp id="2" class="1000" name="curr_label_V">
<pin_list>
<pin id="3" dir="1" index="0" bw="1" slack="0"/>
</pin_list>
<bind>
<StgValue><ssdm name="curr_label_V"/><MemPortTyVec>0 3 </MemPortTyVec>
</StgValue>
</bind>
</comp>

<comp id="4" class="1001" name="const_4">
<pin_list>
<pin id="5" dir="1" index="0" bw="1" slack="0"/>
</pin_list>
<bind>
<StgValue><ssdm name=""/></StgValue>
</bind>
</comp>

<comp id="6" class="1001" name="const_6">
<pin_list>
<pin id="7" dir="1" index="0" bw="1" slack="0"/>
</pin_list>
<bind>
<StgValue><ssdm name=""/></StgValue>
</bind>
</comp>

<comp id="8" class="1001" name="const_8">
<pin_list>
<pin id="9" dir="1" index="0" bw="1" slack="0"/>
</pin_list>
<bind>
<StgValue><ssdm name=""/></StgValue>
</bind>
</comp>

<comp id="10" class="1001" name="const_10">
<pin_list>
<pin id="11" dir="1" index="0" bw="1" slack="0"/>
</pin_list>
<bind>
<StgValue><ssdm name=""/></StgValue>
</bind>
</comp>

<comp id="12" class="1001" name="const_12">
<pin_list>
<pin id="13" dir="1" index="0" bw="1" slack="2147483647"/>
</pin_list>
<bind>
<StgValue><ssdm name="_ssdm_op_SpecPipeline"/></StgValue>
</bind>
</comp>

<comp id="14" class="1001" name="const_14">
<pin_list>
<pin id="15" dir="1" index="0" bw="1" slack="2147483647"/>
</pin_list>
<bind>
<StgValue><ssdm name=""/></StgValue>
</bind>
</comp>

<comp id="16" class="1001" name="const_16">
<pin_list>
<pin id="17" dir="1" index="0" bw="1" slack="2147483647"/>
</pin_list>
<bind>
<StgValue><ssdm name="empty_0"/></StgValue>
</bind>
</comp>

<comp id="18" class="1001" name="const_18">
<pin_list>
<pin id="19" dir="1" index="0" bw="1" slack="2147483647"/>
</pin_list>
<bind>
<StgValue><ssdm name="_ssdm_op_SpecLoopTripCount"/></StgValue>
</bind>
</comp>

<comp id="20" class="1001" name="const_20">
<pin_list>
<pin id="21" dir="1" index="0" bw="1" slack="2147483647"/>
</pin_list>
<bind>
<StgValue><ssdm name=""/></StgValue>
</bind>
</comp>

<comp id="22" class="1001" name="const_22">
<pin_list>
<pin id="23" dir="1" index="0" bw="1" slack="2147483647"/>
</pin_list>
<bind>
<StgValue><ssdm name="_ssdm_op_SpecLoopName"/></StgValue>
</bind>
</comp>

<comp id="24" class="1001" name="const_24">
<pin_list>
<pin id="25" dir="1" index="0" bw="1" slack="2147483647"/>
</pin_list>
<bind>
<StgValue><ssdm name="empty_9"/></StgValue>
</bind>
</comp>

<comp id="26" class="1001" name="const_26">
<pin_list>
<pin id="27" dir="1" index="0" bw="1" slack="0"/>
</pin_list>
<bind>
<StgValue><ssdm name="_ssdm_op_PartSelect.i7.i8.i32.i32"/></StgValue>
</bind>
</comp>

<comp id="28" class="1001" name="const_28">
<pin_list>
<pin id="29" dir="1" index="0" bw="1" slack="0"/>
</pin_list>
<bind>
<StgValue><ssdm name=""/></StgValue>
</bind>
</comp>

<comp id="30" class="1001" name="const_30">
<pin_list>
<pin id="31" dir="1" index="0" bw="1" slack="0"/>
</pin_list>
<bind>
<StgValue><ssdm name=""/></StgValue>
</bind>
</comp>

<comp id="32" class="1004" name="x_1_fu_32">
<pin_list>
<pin id="33" dir="0" index="0" bw="1" slack="0"/>
<pin id="34" dir="1" index="1" bw="8" slack="0"/>
</pin_list>
<bind>
<opcode="alloca(26) " fcode="alloca"/>
<opset="x_1/1 "/>
</bind>
</comp>

<comp id="36" class="1004" name="curr_label_V_addr_gep_fu_36">
<pin_list>
<pin id="37" dir="0" index="0" bw="8" slack="0"/>
<pin id="38" dir="0" index="1" bw="1" slack="0"/>
<pin id="39" dir="0" index="2" bw="7" slack="0"/>
<pin id="40" dir="1" index="3" bw="7" slack="0"/>
</pin_list>
<bind>
<opcode="getelementptr(29) " fcode="getelementptr"/>
<opset="curr_label_V_addr/1 "/>
</bind>
</comp>

<comp id="43" class="1004" name="curr_label_V_1_addr_gep_fu_43">
<pin_list>
<pin id="44" dir="0" index="0" bw="8" slack="0"/>
<pin id="45" dir="0" index="1" bw="1" slack="0"/>
<pin id="46" dir="0" index="2" bw="7" slack="0"/>
<pin id="47" dir="1" index="3" bw="7" slack="0"/>
</pin_list>
<bind>
<opcode="getelementptr(29) " fcode="getelementptr"/>
<opset="curr_label_V_1_addr/1 "/>
</bind>
</comp>

<comp id="50" class="1004" name="store_ln133_access_fu_50">
<pin_list>
<pin id="51" dir="0" index="0" bw="7" slack="0"/>
<pin id="52" dir="0" index="1" bw="8" slack="0"/>
<pin id="53" dir="0" index="2" bw="0" slack="2147483647"/>
<pin id="54" dir="1" index="3" bw="8" slack="2147483647"/>
</pin_list>
<bind>
<opcode="store(28) " fcode="store"/>
<opset="store_ln133/1 "/>
</bind>
</comp>

<comp id="57" class="1004" name="store_ln133_access_fu_57">
<pin_list>
<pin id="58" dir="0" index="0" bw="7" slack="0"/>
<pin id="59" dir="0" index="1" bw="8" slack="0"/>
<pin id="60" dir="0" index="2" bw="0" slack="2147483647"/>
<pin id="61" dir="1" index="3" bw="8" slack="2147483647"/>
</pin_list>
<bind>
<opcode="store(28) " fcode="store"/>
<opset="store_ln133/1 "/>
</bind>
</comp>

<comp id="64" class="1004" name="store_ln0_store_fu_64">
<pin_list>
<pin id="65" dir="0" index="0" bw="1" slack="0"/>
<pin id="66" dir="0" index="1" bw="8" slack="0"/>
<pin id="67" dir="1" index="2" bw="0" slack="2147483647"/>
</pin_list>
<bind>
<opcode="store(28) " fcode="store"/>
<opset="store_ln0/1 "/>
</bind>
</comp>

<comp id="69" class="1004" name="x_load_fu_69">
<pin_list>
<pin id="70" dir="0" index="0" bw="8" slack="0"/>
<pin id="71" dir="1" index="1" bw="8" slack="0"/>
</pin_list>
<bind>
<opcode="load(27) " fcode="load"/>
<opset="x/1 "/>
</bind>
</comp>

<comp id="72" class="1004" name="icmp_ln130_fu_72">
<pin_list>
<pin id="73" dir="0" index="0" bw="8" slack="0"/>
<pin id="74" dir="0" index="1" bw="8" slack="0"/>
<pin id="75" dir="1" index="2" bw="1" slack="2147483647"/>
</pin_list>
<bind>
<opcode="icmp(45) " fcode="icmp"/>
<opset="icmp_ln130/1 "/>
</bind>
</comp>

<comp id="78" class="1004" name="add_ln130_fu_78">
<pin_list>
<pin id="79" dir="0" index="0" bw="8" slack="0"/>
<pin id="80" dir="0" index="1" bw="1" slack="0"/>
<pin id="81" dir="1" index="2" bw="8" slack="0"/>
</pin_list>
<bind>
<opcode="add(8) " fcode="add"/>
<opset="add_ln130/1 "/>
</bind>
</comp>

<comp id="84" class="1004" name="lshr_ln1_fu_84">
<pin_list>
<pin id="85" dir="0" index="0" bw="7" slack="0"/>
<pin id="86" dir="0" index="1" bw="8" slack="0"/>
<pin id="87" dir="0" index="2" bw="1" slack="0"/>
<pin id="88" dir="0" index="3" bw="4" slack="0"/>
<pin id="89" dir="1" index="4" bw="7" slack="0"/>
</pin_list>
<bind>
<opcode="partselect(1002) " fcode="partselect"/>
<opset="lshr_ln1/1 "/>
</bind>
</comp>

<comp id="94" class="1004" name="zext_ln133_fu_94">
<pin_list>
<pin id="95" dir="0" index="0" bw="7" slack="0"/>
<pin id="96" dir="1" index="1" bw="64" slack="0"/>
</pin_list>
<bind>
<opcode="zext(34) " fcode="zext"/>
<opset="zext_ln133/1 "/>
</bind>
</comp>

<comp id="100" class="1004" name="trunc_ln133_fu_100">
<pin_list>
<pin id="101" dir="0" index="0" bw="8" slack="0"/>
<pin id="102" dir="1" index="1" bw="1" slack="2147483647"/>
</pin_list>
<bind>
<opcode="trunc(33) " fcode="trunc"/>
<opset="trunc_ln133/1 "/>
</bind>
</comp>

<comp id="104" class="1004" name="store_ln130_store_fu_104">
<pin_list>
<pin id="105" dir="0" index="0" bw="8" slack="0"/>
<pin id="106" dir="0" index="1" bw="8" slack="0"/>
<pin id="107" dir="1" index="2" bw="0" slack="2147483647"/>
</pin_list>
<bind>
<opcode="store(28) " fcode="store"/>
<opset="store_ln130/1 "/>
</bind>
</comp>

<comp id="109" class="1005" name="x_1_reg_109">
<pin_list>
<pin id="110" dir="0" index="0" bw="8" slack="0"/>
<pin id="111" dir="1" index="1" bw="8" slack="0"/>
</pin_list>
<bind>
<opset="x_1 "/>
</bind>
</comp>

</comp_list>

<net_list>
<net id="35"><net_src comp="4" pin="0"/><net_sink comp="32" pin=0"/></net>

<net id="41"><net_src comp="2" pin="0"/><net_sink comp="36" pin=0"/></net>

<net id="42"><net_src comp="30" pin="0"/><net_sink comp="36" pin=1"/></net>

<net id="48"><net_src comp="0" pin="0"/><net_sink comp="43" pin=0"/></net>

<net id="49"><net_src comp="30" pin="0"/><net_sink comp="43" pin=1"/></net>

<net id="55"><net_src comp="6" pin="0"/><net_sink comp="50" pin=1"/></net>

<net id="56"><net_src comp="36" pin="3"/><net_sink comp="50" pin=0"/></net>

<net id="62"><net_src comp="6" pin="0"/><net_sink comp="57" pin=1"/></net>

<net id="63"><net_src comp="43" pin="3"/><net_sink comp="57" pin=0"/></net>

<net id="68"><net_src comp="6" pin="0"/><net_sink comp="64" pin=0"/></net>

<net id="76"><net_src comp="69" pin="1"/><net_sink comp="72" pin=0"/></net>

<net id="77"><net_src comp="8" pin="0"/><net_sink comp="72" pin=1"/></net>

<net id="82"><net_src comp="69" pin="1"/><net_sink comp="78" pin=0"/></net>

<net id="83"><net_src comp="10" pin="0"/><net_sink comp="78" pin=1"/></net>

<net id="90"><net_src comp="26" pin="0"/><net_sink comp="84" pin=0"/></net>

<net id="91"><net_src comp="69" pin="1"/><net_sink comp="84" pin=1"/></net>

<net id="92"><net_src comp="4" pin="0"/><net_sink comp="84" pin=2"/></net>

<net id="93"><net_src comp="28" pin="0"/><net_sink comp="84" pin=3"/></net>

<net id="97"><net_src comp="84" pin="4"/><net_sink comp="94" pin=0"/></net>

<net id="98"><net_src comp="94" pin="1"/><net_sink comp="36" pin=2"/></net>

<net id="99"><net_src comp="94" pin="1"/><net_sink comp="43" pin=2"/></net>

<net id="103"><net_src comp="69" pin="1"/><net_sink comp="100" pin=0"/></net>

<net id="108"><net_src comp="78" pin="2"/><net_sink comp="104" pin=0"/></net>

<net id="112"><net_src comp="32" pin="1"/><net_sink comp="109" pin=0"/></net>

<net id="113"><net_src comp="109" pin="1"/><net_sink comp="64" pin=1"/></net>

<net id="114"><net_src comp="109" pin="1"/><net_sink comp="69" pin=0"/></net>

<net id="115"><net_src comp="109" pin="1"/><net_sink comp="104" pin=1"/></net>

</net_list>

</model> 
---------------- Datapath Model END ------------------

* FSMD analyzer results:
  - Output states:
	Port: curr_label_V_1 | {1 }
	Port: curr_label_V | {1 }
 - Input state : 
  - Chain level:
	State 1
		store_ln0 : 1
		x : 1
		icmp_ln130 : 2
		add_ln130 : 2
		br_ln130 : 3
		lshr_ln1 : 2
		zext_ln133 : 3
		curr_label_V_addr : 4
		curr_label_V_1_addr : 4
		trunc_ln133 : 2
		br_ln133 : 3
		store_ln133 : 5
		store_ln133 : 5
		store_ln130 : 3


============================================================
+ Verbose Summary: Datapath Resource usage 
============================================================

* Functional unit list:
|----------|--------------------|---------|---------|
| Operation|   Functional Unit  |    FF   |   LUT   |
|----------|--------------------|---------|---------|
|    add   |   add_ln130_fu_78  |    0    |    15   |
|----------|--------------------|---------|---------|
|   icmp   |  icmp_ln130_fu_72  |    0    |    11   |
|----------|--------------------|---------|---------|
|partselect|   lshr_ln1_fu_84   |    0    |    0    |
|----------|--------------------|---------|---------|
|   zext   |  zext_ln133_fu_94  |    0    |    0    |
|----------|--------------------|---------|---------|
|   trunc  | trunc_ln133_fu_100 |    0    |    0    |
|----------|--------------------|---------|---------|
|   Total  |                    |    0    |    26   |
|----------|--------------------|---------|---------|

Memories:
N/A

* Register list:
+-----------+--------+
|           |   FF   |
+-----------+--------+
|x_1_reg_109|    8   |
+-----------+--------+
|   Total   |    8   |
+-----------+--------+

* Multiplexer (MUX) list: 
|--------|------|------|------|--------|
|  Comp  |  Pin | Size |  BW  | S x BW |
|--------|------|------|------|--------|
|  Total |      |      |      |    0   |
|--------|------|------|------|--------|



* Summary:
+-----------+--------+--------+
|           |   FF   |   LUT  |
+-----------+--------+--------+
|  Function |    0   |   26   |
|   Memory  |    -   |    -   |
|Multiplexer|    -   |    -   |
|  Register |    8   |    -   |
+-----------+--------+--------+
|   Total   |    8   |   26   |
+-----------+--------+--------+
