

================================================================
== Vitis HLS Report for 'find_largest_component_ccl_Pipeline_CCL_X_LOOP'
================================================================
* Date:           Wed Jul 15 18:02:25 2026

* Version:        2022.2 (Build 3670227 on Oct 13 2022)
* Project:        card_recognizer_dram_hls
* Solution:       solution1 (Vivado IP Flow Target)
* Product family: zynq
* Target device:  xc7z010i-clg225-1L


================================================================
== Performance Estimates
================================================================
+ Timing: 
    * Summary: 
    +--------+----------+----------+------------+
    |  Clock |  Target  | Estimated| Uncertainty|
    +--------+----------+----------+------------+
    |ap_clk  |  10.00 ns|  7.164 ns|     2.70 ns|
    +--------+----------+----------+------------+

+ Latency: 
    * Summary: 
    +---------+---------+-----------+-----------+------+------+---------+
    |  Latency (cycles) |   Latency (absolute)  |   Interval  | Pipeline|
    |   min   |   max   |    min    |    max    |  min |  max |   Type  |
    +---------+---------+-----------+-----------+------+------+---------+
    |     1929|     1929|  19.290 us|  19.290 us|  1929|  1929|       no|
    +---------+---------+-----------+-----------+------+------+---------+

    + Detail: 
        * Instance: 
        N/A

        * Loop: 
        +--------------+---------+---------+----------+-----------+-----------+------+----------+
        |              |  Latency (cycles) | Iteration|  Initiation Interval  | Trip |          |
        |   Loop Name  |   min   |   max   |  Latency |  achieved |   target  | Count| Pipelined|
        +--------------+---------+---------+----------+-----------+-----------+------+----------+
        |- CCL_X_LOOP  |     1927|     1927|        15|         12|          1|   160|       yes|
        +--------------+---------+---------+----------+-----------+-----------+------+----------+

============================================================
+ Verbose Summary: Synthesis Manager
============================================================
InlineROM: 1
ExposeGlobal: 0
============================================================
+ Verbose Summary: CDFG Model
============================================================
IsTopModel: 0
ResetActiveHigh: 1
IsCombinational: 0
IsDatapathOnly: 0
HasWiredReturn: 1
HasMFsm: 2
HasVarLatency: 1
IsPipeline: 0
IsRtlPipelined: 0
IsInstanceOverlapped: 0
IsDontTouch: 0
HasImplIP: 0
IsGatedGlobalClock: 0

+ Individual pipeline summary: 
  * Pipeline-0: initiation interval (II) = 12, depth = 15


============================================================
+ Verbose Summary: Schedule
============================================================
* Number of FSM states : 15
* Pipeline : 1
  Pipeline-0 : II = 12, D = 15, States = { 1 2 3 4 5 6 7 8 9 10 11 12 13 14 15 }
* Dataflow Pipeline: 0

* FSM state transitions: 
1 --> 2 
2 --> 3 
3 --> 4 
4 --> 5 
5 --> 6 
6 --> 7 
7 --> 8 
8 --> 9 
9 --> 10 
10 --> 11 
11 --> 12 
12 --> 13 
13 --> 14 
14 --> 15 
15 --> 

* FSM state operations: 

State 1 <SV = 0> <Delay = 5.19>
ST_1 : Operation 18 [1/1] (0.00ns)   --->   "%x_2 = alloca i32 1"   --->   Operation 18 'alloca' 'x_2' <Predicate = true> <Delay = 0.00>
ST_1 : Operation 19 [1/1] (0.00ns)   --->   "%next_label_1 = alloca i32 1"   --->   Operation 19 'alloca' 'next_label_1' <Predicate = true> <Delay = 0.00>
ST_1 : Operation 20 [1/1] (0.00ns)   --->   "%specmemcore_ln0 = specmemcore void @_ssdm_op_SpecMemCore, i1 %binary_V, i64 666, i64 22, i64 18446744073709551615"   --->   Operation 20 'specmemcore' 'specmemcore_ln0' <Predicate = true> <Delay = 0.00>
ST_1 : Operation 21 [1/1] (0.00ns)   --->   "%cy_V_read = read i8 @_ssdm_op_Read.ap_auto.i8, i8 %cy_V"   --->   Operation 21 'read' 'cy_V_read' <Predicate = true> <Delay = 0.00>
ST_1 : Operation 22 [1/1] (0.00ns)   --->   "%tmp = read i15 @_ssdm_op_Read.ap_auto.i15, i15 %empty"   --->   Operation 22 'read' 'tmp' <Predicate = true> <Delay = 0.00>
ST_1 : Operation 23 [1/1] (0.00ns)   --->   "%width_read = read i32 @_ssdm_op_Read.ap_auto.i32, i32 %width"   --->   Operation 23 'read' 'width_read' <Predicate = true> <Delay = 0.00>
ST_1 : Operation 24 [1/1] (0.00ns)   --->   "%next_label_read = read i32 @_ssdm_op_Read.ap_auto.i32, i32 %next_label"   --->   Operation 24 'read' 'next_label_read' <Predicate = true> <Delay = 0.00>
ST_1 : Operation 25 [1/1] (1.58ns)   --->   "%store_ln0 = store i32 %next_label_read, i32 %next_label_1"   --->   Operation 25 'store' 'store_ln0' <Predicate = true> <Delay = 1.58>
ST_1 : Operation 26 [1/1] (1.58ns)   --->   "%store_ln0 = store i31 0, i31 %x_2"   --->   Operation 26 'store' 'store_ln0' <Predicate = true> <Delay = 1.58>
ST_1 : Operation 27 [1/1] (0.00ns)   --->   "%br_ln0 = br void %for.body91"   --->   Operation 27 'br' 'br_ln0' <Predicate = true> <Delay = 0.00>
ST_1 : Operation 28 [1/1] (0.00ns)   --->   "%x = load i31 %x_2" [hls_fajlovi/card_recognizer_dram_hls.cpp:143]   --->   Operation 28 'load' 'x' <Predicate = true> <Delay = 0.00>
ST_1 : Operation 29 [1/1] (0.00ns)   --->   "%x_4_cast = zext i31 %x" [hls_fajlovi/card_recognizer_dram_hls.cpp:143]   --->   Operation 29 'zext' 'x_4_cast' <Predicate = true> <Delay = 0.00>
ST_1 : Operation 30 [1/1] (2.47ns)   --->   "%icmp_ln137 = icmp_slt  i32 %x_4_cast, i32 %width_read" [hls_fajlovi/card_recognizer_dram_hls.cpp:137]   --->   Operation 30 'icmp' 'icmp_ln137' <Predicate = true> <Delay = 2.47> <CoreInst = "Cmp">   --->   Core 9 'Cmp' <Latency = 0> <II = 1> <Delay = 2.47> <FuncUnit> <Opcode : 'icmp'> <InPorts = 2> <OutPorts = 1>
ST_1 : Operation 31 [1/1] (0.00ns)   --->   "%br_ln137 = br i1 %icmp_ln137, void %for.inc203.preheader.exitStub, void %for.body91.split" [hls_fajlovi/card_recognizer_dram_hls.cpp:137]   --->   Operation 31 'br' 'br_ln137' <Predicate = true> <Delay = 0.00>
ST_1 : Operation 32 [1/1] (0.00ns)   --->   "%empty_41 = trunc i31 %x" [hls_fajlovi/card_recognizer_dram_hls.cpp:143]   --->   Operation 32 'trunc' 'empty_41' <Predicate = (icmp_ln137)> <Delay = 0.00>
ST_1 : Operation 33 [1/1] (1.94ns)   --->   "%add_ln139 = add i15 %empty_41, i15 %tmp" [hls_fajlovi/card_recognizer_dram_hls.cpp:139]   --->   Operation 33 'add' 'add_ln139' <Predicate = (icmp_ln137)> <Delay = 1.94> <CoreInst = "Adder">   --->   Core 1 'Adder' <Latency = 0> <II = 1> <Delay = 1.94> <FuncUnit> <Opcode : 'add' 'sub'> <InPorts = 2> <OutPorts = 1>
ST_1 : Operation 34 [1/1] (0.00ns)   --->   "%zext_ln541_10 = zext i15 %add_ln139"   --->   Operation 34 'zext' 'zext_ln541_10' <Predicate = (icmp_ln137)> <Delay = 0.00>
ST_1 : Operation 35 [1/1] (0.00ns)   --->   "%binary_V_addr = getelementptr i1 %binary_V, i64 0, i64 %zext_ln541_10"   --->   Operation 35 'getelementptr' 'binary_V_addr' <Predicate = (icmp_ln137)> <Delay = 0.00>
ST_1 : Operation 36 [2/2] (3.25ns)   --->   "%binary_V_load = load i15 %binary_V_addr"   --->   Operation 36 'load' 'binary_V_load' <Predicate = (icmp_ln137)> <Delay = 3.25> <CoreInst = "RAM_2P_BRAM">   --->   Core 91 'RAM_2P_BRAM' <Latency = 1> <II = 1> <Delay = 3.25> <Storage> <Opcode : 'load' 'store'> <Ports = 2> <Width = 1> <Depth = 19200> <RAM>

State 2 <SV = 1> <Delay = 4.23>
ST_2 : Operation 37 [1/1] (0.00ns)   --->   "%cx_V = trunc i31 %x" [hls_fajlovi/card_recognizer_dram_hls.cpp:143]   --->   Operation 37 'trunc' 'cx_V' <Predicate = (icmp_ln137)> <Delay = 0.00>
ST_2 : Operation 38 [1/1] (0.00ns)   --->   "%speclooptripcount_ln138 = speclooptripcount void @_ssdm_op_SpecLoopTripCount, i64 160, i64 160, i64 160" [hls_fajlovi/card_recognizer_dram_hls.cpp:138]   --->   Operation 38 'speclooptripcount' 'speclooptripcount_ln138' <Predicate = (icmp_ln137)> <Delay = 0.00>
ST_2 : Operation 39 [1/1] (0.00ns)   --->   "%specloopname_ln124 = specloopname void @_ssdm_op_SpecLoopName, void @empty_10" [hls_fajlovi/card_recognizer_dram_hls.cpp:124]   --->   Operation 39 'specloopname' 'specloopname_ln124' <Predicate = (icmp_ln137)> <Delay = 0.00>
ST_2 : Operation 40 [1/2] (3.25ns)   --->   "%binary_V_load = load i15 %binary_V_addr"   --->   Operation 40 'load' 'binary_V_load' <Predicate = (icmp_ln137)> <Delay = 3.25> <CoreInst = "RAM_2P_BRAM">   --->   Core 91 'RAM_2P_BRAM' <Latency = 1> <II = 1> <Delay = 3.25> <Storage> <Opcode : 'load' 'store'> <Ports = 2> <Width = 1> <Depth = 19200> <RAM>
ST_2 : Operation 41 [1/1] (0.00ns)   --->   "%br_ln141 = br i1 %binary_V_load, void %for.inc191, void %if.then_ifconv" [hls_fajlovi/card_recognizer_dram_hls.cpp:141]   --->   Operation 41 'br' 'br_ln141' <Predicate = (icmp_ln137)> <Delay = 0.00>
ST_2 : Operation 42 [1/1] (1.91ns)   --->   "%add_ln142 = add i8 %cx_V, i8 255" [hls_fajlovi/card_recognizer_dram_hls.cpp:142]   --->   Operation 42 'add' 'add_ln142' <Predicate = (icmp_ln137 & binary_V_load)> <Delay = 1.91> <CoreInst = "Adder">   --->   Core 1 'Adder' <Latency = 0> <II = 1> <Delay = 1.91> <FuncUnit> <Opcode : 'add' 'sub'> <InPorts = 2> <OutPorts = 1>
ST_2 : Operation 43 [1/1] (0.00ns)   --->   "%lshr_ln2 = partselect i7 @_ssdm_op_PartSelect.i7.i8.i32.i32, i8 %add_ln142, i32 1, i32 7" [hls_fajlovi/card_recognizer_dram_hls.cpp:142]   --->   Operation 43 'partselect' 'lshr_ln2' <Predicate = (icmp_ln137 & binary_V_load)> <Delay = 0.00>
ST_2 : Operation 44 [1/1] (0.00ns)   --->   "%zext_ln142 = zext i7 %lshr_ln2" [hls_fajlovi/card_recognizer_dram_hls.cpp:142]   --->   Operation 44 'zext' 'zext_ln142' <Predicate = (icmp_ln137 & binary_V_load)> <Delay = 0.00>
ST_2 : Operation 45 [1/1] (0.00ns)   --->   "%curr_label_V_addr = getelementptr i8 %curr_label_V, i64 0, i64 %zext_ln142" [hls_fajlovi/card_recognizer_dram_hls.cpp:142]   --->   Operation 45 'getelementptr' 'curr_label_V_addr' <Predicate = (icmp_ln137 & binary_V_load)> <Delay = 0.00>
ST_2 : Operation 46 [1/1] (0.00ns)   --->   "%curr_label_V_1_addr = getelementptr i8 %curr_label_V_1, i64 0, i64 %zext_ln142" [hls_fajlovi/card_recognizer_dram_hls.cpp:142]   --->   Operation 46 'getelementptr' 'curr_label_V_1_addr' <Predicate = (icmp_ln137 & binary_V_load)> <Delay = 0.00>
ST_2 : Operation 47 [2/2] (2.32ns)   --->   "%curr_label_V_load = load i7 %curr_label_V_addr" [hls_fajlovi/card_recognizer_dram_hls.cpp:142]   --->   Operation 47 'load' 'curr_label_V_load' <Predicate = (icmp_ln137 & binary_V_load)> <Delay = 2.32> <CoreInst = "RAM">   --->   Core 82 'RAM' <Latency = 1> <II = 1> <Delay = 2.32> <Storage> <Opcode : 'load' 'store'> <Ports = 2> <Width = 8> <Depth = 80> <RAM>
ST_2 : Operation 48 [2/2] (2.32ns)   --->   "%curr_label_V_1_load = load i7 %curr_label_V_1_addr" [hls_fajlovi/card_recognizer_dram_hls.cpp:142]   --->   Operation 48 'load' 'curr_label_V_1_load' <Predicate = (icmp_ln137 & binary_V_load)> <Delay = 2.32> <CoreInst = "RAM">   --->   Core 82 'RAM' <Latency = 1> <II = 1> <Delay = 2.32> <Storage> <Opcode : 'load' 'store'> <Ports = 2> <Width = 8> <Depth = 80> <RAM>
ST_2 : Operation 49 [1/1] (0.00ns)   --->   "%lshr_ln3 = partselect i7 @_ssdm_op_PartSelect.i7.i31.i32.i32, i31 %x, i32 1, i32 7" [hls_fajlovi/card_recognizer_dram_hls.cpp:143]   --->   Operation 49 'partselect' 'lshr_ln3' <Predicate = (icmp_ln137 & binary_V_load)> <Delay = 0.00>
ST_2 : Operation 50 [1/1] (0.00ns)   --->   "%zext_ln143 = zext i7 %lshr_ln3" [hls_fajlovi/card_recognizer_dram_hls.cpp:143]   --->   Operation 50 'zext' 'zext_ln143' <Predicate = (icmp_ln137 & binary_V_load)> <Delay = 0.00>
ST_2 : Operation 51 [1/1] (0.00ns)   --->   "%prev_label_V_addr = getelementptr i8 %prev_label_V, i64 0, i64 %zext_ln143" [hls_fajlovi/card_recognizer_dram_hls.cpp:143]   --->   Operation 51 'getelementptr' 'prev_label_V_addr' <Predicate = (icmp_ln137 & binary_V_load)> <Delay = 0.00>
ST_2 : Operation 52 [1/1] (0.00ns)   --->   "%prev_label_V_1_addr = getelementptr i8 %prev_label_V_1, i64 0, i64 %zext_ln143" [hls_fajlovi/card_recognizer_dram_hls.cpp:143]   --->   Operation 52 'getelementptr' 'prev_label_V_1_addr' <Predicate = (icmp_ln137 & binary_V_load)> <Delay = 0.00>
ST_2 : Operation 53 [2/2] (2.32ns)   --->   "%prev_label_V_load = load i7 %prev_label_V_addr" [hls_fajlovi/card_recognizer_dram_hls.cpp:143]   --->   Operation 53 'load' 'prev_label_V_load' <Predicate = (icmp_ln137 & binary_V_load)> <Delay = 2.32> <CoreInst = "RAM">   --->   Core 82 'RAM' <Latency = 1> <II = 1> <Delay = 2.32> <Storage> <Opcode : 'load' 'store'> <Ports = 2> <Width = 8> <Depth = 80> <RAM>
ST_2 : Operation 54 [2/2] (2.32ns)   --->   "%prev_label_V_1_load = load i7 %prev_label_V_1_addr" [hls_fajlovi/card_recognizer_dram_hls.cpp:143]   --->   Operation 54 'load' 'prev_label_V_1_load' <Predicate = (icmp_ln137 & binary_V_load)> <Delay = 2.32> <CoreInst = "RAM">   --->   Core 82 'RAM' <Latency = 1> <II = 1> <Delay = 2.32> <Storage> <Opcode : 'load' 'store'> <Ports = 2> <Width = 8> <Depth = 80> <RAM>
ST_2 : Operation 55 [1/1] (0.00ns)   --->   "%br_ln185 = br void %for.inc191" [hls_fajlovi/card_recognizer_dram_hls.cpp:185]   --->   Operation 55 'br' 'br_ln185' <Predicate = (icmp_ln137 & binary_V_load)> <Delay = 0.00>

State 3 <SV = 2> <Delay = 7.16>
ST_3 : Operation 56 [1/1] (2.52ns)   --->   "%add_ln137 = add i31 %x, i31 1" [hls_fajlovi/card_recognizer_dram_hls.cpp:137]   --->   Operation 56 'add' 'add_ln137' <Predicate = true> <Delay = 2.52> <CoreInst = "Adder">   --->   Core 1 'Adder' <Latency = 0> <II = 1> <Delay = 2.52> <FuncUnit> <Opcode : 'add' 'sub'> <InPorts = 2> <OutPorts = 1>
ST_3 : Operation 57 [1/1] (2.47ns)   --->   "%icmp_ln142 = icmp_ne  i31 %x, i31 0" [hls_fajlovi/card_recognizer_dram_hls.cpp:142]   --->   Operation 57 'icmp' 'icmp_ln142' <Predicate = (icmp_ln137 & binary_V_load)> <Delay = 2.47> <CoreInst = "Cmp">   --->   Core 9 'Cmp' <Latency = 0> <II = 1> <Delay = 2.47> <FuncUnit> <Opcode : 'icmp'> <InPorts = 2> <OutPorts = 1>
ST_3 : Operation 58 [1/1] (0.00ns)   --->   "%trunc_ln143 = trunc i31 %x" [hls_fajlovi/card_recognizer_dram_hls.cpp:143]   --->   Operation 58 'trunc' 'trunc_ln143' <Predicate = (icmp_ln137 & binary_V_load)> <Delay = 0.00>
ST_3 : Operation 59 [1/2] (2.32ns)   --->   "%curr_label_V_load = load i7 %curr_label_V_addr" [hls_fajlovi/card_recognizer_dram_hls.cpp:142]   --->   Operation 59 'load' 'curr_label_V_load' <Predicate = (icmp_ln137 & binary_V_load)> <Delay = 2.32> <CoreInst = "RAM">   --->   Core 82 'RAM' <Latency = 1> <II = 1> <Delay = 2.32> <Storage> <Opcode : 'load' 'store'> <Ports = 2> <Width = 8> <Depth = 80> <RAM>
ST_3 : Operation 60 [1/2] (2.32ns)   --->   "%curr_label_V_1_load = load i7 %curr_label_V_1_addr" [hls_fajlovi/card_recognizer_dram_hls.cpp:142]   --->   Operation 60 'load' 'curr_label_V_1_load' <Predicate = (icmp_ln137 & binary_V_load)> <Delay = 2.32> <CoreInst = "RAM">   --->   Core 82 'RAM' <Latency = 1> <II = 1> <Delay = 2.32> <Storage> <Opcode : 'load' 'store'> <Ports = 2> <Width = 8> <Depth = 80> <RAM>
ST_3 : Operation 61 [1/1] (1.58ns)   --->   "%left_V = mux i8 @_ssdm_op_Mux.ap_auto.2i8.i1, i8 %curr_label_V_1_load, i8 %curr_label_V_load, i1 %trunc_ln143" [hls_fajlovi/card_recognizer_dram_hls.cpp:142]   --->   Operation 61 'mux' 'left_V' <Predicate = (icmp_ln137 & binary_V_load)> <Delay = 1.58> <CoreInst = "Multiplexer">   --->   Core 76 'Multiplexer' <Latency = 0> <II = 1> <Delay = 1.58> <FuncUnit> <Opcode : 'mux'> <InPorts = 2> <OutPorts = 1>
ST_3 : Operation 62 [1/1] (1.24ns)   --->   "%left_V_2 = select i1 %icmp_ln142, i8 %left_V, i8 0" [hls_fajlovi/card_recognizer_dram_hls.cpp:142]   --->   Operation 62 'select' 'left_V_2' <Predicate = (icmp_ln137 & binary_V_load)> <Delay = 1.24> <CoreInst = "Sel">   --->   Core 73 'Sel' <Latency = 0> <II = 1> <Delay = 1.24> <FuncUnit> <Opcode : 'select'> <InPorts = 3> <OutPorts = 1>
ST_3 : Operation 63 [1/2] (2.32ns)   --->   "%prev_label_V_load = load i7 %prev_label_V_addr" [hls_fajlovi/card_recognizer_dram_hls.cpp:143]   --->   Operation 63 'load' 'prev_label_V_load' <Predicate = (icmp_ln137 & binary_V_load)> <Delay = 2.32> <CoreInst = "RAM">   --->   Core 82 'RAM' <Latency = 1> <II = 1> <Delay = 2.32> <Storage> <Opcode : 'load' 'store'> <Ports = 2> <Width = 8> <Depth = 80> <RAM>
ST_3 : Operation 64 [1/2] (2.32ns)   --->   "%prev_label_V_1_load = load i7 %prev_label_V_1_addr" [hls_fajlovi/card_recognizer_dram_hls.cpp:143]   --->   Operation 64 'load' 'prev_label_V_1_load' <Predicate = (icmp_ln137 & binary_V_load)> <Delay = 2.32> <CoreInst = "RAM">   --->   Core 82 'RAM' <Latency = 1> <II = 1> <Delay = 2.32> <Storage> <Opcode : 'load' 'store'> <Ports = 2> <Width = 8> <Depth = 80> <RAM>
ST_3 : Operation 65 [1/1] (1.58ns)   --->   "%up_V = mux i8 @_ssdm_op_Mux.ap_auto.2i8.i1, i8 %prev_label_V_load, i8 %prev_label_V_1_load, i1 %trunc_ln143" [hls_fajlovi/card_recognizer_dram_hls.cpp:143]   --->   Operation 65 'mux' 'up_V' <Predicate = (icmp_ln137 & binary_V_load)> <Delay = 1.58> <CoreInst = "Multiplexer">   --->   Core 76 'Multiplexer' <Latency = 0> <II = 1> <Delay = 1.58> <FuncUnit> <Opcode : 'mux'> <InPorts = 2> <OutPorts = 1>
ST_3 : Operation 66 [1/1] (1.55ns)   --->   "%icmp_ln1023_1 = icmp_eq  i8 %up_V, i8 0"   --->   Operation 66 'icmp' 'icmp_ln1023_1' <Predicate = (icmp_ln137 & binary_V_load)> <Delay = 1.55> <CoreInst = "Cmp">   --->   Core 9 'Cmp' <Latency = 0> <II = 1> <Delay = 1.55> <FuncUnit> <Opcode : 'icmp'> <InPorts = 2> <OutPorts = 1>
ST_3 : Operation 67 [1/1] (0.00ns)   --->   "%zext_ln541_2 = zext i8 %up_V"   --->   Operation 67 'zext' 'zext_ln541_2' <Predicate = (icmp_ln137 & binary_V_load & !icmp_ln1023_1)> <Delay = 0.00>
ST_3 : Operation 68 [1/1] (0.00ns)   --->   "%parent_V_addr_2 = getelementptr i8 %parent_V, i64 0, i64 %zext_ln541_2" [hls_fajlovi/card_recognizer_dram_hls.cpp:59]   --->   Operation 68 'getelementptr' 'parent_V_addr_2' <Predicate = (icmp_ln137 & binary_V_load & !icmp_ln1023_1)> <Delay = 0.00>
ST_3 : Operation 69 [2/2] (3.25ns)   --->   "%p1_V_1 = load i8 %parent_V_addr_2" [hls_fajlovi/card_recognizer_dram_hls.cpp:59]   --->   Operation 69 'load' 'p1_V_1' <Predicate = (icmp_ln137 & binary_V_load & !icmp_ln1023_1)> <Delay = 3.25> <CoreInst = "RAM">   --->   Core 82 'RAM' <Latency = 1> <II = 1> <Delay = 3.25> <Storage> <Opcode : 'load' 'store'> <Ports = 2> <Width = 8> <Depth = 256> <RAM>
ST_3 : Operation 70 [1/1] (1.58ns)   --->   "%store_ln137 = store i31 %add_ln137, i31 %x_2" [hls_fajlovi/card_recognizer_dram_hls.cpp:137]   --->   Operation 70 'store' 'store_ln137' <Predicate = (icmp_ln137)> <Delay = 1.58>
ST_3 : Operation 71 [1/1] (0.00ns)   --->   "%br_ln137 = br void %for.body91" [hls_fajlovi/card_recognizer_dram_hls.cpp:137]   --->   Operation 71 'br' 'br_ln137' <Predicate = (icmp_ln137)> <Delay = 0.00>

State 4 <SV = 3> <Delay = 6.50>
ST_4 : Operation 72 [1/1] (1.55ns)   --->   "%icmp_ln1023 = icmp_eq  i8 %left_V_2, i8 0"   --->   Operation 72 'icmp' 'icmp_ln1023' <Predicate = (icmp_ln137 & binary_V_load)> <Delay = 1.55> <CoreInst = "Cmp">   --->   Core 9 'Cmp' <Latency = 0> <II = 1> <Delay = 1.55> <FuncUnit> <Opcode : 'icmp'> <InPorts = 2> <OutPorts = 1>
ST_4 : Operation 73 [1/1] (0.00ns)   --->   "%zext_ln541 = zext i8 %left_V_2"   --->   Operation 73 'zext' 'zext_ln541' <Predicate = (icmp_ln137 & binary_V_load)> <Delay = 0.00>
ST_4 : Operation 74 [1/1] (0.00ns)   --->   "%parent_V_addr = getelementptr i8 %parent_V, i64 0, i64 %zext_ln541" [hls_fajlovi/card_recognizer_dram_hls.cpp:59]   --->   Operation 74 'getelementptr' 'parent_V_addr' <Predicate = (icmp_ln137 & binary_V_load)> <Delay = 0.00>
ST_4 : Operation 75 [2/2] (3.25ns)   --->   "%p1_V = load i8 %parent_V_addr" [hls_fajlovi/card_recognizer_dram_hls.cpp:59]   --->   Operation 75 'load' 'p1_V' <Predicate = (icmp_ln137 & binary_V_load)> <Delay = 3.25> <CoreInst = "RAM">   --->   Core 82 'RAM' <Latency = 1> <II = 1> <Delay = 3.25> <Storage> <Opcode : 'load' 'store'> <Ports = 2> <Width = 8> <Depth = 256> <RAM>
ST_4 : Operation 76 [1/2] (3.25ns)   --->   "%p1_V_1 = load i8 %parent_V_addr_2" [hls_fajlovi/card_recognizer_dram_hls.cpp:59]   --->   Operation 76 'load' 'p1_V_1' <Predicate = (icmp_ln137 & binary_V_load & !icmp_ln1023_1)> <Delay = 3.25> <CoreInst = "RAM">   --->   Core 82 'RAM' <Latency = 1> <II = 1> <Delay = 3.25> <Storage> <Opcode : 'load' 'store'> <Ports = 2> <Width = 8> <Depth = 256> <RAM>
ST_4 : Operation 77 [1/1] (0.00ns)   --->   "%zext_ln541_3 = zext i8 %p1_V_1"   --->   Operation 77 'zext' 'zext_ln541_3' <Predicate = (icmp_ln137 & binary_V_load & !icmp_ln1023_1)> <Delay = 0.00>
ST_4 : Operation 78 [1/1] (0.00ns)   --->   "%parent_V_addr_3 = getelementptr i8 %parent_V, i64 0, i64 %zext_ln541_3" [hls_fajlovi/card_recognizer_dram_hls.cpp:60]   --->   Operation 78 'getelementptr' 'parent_V_addr_3' <Predicate = (icmp_ln137 & binary_V_load & !icmp_ln1023_1)> <Delay = 0.00>
ST_4 : Operation 79 [2/2] (3.25ns)   --->   "%up_root = load i8 %parent_V_addr_3" [hls_fajlovi/card_recognizer_dram_hls.cpp:60]   --->   Operation 79 'load' 'up_root' <Predicate = (icmp_ln137 & binary_V_load & !icmp_ln1023_1)> <Delay = 3.25> <CoreInst = "RAM">   --->   Core 82 'RAM' <Latency = 1> <II = 1> <Delay = 3.25> <Storage> <Opcode : 'load' 'store'> <Ports = 2> <Width = 8> <Depth = 256> <RAM>

State 5 <SV = 4> <Delay = 6.50>
ST_5 : Operation 80 [1/2] (3.25ns)   --->   "%p1_V = load i8 %parent_V_addr" [hls_fajlovi/card_recognizer_dram_hls.cpp:59]   --->   Operation 80 'load' 'p1_V' <Predicate = (icmp_ln137 & binary_V_load)> <Delay = 3.25> <CoreInst = "RAM">   --->   Core 82 'RAM' <Latency = 1> <II = 1> <Delay = 3.25> <Storage> <Opcode : 'load' 'store'> <Ports = 2> <Width = 8> <Depth = 256> <RAM>
ST_5 : Operation 81 [1/1] (0.00ns)   --->   "%zext_ln541_1 = zext i8 %p1_V"   --->   Operation 81 'zext' 'zext_ln541_1' <Predicate = (icmp_ln137 & binary_V_load & !icmp_ln1023)> <Delay = 0.00>
ST_5 : Operation 82 [1/1] (0.00ns)   --->   "%parent_V_addr_1 = getelementptr i8 %parent_V, i64 0, i64 %zext_ln541_1" [hls_fajlovi/card_recognizer_dram_hls.cpp:60]   --->   Operation 82 'getelementptr' 'parent_V_addr_1' <Predicate = (icmp_ln137 & binary_V_load & !icmp_ln1023)> <Delay = 0.00>
ST_5 : Operation 83 [2/2] (3.25ns)   --->   "%chosen = load i8 %parent_V_addr_1" [hls_fajlovi/card_recognizer_dram_hls.cpp:147]   --->   Operation 83 'load' 'chosen' <Predicate = (icmp_ln137 & binary_V_load & !icmp_ln1023)> <Delay = 3.25> <CoreInst = "RAM">   --->   Core 82 'RAM' <Latency = 1> <II = 1> <Delay = 3.25> <Storage> <Opcode : 'load' 'store'> <Ports = 2> <Width = 8> <Depth = 256> <RAM>
ST_5 : Operation 84 [1/2] (3.25ns)   --->   "%up_root = load i8 %parent_V_addr_3" [hls_fajlovi/card_recognizer_dram_hls.cpp:60]   --->   Operation 84 'load' 'up_root' <Predicate = (icmp_ln137 & binary_V_load & !icmp_ln1023_1)> <Delay = 3.25> <CoreInst = "RAM">   --->   Core 82 'RAM' <Latency = 1> <II = 1> <Delay = 3.25> <Storage> <Opcode : 'load' 'store'> <Ports = 2> <Width = 8> <Depth = 256> <RAM>

State 6 <SV = 5> <Delay = 4.50>
ST_6 : Operation 85 [1/2] (3.25ns)   --->   "%chosen = load i8 %parent_V_addr_1" [hls_fajlovi/card_recognizer_dram_hls.cpp:147]   --->   Operation 85 'load' 'chosen' <Predicate = (icmp_ln137 & binary_V_load & !icmp_ln1023)> <Delay = 3.25> <CoreInst = "RAM">   --->   Core 82 'RAM' <Latency = 1> <II = 1> <Delay = 3.25> <Storage> <Opcode : 'load' 'store'> <Ports = 2> <Width = 8> <Depth = 256> <RAM>
ST_6 : Operation 86 [1/1] (1.24ns)   --->   "%chosen_1 = select i1 %icmp_ln1023, i8 0, i8 %chosen"   --->   Operation 86 'select' 'chosen_1' <Predicate = (icmp_ln137 & binary_V_load)> <Delay = 1.24> <CoreInst = "Sel">   --->   Core 73 'Sel' <Latency = 0> <II = 1> <Delay = 1.24> <FuncUnit> <Opcode : 'select'> <InPorts = 3> <OutPorts = 1>
ST_6 : Operation 87 [1/1] (1.70ns)   --->   "%br_ln150 = br i1 %icmp_ln1023_1, void %if.then103, void %if.end129" [hls_fajlovi/card_recognizer_dram_hls.cpp:150]   --->   Operation 87 'br' 'br_ln150' <Predicate = (icmp_ln137 & binary_V_load)> <Delay = 1.70>

State 7 <SV = 6> <Delay = 6.30>
ST_7 : Operation 88 [1/1] (1.55ns)   --->   "%icmp_ln1019 = icmp_eq  i8 %chosen_1, i8 0"   --->   Operation 88 'icmp' 'icmp_ln1019' <Predicate = (icmp_ln137 & binary_V_load & !icmp_ln1023_1)> <Delay = 1.55> <CoreInst = "Cmp">   --->   Core 9 'Cmp' <Latency = 0> <II = 1> <Delay = 1.55> <FuncUnit> <Opcode : 'icmp'> <InPorts = 2> <OutPorts = 1>
ST_7 : Operation 89 [1/1] (1.70ns)   --->   "%br_ln152 = br i1 %icmp_ln1019, void %if.else, void %if.end129" [hls_fajlovi/card_recognizer_dram_hls.cpp:152]   --->   Operation 89 'br' 'br_ln152' <Predicate = (icmp_ln137 & binary_V_load & !icmp_ln1023_1)> <Delay = 1.70>
ST_7 : Operation 90 [1/1] (1.55ns)   --->   "%icmp_ln1023_2 = icmp_eq  i8 %chosen_1, i8 %up_root"   --->   Operation 90 'icmp' 'icmp_ln1023_2' <Predicate = (icmp_ln137 & binary_V_load & !icmp_ln1023_1 & !icmp_ln1019)> <Delay = 1.55> <CoreInst = "Cmp">   --->   Core 9 'Cmp' <Latency = 0> <II = 1> <Delay = 1.55> <FuncUnit> <Opcode : 'icmp'> <InPorts = 2> <OutPorts = 1>
ST_7 : Operation 91 [1/1] (1.70ns)   --->   "%br_ln154 = br i1 %icmp_ln1023_2, void %if.then109, void %if.end129" [hls_fajlovi/card_recognizer_dram_hls.cpp:154]   --->   Operation 91 'br' 'br_ln154' <Predicate = (icmp_ln137 & binary_V_load & !icmp_ln1023_1 & !icmp_ln1019)> <Delay = 1.70>
ST_7 : Operation 92 [1/1] (1.55ns)   --->   "%icmp_ln1027 = icmp_ult  i8 %chosen_1, i8 %up_root"   --->   Operation 92 'icmp' 'icmp_ln1027' <Predicate = (icmp_ln137 & binary_V_load & !icmp_ln1023_1 & !icmp_ln1019 & !icmp_ln1023_2)> <Delay = 1.55> <CoreInst = "Cmp">   --->   Core 9 'Cmp' <Latency = 0> <II = 1> <Delay = 1.55> <FuncUnit> <Opcode : 'icmp'> <InPorts = 2> <OutPorts = 1>
ST_7 : Operation 93 [1/1] (1.24ns)   --->   "%chosen_2 = select i1 %icmp_ln1027, i8 %chosen_1, i8 %up_root" [hls_fajlovi/card_recognizer_dram_hls.cpp:158]   --->   Operation 93 'select' 'chosen_2' <Predicate = (icmp_ln137 & binary_V_load & !icmp_ln1023_1 & !icmp_ln1019 & !icmp_ln1023_2)> <Delay = 1.24> <CoreInst = "Sel">   --->   Core 73 'Sel' <Latency = 0> <II = 1> <Delay = 1.24> <FuncUnit> <Opcode : 'select'> <InPorts = 3> <OutPorts = 1>
ST_7 : Operation 94 [1/1] (1.24ns)   --->   "%drop_V = select i1 %icmp_ln1027, i8 %up_root, i8 %chosen_1"   --->   Operation 94 'select' 'drop_V' <Predicate = (icmp_ln137 & binary_V_load & !icmp_ln1023_1 & !icmp_ln1019 & !icmp_ln1023_2)> <Delay = 1.24> <CoreInst = "Sel">   --->   Core 73 'Sel' <Latency = 0> <II = 1> <Delay = 1.24> <FuncUnit> <Opcode : 'select'> <InPorts = 3> <OutPorts = 1>
ST_7 : Operation 95 [1/1] (1.55ns)   --->   "%icmp_ln1019_1 = icmp_eq  i8 %chosen_2, i8 0"   --->   Operation 95 'icmp' 'icmp_ln1019_1' <Predicate = (icmp_ln137 & binary_V_load & !icmp_ln1023_1 & !icmp_ln1019 & !icmp_ln1023_2)> <Delay = 1.55> <CoreInst = "Cmp">   --->   Core 9 'Cmp' <Latency = 0> <II = 1> <Delay = 1.55> <FuncUnit> <Opcode : 'icmp'> <InPorts = 2> <OutPorts = 1>
ST_7 : Operation 96 [1/1] (1.55ns)   --->   "%icmp_ln1019_2 = icmp_eq  i8 %drop_V, i8 0"   --->   Operation 96 'icmp' 'icmp_ln1019_2' <Predicate = (icmp_ln137 & binary_V_load & !icmp_ln1023_1 & !icmp_ln1019 & !icmp_ln1023_2)> <Delay = 1.55> <CoreInst = "Cmp">   --->   Core 9 'Cmp' <Latency = 0> <II = 1> <Delay = 1.55> <FuncUnit> <Opcode : 'icmp'> <InPorts = 2> <OutPorts = 1>
ST_7 : Operation 97 [1/1] (1.55ns)   --->   "%icmp_ln1019_3 = icmp_eq  i8 %chosen_2, i8 %drop_V"   --->   Operation 97 'icmp' 'icmp_ln1019_3' <Predicate = (icmp_ln137 & binary_V_load & !icmp_ln1023_1 & !icmp_ln1019 & !icmp_ln1023_2)> <Delay = 1.55> <CoreInst = "Cmp">   --->   Core 9 'Cmp' <Latency = 0> <II = 1> <Delay = 1.55> <FuncUnit> <Opcode : 'icmp'> <InPorts = 2> <OutPorts = 1>
ST_7 : Operation 98 [1/1] (0.00ns) (grouped into LUT with out node or_ln75_1)   --->   "%or_ln75 = or i1 %icmp_ln1019_2, i1 %icmp_ln1019_3" [hls_fajlovi/card_recognizer_dram_hls.cpp:75]   --->   Operation 98 'or' 'or_ln75' <Predicate = (icmp_ln137 & binary_V_load & !icmp_ln1023_1 & !icmp_ln1019 & !icmp_ln1023_2)> <Delay = 0.00> <CoreInst = "LogicGate">   --->   Core 74 'LogicGate' <Latency = 0> <II = 1> <Delay = 0.97> <FuncUnit> <Opcode : 'and' 'or' 'xor'> <InPorts = 2> <OutPorts = 1>
ST_7 : Operation 99 [1/1] (0.97ns) (out node of the LUT)   --->   "%or_ln75_1 = or i1 %or_ln75, i1 %icmp_ln1019_1" [hls_fajlovi/card_recognizer_dram_hls.cpp:75]   --->   Operation 99 'or' 'or_ln75_1' <Predicate = (icmp_ln137 & binary_V_load & !icmp_ln1023_1 & !icmp_ln1019 & !icmp_ln1023_2)> <Delay = 0.97> <CoreInst = "LogicGate">   --->   Core 74 'LogicGate' <Latency = 0> <II = 1> <Delay = 0.97> <FuncUnit> <Opcode : 'and' 'or' 'xor'> <InPorts = 2> <OutPorts = 1>
ST_7 : Operation 100 [1/1] (0.00ns)   --->   "%br_ln75 = br i1 %or_ln75_1, void %lor.lhs.false4.i, void %if.then.i" [hls_fajlovi/card_recognizer_dram_hls.cpp:75]   --->   Operation 100 'br' 'br_ln75' <Predicate = (icmp_ln137 & binary_V_load & !icmp_ln1023_1 & !icmp_ln1019 & !icmp_ln1023_2)> <Delay = 0.00>
ST_7 : Operation 101 [1/1] (0.00ns)   --->   "%zext_ln541_4 = zext i8 %drop_V"   --->   Operation 101 'zext' 'zext_ln541_4' <Predicate = (icmp_ln137 & binary_V_load & !icmp_ln1023_1 & !icmp_ln1019 & !icmp_ln1023_2 & !or_ln75_1)> <Delay = 0.00>
ST_7 : Operation 102 [1/1] (0.00ns)   --->   "%count_addr = getelementptr i32 %count, i64 0, i64 %zext_ln541_4" [hls_fajlovi/card_recognizer_dram_hls.cpp:75]   --->   Operation 102 'getelementptr' 'count_addr' <Predicate = (icmp_ln137 & binary_V_load & !icmp_ln1023_1 & !icmp_ln1019 & !icmp_ln1023_2 & !or_ln75_1)> <Delay = 0.00>
ST_7 : Operation 103 [2/2] (3.25ns)   --->   "%count_load = load i8 %count_addr" [hls_fajlovi/card_recognizer_dram_hls.cpp:75]   --->   Operation 103 'load' 'count_load' <Predicate = (icmp_ln137 & binary_V_load & !icmp_ln1023_1 & !icmp_ln1019 & !icmp_ln1023_2 & !or_ln75_1)> <Delay = 3.25> <CoreInst = "RAM">   --->   Core 82 'RAM' <Latency = 1> <II = 1> <Delay = 3.25> <Storage> <Opcode : 'load' 'store'> <Ports = 2> <Width = 32> <Depth = 256> <RAM>
ST_7 : Operation 104 [1/1] (1.70ns)   --->   "%br_ln159 = br void %if.end129" [hls_fajlovi/card_recognizer_dram_hls.cpp:159]   --->   Operation 104 'br' 'br_ln159' <Predicate = (icmp_ln137 & binary_V_load & !icmp_ln1023_1 & !icmp_ln1019 & !icmp_ln1023_2)> <Delay = 1.70>

State 8 <SV = 7> <Delay = 5.72>
ST_8 : Operation 105 [1/1] (0.00ns)   --->   "%next_label_2 = load i32 %next_label_1"   --->   Operation 105 'load' 'next_label_2' <Predicate = true> <Delay = 0.00>
ST_8 : Operation 106 [1/1] (0.00ns)   --->   "%specpipeline_ln0 = specpipeline void @_ssdm_op_SpecPipeline, i32 4294967295, i32 0, i32 1, i32 0, void @p_str"   --->   Operation 106 'specpipeline' 'specpipeline_ln0' <Predicate = true> <Delay = 0.00>
ST_8 : Operation 107 [1/2] (3.25ns)   --->   "%count_load = load i8 %count_addr" [hls_fajlovi/card_recognizer_dram_hls.cpp:75]   --->   Operation 107 'load' 'count_load' <Predicate = (icmp_ln137 & binary_V_load & !icmp_ln1023_1 & !icmp_ln1019 & !icmp_ln1023_2 & !or_ln75_1)> <Delay = 3.25> <CoreInst = "RAM">   --->   Core 82 'RAM' <Latency = 1> <II = 1> <Delay = 3.25> <Storage> <Opcode : 'load' 'store'> <Ports = 2> <Width = 32> <Depth = 256> <RAM>
ST_8 : Operation 108 [1/1] (2.47ns)   --->   "%icmp_ln75 = icmp_eq  i32 %count_load, i32 0" [hls_fajlovi/card_recognizer_dram_hls.cpp:75]   --->   Operation 108 'icmp' 'icmp_ln75' <Predicate = (icmp_ln137 & binary_V_load & !icmp_ln1023_1 & !icmp_ln1019 & !icmp_ln1023_2 & !or_ln75_1)> <Delay = 2.47> <CoreInst = "Cmp">   --->   Core 9 'Cmp' <Latency = 0> <II = 1> <Delay = 2.47> <FuncUnit> <Opcode : 'icmp'> <InPorts = 2> <OutPorts = 1>
ST_8 : Operation 109 [1/1] (0.00ns)   --->   "%br_ln75 = br i1 %icmp_ln75, void %if.end.i, void %if.then.i" [hls_fajlovi/card_recognizer_dram_hls.cpp:75]   --->   Operation 109 'br' 'br_ln75' <Predicate = (icmp_ln137 & binary_V_load & !icmp_ln1023_1 & !icmp_ln1019 & !icmp_ln1023_2 & !or_ln75_1)> <Delay = 0.00>
ST_8 : Operation 110 [1/1] (0.00ns)   --->   "%zext_ln541_5 = zext i8 %chosen_2"   --->   Operation 110 'zext' 'zext_ln541_5' <Predicate = (icmp_ln137 & binary_V_load & !icmp_ln1023_1 & !icmp_ln1019 & !icmp_ln1023_2 & !or_ln75_1 & !icmp_ln75)> <Delay = 0.00>
ST_8 : Operation 111 [1/1] (0.00ns)   --->   "%min_x_V_addr = getelementptr i8 %min_x_V, i64 0, i64 %zext_ln541_4"   --->   Operation 111 'getelementptr' 'min_x_V_addr' <Predicate = (icmp_ln137 & binary_V_load & !icmp_ln1023_1 & !icmp_ln1019 & !icmp_ln1023_2 & !or_ln75_1 & !icmp_ln75)> <Delay = 0.00>
ST_8 : Operation 112 [2/2] (3.25ns)   --->   "%min_x_V_load = load i8 %min_x_V_addr"   --->   Operation 112 'load' 'min_x_V_load' <Predicate = (icmp_ln137 & binary_V_load & !icmp_ln1023_1 & !icmp_ln1019 & !icmp_ln1023_2 & !or_ln75_1 & !icmp_ln75)> <Delay = 3.25> <CoreInst = "RAM">   --->   Core 82 'RAM' <Latency = 1> <II = 1> <Delay = 3.25> <Storage> <Opcode : 'load' 'store'> <Ports = 2> <Width = 8> <Depth = 256> <RAM>
ST_8 : Operation 113 [1/1] (0.00ns)   --->   "%min_x_V_addr_1 = getelementptr i8 %min_x_V, i64 0, i64 %zext_ln541_5"   --->   Operation 113 'getelementptr' 'min_x_V_addr_1' <Predicate = (icmp_ln137 & binary_V_load & !icmp_ln1023_1 & !icmp_ln1019 & !icmp_ln1023_2 & !or_ln75_1 & !icmp_ln75)> <Delay = 0.00>
ST_8 : Operation 114 [2/2] (3.25ns)   --->   "%min_x_V_load_1 = load i8 %min_x_V_addr_1"   --->   Operation 114 'load' 'min_x_V_load_1' <Predicate = (icmp_ln137 & binary_V_load & !icmp_ln1023_1 & !icmp_ln1019 & !icmp_ln1023_2 & !or_ln75_1 & !icmp_ln75)> <Delay = 3.25> <CoreInst = "RAM">   --->   Core 82 'RAM' <Latency = 1> <II = 1> <Delay = 3.25> <Storage> <Opcode : 'load' 'store'> <Ports = 2> <Width = 8> <Depth = 256> <RAM>
ST_8 : Operation 115 [1/1] (0.00ns)   --->   "%min_y_V_addr = getelementptr i8 %min_y_V, i64 0, i64 %zext_ln541_4"   --->   Operation 115 'getelementptr' 'min_y_V_addr' <Predicate = (icmp_ln137 & binary_V_load & !icmp_ln1023_1 & !icmp_ln1019 & !icmp_ln1023_2 & !or_ln75_1 & !icmp_ln75)> <Delay = 0.00>
ST_8 : Operation 116 [2/2] (3.25ns)   --->   "%min_y_V_load = load i8 %min_y_V_addr"   --->   Operation 116 'load' 'min_y_V_load' <Predicate = (icmp_ln137 & binary_V_load & !icmp_ln1023_1 & !icmp_ln1019 & !icmp_ln1023_2 & !or_ln75_1 & !icmp_ln75)> <Delay = 3.25> <CoreInst = "RAM">   --->   Core 82 'RAM' <Latency = 1> <II = 1> <Delay = 3.25> <Storage> <Opcode : 'load' 'store'> <Ports = 2> <Width = 8> <Depth = 256> <RAM>
ST_8 : Operation 117 [1/1] (0.00ns)   --->   "%min_y_V_addr_1 = getelementptr i8 %min_y_V, i64 0, i64 %zext_ln541_5"   --->   Operation 117 'getelementptr' 'min_y_V_addr_1' <Predicate = (icmp_ln137 & binary_V_load & !icmp_ln1023_1 & !icmp_ln1019 & !icmp_ln1023_2 & !or_ln75_1 & !icmp_ln75)> <Delay = 0.00>
ST_8 : Operation 118 [2/2] (3.25ns)   --->   "%min_y_V_load_1 = load i8 %min_y_V_addr_1"   --->   Operation 118 'load' 'min_y_V_load_1' <Predicate = (icmp_ln137 & binary_V_load & !icmp_ln1023_1 & !icmp_ln1019 & !icmp_ln1023_2 & !or_ln75_1 & !icmp_ln75)> <Delay = 3.25> <CoreInst = "RAM">   --->   Core 82 'RAM' <Latency = 1> <II = 1> <Delay = 3.25> <Storage> <Opcode : 'load' 'store'> <Ports = 2> <Width = 8> <Depth = 256> <RAM>
ST_8 : Operation 119 [1/1] (0.00ns)   --->   "%max_x_V_addr = getelementptr i8 %max_x_V, i64 0, i64 %zext_ln541_4"   --->   Operation 119 'getelementptr' 'max_x_V_addr' <Predicate = (icmp_ln137 & binary_V_load & !icmp_ln1023_1 & !icmp_ln1019 & !icmp_ln1023_2 & !or_ln75_1 & !icmp_ln75)> <Delay = 0.00>
ST_8 : Operation 120 [2/2] (3.25ns)   --->   "%max_x_V_load = load i8 %max_x_V_addr"   --->   Operation 120 'load' 'max_x_V_load' <Predicate = (icmp_ln137 & binary_V_load & !icmp_ln1023_1 & !icmp_ln1019 & !icmp_ln1023_2 & !or_ln75_1 & !icmp_ln75)> <Delay = 3.25> <CoreInst = "RAM">   --->   Core 82 'RAM' <Latency = 1> <II = 1> <Delay = 3.25> <Storage> <Opcode : 'load' 'store'> <Ports = 2> <Width = 8> <Depth = 256> <RAM>
ST_8 : Operation 121 [1/1] (0.00ns)   --->   "%max_x_V_addr_1 = getelementptr i8 %max_x_V, i64 0, i64 %zext_ln541_5"   --->   Operation 121 'getelementptr' 'max_x_V_addr_1' <Predicate = (icmp_ln137 & binary_V_load & !icmp_ln1023_1 & !icmp_ln1019 & !icmp_ln1023_2 & !or_ln75_1 & !icmp_ln75)> <Delay = 0.00>
ST_8 : Operation 122 [2/2] (3.25ns)   --->   "%max_x_V_load_1 = load i8 %max_x_V_addr_1"   --->   Operation 122 'load' 'max_x_V_load_1' <Predicate = (icmp_ln137 & binary_V_load & !icmp_ln1023_1 & !icmp_ln1019 & !icmp_ln1023_2 & !or_ln75_1 & !icmp_ln75)> <Delay = 3.25> <CoreInst = "RAM">   --->   Core 82 'RAM' <Latency = 1> <II = 1> <Delay = 3.25> <Storage> <Opcode : 'load' 'store'> <Ports = 2> <Width = 8> <Depth = 256> <RAM>
ST_8 : Operation 123 [1/1] (0.00ns)   --->   "%max_y_V_addr = getelementptr i8 %max_y_V, i64 0, i64 %zext_ln541_4"   --->   Operation 123 'getelementptr' 'max_y_V_addr' <Predicate = (icmp_ln137 & binary_V_load & !icmp_ln1023_1 & !icmp_ln1019 & !icmp_ln1023_2 & !or_ln75_1 & !icmp_ln75)> <Delay = 0.00>
ST_8 : Operation 124 [2/2] (3.25ns)   --->   "%max_y_V_load = load i8 %max_y_V_addr"   --->   Operation 124 'load' 'max_y_V_load' <Predicate = (icmp_ln137 & binary_V_load & !icmp_ln1023_1 & !icmp_ln1019 & !icmp_ln1023_2 & !or_ln75_1 & !icmp_ln75)> <Delay = 3.25> <CoreInst = "RAM">   --->   Core 82 'RAM' <Latency = 1> <II = 1> <Delay = 3.25> <Storage> <Opcode : 'load' 'store'> <Ports = 2> <Width = 8> <Depth = 256> <RAM>
ST_8 : Operation 125 [1/1] (0.00ns)   --->   "%max_y_V_addr_1 = getelementptr i8 %max_y_V, i64 0, i64 %zext_ln541_5"   --->   Operation 125 'getelementptr' 'max_y_V_addr_1' <Predicate = (icmp_ln137 & binary_V_load & !icmp_ln1023_1 & !icmp_ln1019 & !icmp_ln1023_2 & !or_ln75_1 & !icmp_ln75)> <Delay = 0.00>
ST_8 : Operation 126 [2/2] (3.25ns)   --->   "%max_y_V_load_1 = load i8 %max_y_V_addr_1"   --->   Operation 126 'load' 'max_y_V_load_1' <Predicate = (icmp_ln137 & binary_V_load & !icmp_ln1023_1 & !icmp_ln1019 & !icmp_ln1023_2 & !or_ln75_1 & !icmp_ln75)> <Delay = 3.25> <CoreInst = "RAM">   --->   Core 82 'RAM' <Latency = 1> <II = 1> <Delay = 3.25> <Storage> <Opcode : 'load' 'store'> <Ports = 2> <Width = 8> <Depth = 256> <RAM>
ST_8 : Operation 127 [1/1] (0.00ns)   --->   "%count_addr_1 = getelementptr i32 %count, i64 0, i64 %zext_ln541_5" [hls_fajlovi/card_recognizer_dram_hls.cpp:83]   --->   Operation 127 'getelementptr' 'count_addr_1' <Predicate = (icmp_ln137 & binary_V_load & !icmp_ln1023_1 & !icmp_ln1019 & !icmp_ln1023_2 & !or_ln75_1 & !icmp_ln75)> <Delay = 0.00>
ST_8 : Operation 128 [2/2] (3.25ns)   --->   "%count_load_1 = load i8 %count_addr_1" [hls_fajlovi/card_recognizer_dram_hls.cpp:83]   --->   Operation 128 'load' 'count_load_1' <Predicate = (icmp_ln137 & binary_V_load & !icmp_ln1023_1 & !icmp_ln1019 & !icmp_ln1023_2 & !or_ln75_1 & !icmp_ln75)> <Delay = 3.25> <CoreInst = "RAM">   --->   Core 82 'RAM' <Latency = 1> <II = 1> <Delay = 3.25> <Storage> <Opcode : 'load' 'store'> <Ports = 2> <Width = 32> <Depth = 256> <RAM>
ST_8 : Operation 129 [1/1] (0.00ns)   --->   "%br_ln76 = br void %_Z16merge_componentsP7ap_uintILi8EES1_S1_S1_S1_PjS0_S0_.exit" [hls_fajlovi/card_recognizer_dram_hls.cpp:76]   --->   Operation 129 'br' 'br_ln76' <Predicate = (icmp_ln137 & binary_V_load & !icmp_ln1023_1 & !icmp_ln1019 & !icmp_ln1023_2 & icmp_ln75) | (icmp_ln137 & binary_V_load & !icmp_ln1023_1 & !icmp_ln1019 & !icmp_ln1023_2 & or_ln75_1)> <Delay = 0.00>
ST_8 : Operation 130 [1/1] (0.00ns)   --->   "%chosen_3 = phi i8 %chosen_2, void %_Z16merge_componentsP7ap_uintILi8EES1_S1_S1_S1_PjS0_S0_.exit, i8 %chosen_1, void %if.then_ifconv, i8 %up_root, void %if.then103, i8 %chosen_1, void %if.else"   --->   Operation 130 'phi' 'chosen_3' <Predicate = (icmp_ln137 & binary_V_load)> <Delay = 0.00>
ST_8 : Operation 131 [1/1] (1.55ns)   --->   "%icmp_ln1019_4 = icmp_eq  i8 %chosen_3, i8 0"   --->   Operation 131 'icmp' 'icmp_ln1019_4' <Predicate = (icmp_ln137 & binary_V_load)> <Delay = 1.55> <CoreInst = "Cmp">   --->   Core 9 'Cmp' <Latency = 0> <II = 1> <Delay = 1.55> <FuncUnit> <Opcode : 'icmp'> <InPorts = 2> <OutPorts = 1>
ST_8 : Operation 132 [1/1] (0.00ns)   --->   "%tmp_1 = partselect i24 @_ssdm_op_PartSelect.i24.i32.i32.i32, i32 %next_label_2, i32 8, i32 31" [hls_fajlovi/card_recognizer_dram_hls.cpp:162]   --->   Operation 132 'partselect' 'tmp_1' <Predicate = (icmp_ln137 & binary_V_load)> <Delay = 0.00>
ST_8 : Operation 133 [1/1] (2.45ns)   --->   "%icmp_ln162 = icmp_slt  i24 %tmp_1, i24 1" [hls_fajlovi/card_recognizer_dram_hls.cpp:162]   --->   Operation 133 'icmp' 'icmp_ln162' <Predicate = (icmp_ln137 & binary_V_load)> <Delay = 2.45> <CoreInst = "Cmp">   --->   Core 9 'Cmp' <Latency = 0> <II = 1> <Delay = 2.45> <FuncUnit> <Opcode : 'icmp'> <InPorts = 2> <OutPorts = 1>
ST_8 : Operation 134 [1/1] (0.97ns)   --->   "%and_ln162 = and i1 %icmp_ln1019_4, i1 %icmp_ln162" [hls_fajlovi/card_recognizer_dram_hls.cpp:162]   --->   Operation 134 'and' 'and_ln162' <Predicate = (icmp_ln137 & binary_V_load)> <Delay = 0.97> <CoreInst = "LogicGate">   --->   Core 74 'LogicGate' <Latency = 0> <II = 1> <Delay = 0.97> <FuncUnit> <Opcode : 'and' 'or' 'xor'> <InPorts = 2> <OutPorts = 1>
ST_8 : Operation 135 [1/1] (1.58ns)   --->   "%br_ln162 = br i1 %and_ln162, void %if.end151, void %if.then132" [hls_fajlovi/card_recognizer_dram_hls.cpp:162]   --->   Operation 135 'br' 'br_ln162' <Predicate = (icmp_ln137 & binary_V_load)> <Delay = 1.58>
ST_8 : Operation 136 [1/1] (0.00ns)   --->   "%chosen_4 = trunc i32 %next_label_2"   --->   Operation 136 'trunc' 'chosen_4' <Predicate = (icmp_ln137 & binary_V_load & and_ln162)> <Delay = 0.00>
ST_8 : Operation 137 [1/1] (1.58ns)   --->   "%br_ln171 = br void %if.end151" [hls_fajlovi/card_recognizer_dram_hls.cpp:171]   --->   Operation 137 'br' 'br_ln171' <Predicate = (icmp_ln137 & binary_V_load & and_ln162)> <Delay = 1.58>
ST_8 : Operation 237 [1/1] (0.00ns)   --->   "%store_ln214 = store i32 %next_label_2, i32 %next_label_1_out"   --->   Operation 237 'store' 'store_ln214' <Predicate = (!icmp_ln137)> <Delay = 0.00>
ST_8 : Operation 238 [1/1] (0.00ns)   --->   "%ret_ln0 = ret"   --->   Operation 238 'ret' 'ret_ln0' <Predicate = (!icmp_ln137)> <Delay = 0.00>

State 9 <SV = 8> <Delay = 4.80>
ST_9 : Operation 138 [1/2] (3.25ns)   --->   "%min_x_V_load = load i8 %min_x_V_addr"   --->   Operation 138 'load' 'min_x_V_load' <Predicate = (icmp_ln137 & binary_V_load & !icmp_ln1023_1 & !icmp_ln1019 & !icmp_ln1023_2 & !or_ln75_1 & !icmp_ln75)> <Delay = 3.25> <CoreInst = "RAM">   --->   Core 82 'RAM' <Latency = 1> <II = 1> <Delay = 3.25> <Storage> <Opcode : 'load' 'store'> <Ports = 2> <Width = 8> <Depth = 256> <RAM>
ST_9 : Operation 139 [1/2] (3.25ns)   --->   "%min_x_V_load_1 = load i8 %min_x_V_addr_1"   --->   Operation 139 'load' 'min_x_V_load_1' <Predicate = (icmp_ln137 & binary_V_load & !icmp_ln1023_1 & !icmp_ln1019 & !icmp_ln1023_2 & !or_ln75_1 & !icmp_ln75)> <Delay = 3.25> <CoreInst = "RAM">   --->   Core 82 'RAM' <Latency = 1> <II = 1> <Delay = 3.25> <Storage> <Opcode : 'load' 'store'> <Ports = 2> <Width = 8> <Depth = 256> <RAM>
ST_9 : Operation 140 [1/1] (1.55ns)   --->   "%icmp_ln1027_1 = icmp_ugt  i8 %min_x_V_load_1, i8 %min_x_V_load"   --->   Operation 140 'icmp' 'icmp_ln1027_1' <Predicate = (icmp_ln137 & binary_V_load & !icmp_ln1023_1 & !icmp_ln1019 & !icmp_ln1023_2 & !or_ln75_1 & !icmp_ln75)> <Delay = 1.55> <CoreInst = "Cmp">   --->   Core 9 'Cmp' <Latency = 0> <II = 1> <Delay = 1.55> <FuncUnit> <Opcode : 'icmp'> <InPorts = 2> <OutPorts = 1>
ST_9 : Operation 141 [1/1] (0.00ns)   --->   "%br_ln79 = br i1 %icmp_ln1027_1, void %if.end16.i, void %if.then11.i" [hls_fajlovi/card_recognizer_dram_hls.cpp:79]   --->   Operation 141 'br' 'br_ln79' <Predicate = (icmp_ln137 & binary_V_load & !icmp_ln1023_1 & !icmp_ln1019 & !icmp_ln1023_2 & !or_ln75_1 & !icmp_ln75)> <Delay = 0.00>
ST_9 : Operation 142 [1/2] (3.25ns)   --->   "%min_y_V_load = load i8 %min_y_V_addr"   --->   Operation 142 'load' 'min_y_V_load' <Predicate = (icmp_ln137 & binary_V_load & !icmp_ln1023_1 & !icmp_ln1019 & !icmp_ln1023_2 & !or_ln75_1 & !icmp_ln75)> <Delay = 3.25> <CoreInst = "RAM">   --->   Core 82 'RAM' <Latency = 1> <II = 1> <Delay = 3.25> <Storage> <Opcode : 'load' 'store'> <Ports = 2> <Width = 8> <Depth = 256> <RAM>
ST_9 : Operation 143 [1/2] (3.25ns)   --->   "%min_y_V_load_1 = load i8 %min_y_V_addr_1"   --->   Operation 143 'load' 'min_y_V_load_1' <Predicate = (icmp_ln137 & binary_V_load & !icmp_ln1023_1 & !icmp_ln1019 & !icmp_ln1023_2 & !or_ln75_1 & !icmp_ln75)> <Delay = 3.25> <CoreInst = "RAM">   --->   Core 82 'RAM' <Latency = 1> <II = 1> <Delay = 3.25> <Storage> <Opcode : 'load' 'store'> <Ports = 2> <Width = 8> <Depth = 256> <RAM>
ST_9 : Operation 144 [1/1] (1.55ns)   --->   "%icmp_ln1027_2 = icmp_ugt  i8 %min_y_V_load_1, i8 %min_y_V_load"   --->   Operation 144 'icmp' 'icmp_ln1027_2' <Predicate = (icmp_ln137 & binary_V_load & !icmp_ln1023_1 & !icmp_ln1019 & !icmp_ln1023_2 & !or_ln75_1 & !icmp_ln75)> <Delay = 1.55> <CoreInst = "Cmp">   --->   Core 9 'Cmp' <Latency = 0> <II = 1> <Delay = 1.55> <FuncUnit> <Opcode : 'icmp'> <InPorts = 2> <OutPorts = 1>
ST_9 : Operation 145 [1/1] (0.00ns)   --->   "%br_ln80 = br i1 %icmp_ln1027_2, void %if.end27.i, void %if.then22.i" [hls_fajlovi/card_recognizer_dram_hls.cpp:80]   --->   Operation 145 'br' 'br_ln80' <Predicate = (icmp_ln137 & binary_V_load & !icmp_ln1023_1 & !icmp_ln1019 & !icmp_ln1023_2 & !or_ln75_1 & !icmp_ln75)> <Delay = 0.00>
ST_9 : Operation 146 [1/2] (3.25ns)   --->   "%max_x_V_load = load i8 %max_x_V_addr"   --->   Operation 146 'load' 'max_x_V_load' <Predicate = (icmp_ln137 & binary_V_load & !icmp_ln1023_1 & !icmp_ln1019 & !icmp_ln1023_2 & !or_ln75_1 & !icmp_ln75)> <Delay = 3.25> <CoreInst = "RAM">   --->   Core 82 'RAM' <Latency = 1> <II = 1> <Delay = 3.25> <Storage> <Opcode : 'load' 'store'> <Ports = 2> <Width = 8> <Depth = 256> <RAM>
ST_9 : Operation 147 [1/2] (3.25ns)   --->   "%max_x_V_load_1 = load i8 %max_x_V_addr_1"   --->   Operation 147 'load' 'max_x_V_load_1' <Predicate = (icmp_ln137 & binary_V_load & !icmp_ln1023_1 & !icmp_ln1019 & !icmp_ln1023_2 & !or_ln75_1 & !icmp_ln75)> <Delay = 3.25> <CoreInst = "RAM">   --->   Core 82 'RAM' <Latency = 1> <II = 1> <Delay = 3.25> <Storage> <Opcode : 'load' 'store'> <Ports = 2> <Width = 8> <Depth = 256> <RAM>
ST_9 : Operation 148 [1/1] (1.55ns)   --->   "%icmp_ln1035 = icmp_ult  i8 %max_x_V_load_1, i8 %max_x_V_load"   --->   Operation 148 'icmp' 'icmp_ln1035' <Predicate = (icmp_ln137 & binary_V_load & !icmp_ln1023_1 & !icmp_ln1019 & !icmp_ln1023_2 & !or_ln75_1 & !icmp_ln75)> <Delay = 1.55> <CoreInst = "Cmp">   --->   Core 9 'Cmp' <Latency = 0> <II = 1> <Delay = 1.55> <FuncUnit> <Opcode : 'icmp'> <InPorts = 2> <OutPorts = 1>
ST_9 : Operation 149 [1/1] (0.00ns)   --->   "%br_ln81 = br i1 %icmp_ln1035, void %if.end38.i, void %if.then33.i" [hls_fajlovi/card_recognizer_dram_hls.cpp:81]   --->   Operation 149 'br' 'br_ln81' <Predicate = (icmp_ln137 & binary_V_load & !icmp_ln1023_1 & !icmp_ln1019 & !icmp_ln1023_2 & !or_ln75_1 & !icmp_ln75)> <Delay = 0.00>
ST_9 : Operation 150 [1/2] (3.25ns)   --->   "%max_y_V_load = load i8 %max_y_V_addr"   --->   Operation 150 'load' 'max_y_V_load' <Predicate = (icmp_ln137 & binary_V_load & !icmp_ln1023_1 & !icmp_ln1019 & !icmp_ln1023_2 & !or_ln75_1 & !icmp_ln75)> <Delay = 3.25> <CoreInst = "RAM">   --->   Core 82 'RAM' <Latency = 1> <II = 1> <Delay = 3.25> <Storage> <Opcode : 'load' 'store'> <Ports = 2> <Width = 8> <Depth = 256> <RAM>
ST_9 : Operation 151 [1/2] (3.25ns)   --->   "%max_y_V_load_1 = load i8 %max_y_V_addr_1"   --->   Operation 151 'load' 'max_y_V_load_1' <Predicate = (icmp_ln137 & binary_V_load & !icmp_ln1023_1 & !icmp_ln1019 & !icmp_ln1023_2 & !or_ln75_1 & !icmp_ln75)> <Delay = 3.25> <CoreInst = "RAM">   --->   Core 82 'RAM' <Latency = 1> <II = 1> <Delay = 3.25> <Storage> <Opcode : 'load' 'store'> <Ports = 2> <Width = 8> <Depth = 256> <RAM>
ST_9 : Operation 152 [1/1] (1.55ns)   --->   "%icmp_ln1035_1 = icmp_ult  i8 %max_y_V_load_1, i8 %max_y_V_load"   --->   Operation 152 'icmp' 'icmp_ln1035_1' <Predicate = (icmp_ln137 & binary_V_load & !icmp_ln1023_1 & !icmp_ln1019 & !icmp_ln1023_2 & !or_ln75_1 & !icmp_ln75)> <Delay = 1.55> <CoreInst = "Cmp">   --->   Core 9 'Cmp' <Latency = 0> <II = 1> <Delay = 1.55> <FuncUnit> <Opcode : 'icmp'> <InPorts = 2> <OutPorts = 1>
ST_9 : Operation 153 [1/1] (0.00ns)   --->   "%br_ln82 = br i1 %icmp_ln1035_1, void %if.end49.i, void %if.then44.i" [hls_fajlovi/card_recognizer_dram_hls.cpp:82]   --->   Operation 153 'br' 'br_ln82' <Predicate = (icmp_ln137 & binary_V_load & !icmp_ln1023_1 & !icmp_ln1019 & !icmp_ln1023_2 & !or_ln75_1 & !icmp_ln75)> <Delay = 0.00>
ST_9 : Operation 154 [1/2] (3.25ns)   --->   "%count_load_1 = load i8 %count_addr_1" [hls_fajlovi/card_recognizer_dram_hls.cpp:83]   --->   Operation 154 'load' 'count_load_1' <Predicate = (icmp_ln137 & binary_V_load & !icmp_ln1023_1 & !icmp_ln1019 & !icmp_ln1023_2 & !or_ln75_1 & !icmp_ln75)> <Delay = 3.25> <CoreInst = "RAM">   --->   Core 82 'RAM' <Latency = 1> <II = 1> <Delay = 3.25> <Storage> <Opcode : 'load' 'store'> <Ports = 2> <Width = 32> <Depth = 256> <RAM>
ST_9 : Operation 155 [1/1] (0.00ns)   --->   "%parent_V_addr_4 = getelementptr i8 %parent_V, i64 0, i64 %zext_ln541_4" [hls_fajlovi/card_recognizer_dram_hls.cpp:85]   --->   Operation 155 'getelementptr' 'parent_V_addr_4' <Predicate = (icmp_ln137 & binary_V_load & !icmp_ln1023_1 & !icmp_ln1019 & !icmp_ln1023_2 & !or_ln75_1 & !icmp_ln75)> <Delay = 0.00>
ST_9 : Operation 156 [1/1] (3.25ns)   --->   "%store_ln85 = store i8 %chosen_2, i8 %parent_V_addr_4" [hls_fajlovi/card_recognizer_dram_hls.cpp:85]   --->   Operation 156 'store' 'store_ln85' <Predicate = (icmp_ln137 & binary_V_load & !icmp_ln1023_1 & !icmp_ln1019 & !icmp_ln1023_2 & !or_ln75_1 & !icmp_ln75)> <Delay = 3.25> <CoreInst = "RAM">   --->   Core 82 'RAM' <Latency = 1> <II = 1> <Delay = 3.25> <Storage> <Opcode : 'load' 'store'> <Ports = 2> <Width = 8> <Depth = 256> <RAM>
ST_9 : Operation 157 [1/1] (0.00ns)   --->   "%chosen_6 = phi i8 %chosen_4, void %if.then132, i8 %chosen_3, void %if.end129"   --->   Operation 157 'phi' 'chosen_6' <Predicate = (icmp_ln137 & binary_V_load)> <Delay = 0.00>
ST_9 : Operation 158 [1/1] (1.55ns)   --->   "%icmp_ln1023_3 = icmp_eq  i8 %chosen_6, i8 0"   --->   Operation 158 'icmp' 'icmp_ln1023_3' <Predicate = (icmp_ln137 & binary_V_load)> <Delay = 1.55> <CoreInst = "Cmp">   --->   Core 9 'Cmp' <Latency = 0> <II = 1> <Delay = 1.55> <FuncUnit> <Opcode : 'icmp'> <InPorts = 2> <OutPorts = 1>
ST_9 : Operation 159 [1/1] (0.00ns)   --->   "%br_ln173 = br i1 %icmp_ln1023_3, void %if.then153, void %if.end189" [hls_fajlovi/card_recognizer_dram_hls.cpp:173]   --->   Operation 159 'br' 'br_ln173' <Predicate = (icmp_ln137 & binary_V_load)> <Delay = 0.00>
ST_9 : Operation 160 [1/1] (0.00ns)   --->   "%curr_label_V_addr_1 = getelementptr i8 %curr_label_V, i64 0, i64 %zext_ln143" [hls_fajlovi/card_recognizer_dram_hls.cpp:175]   --->   Operation 160 'getelementptr' 'curr_label_V_addr_1' <Predicate = (icmp_ln137 & binary_V_load & !icmp_ln1023_3)> <Delay = 0.00>
ST_9 : Operation 161 [1/1] (0.00ns)   --->   "%curr_label_V_1_addr_1 = getelementptr i8 %curr_label_V_1, i64 0, i64 %zext_ln143" [hls_fajlovi/card_recognizer_dram_hls.cpp:175]   --->   Operation 161 'getelementptr' 'curr_label_V_1_addr_1' <Predicate = (icmp_ln137 & binary_V_load & !icmp_ln1023_3)> <Delay = 0.00>
ST_9 : Operation 162 [1/1] (0.00ns)   --->   "%br_ln175 = br i1 %trunc_ln143, void %arrayidx157.case.0, void %arrayidx157.case.1" [hls_fajlovi/card_recognizer_dram_hls.cpp:175]   --->   Operation 162 'br' 'br_ln175' <Predicate = (icmp_ln137 & binary_V_load & !icmp_ln1023_3)> <Delay = 0.00>

State 10 <SV = 9> <Delay = 5.80>
ST_10 : Operation 163 [1/1] (3.25ns)   --->   "%store_ln79 = store i8 %min_x_V_load, i8 %min_x_V_addr_1" [hls_fajlovi/card_recognizer_dram_hls.cpp:79]   --->   Operation 163 'store' 'store_ln79' <Predicate = (icmp_ln137 & binary_V_load & !icmp_ln1023_1 & !icmp_ln1019 & !icmp_ln1023_2 & !or_ln75_1 & !icmp_ln75 & icmp_ln1027_1)> <Delay = 3.25> <CoreInst = "RAM">   --->   Core 82 'RAM' <Latency = 1> <II = 1> <Delay = 3.25> <Storage> <Opcode : 'load' 'store'> <Ports = 2> <Width = 8> <Depth = 256> <RAM>
ST_10 : Operation 164 [1/1] (0.00ns)   --->   "%br_ln79 = br void %if.end16.i" [hls_fajlovi/card_recognizer_dram_hls.cpp:79]   --->   Operation 164 'br' 'br_ln79' <Predicate = (icmp_ln137 & binary_V_load & !icmp_ln1023_1 & !icmp_ln1019 & !icmp_ln1023_2 & !or_ln75_1 & !icmp_ln75 & icmp_ln1027_1)> <Delay = 0.00>
ST_10 : Operation 165 [1/1] (3.25ns)   --->   "%store_ln80 = store i8 %min_y_V_load, i8 %min_y_V_addr_1" [hls_fajlovi/card_recognizer_dram_hls.cpp:80]   --->   Operation 165 'store' 'store_ln80' <Predicate = (icmp_ln137 & binary_V_load & !icmp_ln1023_1 & !icmp_ln1019 & !icmp_ln1023_2 & !or_ln75_1 & !icmp_ln75 & icmp_ln1027_2)> <Delay = 3.25> <CoreInst = "RAM">   --->   Core 82 'RAM' <Latency = 1> <II = 1> <Delay = 3.25> <Storage> <Opcode : 'load' 'store'> <Ports = 2> <Width = 8> <Depth = 256> <RAM>
ST_10 : Operation 166 [1/1] (0.00ns)   --->   "%br_ln80 = br void %if.end27.i" [hls_fajlovi/card_recognizer_dram_hls.cpp:80]   --->   Operation 166 'br' 'br_ln80' <Predicate = (icmp_ln137 & binary_V_load & !icmp_ln1023_1 & !icmp_ln1019 & !icmp_ln1023_2 & !or_ln75_1 & !icmp_ln75 & icmp_ln1027_2)> <Delay = 0.00>
ST_10 : Operation 167 [1/1] (3.25ns)   --->   "%store_ln81 = store i8 %max_x_V_load, i8 %max_x_V_addr_1" [hls_fajlovi/card_recognizer_dram_hls.cpp:81]   --->   Operation 167 'store' 'store_ln81' <Predicate = (icmp_ln137 & binary_V_load & !icmp_ln1023_1 & !icmp_ln1019 & !icmp_ln1023_2 & !or_ln75_1 & !icmp_ln75 & icmp_ln1035)> <Delay = 3.25> <CoreInst = "RAM">   --->   Core 82 'RAM' <Latency = 1> <II = 1> <Delay = 3.25> <Storage> <Opcode : 'load' 'store'> <Ports = 2> <Width = 8> <Depth = 256> <RAM>
ST_10 : Operation 168 [1/1] (0.00ns)   --->   "%br_ln81 = br void %if.end38.i" [hls_fajlovi/card_recognizer_dram_hls.cpp:81]   --->   Operation 168 'br' 'br_ln81' <Predicate = (icmp_ln137 & binary_V_load & !icmp_ln1023_1 & !icmp_ln1019 & !icmp_ln1023_2 & !or_ln75_1 & !icmp_ln75 & icmp_ln1035)> <Delay = 0.00>
ST_10 : Operation 169 [1/1] (3.25ns)   --->   "%store_ln82 = store i8 %max_y_V_load, i8 %max_y_V_addr_1" [hls_fajlovi/card_recognizer_dram_hls.cpp:82]   --->   Operation 169 'store' 'store_ln82' <Predicate = (icmp_ln137 & binary_V_load & !icmp_ln1023_1 & !icmp_ln1019 & !icmp_ln1023_2 & !or_ln75_1 & !icmp_ln75 & icmp_ln1035_1)> <Delay = 3.25> <CoreInst = "RAM">   --->   Core 82 'RAM' <Latency = 1> <II = 1> <Delay = 3.25> <Storage> <Opcode : 'load' 'store'> <Ports = 2> <Width = 8> <Depth = 256> <RAM>
ST_10 : Operation 170 [1/1] (0.00ns)   --->   "%br_ln82 = br void %if.end49.i" [hls_fajlovi/card_recognizer_dram_hls.cpp:82]   --->   Operation 170 'br' 'br_ln82' <Predicate = (icmp_ln137 & binary_V_load & !icmp_ln1023_1 & !icmp_ln1019 & !icmp_ln1023_2 & !or_ln75_1 & !icmp_ln75 & icmp_ln1035_1)> <Delay = 0.00>
ST_10 : Operation 171 [1/1] (2.55ns)   --->   "%add_ln83 = add i32 %count_load_1, i32 %count_load" [hls_fajlovi/card_recognizer_dram_hls.cpp:83]   --->   Operation 171 'add' 'add_ln83' <Predicate = (icmp_ln137 & binary_V_load & !icmp_ln1023_1 & !icmp_ln1019 & !icmp_ln1023_2 & !or_ln75_1 & !icmp_ln75)> <Delay = 2.55> <CoreInst = "Adder">   --->   Core 1 'Adder' <Latency = 0> <II = 1> <Delay = 2.55> <FuncUnit> <Opcode : 'add' 'sub'> <InPorts = 2> <OutPorts = 1>
ST_10 : Operation 172 [1/1] (3.25ns)   --->   "%store_ln83 = store i32 %add_ln83, i8 %count_addr_1" [hls_fajlovi/card_recognizer_dram_hls.cpp:83]   --->   Operation 172 'store' 'store_ln83' <Predicate = (icmp_ln137 & binary_V_load & !icmp_ln1023_1 & !icmp_ln1019 & !icmp_ln1023_2 & !or_ln75_1 & !icmp_ln75)> <Delay = 3.25> <CoreInst = "RAM">   --->   Core 82 'RAM' <Latency = 1> <II = 1> <Delay = 3.25> <Storage> <Opcode : 'load' 'store'> <Ports = 2> <Width = 32> <Depth = 256> <RAM>
ST_10 : Operation 173 [1/1] (0.00ns)   --->   "%zext_ln541_6 = zext i8 %chosen_4"   --->   Operation 173 'zext' 'zext_ln541_6' <Predicate = (icmp_ln137 & binary_V_load & and_ln162)> <Delay = 0.00>
ST_10 : Operation 174 [1/1] (0.00ns)   --->   "%parent_V_addr_5 = getelementptr i8 %parent_V, i64 0, i64 %zext_ln541_6" [hls_fajlovi/card_recognizer_dram_hls.cpp:164]   --->   Operation 174 'getelementptr' 'parent_V_addr_5' <Predicate = (icmp_ln137 & binary_V_load & and_ln162)> <Delay = 0.00>
ST_10 : Operation 175 [1/1] (3.25ns)   --->   "%store_ln164 = store i8 %chosen_4, i8 %parent_V_addr_5" [hls_fajlovi/card_recognizer_dram_hls.cpp:164]   --->   Operation 175 'store' 'store_ln164' <Predicate = (icmp_ln137 & binary_V_load & and_ln162)> <Delay = 3.25> <CoreInst = "RAM">   --->   Core 82 'RAM' <Latency = 1> <II = 1> <Delay = 3.25> <Storage> <Opcode : 'load' 'store'> <Ports = 2> <Width = 8> <Depth = 256> <RAM>

State 11 <SV = 10> <Delay = 3.25>
ST_11 : Operation 176 [1/1] (3.25ns)   --->   "%store_ln84 = store i32 0, i8 %count_addr" [hls_fajlovi/card_recognizer_dram_hls.cpp:84]   --->   Operation 176 'store' 'store_ln84' <Predicate = (icmp_ln137 & binary_V_load & !icmp_ln1023_1 & !icmp_ln1019 & !icmp_ln1023_2 & !or_ln75_1 & !icmp_ln75)> <Delay = 3.25> <CoreInst = "RAM">   --->   Core 82 'RAM' <Latency = 1> <II = 1> <Delay = 3.25> <Storage> <Opcode : 'load' 'store'> <Ports = 2> <Width = 32> <Depth = 256> <RAM>
ST_11 : Operation 177 [1/1] (0.00ns)   --->   "%br_ln86 = br void %_Z16merge_componentsP7ap_uintILi8EES1_S1_S1_S1_PjS0_S0_.exit" [hls_fajlovi/card_recognizer_dram_hls.cpp:86]   --->   Operation 177 'br' 'br_ln86' <Predicate = (icmp_ln137 & binary_V_load & !icmp_ln1023_1 & !icmp_ln1019 & !icmp_ln1023_2 & !or_ln75_1 & !icmp_ln75)> <Delay = 0.00>
ST_11 : Operation 178 [1/1] (0.00ns)   --->   "%min_x_V_addr_2 = getelementptr i8 %min_x_V, i64 0, i64 %zext_ln541_6" [hls_fajlovi/card_recognizer_dram_hls.cpp:165]   --->   Operation 178 'getelementptr' 'min_x_V_addr_2' <Predicate = (icmp_ln137 & binary_V_load & and_ln162)> <Delay = 0.00>
ST_11 : Operation 179 [1/1] (3.25ns)   --->   "%store_ln165 = store i8 %cx_V, i8 %min_x_V_addr_2" [hls_fajlovi/card_recognizer_dram_hls.cpp:165]   --->   Operation 179 'store' 'store_ln165' <Predicate = (icmp_ln137 & binary_V_load & and_ln162)> <Delay = 3.25> <CoreInst = "RAM">   --->   Core 82 'RAM' <Latency = 1> <II = 1> <Delay = 3.25> <Storage> <Opcode : 'load' 'store'> <Ports = 2> <Width = 8> <Depth = 256> <RAM>
ST_11 : Operation 180 [1/1] (0.00ns)   --->   "%min_y_V_addr_2 = getelementptr i8 %min_y_V, i64 0, i64 %zext_ln541_6" [hls_fajlovi/card_recognizer_dram_hls.cpp:166]   --->   Operation 180 'getelementptr' 'min_y_V_addr_2' <Predicate = (icmp_ln137 & binary_V_load & and_ln162)> <Delay = 0.00>
ST_11 : Operation 181 [1/1] (3.25ns)   --->   "%store_ln166 = store i8 %cy_V_read, i8 %min_y_V_addr_2" [hls_fajlovi/card_recognizer_dram_hls.cpp:166]   --->   Operation 181 'store' 'store_ln166' <Predicate = (icmp_ln137 & binary_V_load & and_ln162)> <Delay = 3.25> <CoreInst = "RAM">   --->   Core 82 'RAM' <Latency = 1> <II = 1> <Delay = 3.25> <Storage> <Opcode : 'load' 'store'> <Ports = 2> <Width = 8> <Depth = 256> <RAM>
ST_11 : Operation 182 [1/1] (0.00ns)   --->   "%max_x_V_addr_2 = getelementptr i8 %max_x_V, i64 0, i64 %zext_ln541_6" [hls_fajlovi/card_recognizer_dram_hls.cpp:167]   --->   Operation 182 'getelementptr' 'max_x_V_addr_2' <Predicate = (icmp_ln137 & binary_V_load & and_ln162)> <Delay = 0.00>
ST_11 : Operation 183 [1/1] (3.25ns)   --->   "%store_ln167 = store i8 %cx_V, i8 %max_x_V_addr_2" [hls_fajlovi/card_recognizer_dram_hls.cpp:167]   --->   Operation 183 'store' 'store_ln167' <Predicate = (icmp_ln137 & binary_V_load & and_ln162)> <Delay = 3.25> <CoreInst = "RAM">   --->   Core 82 'RAM' <Latency = 1> <II = 1> <Delay = 3.25> <Storage> <Opcode : 'load' 'store'> <Ports = 2> <Width = 8> <Depth = 256> <RAM>
ST_11 : Operation 184 [1/1] (0.00ns)   --->   "%max_y_V_addr_2 = getelementptr i8 %max_y_V, i64 0, i64 %zext_ln541_6" [hls_fajlovi/card_recognizer_dram_hls.cpp:168]   --->   Operation 184 'getelementptr' 'max_y_V_addr_2' <Predicate = (icmp_ln137 & binary_V_load & and_ln162)> <Delay = 0.00>
ST_11 : Operation 185 [1/1] (3.25ns)   --->   "%store_ln168 = store i8 %cy_V_read, i8 %max_y_V_addr_2" [hls_fajlovi/card_recognizer_dram_hls.cpp:168]   --->   Operation 185 'store' 'store_ln168' <Predicate = (icmp_ln137 & binary_V_load & and_ln162)> <Delay = 3.25> <CoreInst = "RAM">   --->   Core 82 'RAM' <Latency = 1> <II = 1> <Delay = 3.25> <Storage> <Opcode : 'load' 'store'> <Ports = 2> <Width = 8> <Depth = 256> <RAM>
ST_11 : Operation 186 [1/1] (0.00ns)   --->   "%zext_ln541_7 = zext i8 %chosen_6"   --->   Operation 186 'zext' 'zext_ln541_7' <Predicate = (icmp_ln137 & binary_V_load & !icmp_ln1023_3)> <Delay = 0.00>
ST_11 : Operation 187 [1/1] (0.00ns)   --->   "%parent_V_addr_6 = getelementptr i8 %parent_V, i64 0, i64 %zext_ln541_7" [hls_fajlovi/card_recognizer_dram_hls.cpp:59]   --->   Operation 187 'getelementptr' 'parent_V_addr_6' <Predicate = (icmp_ln137 & binary_V_load & !icmp_ln1023_3)> <Delay = 0.00>
ST_11 : Operation 188 [2/2] (3.25ns)   --->   "%p1_V_2 = load i8 %parent_V_addr_6" [hls_fajlovi/card_recognizer_dram_hls.cpp:59]   --->   Operation 188 'load' 'p1_V_2' <Predicate = (icmp_ln137 & binary_V_load & !icmp_ln1023_3)> <Delay = 3.25> <CoreInst = "RAM">   --->   Core 82 'RAM' <Latency = 1> <II = 1> <Delay = 3.25> <Storage> <Opcode : 'load' 'store'> <Ports = 2> <Width = 8> <Depth = 256> <RAM>

State 12 <SV = 11> <Delay = 6.50>
ST_12 : Operation 189 [1/1] (0.00ns)   --->   "%count_addr_2 = getelementptr i32 %count, i64 0, i64 %zext_ln541_6" [hls_fajlovi/card_recognizer_dram_hls.cpp:169]   --->   Operation 189 'getelementptr' 'count_addr_2' <Predicate = (icmp_ln137 & binary_V_load & and_ln162)> <Delay = 0.00>
ST_12 : Operation 190 [1/1] (3.25ns)   --->   "%store_ln169 = store i32 0, i8 %count_addr_2" [hls_fajlovi/card_recognizer_dram_hls.cpp:169]   --->   Operation 190 'store' 'store_ln169' <Predicate = (icmp_ln137 & binary_V_load & and_ln162)> <Delay = 3.25> <CoreInst = "RAM">   --->   Core 82 'RAM' <Latency = 1> <II = 1> <Delay = 3.25> <Storage> <Opcode : 'load' 'store'> <Ports = 2> <Width = 32> <Depth = 256> <RAM>
ST_12 : Operation 191 [1/1] (2.55ns)   --->   "%next_label_3 = add i32 %next_label_2, i32 1" [hls_fajlovi/card_recognizer_dram_hls.cpp:170]   --->   Operation 191 'add' 'next_label_3' <Predicate = (icmp_ln137 & binary_V_load & and_ln162)> <Delay = 2.55> <CoreInst = "Adder">   --->   Core 1 'Adder' <Latency = 0> <II = 1> <Delay = 2.55> <FuncUnit> <Opcode : 'add' 'sub'> <InPorts = 2> <OutPorts = 1>
ST_12 : Operation 192 [1/1] (1.58ns)   --->   "%store_ln171 = store i32 %next_label_3, i32 %next_label_1" [hls_fajlovi/card_recognizer_dram_hls.cpp:171]   --->   Operation 192 'store' 'store_ln171' <Predicate = (icmp_ln137 & binary_V_load & and_ln162)> <Delay = 1.58>
ST_12 : Operation 193 [1/2] (3.25ns)   --->   "%p1_V_2 = load i8 %parent_V_addr_6" [hls_fajlovi/card_recognizer_dram_hls.cpp:59]   --->   Operation 193 'load' 'p1_V_2' <Predicate = (icmp_ln137 & binary_V_load & !icmp_ln1023_3)> <Delay = 3.25> <CoreInst = "RAM">   --->   Core 82 'RAM' <Latency = 1> <II = 1> <Delay = 3.25> <Storage> <Opcode : 'load' 'store'> <Ports = 2> <Width = 8> <Depth = 256> <RAM>
ST_12 : Operation 194 [1/1] (0.00ns)   --->   "%zext_ln541_8 = zext i8 %p1_V_2"   --->   Operation 194 'zext' 'zext_ln541_8' <Predicate = (icmp_ln137 & binary_V_load & !icmp_ln1023_3)> <Delay = 0.00>
ST_12 : Operation 195 [1/1] (0.00ns)   --->   "%parent_V_addr_7 = getelementptr i8 %parent_V, i64 0, i64 %zext_ln541_8" [hls_fajlovi/card_recognizer_dram_hls.cpp:60]   --->   Operation 195 'getelementptr' 'parent_V_addr_7' <Predicate = (icmp_ln137 & binary_V_load & !icmp_ln1023_3)> <Delay = 0.00>
ST_12 : Operation 196 [2/2] (3.25ns)   --->   "%root_V = load i8 %parent_V_addr_7" [hls_fajlovi/card_recognizer_dram_hls.cpp:60]   --->   Operation 196 'load' 'root_V' <Predicate = (icmp_ln137 & binary_V_load & !icmp_ln1023_3)> <Delay = 3.25> <CoreInst = "RAM">   --->   Core 82 'RAM' <Latency = 1> <II = 1> <Delay = 3.25> <Storage> <Opcode : 'load' 'store'> <Ports = 2> <Width = 8> <Depth = 256> <RAM>

State 13 <SV = 12> <Delay = 6.50>
ST_13 : Operation 197 [1/2] (3.25ns)   --->   "%root_V = load i8 %parent_V_addr_7" [hls_fajlovi/card_recognizer_dram_hls.cpp:60]   --->   Operation 197 'load' 'root_V' <Predicate = (binary_V_load & !icmp_ln1023_3)> <Delay = 3.25> <CoreInst = "RAM">   --->   Core 82 'RAM' <Latency = 1> <II = 1> <Delay = 3.25> <Storage> <Opcode : 'load' 'store'> <Ports = 2> <Width = 8> <Depth = 256> <RAM>
ST_13 : Operation 198 [1/1] (2.32ns)   --->   "%store_ln175 = store i8 %root_V, i7 %curr_label_V_addr_1" [hls_fajlovi/card_recognizer_dram_hls.cpp:175]   --->   Operation 198 'store' 'store_ln175' <Predicate = (binary_V_load & !icmp_ln1023_3 & !trunc_ln143)> <Delay = 2.32> <CoreInst = "RAM">   --->   Core 82 'RAM' <Latency = 1> <II = 1> <Delay = 2.32> <Storage> <Opcode : 'load' 'store'> <Ports = 2> <Width = 8> <Depth = 80> <RAM>
ST_13 : Operation 199 [1/1] (0.00ns)   --->   "%br_ln175 = br void %arrayidx157.exit" [hls_fajlovi/card_recognizer_dram_hls.cpp:175]   --->   Operation 199 'br' 'br_ln175' <Predicate = (binary_V_load & !icmp_ln1023_3 & !trunc_ln143)> <Delay = 0.00>
ST_13 : Operation 200 [1/1] (2.32ns)   --->   "%store_ln175 = store i8 %root_V, i7 %curr_label_V_1_addr_1" [hls_fajlovi/card_recognizer_dram_hls.cpp:175]   --->   Operation 200 'store' 'store_ln175' <Predicate = (binary_V_load & !icmp_ln1023_3 & trunc_ln143)> <Delay = 2.32> <CoreInst = "RAM">   --->   Core 82 'RAM' <Latency = 1> <II = 1> <Delay = 2.32> <Storage> <Opcode : 'load' 'store'> <Ports = 2> <Width = 8> <Depth = 80> <RAM>
ST_13 : Operation 201 [1/1] (0.00ns)   --->   "%br_ln175 = br void %arrayidx157.exit" [hls_fajlovi/card_recognizer_dram_hls.cpp:175]   --->   Operation 201 'br' 'br_ln175' <Predicate = (binary_V_load & !icmp_ln1023_3 & trunc_ln143)> <Delay = 0.00>
ST_13 : Operation 202 [1/1] (0.00ns)   --->   "%zext_ln541_9 = zext i8 %root_V"   --->   Operation 202 'zext' 'zext_ln541_9' <Predicate = (binary_V_load & !icmp_ln1023_3)> <Delay = 0.00>
ST_13 : Operation 203 [1/1] (0.00ns)   --->   "%min_x_V_addr_3 = getelementptr i8 %min_x_V, i64 0, i64 %zext_ln541_9"   --->   Operation 203 'getelementptr' 'min_x_V_addr_3' <Predicate = (binary_V_load & !icmp_ln1023_3)> <Delay = 0.00>
ST_13 : Operation 204 [2/2] (3.25ns)   --->   "%min_x_V_load_2 = load i8 %min_x_V_addr_3"   --->   Operation 204 'load' 'min_x_V_load_2' <Predicate = (binary_V_load & !icmp_ln1023_3)> <Delay = 3.25> <CoreInst = "RAM">   --->   Core 82 'RAM' <Latency = 1> <II = 1> <Delay = 3.25> <Storage> <Opcode : 'load' 'store'> <Ports = 2> <Width = 8> <Depth = 256> <RAM>
ST_13 : Operation 205 [1/1] (0.00ns)   --->   "%min_y_V_addr_3 = getelementptr i8 %min_y_V, i64 0, i64 %zext_ln541_9"   --->   Operation 205 'getelementptr' 'min_y_V_addr_3' <Predicate = (binary_V_load & !icmp_ln1023_3)> <Delay = 0.00>
ST_13 : Operation 206 [2/2] (3.25ns)   --->   "%min_y_V_load_2 = load i8 %min_y_V_addr_3"   --->   Operation 206 'load' 'min_y_V_load_2' <Predicate = (binary_V_load & !icmp_ln1023_3)> <Delay = 3.25> <CoreInst = "RAM">   --->   Core 82 'RAM' <Latency = 1> <II = 1> <Delay = 3.25> <Storage> <Opcode : 'load' 'store'> <Ports = 2> <Width = 8> <Depth = 256> <RAM>
ST_13 : Operation 207 [1/1] (0.00ns)   --->   "%max_x_V_addr_3 = getelementptr i8 %max_x_V, i64 0, i64 %zext_ln541_9"   --->   Operation 207 'getelementptr' 'max_x_V_addr_3' <Predicate = (binary_V_load & !icmp_ln1023_3)> <Delay = 0.00>
ST_13 : Operation 208 [2/2] (3.25ns)   --->   "%max_x_V_load_2 = load i8 %max_x_V_addr_3"   --->   Operation 208 'load' 'max_x_V_load_2' <Predicate = (binary_V_load & !icmp_ln1023_3)> <Delay = 3.25> <CoreInst = "RAM">   --->   Core 82 'RAM' <Latency = 1> <II = 1> <Delay = 3.25> <Storage> <Opcode : 'load' 'store'> <Ports = 2> <Width = 8> <Depth = 256> <RAM>
ST_13 : Operation 209 [1/1] (0.00ns)   --->   "%max_y_V_addr_3 = getelementptr i8 %max_y_V, i64 0, i64 %zext_ln541_9"   --->   Operation 209 'getelementptr' 'max_y_V_addr_3' <Predicate = (binary_V_load & !icmp_ln1023_3)> <Delay = 0.00>
ST_13 : Operation 210 [2/2] (3.25ns)   --->   "%max_y_V_load_2 = load i8 %max_y_V_addr_3"   --->   Operation 210 'load' 'max_y_V_load_2' <Predicate = (binary_V_load & !icmp_ln1023_3)> <Delay = 3.25> <CoreInst = "RAM">   --->   Core 82 'RAM' <Latency = 1> <II = 1> <Delay = 3.25> <Storage> <Opcode : 'load' 'store'> <Ports = 2> <Width = 8> <Depth = 256> <RAM>
ST_13 : Operation 211 [1/1] (0.00ns)   --->   "%count_addr_3 = getelementptr i32 %count, i64 0, i64 %zext_ln541_9" [hls_fajlovi/card_recognizer_dram_hls.cpp:183]   --->   Operation 211 'getelementptr' 'count_addr_3' <Predicate = (binary_V_load & !icmp_ln1023_3)> <Delay = 0.00>
ST_13 : Operation 212 [2/2] (3.25ns)   --->   "%count_load_2 = load i8 %count_addr_3" [hls_fajlovi/card_recognizer_dram_hls.cpp:183]   --->   Operation 212 'load' 'count_load_2' <Predicate = (binary_V_load & !icmp_ln1023_3)> <Delay = 3.25> <CoreInst = "RAM">   --->   Core 82 'RAM' <Latency = 1> <II = 1> <Delay = 3.25> <Storage> <Opcode : 'load' 'store'> <Ports = 2> <Width = 32> <Depth = 256> <RAM>

State 14 <SV = 13> <Delay = 4.80>
ST_14 : Operation 213 [1/2] (3.25ns)   --->   "%min_x_V_load_2 = load i8 %min_x_V_addr_3"   --->   Operation 213 'load' 'min_x_V_load_2' <Predicate = (binary_V_load & !icmp_ln1023_3)> <Delay = 3.25> <CoreInst = "RAM">   --->   Core 82 'RAM' <Latency = 1> <II = 1> <Delay = 3.25> <Storage> <Opcode : 'load' 'store'> <Ports = 2> <Width = 8> <Depth = 256> <RAM>
ST_14 : Operation 214 [1/1] (1.55ns)   --->   "%icmp_ln1027_3 = icmp_ult  i8 %cx_V, i8 %min_x_V_load_2"   --->   Operation 214 'icmp' 'icmp_ln1027_3' <Predicate = (binary_V_load & !icmp_ln1023_3)> <Delay = 1.55> <CoreInst = "Cmp">   --->   Core 9 'Cmp' <Latency = 0> <II = 1> <Delay = 1.55> <FuncUnit> <Opcode : 'icmp'> <InPorts = 2> <OutPorts = 1>
ST_14 : Operation 215 [1/1] (0.00ns)   --->   "%br_ln179 = br i1 %icmp_ln1027_3, void %if.end164, void %if.then161" [hls_fajlovi/card_recognizer_dram_hls.cpp:179]   --->   Operation 215 'br' 'br_ln179' <Predicate = (binary_V_load & !icmp_ln1023_3)> <Delay = 0.00>
ST_14 : Operation 216 [1/2] (3.25ns)   --->   "%min_y_V_load_2 = load i8 %min_y_V_addr_3"   --->   Operation 216 'load' 'min_y_V_load_2' <Predicate = (binary_V_load & !icmp_ln1023_3)> <Delay = 3.25> <CoreInst = "RAM">   --->   Core 82 'RAM' <Latency = 1> <II = 1> <Delay = 3.25> <Storage> <Opcode : 'load' 'store'> <Ports = 2> <Width = 8> <Depth = 256> <RAM>
ST_14 : Operation 217 [1/1] (1.55ns)   --->   "%icmp_ln1027_4 = icmp_ult  i8 %cy_V_read, i8 %min_y_V_load_2"   --->   Operation 217 'icmp' 'icmp_ln1027_4' <Predicate = (binary_V_load & !icmp_ln1023_3)> <Delay = 1.55> <CoreInst = "Cmp">   --->   Core 9 'Cmp' <Latency = 0> <II = 1> <Delay = 1.55> <FuncUnit> <Opcode : 'icmp'> <InPorts = 2> <OutPorts = 1>
ST_14 : Operation 218 [1/1] (0.00ns)   --->   "%br_ln180 = br i1 %icmp_ln1027_4, void %if.end171, void %if.then168" [hls_fajlovi/card_recognizer_dram_hls.cpp:180]   --->   Operation 218 'br' 'br_ln180' <Predicate = (binary_V_load & !icmp_ln1023_3)> <Delay = 0.00>
ST_14 : Operation 219 [1/2] (3.25ns)   --->   "%max_x_V_load_2 = load i8 %max_x_V_addr_3"   --->   Operation 219 'load' 'max_x_V_load_2' <Predicate = (binary_V_load & !icmp_ln1023_3)> <Delay = 3.25> <CoreInst = "RAM">   --->   Core 82 'RAM' <Latency = 1> <II = 1> <Delay = 3.25> <Storage> <Opcode : 'load' 'store'> <Ports = 2> <Width = 8> <Depth = 256> <RAM>
ST_14 : Operation 220 [1/1] (1.55ns)   --->   "%icmp_ln1035_2 = icmp_ugt  i8 %cx_V, i8 %max_x_V_load_2"   --->   Operation 220 'icmp' 'icmp_ln1035_2' <Predicate = (binary_V_load & !icmp_ln1023_3)> <Delay = 1.55> <CoreInst = "Cmp">   --->   Core 9 'Cmp' <Latency = 0> <II = 1> <Delay = 1.55> <FuncUnit> <Opcode : 'icmp'> <InPorts = 2> <OutPorts = 1>
ST_14 : Operation 221 [1/1] (0.00ns)   --->   "%br_ln181 = br i1 %icmp_ln1035_2, void %if.end178, void %if.then175" [hls_fajlovi/card_recognizer_dram_hls.cpp:181]   --->   Operation 221 'br' 'br_ln181' <Predicate = (binary_V_load & !icmp_ln1023_3)> <Delay = 0.00>
ST_14 : Operation 222 [1/2] (3.25ns)   --->   "%max_y_V_load_2 = load i8 %max_y_V_addr_3"   --->   Operation 222 'load' 'max_y_V_load_2' <Predicate = (binary_V_load & !icmp_ln1023_3)> <Delay = 3.25> <CoreInst = "RAM">   --->   Core 82 'RAM' <Latency = 1> <II = 1> <Delay = 3.25> <Storage> <Opcode : 'load' 'store'> <Ports = 2> <Width = 8> <Depth = 256> <RAM>
ST_14 : Operation 223 [1/1] (1.55ns)   --->   "%icmp_ln1035_3 = icmp_ugt  i8 %cy_V_read, i8 %max_y_V_load_2"   --->   Operation 223 'icmp' 'icmp_ln1035_3' <Predicate = (binary_V_load & !icmp_ln1023_3)> <Delay = 1.55> <CoreInst = "Cmp">   --->   Core 9 'Cmp' <Latency = 0> <II = 1> <Delay = 1.55> <FuncUnit> <Opcode : 'icmp'> <InPorts = 2> <OutPorts = 1>
ST_14 : Operation 224 [1/1] (0.00ns)   --->   "%br_ln182 = br i1 %icmp_ln1035_3, void %if.end185, void %if.then182" [hls_fajlovi/card_recognizer_dram_hls.cpp:182]   --->   Operation 224 'br' 'br_ln182' <Predicate = (binary_V_load & !icmp_ln1023_3)> <Delay = 0.00>
ST_14 : Operation 225 [1/2] (3.25ns)   --->   "%count_load_2 = load i8 %count_addr_3" [hls_fajlovi/card_recognizer_dram_hls.cpp:183]   --->   Operation 225 'load' 'count_load_2' <Predicate = (binary_V_load & !icmp_ln1023_3)> <Delay = 3.25> <CoreInst = "RAM">   --->   Core 82 'RAM' <Latency = 1> <II = 1> <Delay = 3.25> <Storage> <Opcode : 'load' 'store'> <Ports = 2> <Width = 32> <Depth = 256> <RAM>

State 15 <SV = 14> <Delay = 5.80>
ST_15 : Operation 226 [1/1] (3.25ns)   --->   "%store_ln179 = store i8 %cx_V, i8 %min_x_V_addr_3" [hls_fajlovi/card_recognizer_dram_hls.cpp:179]   --->   Operation 226 'store' 'store_ln179' <Predicate = (binary_V_load & !icmp_ln1023_3 & icmp_ln1027_3)> <Delay = 3.25> <CoreInst = "RAM">   --->   Core 82 'RAM' <Latency = 1> <II = 1> <Delay = 3.25> <Storage> <Opcode : 'load' 'store'> <Ports = 2> <Width = 8> <Depth = 256> <RAM>
ST_15 : Operation 227 [1/1] (0.00ns)   --->   "%br_ln179 = br void %if.end164" [hls_fajlovi/card_recognizer_dram_hls.cpp:179]   --->   Operation 227 'br' 'br_ln179' <Predicate = (binary_V_load & !icmp_ln1023_3 & icmp_ln1027_3)> <Delay = 0.00>
ST_15 : Operation 228 [1/1] (3.25ns)   --->   "%store_ln180 = store i8 %cy_V_read, i8 %min_y_V_addr_3" [hls_fajlovi/card_recognizer_dram_hls.cpp:180]   --->   Operation 228 'store' 'store_ln180' <Predicate = (binary_V_load & !icmp_ln1023_3 & icmp_ln1027_4)> <Delay = 3.25> <CoreInst = "RAM">   --->   Core 82 'RAM' <Latency = 1> <II = 1> <Delay = 3.25> <Storage> <Opcode : 'load' 'store'> <Ports = 2> <Width = 8> <Depth = 256> <RAM>
ST_15 : Operation 229 [1/1] (0.00ns)   --->   "%br_ln180 = br void %if.end171" [hls_fajlovi/card_recognizer_dram_hls.cpp:180]   --->   Operation 229 'br' 'br_ln180' <Predicate = (binary_V_load & !icmp_ln1023_3 & icmp_ln1027_4)> <Delay = 0.00>
ST_15 : Operation 230 [1/1] (3.25ns)   --->   "%store_ln181 = store i8 %cx_V, i8 %max_x_V_addr_3" [hls_fajlovi/card_recognizer_dram_hls.cpp:181]   --->   Operation 230 'store' 'store_ln181' <Predicate = (binary_V_load & !icmp_ln1023_3 & icmp_ln1035_2)> <Delay = 3.25> <CoreInst = "RAM">   --->   Core 82 'RAM' <Latency = 1> <II = 1> <Delay = 3.25> <Storage> <Opcode : 'load' 'store'> <Ports = 2> <Width = 8> <Depth = 256> <RAM>
ST_15 : Operation 231 [1/1] (0.00ns)   --->   "%br_ln181 = br void %if.end178" [hls_fajlovi/card_recognizer_dram_hls.cpp:181]   --->   Operation 231 'br' 'br_ln181' <Predicate = (binary_V_load & !icmp_ln1023_3 & icmp_ln1035_2)> <Delay = 0.00>
ST_15 : Operation 232 [1/1] (3.25ns)   --->   "%store_ln182 = store i8 %cy_V_read, i8 %max_y_V_addr_3" [hls_fajlovi/card_recognizer_dram_hls.cpp:182]   --->   Operation 232 'store' 'store_ln182' <Predicate = (binary_V_load & !icmp_ln1023_3 & icmp_ln1035_3)> <Delay = 3.25> <CoreInst = "RAM">   --->   Core 82 'RAM' <Latency = 1> <II = 1> <Delay = 3.25> <Storage> <Opcode : 'load' 'store'> <Ports = 2> <Width = 8> <Depth = 256> <RAM>
ST_15 : Operation 233 [1/1] (0.00ns)   --->   "%br_ln182 = br void %if.end185" [hls_fajlovi/card_recognizer_dram_hls.cpp:182]   --->   Operation 233 'br' 'br_ln182' <Predicate = (binary_V_load & !icmp_ln1023_3 & icmp_ln1035_3)> <Delay = 0.00>
ST_15 : Operation 234 [1/1] (2.55ns)   --->   "%add_ln183 = add i32 %count_load_2, i32 1" [hls_fajlovi/card_recognizer_dram_hls.cpp:183]   --->   Operation 234 'add' 'add_ln183' <Predicate = (binary_V_load & !icmp_ln1023_3)> <Delay = 2.55> <CoreInst = "Adder">   --->   Core 1 'Adder' <Latency = 0> <II = 1> <Delay = 2.55> <FuncUnit> <Opcode : 'add' 'sub'> <InPorts = 2> <OutPorts = 1>
ST_15 : Operation 235 [1/1] (3.25ns)   --->   "%store_ln183 = store i32 %add_ln183, i8 %count_addr_3" [hls_fajlovi/card_recognizer_dram_hls.cpp:183]   --->   Operation 235 'store' 'store_ln183' <Predicate = (binary_V_load & !icmp_ln1023_3)> <Delay = 3.25> <CoreInst = "RAM">   --->   Core 82 'RAM' <Latency = 1> <II = 1> <Delay = 3.25> <Storage> <Opcode : 'load' 'store'> <Ports = 2> <Width = 32> <Depth = 256> <RAM>
ST_15 : Operation 236 [1/1] (0.00ns)   --->   "%br_ln184 = br void %if.end189" [hls_fajlovi/card_recognizer_dram_hls.cpp:184]   --->   Operation 236 'br' 'br_ln184' <Predicate = (binary_V_load & !icmp_ln1023_3)> <Delay = 0.00>


============================================================
+ Verbose Summary: Timing violations
============================================================
Target clock period: 10ns, clock uncertainty: 2.7ns.

 <State 1>: 5.2ns
The critical path consists of the following:
	'alloca' operation ('op') [17]  (0 ns)
	'load' operation ('x', hls_fajlovi/card_recognizer_dram_hls.cpp:143) on local variable 'op' [28]  (0 ns)
	'add' operation ('add_ln139', hls_fajlovi/card_recognizer_dram_hls.cpp:139) [40]  (1.94 ns)
	'getelementptr' operation ('binary_V_addr') [42]  (0 ns)
	'load' operation ('binary_V_load') on array 'binary_V' [43]  (3.25 ns)

 <State 2>: 4.24ns
The critical path consists of the following:
	'add' operation ('add_ln142', hls_fajlovi/card_recognizer_dram_hls.cpp:142) [48]  (1.92 ns)
	'getelementptr' operation ('curr_label_V_addr', hls_fajlovi/card_recognizer_dram_hls.cpp:142) [51]  (0 ns)
	'load' operation ('curr_label_V_load', hls_fajlovi/card_recognizer_dram_hls.cpp:142) on array 'curr_label_V' [53]  (2.32 ns)

 <State 3>: 7.16ns
The critical path consists of the following:
	'load' operation ('prev_label_V_load', hls_fajlovi/card_recognizer_dram_hls.cpp:143) on array 'prev_label_V' [61]  (2.32 ns)
	'mux' operation ('up.V', hls_fajlovi/card_recognizer_dram_hls.cpp:143) [63]  (1.59 ns)
	'getelementptr' operation ('parent_V_addr_2', hls_fajlovi/card_recognizer_dram_hls.cpp:59) [76]  (0 ns)
	'load' operation ('p1.V', hls_fajlovi/card_recognizer_dram_hls.cpp:59) on array 'parent_V' [77]  (3.25 ns)

 <State 4>: 6.51ns
The critical path consists of the following:
	'load' operation ('p1.V', hls_fajlovi/card_recognizer_dram_hls.cpp:59) on array 'parent_V' [77]  (3.25 ns)
	'getelementptr' operation ('parent_V_addr_3', hls_fajlovi/card_recognizer_dram_hls.cpp:60) [79]  (0 ns)
	'load' operation ('up_root', hls_fajlovi/card_recognizer_dram_hls.cpp:60) on array 'parent_V' [80]  (3.25 ns)

 <State 5>: 6.51ns
The critical path consists of the following:
	'load' operation ('p1.V', hls_fajlovi/card_recognizer_dram_hls.cpp:59) on array 'parent_V' [67]  (3.25 ns)
	'getelementptr' operation ('parent_V_addr_1', hls_fajlovi/card_recognizer_dram_hls.cpp:60) [69]  (0 ns)
	'load' operation ('chosen', hls_fajlovi/card_recognizer_dram_hls.cpp:147) on array 'parent_V' [70]  (3.25 ns)

 <State 6>: 4.5ns
The critical path consists of the following:
	'load' operation ('chosen', hls_fajlovi/card_recognizer_dram_hls.cpp:147) on array 'parent_V' [70]  (3.25 ns)
	'select' operation ('chosen') [71]  (1.25 ns)

 <State 7>: 6.31ns
The critical path consists of the following:
	'icmp' operation ('icmp_ln1027') [87]  (1.55 ns)
	'select' operation ('drop.V') [89]  (1.25 ns)
	'getelementptr' operation ('count_addr', hls_fajlovi/card_recognizer_dram_hls.cpp:75) [98]  (0 ns)
	'load' operation ('count_load', hls_fajlovi/card_recognizer_dram_hls.cpp:75) on array 'count' [99]  (3.25 ns)
	blocking operation 0.253 ns on control path)

 <State 8>: 5.73ns
The critical path consists of the following:
	'load' operation ('count_load', hls_fajlovi/card_recognizer_dram_hls.cpp:75) on array 'count' [99]  (3.25 ns)
	'icmp' operation ('icmp_ln75', hls_fajlovi/card_recognizer_dram_hls.cpp:75) [100]  (2.47 ns)

 <State 9>: 4.8ns
The critical path consists of the following:
	'load' operation ('min_y_V_load') on array 'min_y_V' [115]  (3.25 ns)
	'icmp' operation ('icmp_ln1027_2') [118]  (1.55 ns)

 <State 10>: 5.81ns
The critical path consists of the following:
	'add' operation ('add_ln83', hls_fajlovi/card_recognizer_dram_hls.cpp:83) [146]  (2.55 ns)
	'store' operation ('store_ln83', hls_fajlovi/card_recognizer_dram_hls.cpp:83) of variable 'add_ln83', hls_fajlovi/card_recognizer_dram_hls.cpp:83 on array 'count' [147]  (3.25 ns)

 <State 11>: 3.25ns
The critical path consists of the following:
	'getelementptr' operation ('parent_V_addr_6', hls_fajlovi/card_recognizer_dram_hls.cpp:59) [187]  (0 ns)
	'load' operation ('p1.V', hls_fajlovi/card_recognizer_dram_hls.cpp:59) on array 'parent_V' [188]  (3.25 ns)

 <State 12>: 6.51ns
The critical path consists of the following:
	'load' operation ('p1.V', hls_fajlovi/card_recognizer_dram_hls.cpp:59) on array 'parent_V' [188]  (3.25 ns)
	'getelementptr' operation ('parent_V_addr_7', hls_fajlovi/card_recognizer_dram_hls.cpp:60) [190]  (0 ns)
	'load' operation ('root.V', hls_fajlovi/card_recognizer_dram_hls.cpp:60) on array 'parent_V' [191]  (3.25 ns)

 <State 13>: 6.51ns
The critical path consists of the following:
	'load' operation ('root.V', hls_fajlovi/card_recognizer_dram_hls.cpp:60) on array 'parent_V' [191]  (3.25 ns)
	'getelementptr' operation ('min_y_V_addr_3') [211]  (0 ns)
	'load' operation ('min_y_V_load_2') on array 'min_y_V' [212]  (3.25 ns)

 <State 14>: 4.8ns
The critical path consists of the following:
	'load' operation ('max_x_V_load_2') on array 'max_x_V' [220]  (3.25 ns)
	'icmp' operation ('icmp_ln1035_2') [221]  (1.55 ns)

 <State 15>: 5.81ns
The critical path consists of the following:
	'add' operation ('add_ln183', hls_fajlovi/card_recognizer_dram_hls.cpp:183) [237]  (2.55 ns)
	'store' operation ('store_ln183', hls_fajlovi/card_recognizer_dram_hls.cpp:183) of variable 'add_ln183', hls_fajlovi/card_recognizer_dram_hls.cpp:183 on array 'count' [238]  (3.25 ns)


============================================================
+ Verbose Summary: Binding
============================================================
N/A
* FSMD analyzer results:
  - Output states:
 - Input state : 
  - Chain level:
	State 1
	State 2
	State 3
	State 4
	State 5
	State 6
	State 7
	State 8
	State 9
	State 10
	State 11
	State 12
	State 13
	State 14
	State 15


============================================================
+ Verbose Summary: Datapath Resource usage 
============================================================
N/A
