

================================================================
== Vitis HLS Report for 'find_largest_component_ccl'
================================================================
* Date:           Wed Jul 15 18:02:32 2026

* Version:        2022.2 (Build 3670227 on Oct 13 2022)
* Project:        card_recognizer_dram_hls
* Solution:       solution1 (Vivado IP Flow Target)
* Product family: zynq
* Target device:  xc7z010i-clg225-1L


================================================================
== Performance Estimates
================================================================
+ Timing: 
    * Summary: 
    +--------+----------+----------+------------+
    |  Clock |  Target  | Estimated| Uncertainty|
    +--------+----------+----------+------------+
    |ap_clk  |  10.00 ns|  7.164 ns|     2.70 ns|
    +--------+----------+----------+------------+

+ Latency: 
    * Summary: 
    +---------+---------+----------+----------+--------+--------+---------+
    |  Latency (cycles) |  Latency (absolute) |     Interval    | Pipeline|
    |   min   |   max   |    min   |    max   |   min  |   max  |   Type  |
    +---------+---------+----------+----------+--------+--------+---------+
    |   271840|   271840|  2.718 ms|  2.718 ms|  271840|  271840|       no|
    +---------+---------+----------+----------+--------+--------+---------+

    + Detail: 
        * Instance: 
        +----------------------------------------------------------------+-----------------------------------------------------+---------+---------+-----------+-----------+------+------+---------+
        |                                                                |                                                     |  Latency (cycles) |   Latency (absolute)  |   Interval  | Pipeline|
        |                            Instance                            |                        Module                       |   min   |   max   |    min    |    max    |  min |  max |   Type  |
        +----------------------------------------------------------------+-----------------------------------------------------+---------+---------+-----------+-----------+------+------+---------+
        |grp_find_largest_component_ccl_Pipeline_INIT_COMPONENTS_fu_130  |find_largest_component_ccl_Pipeline_INIT_COMPONENTS  |      258|      258|   2.580 us|   2.580 us|   258|   258|       no|
        |grp_find_largest_component_ccl_Pipeline_INIT_ROWS_fu_146        |find_largest_component_ccl_Pipeline_INIT_ROWS        |      162|      162|   1.620 us|   1.620 us|   162|   162|       no|
        |grp_find_largest_component_ccl_Pipeline_CLEAR_CURR_ROW_fu_158   |find_largest_component_ccl_Pipeline_CLEAR_CURR_ROW   |      162|      162|   1.620 us|   1.620 us|   162|   162|       no|
        |grp_find_largest_component_ccl_Pipeline_SELECT_BEST_fu_164      |find_largest_component_ccl_Pipeline_SELECT_BEST      |      258|      258|   2.580 us|   2.580 us|   258|   258|       no|
        |grp_find_largest_component_ccl_Pipeline_CCL_X_LOOP_fu_180       |find_largest_component_ccl_Pipeline_CCL_X_LOOP       |     1929|     1929|  19.290 us|  19.290 us|  1929|  1929|       no|
        |grp_find_largest_component_ccl_Pipeline_COPY_ROW_fu_201         |find_largest_component_ccl_Pipeline_COPY_ROW         |      162|      162|   1.620 us|   1.620 us|   162|   162|       no|
        +----------------------------------------------------------------+-----------------------------------------------------+---------+---------+-----------+-----------+------+------+---------+

        * Loop: 
        +--------------+---------+---------+----------+-----------+-----------+------+----------+
        |              |  Latency (cycles) | Iteration|  Initiation Interval  | Trip |          |
        |   Loop Name  |   min   |   max   |  Latency |  achieved |   target  | Count| Pipelined|
        +--------------+---------+---------+----------+-----------+-----------+------+----------+
        |- CCL_Y_LOOP  |   271320|   271320|      2261|          -|          -|   120|        no|
        +--------------+---------+---------+----------+-----------+-----------+------+----------+



================================================================
== Utilization Estimates
================================================================
* Summary: 
+-----------------+---------+----+-------+-------+-----+
|       Name      | BRAM_18K| DSP|   FF  |  LUT  | URAM|
+-----------------+---------+----+-------+-------+-----+
|DSP              |        -|   1|      -|      -|    -|
|Expression       |        -|   -|      0|     58|    -|
|FIFO             |        -|   -|      -|      -|    -|
|Instance         |        -|   -|    651|   1484|    -|
|Memory           |        6|   -|     32|     40|    0|
|Multiplexer      |        -|   -|      -|    897|    -|
|Register         |        -|   -|    151|      -|    -|
+-----------------+---------+----+-------+-------+-----+
|Total            |        6|   1|    834|   2479|    0|
+-----------------+---------+----+-------+-------+-----+
|Available        |      120|  80|  35200|  17600|    0|
+-----------------+---------+----+-------+-------+-----+
|Utilization (%)  |        5|   1|      2|     14|    0|
+-----------------+---------+----+-------+-------+-----+

+ Detail: 
    * Instance: 
    +----------------------------------------------------------------+-----------------------------------------------------+---------+----+-----+------+-----+
    |                            Instance                            |                        Module                       | BRAM_18K| DSP|  FF |  LUT | URAM|
    +----------------------------------------------------------------+-----------------------------------------------------+---------+----+-----+------+-----+
    |grp_find_largest_component_ccl_Pipeline_CCL_X_LOOP_fu_180       |find_largest_component_ccl_Pipeline_CCL_X_LOOP       |        0|   0|  462|  1039|    0|
    |grp_find_largest_component_ccl_Pipeline_CLEAR_CURR_ROW_fu_158   |find_largest_component_ccl_Pipeline_CLEAR_CURR_ROW   |        0|   0|   10|    53|    0|
    |grp_find_largest_component_ccl_Pipeline_COPY_ROW_fu_201         |find_largest_component_ccl_Pipeline_COPY_ROW         |        0|   0|   26|    73|    0|
    |grp_find_largest_component_ccl_Pipeline_INIT_COMPONENTS_fu_130  |find_largest_component_ccl_Pipeline_INIT_COMPONENTS  |        0|   0|   11|    52|    0|
    |grp_find_largest_component_ccl_Pipeline_INIT_ROWS_fu_146        |find_largest_component_ccl_Pipeline_INIT_ROWS        |        0|   0|   10|    53|    0|
    |grp_find_largest_component_ccl_Pipeline_SELECT_BEST_fu_164      |find_largest_component_ccl_Pipeline_SELECT_BEST      |        0|   0|  132|   214|    0|
    +----------------------------------------------------------------+-----------------------------------------------------+---------+----+-----+------+-----+
    |Total                                                           |                                                     |        0|   0|  651|  1484|    0|
    +----------------------------------------------------------------+-----------------------------------------------------+---------+----+-----+------+-----+

    * DSP: 
    +----------------------------+------------------------+-----------+
    |          Instance          |         Module         | Expression|
    +----------------------------+------------------------+-----------+
    |mul_mul_15s_15s_15_4_1_U61  |mul_mul_15s_15s_15_4_1  |    i0 * i1|
    +----------------------------+------------------------+-----------+

    * Memory: 
    +------------------+-------------------------------------------------------+---------+---+----+-----+------+-----+------+-------------+
    |      Memory      |                         Module                        | BRAM_18K| FF| LUT| URAM| Words| Bits| Banks| W*Bits*Banks|
    +------------------+-------------------------------------------------------+---------+---+----+-----+------+-----+------+-------------+
    |count_U           |find_largest_component_ccl_count_RAM_AUTO_1R1W         |        1|  0|   0|    0|   256|   32|     1|         8192|
    |parent_V_U        |find_largest_component_ccl_parent_V_RAM_AUTO_1R1W      |        1|  0|   0|    0|   256|    8|     1|         2048|
    |min_x_V_U         |find_largest_component_ccl_parent_V_RAM_AUTO_1R1W      |        1|  0|   0|    0|   256|    8|     1|         2048|
    |min_y_V_U         |find_largest_component_ccl_parent_V_RAM_AUTO_1R1W      |        1|  0|   0|    0|   256|    8|     1|         2048|
    |max_x_V_U         |find_largest_component_ccl_parent_V_RAM_AUTO_1R1W      |        1|  0|   0|    0|   256|    8|     1|         2048|
    |max_y_V_U         |find_largest_component_ccl_parent_V_RAM_AUTO_1R1W      |        1|  0|   0|    0|   256|    8|     1|         2048|
    |prev_label_V_U    |find_largest_component_ccl_prev_label_V_RAM_AUTO_1R1W  |        0|  8|  10|    0|    80|    8|     1|          640|
    |prev_label_V_1_U  |find_largest_component_ccl_prev_label_V_RAM_AUTO_1R1W  |        0|  8|  10|    0|    80|    8|     1|          640|
    |curr_label_V_U    |find_largest_component_ccl_prev_label_V_RAM_AUTO_1R1W  |        0|  8|  10|    0|    80|    8|     1|          640|
    |curr_label_V_1_U  |find_largest_component_ccl_prev_label_V_RAM_AUTO_1R1W  |        0|  8|  10|    0|    80|    8|     1|          640|
    +------------------+-------------------------------------------------------+---------+---+----+-----+------+-----+------+-------------+
    |Total             |                                                       |        6| 32|  40|    0|  1856|  104|    10|        20992|
    +------------------+-------------------------------------------------------+---------+---+----+-----+------+-----+------+-------------+

    * FIFO: 
    N/A

    * Expression: 
    +---------------------------------+----------+----+---+----+------------+------------+
    |          Variable Name          | Operation| DSP| FF| LUT| Bitwidth P0| Bitwidth P1|
    +---------------------------------+----------+----+---+----+------------+------------+
    |add_ln127_fu_235_p2              |         +|   0|  0|  38|          31|           1|
    |icmp_ln127_fu_230_p2             |      icmp|   0|  0|  18|          32|          32|
    |ap_block_state2_on_subcall_done  |        or|   0|  0|   2|           1|           1|
    +---------------------------------+----------+----+---+----+------------+------------+
    |Total                            |          |   0|  0|  58|          64|          34|
    +---------------------------------+----------+----+---+----+------------+------------+

    * Multiplexer: 
    +-------------------------+----+-----------+-----+-----------+
    |           Name          | LUT| Input Size| Bits| Total Bits|
    +-------------------------+----+-----------+-----+-----------+
    |ap_NS_fsm                |  65|         13|    1|         13|
    |count_address0           |  20|          4|    8|         32|
    |count_ce0                |  20|          4|    1|          4|
    |count_d0                 |  14|          3|   32|         96|
    |count_we0                |  14|          3|    1|          3|
    |curr_label_V_1_address0  |  25|          5|    7|         35|
    |curr_label_V_1_ce0       |  25|          5|    1|          5|
    |curr_label_V_1_d0        |  20|          4|    8|         32|
    |curr_label_V_1_we0       |  20|          4|    1|          4|
    |curr_label_V_address0    |  25|          5|    7|         35|
    |curr_label_V_ce0         |  25|          5|    1|          5|
    |curr_label_V_d0          |  20|          4|    8|         32|
    |curr_label_V_we0         |  20|          4|    1|          4|
    |max_x_V_address0         |  20|          4|    8|         32|
    |max_x_V_ce0              |  20|          4|    1|          4|
    |max_x_V_ce1              |   9|          2|    1|          2|
    |max_x_V_d0               |  14|          3|    8|         24|
    |max_x_V_we0              |  14|          3|    1|          3|
    |max_x_V_we1              |   9|          2|    1|          2|
    |max_y_V_address0         |  20|          4|    8|         32|
    |max_y_V_ce0              |  20|          4|    1|          4|
    |max_y_V_ce1              |   9|          2|    1|          2|
    |max_y_V_d0               |  14|          3|    8|         24|
    |max_y_V_we0              |  14|          3|    1|          3|
    |max_y_V_we1              |   9|          2|    1|          2|
    |min_x_V_address0         |  20|          4|    8|         32|
    |min_x_V_ce0              |  20|          4|    1|          4|
    |min_x_V_ce1              |   9|          2|    1|          2|
    |min_x_V_d0               |  14|          3|    8|         24|
    |min_x_V_we0              |  14|          3|    1|          3|
    |min_x_V_we1              |   9|          2|    1|          2|
    |min_y_V_address0         |  20|          4|    8|         32|
    |min_y_V_ce0              |  20|          4|    1|          4|
    |min_y_V_ce1              |   9|          2|    1|          2|
    |min_y_V_d0               |  14|          3|    8|         24|
    |min_y_V_we0              |  14|          3|    1|          3|
    |min_y_V_we1              |   9|          2|    1|          2|
    |next_label_fu_46         |   9|          2|   32|         64|
    |parent_V_address0        |  20|          4|    8|         32|
    |parent_V_ce0             |  20|          4|    1|          4|
    |parent_V_ce1             |   9|          2|    1|          2|
    |parent_V_d0              |  14|          3|    8|         24|
    |parent_V_we0             |  14|          3|    1|          3|
    |parent_V_we1             |   9|          2|    1|          2|
    |prev_label_V_1_address0  |  20|          4|    7|         28|
    |prev_label_V_1_ce0       |  20|          4|    1|          4|
    |prev_label_V_1_d0        |  14|          3|    8|         24|
    |prev_label_V_1_we0       |  14|          3|    1|          3|
    |prev_label_V_address0    |  20|          4|    7|         28|
    |prev_label_V_ce0         |  20|          4|    1|          4|
    |prev_label_V_d0          |  14|          3|    8|         24|
    |prev_label_V_we0         |  14|          3|    1|          3|
    |y_fu_50                  |   9|          2|   31|         62|
    +-------------------------+----+-----------+-----+-----------+
    |Total                    | 897|        185|  274|        879|
    +-------------------------+----+-----------+-----+-----------+

    * Register: 
    +-----------------------------------------------------------------------------+----+----+-----+-----------+
    |                                     Name                                    | FF | LUT| Bits| Const Bits|
    +-----------------------------------------------------------------------------+----+----+-----+-----------+
    |ap_CS_fsm                                                                    |  12|   0|   12|          0|
    |empty_42_reg_389                                                             |   8|   0|    8|          0|
    |empty_reg_399                                                                |  15|   0|   15|          0|
    |grp_find_largest_component_ccl_Pipeline_CCL_X_LOOP_fu_180_ap_start_reg       |   1|   0|    1|          0|
    |grp_find_largest_component_ccl_Pipeline_CLEAR_CURR_ROW_fu_158_ap_start_reg   |   1|   0|    1|          0|
    |grp_find_largest_component_ccl_Pipeline_COPY_ROW_fu_201_ap_start_reg         |   1|   0|    1|          0|
    |grp_find_largest_component_ccl_Pipeline_INIT_COMPONENTS_fu_130_ap_start_reg  |   1|   0|    1|          0|
    |grp_find_largest_component_ccl_Pipeline_INIT_ROWS_fu_146_ap_start_reg        |   1|   0|    1|          0|
    |grp_find_largest_component_ccl_Pipeline_SELECT_BEST_fu_164_ap_start_reg      |   1|   0|    1|          0|
    |next_label_fu_46                                                             |  32|   0|   32|          0|
    |next_label_load_reg_394                                                      |  32|   0|   32|          0|
    |trunc_ln127_reg_376                                                          |  15|   0|   15|          0|
    |y_fu_50                                                                      |  31|   0|   31|          0|
    +-----------------------------------------------------------------------------+----+----+-----+-----------+
    |Total                                                                        | 151|   0|  151|          0|
    +-----------------------------------------------------------------------------+----+----+-----+-----------+



================================================================
== Interface
================================================================
* Summary: 
+-------------------+-----+-----+------------+----------------------------+--------------+
|     RTL Ports     | Dir | Bits|  Protocol  |        Source Object       |    C Type    |
+-------------------+-----+-----+------------+----------------------------+--------------+
|ap_clk             |   in|    1|  ap_ctrl_hs|  find_largest_component_ccl|  return value|
|ap_rst             |   in|    1|  ap_ctrl_hs|  find_largest_component_ccl|  return value|
|ap_start           |   in|    1|  ap_ctrl_hs|  find_largest_component_ccl|  return value|
|ap_done            |  out|    1|  ap_ctrl_hs|  find_largest_component_ccl|  return value|
|ap_idle            |  out|    1|  ap_ctrl_hs|  find_largest_component_ccl|  return value|
|ap_ready           |  out|    1|  ap_ctrl_hs|  find_largest_component_ccl|  return value|
|ap_return_0        |  out|    8|  ap_ctrl_hs|  find_largest_component_ccl|  return value|
|ap_return_1        |  out|    8|  ap_ctrl_hs|  find_largest_component_ccl|  return value|
|ap_return_2        |  out|    8|  ap_ctrl_hs|  find_largest_component_ccl|  return value|
|ap_return_3        |  out|    8|  ap_ctrl_hs|  find_largest_component_ccl|  return value|
|ap_return_4        |  out|   32|  ap_ctrl_hs|  find_largest_component_ccl|  return value|
|ap_return_5        |  out|    1|  ap_ctrl_hs|  find_largest_component_ccl|  return value|
|width              |   in|   32|     ap_none|                       width|        scalar|
|height             |   in|   32|     ap_none|                      height|        scalar|
|binary_V_address0  |  out|   15|   ap_memory|                    binary_V|         array|
|binary_V_ce0       |  out|    1|   ap_memory|                    binary_V|         array|
|binary_V_q0        |   in|    1|   ap_memory|                    binary_V|         array|
+-------------------+-----+-----+------------+----------------------------+--------------+

============================================================
+ Verbose Summary: Synthesis Manager
============================================================
InlineROM: 1
ExposeGlobal: 0
============================================================
+ Verbose Summary: CDFG Model
============================================================
IsTopModel: 0
ResetActiveHigh: 1
IsCombinational: 2
IsDatapathOnly: 2
HasWiredReturn: 1
HasMFsm: 0
HasVarLatency: 1
IsPipeline: 0
IsRtlPipelined: 0
IsInstanceOverlapped: 0
IsDontTouch: 0
HasImplIP: 0
IsGatedGlobalClock: 0


============================================================
+ Verbose Summary: Schedule
============================================================
* Number of FSM states : 12
* Pipeline : 0
* Dataflow Pipeline: 0

* FSM state transitions: 
1 --> 2 
2 --> 3 
3 --> 4 11 
4 --> 5 
5 --> 6 
6 --> 7 
7 --> 8 
8 --> 9 
9 --> 10 
10 --> 3 
11 --> 12 
12 --> 

* FSM state operations: 

State 1 <SV = 0> <Delay = 3.25>
ST_1 : Operation 13 [1/1] (0.00ns)   --->   "%next_label = alloca i32 1"   --->   Operation 13 'alloca' 'next_label' <Predicate = true> <Delay = 0.00>
ST_1 : Operation 14 [1/1] (0.00ns)   --->   "%y = alloca i32 1"   --->   Operation 14 'alloca' 'y' <Predicate = true> <Delay = 0.00>
ST_1 : Operation 15 [1/1] (0.00ns)   --->   "%p_loc7 = alloca i64 1"   --->   Operation 15 'alloca' 'p_loc7' <Predicate = true> <Delay = 0.00>
ST_1 : Operation 16 [1/1] (0.00ns)   --->   "%p_0_0_03141012_loc = alloca i64 1"   --->   Operation 16 'alloca' 'p_0_0_03141012_loc' <Predicate = true> <Delay = 0.00>
ST_1 : Operation 17 [1/1] (0.00ns)   --->   "%p_0_0_0315813_loc = alloca i64 1"   --->   Operation 17 'alloca' 'p_0_0_0315813_loc' <Predicate = true> <Delay = 0.00>
ST_1 : Operation 18 [1/1] (0.00ns)   --->   "%p_0_0_0316614_loc = alloca i64 1"   --->   Operation 18 'alloca' 'p_0_0_0316614_loc' <Predicate = true> <Delay = 0.00>
ST_1 : Operation 19 [1/1] (0.00ns)   --->   "%p_0_0_0317415_loc = alloca i64 1"   --->   Operation 19 'alloca' 'p_0_0_0317415_loc' <Predicate = true> <Delay = 0.00>
ST_1 : Operation 20 [1/1] (0.00ns)   --->   "%p_loc = alloca i64 1"   --->   Operation 20 'alloca' 'p_loc' <Predicate = true> <Delay = 0.00>
ST_1 : Operation 21 [1/1] (2.32ns)   --->   "%prev_label_V = alloca i64 1" [hls_fajlovi/card_recognizer_dram_hls.cpp:92]   --->   Operation 21 'alloca' 'prev_label_V' <Predicate = true> <Delay = 2.32>
ST_1 : Operation 22 [1/1] (2.32ns)   --->   "%prev_label_V_1 = alloca i64 1" [hls_fajlovi/card_recognizer_dram_hls.cpp:92]   --->   Operation 22 'alloca' 'prev_label_V_1' <Predicate = true> <Delay = 2.32>
ST_1 : Operation 23 [1/1] (2.32ns)   --->   "%curr_label_V = alloca i64 1" [hls_fajlovi/card_recognizer_dram_hls.cpp:93]   --->   Operation 23 'alloca' 'curr_label_V' <Predicate = true> <Delay = 2.32>
ST_1 : Operation 24 [1/1] (2.32ns)   --->   "%curr_label_V_1 = alloca i64 1" [hls_fajlovi/card_recognizer_dram_hls.cpp:93]   --->   Operation 24 'alloca' 'curr_label_V_1' <Predicate = true> <Delay = 2.32>
ST_1 : Operation 25 [1/1] (3.25ns)   --->   "%parent_V = alloca i64 1" [hls_fajlovi/card_recognizer_dram_hls.cpp:94]   --->   Operation 25 'alloca' 'parent_V' <Predicate = true> <Delay = 3.25>
ST_1 : Operation 26 [1/1] (3.25ns)   --->   "%min_x_V = alloca i64 1" [hls_fajlovi/card_recognizer_dram_hls.cpp:95]   --->   Operation 26 'alloca' 'min_x_V' <Predicate = true> <Delay = 3.25>
ST_1 : Operation 27 [1/1] (3.25ns)   --->   "%min_y_V = alloca i64 1" [hls_fajlovi/card_recognizer_dram_hls.cpp:96]   --->   Operation 27 'alloca' 'min_y_V' <Predicate = true> <Delay = 3.25>
ST_1 : Operation 28 [1/1] (3.25ns)   --->   "%max_x_V = alloca i64 1" [hls_fajlovi/card_recognizer_dram_hls.cpp:97]   --->   Operation 28 'alloca' 'max_x_V' <Predicate = true> <Delay = 3.25>
ST_1 : Operation 29 [1/1] (3.25ns)   --->   "%max_y_V = alloca i64 1" [hls_fajlovi/card_recognizer_dram_hls.cpp:98]   --->   Operation 29 'alloca' 'max_y_V' <Predicate = true> <Delay = 3.25>
ST_1 : Operation 30 [1/1] (3.25ns)   --->   "%count = alloca i64 1" [hls_fajlovi/card_recognizer_dram_hls.cpp:99]   --->   Operation 30 'alloca' 'count' <Predicate = true> <Delay = 3.25>
ST_1 : Operation 31 [2/2] (0.00ns)   --->   "%call_ln0 = call void @find_largest_component_ccl_Pipeline_INIT_COMPONENTS, i8 %parent_V, i8 %min_x_V, i8 %min_y_V, i8 %max_x_V, i8 %max_y_V, i32 %count"   --->   Operation 31 'call' 'call_ln0' <Predicate = true> <Delay = 0.00> <CoreType = "Generic">   --->   Core 0 '' <Latency = 0> <II = 1> <Delay = 1.00> <Generic> <Opcode : >
ST_1 : Operation 32 [2/2] (0.00ns)   --->   "%call_ln0 = call void @find_largest_component_ccl_Pipeline_INIT_ROWS, i8 %curr_label_V_1, i8 %curr_label_V, i8 %prev_label_V_1, i8 %prev_label_V"   --->   Operation 32 'call' 'call_ln0' <Predicate = true> <Delay = 0.00> <CoreType = "Generic">   --->   Core 0 '' <Latency = 0> <II = 1> <Delay = 1.00> <Generic> <Opcode : >
ST_1 : Operation 33 [1/1] (1.58ns)   --->   "%store_ln127 = store i31 0, i31 %y" [hls_fajlovi/card_recognizer_dram_hls.cpp:127]   --->   Operation 33 'store' 'store_ln127' <Predicate = true> <Delay = 1.58>
ST_1 : Operation 34 [1/1] (0.00ns)   --->   "%store_ln127 = store i32 1, i32 %next_label" [hls_fajlovi/card_recognizer_dram_hls.cpp:127]   --->   Operation 34 'store' 'store_ln127' <Predicate = true> <Delay = 0.00>

State 2 <SV = 1> <Delay = 0.00>
ST_2 : Operation 35 [1/1] (0.00ns)   --->   "%height_read = read i32 @_ssdm_op_Read.ap_auto.i32, i32 %height"   --->   Operation 35 'read' 'height_read' <Predicate = true> <Delay = 0.00>
ST_2 : Operation 36 [1/1] (0.00ns)   --->   "%width_read = read i32 @_ssdm_op_Read.ap_auto.i32, i32 %width"   --->   Operation 36 'read' 'width_read' <Predicate = true> <Delay = 0.00>
ST_2 : Operation 37 [1/1] (0.00ns)   --->   "%specmemcore_ln0 = specmemcore void @_ssdm_op_SpecMemCore, i1 %binary_V, i64 666, i64 22, i64 18446744073709551615"   --->   Operation 37 'specmemcore' 'specmemcore_ln0' <Predicate = true> <Delay = 0.00>
ST_2 : Operation 38 [1/2] (0.00ns)   --->   "%call_ln0 = call void @find_largest_component_ccl_Pipeline_INIT_COMPONENTS, i8 %parent_V, i8 %min_x_V, i8 %min_y_V, i8 %max_x_V, i8 %max_y_V, i32 %count"   --->   Operation 38 'call' 'call_ln0' <Predicate = true> <Delay = 0.00> <CoreType = "Generic">   --->   Core 0 '' <Latency = 0> <II = 1> <Delay = 1.00> <Generic> <Opcode : >
ST_2 : Operation 39 [1/2] (0.00ns)   --->   "%call_ln0 = call void @find_largest_component_ccl_Pipeline_INIT_ROWS, i8 %curr_label_V_1, i8 %curr_label_V, i8 %prev_label_V_1, i8 %prev_label_V"   --->   Operation 39 'call' 'call_ln0' <Predicate = true> <Delay = 0.00> <CoreType = "Generic">   --->   Core 0 '' <Latency = 0> <II = 1> <Delay = 1.00> <Generic> <Opcode : >
ST_2 : Operation 40 [1/1] (0.00ns)   --->   "%trunc_ln127 = trunc i32 %width_read" [hls_fajlovi/card_recognizer_dram_hls.cpp:127]   --->   Operation 40 'trunc' 'trunc_ln127' <Predicate = true> <Delay = 0.00>
ST_2 : Operation 41 [1/1] (0.00ns)   --->   "%br_ln127 = br void %CLEAR_CURR_ROW" [hls_fajlovi/card_recognizer_dram_hls.cpp:127]   --->   Operation 41 'br' 'br_ln127' <Predicate = true> <Delay = 0.00>

State 3 <SV = 2> <Delay = 4.11>
ST_3 : Operation 42 [1/1] (0.00ns)   --->   "%y_1 = load i31 %y"   --->   Operation 42 'load' 'y_1' <Predicate = true> <Delay = 0.00>
ST_3 : Operation 43 [1/1] (0.00ns)   --->   "%zext_ln127 = zext i31 %y_1" [hls_fajlovi/card_recognizer_dram_hls.cpp:127]   --->   Operation 43 'zext' 'zext_ln127' <Predicate = true> <Delay = 0.00>
ST_3 : Operation 44 [1/1] (2.47ns)   --->   "%icmp_ln127 = icmp_slt  i32 %zext_ln127, i32 %height_read" [hls_fajlovi/card_recognizer_dram_hls.cpp:127]   --->   Operation 44 'icmp' 'icmp_ln127' <Predicate = true> <Delay = 2.47> <CoreInst = "Cmp">   --->   Core 9 'Cmp' <Latency = 0> <II = 1> <Delay = 2.47> <FuncUnit> <Opcode : 'icmp'> <InPorts = 2> <OutPorts = 1>
ST_3 : Operation 45 [1/1] (2.52ns)   --->   "%add_ln127 = add i31 %y_1, i31 1" [hls_fajlovi/card_recognizer_dram_hls.cpp:127]   --->   Operation 45 'add' 'add_ln127' <Predicate = true> <Delay = 2.52> <CoreInst = "Adder">   --->   Core 1 'Adder' <Latency = 0> <II = 1> <Delay = 2.52> <FuncUnit> <Opcode : 'add' 'sub'> <InPorts = 2> <OutPorts = 1>
ST_3 : Operation 46 [1/1] (0.00ns)   --->   "%br_ln127 = br i1 %icmp_ln127, void %for.body223.preheader, void %CLEAR_CURR_ROW.split" [hls_fajlovi/card_recognizer_dram_hls.cpp:127]   --->   Operation 46 'br' 'br_ln127' <Predicate = true> <Delay = 0.00>
ST_3 : Operation 47 [1/1] (0.00ns)   --->   "%trunc_ln127_1 = trunc i31 %y_1" [hls_fajlovi/card_recognizer_dram_hls.cpp:127]   --->   Operation 47 'trunc' 'trunc_ln127_1' <Predicate = (icmp_ln127)> <Delay = 0.00>
ST_3 : Operation 48 [2/2] (0.00ns)   --->   "%call_ln0 = call void @find_largest_component_ccl_Pipeline_CLEAR_CURR_ROW, i8 %curr_label_V_1, i8 %curr_label_V"   --->   Operation 48 'call' 'call_ln0' <Predicate = (icmp_ln127)> <Delay = 0.00> <CoreType = "Generic">   --->   Core 0 '' <Latency = 0> <II = 1> <Delay = 1.00> <Generic> <Opcode : >
ST_3 : Operation 49 [4/4] (2.15ns) (root node of the DSP)   --->   "%empty = mul i15 %trunc_ln127_1, i15 %trunc_ln127" [hls_fajlovi/card_recognizer_dram_hls.cpp:127]   --->   Operation 49 'mul' 'empty' <Predicate = (icmp_ln127)> <Delay = 2.15> <CoreInst = "DSP48">   --->   Core 119 'DSP48' <Latency = 3> <II = 1> <Delay = 2.15> <IPBlock> <Opcode : 'mul' 'add' 'sub' 'select'> <InPorts = 0> <OutPorts = 1> <Sync> <CReg>
ST_3 : Operation 50 [1/1] (0.00ns)   --->   "%empty_42 = trunc i31 %y_1"   --->   Operation 50 'trunc' 'empty_42' <Predicate = (icmp_ln127)> <Delay = 0.00>
ST_3 : Operation 51 [1/1] (1.58ns)   --->   "%store_ln127 = store i31 %add_ln127, i31 %y" [hls_fajlovi/card_recognizer_dram_hls.cpp:127]   --->   Operation 51 'store' 'store_ln127' <Predicate = (icmp_ln127)> <Delay = 1.58>
ST_3 : Operation 52 [2/2] (0.00ns)   --->   "%call_ln0 = call void @find_largest_component_ccl_Pipeline_SELECT_BEST, i8 %parent_V, i32 %count, i8 %min_x_V, i8 %min_y_V, i8 %max_x_V, i8 %max_y_V, i32 %p_loc, i8 %p_0_0_0317415_loc, i8 %p_0_0_0316614_loc, i8 %p_0_0_0315813_loc, i8 %p_0_0_03141012_loc, i1 %p_loc7"   --->   Operation 52 'call' 'call_ln0' <Predicate = (!icmp_ln127)> <Delay = 0.00> <CoreType = "Generic">   --->   Core 0 '' <Latency = 0> <II = 1> <Delay = 1.00> <Generic> <Opcode : >

State 4 <SV = 3> <Delay = 2.15>
ST_4 : Operation 53 [1/2] (0.00ns)   --->   "%call_ln0 = call void @find_largest_component_ccl_Pipeline_CLEAR_CURR_ROW, i8 %curr_label_V_1, i8 %curr_label_V"   --->   Operation 53 'call' 'call_ln0' <Predicate = true> <Delay = 0.00> <CoreType = "Generic">   --->   Core 0 '' <Latency = 0> <II = 1> <Delay = 1.00> <Generic> <Opcode : >
ST_4 : Operation 54 [3/4] (2.15ns) (root node of the DSP)   --->   "%empty = mul i15 %trunc_ln127_1, i15 %trunc_ln127" [hls_fajlovi/card_recognizer_dram_hls.cpp:127]   --->   Operation 54 'mul' 'empty' <Predicate = true> <Delay = 2.15> <CoreInst = "DSP48">   --->   Core 119 'DSP48' <Latency = 3> <II = 1> <Delay = 2.15> <IPBlock> <Opcode : 'mul' 'add' 'sub' 'select'> <InPorts = 0> <OutPorts = 1> <Sync> <CReg>

State 5 <SV = 4> <Delay = 2.15>
ST_5 : Operation 55 [2/4] (2.15ns) (root node of the DSP)   --->   "%empty = mul i15 %trunc_ln127_1, i15 %trunc_ln127" [hls_fajlovi/card_recognizer_dram_hls.cpp:127]   --->   Operation 55 'mul' 'empty' <Predicate = true> <Delay = 2.15> <CoreInst = "DSP48">   --->   Core 119 'DSP48' <Latency = 3> <II = 1> <Delay = 2.15> <IPBlock> <Opcode : 'mul' 'add' 'sub' 'select'> <InPorts = 0> <OutPorts = 1> <Sync> <CReg>

State 6 <SV = 5> <Delay = 0.00>
ST_6 : Operation 56 [1/1] (0.00ns)   --->   "%next_label_load = load i32 %next_label"   --->   Operation 56 'load' 'next_label_load' <Predicate = true> <Delay = 0.00>
ST_6 : Operation 57 [1/4] (0.00ns) (root node of the DSP)   --->   "%empty = mul i15 %trunc_ln127_1, i15 %trunc_ln127" [hls_fajlovi/card_recognizer_dram_hls.cpp:127]   --->   Operation 57 'mul' 'empty' <Predicate = true> <Delay = 0.00> <CoreInst = "DSP48">   --->   Core 119 'DSP48' <Latency = 3> <II = 1> <Delay = 2.15> <IPBlock> <Opcode : 'mul' 'add' 'sub' 'select'> <InPorts = 0> <OutPorts = 1> <Sync> <CReg>

State 7 <SV = 6> <Delay = 5.19>
ST_7 : Operation 58 [2/2] (5.19ns)   --->   "%call_ln127 = call void @find_largest_component_ccl_Pipeline_CCL_X_LOOP, i32 %next_label_load, i32 %width_read, i15 %empty, i8 %curr_label_V, i8 %curr_label_V_1, i8 %prev_label_V, i8 %prev_label_V_1, i8 %parent_V, i32 %count, i8 %max_y_V, i8 %max_x_V, i8 %min_y_V, i8 %min_x_V, i8 %empty_42, i32 %next_label, i1 %binary_V" [hls_fajlovi/card_recognizer_dram_hls.cpp:127]   --->   Operation 58 'call' 'call_ln127' <Predicate = true> <Delay = 5.19> <CoreType = "Generic">   --->   Core 0 '' <Latency = 0> <II = 1> <Delay = 1.00> <Generic> <Opcode : >

State 8 <SV = 7> <Delay = 0.00>
ST_8 : Operation 59 [1/2] (0.00ns)   --->   "%call_ln127 = call void @find_largest_component_ccl_Pipeline_CCL_X_LOOP, i32 %next_label_load, i32 %width_read, i15 %empty, i8 %curr_label_V, i8 %curr_label_V_1, i8 %prev_label_V, i8 %prev_label_V_1, i8 %parent_V, i32 %count, i8 %max_y_V, i8 %max_x_V, i8 %min_y_V, i8 %min_x_V, i8 %empty_42, i32 %next_label, i1 %binary_V" [hls_fajlovi/card_recognizer_dram_hls.cpp:127]   --->   Operation 59 'call' 'call_ln127' <Predicate = true> <Delay = 0.00> <CoreType = "Generic">   --->   Core 0 '' <Latency = 0> <II = 1> <Delay = 1.00> <Generic> <Opcode : >

State 9 <SV = 8> <Delay = 0.00>
ST_9 : Operation 60 [2/2] (0.00ns)   --->   "%call_ln0 = call void @find_largest_component_ccl_Pipeline_COPY_ROW, i8 %prev_label_V_1, i8 %prev_label_V, i8 %curr_label_V, i8 %curr_label_V_1"   --->   Operation 60 'call' 'call_ln0' <Predicate = true> <Delay = 0.00> <CoreType = "Generic">   --->   Core 0 '' <Latency = 0> <II = 1> <Delay = 1.00> <Generic> <Opcode : >

State 10 <SV = 9> <Delay = 0.00>
ST_10 : Operation 61 [1/1] (0.00ns)   --->   "%speclooptripcount_ln128 = speclooptripcount void @_ssdm_op_SpecLoopTripCount, i64 120, i64 120, i64 120" [hls_fajlovi/card_recognizer_dram_hls.cpp:128]   --->   Operation 61 'speclooptripcount' 'speclooptripcount_ln128' <Predicate = true> <Delay = 0.00>
ST_10 : Operation 62 [1/1] (0.00ns)   --->   "%specloopname_ln127 = specloopname void @_ssdm_op_SpecLoopName, void @empty_12" [hls_fajlovi/card_recognizer_dram_hls.cpp:127]   --->   Operation 62 'specloopname' 'specloopname_ln127' <Predicate = true> <Delay = 0.00>
ST_10 : Operation 63 [1/2] (0.00ns)   --->   "%call_ln0 = call void @find_largest_component_ccl_Pipeline_COPY_ROW, i8 %prev_label_V_1, i8 %prev_label_V, i8 %curr_label_V, i8 %curr_label_V_1"   --->   Operation 63 'call' 'call_ln0' <Predicate = true> <Delay = 0.00> <CoreType = "Generic">   --->   Core 0 '' <Latency = 0> <II = 1> <Delay = 1.00> <Generic> <Opcode : >
ST_10 : Operation 64 [1/1] (0.00ns)   --->   "%br_ln127 = br void %CLEAR_CURR_ROW" [hls_fajlovi/card_recognizer_dram_hls.cpp:127]   --->   Operation 64 'br' 'br_ln127' <Predicate = true> <Delay = 0.00>

State 11 <SV = 3> <Delay = 0.00>
ST_11 : Operation 65 [1/2] (0.00ns)   --->   "%call_ln0 = call void @find_largest_component_ccl_Pipeline_SELECT_BEST, i8 %parent_V, i32 %count, i8 %min_x_V, i8 %min_y_V, i8 %max_x_V, i8 %max_y_V, i32 %p_loc, i8 %p_0_0_0317415_loc, i8 %p_0_0_0316614_loc, i8 %p_0_0_0315813_loc, i8 %p_0_0_03141012_loc, i1 %p_loc7"   --->   Operation 65 'call' 'call_ln0' <Predicate = true> <Delay = 0.00> <CoreType = "Generic">   --->   Core 0 '' <Latency = 0> <II = 1> <Delay = 1.00> <Generic> <Opcode : >

State 12 <SV = 4> <Delay = 0.00>
ST_12 : Operation 66 [1/1] (0.00ns)   --->   "%p_loc_load = load i32 %p_loc"   --->   Operation 66 'load' 'p_loc_load' <Predicate = true> <Delay = 0.00>
ST_12 : Operation 67 [1/1] (0.00ns)   --->   "%p_0_0_0317415_loc_load = load i8 %p_0_0_0317415_loc"   --->   Operation 67 'load' 'p_0_0_0317415_loc_load' <Predicate = true> <Delay = 0.00>
ST_12 : Operation 68 [1/1] (0.00ns)   --->   "%p_0_0_0316614_loc_load = load i8 %p_0_0_0316614_loc"   --->   Operation 68 'load' 'p_0_0_0316614_loc_load' <Predicate = true> <Delay = 0.00>
ST_12 : Operation 69 [1/1] (0.00ns)   --->   "%p_0_0_0315813_loc_load = load i8 %p_0_0_0315813_loc"   --->   Operation 69 'load' 'p_0_0_0315813_loc_load' <Predicate = true> <Delay = 0.00>
ST_12 : Operation 70 [1/1] (0.00ns)   --->   "%p_0_0_03141012_loc_load = load i8 %p_0_0_03141012_loc"   --->   Operation 70 'load' 'p_0_0_03141012_loc_load' <Predicate = true> <Delay = 0.00>
ST_12 : Operation 71 [1/1] (0.00ns)   --->   "%p_loc7_load = load i1 %p_loc7"   --->   Operation 71 'load' 'p_loc7_load' <Predicate = true> <Delay = 0.00>
ST_12 : Operation 72 [1/1] (0.00ns)   --->   "%mrv = insertvalue i65 <undef>, i8 %p_0_0_0317415_loc_load" [hls_fajlovi/card_recognizer_dram_hls.cpp:219]   --->   Operation 72 'insertvalue' 'mrv' <Predicate = true> <Delay = 0.00>
ST_12 : Operation 73 [1/1] (0.00ns)   --->   "%mrv_1 = insertvalue i65 %mrv, i8 %p_0_0_0316614_loc_load" [hls_fajlovi/card_recognizer_dram_hls.cpp:219]   --->   Operation 73 'insertvalue' 'mrv_1' <Predicate = true> <Delay = 0.00>
ST_12 : Operation 74 [1/1] (0.00ns)   --->   "%mrv_2 = insertvalue i65 %mrv_1, i8 %p_0_0_0315813_loc_load" [hls_fajlovi/card_recognizer_dram_hls.cpp:219]   --->   Operation 74 'insertvalue' 'mrv_2' <Predicate = true> <Delay = 0.00>
ST_12 : Operation 75 [1/1] (0.00ns)   --->   "%mrv_3 = insertvalue i65 %mrv_2, i8 %p_0_0_03141012_loc_load" [hls_fajlovi/card_recognizer_dram_hls.cpp:219]   --->   Operation 75 'insertvalue' 'mrv_3' <Predicate = true> <Delay = 0.00>
ST_12 : Operation 76 [1/1] (0.00ns)   --->   "%mrv_4 = insertvalue i65 %mrv_3, i32 %p_loc_load" [hls_fajlovi/card_recognizer_dram_hls.cpp:219]   --->   Operation 76 'insertvalue' 'mrv_4' <Predicate = true> <Delay = 0.00>
ST_12 : Operation 77 [1/1] (0.00ns)   --->   "%mrv_5 = insertvalue i65 %mrv_4, i1 %p_loc7_load" [hls_fajlovi/card_recognizer_dram_hls.cpp:219]   --->   Operation 77 'insertvalue' 'mrv_5' <Predicate = true> <Delay = 0.00>
ST_12 : Operation 78 [1/1] (0.00ns)   --->   "%ret_ln219 = ret i65 %mrv_5" [hls_fajlovi/card_recognizer_dram_hls.cpp:219]   --->   Operation 78 'ret' 'ret_ln219' <Predicate = true> <Delay = 0.00>


============================================================
+ Verbose Summary: Binding
============================================================
STG Binding: 
---------------- STG Properties BEGIN ----------------
- Is combinational: 0
- Is one-state seq: 0
- Is datapath-only: 0
- Is pipelined: 0
- Is top level: 0
Port [ Return ] is wired: 1; IO mode=ap_ctrl_hs:ce=0
Port [ width]:  wired=1; compound=0; hidden=0; nouse=0; global=0; static=0; extern=0; dir=0; type=0; pingpong=0; private_global=0; IO mode=ap_none:ce=0
Port [ height]:  wired=1; compound=0; hidden=0; nouse=0; global=0; static=0; extern=0; dir=0; type=0; pingpong=0; private_global=0; IO mode=ap_none:ce=0
Port [ binary_V]:  wired=1; compound=1; hidden=0; nouse=0; global=1; static=1; extern=0; dir=0; type=1; pingpong=0; private_global=0; MemPort=[13]; IO mode=ap_memory:ce=0
---------------- STG Properties END ------------------

---------------- Datapath Model BEGIN ----------------

<LifeTime>
<method=bitvector/>
next_label              (alloca           ) [ 0111111111100]
y                       (alloca           ) [ 0111111111100]
p_loc7                  (alloca           ) [ 0011111111111]
p_0_0_03141012_loc      (alloca           ) [ 0011111111111]
p_0_0_0315813_loc       (alloca           ) [ 0011111111111]
p_0_0_0316614_loc       (alloca           ) [ 0011111111111]
p_0_0_0317415_loc       (alloca           ) [ 0011111111111]
p_loc                   (alloca           ) [ 0011111111111]
prev_label_V            (alloca           ) [ 0011111111100]
prev_label_V_1          (alloca           ) [ 0011111111100]
curr_label_V            (alloca           ) [ 0011111111100]
curr_label_V_1          (alloca           ) [ 0011111111100]
parent_V                (alloca           ) [ 0011111111110]
min_x_V                 (alloca           ) [ 0011111111110]
min_y_V                 (alloca           ) [ 0011111111110]
max_x_V                 (alloca           ) [ 0011111111110]
max_y_V                 (alloca           ) [ 0011111111110]
count                   (alloca           ) [ 0011111111110]
store_ln127             (store            ) [ 0000000000000]
store_ln127             (store            ) [ 0000000000000]
height_read             (read             ) [ 0001111111100]
width_read              (read             ) [ 0001111111100]
specmemcore_ln0         (specmemcore      ) [ 0000000000000]
call_ln0                (call             ) [ 0000000000000]
call_ln0                (call             ) [ 0000000000000]
trunc_ln127             (trunc            ) [ 0001111111100]
br_ln127                (br               ) [ 0000000000000]
y_1                     (load             ) [ 0000000000000]
zext_ln127              (zext             ) [ 0000000000000]
icmp_ln127              (icmp             ) [ 0001111111100]
add_ln127               (add              ) [ 0000000000000]
br_ln127                (br               ) [ 0000000000000]
trunc_ln127_1           (trunc            ) [ 0000111000000]
empty_42                (trunc            ) [ 0000111110000]
store_ln127             (store            ) [ 0000000000000]
call_ln0                (call             ) [ 0000000000000]
next_label_load         (load             ) [ 0000000110000]
empty                   (mul              ) [ 0000000110000]
call_ln127              (call             ) [ 0000000000000]
speclooptripcount_ln128 (speclooptripcount) [ 0000000000000]
specloopname_ln127      (specloopname     ) [ 0000000000000]
call_ln0                (call             ) [ 0000000000000]
br_ln127                (br               ) [ 0000000000000]
call_ln0                (call             ) [ 0000000000000]
p_loc_load              (load             ) [ 0000000000000]
p_0_0_0317415_loc_load  (load             ) [ 0000000000000]
p_0_0_0316614_loc_load  (load             ) [ 0000000000000]
p_0_0_0315813_loc_load  (load             ) [ 0000000000000]
p_0_0_03141012_loc_load (load             ) [ 0000000000000]
p_loc7_load             (load             ) [ 0000000000000]
mrv                     (insertvalue      ) [ 0000000000000]
mrv_1                   (insertvalue      ) [ 0000000000000]
mrv_2                   (insertvalue      ) [ 0000000000000]
mrv_3                   (insertvalue      ) [ 0000000000000]
mrv_4                   (insertvalue      ) [ 0000000000000]
mrv_5                   (insertvalue      ) [ 0000000000000]
ret_ln219               (ret              ) [ 0000000000000]
</LifeTime>

<model>

<comp_list>
<comp id="0" class="1000" name="width">
<pin_list>
<pin id="1" dir="1" index="0" bw="1" slack="0"/>
</pin_list>
<bind>
<StgValue><ssdm name="width"/></StgValue>
</bind>
</comp>

<comp id="2" class="1000" name="height">
<pin_list>
<pin id="3" dir="1" index="0" bw="1" slack="0"/>
</pin_list>
<bind>
<StgValue><ssdm name="height"/></StgValue>
</bind>
</comp>

<comp id="4" class="1000" name="binary_V">
<pin_list>
<pin id="5" dir="1" index="0" bw="1" slack="0"/>
</pin_list>
<bind>
<StgValue><ssdm name="binary_V"/><MemPortTyVec>1 3 </MemPortTyVec>
</StgValue>
</bind>
</comp>

<comp id="6" class="1001" name="const_6">
<pin_list>
<pin id="7" dir="1" index="0" bw="1" slack="0"/>
</pin_list>
<bind>
<StgValue><ssdm name=""/></StgValue>
</bind>
</comp>

<comp id="8" class="1001" name="const_8">
<pin_list>
<pin id="9" dir="1" index="0" bw="1" slack="0"/>
</pin_list>
<bind>
<StgValue><ssdm name=""/></StgValue>
</bind>
</comp>

<comp id="10" class="1001" name="const_10">
<pin_list>
<pin id="11" dir="1" index="0" bw="1" slack="0"/>
</pin_list>
<bind>
<StgValue><ssdm name="find_largest_component_ccl_Pipeline_INIT_COMPONENTS"/></StgValue>
</bind>
</comp>

<comp id="12" class="1001" name="const_12">
<pin_list>
<pin id="13" dir="1" index="0" bw="1" slack="0"/>
</pin_list>
<bind>
<StgValue><ssdm name="find_largest_component_ccl_Pipeline_INIT_ROWS"/></StgValue>
</bind>
</comp>

<comp id="14" class="1001" name="const_14">
<pin_list>
<pin id="15" dir="1" index="0" bw="1" slack="0"/>
</pin_list>
<bind>
<StgValue><ssdm name=""/></StgValue>
</bind>
</comp>

<comp id="16" class="1001" name="const_16">
<pin_list>
<pin id="17" dir="1" index="0" bw="1" slack="0"/>
</pin_list>
<bind>
<StgValue><ssdm name="_ssdm_op_Read.ap_auto.i32"/></StgValue>
</bind>
</comp>

<comp id="18" class="1001" name="const_18">
<pin_list>
<pin id="19" dir="1" index="0" bw="1" slack="2147483647"/>
</pin_list>
<bind>
<StgValue><ssdm name="_ssdm_op_SpecMemCore"/></StgValue>
</bind>
</comp>

<comp id="20" class="1001" name="const_20">
<pin_list>
<pin id="21" dir="1" index="0" bw="1" slack="2147483647"/>
</pin_list>
<bind>
<StgValue><ssdm name=""/></StgValue>
</bind>
</comp>

<comp id="22" class="1001" name="const_22">
<pin_list>
<pin id="23" dir="1" index="0" bw="1" slack="2147483647"/>
</pin_list>
<bind>
<StgValue><ssdm name=""/></StgValue>
</bind>
</comp>

<comp id="24" class="1001" name="const_24">
<pin_list>
<pin id="25" dir="1" index="0" bw="1" slack="2147483647"/>
</pin_list>
<bind>
<StgValue><ssdm name=""/></StgValue>
</bind>
</comp>

<comp id="26" class="1001" name="const_26">
<pin_list>
<pin id="27" dir="1" index="0" bw="1" slack="0"/>
</pin_list>
<bind>
<StgValue><ssdm name=""/></StgValue>
</bind>
</comp>

<comp id="28" class="1001" name="const_28">
<pin_list>
<pin id="29" dir="1" index="0" bw="1" slack="0"/>
</pin_list>
<bind>
<StgValue><ssdm name="find_largest_component_ccl_Pipeline_CLEAR_CURR_ROW"/></StgValue>
</bind>
</comp>

<comp id="30" class="1001" name="const_30">
<pin_list>
<pin id="31" dir="1" index="0" bw="1" slack="0"/>
</pin_list>
<bind>
<StgValue><ssdm name="find_largest_component_ccl_Pipeline_SELECT_BEST"/></StgValue>
</bind>
</comp>

<comp id="32" class="1001" name="const_32">
<pin_list>
<pin id="33" dir="1" index="0" bw="1" slack="0"/>
</pin_list>
<bind>
<StgValue><ssdm name="find_largest_component_ccl_Pipeline_CCL_X_LOOP"/></StgValue>
</bind>
</comp>

<comp id="34" class="1001" name="const_34">
<pin_list>
<pin id="35" dir="1" index="0" bw="1" slack="0"/>
</pin_list>
<bind>
<StgValue><ssdm name="find_largest_component_ccl_Pipeline_COPY_ROW"/></StgValue>
</bind>
</comp>

<comp id="36" class="1001" name="const_36">
<pin_list>
<pin id="37" dir="1" index="0" bw="1" slack="2147483647"/>
</pin_list>
<bind>
<StgValue><ssdm name="_ssdm_op_SpecLoopTripCount"/></StgValue>
</bind>
</comp>

<comp id="38" class="1001" name="const_38">
<pin_list>
<pin id="39" dir="1" index="0" bw="1" slack="2147483647"/>
</pin_list>
<bind>
<StgValue><ssdm name=""/></StgValue>
</bind>
</comp>

<comp id="40" class="1001" name="const_40">
<pin_list>
<pin id="41" dir="1" index="0" bw="1" slack="2147483647"/>
</pin_list>
<bind>
<StgValue><ssdm name="_ssdm_op_SpecLoopName"/></StgValue>
</bind>
</comp>

<comp id="42" class="1001" name="const_42">
<pin_list>
<pin id="43" dir="1" index="0" bw="1" slack="2147483647"/>
</pin_list>
<bind>
<StgValue><ssdm name="empty_12"/></StgValue>
</bind>
</comp>

<comp id="44" class="1001" name="const_44">
<pin_list>
<pin id="45" dir="1" index="0" bw="1" slack="0"/>
</pin_list>
<bind>
<StgValue><ssdm name=""/></StgValue>
</bind>
</comp>

<comp id="46" class="1004" name="next_label_fu_46">
<pin_list>
<pin id="47" dir="0" index="0" bw="1" slack="0"/>
<pin id="48" dir="1" index="1" bw="32" slack="0"/>
</pin_list>
<bind>
<opcode="alloca(26) " fcode="alloca"/>
<opset="next_label/1 "/>
</bind>
</comp>

<comp id="50" class="1004" name="y_fu_50">
<pin_list>
<pin id="51" dir="0" index="0" bw="1" slack="0"/>
<pin id="52" dir="1" index="1" bw="31" slack="0"/>
</pin_list>
<bind>
<opcode="alloca(26) " fcode="alloca"/>
<opset="y/1 "/>
</bind>
</comp>

<comp id="54" class="1004" name="p_loc7_fu_54">
<pin_list>
<pin id="55" dir="0" index="0" bw="1" slack="0"/>
<pin id="56" dir="1" index="1" bw="1" slack="2"/>
</pin_list>
<bind>
<opcode="alloca(26) " fcode="alloca"/>
<opset="p_loc7/1 "/>
</bind>
</comp>

<comp id="58" class="1004" name="p_0_0_03141012_loc_fu_58">
<pin_list>
<pin id="59" dir="0" index="0" bw="1" slack="0"/>
<pin id="60" dir="1" index="1" bw="8" slack="2"/>
</pin_list>
<bind>
<opcode="alloca(26) " fcode="alloca"/>
<opset="p_0_0_03141012_loc/1 "/>
</bind>
</comp>

<comp id="62" class="1004" name="p_0_0_0315813_loc_fu_62">
<pin_list>
<pin id="63" dir="0" index="0" bw="1" slack="0"/>
<pin id="64" dir="1" index="1" bw="8" slack="2"/>
</pin_list>
<bind>
<opcode="alloca(26) " fcode="alloca"/>
<opset="p_0_0_0315813_loc/1 "/>
</bind>
</comp>

<comp id="66" class="1004" name="p_0_0_0316614_loc_fu_66">
<pin_list>
<pin id="67" dir="0" index="0" bw="1" slack="0"/>
<pin id="68" dir="1" index="1" bw="8" slack="2"/>
</pin_list>
<bind>
<opcode="alloca(26) " fcode="alloca"/>
<opset="p_0_0_0316614_loc/1 "/>
</bind>
</comp>

<comp id="70" class="1004" name="p_0_0_0317415_loc_fu_70">
<pin_list>
<pin id="71" dir="0" index="0" bw="1" slack="0"/>
<pin id="72" dir="1" index="1" bw="8" slack="2"/>
</pin_list>
<bind>
<opcode="alloca(26) " fcode="alloca"/>
<opset="p_0_0_0317415_loc/1 "/>
</bind>
</comp>

<comp id="74" class="1004" name="p_loc_fu_74">
<pin_list>
<pin id="75" dir="0" index="0" bw="1" slack="0"/>
<pin id="76" dir="1" index="1" bw="32" slack="2"/>
</pin_list>
<bind>
<opcode="alloca(26) " fcode="alloca"/>
<opset="p_loc/1 "/>
</bind>
</comp>

<comp id="78" class="1004" name="prev_label_V_alloca_fu_78">
<pin_list>
<pin id="79" dir="0" index="0" bw="1" slack="0"/>
<pin id="80" dir="1" index="1" bw="8" slack="0"/>
</pin_list>
<bind>
<opcode="alloca(26) " fcode="alloca"/>
<opset="prev_label_V/1 "/>
</bind>
</comp>

<comp id="82" class="1004" name="prev_label_V_1_alloca_fu_82">
<pin_list>
<pin id="83" dir="0" index="0" bw="1" slack="0"/>
<pin id="84" dir="1" index="1" bw="8" slack="0"/>
</pin_list>
<bind>
<opcode="alloca(26) " fcode="alloca"/>
<opset="prev_label_V_1/1 "/>
</bind>
</comp>

<comp id="86" class="1004" name="curr_label_V_alloca_fu_86">
<pin_list>
<pin id="87" dir="0" index="0" bw="1" slack="0"/>
<pin id="88" dir="1" index="1" bw="8" slack="0"/>
</pin_list>
<bind>
<opcode="alloca(26) " fcode="alloca"/>
<opset="curr_label_V/1 "/>
</bind>
</comp>

<comp id="90" class="1004" name="curr_label_V_1_alloca_fu_90">
<pin_list>
<pin id="91" dir="0" index="0" bw="1" slack="0"/>
<pin id="92" dir="1" index="1" bw="8" slack="0"/>
</pin_list>
<bind>
<opcode="alloca(26) " fcode="alloca"/>
<opset="curr_label_V_1/1 "/>
</bind>
</comp>

<comp id="94" class="1004" name="parent_V_alloca_fu_94">
<pin_list>
<pin id="95" dir="0" index="0" bw="1" slack="0"/>
<pin id="96" dir="1" index="1" bw="8" slack="0"/>
</pin_list>
<bind>
<opcode="alloca(26) " fcode="alloca"/>
<opset="parent_V/1 "/>
</bind>
</comp>

<comp id="98" class="1004" name="min_x_V_alloca_fu_98">
<pin_list>
<pin id="99" dir="0" index="0" bw="1" slack="0"/>
<pin id="100" dir="1" index="1" bw="8" slack="0"/>
</pin_list>
<bind>
<opcode="alloca(26) " fcode="alloca"/>
<opset="min_x_V/1 "/>
</bind>
</comp>

<comp id="102" class="1004" name="min_y_V_alloca_fu_102">
<pin_list>
<pin id="103" dir="0" index="0" bw="1" slack="0"/>
<pin id="104" dir="1" index="1" bw="8" slack="0"/>
</pin_list>
<bind>
<opcode="alloca(26) " fcode="alloca"/>
<opset="min_y_V/1 "/>
</bind>
</comp>

<comp id="106" class="1004" name="max_x_V_alloca_fu_106">
<pin_list>
<pin id="107" dir="0" index="0" bw="1" slack="0"/>
<pin id="108" dir="1" index="1" bw="8" slack="0"/>
</pin_list>
<bind>
<opcode="alloca(26) " fcode="alloca"/>
<opset="max_x_V/1 "/>
</bind>
</comp>

<comp id="110" class="1004" name="max_y_V_alloca_fu_110">
<pin_list>
<pin id="111" dir="0" index="0" bw="1" slack="0"/>
<pin id="112" dir="1" index="1" bw="8" slack="0"/>
</pin_list>
<bind>
<opcode="alloca(26) " fcode="alloca"/>
<opset="max_y_V/1 "/>
</bind>
</comp>

<comp id="114" class="1004" name="count_alloca_fu_114">
<pin_list>
<pin id="115" dir="0" index="0" bw="1" slack="0"/>
<pin id="116" dir="1" index="1" bw="32" slack="0"/>
</pin_list>
<bind>
<opcode="alloca(26) " fcode="alloca"/>
<opset="count/1 "/>
</bind>
</comp>

<comp id="118" class="1004" name="height_read_read_fu_118">
<pin_list>
<pin id="119" dir="0" index="0" bw="32" slack="0"/>
<pin id="120" dir="0" index="1" bw="32" slack="0"/>
<pin id="121" dir="1" index="2" bw="32" slack="1"/>
</pin_list>
<bind>
<opcode="read(1150) " fcode="read"/>
<opset="height_read/2 "/>
</bind>
</comp>

<comp id="124" class="1004" name="width_read_read_fu_124">
<pin_list>
<pin id="125" dir="0" index="0" bw="32" slack="0"/>
<pin id="126" dir="0" index="1" bw="32" slack="0"/>
<pin id="127" dir="1" index="2" bw="32" slack="0"/>
</pin_list>
<bind>
<opcode="read(1150) " fcode="read"/>
<opset="width_read/2 "/>
</bind>
</comp>

<comp id="130" class="1004" name="grp_find_largest_component_ccl_Pipeline_INIT_COMPONENTS_fu_130">
<pin_list>
<pin id="131" dir="0" index="0" bw="0" slack="0"/>
<pin id="132" dir="0" index="1" bw="8" slack="0"/>
<pin id="133" dir="0" index="2" bw="8" slack="0"/>
<pin id="134" dir="0" index="3" bw="8" slack="0"/>
<pin id="135" dir="0" index="4" bw="8" slack="0"/>
<pin id="136" dir="0" index="5" bw="8" slack="0"/>
<pin id="137" dir="0" index="6" bw="32" slack="0"/>
<pin id="138" dir="1" index="7" bw="0" slack="2147483647"/>
</pin_list>
<bind>
<opcode="call(48) " fcode="call"/>
<opset="call_ln0/1 "/>
</bind>
</comp>

<comp id="146" class="1004" name="grp_find_largest_component_ccl_Pipeline_INIT_ROWS_fu_146">
<pin_list>
<pin id="147" dir="0" index="0" bw="0" slack="0"/>
<pin id="148" dir="0" index="1" bw="8" slack="0"/>
<pin id="149" dir="0" index="2" bw="8" slack="0"/>
<pin id="150" dir="0" index="3" bw="8" slack="0"/>
<pin id="151" dir="0" index="4" bw="8" slack="0"/>
<pin id="152" dir="1" index="5" bw="0" slack="2147483647"/>
</pin_list>
<bind>
<opcode="call(48) " fcode="call"/>
<opset="call_ln0/1 "/>
</bind>
</comp>

<comp id="158" class="1004" name="grp_find_largest_component_ccl_Pipeline_CLEAR_CURR_ROW_fu_158">
<pin_list>
<pin id="159" dir="0" index="0" bw="0" slack="0"/>
<pin id="160" dir="0" index="1" bw="8" slack="2147483647"/>
<pin id="161" dir="0" index="2" bw="8" slack="2147483647"/>
<pin id="162" dir="1" index="3" bw="0" slack="2147483647"/>
</pin_list>
<bind>
<opcode="call(48) " fcode="call"/>
<opset="call_ln0/3 "/>
</bind>
</comp>

<comp id="164" class="1004" name="grp_find_largest_component_ccl_Pipeline_SELECT_BEST_fu_164">
<pin_list>
<pin id="165" dir="0" index="0" bw="0" slack="0"/>
<pin id="166" dir="0" index="1" bw="8" slack="2147483647"/>
<pin id="167" dir="0" index="2" bw="32" slack="2147483647"/>
<pin id="168" dir="0" index="3" bw="8" slack="2147483647"/>
<pin id="169" dir="0" index="4" bw="8" slack="2147483647"/>
<pin id="170" dir="0" index="5" bw="8" slack="2147483647"/>
<pin id="171" dir="0" index="6" bw="8" slack="2147483647"/>
<pin id="172" dir="0" index="7" bw="32" slack="2"/>
<pin id="173" dir="0" index="8" bw="8" slack="2"/>
<pin id="174" dir="0" index="9" bw="8" slack="2"/>
<pin id="175" dir="0" index="10" bw="8" slack="2"/>
<pin id="176" dir="0" index="11" bw="8" slack="2"/>
<pin id="177" dir="0" index="12" bw="1" slack="2"/>
<pin id="178" dir="1" index="13" bw="0" slack="2147483647"/>
</pin_list>
<bind>
<opcode="call(48) " fcode="call"/>
<opset="call_ln0/3 "/>
</bind>
</comp>

<comp id="180" class="1004" name="grp_find_largest_component_ccl_Pipeline_CCL_X_LOOP_fu_180">
<pin_list>
<pin id="181" dir="0" index="0" bw="0" slack="0"/>
<pin id="182" dir="0" index="1" bw="32" slack="2"/>
<pin id="183" dir="0" index="2" bw="32" slack="5"/>
<pin id="184" dir="0" index="3" bw="15" slack="1"/>
<pin id="185" dir="0" index="4" bw="8" slack="2147483647"/>
<pin id="186" dir="0" index="5" bw="8" slack="2147483647"/>
<pin id="187" dir="0" index="6" bw="8" slack="2147483647"/>
<pin id="188" dir="0" index="7" bw="8" slack="2147483647"/>
<pin id="189" dir="0" index="8" bw="8" slack="2147483647"/>
<pin id="190" dir="0" index="9" bw="32" slack="2147483647"/>
<pin id="191" dir="0" index="10" bw="8" slack="2147483647"/>
<pin id="192" dir="0" index="11" bw="8" slack="2147483647"/>
<pin id="193" dir="0" index="12" bw="8" slack="2147483647"/>
<pin id="194" dir="0" index="13" bw="8" slack="2147483647"/>
<pin id="195" dir="0" index="14" bw="8" slack="4"/>
<pin id="196" dir="0" index="15" bw="32" slack="6"/>
<pin id="197" dir="0" index="16" bw="1" slack="0"/>
<pin id="198" dir="1" index="17" bw="0" slack="2147483647"/>
</pin_list>
<bind>
<opcode="call(48) " fcode="call"/>
<opset="call_ln127/7 "/>
</bind>
</comp>

<comp id="201" class="1004" name="grp_find_largest_component_ccl_Pipeline_COPY_ROW_fu_201">
<pin_list>
<pin id="202" dir="0" index="0" bw="0" slack="0"/>
<pin id="203" dir="0" index="1" bw="8" slack="2147483647"/>
<pin id="204" dir="0" index="2" bw="8" slack="2147483647"/>
<pin id="205" dir="0" index="3" bw="8" slack="2147483647"/>
<pin id="206" dir="0" index="4" bw="8" slack="2147483647"/>
<pin id="207" dir="1" index="5" bw="0" slack="2147483647"/>
</pin_list>
<bind>
<opcode="call(48) " fcode="call"/>
<opset="call_ln0/9 "/>
</bind>
</comp>

<comp id="209" class="1004" name="store_ln127_store_fu_209">
<pin_list>
<pin id="210" dir="0" index="0" bw="1" slack="0"/>
<pin id="211" dir="0" index="1" bw="31" slack="0"/>
<pin id="212" dir="1" index="2" bw="0" slack="2147483647"/>
</pin_list>
<bind>
<opcode="store(28) " fcode="store"/>
<opset="store_ln127/1 "/>
</bind>
</comp>

<comp id="214" class="1004" name="store_ln127_store_fu_214">
<pin_list>
<pin id="215" dir="0" index="0" bw="1" slack="0"/>
<pin id="216" dir="0" index="1" bw="32" slack="0"/>
<pin id="217" dir="1" index="2" bw="0" slack="2147483647"/>
</pin_list>
<bind>
<opcode="store(28) " fcode="store"/>
<opset="store_ln127/1 "/>
</bind>
</comp>

<comp id="219" class="1004" name="trunc_ln127_fu_219">
<pin_list>
<pin id="220" dir="0" index="0" bw="32" slack="0"/>
<pin id="221" dir="1" index="1" bw="15" slack="1"/>
</pin_list>
<bind>
<opcode="trunc(33) " fcode="trunc"/>
<opset="trunc_ln127/2 "/>
</bind>
</comp>

<comp id="223" class="1004" name="y_1_load_fu_223">
<pin_list>
<pin id="224" dir="0" index="0" bw="31" slack="2"/>
<pin id="225" dir="1" index="1" bw="31" slack="0"/>
</pin_list>
<bind>
<opcode="load(27) " fcode="load"/>
<opset="y_1/3 "/>
</bind>
</comp>

<comp id="226" class="1004" name="zext_ln127_fu_226">
<pin_list>
<pin id="227" dir="0" index="0" bw="31" slack="0"/>
<pin id="228" dir="1" index="1" bw="32" slack="0"/>
</pin_list>
<bind>
<opcode="zext(34) " fcode="zext"/>
<opset="zext_ln127/3 "/>
</bind>
</comp>

<comp id="230" class="1004" name="icmp_ln127_fu_230">
<pin_list>
<pin id="231" dir="0" index="0" bw="32" slack="0"/>
<pin id="232" dir="0" index="1" bw="32" slack="1"/>
<pin id="233" dir="1" index="2" bw="1" slack="2147483647"/>
</pin_list>
<bind>
<opcode="icmp(45) " fcode="icmp"/>
<opset="icmp_ln127/3 "/>
</bind>
</comp>

<comp id="235" class="1004" name="add_ln127_fu_235">
<pin_list>
<pin id="236" dir="0" index="0" bw="31" slack="0"/>
<pin id="237" dir="0" index="1" bw="1" slack="0"/>
<pin id="238" dir="1" index="2" bw="31" slack="0"/>
</pin_list>
<bind>
<opcode="add(8) " fcode="add"/>
<opset="add_ln127/3 "/>
</bind>
</comp>

<comp id="241" class="1004" name="trunc_ln127_1_fu_241">
<pin_list>
<pin id="242" dir="0" index="0" bw="31" slack="0"/>
<pin id="243" dir="1" index="1" bw="15" slack="0"/>
</pin_list>
<bind>
<opcode="trunc(33) " fcode="trunc"/>
<opset="trunc_ln127_1/3 "/>
</bind>
</comp>

<comp id="245" class="1004" name="empty_42_fu_245">
<pin_list>
<pin id="246" dir="0" index="0" bw="31" slack="0"/>
<pin id="247" dir="1" index="1" bw="8" slack="4"/>
</pin_list>
<bind>
<opcode="trunc(33) " fcode="trunc"/>
<opset="empty_42/3 "/>
</bind>
</comp>

<comp id="249" class="1004" name="store_ln127_store_fu_249">
<pin_list>
<pin id="250" dir="0" index="0" bw="31" slack="0"/>
<pin id="251" dir="0" index="1" bw="31" slack="2"/>
<pin id="252" dir="1" index="2" bw="0" slack="2147483647"/>
</pin_list>
<bind>
<opcode="store(28) " fcode="store"/>
<opset="store_ln127/3 "/>
</bind>
</comp>

<comp id="254" class="1004" name="next_label_load_load_fu_254">
<pin_list>
<pin id="255" dir="0" index="0" bw="32" slack="5"/>
<pin id="256" dir="1" index="1" bw="32" slack="2"/>
</pin_list>
<bind>
<opcode="load(27) " fcode="load"/>
<opset="next_label_load/6 "/>
</bind>
</comp>

<comp id="257" class="1004" name="p_loc_load_load_fu_257">
<pin_list>
<pin id="258" dir="0" index="0" bw="32" slack="4"/>
<pin id="259" dir="1" index="1" bw="32" slack="0"/>
</pin_list>
<bind>
<opcode="load(27) " fcode="load"/>
<opset="p_loc_load/12 "/>
</bind>
</comp>

<comp id="260" class="1004" name="p_0_0_0317415_loc_load_load_fu_260">
<pin_list>
<pin id="261" dir="0" index="0" bw="8" slack="4"/>
<pin id="262" dir="1" index="1" bw="8" slack="0"/>
</pin_list>
<bind>
<opcode="load(27) " fcode="load"/>
<opset="p_0_0_0317415_loc_load/12 "/>
</bind>
</comp>

<comp id="263" class="1004" name="p_0_0_0316614_loc_load_load_fu_263">
<pin_list>
<pin id="264" dir="0" index="0" bw="8" slack="4"/>
<pin id="265" dir="1" index="1" bw="8" slack="0"/>
</pin_list>
<bind>
<opcode="load(27) " fcode="load"/>
<opset="p_0_0_0316614_loc_load/12 "/>
</bind>
</comp>

<comp id="266" class="1004" name="p_0_0_0315813_loc_load_load_fu_266">
<pin_list>
<pin id="267" dir="0" index="0" bw="8" slack="4"/>
<pin id="268" dir="1" index="1" bw="8" slack="0"/>
</pin_list>
<bind>
<opcode="load(27) " fcode="load"/>
<opset="p_0_0_0315813_loc_load/12 "/>
</bind>
</comp>

<comp id="269" class="1004" name="p_0_0_03141012_loc_load_load_fu_269">
<pin_list>
<pin id="270" dir="0" index="0" bw="8" slack="4"/>
<pin id="271" dir="1" index="1" bw="8" slack="0"/>
</pin_list>
<bind>
<opcode="load(27) " fcode="load"/>
<opset="p_0_0_03141012_loc_load/12 "/>
</bind>
</comp>

<comp id="272" class="1004" name="p_loc7_load_load_fu_272">
<pin_list>
<pin id="273" dir="0" index="0" bw="1" slack="4"/>
<pin id="274" dir="1" index="1" bw="1" slack="0"/>
</pin_list>
<bind>
<opcode="load(27) " fcode="load"/>
<opset="p_loc7_load/12 "/>
</bind>
</comp>

<comp id="275" class="1004" name="mrv_fu_275">
<pin_list>
<pin id="276" dir="0" index="0" bw="65" slack="0"/>
<pin id="277" dir="0" index="1" bw="8" slack="0"/>
<pin id="278" dir="1" index="2" bw="65" slack="0"/>
</pin_list>
<bind>
<opcode="insertvalue(57) " fcode="insertvalue"/>
<opset="mrv/12 "/>
</bind>
</comp>

<comp id="281" class="1004" name="mrv_1_fu_281">
<pin_list>
<pin id="282" dir="0" index="0" bw="65" slack="0"/>
<pin id="283" dir="0" index="1" bw="8" slack="0"/>
<pin id="284" dir="1" index="2" bw="65" slack="0"/>
</pin_list>
<bind>
<opcode="insertvalue(57) " fcode="insertvalue"/>
<opset="mrv_1/12 "/>
</bind>
</comp>

<comp id="287" class="1004" name="mrv_2_fu_287">
<pin_list>
<pin id="288" dir="0" index="0" bw="65" slack="0"/>
<pin id="289" dir="0" index="1" bw="8" slack="0"/>
<pin id="290" dir="1" index="2" bw="65" slack="0"/>
</pin_list>
<bind>
<opcode="insertvalue(57) " fcode="insertvalue"/>
<opset="mrv_2/12 "/>
</bind>
</comp>

<comp id="293" class="1004" name="mrv_3_fu_293">
<pin_list>
<pin id="294" dir="0" index="0" bw="65" slack="0"/>
<pin id="295" dir="0" index="1" bw="8" slack="0"/>
<pin id="296" dir="1" index="2" bw="65" slack="0"/>
</pin_list>
<bind>
<opcode="insertvalue(57) " fcode="insertvalue"/>
<opset="mrv_3/12 "/>
</bind>
</comp>

<comp id="299" class="1004" name="mrv_4_fu_299">
<pin_list>
<pin id="300" dir="0" index="0" bw="65" slack="0"/>
<pin id="301" dir="0" index="1" bw="32" slack="0"/>
<pin id="302" dir="1" index="2" bw="65" slack="0"/>
</pin_list>
<bind>
<opcode="insertvalue(57) " fcode="insertvalue"/>
<opset="mrv_4/12 "/>
</bind>
</comp>

<comp id="305" class="1004" name="mrv_5_fu_305">
<pin_list>
<pin id="306" dir="0" index="0" bw="65" slack="0"/>
<pin id="307" dir="0" index="1" bw="1" slack="0"/>
<pin id="308" dir="1" index="2" bw="65" slack="2147483647"/>
</pin_list>
<bind>
<opcode="insertvalue(57) " fcode="insertvalue"/>
<opset="mrv_5/12 "/>
</bind>
</comp>

<comp id="311" class="1007" name="grp_fu_311">
<pin_list>
<pin id="312" dir="0" index="0" bw="15" slack="0"/>
<pin id="313" dir="0" index="1" bw="15" slack="1"/>
<pin id="314" dir="1" index="2" bw="15" slack="1"/>
</pin_list>
<bind>
<opcode="mul(12) " fcode="mul"/>
<opset="empty/3 "/>
</bind>
</comp>

<comp id="316" class="1005" name="next_label_reg_316">
<pin_list>
<pin id="317" dir="0" index="0" bw="32" slack="0"/>
<pin id="318" dir="1" index="1" bw="32" slack="0"/>
</pin_list>
<bind>
<opset="next_label "/>
</bind>
</comp>

<comp id="323" class="1005" name="y_reg_323">
<pin_list>
<pin id="324" dir="0" index="0" bw="31" slack="0"/>
<pin id="325" dir="1" index="1" bw="31" slack="0"/>
</pin_list>
<bind>
<opset="y "/>
</bind>
</comp>

<comp id="330" class="1005" name="p_loc7_reg_330">
<pin_list>
<pin id="331" dir="0" index="0" bw="1" slack="2"/>
<pin id="332" dir="1" index="1" bw="1" slack="2"/>
</pin_list>
<bind>
<opset="p_loc7 "/>
</bind>
</comp>

<comp id="336" class="1005" name="p_0_0_03141012_loc_reg_336">
<pin_list>
<pin id="337" dir="0" index="0" bw="8" slack="2"/>
<pin id="338" dir="1" index="1" bw="8" slack="2"/>
</pin_list>
<bind>
<opset="p_0_0_03141012_loc "/>
</bind>
</comp>

<comp id="342" class="1005" name="p_0_0_0315813_loc_reg_342">
<pin_list>
<pin id="343" dir="0" index="0" bw="8" slack="2"/>
<pin id="344" dir="1" index="1" bw="8" slack="2"/>
</pin_list>
<bind>
<opset="p_0_0_0315813_loc "/>
</bind>
</comp>

<comp id="348" class="1005" name="p_0_0_0316614_loc_reg_348">
<pin_list>
<pin id="349" dir="0" index="0" bw="8" slack="2"/>
<pin id="350" dir="1" index="1" bw="8" slack="2"/>
</pin_list>
<bind>
<opset="p_0_0_0316614_loc "/>
</bind>
</comp>

<comp id="354" class="1005" name="p_0_0_0317415_loc_reg_354">
<pin_list>
<pin id="355" dir="0" index="0" bw="8" slack="2"/>
<pin id="356" dir="1" index="1" bw="8" slack="2"/>
</pin_list>
<bind>
<opset="p_0_0_0317415_loc "/>
</bind>
</comp>

<comp id="360" class="1005" name="p_loc_reg_360">
<pin_list>
<pin id="361" dir="0" index="0" bw="32" slack="2"/>
<pin id="362" dir="1" index="1" bw="32" slack="2"/>
</pin_list>
<bind>
<opset="p_loc "/>
</bind>
</comp>

<comp id="366" class="1005" name="height_read_reg_366">
<pin_list>
<pin id="367" dir="0" index="0" bw="32" slack="1"/>
<pin id="368" dir="1" index="1" bw="32" slack="1"/>
</pin_list>
<bind>
<opset="height_read "/>
</bind>
</comp>

<comp id="371" class="1005" name="width_read_reg_371">
<pin_list>
<pin id="372" dir="0" index="0" bw="32" slack="5"/>
<pin id="373" dir="1" index="1" bw="32" slack="5"/>
</pin_list>
<bind>
<opset="width_read "/>
</bind>
</comp>

<comp id="376" class="1005" name="trunc_ln127_reg_376">
<pin_list>
<pin id="377" dir="0" index="0" bw="15" slack="1"/>
<pin id="378" dir="1" index="1" bw="15" slack="1"/>
</pin_list>
<bind>
<opset="trunc_ln127 "/>
</bind>
</comp>

<comp id="384" class="1005" name="trunc_ln127_1_reg_384">
<pin_list>
<pin id="385" dir="0" index="0" bw="15" slack="1"/>
<pin id="386" dir="1" index="1" bw="15" slack="1"/>
</pin_list>
<bind>
<opset="trunc_ln127_1 "/>
</bind>
</comp>

<comp id="389" class="1005" name="empty_42_reg_389">
<pin_list>
<pin id="390" dir="0" index="0" bw="8" slack="4"/>
<pin id="391" dir="1" index="1" bw="8" slack="4"/>
</pin_list>
<bind>
<opset="empty_42 "/>
</bind>
</comp>

<comp id="394" class="1005" name="next_label_load_reg_394">
<pin_list>
<pin id="395" dir="0" index="0" bw="32" slack="2"/>
<pin id="396" dir="1" index="1" bw="32" slack="2"/>
</pin_list>
<bind>
<opset="next_label_load "/>
</bind>
</comp>

<comp id="399" class="1005" name="empty_reg_399">
<pin_list>
<pin id="400" dir="0" index="0" bw="15" slack="1"/>
<pin id="401" dir="1" index="1" bw="15" slack="1"/>
</pin_list>
<bind>
<opset="empty "/>
</bind>
</comp>

</comp_list>

<net_list>
<net id="49"><net_src comp="6" pin="0"/><net_sink comp="46" pin=0"/></net>

<net id="53"><net_src comp="6" pin="0"/><net_sink comp="50" pin=0"/></net>

<net id="57"><net_src comp="8" pin="0"/><net_sink comp="54" pin=0"/></net>

<net id="61"><net_src comp="8" pin="0"/><net_sink comp="58" pin=0"/></net>

<net id="65"><net_src comp="8" pin="0"/><net_sink comp="62" pin=0"/></net>

<net id="69"><net_src comp="8" pin="0"/><net_sink comp="66" pin=0"/></net>

<net id="73"><net_src comp="8" pin="0"/><net_sink comp="70" pin=0"/></net>

<net id="77"><net_src comp="8" pin="0"/><net_sink comp="74" pin=0"/></net>

<net id="81"><net_src comp="8" pin="0"/><net_sink comp="78" pin=0"/></net>

<net id="85"><net_src comp="8" pin="0"/><net_sink comp="82" pin=0"/></net>

<net id="89"><net_src comp="8" pin="0"/><net_sink comp="86" pin=0"/></net>

<net id="93"><net_src comp="8" pin="0"/><net_sink comp="90" pin=0"/></net>

<net id="97"><net_src comp="8" pin="0"/><net_sink comp="94" pin=0"/></net>

<net id="101"><net_src comp="8" pin="0"/><net_sink comp="98" pin=0"/></net>

<net id="105"><net_src comp="8" pin="0"/><net_sink comp="102" pin=0"/></net>

<net id="109"><net_src comp="8" pin="0"/><net_sink comp="106" pin=0"/></net>

<net id="113"><net_src comp="8" pin="0"/><net_sink comp="110" pin=0"/></net>

<net id="117"><net_src comp="8" pin="0"/><net_sink comp="114" pin=0"/></net>

<net id="122"><net_src comp="16" pin="0"/><net_sink comp="118" pin=0"/></net>

<net id="123"><net_src comp="2" pin="0"/><net_sink comp="118" pin=1"/></net>

<net id="128"><net_src comp="16" pin="0"/><net_sink comp="124" pin=0"/></net>

<net id="129"><net_src comp="0" pin="0"/><net_sink comp="124" pin=1"/></net>

<net id="139"><net_src comp="10" pin="0"/><net_sink comp="130" pin=0"/></net>

<net id="140"><net_src comp="94" pin="1"/><net_sink comp="130" pin=1"/></net>

<net id="141"><net_src comp="98" pin="1"/><net_sink comp="130" pin=2"/></net>

<net id="142"><net_src comp="102" pin="1"/><net_sink comp="130" pin=3"/></net>

<net id="143"><net_src comp="106" pin="1"/><net_sink comp="130" pin=4"/></net>

<net id="144"><net_src comp="110" pin="1"/><net_sink comp="130" pin=5"/></net>

<net id="145"><net_src comp="114" pin="1"/><net_sink comp="130" pin=6"/></net>

<net id="153"><net_src comp="12" pin="0"/><net_sink comp="146" pin=0"/></net>

<net id="154"><net_src comp="90" pin="1"/><net_sink comp="146" pin=1"/></net>

<net id="155"><net_src comp="86" pin="1"/><net_sink comp="146" pin=2"/></net>

<net id="156"><net_src comp="82" pin="1"/><net_sink comp="146" pin=3"/></net>

<net id="157"><net_src comp="78" pin="1"/><net_sink comp="146" pin=4"/></net>

<net id="163"><net_src comp="28" pin="0"/><net_sink comp="158" pin=0"/></net>

<net id="179"><net_src comp="30" pin="0"/><net_sink comp="164" pin=0"/></net>

<net id="199"><net_src comp="32" pin="0"/><net_sink comp="180" pin=0"/></net>

<net id="200"><net_src comp="4" pin="0"/><net_sink comp="180" pin=16"/></net>

<net id="208"><net_src comp="34" pin="0"/><net_sink comp="201" pin=0"/></net>

<net id="213"><net_src comp="14" pin="0"/><net_sink comp="209" pin=0"/></net>

<net id="218"><net_src comp="6" pin="0"/><net_sink comp="214" pin=0"/></net>

<net id="222"><net_src comp="124" pin="2"/><net_sink comp="219" pin=0"/></net>

<net id="229"><net_src comp="223" pin="1"/><net_sink comp="226" pin=0"/></net>

<net id="234"><net_src comp="226" pin="1"/><net_sink comp="230" pin=0"/></net>

<net id="239"><net_src comp="223" pin="1"/><net_sink comp="235" pin=0"/></net>

<net id="240"><net_src comp="26" pin="0"/><net_sink comp="235" pin=1"/></net>

<net id="244"><net_src comp="223" pin="1"/><net_sink comp="241" pin=0"/></net>

<net id="248"><net_src comp="223" pin="1"/><net_sink comp="245" pin=0"/></net>

<net id="253"><net_src comp="235" pin="2"/><net_sink comp="249" pin=0"/></net>

<net id="279"><net_src comp="44" pin="0"/><net_sink comp="275" pin=0"/></net>

<net id="280"><net_src comp="260" pin="1"/><net_sink comp="275" pin=1"/></net>

<net id="285"><net_src comp="275" pin="2"/><net_sink comp="281" pin=0"/></net>

<net id="286"><net_src comp="263" pin="1"/><net_sink comp="281" pin=1"/></net>

<net id="291"><net_src comp="281" pin="2"/><net_sink comp="287" pin=0"/></net>

<net id="292"><net_src comp="266" pin="1"/><net_sink comp="287" pin=1"/></net>

<net id="297"><net_src comp="287" pin="2"/><net_sink comp="293" pin=0"/></net>

<net id="298"><net_src comp="269" pin="1"/><net_sink comp="293" pin=1"/></net>

<net id="303"><net_src comp="293" pin="2"/><net_sink comp="299" pin=0"/></net>

<net id="304"><net_src comp="257" pin="1"/><net_sink comp="299" pin=1"/></net>

<net id="309"><net_src comp="299" pin="2"/><net_sink comp="305" pin=0"/></net>

<net id="310"><net_src comp="272" pin="1"/><net_sink comp="305" pin=1"/></net>

<net id="315"><net_src comp="241" pin="1"/><net_sink comp="311" pin=0"/></net>

<net id="319"><net_src comp="46" pin="1"/><net_sink comp="316" pin=0"/></net>

<net id="320"><net_src comp="316" pin="1"/><net_sink comp="214" pin=1"/></net>

<net id="321"><net_src comp="316" pin="1"/><net_sink comp="254" pin=0"/></net>

<net id="322"><net_src comp="316" pin="1"/><net_sink comp="180" pin=15"/></net>

<net id="326"><net_src comp="50" pin="1"/><net_sink comp="323" pin=0"/></net>

<net id="327"><net_src comp="323" pin="1"/><net_sink comp="209" pin=1"/></net>

<net id="328"><net_src comp="323" pin="1"/><net_sink comp="223" pin=0"/></net>

<net id="329"><net_src comp="323" pin="1"/><net_sink comp="249" pin=1"/></net>

<net id="333"><net_src comp="54" pin="1"/><net_sink comp="330" pin=0"/></net>

<net id="334"><net_src comp="330" pin="1"/><net_sink comp="164" pin=12"/></net>

<net id="335"><net_src comp="330" pin="1"/><net_sink comp="272" pin=0"/></net>

<net id="339"><net_src comp="58" pin="1"/><net_sink comp="336" pin=0"/></net>

<net id="340"><net_src comp="336" pin="1"/><net_sink comp="164" pin=11"/></net>

<net id="341"><net_src comp="336" pin="1"/><net_sink comp="269" pin=0"/></net>

<net id="345"><net_src comp="62" pin="1"/><net_sink comp="342" pin=0"/></net>

<net id="346"><net_src comp="342" pin="1"/><net_sink comp="164" pin=10"/></net>

<net id="347"><net_src comp="342" pin="1"/><net_sink comp="266" pin=0"/></net>

<net id="351"><net_src comp="66" pin="1"/><net_sink comp="348" pin=0"/></net>

<net id="352"><net_src comp="348" pin="1"/><net_sink comp="164" pin=9"/></net>

<net id="353"><net_src comp="348" pin="1"/><net_sink comp="263" pin=0"/></net>

<net id="357"><net_src comp="70" pin="1"/><net_sink comp="354" pin=0"/></net>

<net id="358"><net_src comp="354" pin="1"/><net_sink comp="164" pin=8"/></net>

<net id="359"><net_src comp="354" pin="1"/><net_sink comp="260" pin=0"/></net>

<net id="363"><net_src comp="74" pin="1"/><net_sink comp="360" pin=0"/></net>

<net id="364"><net_src comp="360" pin="1"/><net_sink comp="164" pin=7"/></net>

<net id="365"><net_src comp="360" pin="1"/><net_sink comp="257" pin=0"/></net>

<net id="369"><net_src comp="118" pin="2"/><net_sink comp="366" pin=0"/></net>

<net id="370"><net_src comp="366" pin="1"/><net_sink comp="230" pin=1"/></net>

<net id="374"><net_src comp="124" pin="2"/><net_sink comp="371" pin=0"/></net>

<net id="375"><net_src comp="371" pin="1"/><net_sink comp="180" pin=2"/></net>

<net id="379"><net_src comp="219" pin="1"/><net_sink comp="376" pin=0"/></net>

<net id="380"><net_src comp="376" pin="1"/><net_sink comp="311" pin=1"/></net>

<net id="387"><net_src comp="241" pin="1"/><net_sink comp="384" pin=0"/></net>

<net id="388"><net_src comp="384" pin="1"/><net_sink comp="311" pin=0"/></net>

<net id="392"><net_src comp="245" pin="1"/><net_sink comp="389" pin=0"/></net>

<net id="393"><net_src comp="389" pin="1"/><net_sink comp="180" pin=14"/></net>

<net id="397"><net_src comp="254" pin="1"/><net_sink comp="394" pin=0"/></net>

<net id="398"><net_src comp="394" pin="1"/><net_sink comp="180" pin=1"/></net>

<net id="402"><net_src comp="311" pin="2"/><net_sink comp="399" pin=0"/></net>

<net id="403"><net_src comp="399" pin="1"/><net_sink comp="180" pin=3"/></net>

</net_list>

</model> 
---------------- Datapath Model END ------------------

* FSMD analyzer results:
  - Output states:
	Port: binary_V | {}
 - Input state : 
	Port: find_largest_component_ccl : width | {2 }
	Port: find_largest_component_ccl : height | {2 }
	Port: find_largest_component_ccl : binary_V | {7 8 }
  - Chain level:
	State 1
		call_ln0 : 1
		call_ln0 : 1
		store_ln127 : 1
		store_ln127 : 1
	State 2
	State 3
		zext_ln127 : 1
		icmp_ln127 : 2
		add_ln127 : 1
		br_ln127 : 3
		trunc_ln127_1 : 1
		empty : 2
		empty_42 : 1
		store_ln127 : 2
	State 4
	State 5
	State 6
	State 7
	State 8
	State 9
	State 10
	State 11
	State 12
		mrv : 1
		mrv_1 : 2
		mrv_2 : 3
		mrv_3 : 4
		mrv_4 : 5
		mrv_5 : 6
		ret_ln219 : 7


============================================================
+ Verbose Summary: Datapath Resource usage 
============================================================

* Functional unit list:
|----------|----------------------------------------------------------------|---------|---------|---------|---------|
| Operation|                         Functional Unit                        |   DSP   |  Delay  |    FF   |   LUT   |
|----------|----------------------------------------------------------------|---------|---------|---------|---------|
|          | grp_find_largest_component_ccl_Pipeline_INIT_COMPONENTS_fu_130 |    0    |    0    |    9    |    25   |
|          |    grp_find_largest_component_ccl_Pipeline_INIT_ROWS_fu_146    |    0    |    0    |    8    |    26   |
|   call   |  grp_find_largest_component_ccl_Pipeline_CLEAR_CURR_ROW_fu_158 |    0    |    0    |    8    |    26   |
|          |   grp_find_largest_component_ccl_Pipeline_SELECT_BEST_fu_164   |    0    |  11.116 |   230   |   185   |
|          |    grp_find_largest_component_ccl_Pipeline_CCL_X_LOOP_fu_180   |    0    | 37.4042 |   730   |   888   |
|          |     grp_find_largest_component_ccl_Pipeline_COPY_ROW_fu_201    |    0    |  3.176  |    37   |    53   |
|----------|----------------------------------------------------------------|---------|---------|---------|---------|
|    add   |                        add_ln127_fu_235                        |    0    |    0    |    0    |    38   |
|----------|----------------------------------------------------------------|---------|---------|---------|---------|
|   icmp   |                        icmp_ln127_fu_230                       |    0    |    0    |    0    |    18   |
|----------|----------------------------------------------------------------|---------|---------|---------|---------|
|    mul   |                           grp_fu_311                           |    1    |    0    |    0    |    0    |
|----------|----------------------------------------------------------------|---------|---------|---------|---------|
|   read   |                     height_read_read_fu_118                    |    0    |    0    |    0    |    0    |
|          |                     width_read_read_fu_124                     |    0    |    0    |    0    |    0    |
|----------|----------------------------------------------------------------|---------|---------|---------|---------|
|          |                       trunc_ln127_fu_219                       |    0    |    0    |    0    |    0    |
|   trunc  |                      trunc_ln127_1_fu_241                      |    0    |    0    |    0    |    0    |
|          |                         empty_42_fu_245                        |    0    |    0    |    0    |    0    |
|----------|----------------------------------------------------------------|---------|---------|---------|---------|
|   zext   |                        zext_ln127_fu_226                       |    0    |    0    |    0    |    0    |
|----------|----------------------------------------------------------------|---------|---------|---------|---------|
|          |                           mrv_fu_275                           |    0    |    0    |    0    |    0    |
|          |                          mrv_1_fu_281                          |    0    |    0    |    0    |    0    |
|insertvalue|                          mrv_2_fu_287                          |    0    |    0    |    0    |    0    |
|          |                          mrv_3_fu_293                          |    0    |    0    |    0    |    0    |
|          |                          mrv_4_fu_299                          |    0    |    0    |    0    |    0    |
|          |                          mrv_5_fu_305                          |    0    |    0    |    0    |    0    |
|----------|----------------------------------------------------------------|---------|---------|---------|---------|
|   Total  |                                                                |    1    | 51.6962 |   1022  |   1259  |
|----------|----------------------------------------------------------------|---------|---------|---------|---------|

Memories:
+--------------+--------+--------+--------+--------+
|              |  BRAM  |   FF   |   LUT  |  URAM  |
+--------------+--------+--------+--------+--------+
|     count    |    1   |    0   |    0   |    0   |
| curr_label_V |    0   |    8   |   10   |    0   |
|curr_label_V_1|    0   |    8   |   10   |    0   |
|    max_x_V   |    1   |    0   |    0   |    0   |
|    max_y_V   |    1   |    0   |    0   |    0   |
|    min_x_V   |    1   |    0   |    0   |    0   |
|    min_y_V   |    1   |    0   |    0   |    0   |
|   parent_V   |    1   |    0   |    0   |    0   |
| prev_label_V |    0   |    8   |   10   |    0   |
|prev_label_V_1|    0   |    8   |   10   |    0   |
+--------------+--------+--------+--------+--------+
|     Total    |    6   |   32   |   40   |    0   |
+--------------+--------+--------+--------+--------+

* Register list:
+--------------------------+--------+
|                          |   FF   |
+--------------------------+--------+
|     empty_42_reg_389     |    8   |
|       empty_reg_399      |   15   |
|    height_read_reg_366   |   32   |
|  next_label_load_reg_394 |   32   |
|    next_label_reg_316    |   32   |
|p_0_0_03141012_loc_reg_336|    8   |
| p_0_0_0315813_loc_reg_342|    8   |
| p_0_0_0316614_loc_reg_348|    8   |
| p_0_0_0317415_loc_reg_354|    8   |
|      p_loc7_reg_330      |    1   |
|       p_loc_reg_360      |   32   |
|   trunc_ln127_1_reg_384  |   15   |
|    trunc_ln127_reg_376   |   15   |
|    width_read_reg_371    |   32   |
|         y_reg_323        |   31   |
+--------------------------+--------+
|           Total          |   277  |
+--------------------------+--------+

* Multiplexer (MUX) list: 
|------------|------|------|------|--------||---------||---------|
|    Comp    |  Pin | Size |  BW  | S x BW ||  Delay  ||   LUT   |
|------------|------|------|------|--------||---------||---------|
| grp_fu_311 |  p0  |   2  |  15  |   30   ||    9    |
|------------|------|------|------|--------||---------||---------|
|    Total   |      |      |      |   30   ||  1.588  ||    9    |
|------------|------|------|------|--------||---------||---------|



* Summary:
+-----------+--------+--------+--------+--------+--------+--------+
|           |  BRAM  |   DSP  |  Delay |   FF   |   LUT  |  URAM  |
+-----------+--------+--------+--------+--------+--------+--------+
|  Function |    -   |    1   |   51   |  1022  |  1259  |    -   |
|   Memory  |    6   |    -   |    -   |   32   |   40   |    0   |
|Multiplexer|    -   |    -   |    1   |    -   |    9   |    -   |
|  Register |    -   |    -   |    -   |   277  |    -   |    -   |
+-----------+--------+--------+--------+--------+--------+--------+
|   Total   |    6   |    1   |   53   |  1331  |  1308  |    0   |
+-----------+--------+--------+--------+--------+--------+--------+
