

================================================================
== Vitis HLS Report for 'card_recognizer_hw_Pipeline_VITIS_LOOP_105_1'
================================================================
* Date:           Tue Jun  9 14:11:46 2026

* Version:        2022.2 (Build 3670227 on Oct 13 2022)
* Project:        card_recognizer_hls
* Solution:       solution1 (Vivado IP Flow Target)
* Product family: zynq
* Target device:  xc7z010-clg400-1


================================================================
== Performance Estimates
================================================================
+ Timing: 
    * Summary: 
    +--------+----------+----------+------------+
    |  Clock |  Target  | Estimated| Uncertainty|
    +--------+----------+----------+------------+
    |ap_clk  |  10.00 ns|  7.300 ns|     2.70 ns|
    +--------+----------+----------+------------+

+ Latency: 
    * Summary: 
    +---------+---------+----------+----------+-----+-----+---------+
    |  Latency (cycles) |  Latency (absolute) |  Interval | Pipeline|
    |   min   |   max   |    min   |    max   | min | max |   Type  |
    +---------+---------+----------+----------+-----+-----+---------+
    |       27|        ?|  0.270 us|         ?|   27|    ?|       no|
    +---------+---------+----------+----------+-----+-----+---------+

    + Detail: 
        * Instance: 
        N/A

        * Loop: 
        +--------------------+---------+---------+----------+-----------+-----------+-------+----------+
        |                    |  Latency (cycles) | Iteration|  Initiation Interval  |  Trip |          |
        |      Loop Name     |   min   |   max   |  Latency |  achieved |   target  | Count | Pipelined|
        +--------------------+---------+---------+----------+-----------+-----------+-------+----------+
        |- VITIS_LOOP_105_1  |       25|        ?|        26|          3|          1|  1 ~ ?|       yes|
        +--------------------+---------+---------+----------+-----------+-----------+-------+----------+



================================================================
== Utilization Estimates
================================================================
* Summary: 
+-----------------+---------+----+-------+-------+-----+
|       Name      | BRAM_18K| DSP|   FF  |  LUT  | URAM|
+-----------------+---------+----+-------+-------+-----+
|DSP              |        -|   -|      -|      -|    -|
|Expression       |        -|   -|      0|    423|    -|
|FIFO             |        -|   -|      -|      -|    -|
|Instance         |        -|   5|    348|    711|    -|
|Memory           |        -|   -|      -|      -|    -|
|Multiplexer      |        -|   -|      -|    234|    -|
|Register         |        -|   -|    532|     96|    -|
+-----------------+---------+----+-------+-------+-----+
|Total            |        0|   5|    880|   1464|    0|
+-----------------+---------+----+-------+-------+-----+
|Available        |      120|  80|  35200|  17600|    0|
+-----------------+---------+----+-------+-------+-----+
|Utilization (%)  |        0|   6|      2|      8|    0|
+-----------------+---------+----+-------+-------+-----+

+ Detail: 
    * Instance: 
    +-----------------------------------+--------------------------------+---------+----+-----+-----+-----+
    |              Instance             |             Module             | BRAM_18K| DSP|  FF | LUT | URAM|
    +-----------------------------------+--------------------------------+---------+----+-----+-----+-----+
    |fadd_32ns_32ns_32_5_full_dsp_1_U1  |fadd_32ns_32ns_32_5_full_dsp_1  |        0|   2|  205|  390|    0|
    |fmul_32ns_32ns_32_4_max_dsp_1_U2   |fmul_32ns_32ns_32_4_max_dsp_1   |        0|   3|  143|  321|    0|
    |sitofp_32ns_32_6_no_dsp_1_U3       |sitofp_32ns_32_6_no_dsp_1       |        0|   0|    0|    0|    0|
    +-----------------------------------+--------------------------------+---------+----+-----+-----+-----+
    |Total                              |                                |        0|   5|  348|  711|    0|
    +-----------------------------------+--------------------------------+---------+----+-----+-----+-----+

    * DSP: 
    N/A

    * Memory: 
    N/A

    * FIFO: 
    N/A

    * Expression: 
    +----------------------------------+----------+----+---+-----+------------+------------+
    |           Variable Name          | Operation| DSP| FF| LUT | Bitwidth P0| Bitwidth P1|
    +----------------------------------+----------+----+---+-----+------------+------------+
    |add_ln105_fu_164_p2               |         +|   0|  0|   26|          19|           1|
    |add_ln346_fu_210_p2               |         +|   0|  0|   14|           9|           8|
    |sub_ln1512_fu_224_p2              |         -|   0|  0|   15|           7|           8|
    |ap_block_pp0_stage0_11001         |       and|   0|  0|    2|           1|           1|
    |ap_block_pp0_stage1_11001         |       and|   0|  0|    2|           1|           1|
    |ap_block_state2_pp0_stage1_iter0  |       and|   0|  0|    2|           1|           1|
    |icmp_ln105_fu_152_p2              |      icmp|   0|  0|   17|          31|          31|
    |r_V_fu_261_p2                     |      lshr|   0|  0|  163|          55|          55|
    |ush_fu_233_p3                     |    select|   0|  0|    9|           1|           9|
    |val_fu_295_p3                     |    select|   0|  0|    8|           1|           8|
    |r_V_4_fu_267_p2                   |       shl|   0|  0|  163|          55|          55|
    |ap_enable_pp0                     |       xor|   0|  0|    2|           1|           2|
    +----------------------------------+----------+----+---+-----+------------+------------+
    |Total                             |          |   0|  0|  423|         182|         180|
    +----------------------------------+----------+----+---+-----+------------+------------+

    * Multiplexer: 
    +----------------------------------+----+-----------+-----+-----------+
    |               Name               | LUT| Input Size| Bits| Total Bits|
    +----------------------------------+----+-----------+-----+-----------+
    |ap_NS_fsm                         |  20|          4|    1|          4|
    |ap_done_int                       |   9|          2|    1|          2|
    |ap_enable_reg_pp0_iter0           |   9|          2|    1|          2|
    |ap_enable_reg_pp0_iter1           |   9|          2|    1|          2|
    |ap_enable_reg_pp0_iter8           |   9|          2|    1|          2|
    |ap_loop_exit_ready_pp0_iter1_reg  |   9|          2|    1|          2|
    |ap_loop_exit_ready_pp0_iter2_reg  |   9|          2|    1|          2|
    |ap_loop_exit_ready_pp0_iter3_reg  |   9|          2|    1|          2|
    |ap_loop_exit_ready_pp0_iter4_reg  |   9|          2|    1|          2|
    |ap_loop_exit_ready_pp0_iter5_reg  |   9|          2|    1|          2|
    |ap_loop_exit_ready_pp0_iter6_reg  |   9|          2|    1|          2|
    |ap_loop_exit_ready_pp0_iter7_reg  |   9|          2|    1|          2|
    |ap_sig_allocacmp_i_2              |   9|          2|   19|         38|
    |gmem_blk_n_R                      |   9|          2|    1|          2|
    |grp_fu_122_p0                     |  14|          3|   32|         96|
    |grp_fu_122_p1                     |  14|          3|   32|         96|
    |grp_fu_126_p0                     |  20|          4|   32|        128|
    |grp_fu_126_p1                     |  20|          4|   32|        128|
    |grp_fu_133_p0                     |  20|          4|   32|        128|
    |i_fu_88                           |   9|          2|   19|         38|
    +----------------------------------+----+-----------+-----+-----------+
    |Total                             | 234|         50|  211|        680|
    +----------------------------------+----+-----------+-----+-----------+

    * Register: 
    +----------------------------------+----+----+-----+-----------+
    |               Name               | FF | LUT| Bits| Const Bits|
    +----------------------------------+----+----+-----+-----------+
    |add_reg_378                       |  32|   0|   32|          0|
    |ap_CS_fsm                         |   3|   0|    3|          0|
    |ap_done_reg                       |   1|   0|    1|          0|
    |ap_enable_reg_pp0_iter0_reg       |   1|   0|    1|          0|
    |ap_enable_reg_pp0_iter1           |   1|   0|    1|          0|
    |ap_enable_reg_pp0_iter2           |   1|   0|    1|          0|
    |ap_enable_reg_pp0_iter3           |   1|   0|    1|          0|
    |ap_enable_reg_pp0_iter4           |   1|   0|    1|          0|
    |ap_enable_reg_pp0_iter5           |   1|   0|    1|          0|
    |ap_enable_reg_pp0_iter6           |   1|   0|    1|          0|
    |ap_enable_reg_pp0_iter7           |   1|   0|    1|          0|
    |ap_enable_reg_pp0_iter8           |   1|   0|    1|          0|
    |ap_loop_exit_ready_pp0_iter1_reg  |   1|   0|    1|          0|
    |ap_loop_exit_ready_pp0_iter2_reg  |   1|   0|    1|          0|
    |ap_loop_exit_ready_pp0_iter3_reg  |   1|   0|    1|          0|
    |ap_loop_exit_ready_pp0_iter4_reg  |   1|   0|    1|          0|
    |ap_loop_exit_ready_pp0_iter5_reg  |   1|   0|    1|          0|
    |ap_loop_exit_ready_pp0_iter6_reg  |   1|   0|    1|          0|
    |ap_loop_exit_ready_pp0_iter7_reg  |   1|   0|    1|          0|
    |conv4_reg_358                     |  32|   0|   32|          0|
    |conv9_reg_348                     |  32|   0|   32|          0|
    |conv_reg_353                      |  32|   0|   32|          0|
    |i_2_reg_318                       |  19|   0|   19|          0|
    |i_fu_88                           |  19|   0|   19|          0|
    |icmp_ln105_reg_324                |   1|   0|    1|          0|
    |isNeg_reg_394                     |   1|   0|    1|          0|
    |mul1_reg_368                      |  32|   0|   32|          0|
    |mul2_reg_373                      |  32|   0|   32|          0|
    |mul_reg_363                       |  32|   0|   32|          0|
    |p_Result_s_reg_389                |  23|   0|   23|          0|
    |reg_136                           |   8|   0|    8|          0|
    |ush_reg_399                       |   9|   0|    9|          0|
    |val_reg_404                       |   8|   0|    8|          0|
    |xs_exp_V_reg_383                  |   8|   0|    8|          0|
    |i_2_reg_318                       |  64|  32|   19|          0|
    |icmp_ln105_reg_324                |  64|  32|    1|          0|
    |mul2_reg_373                      |  64|  32|   32|          0|
    +----------------------------------+----+----+-----+-----------+
    |Total                             | 532|  96|  392|          0|
    +----------------------------------+----+----+-----+-----------+



================================================================
== Interface
================================================================
* Summary: 
+---------------------+-----+-----+------------+----------------------------------------------+--------------+
|      RTL Ports      | Dir | Bits|  Protocol  |                 Source Object                |    C Type    |
+---------------------+-----+-----+------------+----------------------------------------------+--------------+
|ap_clk               |   in|    1|  ap_ctrl_hs|  card_recognizer_hw_Pipeline_VITIS_LOOP_105_1|  return value|
|ap_rst               |   in|    1|  ap_ctrl_hs|  card_recognizer_hw_Pipeline_VITIS_LOOP_105_1|  return value|
|ap_start             |   in|    1|  ap_ctrl_hs|  card_recognizer_hw_Pipeline_VITIS_LOOP_105_1|  return value|
|ap_done              |  out|    1|  ap_ctrl_hs|  card_recognizer_hw_Pipeline_VITIS_LOOP_105_1|  return value|
|ap_idle              |  out|    1|  ap_ctrl_hs|  card_recognizer_hw_Pipeline_VITIS_LOOP_105_1|  return value|
|ap_ready             |  out|    1|  ap_ctrl_hs|  card_recognizer_hw_Pipeline_VITIS_LOOP_105_1|  return value|
|m_axi_gmem_AWVALID   |  out|    1|       m_axi|                                          gmem|       pointer|
|m_axi_gmem_AWREADY   |   in|    1|       m_axi|                                          gmem|       pointer|
|m_axi_gmem_AWADDR    |  out|   64|       m_axi|                                          gmem|       pointer|
|m_axi_gmem_AWID      |  out|    1|       m_axi|                                          gmem|       pointer|
|m_axi_gmem_AWLEN     |  out|   32|       m_axi|                                          gmem|       pointer|
|m_axi_gmem_AWSIZE    |  out|    3|       m_axi|                                          gmem|       pointer|
|m_axi_gmem_AWBURST   |  out|    2|       m_axi|                                          gmem|       pointer|
|m_axi_gmem_AWLOCK    |  out|    2|       m_axi|                                          gmem|       pointer|
|m_axi_gmem_AWCACHE   |  out|    4|       m_axi|                                          gmem|       pointer|
|m_axi_gmem_AWPROT    |  out|    3|       m_axi|                                          gmem|       pointer|
|m_axi_gmem_AWQOS     |  out|    4|       m_axi|                                          gmem|       pointer|
|m_axi_gmem_AWREGION  |  out|    4|       m_axi|                                          gmem|       pointer|
|m_axi_gmem_AWUSER    |  out|    1|       m_axi|                                          gmem|       pointer|
|m_axi_gmem_WVALID    |  out|    1|       m_axi|                                          gmem|       pointer|
|m_axi_gmem_WREADY    |   in|    1|       m_axi|                                          gmem|       pointer|
|m_axi_gmem_WDATA     |  out|    8|       m_axi|                                          gmem|       pointer|
|m_axi_gmem_WSTRB     |  out|    1|       m_axi|                                          gmem|       pointer|
|m_axi_gmem_WLAST     |  out|    1|       m_axi|                                          gmem|       pointer|
|m_axi_gmem_WID       |  out|    1|       m_axi|                                          gmem|       pointer|
|m_axi_gmem_WUSER     |  out|    1|       m_axi|                                          gmem|       pointer|
|m_axi_gmem_ARVALID   |  out|    1|       m_axi|                                          gmem|       pointer|
|m_axi_gmem_ARREADY   |   in|    1|       m_axi|                                          gmem|       pointer|
|m_axi_gmem_ARADDR    |  out|   64|       m_axi|                                          gmem|       pointer|
|m_axi_gmem_ARID      |  out|    1|       m_axi|                                          gmem|       pointer|
|m_axi_gmem_ARLEN     |  out|   32|       m_axi|                                          gmem|       pointer|
|m_axi_gmem_ARSIZE    |  out|    3|       m_axi|                                          gmem|       pointer|
|m_axi_gmem_ARBURST   |  out|    2|       m_axi|                                          gmem|       pointer|
|m_axi_gmem_ARLOCK    |  out|    2|       m_axi|                                          gmem|       pointer|
|m_axi_gmem_ARCACHE   |  out|    4|       m_axi|                                          gmem|       pointer|
|m_axi_gmem_ARPROT    |  out|    3|       m_axi|                                          gmem|       pointer|
|m_axi_gmem_ARQOS     |  out|    4|       m_axi|                                          gmem|       pointer|
|m_axi_gmem_ARREGION  |  out|    4|       m_axi|                                          gmem|       pointer|
|m_axi_gmem_ARUSER    |  out|    1|       m_axi|                                          gmem|       pointer|
|m_axi_gmem_RVALID    |   in|    1|       m_axi|                                          gmem|       pointer|
|m_axi_gmem_RREADY    |  out|    1|       m_axi|                                          gmem|       pointer|
|m_axi_gmem_RDATA     |   in|    8|       m_axi|                                          gmem|       pointer|
|m_axi_gmem_RLAST     |   in|    1|       m_axi|                                          gmem|       pointer|
|m_axi_gmem_RID       |   in|    1|       m_axi|                                          gmem|       pointer|
|m_axi_gmem_RFIFONUM  |   in|   11|       m_axi|                                          gmem|       pointer|
|m_axi_gmem_RUSER     |   in|    1|       m_axi|                                          gmem|       pointer|
|m_axi_gmem_RRESP     |   in|    2|       m_axi|                                          gmem|       pointer|
|m_axi_gmem_BVALID    |   in|    1|       m_axi|                                          gmem|       pointer|
|m_axi_gmem_BREADY    |  out|    1|       m_axi|                                          gmem|       pointer|
|m_axi_gmem_BRESP     |   in|    2|       m_axi|                                          gmem|       pointer|
|m_axi_gmem_BID       |   in|    1|       m_axi|                                          gmem|       pointer|
|m_axi_gmem_BUSER     |   in|    1|       m_axi|                                          gmem|       pointer|
|input_rgb            |   in|   64|     ap_none|                                     input_rgb|        scalar|
|trunc_ln             |   in|   31|     ap_none|                                      trunc_ln|        scalar|
|gray_address0        |  out|   19|   ap_memory|                                          gray|         array|
|gray_ce0             |  out|    1|   ap_memory|                                          gray|         array|
|gray_we0             |  out|    1|   ap_memory|                                          gray|         array|
|gray_d0              |  out|    8|   ap_memory|                                          gray|         array|
+---------------------+-----+-----+------------+----------------------------------------------+--------------+

