

================================================================
== Vitis HLS Report for 'card_recognizer_hw_Pipeline_VITIS_LOOP_114_2'
================================================================
* Date:           Tue Jun  9 14:11:47 2026

* Version:        2022.2 (Build 3670227 on Oct 13 2022)
* Project:        card_recognizer_hls
* Solution:       solution1 (Vivado IP Flow Target)
* Product family: zynq
* Target device:  xc7z010-clg400-1


================================================================
== Performance Estimates
================================================================
+ Timing: 
    * Summary: 
    +--------+----------+----------+------------+
    |  Clock |  Target  | Estimated| Uncertainty|
    +--------+----------+----------+------------+
    |ap_clk  |  10.00 ns|  4.805 ns|     2.70 ns|
    +--------+----------+----------+------------+

+ Latency: 
    * Summary: 
    +---------+---------+-----------+----------+-----+--------+---------+
    |  Latency (cycles) |  Latency (absolute)  |   Interval   | Pipeline|
    |   min   |   max   |    min    |    max   | min |   max  |   Type  |
    +---------+---------+-----------+----------+-----+--------+---------+
    |        4|   524290|  40.000 ns|  5.243 ms|    4|  524290|       no|
    +---------+---------+-----------+----------+-----+--------+---------+

    + Detail: 
        * Instance: 
        N/A

        * Loop: 
        +--------------------+---------+---------+----------+-----------+-----------+------------+----------+
        |                    |  Latency (cycles) | Iteration|  Initiation Interval  |    Trip    |          |
        |      Loop Name     |   min   |   max   |  Latency |  achieved |   target  |    Count   | Pipelined|
        +--------------------+---------+---------+----------+-----------+-----------+------------+----------+
        |- VITIS_LOOP_114_2  |        2|   524288|         3|          1|          1|  1 ~ 524287|       yes|
        +--------------------+---------+---------+----------+-----------+-----------+------------+----------+



================================================================
== Utilization Estimates
================================================================
* Summary: 
+-----------------+---------+----+-------+-------+-----+
|       Name      | BRAM_18K| DSP|   FF  |  LUT  | URAM|
+-----------------+---------+----+-------+-------+-----+
|DSP              |        -|   -|      -|      -|    -|
|Expression       |        -|   -|      0|     58|    -|
|FIFO             |        -|   -|      -|      -|    -|
|Instance         |        -|   -|      -|      -|    -|
|Memory           |        -|   -|      -|      -|    -|
|Multiplexer      |        -|   -|      -|     36|    -|
|Register         |        -|   -|     63|      -|    -|
+-----------------+---------+----+-------+-------+-----+
|Total            |        0|   0|     63|     94|    0|
+-----------------+---------+----+-------+-------+-----+
|Available        |      120|  80|  35200|  17600|    0|
+-----------------+---------+----+-------+-------+-----+
|Utilization (%)  |        0|   0|     ~0|     ~0|    0|
+-----------------+---------+----+-------+-------+-----+

+ Detail: 
    * Instance: 
    N/A

    * DSP: 
    N/A

    * Memory: 
    N/A

    * FIFO: 
    N/A

    * Expression: 
    +----------------------+----------+----+---+----+------------+------------+
    |     Variable Name    | Operation| DSP| FF| LUT| Bitwidth P0| Bitwidth P1|
    +----------------------+----------+----+---+----+------------+------------+
    |add_ln114_fu_92_p2    |         +|   0|  0|  26|          19|           1|
    |icmp_ln114_fu_86_p2   |      icmp|   0|  0|  17|          31|          31|
    |icmp_ln116_fu_108_p2  |      icmp|   0|  0|  11|           8|           7|
    |binary_d0             |    select|   0|  0|   2|           1|           2|
    |ap_enable_pp0         |       xor|   0|  0|   2|           1|           2|
    +----------------------+----------+----+---+----+------------+------------+
    |Total                 |          |   0|  0|  58|          60|          43|
    +----------------------+----------+----+---+----+------------+------------+

    * Multiplexer: 
    +-------------------------+----+-----------+-----+-----------+
    |           Name          | LUT| Input Size| Bits| Total Bits|
    +-------------------------+----+-----------+-----+-----------+
    |ap_done_int              |   9|          2|    1|          2|
    |ap_enable_reg_pp0_iter1  |   9|          2|    1|          2|
    |ap_sig_allocacmp_i       |   9|          2|   19|         38|
    |i_1_fu_38                |   9|          2|   19|         38|
    +-------------------------+----+-----------+-----+-----------+
    |Total                    |  36|          8|   40|         80|
    +-------------------------+----+-----------+-----+-----------+

    * Register: 
    +----------------------------------+----+----+-----+-----------+
    |               Name               | FF | LUT| Bits| Const Bits|
    +----------------------------------+----+----+-----+-----------+
    |ap_CS_fsm                         |   1|   0|    1|          0|
    |ap_done_reg                       |   1|   0|    1|          0|
    |ap_enable_reg_pp0_iter1           |   1|   0|    1|          0|
    |ap_enable_reg_pp0_iter2           |   1|   0|    1|          0|
    |ap_loop_exit_ready_pp0_iter1_reg  |   1|   0|    1|          0|
    |i_1_fu_38                         |  19|   0|   19|          0|
    |icmp_ln116_reg_143                |   1|   0|    1|          0|
    |zext_ln114_reg_133                |  19|   0|   64|         45|
    |zext_ln114_reg_133_pp0_iter1_reg  |  19|   0|   64|         45|
    +----------------------------------+----+----+-----+-----------+
    |Total                             |  63|   0|  153|         90|
    +----------------------------------+----+----+-----+-----------+



================================================================
== Interface
================================================================
* Summary: 
+-----------------+-----+-----+------------+----------------------------------------------+--------------+
|    RTL Ports    | Dir | Bits|  Protocol  |                 Source Object                |    C Type    |
+-----------------+-----+-----+------------+----------------------------------------------+--------------+
|ap_clk           |   in|    1|  ap_ctrl_hs|  card_recognizer_hw_Pipeline_VITIS_LOOP_114_2|  return value|
|ap_rst           |   in|    1|  ap_ctrl_hs|  card_recognizer_hw_Pipeline_VITIS_LOOP_114_2|  return value|
|ap_start         |   in|    1|  ap_ctrl_hs|  card_recognizer_hw_Pipeline_VITIS_LOOP_114_2|  return value|
|ap_done          |  out|    1|  ap_ctrl_hs|  card_recognizer_hw_Pipeline_VITIS_LOOP_114_2|  return value|
|ap_idle          |  out|    1|  ap_ctrl_hs|  card_recognizer_hw_Pipeline_VITIS_LOOP_114_2|  return value|
|ap_ready         |  out|    1|  ap_ctrl_hs|  card_recognizer_hw_Pipeline_VITIS_LOOP_114_2|  return value|
|trunc_ln         |   in|   31|     ap_none|                                      trunc_ln|        scalar|
|gray_address0    |  out|   19|   ap_memory|                                          gray|         array|
|gray_ce0         |  out|    1|   ap_memory|                                          gray|         array|
|gray_q0          |   in|    8|   ap_memory|                                          gray|         array|
|binary_address0  |  out|   19|   ap_memory|                                        binary|         array|
|binary_ce0       |  out|    1|   ap_memory|                                        binary|         array|
|binary_we0       |  out|    1|   ap_memory|                                        binary|         array|
|binary_d0        |  out|    2|   ap_memory|                                        binary|         array|
+-----------------+-----+-----+------------+----------------------------------------------+--------------+

