

================================================================
== Vitis HLS Report for 'find_largest_component_hw_Pipeline_VITIS_LOOP_51_4'
================================================================
* Date:           Tue Jun  9 14:11:48 2026

* Version:        2022.2 (Build 3670227 on Oct 13 2022)
* Project:        card_recognizer_hls
* Solution:       solution1 (Vivado IP Flow Target)
* Product family: zynq
* Target device:  xc7z010-clg400-1


================================================================
== Performance Estimates
================================================================
+ Timing: 
    * Summary: 
    +--------+----------+-----------+------------+
    |  Clock |  Target  | Estimated | Uncertainty|
    +--------+----------+-----------+------------+
    |ap_clk  |  10.00 ns|  31.819 ns|     2.70 ns|
    +--------+----------+-----------+------------+

+ Latency: 
    * Summary: 
    +---------+---------+----------+----------+-----+-----+---------+
    |  Latency (cycles) |  Latency (absolute) |  Interval | Pipeline|
    |   min   |   max   |    min   |    max   | min | max |   Type  |
    +---------+---------+----------+----------+-----+-----+---------+
    |        ?|        ?|         ?|         ?|    ?|    ?|       no|
    +---------+---------+----------+----------+-----+-----+---------+

    + Detail: 
        * Instance: 
        N/A

        * Loop: 
        +-------------------+---------+---------+----------+-----------+-----------+------+----------+
        |                   |  Latency (cycles) | Iteration|  Initiation Interval  | Trip |          |
        |     Loop Name     |   min   |   max   |  Latency |  achieved |   target  | Count| Pipelined|
        +-------------------+---------+---------+----------+-----------+-----------+------+----------+
        |- VITIS_LOOP_51_4  |        ?|        ?|        13|         13|          1|     ?|       yes|
        +-------------------+---------+---------+----------+-----------+-----------+------+----------+



================================================================
== Utilization Estimates
================================================================
* Summary: 
+-----------------+---------+----+-------+-------+-----+
|       Name      | BRAM_18K| DSP|   FF  |  LUT  | URAM|
+-----------------+---------+----+-------+-------+-----+
|DSP              |        -|   -|      -|      -|    -|
|Expression       |        -|   -|      0|   2096|    -|
|FIFO             |        -|   -|      -|      -|    -|
|Instance         |        -|   3|    165|   2134|    -|
|Memory           |        -|   -|      -|      -|    -|
|Multiplexer      |        -|   -|      -|    344|    -|
|Register         |        -|   -|    809|      -|    -|
+-----------------+---------+----+-------+-------+-----+
|Total            |        0|   3|    974|   4574|    0|
+-----------------+---------+----+-------+-------+-----+
|Available        |      120|  80|  35200|  17600|    0|
+-----------------+---------+----+-------+-------+-----+
|Utilization (%)  |        0|   3|      2|     25|    0|
+-----------------+---------+----+-------+-------+-----+

+ Detail: 
    * Instance: 
    +-------------------------------+---------------------------+---------+----+-----+------+-----+
    |            Instance           |           Module          | BRAM_18K| DSP|  FF |  LUT | URAM|
    +-------------------------------+---------------------------+---------+----+-----+------+-----+
    |mul_32s_32s_32_1_1_U18         |mul_32s_32s_32_1_1         |        0|   0|    0|  1042|    0|
    |mul_32s_32s_32_1_1_U19         |mul_32s_32s_32_1_1         |        0|   0|    0|  1042|    0|
    |mul_32s_32s_32_2_1_U21         |mul_32s_32s_32_2_1         |        0|   3|  165|    50|    0|
    |sitofp_32ns_32_6_no_dsp_1_U16  |sitofp_32ns_32_6_no_dsp_1  |        0|   0|    0|     0|    0|
    |sitofp_32s_32_6_no_dsp_1_U17   |sitofp_32s_32_6_no_dsp_1   |        0|   0|    0|     0|    0|
    +-------------------------------+---------------------------+---------+----+-----+------+-----+
    |Total                          |                           |        0|   3|  165|  2134|    0|
    +-------------------------------+---------------------------+---------+----+-----+------+-----+

    * DSP: 
    N/A

    * Memory: 
    N/A

    * FIFO: 
    N/A

    * Expression: 
    +------------------------+----------+----+---+-----+------------+------------+
    |      Variable Name     | Operation| DSP| FF| LUT | Bitwidth P0| Bitwidth P1|
    +------------------------+----------+----+---+-----+------------+------------+
    |add_ln346_1_fu_596_p2   |         +|   0|  0|   14|           9|           8|
    |add_ln346_fu_440_p2     |         +|   0|  0|   14|           9|           8|
    |add_ln54_fu_390_p2      |         +|   0|  0|   71|          64|           1|
    |add_ln57_1_fu_546_p2    |         +|   0|  0|   26|          19|           1|
    |add_ln57_2_fu_760_p2    |         +|   0|  0|   26|          19|           2|
    |nidx_1_fu_812_p2        |         +|   0|  0|   26|          19|          19|
    |nidx_2_fu_886_p2        |         +|   0|  0|   26|          19|          19|
    |nidx_3_fu_937_p2        |         +|   0|  0|   26|          19|          19|
    |nidx_fu_743_p2          |         +|   0|  0|   26|          19|          19|
    |nx_1_fu_754_p2          |         +|   0|  0|   39|          32|           2|
    |nx_fu_540_p2            |         +|   0|  0|   39|          32|           1|
    |ny_1_fu_823_p2          |         +|   0|  0|   39|          32|           1|
    |ny_2_fu_876_p2          |         +|   0|  0|   39|          32|           2|
    |q_tail_10_fu_947_p2     |         +|   0|  0|   39|          32|           1|
    |q_tail_11_fu_952_p2     |         +|   0|  0|   39|          32|           1|
    |q_tail_12_fu_964_p2     |         +|   0|  0|   39|          32|           1|
    |q_tail_13_fu_976_p2     |         +|   0|  0|   39|          32|           1|
    |result_V_2_fu_522_p2    |         -|   0|  0|   39|           1|          32|
    |result_V_6_fu_678_p2    |         -|   0|  0|   39|           1|          32|
    |sub_ln1512_1_fu_610_p2  |         -|   0|  0|   15|           7|           8|
    |sub_ln1512_fu_454_p2    |         -|   0|  0|   15|           7|           8|
    |and_ln60_1_fu_728_p2    |       and|   0|  0|    2|           1|           1|
    |and_ln60_2_fu_791_p2    |       and|   0|  0|    2|           1|           1|
    |and_ln60_3_fu_797_p2    |       and|   0|  0|    2|           1|           1|
    |and_ln60_4_fu_859_p2    |       and|   0|  0|    2|           1|           1|
    |and_ln60_5_fu_865_p2    |       and|   0|  0|    2|           1|           1|
    |and_ln60_6_fu_918_p2    |       and|   0|  0|    2|           1|           1|
    |and_ln60_7_fu_923_p2    |       and|   0|  0|    2|           1|           1|
    |and_ln60_fu_722_p2      |       and|   0|  0|    2|           1|           1|
    |grp_fu_345_p2           |      icmp|   0|  0|    8|           2|           2|
    |grp_fu_351_p2           |      icmp|   0|  0|    8|           2|           2|
    |icmp_ln51_fu_384_p2     |      icmp|   0|  0|   29|          64|          64|
    |icmp_ln60_1_fu_717_p2   |      icmp|   0|  0|   18|          32|          32|
    |icmp_ln60_2_fu_786_p2   |      icmp|   0|  0|   18|          32|          32|
    |icmp_ln60_3_fu_849_p2   |      icmp|   0|  0|   18|          32|          32|
    |icmp_ln60_4_fu_854_p2   |      icmp|   0|  0|   18|          32|          32|
    |icmp_ln60_5_fu_914_p2   |      icmp|   0|  0|   18|          32|          32|
    |icmp_ln60_fu_712_p2     |      icmp|   0|  0|   18|          32|          32|
    |r_V_2_fu_636_p2         |      lshr|   0|  0|  242|          79|          79|
    |r_V_fu_480_p2           |      lshr|   0|  0|  242|          79|          79|
    |or_ln60_1_fu_766_p2     |        or|   0|  0|   32|          32|          32|
    |or_ln60_2_fu_829_p2     |        or|   0|  0|   32|          32|          32|
    |or_ln60_3_fu_896_p2     |        or|   0|  0|   32|          32|          32|
    |or_ln60_fu_692_p2       |        or|   0|  0|   32|          32|          32|
    |nx_2_fu_528_p3          |    select|   0|  0|   32|           1|          32|
    |ny_fu_684_p3            |    select|   0|  0|   32|           1|          32|
    |ush_1_fu_620_p3         |    select|   0|  0|    9|           1|           9|
    |ush_fu_464_p3           |    select|   0|  0|    9|           1|           9|
    |val_1_fu_670_p3         |    select|   0|  0|   32|           1|          32|
    |val_fu_514_p3           |    select|   0|  0|   32|           1|          32|
    |r_V_1_fu_486_p2         |       shl|   0|  0|  242|          79|          79|
    |r_V_3_fu_642_p2         |       shl|   0|  0|  242|          79|          79|
    |ap_enable_pp0           |       xor|   0|  0|    2|           1|           2|
    |xor_ln60_1_fu_780_p2    |       xor|   0|  0|    2|           1|           2|
    |xor_ln60_2_fu_843_p2    |       xor|   0|  0|    2|           1|           2|
    |xor_ln60_3_fu_908_p2    |       xor|   0|  0|    2|           1|           2|
    |xor_ln60_fu_706_p2      |       xor|   0|  0|    2|           1|           2|
    +------------------------+----------+----+---+-----+------------+------------+
    |Total                   |          |   0|  0| 2096|        1191|        1054|
    +------------------------+----------+----+---+-----+------------+------------+

    * Multiplexer: 
    +---------------------------------------+----+-----------+-----+-----------+
    |                  Name                 | LUT| Input Size| Bits| Total Bits|
    +---------------------------------------+----+-----------+-----+-----------+
    |ap_NS_fsm                              |  65|         14|    1|         14|
    |ap_done_int                            |   9|          2|    1|          2|
    |ap_enable_reg_pp0_iter0                |   9|          2|    1|          2|
    |ap_enable_reg_pp0_iter0_reg            |   9|          2|    1|          2|
    |ap_enable_reg_pp0_iter1                |   9|          2|    1|          2|
    |ap_phi_mux_q_tail_8_phi_fu_324_p8      |   9|          2|   32|         64|
    |ap_phi_reg_pp0_iter0_q_tail_2_reg_273  |   9|          2|   32|         64|
    |ap_phi_reg_pp0_iter0_q_tail_4_reg_287  |   9|          2|   32|         64|
    |ap_phi_reg_pp0_iter0_q_tail_6_reg_304  |   9|          2|   32|         64|
    |ap_phi_reg_pp0_iter1_q_tail_8_reg_321  |   9|          2|   32|         64|
    |binary_address0                        |  14|          3|   19|         57|
    |binary_address1                        |  14|          3|   19|         57|
    |grp_fu_337_p0                          |  20|          4|   32|        128|
    |grp_fu_341_p0                          |  20|          4|   32|        128|
    |q_head_fu_74                           |   9|          2|   64|        128|
    |q_tail_fu_78                           |   9|          2|   32|         64|
    |queue_x_address0                       |  31|          6|   19|        114|
    |queue_y_address0                       |  31|          6|   19|        114|
    |visited_address0                       |  25|          5|   19|         95|
    |visited_address1                       |  25|          5|   19|         95|
    +---------------------------------------+----+-----------+-----+-----------+
    |Total                                  | 344|         72|  439|       1322|
    +---------------------------------------+----+-----------+-----+-----------+

    * Register: 
    +---------------------------------------+----+----+-----+-----------+
    |                  Name                 | FF | LUT| Bits| Const Bits|
    +---------------------------------------+----+----+-----+-----------+
    |add_ln54_reg_1048                      |  64|   0|   64|          0|
    |and_ln60_1_reg_1085                    |   1|   0|    1|          0|
    |and_ln60_3_reg_1104                    |   1|   0|    1|          0|
    |and_ln60_5_reg_1129                    |   1|   0|    1|          0|
    |and_ln60_7_reg_1169                    |   1|   0|    1|          0|
    |ap_CS_fsm                              |  13|   0|   13|          0|
    |ap_done_reg                            |   1|   0|    1|          0|
    |ap_enable_reg_pp0_iter0_reg            |   1|   0|    1|          0|
    |ap_enable_reg_pp0_iter1                |   1|   0|    1|          0|
    |ap_phi_reg_pp0_iter0_q_tail_2_reg_273  |  32|   0|   32|          0|
    |ap_phi_reg_pp0_iter0_q_tail_4_reg_287  |  32|   0|   32|          0|
    |ap_phi_reg_pp0_iter0_q_tail_6_reg_304  |  32|   0|   32|          0|
    |ap_phi_reg_pp0_iter1_q_tail_8_reg_321  |  32|   0|   32|          0|
    |icmp_ln51_reg_1044                     |   1|   0|    1|          0|
    |icmp_ln60_3_reg_1124                   |   1|   0|    1|          0|
    |icmp_ln62_1_reg_1150                   |   1|   0|    1|          0|
    |icmp_ln62_2_reg_1181                   |   1|   0|    1|          0|
    |icmp_ln62_3_reg_1201                   |   1|   0|    1|          0|
    |icmp_ln62_reg_1141                     |   1|   0|    1|          0|
    |nx_1_reg_1099                          |  32|   0|   32|          0|
    |nx_2_reg_1063                          |  32|   0|   32|          0|
    |nx_reg_1075                            |  32|   0|   32|          0|
    |ny_1_reg_1118                          |  32|   0|   32|          0|
    |ny_2_reg_1133                          |  32|   0|   32|          0|
    |ny_reg_1080                            |  32|   0|   32|          0|
    |q_head_fu_74                           |  64|   0|   64|          0|
    |q_tail_6_reg_304                       |  32|   0|   32|          0|
    |q_tail_9_reg_1030                      |  32|   0|   32|          0|
    |q_tail_fu_78                           |  32|   0|   32|          0|
    |sext_ln51_reg_1038                     |  64|   0|   64|          0|
    |trunc_ln58_reg_1069                    |  19|   0|   19|          0|
    |visited_addr_1_reg_1154                |  19|   0|   19|          0|
    |visited_addr_2_reg_1185                |  19|   0|   19|          0|
    |visited_addr_3_reg_1205                |  19|   0|   19|          0|
    |visited_addr_reg_1145                  |  19|   0|   19|          0|
    |visited_load_1_reg_1177                |   1|   0|    1|          0|
    |visited_load_2_reg_1211                |   1|   0|    1|          0|
    |visited_load_3_reg_1215                |   1|   0|    1|          0|
    |visited_load_reg_1173                  |   1|   0|    1|          0|
    |zext_ln62_1_reg_1108                   |  19|   0|   64|         45|
    |zext_ln62_2_reg_1159                   |  19|   0|   64|         45|
    |zext_ln62_3_reg_1191                   |  19|   0|   64|         45|
    |zext_ln62_reg_1089                     |  19|   0|   64|         45|
    +---------------------------------------+----+----+-----+-----------+
    |Total                                  | 809|   0|  989|        180|
    +---------------------------------------+----+----+-----+-----------+



================================================================
== Interface
================================================================
* Summary: 
+-------------------------+-----+-----+------------+----------------------------------------------------+--------------+
|        RTL Ports        | Dir | Bits|  Protocol  |                    Source Object                   |    C Type    |
+-------------------------+-----+-----+------------+----------------------------------------------------+--------------+
|ap_clk                   |   in|    1|  ap_ctrl_hs|  find_largest_component_hw_Pipeline_VITIS_LOOP_51_4|  return value|
|ap_rst                   |   in|    1|  ap_ctrl_hs|  find_largest_component_hw_Pipeline_VITIS_LOOP_51_4|  return value|
|ap_start                 |   in|    1|  ap_ctrl_hs|  find_largest_component_hw_Pipeline_VITIS_LOOP_51_4|  return value|
|ap_done                  |  out|    1|  ap_ctrl_hs|  find_largest_component_hw_Pipeline_VITIS_LOOP_51_4|  return value|
|ap_idle                  |  out|    1|  ap_ctrl_hs|  find_largest_component_hw_Pipeline_VITIS_LOOP_51_4|  return value|
|ap_ready                 |  out|    1|  ap_ctrl_hs|  find_largest_component_hw_Pipeline_VITIS_LOOP_51_4|  return value|
|grp_fu_149_p_din0        |  out|   32|  ap_ctrl_hs|  find_largest_component_hw_Pipeline_VITIS_LOOP_51_4|  return value|
|grp_fu_149_p_din1        |  out|   32|  ap_ctrl_hs|  find_largest_component_hw_Pipeline_VITIS_LOOP_51_4|  return value|
|grp_fu_149_p_dout0       |   in|   32|  ap_ctrl_hs|  find_largest_component_hw_Pipeline_VITIS_LOOP_51_4|  return value|
|grp_fu_149_p_ce          |  out|    1|  ap_ctrl_hs|  find_largest_component_hw_Pipeline_VITIS_LOOP_51_4|  return value|
|height                   |   in|   32|     ap_none|                                              height|        scalar|
|width                    |   in|   32|     ap_none|                                               width|        scalar|
|best_count_3_out         |  out|   32|      ap_vld|                                    best_count_3_out|       pointer|
|best_count_3_out_ap_vld  |  out|    1|      ap_vld|                                    best_count_3_out|       pointer|
|queue_x_address0         |  out|   19|   ap_memory|                                             queue_x|         array|
|queue_x_ce0              |  out|    1|   ap_memory|                                             queue_x|         array|
|queue_x_we0              |  out|    1|   ap_memory|                                             queue_x|         array|
|queue_x_d0               |  out|   32|   ap_memory|                                             queue_x|         array|
|queue_x_q0               |   in|   32|   ap_memory|                                             queue_x|         array|
|queue_y_address0         |  out|   19|   ap_memory|                                             queue_y|         array|
|queue_y_ce0              |  out|    1|   ap_memory|                                             queue_y|         array|
|queue_y_we0              |  out|    1|   ap_memory|                                             queue_y|         array|
|queue_y_d0               |  out|   32|   ap_memory|                                             queue_y|         array|
|queue_y_q0               |   in|   32|   ap_memory|                                             queue_y|         array|
|binary_address0          |  out|   19|   ap_memory|                                              binary|         array|
|binary_ce0               |  out|    1|   ap_memory|                                              binary|         array|
|binary_q0                |   in|    2|   ap_memory|                                              binary|         array|
|binary_address1          |  out|   19|   ap_memory|                                              binary|         array|
|binary_ce1               |  out|    1|   ap_memory|                                              binary|         array|
|binary_q1                |   in|    2|   ap_memory|                                              binary|         array|
|visited_address0         |  out|   19|   ap_memory|                                             visited|         array|
|visited_ce0              |  out|    1|   ap_memory|                                             visited|         array|
|visited_we0              |  out|    1|   ap_memory|                                             visited|         array|
|visited_d0               |  out|    1|   ap_memory|                                             visited|         array|
|visited_q0               |   in|    1|   ap_memory|                                             visited|         array|
|visited_address1         |  out|   19|   ap_memory|                                             visited|         array|
|visited_ce1              |  out|    1|   ap_memory|                                             visited|         array|
|visited_we1              |  out|    1|   ap_memory|                                             visited|         array|
|visited_d1               |  out|    1|   ap_memory|                                             visited|         array|
|visited_q1               |   in|    1|   ap_memory|                                             visited|         array|
+-------------------------+-----+-----+------------+----------------------------------------------------+--------------+

