

================================================================
== Vitis HLS Report for 'find_largest_component_hw'
================================================================
* Date:           Tue Jun  9 14:11:49 2026

* Version:        2022.2 (Build 3670227 on Oct 13 2022)
* Project:        card_recognizer_hls
* Solution:       solution1 (Vivado IP Flow Target)
* Product family: zynq
* Target device:  xc7z010-clg400-1


================================================================
== Performance Estimates
================================================================
+ Timing: 
    * Summary: 
    +--------+----------+-----------+------------+
    |  Clock |  Target  | Estimated | Uncertainty|
    +--------+----------+-----------+------------+
    |ap_clk  |  10.00 ns|  31.819 ns|     2.70 ns|
    +--------+----------+-----------+------------+

+ Latency: 
    * Summary: 
    +---------+---------+----------+----------+-----+-----+---------+
    |  Latency (cycles) |  Latency (absolute) |  Interval | Pipeline|
    |   min   |   max   |    min   |    max   | min | max |   Type  |
    +---------+---------+----------+----------+-----+-----+---------+
    |        ?|        ?|         ?|         ?|    ?|    ?|       no|
    +---------+---------+----------+----------+-----+-----+---------+

    + Detail: 
        * Instance: 
        +---------------------------------------------------------------+----------------------------------------------------+---------+---------+----------+----------+-----+-----+---------+
        |                                                               |                                                    |  Latency (cycles) |  Latency (absolute) |  Interval | Pipeline|
        |                            Instance                           |                       Module                       |   min   |   max   |    min   |    max   | min | max |   Type  |
        +---------------------------------------------------------------+----------------------------------------------------+---------+---------+----------+----------+-----+-----+---------+
        |grp_find_largest_component_hw_Pipeline_VITIS_LOOP_31_1_fu_115  |find_largest_component_hw_Pipeline_VITIS_LOOP_31_1  |        ?|        ?|         ?|         ?|    ?|    ?|       no|
        |grp_find_largest_component_hw_Pipeline_VITIS_LOOP_51_4_fu_122  |find_largest_component_hw_Pipeline_VITIS_LOOP_51_4  |        ?|        ?|         ?|         ?|    ?|    ?|       no|
        +---------------------------------------------------------------+----------------------------------------------------+---------+---------+----------+----------+-----+-----+---------+

        * Loop: 
        +-----------------------------------+---------+---------+----------+-----------+-----------+------+----------+
        |                                   |  Latency (cycles) | Iteration|  Initiation Interval  | Trip |          |
        |             Loop Name             |   min   |   max   |  Latency |  achieved |   target  | Count| Pipelined|
        +-----------------------------------+---------+---------+----------+-----------+-----------+------+----------+
        |- VITIS_LOOP_38_2_VITIS_LOOP_39_3  |        ?|        ?|         ?|          -|          -|     ?|        no|
        +-----------------------------------+---------+---------+----------+-----------+-----------+------+----------+



================================================================
== Utilization Estimates
================================================================
* Summary: 
+-----------------+---------+----+-------+-------+-----+
|       Name      | BRAM_18K| DSP|   FF  |  LUT  | URAM|
+-----------------+---------+----+-------+-------+-----+
|DSP              |        -|   1|      -|      -|    -|
|Expression       |        -|   -|      0|    340|    -|
|FIFO             |        -|   -|      -|      -|    -|
|Instance         |        -|   6|   1160|   4695|    -|
|Memory           |     2080|   -|      0|      0|    0|
|Multiplexer      |        -|   -|      -|    452|    -|
|Register         |        -|   -|    546|      -|    -|
+-----------------+---------+----+-------+-------+-----+
|Total            |     2080|   7|   1706|   5487|    0|
+-----------------+---------+----+-------+-------+-----+
|Available        |      120|  80|  35200|  17600|    0|
+-----------------+---------+----+-------+-------+-----+
|Utilization (%)  |     1733|   8|      4|     31|    0|
+-----------------+---------+----+-------+-------+-----+

+ Detail: 
    * Instance: 
    +---------------------------------------------------------------+----------------------------------------------------+---------+----+-----+------+-----+
    |                            Instance                           |                       Module                       | BRAM_18K| DSP|  FF |  LUT | URAM|
    +---------------------------------------------------------------+----------------------------------------------------+---------+----+-----+------+-----+
    |grp_find_largest_component_hw_Pipeline_VITIS_LOOP_31_1_fu_115  |find_largest_component_hw_Pipeline_VITIS_LOOP_31_1  |        0|   0|   21|    71|    0|
    |grp_find_largest_component_hw_Pipeline_VITIS_LOOP_51_4_fu_122  |find_largest_component_hw_Pipeline_VITIS_LOOP_51_4  |        0|   3|  974|  4574|    0|
    |mul_32ns_32ns_64_2_1_U34                                       |mul_32ns_32ns_64_2_1                                |        0|   3|  165|    50|    0|
    |sitofp_32ns_32_6_no_dsp_1_U32                                  |sitofp_32ns_32_6_no_dsp_1                           |        0|   0|    0|     0|    0|
    +---------------------------------------------------------------+----------------------------------------------------+---------+----+-----+------+-----+
    |Total                                                          |                                                    |        0|   6| 1160|  4695|    0|
    +---------------------------------------------------------------+----------------------------------------------------+---------+----+-----+------+-----+

    * DSP: 
    +----------------------------+------------------------+-----------+
    |          Instance          |         Module         | Expression|
    +----------------------------+------------------------+-----------+
    |mul_mul_19s_19s_19_4_1_U35  |mul_mul_19s_19s_19_4_1  |    i0 * i1|
    +----------------------------+------------------------+-----------+

    * Memory: 
    +-----------+-------------------------------------------------+---------+---+----+-----+--------+-----+------+-------------+
    |   Memory  |                      Module                     | BRAM_18K| FF| LUT| URAM|  Words | Bits| Banks| W*Bits*Banks|
    +-----------+-------------------------------------------------+---------+---+----+-----+--------+-----+------+-------------+
    |queue_x_U  |find_largest_component_hw_queue_x_RAM_AUTO_1R1W  |     1024|  0|   0|    0|  307200|   32|     1|      9830400|
    |queue_y_U  |find_largest_component_hw_queue_x_RAM_AUTO_1R1W  |     1024|  0|   0|    0|  307200|   32|     1|      9830400|
    |visited_U  |find_largest_component_hw_visited_RAM_AUTO_1R1W  |       32|  0|   0|    0|  307200|    1|     1|       307200|
    +-----------+-------------------------------------------------+---------+---+----+-----+--------+-----+------+-------------+
    |Total      |                                                 |     2080|  0|   0|    0|  921600|   65|     3|     19968000|
    +-----------+-------------------------------------------------+---------+---+----+-----+--------+-----+------+-------------+

    * FIFO: 
    N/A

    * Expression: 
    +-------------------------+----------+----+---+----+------------+------------+
    |      Variable Name      | Operation| DSP| FF| LUT| Bitwidth P0| Bitwidth P1|
    +-------------------------+----------+----+---+----+------------+------------+
    |add_ln38_1_fu_220_p2     |         +|   0|  0|  38|          31|           1|
    |add_ln38_fu_211_p2       |         +|   0|  0|  71|          64|           1|
    |add_ln39_fu_293_p2       |         +|   0|  0|  38|          31|           1|
    |add_ln40_fu_252_p2       |         +|   0|  0|  26|          19|          19|
    |icmp_ln38_fu_206_p2      |      icmp|   0|  0|  29|          64|          64|
    |icmp_ln39_fu_201_p2      |      icmp|   0|  0|  18|          32|          32|
    |icmp_ln42_fu_261_p2      |      icmp|   0|  0|   8|           2|           2|
    |icmp_ln70_fu_274_p2      |      icmp|   0|  0|  18|          32|          32|
    |select_ln38_1_fu_226_p3  |    select|   0|  0|  31|           1|          31|
    |select_ln38_fu_242_p3    |    select|   0|  0|  31|           1|          31|
    |select_ln70_fu_280_p3    |    select|   0|  0|  32|           1|          32|
    +-------------------------+----------+----+---+----+------------+------------+
    |Total                    |          |   0|  0| 340|         278|         246|
    +-------------------------+----------+----+---+----+------------+------------+

    * Multiplexer: 
    +----------------------+-----+-----------+-----+-----------+
    |         Name         | LUT | Input Size| Bits| Total Bits|
    +----------------------+-----+-----------+-----+-----------+
    |ap_NS_fsm             |  113|         22|    1|         22|
    |best_count_fu_56      |    9|          2|   32|         64|
    |binary_address0       |   14|          3|   19|         57|
    |binary_ce0            |   14|          3|    1|          3|
    |binary_ce1            |    9|          2|    1|          2|
    |grp_fu_137_p0         |   14|          3|   32|         96|
    |grp_fu_149_ce         |    9|          2|    1|          2|
    |grp_fu_149_p0         |   14|          3|   32|         96|
    |grp_fu_149_p1         |   14|          3|   32|         96|
    |indvar_flatten_fu_52  |    9|          2|   64|        128|
    |queue_x_address0      |   14|          3|   19|         57|
    |queue_x_ce0           |   14|          3|    1|          3|
    |queue_x_d0            |   14|          3|   32|         96|
    |queue_x_we0           |   14|          3|    1|          3|
    |queue_y_address0      |   14|          3|   19|         57|
    |queue_y_ce0           |   14|          3|    1|          3|
    |queue_y_d0            |   14|          3|   32|         96|
    |queue_y_we0           |   14|          3|    1|          3|
    |visited_address0      |   25|          5|   19|         95|
    |visited_ce0           |   20|          4|    1|          4|
    |visited_ce1           |    9|          2|    1|          2|
    |visited_d0            |   20|          4|    1|          4|
    |visited_we0           |   20|          4|    1|          4|
    |visited_we1           |    9|          2|    1|          2|
    |x_fu_44               |    9|          2|   31|         62|
    |y_fu_48               |    9|          2|   31|         62|
    +----------------------+-----+-----------+-----+-----------+
    |Total                 |  452|         94|  407|       1119|
    +----------------------+-----+-----------+-----+-----------+

    * Register: 
    +----------------------------------------------------------------------------+----+----+-----+-----------+
    |                                    Name                                    | FF | LUT| Bits| Const Bits|
    +----------------------------------------------------------------------------+----+----+-----+-----------+
    |add_ln38_reg_402                                                            |  64|   0|   64|          0|
    |add_ln40_reg_429                                                            |  19|   0|   19|          0|
    |ap_CS_fsm                                                                   |  21|   0|   21|          0|
    |best_count_3_loc_fu_60                                                      |  32|   0|   32|          0|
    |best_count_fu_56                                                            |  32|   0|   32|          0|
    |grp_find_largest_component_hw_Pipeline_VITIS_LOOP_31_1_fu_115_ap_start_reg  |   1|   0|    1|          0|
    |grp_find_largest_component_hw_Pipeline_VITIS_LOOP_51_4_fu_122_ap_start_reg  |   1|   0|    1|          0|
    |icmp_ln39_reg_394                                                           |   1|   0|    1|          0|
    |icmp_ln42_reg_444                                                           |   1|   0|    1|          0|
    |indvar_flatten_fu_52                                                        |  64|   0|   64|          0|
    |mul_ln38_reg_386                                                            |  64|   0|   64|          0|
    |n_reg_371                                                                   |  32|   0|   32|          0|
    |reg_143                                                                     |  32|   0|   32|          0|
    |select_ln38_1_reg_407                                                       |  31|   0|   31|          0|
    |select_ln38_reg_423                                                         |  31|   0|   31|          0|
    |trunc_ln38_reg_366                                                          |  19|   0|   19|          0|
    |visited_addr_1_reg_448                                                      |  19|   0|   19|          0|
    |visited_load_reg_453                                                        |   1|   0|    1|          0|
    |x_fu_44                                                                     |  31|   0|   31|          0|
    |y_fu_48                                                                     |  31|   0|   31|          0|
    |zext_ln42_reg_434                                                           |  19|   0|   64|         45|
    +----------------------------------------------------------------------------+----+----+-----+-----------+
    |Total                                                                       | 546|   0|  591|         45|
    +----------------------------------------------------------------------------+----+----+-----+-----------+



================================================================
== Interface
================================================================
* Summary: 
+--------------------+-----+-----+------------+---------------------------+--------------+
|      RTL Ports     | Dir | Bits|  Protocol  |       Source Object       |    C Type    |
+--------------------+-----+-----+------------+---------------------------+--------------+
|ap_clk              |   in|    1|  ap_ctrl_hs|  find_largest_component_hw|  return value|
|ap_rst              |   in|    1|  ap_ctrl_hs|  find_largest_component_hw|  return value|
|ap_start            |   in|    1|  ap_ctrl_hs|  find_largest_component_hw|  return value|
|ap_done             |  out|    1|  ap_ctrl_hs|  find_largest_component_hw|  return value|
|ap_idle             |  out|    1|  ap_ctrl_hs|  find_largest_component_hw|  return value|
|ap_ready            |  out|    1|  ap_ctrl_hs|  find_largest_component_hw|  return value|
|ap_return           |  out|   32|  ap_ctrl_hs|  find_largest_component_hw|  return value|
|grp_fu_156_p_din0   |  out|   32|  ap_ctrl_hs|  find_largest_component_hw|  return value|
|grp_fu_156_p_din1   |  out|   32|  ap_ctrl_hs|  find_largest_component_hw|  return value|
|grp_fu_156_p_dout0  |   in|   32|  ap_ctrl_hs|  find_largest_component_hw|  return value|
|grp_fu_156_p_ce     |  out|    1|  ap_ctrl_hs|  find_largest_component_hw|  return value|
|width               |   in|   32|     ap_none|                      width|        scalar|
|height              |   in|   32|     ap_none|                     height|        scalar|
|binary_address0     |  out|   19|   ap_memory|                     binary|         array|
|binary_ce0          |  out|    1|   ap_memory|                     binary|         array|
|binary_q0           |   in|    2|   ap_memory|                     binary|         array|
|binary_address1     |  out|   19|   ap_memory|                     binary|         array|
|binary_ce1          |  out|    1|   ap_memory|                     binary|         array|
|binary_q1           |   in|    2|   ap_memory|                     binary|         array|
+--------------------+-----+-----+------------+---------------------------+--------------+

