

================================================================
== Vitis HLS Report for 'find_largest_component_hw_Pipeline_VITIS_LOOP_31_1'
================================================================
* Date:           Tue Jun  9 14:11:47 2026

* Version:        2022.2 (Build 3670227 on Oct 13 2022)
* Project:        card_recognizer_hls
* Solution:       solution1 (Vivado IP Flow Target)
* Product family: zynq
* Target device:  xc7z010-clg400-1


================================================================
== Performance Estimates
================================================================
+ Timing: 
    * Summary: 
    +--------+----------+----------+------------+
    |  Clock |  Target  | Estimated| Uncertainty|
    +--------+----------+----------+------------+
    |ap_clk  |  10.00 ns|  5.727 ns|     2.70 ns|
    +--------+----------+----------+------------+

+ Latency: 
    * Summary: 
    +---------+---------+----------+----------+-----+-----+---------+
    |  Latency (cycles) |  Latency (absolute) |  Interval | Pipeline|
    |   min   |   max   |    min   |    max   | min | max |   Type  |
    +---------+---------+----------+----------+-----+-----+---------+
    |        ?|        ?|         ?|         ?|    ?|    ?|       no|
    +---------+---------+----------+----------+-----+-----+---------+

    + Detail: 
        * Instance: 
        N/A

        * Loop: 
        +-------------------+---------+---------+----------+-----------+-----------+------+----------+
        |                   |  Latency (cycles) | Iteration|  Initiation Interval  | Trip |          |
        |     Loop Name     |   min   |   max   |  Latency |  achieved |   target  | Count| Pipelined|
        +-------------------+---------+---------+----------+-----------+-----------+------+----------+
        |- VITIS_LOOP_31_1  |        ?|        ?|         1|          1|          1|     ?|       yes|
        +-------------------+---------+---------+----------+-----------+-----------+------+----------+



================================================================
== Utilization Estimates
================================================================
* Summary: 
+-----------------+---------+----+-------+-------+-----+
|       Name      | BRAM_18K| DSP|   FF  |  LUT  | URAM|
+-----------------+---------+----+-------+-------+-----+
|DSP              |        -|   -|      -|      -|    -|
|Expression       |        -|   -|      0|     44|    -|
|FIFO             |        -|   -|      -|      -|    -|
|Instance         |        -|   -|      -|      -|    -|
|Memory           |        -|   -|      -|      -|    -|
|Multiplexer      |        -|   -|      -|     27|    -|
|Register         |        -|   -|     21|      -|    -|
+-----------------+---------+----+-------+-------+-----+
|Total            |        0|   0|     21|     71|    0|
+-----------------+---------+----+-------+-------+-----+
|Available        |      120|  80|  35200|  17600|    0|
+-----------------+---------+----+-------+-------+-----+
|Utilization (%)  |        0|   0|     ~0|     ~0|    0|
+-----------------+---------+----+-------+-------+-----+

+ Detail: 
    * Instance: 
    N/A

    * DSP: 
    N/A

    * Memory: 
    N/A

    * FIFO: 
    N/A

    * Expression: 
    +--------------------+----------+----+---+----+------------+------------+
    |    Variable Name   | Operation| DSP| FF| LUT| Bitwidth P0| Bitwidth P1|
    +--------------------+----------+----+---+----+------------+------------+
    |add_ln31_fu_68_p2   |         +|   0|  0|  26|          19|           1|
    |icmp_ln31_fu_62_p2  |      icmp|   0|  0|  18|          32|          32|
    +--------------------+----------+----+---+----+------------+------------+
    |Total               |          |   0|  0|  44|          51|          33|
    +--------------------+----------+----+---+----+------------+------------+

    * Multiplexer: 
    +----------------------+----+-----------+-----+-----------+
    |         Name         | LUT| Input Size| Bits| Total Bits|
    +----------------------+----+-----------+-----+-----------+
    |ap_done_int           |   9|          2|    1|          2|
    |ap_sig_allocacmp_i_1  |   9|          2|   19|         38|
    |i_fu_26               |   9|          2|   19|         38|
    +----------------------+----+-----------+-----+-----------+
    |Total                 |  27|          6|   39|         78|
    +----------------------+----+-----------+-----+-----------+

    * Register: 
    +-------------+----+----+-----+-----------+
    |     Name    | FF | LUT| Bits| Const Bits|
    +-------------+----+----+-----+-----------+
    |ap_CS_fsm    |   1|   0|    1|          0|
    |ap_done_reg  |   1|   0|    1|          0|
    |i_fu_26      |  19|   0|   19|          0|
    +-------------+----+----+-----+-----------+
    |Total        |  21|   0|   21|          0|
    +-------------+----+----+-----+-----------+



================================================================
== Interface
================================================================
* Summary: 
+------------------+-----+-----+------------+----------------------------------------------------+--------------+
|     RTL Ports    | Dir | Bits|  Protocol  |                    Source Object                   |    C Type    |
+------------------+-----+-----+------------+----------------------------------------------------+--------------+
|ap_clk            |   in|    1|  ap_ctrl_hs|  find_largest_component_hw_Pipeline_VITIS_LOOP_31_1|  return value|
|ap_rst            |   in|    1|  ap_ctrl_hs|  find_largest_component_hw_Pipeline_VITIS_LOOP_31_1|  return value|
|ap_start          |   in|    1|  ap_ctrl_hs|  find_largest_component_hw_Pipeline_VITIS_LOOP_31_1|  return value|
|ap_done           |  out|    1|  ap_ctrl_hs|  find_largest_component_hw_Pipeline_VITIS_LOOP_31_1|  return value|
|ap_idle           |  out|    1|  ap_ctrl_hs|  find_largest_component_hw_Pipeline_VITIS_LOOP_31_1|  return value|
|ap_ready          |  out|    1|  ap_ctrl_hs|  find_largest_component_hw_Pipeline_VITIS_LOOP_31_1|  return value|
|n                 |   in|   32|     ap_none|                                                   n|        scalar|
|visited_address0  |  out|   19|   ap_memory|                                             visited|         array|
|visited_ce0       |  out|    1|   ap_memory|                                             visited|         array|
|visited_we0       |  out|    1|   ap_memory|                                             visited|         array|
|visited_d0        |  out|    1|   ap_memory|                                             visited|         array|
+------------------+-----+-----+------------+----------------------------------------------------+--------------+

