

================================================================
== Vitis HLS Report for 'card_recognizer_hw_Pipeline_VITIS_LOOP_114_2'
================================================================
* Date:           Tue Jun  9 14:11:43 2026

* Version:        2022.2 (Build 3670227 on Oct 13 2022)
* Project:        card_recognizer_hls
* Solution:       solution1 (Vivado IP Flow Target)
* Product family: zynq
* Target device:  xc7z010-clg400-1


================================================================
== Performance Estimates
================================================================
+ Timing: 
    * Summary: 
    +--------+----------+----------+------------+
    |  Clock |  Target  | Estimated| Uncertainty|
    +--------+----------+----------+------------+
    |ap_clk  |  10.00 ns|  4.805 ns|     2.70 ns|
    +--------+----------+----------+------------+

+ Latency: 
    * Summary: 
    +---------+---------+-----------+----------+-----+--------+---------+
    |  Latency (cycles) |  Latency (absolute)  |   Interval   | Pipeline|
    |   min   |   max   |    min    |    max   | min |   max  |   Type  |
    +---------+---------+-----------+----------+-----+--------+---------+
    |        4|   524290|  40.000 ns|  5.243 ms|    4|  524290|       no|
    +---------+---------+-----------+----------+-----+--------+---------+

    + Detail: 
        * Instance: 
        N/A

        * Loop: 
        +--------------------+---------+---------+----------+-----------+-----------+------------+----------+
        |                    |  Latency (cycles) | Iteration|  Initiation Interval  |    Trip    |          |
        |      Loop Name     |   min   |   max   |  Latency |  achieved |   target  |    Count   | Pipelined|
        +--------------------+---------+---------+----------+-----------+-----------+------------+----------+
        |- VITIS_LOOP_114_2  |        2|   524288|         3|          1|          1|  1 ~ 524287|       yes|
        +--------------------+---------+---------+----------+-----------+-----------+------------+----------+

============================================================
+ Verbose Summary: Synthesis Manager
============================================================
InlineROM: 1
ExposeGlobal: 0
============================================================
+ Verbose Summary: CDFG Model
============================================================
IsTopModel: 0
ResetActiveHigh: 1
IsCombinational: 0
IsDatapathOnly: 0
HasWiredReturn: 1
HasMFsm: 2
HasVarLatency: 1
IsPipeline: 0
IsRtlPipelined: 0
IsInstanceOverlapped: 0
IsDontTouch: 0
HasImplIP: 0
IsGatedGlobalClock: 0

+ Individual pipeline summary: 
  * Pipeline-0: initiation interval (II) = 1, depth = 3


============================================================
+ Verbose Summary: Schedule
============================================================
* Number of FSM states : 3
* Pipeline : 1
  Pipeline-0 : II = 1, D = 3, States = { 1 2 3 }
* Dataflow Pipeline: 0

* FSM state transitions: 
1 --> 2 
2 --> 3 
3 --> 

* FSM state operations: 

State 1 <SV = 0> <Delay = 4.05>
ST_1 : Operation 6 [1/1] (0.00ns)   --->   "%i_1 = alloca i32 1"   --->   Operation 6 'alloca' 'i_1' <Predicate = true> <Delay = 0.00>
ST_1 : Operation 7 [1/1] (0.00ns)   --->   "%trunc_ln_read = read i31 @_ssdm_op_Read.ap_auto.i31, i31 %trunc_ln"   --->   Operation 7 'read' 'trunc_ln_read' <Predicate = true> <Delay = 0.00>
ST_1 : Operation 8 [1/1] (1.58ns)   --->   "%store_ln0 = store i19 0, i19 %i_1"   --->   Operation 8 'store' 'store_ln0' <Predicate = true> <Delay = 1.58>
ST_1 : Operation 9 [1/1] (0.00ns)   --->   "%br_ln0 = br void %for.inc34"   --->   Operation 9 'br' 'br_ln0' <Predicate = true> <Delay = 0.00>
ST_1 : Operation 10 [1/1] (0.00ns)   --->   "%i = load i19 %i_1" [card_recognizer_hls.cpp:114]   --->   Operation 10 'load' 'i' <Predicate = true> <Delay = 0.00>
ST_1 : Operation 11 [1/1] (0.00ns)   --->   "%zext_ln114_1 = zext i19 %i" [card_recognizer_hls.cpp:114]   --->   Operation 11 'zext' 'zext_ln114_1' <Predicate = true> <Delay = 0.00>
ST_1 : Operation 12 [1/1] (2.47ns)   --->   "%icmp_ln114 = icmp_eq  i31 %zext_ln114_1, i31 %trunc_ln_read" [card_recognizer_hls.cpp:114]   --->   Operation 12 'icmp' 'icmp_ln114' <Predicate = true> <Delay = 2.47> <CoreInst = "Cmp">   --->   Core 9 'Cmp' <Latency = 0> <II = 1> <Delay = 2.47> <FuncUnit> <Opcode : 'icmp'> <InPorts = 2> <OutPorts = 1>
ST_1 : Operation 13 [1/1] (0.00ns)   --->   "%empty = speclooptripcount i32 @_ssdm_op_SpecLoopTripCount, i64 1, i64 524287, i64 0"   --->   Operation 13 'speclooptripcount' 'empty' <Predicate = true> <Delay = 0.00>
ST_1 : Operation 14 [1/1] (2.16ns)   --->   "%add_ln114 = add i19 %i, i19 1" [card_recognizer_hls.cpp:114]   --->   Operation 14 'add' 'add_ln114' <Predicate = true> <Delay = 2.16> <CoreInst = "Adder">   --->   Core 1 'Adder' <Latency = 0> <II = 1> <Delay = 2.16> <FuncUnit> <Opcode : 'add' 'sub'> <InPorts = 2> <OutPorts = 1>
ST_1 : Operation 15 [1/1] (0.00ns)   --->   "%br_ln114 = br i1 %icmp_ln114, void %for.inc34.split, void %for.end36.loopexit.exitStub" [card_recognizer_hls.cpp:114]   --->   Operation 15 'br' 'br_ln114' <Predicate = true> <Delay = 0.00>
ST_1 : Operation 16 [1/1] (0.00ns)   --->   "%zext_ln114 = zext i19 %i" [card_recognizer_hls.cpp:114]   --->   Operation 16 'zext' 'zext_ln114' <Predicate = (!icmp_ln114)> <Delay = 0.00>
ST_1 : Operation 17 [1/1] (0.00ns)   --->   "%gray_addr = getelementptr i8 %gray, i64 0, i64 %zext_ln114" [card_recognizer_hls.cpp:116]   --->   Operation 17 'getelementptr' 'gray_addr' <Predicate = (!icmp_ln114)> <Delay = 0.00>
ST_1 : Operation 18 [2/2] (3.25ns)   --->   "%gray_load = load i19 %gray_addr" [card_recognizer_hls.cpp:116]   --->   Operation 18 'load' 'gray_load' <Predicate = (!icmp_ln114)> <Delay = 3.25> <CoreInst = "RAM">   --->   Core 82 'RAM' <Latency = 1> <II = 1> <Delay = 3.25> <Storage> <Opcode : 'load' 'store'> <Ports = 2> <Width = 8> <Depth = 307200> <RAM>
ST_1 : Operation 19 [1/1] (1.58ns)   --->   "%store_ln114 = store i19 %add_ln114, i19 %i_1" [card_recognizer_hls.cpp:114]   --->   Operation 19 'store' 'store_ln114' <Predicate = (!icmp_ln114)> <Delay = 1.58>

State 2 <SV = 1> <Delay = 4.80>
ST_2 : Operation 20 [1/2] (3.25ns)   --->   "%gray_load = load i19 %gray_addr" [card_recognizer_hls.cpp:116]   --->   Operation 20 'load' 'gray_load' <Predicate = true> <Delay = 3.25> <CoreInst = "RAM">   --->   Core 82 'RAM' <Latency = 1> <II = 1> <Delay = 3.25> <Storage> <Opcode : 'load' 'store'> <Ports = 2> <Width = 8> <Depth = 307200> <RAM>
ST_2 : Operation 21 [1/1] (1.55ns)   --->   "%icmp_ln116 = icmp_ugt  i8 %gray_load, i8 120" [card_recognizer_hls.cpp:116]   --->   Operation 21 'icmp' 'icmp_ln116' <Predicate = true> <Delay = 1.55> <CoreInst = "Cmp">   --->   Core 9 'Cmp' <Latency = 0> <II = 1> <Delay = 1.55> <FuncUnit> <Opcode : 'icmp'> <InPorts = 2> <OutPorts = 1>
ST_2 : Operation 28 [1/1] (0.00ns)   --->   "%ret_ln0 = ret"   --->   Operation 28 'ret' 'ret_ln0' <Predicate = (icmp_ln114)> <Delay = 0.00>

State 3 <SV = 2> <Delay = 4.24>
ST_3 : Operation 22 [1/1] (0.00ns)   --->   "%specpipeline_ln115 = specpipeline void @_ssdm_op_SpecPipeline, i32 1, i32 0, i32 0, i32 0, void @empty_0" [card_recognizer_hls.cpp:115]   --->   Operation 22 'specpipeline' 'specpipeline_ln115' <Predicate = true> <Delay = 0.00>
ST_3 : Operation 23 [1/1] (0.00ns)   --->   "%specloopname_ln114 = specloopname void @_ssdm_op_SpecLoopName, void @empty_16" [card_recognizer_hls.cpp:114]   --->   Operation 23 'specloopname' 'specloopname_ln114' <Predicate = true> <Delay = 0.00>
ST_3 : Operation 24 [1/1] (0.99ns)   --->   "%select_ln116 = select i1 %icmp_ln116, i2 3, i2 0" [card_recognizer_hls.cpp:116]   --->   Operation 24 'select' 'select_ln116' <Predicate = true> <Delay = 0.99> <CoreInst = "Sel">   --->   Core 73 'Sel' <Latency = 0> <II = 1> <Delay = 0.99> <FuncUnit> <Opcode : 'select'> <InPorts = 3> <OutPorts = 1>
ST_3 : Operation 25 [1/1] (0.00ns)   --->   "%binary_addr = getelementptr i2 %binary, i64 0, i64 %zext_ln114" [card_recognizer_hls.cpp:116]   --->   Operation 25 'getelementptr' 'binary_addr' <Predicate = true> <Delay = 0.00>
ST_3 : Operation 26 [1/1] (3.25ns)   --->   "%store_ln116 = store i2 %select_ln116, i19 %binary_addr" [card_recognizer_hls.cpp:116]   --->   Operation 26 'store' 'store_ln116' <Predicate = true> <Delay = 3.25> <CoreInst = "RAM">   --->   Core 82 'RAM' <Latency = 1> <II = 1> <Delay = 3.25> <Storage> <Opcode : 'load' 'store'> <Ports = 2> <Width = 2> <Depth = 307200> <RAM>
ST_3 : Operation 27 [1/1] (0.00ns)   --->   "%br_ln114 = br void %for.inc34" [card_recognizer_hls.cpp:114]   --->   Operation 27 'br' 'br_ln114' <Predicate = true> <Delay = 0.00>


============================================================
+ Verbose Summary: Timing violations
============================================================
Target clock period: 10ns, clock uncertainty: 2.7ns.

 <State 1>: 4.06ns
The critical path consists of the following:
	'alloca' operation ('i') [4]  (0 ns)
	'load' operation ('i', card_recognizer_hls.cpp:114) on local variable 'i' [9]  (0 ns)
	'add' operation ('add_ln114', card_recognizer_hls.cpp:114) [13]  (2.17 ns)
	'store' operation ('store_ln114', card_recognizer_hls.cpp:114) of variable 'add_ln114', card_recognizer_hls.cpp:114 on local variable 'i' [25]  (1.59 ns)
	blocking operation 0.304 ns on control path)

 <State 2>: 4.8ns
The critical path consists of the following:
	'load' operation ('gray_load', card_recognizer_hls.cpp:116) on array 'gray' [20]  (3.25 ns)
	'icmp' operation ('icmp_ln116', card_recognizer_hls.cpp:116) [21]  (1.55 ns)

 <State 3>: 4.25ns
The critical path consists of the following:
	'select' operation ('select_ln116', card_recognizer_hls.cpp:116) [22]  (0.993 ns)
	'store' operation ('store_ln116', card_recognizer_hls.cpp:116) of variable 'select_ln116', card_recognizer_hls.cpp:116 on array 'binary' [24]  (3.25 ns)


============================================================
+ Verbose Summary: Binding
============================================================
N/A
* FSMD analyzer results:
  - Output states:
 - Input state : 
  - Chain level:
	State 1
	State 2
	State 3


============================================================
+ Verbose Summary: Datapath Resource usage 
============================================================
N/A
