

================================================================
== Vitis HLS Report for 'card_recognizer_hw'
================================================================
* Date:           Tue Jun  9 14:11:46 2026

* Version:        2022.2 (Build 3670227 on Oct 13 2022)
* Project:        card_recognizer_hls
* Solution:       solution1 (Vivado IP Flow Target)
* Product family: zynq
* Target device:  xc7z010-clg400-1


================================================================
== Performance Estimates
================================================================
+ Timing: 
    * Summary: 
    +--------+----------+-----------+------------+
    |  Clock |  Target  | Estimated | Uncertainty|
    +--------+----------+-----------+------------+
    |ap_clk  |  10.00 ns|  31.819 ns|     2.70 ns|
    +--------+----------+-----------+------------+

+ Latency: 
    * Summary: 
    +---------+---------+----------+----------+-----+-----+---------+
    |  Latency (cycles) |  Latency (absolute) |  Interval | Pipeline|
    |   min   |   max   |    min   |    max   | min | max |   Type  |
    +---------+---------+----------+----------+-----+-----+---------+
    |        ?|        ?|         ?|         ?|    ?|    ?|       no|
    +---------+---------+----------+----------+-----+-----+---------+

    + Detail: 
        * Instance: 
        +---------------------------------------------------------+----------------------------------------------+---------+---------+-----------+----------+-----+--------+---------+
        |                                                         |                                              |  Latency (cycles) |  Latency (absolute)  |   Interval   | Pipeline|
        |                         Instance                        |                    Module                    |   min   |   max   |    min    |    max   | min |   max  |   Type  |
        +---------------------------------------------------------+----------------------------------------------+---------+---------+-----------+----------+-----+--------+---------+
        |grp_card_recognizer_hw_Pipeline_VITIS_LOOP_105_1_fu_123  |card_recognizer_hw_Pipeline_VITIS_LOOP_105_1  |       27|        ?|   0.270 us|         ?|   27|       ?|       no|
        |grp_card_recognizer_hw_Pipeline_VITIS_LOOP_114_2_fu_133  |card_recognizer_hw_Pipeline_VITIS_LOOP_114_2  |        4|   524290|  40.000 ns|  5.243 ms|    4|  524290|       no|
        |grp_find_largest_component_hw_fu_142                     |find_largest_component_hw                     |        ?|        ?|          ?|         ?|    ?|       ?|       no|
        +---------------------------------------------------------+----------------------------------------------+---------+---------+-----------+----------+-----+--------+---------+

        * Loop: 
        N/A

============================================================
+ Verbose Summary: Synthesis Manager
============================================================
InlineROM: 1
ExposeGlobal: 0
============================================================
+ Verbose Summary: CDFG Model
============================================================
IsTopModel: 1
ResetActiveHigh: 1
IsCombinational: 0
IsDatapathOnly: 0
HasWiredReturn: 1
HasMFsm: 0
HasVarLatency: 1
IsPipeline: 0
IsRtlPipelined: 0
IsInstanceOverlapped: 0
IsDontTouch: 0
HasImplIP: 0
IsGatedGlobalClock: 0


============================================================
+ Verbose Summary: Schedule
============================================================
* Number of FSM states : 17
* Pipeline : 0
* Dataflow Pipeline: 0

* FSM state transitions: 
1 --> 2 
2 --> 3 
3 --> 4 
4 --> 5 16 
5 --> 6 
6 --> 7 
7 --> 8 
8 --> 9 
9 --> 10 
10 --> 11 
11 --> 12 
12 --> 13 
13 --> 14 
14 --> 15 
15 --> 16 
16 --> 17 
17 --> 

* FSM state operations: 

State 1 <SV = 0> <Delay = 1.00>
ST_1 : Operation 18 [1/1] (1.00ns)   --->   "%height_read = read i32 @_ssdm_op_Read.s_axilite.i32, i32 %height" [card_recognizer_hls.cpp:85]   --->   Operation 18 'read' 'height_read' <Predicate = true> <Delay = 1.00> <CoreInst = "s_axilite">   --->   Core 114 's_axilite' <Latency = 0> <II = 1> <Delay = 1.00> <Adapter> <Opcode : 'read' 'write'>
ST_1 : Operation 19 [1/1] (1.00ns)   --->   "%width_read = read i32 @_ssdm_op_Read.s_axilite.i32, i32 %width" [card_recognizer_hls.cpp:85]   --->   Operation 19 'read' 'width_read' <Predicate = true> <Delay = 1.00> <CoreInst = "s_axilite">   --->   Core 114 's_axilite' <Latency = 0> <II = 1> <Delay = 1.00> <Adapter> <Opcode : 'read' 'write'>
ST_1 : Operation 20 [1/1] (1.00ns)   --->   "%input_rgb_read = read i64 @_ssdm_op_Read.s_axilite.i64, i64 %input_rgb" [card_recognizer_hls.cpp:85]   --->   Operation 20 'read' 'input_rgb_read' <Predicate = true> <Delay = 1.00> <CoreInst = "s_axilite">   --->   Core 114 's_axilite' <Latency = 0> <II = 1> <Delay = 1.00> <Adapter> <Opcode : 'read' 'write'>

State 2 <SV = 1> <Delay = 6.91>
ST_2 : Operation 21 [2/2] (6.91ns)   --->   "%n = mul i32 %height_read, i32 %width_read" [card_recognizer_hls.cpp:102]   --->   Operation 21 'mul' 'n' <Predicate = true> <Delay = 6.91> <CoreInst = "Multiplier">   --->   Core 3 'Multiplier' <Latency = 1> <II = 1> <Delay = 6.91> <FuncUnit> <Opcode : 'mul'> <InPorts = 2> <OutPorts = 1>

State 3 <SV = 2> <Delay = 6.91>
ST_3 : Operation 22 [1/2] (6.91ns)   --->   "%n = mul i32 %height_read, i32 %width_read" [card_recognizer_hls.cpp:102]   --->   Operation 22 'mul' 'n' <Predicate = true> <Delay = 6.91> <CoreInst = "Multiplier">   --->   Core 3 'Multiplier' <Latency = 1> <II = 1> <Delay = 6.91> <FuncUnit> <Opcode : 'mul'> <InPorts = 2> <OutPorts = 1>

State 4 <SV = 3> <Delay = 2.55>
ST_4 : Operation 23 [1/1] (0.00ns)   --->   "%spectopmodule_ln84 = spectopmodule void @_ssdm_op_SpecTopModule, void @empty_15" [card_recognizer_hls.cpp:84]   --->   Operation 23 'spectopmodule' 'spectopmodule_ln84' <Predicate = true> <Delay = 0.00>
ST_4 : Operation 24 [1/1] (0.00ns)   --->   "%specinterface_ln0 = specinterface void @_ssdm_op_SpecInterface, i8 %gmem, void @empty, i32 0, i32 0, void @empty_0, i32 0, i32 921600, void @empty_1, void @empty_2, void @empty_0, i32 16, i32 16, i32 16, i32 16, void @empty_0, void @empty_0, i32 4294967295, i32 0"   --->   Operation 24 'specinterface' 'specinterface_ln0' <Predicate = true> <Delay = 0.00>
ST_4 : Operation 25 [1/1] (0.00ns)   --->   "%specbitsmap_ln0 = specbitsmap void @_ssdm_op_SpecBitsMap, i8 %gmem"   --->   Operation 25 'specbitsmap' 'specbitsmap_ln0' <Predicate = true> <Delay = 0.00>
ST_4 : Operation 26 [1/1] (0.00ns)   --->   "%specinterface_ln0 = specinterface void @_ssdm_op_SpecInterface, i64 %input_rgb, void @empty_3, i32 0, i32 0, void @empty_0, i32 0, i32 0, void @empty_4, void @empty_5, void @empty_0, i32 0, i32 0, i32 0, i32 0, void @empty_0, void @empty_6, i32 4294967295, i32 0"   --->   Operation 26 'specinterface' 'specinterface_ln0' <Predicate = true> <Delay = 0.00>
ST_4 : Operation 27 [1/1] (0.00ns)   --->   "%specinterface_ln0 = specinterface void @_ssdm_op_SpecInterface, i64 %input_rgb, void @empty_7, i32 0, i32 0, void @empty_0, i32 0, i32 0, void @empty_0, void @empty_0, void @empty_0, i32 0, i32 0, i32 0, i32 0, void @empty_0, void @empty_6, i32 4294967295, i32 0"   --->   Operation 27 'specinterface' 'specinterface_ln0' <Predicate = true> <Delay = 0.00>
ST_4 : Operation 28 [1/1] (0.00ns)   --->   "%specbitsmap_ln0 = specbitsmap void @_ssdm_op_SpecBitsMap, i32 %result_rank"   --->   Operation 28 'specbitsmap' 'specbitsmap_ln0' <Predicate = true> <Delay = 0.00>
ST_4 : Operation 29 [1/1] (0.00ns)   --->   "%specinterface_ln0 = specinterface void @_ssdm_op_SpecInterface, i32 %result_rank, void @empty_3, i32 0, i32 0, void @empty_0, i32 0, i32 0, void @empty_4, void @empty_8, void @empty_0, i32 0, i32 0, i32 0, i32 0, void @empty_0, void @empty_0, i32 4294967295, i32 0"   --->   Operation 29 'specinterface' 'specinterface_ln0' <Predicate = true> <Delay = 0.00>
ST_4 : Operation 30 [1/1] (0.00ns)   --->   "%specinterface_ln0 = specinterface void @_ssdm_op_SpecInterface, i32 %result_rank, void @empty_7, i32 0, i32 0, void @empty_0, i32 0, i32 0, void @empty_0, void @empty_0, void @empty_0, i32 0, i32 0, i32 0, i32 0, void @empty_0, void @empty_0, i32 4294967295, i32 0"   --->   Operation 30 'specinterface' 'specinterface_ln0' <Predicate = true> <Delay = 0.00>
ST_4 : Operation 31 [1/1] (0.00ns)   --->   "%specbitsmap_ln0 = specbitsmap void @_ssdm_op_SpecBitsMap, i32 %result_suit"   --->   Operation 31 'specbitsmap' 'specbitsmap_ln0' <Predicate = true> <Delay = 0.00>
ST_4 : Operation 32 [1/1] (0.00ns)   --->   "%specinterface_ln0 = specinterface void @_ssdm_op_SpecInterface, i32 %result_suit, void @empty_3, i32 0, i32 0, void @empty_0, i32 0, i32 0, void @empty_4, void @empty_9, void @empty_0, i32 0, i32 0, i32 0, i32 0, void @empty_0, void @empty_0, i32 4294967295, i32 0"   --->   Operation 32 'specinterface' 'specinterface_ln0' <Predicate = true> <Delay = 0.00>
ST_4 : Operation 33 [1/1] (0.00ns)   --->   "%specinterface_ln0 = specinterface void @_ssdm_op_SpecInterface, i32 %result_suit, void @empty_7, i32 0, i32 0, void @empty_0, i32 0, i32 0, void @empty_0, void @empty_0, void @empty_0, i32 0, i32 0, i32 0, i32 0, void @empty_0, void @empty_0, i32 4294967295, i32 0"   --->   Operation 33 'specinterface' 'specinterface_ln0' <Predicate = true> <Delay = 0.00>
ST_4 : Operation 34 [1/1] (0.00ns)   --->   "%specbitsmap_ln0 = specbitsmap void @_ssdm_op_SpecBitsMap, i32 %width"   --->   Operation 34 'specbitsmap' 'specbitsmap_ln0' <Predicate = true> <Delay = 0.00>
ST_4 : Operation 35 [1/1] (0.00ns)   --->   "%specinterface_ln0 = specinterface void @_ssdm_op_SpecInterface, i32 %width, void @empty_3, i32 0, i32 0, void @empty_0, i32 0, i32 0, void @empty_4, void @empty_10, void @empty_0, i32 0, i32 0, i32 0, i32 0, void @empty_0, void @empty_0, i32 4294967295, i32 0"   --->   Operation 35 'specinterface' 'specinterface_ln0' <Predicate = true> <Delay = 0.00>
ST_4 : Operation 36 [1/1] (0.00ns)   --->   "%specinterface_ln0 = specinterface void @_ssdm_op_SpecInterface, i32 %width, void @empty_7, i32 0, i32 0, void @empty_0, i32 0, i32 0, void @empty_0, void @empty_0, void @empty_0, i32 0, i32 0, i32 0, i32 0, void @empty_0, void @empty_0, i32 4294967295, i32 0"   --->   Operation 36 'specinterface' 'specinterface_ln0' <Predicate = true> <Delay = 0.00>
ST_4 : Operation 37 [1/1] (0.00ns)   --->   "%specbitsmap_ln0 = specbitsmap void @_ssdm_op_SpecBitsMap, i32 %height"   --->   Operation 37 'specbitsmap' 'specbitsmap_ln0' <Predicate = true> <Delay = 0.00>
ST_4 : Operation 38 [1/1] (0.00ns)   --->   "%specinterface_ln0 = specinterface void @_ssdm_op_SpecInterface, i32 %height, void @empty_3, i32 0, i32 0, void @empty_0, i32 0, i32 0, void @empty_4, void @empty_11, void @empty_0, i32 0, i32 0, i32 0, i32 0, void @empty_0, void @empty_0, i32 4294967295, i32 0"   --->   Operation 38 'specinterface' 'specinterface_ln0' <Predicate = true> <Delay = 0.00>
ST_4 : Operation 39 [1/1] (0.00ns)   --->   "%specinterface_ln0 = specinterface void @_ssdm_op_SpecInterface, i32 %height, void @empty_7, i32 0, i32 0, void @empty_0, i32 0, i32 0, void @empty_0, void @empty_0, void @empty_0, i32 0, i32 0, i32 0, i32 0, void @empty_0, void @empty_0, i32 4294967295, i32 0"   --->   Operation 39 'specinterface' 'specinterface_ln0' <Predicate = true> <Delay = 0.00>
ST_4 : Operation 40 [1/1] (0.00ns)   --->   "%specinterface_ln0 = specinterface void @_ssdm_op_SpecInterface, i32 0, void @empty_3, i32 0, i32 0, void @empty_0, i32 0, i32 0, void @empty_4, void @empty_0, void @empty_0, i32 0, i32 0, i32 0, i32 0, void @empty_0, void @empty_0, i32 4294967295, i32 0"   --->   Operation 40 'specinterface' 'specinterface_ln0' <Predicate = true> <Delay = 0.00>
ST_4 : Operation 41 [1/1] (2.47ns)   --->   "%icmp_ln105 = icmp_sgt  i32 %n, i32 0" [card_recognizer_hls.cpp:105]   --->   Operation 41 'icmp' 'icmp_ln105' <Predicate = true> <Delay = 2.47> <CoreInst = "Cmp">   --->   Core 9 'Cmp' <Latency = 0> <II = 1> <Delay = 2.47> <FuncUnit> <Opcode : 'icmp'> <InPorts = 2> <OutPorts = 1>
ST_4 : Operation 42 [1/1] (0.00ns)   --->   "%br_ln105 = br i1 %icmp_ln105, void %for.end36, void %for.body.lr.ph" [card_recognizer_hls.cpp:105]   --->   Operation 42 'br' 'br_ln105' <Predicate = true> <Delay = 0.00>
ST_4 : Operation 43 [1/1] (0.00ns)   --->   "%trunc_ln105 = trunc i32 %n" [card_recognizer_hls.cpp:105]   --->   Operation 43 'trunc' 'trunc_ln105' <Predicate = (icmp_ln105)> <Delay = 0.00>
ST_4 : Operation 44 [1/1] (0.00ns) (grouped into LUT with out node sub_ln105)   --->   "%shl_ln105 = shl i32 %n, i32 2" [card_recognizer_hls.cpp:105]   --->   Operation 44 'shl' 'shl_ln105' <Predicate = (icmp_ln105)> <Delay = 0.00>
ST_4 : Operation 45 [1/1] (2.55ns) (out node of the LUT)   --->   "%sub_ln105 = sub i32 %shl_ln105, i32 %n" [card_recognizer_hls.cpp:105]   --->   Operation 45 'sub' 'sub_ln105' <Predicate = (icmp_ln105)> <Delay = 2.55> <CoreInst = "Adder">   --->   Core 1 'Adder' <Latency = 0> <II = 1> <Delay = 2.55> <FuncUnit> <Opcode : 'add' 'sub'> <InPorts = 2> <OutPorts = 1>

State 5 <SV = 4> <Delay = 7.30>
ST_5 : Operation 46 [1/1] (0.00ns)   --->   "%gmem_addr = getelementptr i8 %gmem, i64 %input_rgb_read" [card_recognizer_hls.cpp:105]   --->   Operation 46 'getelementptr' 'gmem_addr' <Predicate = true> <Delay = 0.00>
ST_5 : Operation 47 [7/7] (7.30ns)   --->   "%empty = readreq i1 @_ssdm_op_ReadReq.m_axi.p1i8, i8 %gmem_addr, i32 %sub_ln105" [card_recognizer_hls.cpp:105]   --->   Operation 47 'readreq' 'empty' <Predicate = true> <Delay = 7.30> <CoreInst = "m_axi">   --->   Core 113 'm_axi' <Latency = 0> <II = 1> <Delay = 1.00> <Adapter> <Opcode : 'read' 'write' 'readreq' 'writereq' 'writeresp'>

State 6 <SV = 5> <Delay = 7.30>
ST_6 : Operation 48 [6/7] (7.30ns)   --->   "%empty = readreq i1 @_ssdm_op_ReadReq.m_axi.p1i8, i8 %gmem_addr, i32 %sub_ln105" [card_recognizer_hls.cpp:105]   --->   Operation 48 'readreq' 'empty' <Predicate = true> <Delay = 7.30> <CoreInst = "m_axi">   --->   Core 113 'm_axi' <Latency = 0> <II = 1> <Delay = 1.00> <Adapter> <Opcode : 'read' 'write' 'readreq' 'writereq' 'writeresp'>

State 7 <SV = 6> <Delay = 7.30>
ST_7 : Operation 49 [5/7] (7.30ns)   --->   "%empty = readreq i1 @_ssdm_op_ReadReq.m_axi.p1i8, i8 %gmem_addr, i32 %sub_ln105" [card_recognizer_hls.cpp:105]   --->   Operation 49 'readreq' 'empty' <Predicate = true> <Delay = 7.30> <CoreInst = "m_axi">   --->   Core 113 'm_axi' <Latency = 0> <II = 1> <Delay = 1.00> <Adapter> <Opcode : 'read' 'write' 'readreq' 'writereq' 'writeresp'>

State 8 <SV = 7> <Delay = 7.30>
ST_8 : Operation 50 [4/7] (7.30ns)   --->   "%empty = readreq i1 @_ssdm_op_ReadReq.m_axi.p1i8, i8 %gmem_addr, i32 %sub_ln105" [card_recognizer_hls.cpp:105]   --->   Operation 50 'readreq' 'empty' <Predicate = true> <Delay = 7.30> <CoreInst = "m_axi">   --->   Core 113 'm_axi' <Latency = 0> <II = 1> <Delay = 1.00> <Adapter> <Opcode : 'read' 'write' 'readreq' 'writereq' 'writeresp'>

State 9 <SV = 8> <Delay = 7.30>
ST_9 : Operation 51 [3/7] (7.30ns)   --->   "%empty = readreq i1 @_ssdm_op_ReadReq.m_axi.p1i8, i8 %gmem_addr, i32 %sub_ln105" [card_recognizer_hls.cpp:105]   --->   Operation 51 'readreq' 'empty' <Predicate = true> <Delay = 7.30> <CoreInst = "m_axi">   --->   Core 113 'm_axi' <Latency = 0> <II = 1> <Delay = 1.00> <Adapter> <Opcode : 'read' 'write' 'readreq' 'writereq' 'writeresp'>

State 10 <SV = 9> <Delay = 7.30>
ST_10 : Operation 52 [2/7] (7.30ns)   --->   "%empty = readreq i1 @_ssdm_op_ReadReq.m_axi.p1i8, i8 %gmem_addr, i32 %sub_ln105" [card_recognizer_hls.cpp:105]   --->   Operation 52 'readreq' 'empty' <Predicate = true> <Delay = 7.30> <CoreInst = "m_axi">   --->   Core 113 'm_axi' <Latency = 0> <II = 1> <Delay = 1.00> <Adapter> <Opcode : 'read' 'write' 'readreq' 'writereq' 'writeresp'>

State 11 <SV = 10> <Delay = 7.30>
ST_11 : Operation 53 [1/7] (7.30ns)   --->   "%empty = readreq i1 @_ssdm_op_ReadReq.m_axi.p1i8, i8 %gmem_addr, i32 %sub_ln105" [card_recognizer_hls.cpp:105]   --->   Operation 53 'readreq' 'empty' <Predicate = true> <Delay = 7.30> <CoreInst = "m_axi">   --->   Core 113 'm_axi' <Latency = 0> <II = 1> <Delay = 1.00> <Adapter> <Opcode : 'read' 'write' 'readreq' 'writereq' 'writeresp'>

State 12 <SV = 11> <Delay = 2.47>
ST_12 : Operation 54 [2/2] (2.47ns)   --->   "%call_ln85 = call void @card_recognizer_hw_Pipeline_VITIS_LOOP_105_1, i8 %gmem, i64 %input_rgb_read, i31 %trunc_ln105, i8 %gray" [card_recognizer_hls.cpp:85]   --->   Operation 54 'call' 'call_ln85' <Predicate = true> <Delay = 2.47> <CoreType = "Generic">   --->   Core 0 '' <Latency = 0> <II = 1> <Delay = 1.00> <Generic> <Opcode : >

State 13 <SV = 12> <Delay = 0.00>
ST_13 : Operation 55 [1/2] (0.00ns)   --->   "%call_ln85 = call void @card_recognizer_hw_Pipeline_VITIS_LOOP_105_1, i8 %gmem, i64 %input_rgb_read, i31 %trunc_ln105, i8 %gray" [card_recognizer_hls.cpp:85]   --->   Operation 55 'call' 'call_ln85' <Predicate = true> <Delay = 0.00> <CoreType = "Generic">   --->   Core 0 '' <Latency = 0> <II = 1> <Delay = 1.00> <Generic> <Opcode : >

State 14 <SV = 13> <Delay = 4.05>
ST_14 : Operation 56 [2/2] (4.05ns)   --->   "%call_ln105 = call void @card_recognizer_hw_Pipeline_VITIS_LOOP_114_2, i31 %trunc_ln105, i8 %gray, i2 %binary" [card_recognizer_hls.cpp:105]   --->   Operation 56 'call' 'call_ln105' <Predicate = true> <Delay = 4.05> <CoreType = "Generic">   --->   Core 0 '' <Latency = 0> <II = 1> <Delay = 1.00> <Generic> <Opcode : >

State 15 <SV = 14> <Delay = 0.00>
ST_15 : Operation 57 [1/2] (0.00ns)   --->   "%call_ln105 = call void @card_recognizer_hw_Pipeline_VITIS_LOOP_114_2, i31 %trunc_ln105, i8 %gray, i2 %binary" [card_recognizer_hls.cpp:105]   --->   Operation 57 'call' 'call_ln105' <Predicate = true> <Delay = 0.00> <CoreType = "Generic">   --->   Core 0 '' <Latency = 0> <II = 1> <Delay = 1.00> <Generic> <Opcode : >
ST_15 : Operation 58 [1/1] (0.00ns)   --->   "%br_ln0 = br void %for.end36"   --->   Operation 58 'br' 'br_ln0' <Predicate = true> <Delay = 0.00>

State 16 <SV = 15> <Delay = 6.91>
ST_16 : Operation 59 [2/2] (6.91ns)   --->   "%comp_size = call i32 @find_largest_component_hw, i32 %width_read, i32 %height_read, i1 %visited, i32 %queue_x, i32 %queue_y, i2 %binary" [card_recognizer_hls.cpp:120]   --->   Operation 59 'call' 'comp_size' <Predicate = true> <Delay = 6.91> <CoreType = "Generic">   --->   Core 0 '' <Latency = 0> <II = 1> <Delay = 1.00> <Generic> <Opcode : >

State 17 <SV = 16> <Delay = 4.68>
ST_17 : Operation 60 [1/2] (0.00ns)   --->   "%comp_size = call i32 @find_largest_component_hw, i32 %width_read, i32 %height_read, i1 %visited, i32 %queue_x, i32 %queue_y, i2 %binary" [card_recognizer_hls.cpp:120]   --->   Operation 60 'call' 'comp_size' <Predicate = true> <Delay = 0.00> <CoreType = "Generic">   --->   Core 0 '' <Latency = 0> <II = 1> <Delay = 1.00> <Generic> <Opcode : >
ST_17 : Operation 61 [1/1] (2.47ns)   --->   "%icmp_ln123 = icmp_sgt  i32 %comp_size, i32 10000" [card_recognizer_hls.cpp:123]   --->   Operation 61 'icmp' 'icmp_ln123' <Predicate = true> <Delay = 2.47> <CoreInst = "Cmp">   --->   Core 9 'Cmp' <Latency = 0> <II = 1> <Delay = 2.47> <FuncUnit> <Opcode : 'icmp'> <InPorts = 2> <OutPorts = 1>
ST_17 : Operation 62 [1/1] (1.21ns)   --->   "%select_ln123 = select i1 %icmp_ln123, i32 10, i32 0" [card_recognizer_hls.cpp:123]   --->   Operation 62 'select' 'select_ln123' <Predicate = true> <Delay = 1.21> <CoreInst = "Sel">   --->   Core 73 'Sel' <Latency = 0> <II = 1> <Delay = 1.21> <FuncUnit> <Opcode : 'select'> <InPorts = 3> <OutPorts = 1>
ST_17 : Operation 63 [1/1] (1.00ns)   --->   "%write_ln123 = write void @_ssdm_op_Write.s_axilite.i32P0A, i32 %result_rank, i32 %select_ln123" [card_recognizer_hls.cpp:123]   --->   Operation 63 'write' 'write_ln123' <Predicate = true> <Delay = 1.00> <CoreInst = "s_axilite">   --->   Core 114 's_axilite' <Latency = 0> <II = 1> <Delay = 1.00> <Adapter> <Opcode : 'read' 'write'>
ST_17 : Operation 64 [1/1] (1.00ns)   --->   "%write_ln124 = write void @_ssdm_op_Write.s_axilite.i32P0A, i32 %result_suit, i32 0" [card_recognizer_hls.cpp:124]   --->   Operation 64 'write' 'write_ln124' <Predicate = true> <Delay = 1.00> <CoreInst = "s_axilite">   --->   Core 114 's_axilite' <Latency = 0> <II = 1> <Delay = 1.00> <Adapter> <Opcode : 'read' 'write'>
ST_17 : Operation 65 [1/1] (0.00ns)   --->   "%ret_ln125 = ret" [card_recognizer_hls.cpp:125]   --->   Operation 65 'ret' 'ret_ln125' <Predicate = true> <Delay = 0.00>


============================================================
+ Verbose Summary: Binding
============================================================
STG Binding: 
---------------- STG Properties BEGIN ----------------
- Is combinational: 0
- Is one-state seq: 0
- Is datapath-only: 0
- Is pipelined: 0
- Is top level: 1
Port [ Return ] is wired: 1; IO mode=ap_ctrl_hs:ce=0
Port [ gmem]:  wired=1; compound=1; hidden=0; nouse=0; global=0; static=0; extern=0; dir=0; type=4; pingpong=0; private_global=0; IO mode=m_axi:ce=0
Port [ input_rgb]:  wired=1; compound=0; hidden=0; nouse=0; global=0; static=0; extern=0; dir=0; type=0; pingpong=0; private_global=0; IO mode=ap_none:ce=0
Port [ result_rank]:  wired=1; compound=0; hidden=0; nouse=0; global=0; static=0; extern=0; dir=1; type=0; pingpong=0; private_global=0; IO mode=ap_vld:ce=0
Port [ result_suit]:  wired=1; compound=0; hidden=0; nouse=0; global=0; static=0; extern=0; dir=1; type=0; pingpong=0; private_global=0; IO mode=ap_vld:ce=0
Port [ width]:  wired=1; compound=0; hidden=0; nouse=0; global=0; static=0; extern=0; dir=0; type=0; pingpong=0; private_global=0; IO mode=ap_none:ce=0
Port [ height]:  wired=1; compound=0; hidden=0; nouse=0; global=0; static=0; extern=0; dir=0; type=0; pingpong=0; private_global=0; IO mode=ap_none:ce=0
Port [ gray]:  wired=0; compound=1; hidden=1; nouse=0; global=1; static=1; extern=0; dir=2; type=1; pingpong=0; private_global=1; MemPort=[23]; IO mode=ap_memory:ce=0
Port [ binary]:  wired=0; compound=1; hidden=1; nouse=0; global=1; static=1; extern=0; dir=2; type=1; pingpong=0; private_global=1; MemPort=[21]; IO mode=ap_memory:ce=0
Port [ visited]:  wired=0; compound=1; hidden=1; nouse=1; global=1; static=1; extern=0; dir=2; type=1; pingpong=0; private_global=0; MemPort=[22]; IO mode=ap_memory:ce=0
Port [ queue_x]:  wired=0; compound=1; hidden=1; nouse=1; global=1; static=1; extern=0; dir=2; type=1; pingpong=0; private_global=0; MemPort=[23]; IO mode=ap_memory:ce=0
Port [ queue_y]:  wired=0; compound=1; hidden=1; nouse=1; global=1; static=1; extern=0; dir=2; type=1; pingpong=0; private_global=0; MemPort=[23]; IO mode=ap_memory:ce=0
---------------- STG Properties END ------------------

---------------- Datapath Model BEGIN ----------------

<LifeTime>
<method=bitvector/>
height_read        (read         ) [ 001111111111111111]
width_read         (read         ) [ 001111111111111111]
input_rgb_read     (read         ) [ 001111111111110000]
n                  (mul          ) [ 000010000000000000]
spectopmodule_ln84 (spectopmodule) [ 000000000000000000]
specinterface_ln0  (specinterface) [ 000000000000000000]
specbitsmap_ln0    (specbitsmap  ) [ 000000000000000000]
specinterface_ln0  (specinterface) [ 000000000000000000]
specinterface_ln0  (specinterface) [ 000000000000000000]
specbitsmap_ln0    (specbitsmap  ) [ 000000000000000000]
specinterface_ln0  (specinterface) [ 000000000000000000]
specinterface_ln0  (specinterface) [ 000000000000000000]
specbitsmap_ln0    (specbitsmap  ) [ 000000000000000000]
specinterface_ln0  (specinterface) [ 000000000000000000]
specinterface_ln0  (specinterface) [ 000000000000000000]
specbitsmap_ln0    (specbitsmap  ) [ 000000000000000000]
specinterface_ln0  (specinterface) [ 000000000000000000]
specinterface_ln0  (specinterface) [ 000000000000000000]
specbitsmap_ln0    (specbitsmap  ) [ 000000000000000000]
specinterface_ln0  (specinterface) [ 000000000000000000]
specinterface_ln0  (specinterface) [ 000000000000000000]
specinterface_ln0  (specinterface) [ 000000000000000000]
icmp_ln105         (icmp         ) [ 000010000000000000]
br_ln105           (br           ) [ 000000000000000000]
trunc_ln105        (trunc        ) [ 000001111111111100]
shl_ln105          (shl          ) [ 000000000000000000]
sub_ln105          (sub          ) [ 000001111111000000]
gmem_addr          (getelementptr) [ 000000111111000000]
empty              (readreq      ) [ 000000000000000000]
call_ln85          (call         ) [ 000000000000000000]
call_ln105         (call         ) [ 000000000000000000]
br_ln0             (br           ) [ 000000000000000000]
comp_size          (call         ) [ 000000000000000000]
icmp_ln123         (icmp         ) [ 000000000000000000]
select_ln123       (select       ) [ 000000000000000000]
write_ln123        (write        ) [ 000000000000000000]
write_ln124        (write        ) [ 000000000000000000]
ret_ln125          (ret          ) [ 000000000000000000]
</LifeTime>

<model>

<comp_list>
<comp id="0" class="1000" name="gmem">
<pin_list>
<pin id="1" dir="1" index="0" bw="1" slack="0"/>
</pin_list>
<bind>
<StgValue><ssdm name="gmem"/></StgValue>
</bind>
</comp>

<comp id="2" class="1000" name="input_rgb">
<pin_list>
<pin id="3" dir="1" index="0" bw="1" slack="0"/>
</pin_list>
<bind>
<StgValue><ssdm name="input_rgb"/></StgValue>
</bind>
</comp>

<comp id="4" class="1000" name="result_rank">
<pin_list>
<pin id="5" dir="1" index="0" bw="1" slack="0"/>
</pin_list>
<bind>
<StgValue><ssdm name="result_rank"/></StgValue>
</bind>
</comp>

<comp id="6" class="1000" name="result_suit">
<pin_list>
<pin id="7" dir="1" index="0" bw="1" slack="0"/>
</pin_list>
<bind>
<StgValue><ssdm name="result_suit"/></StgValue>
</bind>
</comp>

<comp id="8" class="1000" name="width">
<pin_list>
<pin id="9" dir="1" index="0" bw="1" slack="0"/>
</pin_list>
<bind>
<StgValue><ssdm name="width"/></StgValue>
</bind>
</comp>

<comp id="10" class="1000" name="height">
<pin_list>
<pin id="11" dir="1" index="0" bw="1" slack="0"/>
</pin_list>
<bind>
<StgValue><ssdm name="height"/></StgValue>
</bind>
</comp>

<comp id="12" class="1000" name="gray">
<pin_list>
<pin id="13" dir="1" index="0" bw="1" slack="0"/>
</pin_list>
<bind>
<StgValue><ssdm name="gray"/><MemPortTyVec>2 3 </MemPortTyVec>
</StgValue>
</bind>
</comp>

<comp id="14" class="1000" name="binary">
<pin_list>
<pin id="15" dir="1" index="0" bw="1" slack="0"/>
</pin_list>
<bind>
<StgValue><ssdm name="binary"/><MemPortTyVec>2 1 </MemPortTyVec>
</StgValue>
</bind>
</comp>

<comp id="16" class="1000" name="visited">
<pin_list>
<pin id="17" dir="1" index="0" bw="1" slack="0"/>
</pin_list>
<bind>
<StgValue><ssdm name="visited"/><MemPortTyVec>2 2 </MemPortTyVec>
</StgValue>
</bind>
</comp>

<comp id="18" class="1000" name="queue_x">
<pin_list>
<pin id="19" dir="1" index="0" bw="1" slack="0"/>
</pin_list>
<bind>
<StgValue><ssdm name="queue_x"/><MemPortTyVec>2 3 </MemPortTyVec>
</StgValue>
</bind>
</comp>

<comp id="20" class="1000" name="queue_y">
<pin_list>
<pin id="21" dir="1" index="0" bw="1" slack="0"/>
</pin_list>
<bind>
<StgValue><ssdm name="queue_y"/><MemPortTyVec>2 3 </MemPortTyVec>
</StgValue>
</bind>
</comp>

<comp id="22" class="1001" name="const_22">
<pin_list>
<pin id="23" dir="1" index="0" bw="1" slack="0"/>
</pin_list>
<bind>
<StgValue><ssdm name="_ssdm_op_Read.s_axilite.i32"/></StgValue>
</bind>
</comp>

<comp id="24" class="1001" name="const_24">
<pin_list>
<pin id="25" dir="1" index="0" bw="1" slack="0"/>
</pin_list>
<bind>
<StgValue><ssdm name="_ssdm_op_Read.s_axilite.i64"/></StgValue>
</bind>
</comp>

<comp id="26" class="1001" name="const_26">
<pin_list>
<pin id="27" dir="1" index="0" bw="1" slack="2147483647"/>
</pin_list>
<bind>
<StgValue><ssdm name="_ssdm_op_SpecTopModule"/></StgValue>
</bind>
</comp>

<comp id="28" class="1001" name="const_28">
<pin_list>
<pin id="29" dir="1" index="0" bw="1" slack="2147483647"/>
</pin_list>
<bind>
<StgValue><ssdm name="empty_15"/></StgValue>
</bind>
</comp>

<comp id="30" class="1001" name="const_30">
<pin_list>
<pin id="31" dir="1" index="0" bw="1" slack="2147483647"/>
</pin_list>
<bind>
<StgValue><ssdm name="_ssdm_op_SpecInterface"/></StgValue>
</bind>
</comp>

<comp id="32" class="1001" name="const_32">
<pin_list>
<pin id="33" dir="1" index="0" bw="1" slack="2147483647"/>
</pin_list>
<bind>
<StgValue><ssdm name="empty"/></StgValue>
</bind>
</comp>

<comp id="34" class="1001" name="const_34">
<pin_list>
<pin id="35" dir="1" index="0" bw="1" slack="0"/>
</pin_list>
<bind>
<StgValue><ssdm name=""/></StgValue>
</bind>
</comp>

<comp id="36" class="1001" name="const_36">
<pin_list>
<pin id="37" dir="1" index="0" bw="1" slack="2147483647"/>
</pin_list>
<bind>
<StgValue><ssdm name="empty_0"/></StgValue>
</bind>
</comp>

<comp id="38" class="1001" name="const_38">
<pin_list>
<pin id="39" dir="1" index="0" bw="1" slack="2147483647"/>
</pin_list>
<bind>
<StgValue><ssdm name=""/></StgValue>
</bind>
</comp>

<comp id="40" class="1001" name="const_40">
<pin_list>
<pin id="41" dir="1" index="0" bw="1" slack="2147483647"/>
</pin_list>
<bind>
<StgValue><ssdm name="empty_1"/></StgValue>
</bind>
</comp>

<comp id="42" class="1001" name="const_42">
<pin_list>
<pin id="43" dir="1" index="0" bw="1" slack="2147483647"/>
</pin_list>
<bind>
<StgValue><ssdm name="empty_2"/></StgValue>
</bind>
</comp>

<comp id="44" class="1001" name="const_44">
<pin_list>
<pin id="45" dir="1" index="0" bw="1" slack="2147483647"/>
</pin_list>
<bind>
<StgValue><ssdm name=""/></StgValue>
</bind>
</comp>

<comp id="46" class="1001" name="const_46">
<pin_list>
<pin id="47" dir="1" index="0" bw="1" slack="2147483647"/>
</pin_list>
<bind>
<StgValue><ssdm name=""/></StgValue>
</bind>
</comp>

<comp id="48" class="1001" name="const_48">
<pin_list>
<pin id="49" dir="1" index="0" bw="1" slack="2147483647"/>
</pin_list>
<bind>
<StgValue><ssdm name="_ssdm_op_SpecBitsMap"/></StgValue>
</bind>
</comp>

<comp id="50" class="1001" name="const_50">
<pin_list>
<pin id="51" dir="1" index="0" bw="1" slack="2147483647"/>
</pin_list>
<bind>
<StgValue><ssdm name="empty_3"/></StgValue>
</bind>
</comp>

<comp id="52" class="1001" name="const_52">
<pin_list>
<pin id="53" dir="1" index="0" bw="1" slack="2147483647"/>
</pin_list>
<bind>
<StgValue><ssdm name="empty_4"/></StgValue>
</bind>
</comp>

<comp id="54" class="1001" name="const_54">
<pin_list>
<pin id="55" dir="1" index="0" bw="1" slack="2147483647"/>
</pin_list>
<bind>
<StgValue><ssdm name="empty_5"/></StgValue>
</bind>
</comp>

<comp id="56" class="1001" name="const_56">
<pin_list>
<pin id="57" dir="1" index="0" bw="1" slack="2147483647"/>
</pin_list>
<bind>
<StgValue><ssdm name="empty_6"/></StgValue>
</bind>
</comp>

<comp id="58" class="1001" name="const_58">
<pin_list>
<pin id="59" dir="1" index="0" bw="1" slack="2147483647"/>
</pin_list>
<bind>
<StgValue><ssdm name="empty_7"/></StgValue>
</bind>
</comp>

<comp id="60" class="1001" name="const_60">
<pin_list>
<pin id="61" dir="1" index="0" bw="1" slack="2147483647"/>
</pin_list>
<bind>
<StgValue><ssdm name="empty_8"/></StgValue>
</bind>
</comp>

<comp id="62" class="1001" name="const_62">
<pin_list>
<pin id="63" dir="1" index="0" bw="1" slack="2147483647"/>
</pin_list>
<bind>
<StgValue><ssdm name="empty_9"/></StgValue>
</bind>
</comp>

<comp id="64" class="1001" name="const_64">
<pin_list>
<pin id="65" dir="1" index="0" bw="1" slack="2147483647"/>
</pin_list>
<bind>
<StgValue><ssdm name="empty_10"/></StgValue>
</bind>
</comp>

<comp id="66" class="1001" name="const_66">
<pin_list>
<pin id="67" dir="1" index="0" bw="1" slack="2147483647"/>
</pin_list>
<bind>
<StgValue><ssdm name="empty_11"/></StgValue>
</bind>
</comp>

<comp id="68" class="1001" name="const_68">
<pin_list>
<pin id="69" dir="1" index="0" bw="1" slack="0"/>
</pin_list>
<bind>
<StgValue><ssdm name=""/></StgValue>
</bind>
</comp>

<comp id="70" class="1001" name="const_70">
<pin_list>
<pin id="71" dir="1" index="0" bw="1" slack="0"/>
</pin_list>
<bind>
<StgValue><ssdm name="_ssdm_op_ReadReq.m_axi.p1i8"/></StgValue>
</bind>
</comp>

<comp id="72" class="1001" name="const_72">
<pin_list>
<pin id="73" dir="1" index="0" bw="1" slack="0"/>
</pin_list>
<bind>
<StgValue><ssdm name="card_recognizer_hw_Pipeline_VITIS_LOOP_105_1"/></StgValue>
</bind>
</comp>

<comp id="74" class="1001" name="const_74">
<pin_list>
<pin id="75" dir="1" index="0" bw="1" slack="0"/>
</pin_list>
<bind>
<StgValue><ssdm name="card_recognizer_hw_Pipeline_VITIS_LOOP_114_2"/></StgValue>
</bind>
</comp>

<comp id="76" class="1001" name="const_76">
<pin_list>
<pin id="77" dir="1" index="0" bw="1" slack="0"/>
</pin_list>
<bind>
<StgValue><ssdm name="find_largest_component_hw"/></StgValue>
</bind>
</comp>

<comp id="78" class="1001" name="const_78">
<pin_list>
<pin id="79" dir="1" index="0" bw="1" slack="0"/>
</pin_list>
<bind>
<StgValue><ssdm name=""/></StgValue>
</bind>
</comp>

<comp id="80" class="1001" name="const_80">
<pin_list>
<pin id="81" dir="1" index="0" bw="1" slack="0"/>
</pin_list>
<bind>
<StgValue><ssdm name=""/></StgValue>
</bind>
</comp>

<comp id="82" class="1001" name="const_82">
<pin_list>
<pin id="83" dir="1" index="0" bw="1" slack="0"/>
</pin_list>
<bind>
<StgValue><ssdm name="_ssdm_op_Write.s_axilite.i32P0A"/></StgValue>
</bind>
</comp>

<comp id="84" class="1004" name="height_read_read_fu_84">
<pin_list>
<pin id="85" dir="0" index="0" bw="32" slack="0"/>
<pin id="86" dir="0" index="1" bw="32" slack="0"/>
<pin id="87" dir="1" index="2" bw="32" slack="1"/>
</pin_list>
<bind>
<opcode="read(1150) " fcode="read"/>
<opset="height_read/1 "/>
</bind>
</comp>

<comp id="90" class="1004" name="width_read_read_fu_90">
<pin_list>
<pin id="91" dir="0" index="0" bw="32" slack="0"/>
<pin id="92" dir="0" index="1" bw="32" slack="0"/>
<pin id="93" dir="1" index="2" bw="32" slack="1"/>
</pin_list>
<bind>
<opcode="read(1150) " fcode="read"/>
<opset="width_read/1 "/>
</bind>
</comp>

<comp id="96" class="1004" name="input_rgb_read_read_fu_96">
<pin_list>
<pin id="97" dir="0" index="0" bw="64" slack="0"/>
<pin id="98" dir="0" index="1" bw="64" slack="0"/>
<pin id="99" dir="1" index="2" bw="64" slack="4"/>
</pin_list>
<bind>
<opcode="read(1150) " fcode="read"/>
<opset="input_rgb_read/1 "/>
</bind>
</comp>

<comp id="102" class="1004" name="grp_readreq_fu_102">
<pin_list>
<pin id="103" dir="0" index="0" bw="1" slack="0"/>
<pin id="104" dir="0" index="1" bw="8" slack="0"/>
<pin id="105" dir="0" index="2" bw="32" slack="1"/>
<pin id="106" dir="1" index="3" bw="1" slack="2147483647"/>
</pin_list>
<bind>
<opcode="readreq(1154) " fcode="readreq"/>
<opset="empty/5 "/>
</bind>
</comp>

<comp id="108" class="1004" name="write_ln123_write_fu_108">
<pin_list>
<pin id="109" dir="0" index="0" bw="0" slack="0"/>
<pin id="110" dir="0" index="1" bw="32" slack="0"/>
<pin id="111" dir="0" index="2" bw="5" slack="0"/>
<pin id="112" dir="1" index="3" bw="0" slack="2147483647"/>
</pin_list>
<bind>
<opcode="write(1151) " fcode="write"/>
<opset="write_ln123/17 "/>
</bind>
</comp>

<comp id="115" class="1004" name="write_ln124_write_fu_115">
<pin_list>
<pin id="116" dir="0" index="0" bw="0" slack="0"/>
<pin id="117" dir="0" index="1" bw="32" slack="0"/>
<pin id="118" dir="0" index="2" bw="1" slack="0"/>
<pin id="119" dir="1" index="3" bw="0" slack="2147483647"/>
</pin_list>
<bind>
<opcode="write(1151) " fcode="write"/>
<opset="write_ln124/17 "/>
</bind>
</comp>

<comp id="123" class="1004" name="grp_card_recognizer_hw_Pipeline_VITIS_LOOP_105_1_fu_123">
<pin_list>
<pin id="124" dir="0" index="0" bw="0" slack="0"/>
<pin id="125" dir="0" index="1" bw="8" slack="0"/>
<pin id="126" dir="0" index="2" bw="64" slack="11"/>
<pin id="127" dir="0" index="3" bw="31" slack="8"/>
<pin id="128" dir="0" index="4" bw="8" slack="0"/>
<pin id="129" dir="1" index="5" bw="0" slack="2147483647"/>
</pin_list>
<bind>
<opcode="call(48) " fcode="call"/>
<opset="call_ln85/12 "/>
</bind>
</comp>

<comp id="133" class="1004" name="grp_card_recognizer_hw_Pipeline_VITIS_LOOP_114_2_fu_133">
<pin_list>
<pin id="134" dir="0" index="0" bw="0" slack="0"/>
<pin id="135" dir="0" index="1" bw="31" slack="10"/>
<pin id="136" dir="0" index="2" bw="8" slack="0"/>
<pin id="137" dir="0" index="3" bw="2" slack="0"/>
<pin id="138" dir="1" index="4" bw="0" slack="2147483647"/>
</pin_list>
<bind>
<opcode="call(48) " fcode="call"/>
<opset="call_ln105/14 "/>
</bind>
</comp>

<comp id="142" class="1004" name="grp_find_largest_component_hw_fu_142">
<pin_list>
<pin id="143" dir="0" index="0" bw="32" slack="0"/>
<pin id="144" dir="0" index="1" bw="32" slack="15"/>
<pin id="145" dir="0" index="2" bw="32" slack="15"/>
<pin id="146" dir="0" index="3" bw="1" slack="0"/>
<pin id="147" dir="0" index="4" bw="32" slack="0"/>
<pin id="148" dir="0" index="5" bw="32" slack="0"/>
<pin id="149" dir="0" index="6" bw="2" slack="0"/>
<pin id="150" dir="1" index="7" bw="32" slack="0"/>
</pin_list>
<bind>
<opcode="call(48) " fcode="call"/>
<opset="comp_size/16 "/>
</bind>
</comp>

<comp id="156" class="1004" name="grp_fu_156">
<pin_list>
<pin id="157" dir="0" index="0" bw="32" slack="1"/>
<pin id="158" dir="0" index="1" bw="32" slack="1"/>
<pin id="159" dir="1" index="2" bw="32" slack="1"/>
</pin_list>
<bind>
<opcode="mul(12) " fcode="mul"/>
<opset="n/2 "/>
</bind>
</comp>

<comp id="160" class="1004" name="icmp_ln105_fu_160">
<pin_list>
<pin id="161" dir="0" index="0" bw="32" slack="1"/>
<pin id="162" dir="0" index="1" bw="1" slack="0"/>
<pin id="163" dir="1" index="2" bw="1" slack="2147483647"/>
</pin_list>
<bind>
<opcode="icmp(45) " fcode="icmp"/>
<opset="icmp_ln105/4 "/>
</bind>
</comp>

<comp id="165" class="1004" name="trunc_ln105_fu_165">
<pin_list>
<pin id="166" dir="0" index="0" bw="32" slack="1"/>
<pin id="167" dir="1" index="1" bw="31" slack="8"/>
</pin_list>
<bind>
<opcode="trunc(33) " fcode="trunc"/>
<opset="trunc_ln105/4 "/>
</bind>
</comp>

<comp id="168" class="1004" name="shl_ln105_fu_168">
<pin_list>
<pin id="169" dir="0" index="0" bw="32" slack="1"/>
<pin id="170" dir="0" index="1" bw="3" slack="0"/>
<pin id="171" dir="1" index="2" bw="32" slack="0"/>
</pin_list>
<bind>
<opcode="shl(20) " fcode="shl"/>
<opset="shl_ln105/4 "/>
</bind>
</comp>

<comp id="173" class="1004" name="sub_ln105_fu_173">
<pin_list>
<pin id="174" dir="0" index="0" bw="32" slack="0"/>
<pin id="175" dir="0" index="1" bw="32" slack="1"/>
<pin id="176" dir="1" index="2" bw="32" slack="1"/>
</pin_list>
<bind>
<opcode="sub(10) " fcode="sub"/>
<opset="sub_ln105/4 "/>
</bind>
</comp>

<comp id="178" class="1004" name="gmem_addr_fu_178">
<pin_list>
<pin id="179" dir="0" index="0" bw="8" slack="0"/>
<pin id="180" dir="0" index="1" bw="64" slack="4"/>
<pin id="181" dir="1" index="2" bw="8" slack="0"/>
</pin_list>
<bind>
<opcode="getelementptr(29) " fcode="getelementptr"/>
<opset="gmem_addr/5 "/>
</bind>
</comp>

<comp id="184" class="1004" name="icmp_ln123_fu_184">
<pin_list>
<pin id="185" dir="0" index="0" bw="32" slack="0"/>
<pin id="186" dir="0" index="1" bw="15" slack="0"/>
<pin id="187" dir="1" index="2" bw="1" slack="0"/>
</pin_list>
<bind>
<opcode="icmp(45) " fcode="icmp"/>
<opset="icmp_ln123/17 "/>
</bind>
</comp>

<comp id="190" class="1004" name="select_ln123_fu_190">
<pin_list>
<pin id="191" dir="0" index="0" bw="1" slack="0"/>
<pin id="192" dir="0" index="1" bw="5" slack="0"/>
<pin id="193" dir="0" index="2" bw="1" slack="0"/>
<pin id="194" dir="1" index="3" bw="32" slack="0"/>
</pin_list>
<bind>
<opcode="select(49) " fcode="select"/>
<opset="select_ln123/17 "/>
</bind>
</comp>

<comp id="199" class="1005" name="height_read_reg_199">
<pin_list>
<pin id="200" dir="0" index="0" bw="32" slack="1"/>
<pin id="201" dir="1" index="1" bw="32" slack="1"/>
</pin_list>
<bind>
<opset="height_read "/>
</bind>
</comp>

<comp id="205" class="1005" name="width_read_reg_205">
<pin_list>
<pin id="206" dir="0" index="0" bw="32" slack="1"/>
<pin id="207" dir="1" index="1" bw="32" slack="1"/>
</pin_list>
<bind>
<opset="width_read "/>
</bind>
</comp>

<comp id="211" class="1005" name="input_rgb_read_reg_211">
<pin_list>
<pin id="212" dir="0" index="0" bw="64" slack="4"/>
<pin id="213" dir="1" index="1" bw="64" slack="4"/>
</pin_list>
<bind>
<opset="input_rgb_read "/>
</bind>
</comp>

<comp id="217" class="1005" name="n_reg_217">
<pin_list>
<pin id="218" dir="0" index="0" bw="32" slack="1"/>
<pin id="219" dir="1" index="1" bw="32" slack="1"/>
</pin_list>
<bind>
<opset="n "/>
</bind>
</comp>

<comp id="228" class="1005" name="trunc_ln105_reg_228">
<pin_list>
<pin id="229" dir="0" index="0" bw="31" slack="8"/>
<pin id="230" dir="1" index="1" bw="31" slack="8"/>
</pin_list>
<bind>
<opset="trunc_ln105 "/>
</bind>
</comp>

<comp id="234" class="1005" name="sub_ln105_reg_234">
<pin_list>
<pin id="235" dir="0" index="0" bw="32" slack="1"/>
<pin id="236" dir="1" index="1" bw="32" slack="1"/>
</pin_list>
<bind>
<opset="sub_ln105 "/>
</bind>
</comp>

<comp id="239" class="1005" name="gmem_addr_reg_239">
<pin_list>
<pin id="240" dir="0" index="0" bw="8" slack="1"/>
<pin id="241" dir="1" index="1" bw="8" slack="1"/>
</pin_list>
<bind>
<opset="gmem_addr "/>
</bind>
</comp>

</comp_list>

<net_list>
<net id="88"><net_src comp="22" pin="0"/><net_sink comp="84" pin=0"/></net>

<net id="89"><net_src comp="10" pin="0"/><net_sink comp="84" pin=1"/></net>

<net id="94"><net_src comp="22" pin="0"/><net_sink comp="90" pin=0"/></net>

<net id="95"><net_src comp="8" pin="0"/><net_sink comp="90" pin=1"/></net>

<net id="100"><net_src comp="24" pin="0"/><net_sink comp="96" pin=0"/></net>

<net id="101"><net_src comp="2" pin="0"/><net_sink comp="96" pin=1"/></net>

<net id="107"><net_src comp="70" pin="0"/><net_sink comp="102" pin=0"/></net>

<net id="113"><net_src comp="82" pin="0"/><net_sink comp="108" pin=0"/></net>

<net id="114"><net_src comp="4" pin="0"/><net_sink comp="108" pin=1"/></net>

<net id="120"><net_src comp="82" pin="0"/><net_sink comp="115" pin=0"/></net>

<net id="121"><net_src comp="6" pin="0"/><net_sink comp="115" pin=1"/></net>

<net id="122"><net_src comp="34" pin="0"/><net_sink comp="115" pin=2"/></net>

<net id="130"><net_src comp="72" pin="0"/><net_sink comp="123" pin=0"/></net>

<net id="131"><net_src comp="0" pin="0"/><net_sink comp="123" pin=1"/></net>

<net id="132"><net_src comp="12" pin="0"/><net_sink comp="123" pin=4"/></net>

<net id="139"><net_src comp="74" pin="0"/><net_sink comp="133" pin=0"/></net>

<net id="140"><net_src comp="12" pin="0"/><net_sink comp="133" pin=2"/></net>

<net id="141"><net_src comp="14" pin="0"/><net_sink comp="133" pin=3"/></net>

<net id="151"><net_src comp="76" pin="0"/><net_sink comp="142" pin=0"/></net>

<net id="152"><net_src comp="16" pin="0"/><net_sink comp="142" pin=3"/></net>

<net id="153"><net_src comp="18" pin="0"/><net_sink comp="142" pin=4"/></net>

<net id="154"><net_src comp="20" pin="0"/><net_sink comp="142" pin=5"/></net>

<net id="155"><net_src comp="14" pin="0"/><net_sink comp="142" pin=6"/></net>

<net id="164"><net_src comp="34" pin="0"/><net_sink comp="160" pin=1"/></net>

<net id="172"><net_src comp="68" pin="0"/><net_sink comp="168" pin=1"/></net>

<net id="177"><net_src comp="168" pin="2"/><net_sink comp="173" pin=0"/></net>

<net id="182"><net_src comp="0" pin="0"/><net_sink comp="178" pin=0"/></net>

<net id="183"><net_src comp="178" pin="2"/><net_sink comp="102" pin=1"/></net>

<net id="188"><net_src comp="142" pin="7"/><net_sink comp="184" pin=0"/></net>

<net id="189"><net_src comp="78" pin="0"/><net_sink comp="184" pin=1"/></net>

<net id="195"><net_src comp="184" pin="2"/><net_sink comp="190" pin=0"/></net>

<net id="196"><net_src comp="80" pin="0"/><net_sink comp="190" pin=1"/></net>

<net id="197"><net_src comp="34" pin="0"/><net_sink comp="190" pin=2"/></net>

<net id="198"><net_src comp="190" pin="3"/><net_sink comp="108" pin=2"/></net>

<net id="202"><net_src comp="84" pin="2"/><net_sink comp="199" pin=0"/></net>

<net id="203"><net_src comp="199" pin="1"/><net_sink comp="156" pin=0"/></net>

<net id="204"><net_src comp="199" pin="1"/><net_sink comp="142" pin=2"/></net>

<net id="208"><net_src comp="90" pin="2"/><net_sink comp="205" pin=0"/></net>

<net id="209"><net_src comp="205" pin="1"/><net_sink comp="156" pin=1"/></net>

<net id="210"><net_src comp="205" pin="1"/><net_sink comp="142" pin=1"/></net>

<net id="214"><net_src comp="96" pin="2"/><net_sink comp="211" pin=0"/></net>

<net id="215"><net_src comp="211" pin="1"/><net_sink comp="178" pin=1"/></net>

<net id="216"><net_src comp="211" pin="1"/><net_sink comp="123" pin=2"/></net>

<net id="220"><net_src comp="156" pin="2"/><net_sink comp="217" pin=0"/></net>

<net id="221"><net_src comp="217" pin="1"/><net_sink comp="160" pin=0"/></net>

<net id="222"><net_src comp="217" pin="1"/><net_sink comp="165" pin=0"/></net>

<net id="223"><net_src comp="217" pin="1"/><net_sink comp="168" pin=0"/></net>

<net id="224"><net_src comp="217" pin="1"/><net_sink comp="173" pin=1"/></net>

<net id="231"><net_src comp="165" pin="1"/><net_sink comp="228" pin=0"/></net>

<net id="232"><net_src comp="228" pin="1"/><net_sink comp="123" pin=3"/></net>

<net id="233"><net_src comp="228" pin="1"/><net_sink comp="133" pin=1"/></net>

<net id="237"><net_src comp="173" pin="2"/><net_sink comp="234" pin=0"/></net>

<net id="238"><net_src comp="234" pin="1"/><net_sink comp="102" pin=2"/></net>

<net id="242"><net_src comp="178" pin="2"/><net_sink comp="239" pin=0"/></net>

<net id="243"><net_src comp="239" pin="1"/><net_sink comp="102" pin=1"/></net>

</net_list>

</model> 
---------------- Datapath Model END ------------------

* FSMD analyzer results:
  - Output states:
	Port: result_rank | {17 }
	Port: result_suit | {17 }
	Port: gray | {12 13 }
	Port: binary | {14 15 }
	Port: visited | {16 17 }
	Port: queue_x | {16 17 }
	Port: queue_y | {16 17 }
 - Input state : 
	Port: card_recognizer_hw : gmem | {5 6 7 8 9 10 11 12 13 }
	Port: card_recognizer_hw : input_rgb | {1 }
	Port: card_recognizer_hw : width | {1 }
	Port: card_recognizer_hw : height | {1 }
	Port: card_recognizer_hw : gray | {14 15 }
	Port: card_recognizer_hw : binary | {16 17 }
	Port: card_recognizer_hw : visited | {16 17 }
	Port: card_recognizer_hw : queue_x | {16 17 }
	Port: card_recognizer_hw : queue_y | {16 17 }
  - Chain level:
	State 1
	State 2
	State 3
	State 4
		br_ln105 : 1
	State 5
		empty : 1
	State 6
	State 7
	State 8
	State 9
	State 10
	State 11
	State 12
	State 13
	State 14
	State 15
	State 16
	State 17
		icmp_ln123 : 1
		select_ln123 : 2
		write_ln123 : 3


============================================================
+ Verbose Summary: Datapath Resource usage 
============================================================

* Functional unit list:
|----------|---------------------------------------------------------|---------|---------|---------|---------|
| Operation|                     Functional Unit                     |   DSP   |  Delay  |    FF   |   LUT   |
|----------|---------------------------------------------------------|---------|---------|---------|---------|
|          | grp_card_recognizer_hw_Pipeline_VITIS_LOOP_105_1_fu_123 |    5    | 10.2438 |   836   |   1073  |
|   call   | grp_card_recognizer_hw_Pipeline_VITIS_LOOP_114_2_fu_133 |    0    |  1.588  |   104   |    65   |
|          |           grp_find_largest_component_hw_fu_142          |    13   |  29.382 |   2756  |   4458  |
|----------|---------------------------------------------------------|---------|---------|---------|---------|
|    mul   |                        grp_fu_156                       |    3    |    0    |   165   |    50   |
|----------|---------------------------------------------------------|---------|---------|---------|---------|
|    sub   |                     sub_ln105_fu_173                    |    0    |    0    |    0    |    39   |
|----------|---------------------------------------------------------|---------|---------|---------|---------|
|   icmp   |                    icmp_ln105_fu_160                    |    0    |    0    |    0    |    18   |
|          |                    icmp_ln123_fu_184                    |    0    |    0    |    0    |    18   |
|----------|---------------------------------------------------------|---------|---------|---------|---------|
|  select  |                   select_ln123_fu_190                   |    0    |    0    |    0    |    5    |
|----------|---------------------------------------------------------|---------|---------|---------|---------|
|          |                  height_read_read_fu_84                 |    0    |    0    |    0    |    0    |
|   read   |                  width_read_read_fu_90                  |    0    |    0    |    0    |    0    |
|          |                input_rgb_read_read_fu_96                |    0    |    0    |    0    |    0    |
|----------|---------------------------------------------------------|---------|---------|---------|---------|
|  readreq |                    grp_readreq_fu_102                   |    0    |    0    |    0    |    0    |
|----------|---------------------------------------------------------|---------|---------|---------|---------|
|   write  |                 write_ln123_write_fu_108                |    0    |    0    |    0    |    0    |
|          |                 write_ln124_write_fu_115                |    0    |    0    |    0    |    0    |
|----------|---------------------------------------------------------|---------|---------|---------|---------|
|   trunc  |                    trunc_ln105_fu_165                   |    0    |    0    |    0    |    0    |
|----------|---------------------------------------------------------|---------|---------|---------|---------|
|    shl   |                     shl_ln105_fu_168                    |    0    |    0    |    0    |    0    |
|----------|---------------------------------------------------------|---------|---------|---------|---------|
|   Total  |                                                         |    21   | 41.2138 |   3861  |   5726  |
|----------|---------------------------------------------------------|---------|---------|---------|---------|

Memories:
+-------+--------+--------+--------+--------+
|       |  BRAM  |   FF   |   LUT  |  URAM  |
+-------+--------+--------+--------+--------+
| binary|   64   |    0   |    0   |    0   |
|  gray |   256  |    0   |    0   |    0   |
|queue_x|  1024  |    0   |    0   |    0   |
|queue_y|  1024  |    0   |    0   |    0   |
|visited|   32   |    0   |    0   |    0   |
+-------+--------+--------+--------+--------+
| Total |  2400  |    0   |    0   |    0   |
+-------+--------+--------+--------+--------+

* Register list:
+----------------------+--------+
|                      |   FF   |
+----------------------+--------+
|   gmem_addr_reg_239  |    8   |
|  height_read_reg_199 |   32   |
|input_rgb_read_reg_211|   64   |
|       n_reg_217      |   32   |
|   sub_ln105_reg_234  |   32   |
|  trunc_ln105_reg_228 |   31   |
|  width_read_reg_205  |   32   |
+----------------------+--------+
|         Total        |   231  |
+----------------------+--------+

* Multiplexer (MUX) list: 
|--------------------|------|------|------|--------||---------||---------|
|        Comp        |  Pin | Size |  BW  | S x BW ||  Delay  ||   LUT   |
|--------------------|------|------|------|--------||---------||---------|
| grp_readreq_fu_102 |  p1  |   2  |   8  |   16   ||    9    |
|--------------------|------|------|------|--------||---------||---------|
|        Total       |      |      |      |   16   ||  1.588  ||    9    |
|--------------------|------|------|------|--------||---------||---------|



* Summary:
+-----------+--------+--------+--------+--------+--------+--------+
|           |  BRAM  |   DSP  |  Delay |   FF   |   LUT  |  URAM  |
+-----------+--------+--------+--------+--------+--------+--------+
|  Function |    -   |   21   |   41   |  3861  |  5726  |    -   |
|   Memory  |  2400  |    -   |    -   |    0   |    0   |    0   |
|Multiplexer|    -   |    -   |    1   |    -   |    9   |    -   |
|  Register |    -   |    -   |    -   |   231  |    -   |    -   |
+-----------+--------+--------+--------+--------+--------+--------+
|   Total   |  2400  |   21   |   42   |  4092  |  5735  |    0   |
+-----------+--------+--------+--------+--------+--------+--------+
