

================================================================
== Vitis HLS Report for 'card_recognizer_hw_Pipeline_VITIS_LOOP_114_2'
================================================================
* Date:           Tue Jun  9 14:11:43 2026

* Version:        2022.2 (Build 3670227 on Oct 13 2022)
* Project:        card_recognizer_hls
* Solution:       solution1 (Vivado IP Flow Target)
* Product family: zynq
* Target device:  xc7z010-clg400-1


================================================================
== Performance Estimates
================================================================
+ Timing: 
    * Summary: 
    +--------+----------+----------+------------+
    |  Clock |  Target  | Estimated| Uncertainty|
    +--------+----------+----------+------------+
    |ap_clk  |  10.00 ns|  4.805 ns|     2.70 ns|
    +--------+----------+----------+------------+

+ Latency: 
    * Summary: 
    +---------+---------+-----------+----------+-----+--------+---------+
    |  Latency (cycles) |  Latency (absolute)  |   Interval   | Pipeline|
    |   min   |   max   |    min    |    max   | min |   max  |   Type  |
    +---------+---------+-----------+----------+-----+--------+---------+
    |        4|   524290|  40.000 ns|  5.243 ms|    4|  524290|       no|
    +---------+---------+-----------+----------+-----+--------+---------+

    + Detail: 
        * Instance: 
        N/A

        * Loop: 
        +--------------------+---------+---------+----------+-----------+-----------+------------+----------+
        |                    |  Latency (cycles) | Iteration|  Initiation Interval  |    Trip    |          |
        |      Loop Name     |   min   |   max   |  Latency |  achieved |   target  |    Count   | Pipelined|
        +--------------------+---------+---------+----------+-----------+-----------+------------+----------+
        |- VITIS_LOOP_114_2  |        2|   524288|         3|          1|          1|  1 ~ 524287|       yes|
        +--------------------+---------+---------+----------+-----------+-----------+------------+----------+

============================================================
+ Verbose Summary: Synthesis Manager
============================================================
InlineROM: 1
ExposeGlobal: 0
============================================================
+ Verbose Summary: CDFG Model
============================================================
IsTopModel: 0
ResetActiveHigh: 1
IsCombinational: 0
IsDatapathOnly: 0
HasWiredReturn: 1
HasMFsm: 2
HasVarLatency: 1
IsPipeline: 0
IsRtlPipelined: 0
IsInstanceOverlapped: 0
IsDontTouch: 0
HasImplIP: 0
IsGatedGlobalClock: 0

+ Individual pipeline summary: 
  * Pipeline-0: initiation interval (II) = 1, depth = 3


============================================================
+ Verbose Summary: Schedule
============================================================
* Number of FSM states : 3
* Pipeline : 1
  Pipeline-0 : II = 1, D = 3, States = { 1 2 3 }
* Dataflow Pipeline: 0

* FSM state transitions: 
1 --> 2 
2 --> 3 
3 --> 

* FSM state operations: 

State 1 <SV = 0> <Delay = 4.05>
ST_1 : Operation 6 [1/1] (0.00ns)   --->   "%i_1 = alloca i32 1"   --->   Operation 6 'alloca' 'i_1' <Predicate = true> <Delay = 0.00>
ST_1 : Operation 7 [1/1] (0.00ns)   --->   "%trunc_ln_read = read i31 @_ssdm_op_Read.ap_auto.i31, i31 %trunc_ln"   --->   Operation 7 'read' 'trunc_ln_read' <Predicate = true> <Delay = 0.00>
ST_1 : Operation 8 [1/1] (1.58ns)   --->   "%store_ln0 = store i19 0, i19 %i_1"   --->   Operation 8 'store' 'store_ln0' <Predicate = true> <Delay = 1.58>
ST_1 : Operation 9 [1/1] (0.00ns)   --->   "%br_ln0 = br void %for.inc34"   --->   Operation 9 'br' 'br_ln0' <Predicate = true> <Delay = 0.00>
ST_1 : Operation 10 [1/1] (0.00ns)   --->   "%i = load i19 %i_1" [card_recognizer_hls.cpp:114]   --->   Operation 10 'load' 'i' <Predicate = true> <Delay = 0.00>
ST_1 : Operation 11 [1/1] (0.00ns)   --->   "%zext_ln114_1 = zext i19 %i" [card_recognizer_hls.cpp:114]   --->   Operation 11 'zext' 'zext_ln114_1' <Predicate = true> <Delay = 0.00>
ST_1 : Operation 12 [1/1] (2.47ns)   --->   "%icmp_ln114 = icmp_eq  i31 %zext_ln114_1, i31 %trunc_ln_read" [card_recognizer_hls.cpp:114]   --->   Operation 12 'icmp' 'icmp_ln114' <Predicate = true> <Delay = 2.47> <CoreInst = "Cmp">   --->   Core 9 'Cmp' <Latency = 0> <II = 1> <Delay = 2.47> <FuncUnit> <Opcode : 'icmp'> <InPorts = 2> <OutPorts = 1>
ST_1 : Operation 13 [1/1] (0.00ns)   --->   "%empty = speclooptripcount i32 @_ssdm_op_SpecLoopTripCount, i64 1, i64 524287, i64 0"   --->   Operation 13 'speclooptripcount' 'empty' <Predicate = true> <Delay = 0.00>
ST_1 : Operation 14 [1/1] (2.16ns)   --->   "%add_ln114 = add i19 %i, i19 1" [card_recognizer_hls.cpp:114]   --->   Operation 14 'add' 'add_ln114' <Predicate = true> <Delay = 2.16> <CoreInst = "Adder">   --->   Core 1 'Adder' <Latency = 0> <II = 1> <Delay = 2.16> <FuncUnit> <Opcode : 'add' 'sub'> <InPorts = 2> <OutPorts = 1>
ST_1 : Operation 15 [1/1] (0.00ns)   --->   "%br_ln114 = br i1 %icmp_ln114, void %for.inc34.split, void %for.end36.loopexit.exitStub" [card_recognizer_hls.cpp:114]   --->   Operation 15 'br' 'br_ln114' <Predicate = true> <Delay = 0.00>
ST_1 : Operation 16 [1/1] (0.00ns)   --->   "%zext_ln114 = zext i19 %i" [card_recognizer_hls.cpp:114]   --->   Operation 16 'zext' 'zext_ln114' <Predicate = (!icmp_ln114)> <Delay = 0.00>
ST_1 : Operation 17 [1/1] (0.00ns)   --->   "%gray_addr = getelementptr i8 %gray, i64 0, i64 %zext_ln114" [card_recognizer_hls.cpp:116]   --->   Operation 17 'getelementptr' 'gray_addr' <Predicate = (!icmp_ln114)> <Delay = 0.00>
ST_1 : Operation 18 [2/2] (3.25ns)   --->   "%gray_load = load i19 %gray_addr" [card_recognizer_hls.cpp:116]   --->   Operation 18 'load' 'gray_load' <Predicate = (!icmp_ln114)> <Delay = 3.25> <CoreInst = "RAM">   --->   Core 82 'RAM' <Latency = 1> <II = 1> <Delay = 3.25> <Storage> <Opcode : 'load' 'store'> <Ports = 2> <Width = 8> <Depth = 307200> <RAM>
ST_1 : Operation 19 [1/1] (1.58ns)   --->   "%store_ln114 = store i19 %add_ln114, i19 %i_1" [card_recognizer_hls.cpp:114]   --->   Operation 19 'store' 'store_ln114' <Predicate = (!icmp_ln114)> <Delay = 1.58>

State 2 <SV = 1> <Delay = 4.80>
ST_2 : Operation 20 [1/2] (3.25ns)   --->   "%gray_load = load i19 %gray_addr" [card_recognizer_hls.cpp:116]   --->   Operation 20 'load' 'gray_load' <Predicate = true> <Delay = 3.25> <CoreInst = "RAM">   --->   Core 82 'RAM' <Latency = 1> <II = 1> <Delay = 3.25> <Storage> <Opcode : 'load' 'store'> <Ports = 2> <Width = 8> <Depth = 307200> <RAM>
ST_2 : Operation 21 [1/1] (1.55ns)   --->   "%icmp_ln116 = icmp_ugt  i8 %gray_load, i8 120" [card_recognizer_hls.cpp:116]   --->   Operation 21 'icmp' 'icmp_ln116' <Predicate = true> <Delay = 1.55> <CoreInst = "Cmp">   --->   Core 9 'Cmp' <Latency = 0> <II = 1> <Delay = 1.55> <FuncUnit> <Opcode : 'icmp'> <InPorts = 2> <OutPorts = 1>
ST_2 : Operation 28 [1/1] (0.00ns)   --->   "%ret_ln0 = ret"   --->   Operation 28 'ret' 'ret_ln0' <Predicate = (icmp_ln114)> <Delay = 0.00>

State 3 <SV = 2> <Delay = 4.24>
ST_3 : Operation 22 [1/1] (0.00ns)   --->   "%specpipeline_ln115 = specpipeline void @_ssdm_op_SpecPipeline, i32 1, i32 0, i32 0, i32 0, void @empty_0" [card_recognizer_hls.cpp:115]   --->   Operation 22 'specpipeline' 'specpipeline_ln115' <Predicate = true> <Delay = 0.00>
ST_3 : Operation 23 [1/1] (0.00ns)   --->   "%specloopname_ln114 = specloopname void @_ssdm_op_SpecLoopName, void @empty_16" [card_recognizer_hls.cpp:114]   --->   Operation 23 'specloopname' 'specloopname_ln114' <Predicate = true> <Delay = 0.00>
ST_3 : Operation 24 [1/1] (0.99ns)   --->   "%select_ln116 = select i1 %icmp_ln116, i2 3, i2 0" [card_recognizer_hls.cpp:116]   --->   Operation 24 'select' 'select_ln116' <Predicate = true> <Delay = 0.99> <CoreInst = "Sel">   --->   Core 73 'Sel' <Latency = 0> <II = 1> <Delay = 0.99> <FuncUnit> <Opcode : 'select'> <InPorts = 3> <OutPorts = 1>
ST_3 : Operation 25 [1/1] (0.00ns)   --->   "%binary_addr = getelementptr i2 %binary, i64 0, i64 %zext_ln114" [card_recognizer_hls.cpp:116]   --->   Operation 25 'getelementptr' 'binary_addr' <Predicate = true> <Delay = 0.00>
ST_3 : Operation 26 [1/1] (3.25ns)   --->   "%store_ln116 = store i2 %select_ln116, i19 %binary_addr" [card_recognizer_hls.cpp:116]   --->   Operation 26 'store' 'store_ln116' <Predicate = true> <Delay = 3.25> <CoreInst = "RAM">   --->   Core 82 'RAM' <Latency = 1> <II = 1> <Delay = 3.25> <Storage> <Opcode : 'load' 'store'> <Ports = 2> <Width = 2> <Depth = 307200> <RAM>
ST_3 : Operation 27 [1/1] (0.00ns)   --->   "%br_ln114 = br void %for.inc34" [card_recognizer_hls.cpp:114]   --->   Operation 27 'br' 'br_ln114' <Predicate = true> <Delay = 0.00>


============================================================
+ Verbose Summary: Binding
============================================================
STG Binding: 
---------------- STG Properties BEGIN ----------------
- Is combinational: 0
- Is one-state seq: 0
- Is datapath-only: 0
- Is pipelined: 0
- Is top level: 0
Port [ Return ] is wired: 1; IO mode=ap_ctrl_hs:ce=0
Port [ trunc_ln]:  wired=1; compound=0; hidden=0; nouse=0; global=0; static=0; extern=0; dir=0; type=0; pingpong=0; private_global=0; IO mode=ap_none:ce=0
Port [ gray]:  wired=1; compound=1; hidden=0; nouse=0; global=1; static=1; extern=0; dir=0; type=1; pingpong=0; private_global=0; MemPort=[13]; IO mode=ap_memory:ce=0
Port [ binary]:  wired=1; compound=1; hidden=0; nouse=0; global=1; static=1; extern=0; dir=1; type=1; pingpong=0; private_global=0; MemPort=[03]; IO mode=ap_memory:ce=0
---------------- STG Properties END ------------------

---------------- Datapath Model BEGIN ----------------

<LifeTime>
<method=bitvector/>
i_1                (alloca           ) [ 0100]
trunc_ln_read      (read             ) [ 0000]
store_ln0          (store            ) [ 0000]
br_ln0             (br               ) [ 0000]
i                  (load             ) [ 0000]
zext_ln114_1       (zext             ) [ 0000]
icmp_ln114         (icmp             ) [ 0110]
empty              (speclooptripcount) [ 0000]
add_ln114          (add              ) [ 0000]
br_ln114           (br               ) [ 0000]
zext_ln114         (zext             ) [ 0111]
gray_addr          (getelementptr    ) [ 0110]
store_ln114        (store            ) [ 0000]
gray_load          (load             ) [ 0000]
icmp_ln116         (icmp             ) [ 0101]
specpipeline_ln115 (specpipeline     ) [ 0000]
specloopname_ln114 (specloopname     ) [ 0000]
select_ln116       (select           ) [ 0000]
binary_addr        (getelementptr    ) [ 0000]
store_ln116        (store            ) [ 0000]
br_ln114           (br               ) [ 0000]
ret_ln0            (ret              ) [ 0000]
</LifeTime>

<model>

<comp_list>
<comp id="0" class="1000" name="trunc_ln">
<pin_list>
<pin id="1" dir="1" index="0" bw="1" slack="0"/>
</pin_list>
<bind>
<StgValue><ssdm name="trunc_ln"/></StgValue>
</bind>
</comp>

<comp id="2" class="1000" name="gray">
<pin_list>
<pin id="3" dir="1" index="0" bw="1" slack="0"/>
</pin_list>
<bind>
<StgValue><ssdm name="gray"/><MemPortTyVec>1 3 </MemPortTyVec>
</StgValue>
</bind>
</comp>

<comp id="4" class="1000" name="binary">
<pin_list>
<pin id="5" dir="1" index="0" bw="1" slack="0"/>
</pin_list>
<bind>
<StgValue><ssdm name="binary"/><MemPortTyVec>0 3 </MemPortTyVec>
</StgValue>
</bind>
</comp>

<comp id="6" class="1001" name="const_6">
<pin_list>
<pin id="7" dir="1" index="0" bw="1" slack="0"/>
</pin_list>
<bind>
<StgValue><ssdm name=""/></StgValue>
</bind>
</comp>

<comp id="8" class="1001" name="const_8">
<pin_list>
<pin id="9" dir="1" index="0" bw="1" slack="0"/>
</pin_list>
<bind>
<StgValue><ssdm name="_ssdm_op_Read.ap_auto.i31"/></StgValue>
</bind>
</comp>

<comp id="10" class="1001" name="const_10">
<pin_list>
<pin id="11" dir="1" index="0" bw="1" slack="0"/>
</pin_list>
<bind>
<StgValue><ssdm name=""/></StgValue>
</bind>
</comp>

<comp id="12" class="1001" name="const_12">
<pin_list>
<pin id="13" dir="1" index="0" bw="1" slack="2147483647"/>
</pin_list>
<bind>
<StgValue><ssdm name="_ssdm_op_SpecLoopTripCount"/></StgValue>
</bind>
</comp>

<comp id="14" class="1001" name="const_14">
<pin_list>
<pin id="15" dir="1" index="0" bw="1" slack="2147483647"/>
</pin_list>
<bind>
<StgValue><ssdm name=""/></StgValue>
</bind>
</comp>

<comp id="16" class="1001" name="const_16">
<pin_list>
<pin id="17" dir="1" index="0" bw="1" slack="2147483647"/>
</pin_list>
<bind>
<StgValue><ssdm name=""/></StgValue>
</bind>
</comp>

<comp id="18" class="1001" name="const_18">
<pin_list>
<pin id="19" dir="1" index="0" bw="1" slack="0"/>
</pin_list>
<bind>
<StgValue><ssdm name=""/></StgValue>
</bind>
</comp>

<comp id="20" class="1001" name="const_20">
<pin_list>
<pin id="21" dir="1" index="0" bw="1" slack="0"/>
</pin_list>
<bind>
<StgValue><ssdm name=""/></StgValue>
</bind>
</comp>

<comp id="22" class="1001" name="const_22">
<pin_list>
<pin id="23" dir="1" index="0" bw="1" slack="0"/>
</pin_list>
<bind>
<StgValue><ssdm name=""/></StgValue>
</bind>
</comp>

<comp id="24" class="1001" name="const_24">
<pin_list>
<pin id="25" dir="1" index="0" bw="1" slack="2147483647"/>
</pin_list>
<bind>
<StgValue><ssdm name="_ssdm_op_SpecPipeline"/></StgValue>
</bind>
</comp>

<comp id="26" class="1001" name="const_26">
<pin_list>
<pin id="27" dir="1" index="0" bw="1" slack="2147483647"/>
</pin_list>
<bind>
<StgValue><ssdm name=""/></StgValue>
</bind>
</comp>

<comp id="28" class="1001" name="const_28">
<pin_list>
<pin id="29" dir="1" index="0" bw="1" slack="2147483647"/>
</pin_list>
<bind>
<StgValue><ssdm name="empty_0"/></StgValue>
</bind>
</comp>

<comp id="30" class="1001" name="const_30">
<pin_list>
<pin id="31" dir="1" index="0" bw="1" slack="2147483647"/>
</pin_list>
<bind>
<StgValue><ssdm name="_ssdm_op_SpecLoopName"/></StgValue>
</bind>
</comp>

<comp id="32" class="1001" name="const_32">
<pin_list>
<pin id="33" dir="1" index="0" bw="1" slack="2147483647"/>
</pin_list>
<bind>
<StgValue><ssdm name="empty_16"/></StgValue>
</bind>
</comp>

<comp id="34" class="1001" name="const_34">
<pin_list>
<pin id="35" dir="1" index="0" bw="1" slack="0"/>
</pin_list>
<bind>
<StgValue><ssdm name=""/></StgValue>
</bind>
</comp>

<comp id="36" class="1001" name="const_36">
<pin_list>
<pin id="37" dir="1" index="0" bw="1" slack="0"/>
</pin_list>
<bind>
<StgValue><ssdm name=""/></StgValue>
</bind>
</comp>

<comp id="38" class="1004" name="i_1_fu_38">
<pin_list>
<pin id="39" dir="0" index="0" bw="1" slack="0"/>
<pin id="40" dir="1" index="1" bw="19" slack="0"/>
</pin_list>
<bind>
<opcode="alloca(26) " fcode="alloca"/>
<opset="i_1/1 "/>
</bind>
</comp>

<comp id="42" class="1004" name="trunc_ln_read_read_fu_42">
<pin_list>
<pin id="43" dir="0" index="0" bw="31" slack="0"/>
<pin id="44" dir="0" index="1" bw="31" slack="0"/>
<pin id="45" dir="1" index="2" bw="31" slack="0"/>
</pin_list>
<bind>
<opcode="read(1150) " fcode="read"/>
<opset="trunc_ln_read/1 "/>
</bind>
</comp>

<comp id="48" class="1004" name="gray_addr_gep_fu_48">
<pin_list>
<pin id="49" dir="0" index="0" bw="8" slack="0"/>
<pin id="50" dir="0" index="1" bw="1" slack="0"/>
<pin id="51" dir="0" index="2" bw="19" slack="0"/>
<pin id="52" dir="1" index="3" bw="19" slack="0"/>
</pin_list>
<bind>
<opcode="getelementptr(29) " fcode="getelementptr"/>
<opset="gray_addr/1 "/>
</bind>
</comp>

<comp id="55" class="1004" name="grp_access_fu_55">
<pin_list>
<pin id="56" dir="0" index="0" bw="19" slack="0"/>
<pin id="57" dir="0" index="1" bw="8" slack="2147483647"/>
<pin id="58" dir="0" index="2" bw="0" slack="2147483647"/>
<pin id="59" dir="1" index="3" bw="8" slack="0"/>
</pin_list>
<bind>
<opcode="load(27) " fcode="load"/>
<opset="gray_load/1 "/>
</bind>
</comp>

<comp id="61" class="1004" name="binary_addr_gep_fu_61">
<pin_list>
<pin id="62" dir="0" index="0" bw="2" slack="0"/>
<pin id="63" dir="0" index="1" bw="1" slack="0"/>
<pin id="64" dir="0" index="2" bw="19" slack="2"/>
<pin id="65" dir="1" index="3" bw="19" slack="0"/>
</pin_list>
<bind>
<opcode="getelementptr(29) " fcode="getelementptr"/>
<opset="binary_addr/3 "/>
</bind>
</comp>

<comp id="68" class="1004" name="store_ln116_access_fu_68">
<pin_list>
<pin id="69" dir="0" index="0" bw="19" slack="0"/>
<pin id="70" dir="0" index="1" bw="2" slack="0"/>
<pin id="71" dir="0" index="2" bw="0" slack="2147483647"/>
<pin id="72" dir="1" index="3" bw="2" slack="2147483647"/>
</pin_list>
<bind>
<opcode="store(28) " fcode="store"/>
<opset="store_ln116/3 "/>
</bind>
</comp>

<comp id="74" class="1004" name="store_ln0_store_fu_74">
<pin_list>
<pin id="75" dir="0" index="0" bw="1" slack="0"/>
<pin id="76" dir="0" index="1" bw="19" slack="0"/>
<pin id="77" dir="1" index="2" bw="0" slack="2147483647"/>
</pin_list>
<bind>
<opcode="store(28) " fcode="store"/>
<opset="store_ln0/1 "/>
</bind>
</comp>

<comp id="79" class="1004" name="i_load_fu_79">
<pin_list>
<pin id="80" dir="0" index="0" bw="19" slack="0"/>
<pin id="81" dir="1" index="1" bw="19" slack="0"/>
</pin_list>
<bind>
<opcode="load(27) " fcode="load"/>
<opset="i/1 "/>
</bind>
</comp>

<comp id="82" class="1004" name="zext_ln114_1_fu_82">
<pin_list>
<pin id="83" dir="0" index="0" bw="19" slack="0"/>
<pin id="84" dir="1" index="1" bw="31" slack="0"/>
</pin_list>
<bind>
<opcode="zext(34) " fcode="zext"/>
<opset="zext_ln114_1/1 "/>
</bind>
</comp>

<comp id="86" class="1004" name="icmp_ln114_fu_86">
<pin_list>
<pin id="87" dir="0" index="0" bw="19" slack="0"/>
<pin id="88" dir="0" index="1" bw="31" slack="0"/>
<pin id="89" dir="1" index="2" bw="1" slack="1"/>
</pin_list>
<bind>
<opcode="icmp(45) " fcode="icmp"/>
<opset="icmp_ln114/1 "/>
</bind>
</comp>

<comp id="92" class="1004" name="add_ln114_fu_92">
<pin_list>
<pin id="93" dir="0" index="0" bw="19" slack="0"/>
<pin id="94" dir="0" index="1" bw="1" slack="0"/>
<pin id="95" dir="1" index="2" bw="19" slack="0"/>
</pin_list>
<bind>
<opcode="add(8) " fcode="add"/>
<opset="add_ln114/1 "/>
</bind>
</comp>

<comp id="98" class="1004" name="zext_ln114_fu_98">
<pin_list>
<pin id="99" dir="0" index="0" bw="19" slack="0"/>
<pin id="100" dir="1" index="1" bw="64" slack="0"/>
</pin_list>
<bind>
<opcode="zext(34) " fcode="zext"/>
<opset="zext_ln114/1 "/>
</bind>
</comp>

<comp id="103" class="1004" name="store_ln114_store_fu_103">
<pin_list>
<pin id="104" dir="0" index="0" bw="19" slack="0"/>
<pin id="105" dir="0" index="1" bw="19" slack="0"/>
<pin id="106" dir="1" index="2" bw="0" slack="2147483647"/>
</pin_list>
<bind>
<opcode="store(28) " fcode="store"/>
<opset="store_ln114/1 "/>
</bind>
</comp>

<comp id="108" class="1004" name="icmp_ln116_fu_108">
<pin_list>
<pin id="109" dir="0" index="0" bw="8" slack="0"/>
<pin id="110" dir="0" index="1" bw="8" slack="0"/>
<pin id="111" dir="1" index="2" bw="1" slack="1"/>
</pin_list>
<bind>
<opcode="icmp(45) " fcode="icmp"/>
<opset="icmp_ln116/2 "/>
</bind>
</comp>

<comp id="114" class="1004" name="select_ln116_fu_114">
<pin_list>
<pin id="115" dir="0" index="0" bw="1" slack="1"/>
<pin id="116" dir="0" index="1" bw="1" slack="0"/>
<pin id="117" dir="0" index="2" bw="1" slack="0"/>
<pin id="118" dir="1" index="3" bw="2" slack="0"/>
</pin_list>
<bind>
<opcode="select(49) " fcode="select"/>
<opset="select_ln116/3 "/>
</bind>
</comp>

<comp id="122" class="1005" name="i_1_reg_122">
<pin_list>
<pin id="123" dir="0" index="0" bw="19" slack="0"/>
<pin id="124" dir="1" index="1" bw="19" slack="0"/>
</pin_list>
<bind>
<opset="i_1 "/>
</bind>
</comp>

<comp id="129" class="1005" name="icmp_ln114_reg_129">
<pin_list>
<pin id="130" dir="0" index="0" bw="1" slack="1"/>
<pin id="131" dir="1" index="1" bw="1" slack="2147483647"/>
</pin_list>
<bind>
<opset="icmp_ln114 "/>
</bind>
</comp>

<comp id="133" class="1005" name="zext_ln114_reg_133">
<pin_list>
<pin id="134" dir="0" index="0" bw="64" slack="2"/>
<pin id="135" dir="1" index="1" bw="64" slack="2"/>
</pin_list>
<bind>
<opset="zext_ln114 "/>
</bind>
</comp>

<comp id="138" class="1005" name="gray_addr_reg_138">
<pin_list>
<pin id="139" dir="0" index="0" bw="19" slack="1"/>
<pin id="140" dir="1" index="1" bw="19" slack="1"/>
</pin_list>
<bind>
<opset="gray_addr "/>
</bind>
</comp>

<comp id="143" class="1005" name="icmp_ln116_reg_143">
<pin_list>
<pin id="144" dir="0" index="0" bw="1" slack="1"/>
<pin id="145" dir="1" index="1" bw="1" slack="1"/>
</pin_list>
<bind>
<opset="icmp_ln116 "/>
</bind>
</comp>

</comp_list>

<net_list>
<net id="41"><net_src comp="6" pin="0"/><net_sink comp="38" pin=0"/></net>

<net id="46"><net_src comp="8" pin="0"/><net_sink comp="42" pin=0"/></net>

<net id="47"><net_src comp="0" pin="0"/><net_sink comp="42" pin=1"/></net>

<net id="53"><net_src comp="2" pin="0"/><net_sink comp="48" pin=0"/></net>

<net id="54"><net_src comp="18" pin="0"/><net_sink comp="48" pin=1"/></net>

<net id="60"><net_src comp="48" pin="3"/><net_sink comp="55" pin=0"/></net>

<net id="66"><net_src comp="4" pin="0"/><net_sink comp="61" pin=0"/></net>

<net id="67"><net_src comp="18" pin="0"/><net_sink comp="61" pin=1"/></net>

<net id="73"><net_src comp="61" pin="3"/><net_sink comp="68" pin=0"/></net>

<net id="78"><net_src comp="10" pin="0"/><net_sink comp="74" pin=0"/></net>

<net id="85"><net_src comp="79" pin="1"/><net_sink comp="82" pin=0"/></net>

<net id="90"><net_src comp="82" pin="1"/><net_sink comp="86" pin=0"/></net>

<net id="91"><net_src comp="42" pin="2"/><net_sink comp="86" pin=1"/></net>

<net id="96"><net_src comp="79" pin="1"/><net_sink comp="92" pin=0"/></net>

<net id="97"><net_src comp="20" pin="0"/><net_sink comp="92" pin=1"/></net>

<net id="101"><net_src comp="79" pin="1"/><net_sink comp="98" pin=0"/></net>

<net id="102"><net_src comp="98" pin="1"/><net_sink comp="48" pin=2"/></net>

<net id="107"><net_src comp="92" pin="2"/><net_sink comp="103" pin=0"/></net>

<net id="112"><net_src comp="55" pin="3"/><net_sink comp="108" pin=0"/></net>

<net id="113"><net_src comp="22" pin="0"/><net_sink comp="108" pin=1"/></net>

<net id="119"><net_src comp="34" pin="0"/><net_sink comp="114" pin=1"/></net>

<net id="120"><net_src comp="36" pin="0"/><net_sink comp="114" pin=2"/></net>

<net id="121"><net_src comp="114" pin="3"/><net_sink comp="68" pin=1"/></net>

<net id="125"><net_src comp="38" pin="1"/><net_sink comp="122" pin=0"/></net>

<net id="126"><net_src comp="122" pin="1"/><net_sink comp="74" pin=1"/></net>

<net id="127"><net_src comp="122" pin="1"/><net_sink comp="79" pin=0"/></net>

<net id="128"><net_src comp="122" pin="1"/><net_sink comp="103" pin=1"/></net>

<net id="132"><net_src comp="86" pin="2"/><net_sink comp="129" pin=0"/></net>

<net id="136"><net_src comp="98" pin="1"/><net_sink comp="133" pin=0"/></net>

<net id="137"><net_src comp="133" pin="1"/><net_sink comp="61" pin=2"/></net>

<net id="141"><net_src comp="48" pin="3"/><net_sink comp="138" pin=0"/></net>

<net id="142"><net_src comp="138" pin="1"/><net_sink comp="55" pin=0"/></net>

<net id="146"><net_src comp="108" pin="2"/><net_sink comp="143" pin=0"/></net>

<net id="147"><net_src comp="143" pin="1"/><net_sink comp="114" pin=0"/></net>

</net_list>

</model> 
---------------- Datapath Model END ------------------

* FSMD analyzer results:
  - Output states:
	Port: binary | {3 }
 - Input state : 
	Port: card_recognizer_hw_Pipeline_VITIS_LOOP_114_2 : trunc_ln | {1 }
	Port: card_recognizer_hw_Pipeline_VITIS_LOOP_114_2 : gray | {1 2 }
  - Chain level:
	State 1
		store_ln0 : 1
		i : 1
		zext_ln114_1 : 2
		icmp_ln114 : 3
		add_ln114 : 2
		br_ln114 : 4
		zext_ln114 : 2
		gray_addr : 3
		gray_load : 4
		store_ln114 : 3
	State 2
		icmp_ln116 : 1
	State 3
		store_ln116 : 1


============================================================
+ Verbose Summary: Datapath Resource usage 
============================================================

* Functional unit list:
|----------|--------------------------|---------|---------|
| Operation|      Functional Unit     |    FF   |   LUT   |
|----------|--------------------------|---------|---------|
|   icmp   |     icmp_ln114_fu_86     |    0    |    17   |
|          |     icmp_ln116_fu_108    |    0    |    11   |
|----------|--------------------------|---------|---------|
|    add   |      add_ln114_fu_92     |    0    |    26   |
|----------|--------------------------|---------|---------|
|  select  |    select_ln116_fu_114   |    0    |    2    |
|----------|--------------------------|---------|---------|
|   read   | trunc_ln_read_read_fu_42 |    0    |    0    |
|----------|--------------------------|---------|---------|
|   zext   |    zext_ln114_1_fu_82    |    0    |    0    |
|          |     zext_ln114_fu_98     |    0    |    0    |
|----------|--------------------------|---------|---------|
|   Total  |                          |    0    |    56   |
|----------|--------------------------|---------|---------|

Memories:
N/A

* Register list:
+------------------+--------+
|                  |   FF   |
+------------------+--------+
| gray_addr_reg_138|   19   |
|    i_1_reg_122   |   19   |
|icmp_ln114_reg_129|    1   |
|icmp_ln116_reg_143|    1   |
|zext_ln114_reg_133|   64   |
+------------------+--------+
|       Total      |   104  |
+------------------+--------+

* Multiplexer (MUX) list: 
|------------------|------|------|------|--------||---------||---------|
|       Comp       |  Pin | Size |  BW  | S x BW ||  Delay  ||   LUT   |
|------------------|------|------|------|--------||---------||---------|
| grp_access_fu_55 |  p0  |   2  |  19  |   38   ||    9    |
|------------------|------|------|------|--------||---------||---------|
|       Total      |      |      |      |   38   ||  1.588  ||    9    |
|------------------|------|------|------|--------||---------||---------|



* Summary:
+-----------+--------+--------+--------+
|           |  Delay |   FF   |   LUT  |
+-----------+--------+--------+--------+
|  Function |    -   |    0   |   56   |
|   Memory  |    -   |    -   |    -   |
|Multiplexer|    1   |    -   |    9   |
|  Register |    -   |   104  |    -   |
+-----------+--------+--------+--------+
|   Total   |    1   |   104  |   65   |
+-----------+--------+--------+--------+
