

================================================================
== Vitis HLS Report for 'card_recognizer_hw'
================================================================
* Date:           Tue Jun  9 14:11:45 2026

* Version:        2022.2 (Build 3670227 on Oct 13 2022)
* Project:        card_recognizer_hls
* Solution:       solution1 (Vivado IP Flow Target)
* Product family: zynq
* Target device:  xc7z010-clg400-1


================================================================
== Performance Estimates
================================================================
+ Timing: 
    * Summary: 
    +--------+----------+-----------+------------+
    |  Clock |  Target  | Estimated | Uncertainty|
    +--------+----------+-----------+------------+
    |ap_clk  |  10.00 ns|  31.819 ns|     2.70 ns|
    +--------+----------+-----------+------------+

+ Latency: 
    * Summary: 
    +---------+---------+----------+----------+-----+-----+---------+
    |  Latency (cycles) |  Latency (absolute) |  Interval | Pipeline|
    |   min   |   max   |    min   |    max   | min | max |   Type  |
    +---------+---------+----------+----------+-----+-----+---------+
    |        ?|        ?|         ?|         ?|    ?|    ?|       no|
    +---------+---------+----------+----------+-----+-----+---------+

    + Detail: 
        * Instance: 
        N/A

        * Loop: 
        N/A

============================================================
+ Verbose Summary: Synthesis Manager
============================================================
InlineROM: 1
ExposeGlobal: 0
============================================================
+ Verbose Summary: CDFG Model
============================================================
IsTopModel: 1
ResetActiveHigh: 1
IsCombinational: 0
IsDatapathOnly: 0
HasWiredReturn: 1
HasMFsm: 0
HasVarLatency: 1
IsPipeline: 0
IsRtlPipelined: 0
IsInstanceOverlapped: 0
IsDontTouch: 0
HasImplIP: 0
IsGatedGlobalClock: 0


============================================================
+ Verbose Summary: Schedule
============================================================
* Number of FSM states : 17
* Pipeline : 0
* Dataflow Pipeline: 0

* FSM state transitions: 
1 --> 2 
2 --> 3 
3 --> 4 
4 --> 5 16 
5 --> 6 
6 --> 7 
7 --> 8 
8 --> 9 
9 --> 10 
10 --> 11 
11 --> 12 
12 --> 13 
13 --> 14 
14 --> 15 
15 --> 16 
16 --> 17 
17 --> 

* FSM state operations: 

State 1 <SV = 0> <Delay = 1.00>
ST_1 : Operation 18 [1/1] (1.00ns)   --->   "%height_read = read i32 @_ssdm_op_Read.s_axilite.i32, i32 %height" [card_recognizer_hls.cpp:85]   --->   Operation 18 'read' 'height_read' <Predicate = true> <Delay = 1.00> <CoreInst = "s_axilite">   --->   Core 114 's_axilite' <Latency = 0> <II = 1> <Delay = 1.00> <Adapter> <Opcode : 'read' 'write'>
ST_1 : Operation 19 [1/1] (1.00ns)   --->   "%width_read = read i32 @_ssdm_op_Read.s_axilite.i32, i32 %width" [card_recognizer_hls.cpp:85]   --->   Operation 19 'read' 'width_read' <Predicate = true> <Delay = 1.00> <CoreInst = "s_axilite">   --->   Core 114 's_axilite' <Latency = 0> <II = 1> <Delay = 1.00> <Adapter> <Opcode : 'read' 'write'>
ST_1 : Operation 20 [1/1] (1.00ns)   --->   "%input_rgb_read = read i64 @_ssdm_op_Read.s_axilite.i64, i64 %input_rgb" [card_recognizer_hls.cpp:85]   --->   Operation 20 'read' 'input_rgb_read' <Predicate = true> <Delay = 1.00> <CoreInst = "s_axilite">   --->   Core 114 's_axilite' <Latency = 0> <II = 1> <Delay = 1.00> <Adapter> <Opcode : 'read' 'write'>

State 2 <SV = 1> <Delay = 6.91>
ST_2 : Operation 21 [2/2] (6.91ns)   --->   "%n = mul i32 %height_read, i32 %width_read" [card_recognizer_hls.cpp:102]   --->   Operation 21 'mul' 'n' <Predicate = true> <Delay = 6.91> <CoreInst = "Multiplier">   --->   Core 3 'Multiplier' <Latency = 1> <II = 1> <Delay = 6.91> <FuncUnit> <Opcode : 'mul'> <InPorts = 2> <OutPorts = 1>

State 3 <SV = 2> <Delay = 6.91>
ST_3 : Operation 22 [1/2] (6.91ns)   --->   "%n = mul i32 %height_read, i32 %width_read" [card_recognizer_hls.cpp:102]   --->   Operation 22 'mul' 'n' <Predicate = true> <Delay = 6.91> <CoreInst = "Multiplier">   --->   Core 3 'Multiplier' <Latency = 1> <II = 1> <Delay = 6.91> <FuncUnit> <Opcode : 'mul'> <InPorts = 2> <OutPorts = 1>

State 4 <SV = 3> <Delay = 2.55>
ST_4 : Operation 23 [1/1] (0.00ns)   --->   "%spectopmodule_ln84 = spectopmodule void @_ssdm_op_SpecTopModule, void @empty_15" [card_recognizer_hls.cpp:84]   --->   Operation 23 'spectopmodule' 'spectopmodule_ln84' <Predicate = true> <Delay = 0.00>
ST_4 : Operation 24 [1/1] (0.00ns)   --->   "%specinterface_ln0 = specinterface void @_ssdm_op_SpecInterface, i8 %gmem, void @empty, i32 0, i32 0, void @empty_0, i32 0, i32 921600, void @empty_1, void @empty_2, void @empty_0, i32 16, i32 16, i32 16, i32 16, void @empty_0, void @empty_0, i32 4294967295, i32 0"   --->   Operation 24 'specinterface' 'specinterface_ln0' <Predicate = true> <Delay = 0.00>
ST_4 : Operation 25 [1/1] (0.00ns)   --->   "%specbitsmap_ln0 = specbitsmap void @_ssdm_op_SpecBitsMap, i8 %gmem"   --->   Operation 25 'specbitsmap' 'specbitsmap_ln0' <Predicate = true> <Delay = 0.00>
ST_4 : Operation 26 [1/1] (0.00ns)   --->   "%specinterface_ln0 = specinterface void @_ssdm_op_SpecInterface, i64 %input_rgb, void @empty_3, i32 0, i32 0, void @empty_0, i32 0, i32 0, void @empty_4, void @empty_5, void @empty_0, i32 0, i32 0, i32 0, i32 0, void @empty_0, void @empty_6, i32 4294967295, i32 0"   --->   Operation 26 'specinterface' 'specinterface_ln0' <Predicate = true> <Delay = 0.00>
ST_4 : Operation 27 [1/1] (0.00ns)   --->   "%specinterface_ln0 = specinterface void @_ssdm_op_SpecInterface, i64 %input_rgb, void @empty_7, i32 0, i32 0, void @empty_0, i32 0, i32 0, void @empty_0, void @empty_0, void @empty_0, i32 0, i32 0, i32 0, i32 0, void @empty_0, void @empty_6, i32 4294967295, i32 0"   --->   Operation 27 'specinterface' 'specinterface_ln0' <Predicate = true> <Delay = 0.00>
ST_4 : Operation 28 [1/1] (0.00ns)   --->   "%specbitsmap_ln0 = specbitsmap void @_ssdm_op_SpecBitsMap, i32 %result_rank"   --->   Operation 28 'specbitsmap' 'specbitsmap_ln0' <Predicate = true> <Delay = 0.00>
ST_4 : Operation 29 [1/1] (0.00ns)   --->   "%specinterface_ln0 = specinterface void @_ssdm_op_SpecInterface, i32 %result_rank, void @empty_3, i32 0, i32 0, void @empty_0, i32 0, i32 0, void @empty_4, void @empty_8, void @empty_0, i32 0, i32 0, i32 0, i32 0, void @empty_0, void @empty_0, i32 4294967295, i32 0"   --->   Operation 29 'specinterface' 'specinterface_ln0' <Predicate = true> <Delay = 0.00>
ST_4 : Operation 30 [1/1] (0.00ns)   --->   "%specinterface_ln0 = specinterface void @_ssdm_op_SpecInterface, i32 %result_rank, void @empty_7, i32 0, i32 0, void @empty_0, i32 0, i32 0, void @empty_0, void @empty_0, void @empty_0, i32 0, i32 0, i32 0, i32 0, void @empty_0, void @empty_0, i32 4294967295, i32 0"   --->   Operation 30 'specinterface' 'specinterface_ln0' <Predicate = true> <Delay = 0.00>
ST_4 : Operation 31 [1/1] (0.00ns)   --->   "%specbitsmap_ln0 = specbitsmap void @_ssdm_op_SpecBitsMap, i32 %result_suit"   --->   Operation 31 'specbitsmap' 'specbitsmap_ln0' <Predicate = true> <Delay = 0.00>
ST_4 : Operation 32 [1/1] (0.00ns)   --->   "%specinterface_ln0 = specinterface void @_ssdm_op_SpecInterface, i32 %result_suit, void @empty_3, i32 0, i32 0, void @empty_0, i32 0, i32 0, void @empty_4, void @empty_9, void @empty_0, i32 0, i32 0, i32 0, i32 0, void @empty_0, void @empty_0, i32 4294967295, i32 0"   --->   Operation 32 'specinterface' 'specinterface_ln0' <Predicate = true> <Delay = 0.00>
ST_4 : Operation 33 [1/1] (0.00ns)   --->   "%specinterface_ln0 = specinterface void @_ssdm_op_SpecInterface, i32 %result_suit, void @empty_7, i32 0, i32 0, void @empty_0, i32 0, i32 0, void @empty_0, void @empty_0, void @empty_0, i32 0, i32 0, i32 0, i32 0, void @empty_0, void @empty_0, i32 4294967295, i32 0"   --->   Operation 33 'specinterface' 'specinterface_ln0' <Predicate = true> <Delay = 0.00>
ST_4 : Operation 34 [1/1] (0.00ns)   --->   "%specbitsmap_ln0 = specbitsmap void @_ssdm_op_SpecBitsMap, i32 %width"   --->   Operation 34 'specbitsmap' 'specbitsmap_ln0' <Predicate = true> <Delay = 0.00>
ST_4 : Operation 35 [1/1] (0.00ns)   --->   "%specinterface_ln0 = specinterface void @_ssdm_op_SpecInterface, i32 %width, void @empty_3, i32 0, i32 0, void @empty_0, i32 0, i32 0, void @empty_4, void @empty_10, void @empty_0, i32 0, i32 0, i32 0, i32 0, void @empty_0, void @empty_0, i32 4294967295, i32 0"   --->   Operation 35 'specinterface' 'specinterface_ln0' <Predicate = true> <Delay = 0.00>
ST_4 : Operation 36 [1/1] (0.00ns)   --->   "%specinterface_ln0 = specinterface void @_ssdm_op_SpecInterface, i32 %width, void @empty_7, i32 0, i32 0, void @empty_0, i32 0, i32 0, void @empty_0, void @empty_0, void @empty_0, i32 0, i32 0, i32 0, i32 0, void @empty_0, void @empty_0, i32 4294967295, i32 0"   --->   Operation 36 'specinterface' 'specinterface_ln0' <Predicate = true> <Delay = 0.00>
ST_4 : Operation 37 [1/1] (0.00ns)   --->   "%specbitsmap_ln0 = specbitsmap void @_ssdm_op_SpecBitsMap, i32 %height"   --->   Operation 37 'specbitsmap' 'specbitsmap_ln0' <Predicate = true> <Delay = 0.00>
ST_4 : Operation 38 [1/1] (0.00ns)   --->   "%specinterface_ln0 = specinterface void @_ssdm_op_SpecInterface, i32 %height, void @empty_3, i32 0, i32 0, void @empty_0, i32 0, i32 0, void @empty_4, void @empty_11, void @empty_0, i32 0, i32 0, i32 0, i32 0, void @empty_0, void @empty_0, i32 4294967295, i32 0"   --->   Operation 38 'specinterface' 'specinterface_ln0' <Predicate = true> <Delay = 0.00>
ST_4 : Operation 39 [1/1] (0.00ns)   --->   "%specinterface_ln0 = specinterface void @_ssdm_op_SpecInterface, i32 %height, void @empty_7, i32 0, i32 0, void @empty_0, i32 0, i32 0, void @empty_0, void @empty_0, void @empty_0, i32 0, i32 0, i32 0, i32 0, void @empty_0, void @empty_0, i32 4294967295, i32 0"   --->   Operation 39 'specinterface' 'specinterface_ln0' <Predicate = true> <Delay = 0.00>
ST_4 : Operation 40 [1/1] (0.00ns)   --->   "%specinterface_ln0 = specinterface void @_ssdm_op_SpecInterface, i32 0, void @empty_3, i32 0, i32 0, void @empty_0, i32 0, i32 0, void @empty_4, void @empty_0, void @empty_0, i32 0, i32 0, i32 0, i32 0, void @empty_0, void @empty_0, i32 4294967295, i32 0"   --->   Operation 40 'specinterface' 'specinterface_ln0' <Predicate = true> <Delay = 0.00>
ST_4 : Operation 41 [1/1] (2.47ns)   --->   "%icmp_ln105 = icmp_sgt  i32 %n, i32 0" [card_recognizer_hls.cpp:105]   --->   Operation 41 'icmp' 'icmp_ln105' <Predicate = true> <Delay = 2.47> <CoreInst = "Cmp">   --->   Core 9 'Cmp' <Latency = 0> <II = 1> <Delay = 2.47> <FuncUnit> <Opcode : 'icmp'> <InPorts = 2> <OutPorts = 1>
ST_4 : Operation 42 [1/1] (0.00ns)   --->   "%br_ln105 = br i1 %icmp_ln105, void %for.end36, void %for.body.lr.ph" [card_recognizer_hls.cpp:105]   --->   Operation 42 'br' 'br_ln105' <Predicate = true> <Delay = 0.00>
ST_4 : Operation 43 [1/1] (0.00ns)   --->   "%trunc_ln105 = trunc i32 %n" [card_recognizer_hls.cpp:105]   --->   Operation 43 'trunc' 'trunc_ln105' <Predicate = (icmp_ln105)> <Delay = 0.00>
ST_4 : Operation 44 [1/1] (0.00ns) (grouped into LUT with out node sub_ln105)   --->   "%shl_ln105 = shl i32 %n, i32 2" [card_recognizer_hls.cpp:105]   --->   Operation 44 'shl' 'shl_ln105' <Predicate = (icmp_ln105)> <Delay = 0.00>
ST_4 : Operation 45 [1/1] (2.55ns) (out node of the LUT)   --->   "%sub_ln105 = sub i32 %shl_ln105, i32 %n" [card_recognizer_hls.cpp:105]   --->   Operation 45 'sub' 'sub_ln105' <Predicate = (icmp_ln105)> <Delay = 2.55> <CoreInst = "Adder">   --->   Core 1 'Adder' <Latency = 0> <II = 1> <Delay = 2.55> <FuncUnit> <Opcode : 'add' 'sub'> <InPorts = 2> <OutPorts = 1>

State 5 <SV = 4> <Delay = 7.30>
ST_5 : Operation 46 [1/1] (0.00ns)   --->   "%gmem_addr = getelementptr i8 %gmem, i64 %input_rgb_read" [card_recognizer_hls.cpp:105]   --->   Operation 46 'getelementptr' 'gmem_addr' <Predicate = true> <Delay = 0.00>
ST_5 : Operation 47 [7/7] (7.30ns)   --->   "%empty = readreq i1 @_ssdm_op_ReadReq.m_axi.p1i8, i8 %gmem_addr, i32 %sub_ln105" [card_recognizer_hls.cpp:105]   --->   Operation 47 'readreq' 'empty' <Predicate = true> <Delay = 7.30> <CoreInst = "m_axi">   --->   Core 113 'm_axi' <Latency = 0> <II = 1> <Delay = 1.00> <Adapter> <Opcode : 'read' 'write' 'readreq' 'writereq' 'writeresp'>

State 6 <SV = 5> <Delay = 7.30>
ST_6 : Operation 48 [6/7] (7.30ns)   --->   "%empty = readreq i1 @_ssdm_op_ReadReq.m_axi.p1i8, i8 %gmem_addr, i32 %sub_ln105" [card_recognizer_hls.cpp:105]   --->   Operation 48 'readreq' 'empty' <Predicate = true> <Delay = 7.30> <CoreInst = "m_axi">   --->   Core 113 'm_axi' <Latency = 0> <II = 1> <Delay = 1.00> <Adapter> <Opcode : 'read' 'write' 'readreq' 'writereq' 'writeresp'>

State 7 <SV = 6> <Delay = 7.30>
ST_7 : Operation 49 [5/7] (7.30ns)   --->   "%empty = readreq i1 @_ssdm_op_ReadReq.m_axi.p1i8, i8 %gmem_addr, i32 %sub_ln105" [card_recognizer_hls.cpp:105]   --->   Operation 49 'readreq' 'empty' <Predicate = true> <Delay = 7.30> <CoreInst = "m_axi">   --->   Core 113 'm_axi' <Latency = 0> <II = 1> <Delay = 1.00> <Adapter> <Opcode : 'read' 'write' 'readreq' 'writereq' 'writeresp'>

State 8 <SV = 7> <Delay = 7.30>
ST_8 : Operation 50 [4/7] (7.30ns)   --->   "%empty = readreq i1 @_ssdm_op_ReadReq.m_axi.p1i8, i8 %gmem_addr, i32 %sub_ln105" [card_recognizer_hls.cpp:105]   --->   Operation 50 'readreq' 'empty' <Predicate = true> <Delay = 7.30> <CoreInst = "m_axi">   --->   Core 113 'm_axi' <Latency = 0> <II = 1> <Delay = 1.00> <Adapter> <Opcode : 'read' 'write' 'readreq' 'writereq' 'writeresp'>

State 9 <SV = 8> <Delay = 7.30>
ST_9 : Operation 51 [3/7] (7.30ns)   --->   "%empty = readreq i1 @_ssdm_op_ReadReq.m_axi.p1i8, i8 %gmem_addr, i32 %sub_ln105" [card_recognizer_hls.cpp:105]   --->   Operation 51 'readreq' 'empty' <Predicate = true> <Delay = 7.30> <CoreInst = "m_axi">   --->   Core 113 'm_axi' <Latency = 0> <II = 1> <Delay = 1.00> <Adapter> <Opcode : 'read' 'write' 'readreq' 'writereq' 'writeresp'>

State 10 <SV = 9> <Delay = 7.30>
ST_10 : Operation 52 [2/7] (7.30ns)   --->   "%empty = readreq i1 @_ssdm_op_ReadReq.m_axi.p1i8, i8 %gmem_addr, i32 %sub_ln105" [card_recognizer_hls.cpp:105]   --->   Operation 52 'readreq' 'empty' <Predicate = true> <Delay = 7.30> <CoreInst = "m_axi">   --->   Core 113 'm_axi' <Latency = 0> <II = 1> <Delay = 1.00> <Adapter> <Opcode : 'read' 'write' 'readreq' 'writereq' 'writeresp'>

State 11 <SV = 10> <Delay = 7.30>
ST_11 : Operation 53 [1/7] (7.30ns)   --->   "%empty = readreq i1 @_ssdm_op_ReadReq.m_axi.p1i8, i8 %gmem_addr, i32 %sub_ln105" [card_recognizer_hls.cpp:105]   --->   Operation 53 'readreq' 'empty' <Predicate = true> <Delay = 7.30> <CoreInst = "m_axi">   --->   Core 113 'm_axi' <Latency = 0> <II = 1> <Delay = 1.00> <Adapter> <Opcode : 'read' 'write' 'readreq' 'writereq' 'writeresp'>

State 12 <SV = 11> <Delay = 2.47>
ST_12 : Operation 54 [2/2] (2.47ns)   --->   "%call_ln85 = call void @card_recognizer_hw_Pipeline_VITIS_LOOP_105_1, i8 %gmem, i64 %input_rgb_read, i31 %trunc_ln105, i8 %gray" [card_recognizer_hls.cpp:85]   --->   Operation 54 'call' 'call_ln85' <Predicate = true> <Delay = 2.47> <CoreType = "Generic">   --->   Core 0 '' <Latency = 0> <II = 1> <Delay = 1.00> <Generic> <Opcode : >

State 13 <SV = 12> <Delay = 0.00>
ST_13 : Operation 55 [1/2] (0.00ns)   --->   "%call_ln85 = call void @card_recognizer_hw_Pipeline_VITIS_LOOP_105_1, i8 %gmem, i64 %input_rgb_read, i31 %trunc_ln105, i8 %gray" [card_recognizer_hls.cpp:85]   --->   Operation 55 'call' 'call_ln85' <Predicate = true> <Delay = 0.00> <CoreType = "Generic">   --->   Core 0 '' <Latency = 0> <II = 1> <Delay = 1.00> <Generic> <Opcode : >

State 14 <SV = 13> <Delay = 4.05>
ST_14 : Operation 56 [2/2] (4.05ns)   --->   "%call_ln105 = call void @card_recognizer_hw_Pipeline_VITIS_LOOP_114_2, i31 %trunc_ln105, i8 %gray, i2 %binary" [card_recognizer_hls.cpp:105]   --->   Operation 56 'call' 'call_ln105' <Predicate = true> <Delay = 4.05> <CoreType = "Generic">   --->   Core 0 '' <Latency = 0> <II = 1> <Delay = 1.00> <Generic> <Opcode : >

State 15 <SV = 14> <Delay = 0.00>
ST_15 : Operation 57 [1/2] (0.00ns)   --->   "%call_ln105 = call void @card_recognizer_hw_Pipeline_VITIS_LOOP_114_2, i31 %trunc_ln105, i8 %gray, i2 %binary" [card_recognizer_hls.cpp:105]   --->   Operation 57 'call' 'call_ln105' <Predicate = true> <Delay = 0.00> <CoreType = "Generic">   --->   Core 0 '' <Latency = 0> <II = 1> <Delay = 1.00> <Generic> <Opcode : >
ST_15 : Operation 58 [1/1] (0.00ns)   --->   "%br_ln0 = br void %for.end36"   --->   Operation 58 'br' 'br_ln0' <Predicate = true> <Delay = 0.00>

State 16 <SV = 15> <Delay = 6.91>
ST_16 : Operation 59 [2/2] (6.91ns)   --->   "%comp_size = call i32 @find_largest_component_hw, i32 %width_read, i32 %height_read, i1 %visited, i32 %queue_x, i32 %queue_y, i2 %binary" [card_recognizer_hls.cpp:120]   --->   Operation 59 'call' 'comp_size' <Predicate = true> <Delay = 6.91> <CoreType = "Generic">   --->   Core 0 '' <Latency = 0> <II = 1> <Delay = 1.00> <Generic> <Opcode : >

State 17 <SV = 16> <Delay = 4.68>
ST_17 : Operation 60 [1/2] (0.00ns)   --->   "%comp_size = call i32 @find_largest_component_hw, i32 %width_read, i32 %height_read, i1 %visited, i32 %queue_x, i32 %queue_y, i2 %binary" [card_recognizer_hls.cpp:120]   --->   Operation 60 'call' 'comp_size' <Predicate = true> <Delay = 0.00> <CoreType = "Generic">   --->   Core 0 '' <Latency = 0> <II = 1> <Delay = 1.00> <Generic> <Opcode : >
ST_17 : Operation 61 [1/1] (2.47ns)   --->   "%icmp_ln123 = icmp_sgt  i32 %comp_size, i32 10000" [card_recognizer_hls.cpp:123]   --->   Operation 61 'icmp' 'icmp_ln123' <Predicate = true> <Delay = 2.47> <CoreInst = "Cmp">   --->   Core 9 'Cmp' <Latency = 0> <II = 1> <Delay = 2.47> <FuncUnit> <Opcode : 'icmp'> <InPorts = 2> <OutPorts = 1>
ST_17 : Operation 62 [1/1] (1.21ns)   --->   "%select_ln123 = select i1 %icmp_ln123, i32 10, i32 0" [card_recognizer_hls.cpp:123]   --->   Operation 62 'select' 'select_ln123' <Predicate = true> <Delay = 1.21> <CoreInst = "Sel">   --->   Core 73 'Sel' <Latency = 0> <II = 1> <Delay = 1.21> <FuncUnit> <Opcode : 'select'> <InPorts = 3> <OutPorts = 1>
ST_17 : Operation 63 [1/1] (1.00ns)   --->   "%write_ln123 = write void @_ssdm_op_Write.s_axilite.i32P0A, i32 %result_rank, i32 %select_ln123" [card_recognizer_hls.cpp:123]   --->   Operation 63 'write' 'write_ln123' <Predicate = true> <Delay = 1.00> <CoreInst = "s_axilite">   --->   Core 114 's_axilite' <Latency = 0> <II = 1> <Delay = 1.00> <Adapter> <Opcode : 'read' 'write'>
ST_17 : Operation 64 [1/1] (1.00ns)   --->   "%write_ln124 = write void @_ssdm_op_Write.s_axilite.i32P0A, i32 %result_suit, i32 0" [card_recognizer_hls.cpp:124]   --->   Operation 64 'write' 'write_ln124' <Predicate = true> <Delay = 1.00> <CoreInst = "s_axilite">   --->   Core 114 's_axilite' <Latency = 0> <II = 1> <Delay = 1.00> <Adapter> <Opcode : 'read' 'write'>
ST_17 : Operation 65 [1/1] (0.00ns)   --->   "%ret_ln125 = ret" [card_recognizer_hls.cpp:125]   --->   Operation 65 'ret' 'ret_ln125' <Predicate = true> <Delay = 0.00>


============================================================
+ Verbose Summary: Timing violations
============================================================
Target clock period: 10ns, clock uncertainty: 2.7ns.

 <State 1>: 1ns
The critical path consists of the following:
	s_axi read operation ('height', card_recognizer_hls.cpp:85) on port 'height' (card_recognizer_hls.cpp:85) [30]  (1 ns)

 <State 2>: 6.91ns
The critical path consists of the following:
	'mul' operation ('n', card_recognizer_hls.cpp:102) [33]  (6.91 ns)

 <State 3>: 6.91ns
The critical path consists of the following:
	'mul' operation ('n', card_recognizer_hls.cpp:102) [33]  (6.91 ns)

 <State 4>: 2.55ns
The critical path consists of the following:
	'shl' operation ('shl_ln105', card_recognizer_hls.cpp:105) [38]  (0 ns)
	'sub' operation ('sub_ln105', card_recognizer_hls.cpp:105) [39]  (2.55 ns)

 <State 5>: 7.3ns
The critical path consists of the following:
	'getelementptr' operation ('gmem_addr', card_recognizer_hls.cpp:105) [40]  (0 ns)
	bus request operation ('empty', card_recognizer_hls.cpp:105) on port 'gmem' (card_recognizer_hls.cpp:105) [41]  (7.3 ns)

 <State 6>: 7.3ns
The critical path consists of the following:
	bus request operation ('empty', card_recognizer_hls.cpp:105) on port 'gmem' (card_recognizer_hls.cpp:105) [41]  (7.3 ns)

 <State 7>: 7.3ns
The critical path consists of the following:
	bus request operation ('empty', card_recognizer_hls.cpp:105) on port 'gmem' (card_recognizer_hls.cpp:105) [41]  (7.3 ns)

 <State 8>: 7.3ns
The critical path consists of the following:
	bus request operation ('empty', card_recognizer_hls.cpp:105) on port 'gmem' (card_recognizer_hls.cpp:105) [41]  (7.3 ns)

 <State 9>: 7.3ns
The critical path consists of the following:
	bus request operation ('empty', card_recognizer_hls.cpp:105) on port 'gmem' (card_recognizer_hls.cpp:105) [41]  (7.3 ns)

 <State 10>: 7.3ns
The critical path consists of the following:
	bus request operation ('empty', card_recognizer_hls.cpp:105) on port 'gmem' (card_recognizer_hls.cpp:105) [41]  (7.3 ns)

 <State 11>: 7.3ns
The critical path consists of the following:
	bus request operation ('empty', card_recognizer_hls.cpp:105) on port 'gmem' (card_recognizer_hls.cpp:105) [41]  (7.3 ns)

 <State 12>: 2.47ns
The critical path consists of the following:
	'call' operation ('call_ln85', card_recognizer_hls.cpp:85) to 'card_recognizer_hw_Pipeline_VITIS_LOOP_105_1' [42]  (2.47 ns)

 <State 13>: 0ns
The critical path consists of the following:

 <State 14>: 4.06ns
The critical path consists of the following:
	'call' operation ('call_ln105', card_recognizer_hls.cpp:105) to 'card_recognizer_hw_Pipeline_VITIS_LOOP_114_2' [43]  (4.06 ns)

 <State 15>: 0ns
The critical path consists of the following:

 <State 16>: 6.91ns
The critical path consists of the following:
	'call' operation ('comp_size', card_recognizer_hls.cpp:120) to 'find_largest_component_hw' [46]  (6.91 ns)

 <State 17>: 4.69ns
The critical path consists of the following:
	'call' operation ('comp_size', card_recognizer_hls.cpp:120) to 'find_largest_component_hw' [46]  (0 ns)
	'icmp' operation ('icmp_ln123', card_recognizer_hls.cpp:123) [47]  (2.47 ns)
	'select' operation ('select_ln123', card_recognizer_hls.cpp:123) [48]  (1.22 ns)
	s_axi write operation ('write_ln123', card_recognizer_hls.cpp:123) on port 'result_rank' (card_recognizer_hls.cpp:123) [49]  (1 ns)


============================================================
+ Verbose Summary: Binding
============================================================
N/A
* FSMD analyzer results:
  - Output states:
 - Input state : 
  - Chain level:
	State 1
	State 2
	State 3
	State 4
	State 5
	State 6
	State 7
	State 8
	State 9
	State 10
	State 11
	State 12
	State 13
	State 14
	State 15
	State 16
	State 17


============================================================
+ Verbose Summary: Datapath Resource usage 
============================================================
N/A
