

================================================================
== Vitis HLS Report for 'card_recognizer_hw_Pipeline_VITIS_LOOP_105_1'
================================================================
* Date:           Tue Jun  9 14:11:42 2026

* Version:        2022.2 (Build 3670227 on Oct 13 2022)
* Project:        card_recognizer_hls
* Solution:       solution1 (Vivado IP Flow Target)
* Product family: zynq
* Target device:  xc7z010-clg400-1


================================================================
== Performance Estimates
================================================================
+ Timing: 
    * Summary: 
    +--------+----------+----------+------------+
    |  Clock |  Target  | Estimated| Uncertainty|
    +--------+----------+----------+------------+
    |ap_clk  |  10.00 ns|  7.300 ns|     2.70 ns|
    +--------+----------+----------+------------+

+ Latency: 
    * Summary: 
    +---------+---------+----------+----------+-----+-----+---------+
    |  Latency (cycles) |  Latency (absolute) |  Interval | Pipeline|
    |   min   |   max   |    min   |    max   | min | max |   Type  |
    +---------+---------+----------+----------+-----+-----+---------+
    |       27|        ?|  0.270 us|         ?|   27|    ?|       no|
    +---------+---------+----------+----------+-----+-----+---------+

    + Detail: 
        * Instance: 
        N/A

        * Loop: 
        +--------------------+---------+---------+----------+-----------+-----------+-------+----------+
        |                    |  Latency (cycles) | Iteration|  Initiation Interval  |  Trip |          |
        |      Loop Name     |   min   |   max   |  Latency |  achieved |   target  | Count | Pipelined|
        +--------------------+---------+---------+----------+-----------+-----------+-------+----------+
        |- VITIS_LOOP_105_1  |       25|        ?|        26|          3|          1|  1 ~ ?|       yes|
        +--------------------+---------+---------+----------+-----------+-----------+-------+----------+

============================================================
+ Verbose Summary: Synthesis Manager
============================================================
InlineROM: 1
ExposeGlobal: 0
============================================================
+ Verbose Summary: CDFG Model
============================================================
IsTopModel: 0
ResetActiveHigh: 1
IsCombinational: 0
IsDatapathOnly: 0
HasWiredReturn: 1
HasMFsm: 2
HasVarLatency: 1
IsPipeline: 0
IsRtlPipelined: 0
IsInstanceOverlapped: 0
IsDontTouch: 0
HasImplIP: 0
IsGatedGlobalClock: 0

+ Individual pipeline summary: 
  * Pipeline-0: initiation interval (II) = 3, depth = 26


============================================================
+ Verbose Summary: Schedule
============================================================
* Number of FSM states : 26
* Pipeline : 1
  Pipeline-0 : II = 3, D = 26, States = { 1 2 3 4 5 6 7 8 9 10 11 12 13 14 15 16 17 18 19 20 21 22 23 24 25 26 }
* Dataflow Pipeline: 0

* FSM state transitions: 
1 --> 2 
2 --> 3 
3 --> 4 
4 --> 5 
5 --> 6 
6 --> 7 
7 --> 8 
8 --> 9 
9 --> 10 
10 --> 11 
11 --> 12 
12 --> 13 
13 --> 14 
14 --> 15 
15 --> 16 
16 --> 17 
17 --> 18 
18 --> 19 
19 --> 20 
20 --> 21 
21 --> 22 
22 --> 23 
23 --> 24 
24 --> 25 
25 --> 26 
26 --> 

* FSM state operations: 

State 1 <SV = 0> <Delay = 2.47>
ST_1 : Operation 29 [1/1] (0.00ns)   --->   "%i = alloca i32 1"   --->   Operation 29 'alloca' 'i' <Predicate = true> <Delay = 0.00>
ST_1 : Operation 30 [1/1] (0.00ns)   --->   "%specinterface_ln0 = specinterface void @_ssdm_op_SpecInterface, i8 %gmem, void @empty, i32 0, i32 0, void @empty_0, i32 0, i32 921600, void @empty_1, void @empty_2, void @empty_0, i32 16, i32 16, i32 16, i32 16, void @empty_0, void @empty_0, i32 4294967295, i32 0"   --->   Operation 30 'specinterface' 'specinterface_ln0' <Predicate = true> <Delay = 0.00>
ST_1 : Operation 31 [1/1] (0.00ns)   --->   "%trunc_ln_read = read i31 @_ssdm_op_Read.ap_auto.i31, i31 %trunc_ln"   --->   Operation 31 'read' 'trunc_ln_read' <Predicate = true> <Delay = 0.00>
ST_1 : Operation 32 [1/1] (0.00ns)   --->   "%input_rgb_read = read i64 @_ssdm_op_Read.ap_auto.i64, i64 %input_rgb"   --->   Operation 32 'read' 'input_rgb_read' <Predicate = true> <Delay = 0.00>
ST_1 : Operation 33 [1/1] (1.58ns)   --->   "%store_ln0 = store i19 0, i19 %i"   --->   Operation 33 'store' 'store_ln0' <Predicate = true> <Delay = 1.58>
ST_1 : Operation 34 [1/1] (0.00ns)   --->   "%br_ln0 = br void %for.inc"   --->   Operation 34 'br' 'br_ln0' <Predicate = true> <Delay = 0.00>
ST_1 : Operation 35 [1/1] (0.00ns)   --->   "%i_2 = load i19 %i" [card_recognizer_hls.cpp:105]   --->   Operation 35 'load' 'i_2' <Predicate = true> <Delay = 0.00>
ST_1 : Operation 36 [1/1] (0.00ns)   --->   "%zext_ln105_1 = zext i19 %i_2" [card_recognizer_hls.cpp:105]   --->   Operation 36 'zext' 'zext_ln105_1' <Predicate = true> <Delay = 0.00>
ST_1 : Operation 37 [1/1] (2.47ns)   --->   "%icmp_ln105 = icmp_eq  i31 %zext_ln105_1, i31 %trunc_ln_read" [card_recognizer_hls.cpp:105]   --->   Operation 37 'icmp' 'icmp_ln105' <Predicate = true> <Delay = 2.47> <CoreInst = "Cmp">   --->   Core 9 'Cmp' <Latency = 0> <II = 1> <Delay = 2.47> <FuncUnit> <Opcode : 'icmp'> <InPorts = 2> <OutPorts = 1>
ST_1 : Operation 38 [1/1] (0.00ns)   --->   "%br_ln105 = br i1 %icmp_ln105, void %for.inc.split, void %for.inc34.preheader.exitStub" [card_recognizer_hls.cpp:105]   --->   Operation 38 'br' 'br_ln105' <Predicate = true> <Delay = 0.00>

State 2 <SV = 1> <Delay = 7.30>
ST_2 : Operation 39 [1/1] (0.00ns)   --->   "%specbitsmap_ln0 = specbitsmap void @_ssdm_op_SpecBitsMap, i8 %gmem"   --->   Operation 39 'specbitsmap' 'specbitsmap_ln0' <Predicate = true> <Delay = 0.00>
ST_2 : Operation 40 [1/1] (0.00ns)   --->   "%gmem_addr = getelementptr i8 %gmem, i64 %input_rgb_read" [card_recognizer_hls.cpp:105]   --->   Operation 40 'getelementptr' 'gmem_addr' <Predicate = true> <Delay = 0.00>
ST_2 : Operation 41 [1/1] (0.00ns)   --->   "%empty = speclooptripcount i32 @_ssdm_op_SpecLoopTripCount, i64 1, i64 18446744073709551615, i64 0"   --->   Operation 41 'speclooptripcount' 'empty' <Predicate = true> <Delay = 0.00>
ST_2 : Operation 42 [1/1] (2.16ns)   --->   "%add_ln105 = add i19 %i_2, i19 1" [card_recognizer_hls.cpp:105]   --->   Operation 42 'add' 'add_ln105' <Predicate = true> <Delay = 2.16> <CoreInst = "Adder">   --->   Core 1 'Adder' <Latency = 0> <II = 1> <Delay = 2.16> <FuncUnit> <Opcode : 'add' 'sub'> <InPorts = 2> <OutPorts = 1>
ST_2 : Operation 43 [1/1] (7.30ns)   --->   "%r = read i8 @_ssdm_op_Read.m_axi.p1i8, i8 %gmem_addr" [card_recognizer_hls.cpp:107]   --->   Operation 43 'read' 'r' <Predicate = (!icmp_ln105)> <Delay = 7.30> <CoreInst = "m_axi">   --->   Core 113 'm_axi' <Latency = 0> <II = 1> <Delay = 1.00> <Adapter> <Opcode : 'read' 'write' 'readreq' 'writereq' 'writeresp'>
ST_2 : Operation 44 [1/1] (1.58ns)   --->   "%store_ln105 = store i19 %add_ln105, i19 %i" [card_recognizer_hls.cpp:105]   --->   Operation 44 'store' 'store_ln105' <Predicate = (!icmp_ln105)> <Delay = 1.58>

State 3 <SV = 2> <Delay = 7.30>
ST_3 : Operation 45 [1/1] (7.30ns)   --->   "%g = read i8 @_ssdm_op_Read.m_axi.p1i8, i8 %gmem_addr" [card_recognizer_hls.cpp:107]   --->   Operation 45 'read' 'g' <Predicate = (!icmp_ln105)> <Delay = 7.30> <CoreInst = "m_axi">   --->   Core 113 'm_axi' <Latency = 0> <II = 1> <Delay = 1.00> <Adapter> <Opcode : 'read' 'write' 'readreq' 'writereq' 'writeresp'>
ST_3 : Operation 46 [1/1] (0.00ns)   --->   "%zext_ln110 = zext i8 %r" [card_recognizer_hls.cpp:110]   --->   Operation 46 'zext' 'zext_ln110' <Predicate = (!icmp_ln105)> <Delay = 0.00>
ST_3 : Operation 47 [6/6] (6.41ns)   --->   "%conv9 = sitofp i32 %zext_ln110" [card_recognizer_hls.cpp:110]   --->   Operation 47 'sitofp' 'conv9' <Predicate = (!icmp_ln105)> <Delay = 6.41> <CoreInst = "Int2Float">   --->   Core 62 'Int2Float' <Latency = 5> <II = 1> <Delay = 6.41> <FuncUnit> <Opcode : 'sitofp' 'uitofp'> <InPorts = 1> <OutPorts = 1>

State 4 <SV = 3> <Delay = 7.30>
ST_4 : Operation 48 [1/1] (7.30ns)   --->   "%b = read i8 @_ssdm_op_Read.m_axi.p1i8, i8 %gmem_addr" [card_recognizer_hls.cpp:107]   --->   Operation 48 'read' 'b' <Predicate = true> <Delay = 7.30> <CoreInst = "m_axi">   --->   Core 113 'm_axi' <Latency = 0> <II = 1> <Delay = 1.00> <Adapter> <Opcode : 'read' 'write' 'readreq' 'writereq' 'writeresp'>
ST_4 : Operation 49 [5/6] (6.41ns)   --->   "%conv9 = sitofp i32 %zext_ln110" [card_recognizer_hls.cpp:110]   --->   Operation 49 'sitofp' 'conv9' <Predicate = true> <Delay = 6.41> <CoreInst = "Int2Float">   --->   Core 62 'Int2Float' <Latency = 5> <II = 1> <Delay = 6.41> <FuncUnit> <Opcode : 'sitofp' 'uitofp'> <InPorts = 1> <OutPorts = 1>
ST_4 : Operation 50 [1/1] (0.00ns)   --->   "%zext_ln110_1 = zext i8 %g" [card_recognizer_hls.cpp:110]   --->   Operation 50 'zext' 'zext_ln110_1' <Predicate = true> <Delay = 0.00>
ST_4 : Operation 51 [6/6] (6.41ns)   --->   "%conv = sitofp i32 %zext_ln110_1" [card_recognizer_hls.cpp:110]   --->   Operation 51 'sitofp' 'conv' <Predicate = true> <Delay = 6.41> <CoreInst = "Int2Float">   --->   Core 62 'Int2Float' <Latency = 5> <II = 1> <Delay = 6.41> <FuncUnit> <Opcode : 'sitofp' 'uitofp'> <InPorts = 1> <OutPorts = 1>

State 5 <SV = 4> <Delay = 6.41>
ST_5 : Operation 52 [4/6] (6.41ns)   --->   "%conv9 = sitofp i32 %zext_ln110" [card_recognizer_hls.cpp:110]   --->   Operation 52 'sitofp' 'conv9' <Predicate = true> <Delay = 6.41> <CoreInst = "Int2Float">   --->   Core 62 'Int2Float' <Latency = 5> <II = 1> <Delay = 6.41> <FuncUnit> <Opcode : 'sitofp' 'uitofp'> <InPorts = 1> <OutPorts = 1>
ST_5 : Operation 53 [5/6] (6.41ns)   --->   "%conv = sitofp i32 %zext_ln110_1" [card_recognizer_hls.cpp:110]   --->   Operation 53 'sitofp' 'conv' <Predicate = true> <Delay = 6.41> <CoreInst = "Int2Float">   --->   Core 62 'Int2Float' <Latency = 5> <II = 1> <Delay = 6.41> <FuncUnit> <Opcode : 'sitofp' 'uitofp'> <InPorts = 1> <OutPorts = 1>
ST_5 : Operation 54 [1/1] (0.00ns)   --->   "%zext_ln110_2 = zext i8 %b" [card_recognizer_hls.cpp:110]   --->   Operation 54 'zext' 'zext_ln110_2' <Predicate = true> <Delay = 0.00>
ST_5 : Operation 55 [6/6] (6.41ns)   --->   "%conv4 = sitofp i32 %zext_ln110_2" [card_recognizer_hls.cpp:110]   --->   Operation 55 'sitofp' 'conv4' <Predicate = true> <Delay = 6.41> <CoreInst = "Int2Float">   --->   Core 62 'Int2Float' <Latency = 5> <II = 1> <Delay = 6.41> <FuncUnit> <Opcode : 'sitofp' 'uitofp'> <InPorts = 1> <OutPorts = 1>

State 6 <SV = 5> <Delay = 6.41>
ST_6 : Operation 56 [3/6] (6.41ns)   --->   "%conv9 = sitofp i32 %zext_ln110" [card_recognizer_hls.cpp:110]   --->   Operation 56 'sitofp' 'conv9' <Predicate = true> <Delay = 6.41> <CoreInst = "Int2Float">   --->   Core 62 'Int2Float' <Latency = 5> <II = 1> <Delay = 6.41> <FuncUnit> <Opcode : 'sitofp' 'uitofp'> <InPorts = 1> <OutPorts = 1>
ST_6 : Operation 57 [4/6] (6.41ns)   --->   "%conv = sitofp i32 %zext_ln110_1" [card_recognizer_hls.cpp:110]   --->   Operation 57 'sitofp' 'conv' <Predicate = true> <Delay = 6.41> <CoreInst = "Int2Float">   --->   Core 62 'Int2Float' <Latency = 5> <II = 1> <Delay = 6.41> <FuncUnit> <Opcode : 'sitofp' 'uitofp'> <InPorts = 1> <OutPorts = 1>
ST_6 : Operation 58 [5/6] (6.41ns)   --->   "%conv4 = sitofp i32 %zext_ln110_2" [card_recognizer_hls.cpp:110]   --->   Operation 58 'sitofp' 'conv4' <Predicate = true> <Delay = 6.41> <CoreInst = "Int2Float">   --->   Core 62 'Int2Float' <Latency = 5> <II = 1> <Delay = 6.41> <FuncUnit> <Opcode : 'sitofp' 'uitofp'> <InPorts = 1> <OutPorts = 1>

State 7 <SV = 6> <Delay = 6.41>
ST_7 : Operation 59 [2/6] (6.41ns)   --->   "%conv9 = sitofp i32 %zext_ln110" [card_recognizer_hls.cpp:110]   --->   Operation 59 'sitofp' 'conv9' <Predicate = true> <Delay = 6.41> <CoreInst = "Int2Float">   --->   Core 62 'Int2Float' <Latency = 5> <II = 1> <Delay = 6.41> <FuncUnit> <Opcode : 'sitofp' 'uitofp'> <InPorts = 1> <OutPorts = 1>
ST_7 : Operation 60 [3/6] (6.41ns)   --->   "%conv = sitofp i32 %zext_ln110_1" [card_recognizer_hls.cpp:110]   --->   Operation 60 'sitofp' 'conv' <Predicate = true> <Delay = 6.41> <CoreInst = "Int2Float">   --->   Core 62 'Int2Float' <Latency = 5> <II = 1> <Delay = 6.41> <FuncUnit> <Opcode : 'sitofp' 'uitofp'> <InPorts = 1> <OutPorts = 1>
ST_7 : Operation 61 [4/6] (6.41ns)   --->   "%conv4 = sitofp i32 %zext_ln110_2" [card_recognizer_hls.cpp:110]   --->   Operation 61 'sitofp' 'conv4' <Predicate = true> <Delay = 6.41> <CoreInst = "Int2Float">   --->   Core 62 'Int2Float' <Latency = 5> <II = 1> <Delay = 6.41> <FuncUnit> <Opcode : 'sitofp' 'uitofp'> <InPorts = 1> <OutPorts = 1>

State 8 <SV = 7> <Delay = 6.41>
ST_8 : Operation 62 [1/6] (6.41ns)   --->   "%conv9 = sitofp i32 %zext_ln110" [card_recognizer_hls.cpp:110]   --->   Operation 62 'sitofp' 'conv9' <Predicate = true> <Delay = 6.41> <CoreInst = "Int2Float">   --->   Core 62 'Int2Float' <Latency = 5> <II = 1> <Delay = 6.41> <FuncUnit> <Opcode : 'sitofp' 'uitofp'> <InPorts = 1> <OutPorts = 1>
ST_8 : Operation 63 [2/6] (6.41ns)   --->   "%conv = sitofp i32 %zext_ln110_1" [card_recognizer_hls.cpp:110]   --->   Operation 63 'sitofp' 'conv' <Predicate = true> <Delay = 6.41> <CoreInst = "Int2Float">   --->   Core 62 'Int2Float' <Latency = 5> <II = 1> <Delay = 6.41> <FuncUnit> <Opcode : 'sitofp' 'uitofp'> <InPorts = 1> <OutPorts = 1>
ST_8 : Operation 64 [3/6] (6.41ns)   --->   "%conv4 = sitofp i32 %zext_ln110_2" [card_recognizer_hls.cpp:110]   --->   Operation 64 'sitofp' 'conv4' <Predicate = true> <Delay = 6.41> <CoreInst = "Int2Float">   --->   Core 62 'Int2Float' <Latency = 5> <II = 1> <Delay = 6.41> <FuncUnit> <Opcode : 'sitofp' 'uitofp'> <InPorts = 1> <OutPorts = 1>

State 9 <SV = 8> <Delay = 6.41>
ST_9 : Operation 65 [4/4] (5.70ns)   --->   "%mul = fmul i32 %conv9, i32 0.299" [card_recognizer_hls.cpp:110]   --->   Operation 65 'fmul' 'mul' <Predicate = true> <Delay = 5.70> <CoreInst = "FMul_maxdsp">   --->   Core 30 'FMul_maxdsp' <Latency = 3> <II = 1> <Delay = 5.70> <FuncUnit> <Opcode : 'fmul'> <InPorts = 2> <OutPorts = 1>
ST_9 : Operation 66 [1/6] (6.41ns)   --->   "%conv = sitofp i32 %zext_ln110_1" [card_recognizer_hls.cpp:110]   --->   Operation 66 'sitofp' 'conv' <Predicate = true> <Delay = 6.41> <CoreInst = "Int2Float">   --->   Core 62 'Int2Float' <Latency = 5> <II = 1> <Delay = 6.41> <FuncUnit> <Opcode : 'sitofp' 'uitofp'> <InPorts = 1> <OutPorts = 1>
ST_9 : Operation 67 [2/6] (6.41ns)   --->   "%conv4 = sitofp i32 %zext_ln110_2" [card_recognizer_hls.cpp:110]   --->   Operation 67 'sitofp' 'conv4' <Predicate = true> <Delay = 6.41> <CoreInst = "Int2Float">   --->   Core 62 'Int2Float' <Latency = 5> <II = 1> <Delay = 6.41> <FuncUnit> <Opcode : 'sitofp' 'uitofp'> <InPorts = 1> <OutPorts = 1>

State 10 <SV = 9> <Delay = 6.41>
ST_10 : Operation 68 [3/4] (5.70ns)   --->   "%mul = fmul i32 %conv9, i32 0.299" [card_recognizer_hls.cpp:110]   --->   Operation 68 'fmul' 'mul' <Predicate = true> <Delay = 5.70> <CoreInst = "FMul_maxdsp">   --->   Core 30 'FMul_maxdsp' <Latency = 3> <II = 1> <Delay = 5.70> <FuncUnit> <Opcode : 'fmul'> <InPorts = 2> <OutPorts = 1>
ST_10 : Operation 69 [4/4] (5.70ns)   --->   "%mul1 = fmul i32 %conv, i32 0.587" [card_recognizer_hls.cpp:110]   --->   Operation 69 'fmul' 'mul1' <Predicate = true> <Delay = 5.70> <CoreInst = "FMul_maxdsp">   --->   Core 30 'FMul_maxdsp' <Latency = 3> <II = 1> <Delay = 5.70> <FuncUnit> <Opcode : 'fmul'> <InPorts = 2> <OutPorts = 1>
ST_10 : Operation 70 [1/6] (6.41ns)   --->   "%conv4 = sitofp i32 %zext_ln110_2" [card_recognizer_hls.cpp:110]   --->   Operation 70 'sitofp' 'conv4' <Predicate = true> <Delay = 6.41> <CoreInst = "Int2Float">   --->   Core 62 'Int2Float' <Latency = 5> <II = 1> <Delay = 6.41> <FuncUnit> <Opcode : 'sitofp' 'uitofp'> <InPorts = 1> <OutPorts = 1>

State 11 <SV = 10> <Delay = 5.70>
ST_11 : Operation 71 [2/4] (5.70ns)   --->   "%mul = fmul i32 %conv9, i32 0.299" [card_recognizer_hls.cpp:110]   --->   Operation 71 'fmul' 'mul' <Predicate = true> <Delay = 5.70> <CoreInst = "FMul_maxdsp">   --->   Core 30 'FMul_maxdsp' <Latency = 3> <II = 1> <Delay = 5.70> <FuncUnit> <Opcode : 'fmul'> <InPorts = 2> <OutPorts = 1>
ST_11 : Operation 72 [3/4] (5.70ns)   --->   "%mul1 = fmul i32 %conv, i32 0.587" [card_recognizer_hls.cpp:110]   --->   Operation 72 'fmul' 'mul1' <Predicate = true> <Delay = 5.70> <CoreInst = "FMul_maxdsp">   --->   Core 30 'FMul_maxdsp' <Latency = 3> <II = 1> <Delay = 5.70> <FuncUnit> <Opcode : 'fmul'> <InPorts = 2> <OutPorts = 1>
ST_11 : Operation 73 [4/4] (5.70ns)   --->   "%mul2 = fmul i32 %conv4, i32 0.114" [card_recognizer_hls.cpp:110]   --->   Operation 73 'fmul' 'mul2' <Predicate = true> <Delay = 5.70> <CoreInst = "FMul_maxdsp">   --->   Core 30 'FMul_maxdsp' <Latency = 3> <II = 1> <Delay = 5.70> <FuncUnit> <Opcode : 'fmul'> <InPorts = 2> <OutPorts = 1>

State 12 <SV = 11> <Delay = 5.70>
ST_12 : Operation 74 [1/4] (5.70ns)   --->   "%mul = fmul i32 %conv9, i32 0.299" [card_recognizer_hls.cpp:110]   --->   Operation 74 'fmul' 'mul' <Predicate = true> <Delay = 5.70> <CoreInst = "FMul_maxdsp">   --->   Core 30 'FMul_maxdsp' <Latency = 3> <II = 1> <Delay = 5.70> <FuncUnit> <Opcode : 'fmul'> <InPorts = 2> <OutPorts = 1>
ST_12 : Operation 75 [2/4] (5.70ns)   --->   "%mul1 = fmul i32 %conv, i32 0.587" [card_recognizer_hls.cpp:110]   --->   Operation 75 'fmul' 'mul1' <Predicate = true> <Delay = 5.70> <CoreInst = "FMul_maxdsp">   --->   Core 30 'FMul_maxdsp' <Latency = 3> <II = 1> <Delay = 5.70> <FuncUnit> <Opcode : 'fmul'> <InPorts = 2> <OutPorts = 1>
ST_12 : Operation 76 [3/4] (5.70ns)   --->   "%mul2 = fmul i32 %conv4, i32 0.114" [card_recognizer_hls.cpp:110]   --->   Operation 76 'fmul' 'mul2' <Predicate = true> <Delay = 5.70> <CoreInst = "FMul_maxdsp">   --->   Core 30 'FMul_maxdsp' <Latency = 3> <II = 1> <Delay = 5.70> <FuncUnit> <Opcode : 'fmul'> <InPorts = 2> <OutPorts = 1>

State 13 <SV = 12> <Delay = 5.70>
ST_13 : Operation 77 [1/4] (5.70ns)   --->   "%mul1 = fmul i32 %conv, i32 0.587" [card_recognizer_hls.cpp:110]   --->   Operation 77 'fmul' 'mul1' <Predicate = true> <Delay = 5.70> <CoreInst = "FMul_maxdsp">   --->   Core 30 'FMul_maxdsp' <Latency = 3> <II = 1> <Delay = 5.70> <FuncUnit> <Opcode : 'fmul'> <InPorts = 2> <OutPorts = 1>
ST_13 : Operation 78 [2/4] (5.70ns)   --->   "%mul2 = fmul i32 %conv4, i32 0.114" [card_recognizer_hls.cpp:110]   --->   Operation 78 'fmul' 'mul2' <Predicate = true> <Delay = 5.70> <CoreInst = "FMul_maxdsp">   --->   Core 30 'FMul_maxdsp' <Latency = 3> <II = 1> <Delay = 5.70> <FuncUnit> <Opcode : 'fmul'> <InPorts = 2> <OutPorts = 1>

State 14 <SV = 13> <Delay = 7.25>
ST_14 : Operation 79 [5/5] (7.25ns)   --->   "%add = fadd i32 %mul, i32 %mul1" [card_recognizer_hls.cpp:110]   --->   Operation 79 'fadd' 'add' <Predicate = true> <Delay = 7.25> <CoreInst = "FAddSub_fulldsp">   --->   Core 18 'FAddSub_fulldsp' <Latency = 4> <II = 1> <Delay = 7.25> <FuncUnit> <Opcode : 'fadd' 'fsub'> <InPorts = 2> <OutPorts = 1>
ST_14 : Operation 80 [1/4] (5.70ns)   --->   "%mul2 = fmul i32 %conv4, i32 0.114" [card_recognizer_hls.cpp:110]   --->   Operation 80 'fmul' 'mul2' <Predicate = true> <Delay = 5.70> <CoreInst = "FMul_maxdsp">   --->   Core 30 'FMul_maxdsp' <Latency = 3> <II = 1> <Delay = 5.70> <FuncUnit> <Opcode : 'fmul'> <InPorts = 2> <OutPorts = 1>

State 15 <SV = 14> <Delay = 7.25>
ST_15 : Operation 81 [4/5] (7.25ns)   --->   "%add = fadd i32 %mul, i32 %mul1" [card_recognizer_hls.cpp:110]   --->   Operation 81 'fadd' 'add' <Predicate = true> <Delay = 7.25> <CoreInst = "FAddSub_fulldsp">   --->   Core 18 'FAddSub_fulldsp' <Latency = 4> <II = 1> <Delay = 7.25> <FuncUnit> <Opcode : 'fadd' 'fsub'> <InPorts = 2> <OutPorts = 1>

State 16 <SV = 15> <Delay = 7.25>
ST_16 : Operation 82 [3/5] (7.25ns)   --->   "%add = fadd i32 %mul, i32 %mul1" [card_recognizer_hls.cpp:110]   --->   Operation 82 'fadd' 'add' <Predicate = true> <Delay = 7.25> <CoreInst = "FAddSub_fulldsp">   --->   Core 18 'FAddSub_fulldsp' <Latency = 4> <II = 1> <Delay = 7.25> <FuncUnit> <Opcode : 'fadd' 'fsub'> <InPorts = 2> <OutPorts = 1>

State 17 <SV = 16> <Delay = 7.25>
ST_17 : Operation 83 [2/5] (7.25ns)   --->   "%add = fadd i32 %mul, i32 %mul1" [card_recognizer_hls.cpp:110]   --->   Operation 83 'fadd' 'add' <Predicate = true> <Delay = 7.25> <CoreInst = "FAddSub_fulldsp">   --->   Core 18 'FAddSub_fulldsp' <Latency = 4> <II = 1> <Delay = 7.25> <FuncUnit> <Opcode : 'fadd' 'fsub'> <InPorts = 2> <OutPorts = 1>

State 18 <SV = 17> <Delay = 7.25>
ST_18 : Operation 84 [1/5] (7.25ns)   --->   "%add = fadd i32 %mul, i32 %mul1" [card_recognizer_hls.cpp:110]   --->   Operation 84 'fadd' 'add' <Predicate = true> <Delay = 7.25> <CoreInst = "FAddSub_fulldsp">   --->   Core 18 'FAddSub_fulldsp' <Latency = 4> <II = 1> <Delay = 7.25> <FuncUnit> <Opcode : 'fadd' 'fsub'> <InPorts = 2> <OutPorts = 1>

State 19 <SV = 18> <Delay = 7.25>
ST_19 : Operation 85 [5/5] (7.25ns)   --->   "%dc = fadd i32 %add, i32 %mul2" [card_recognizer_hls.cpp:110]   --->   Operation 85 'fadd' 'dc' <Predicate = true> <Delay = 7.25> <CoreInst = "FAddSub_fulldsp">   --->   Core 18 'FAddSub_fulldsp' <Latency = 4> <II = 1> <Delay = 7.25> <FuncUnit> <Opcode : 'fadd' 'fsub'> <InPorts = 2> <OutPorts = 1>

State 20 <SV = 19> <Delay = 7.25>
ST_20 : Operation 86 [4/5] (7.25ns)   --->   "%dc = fadd i32 %add, i32 %mul2" [card_recognizer_hls.cpp:110]   --->   Operation 86 'fadd' 'dc' <Predicate = true> <Delay = 7.25> <CoreInst = "FAddSub_fulldsp">   --->   Core 18 'FAddSub_fulldsp' <Latency = 4> <II = 1> <Delay = 7.25> <FuncUnit> <Opcode : 'fadd' 'fsub'> <InPorts = 2> <OutPorts = 1>

State 21 <SV = 20> <Delay = 7.25>
ST_21 : Operation 87 [3/5] (7.25ns)   --->   "%dc = fadd i32 %add, i32 %mul2" [card_recognizer_hls.cpp:110]   --->   Operation 87 'fadd' 'dc' <Predicate = true> <Delay = 7.25> <CoreInst = "FAddSub_fulldsp">   --->   Core 18 'FAddSub_fulldsp' <Latency = 4> <II = 1> <Delay = 7.25> <FuncUnit> <Opcode : 'fadd' 'fsub'> <InPorts = 2> <OutPorts = 1>

State 22 <SV = 21> <Delay = 7.25>
ST_22 : Operation 88 [2/5] (7.25ns)   --->   "%dc = fadd i32 %add, i32 %mul2" [card_recognizer_hls.cpp:110]   --->   Operation 88 'fadd' 'dc' <Predicate = true> <Delay = 7.25> <CoreInst = "FAddSub_fulldsp">   --->   Core 18 'FAddSub_fulldsp' <Latency = 4> <II = 1> <Delay = 7.25> <FuncUnit> <Opcode : 'fadd' 'fsub'> <InPorts = 2> <OutPorts = 1>

State 23 <SV = 22> <Delay = 7.25>
ST_23 : Operation 89 [1/5] (7.25ns)   --->   "%dc = fadd i32 %add, i32 %mul2" [card_recognizer_hls.cpp:110]   --->   Operation 89 'fadd' 'dc' <Predicate = true> <Delay = 7.25> <CoreInst = "FAddSub_fulldsp">   --->   Core 18 'FAddSub_fulldsp' <Latency = 4> <II = 1> <Delay = 7.25> <FuncUnit> <Opcode : 'fadd' 'fsub'> <InPorts = 2> <OutPorts = 1>
ST_23 : Operation 90 [1/1] (0.00ns)   --->   "%data_V = bitcast i32 %dc" [C:\scratch\2022.2\hls_product\608\2022.2\src\shared\hls\clib/src/hls\utils/x_hls_utils.h:317]   --->   Operation 90 'bitcast' 'data_V' <Predicate = true> <Delay = 0.00>
ST_23 : Operation 91 [1/1] (0.00ns)   --->   "%xs_exp_V = partselect i8 @_ssdm_op_PartSelect.i8.i32.i32.i32, i32 %data_V, i32 23, i32 30"   --->   Operation 91 'partselect' 'xs_exp_V' <Predicate = true> <Delay = 0.00>
ST_23 : Operation 92 [1/1] (0.00ns)   --->   "%p_Result_s = trunc i32 %data_V"   --->   Operation 92 'trunc' 'p_Result_s' <Predicate = true> <Delay = 0.00>
ST_23 : Operation 115 [1/1] (0.00ns)   --->   "%ret_ln0 = ret"   --->   Operation 115 'ret' 'ret_ln0' <Predicate = (icmp_ln105)> <Delay = 0.00>

State 24 <SV = 23> <Delay = 2.88>
ST_24 : Operation 93 [1/1] (0.00ns)   --->   "%zext_ln346 = zext i8 %xs_exp_V" [C:\scratch\2022.2\hls_product\608\2022.2\src\shared\hls\clib/src/hls\utils/x_hls_utils.h:346]   --->   Operation 93 'zext' 'zext_ln346' <Predicate = true> <Delay = 0.00>
ST_24 : Operation 94 [1/1] (1.91ns)   --->   "%add_ln346 = add i9 %zext_ln346, i9 385" [C:\scratch\2022.2\hls_product\608\2022.2\src\shared\hls\clib/src/hls\utils/x_hls_utils.h:346]   --->   Operation 94 'add' 'add_ln346' <Predicate = true> <Delay = 1.91> <CoreInst = "Adder">   --->   Core 1 'Adder' <Latency = 0> <II = 1> <Delay = 1.91> <FuncUnit> <Opcode : 'add' 'sub'> <InPorts = 2> <OutPorts = 1>
ST_24 : Operation 95 [1/1] (0.00ns)   --->   "%isNeg = bitselect i1 @_ssdm_op_BitSelect.i1.i9.i32, i9 %add_ln346, i32 8"   --->   Operation 95 'bitselect' 'isNeg' <Predicate = true> <Delay = 0.00>
ST_24 : Operation 96 [1/1] (1.91ns)   --->   "%sub_ln1512 = sub i8 127, i8 %xs_exp_V"   --->   Operation 96 'sub' 'sub_ln1512' <Predicate = true> <Delay = 1.91> <CoreInst = "Adder">   --->   Core 1 'Adder' <Latency = 0> <II = 1> <Delay = 1.91> <FuncUnit> <Opcode : 'add' 'sub'> <InPorts = 2> <OutPorts = 1>
ST_24 : Operation 97 [1/1] (0.00ns)   --->   "%sext_ln1512 = sext i8 %sub_ln1512"   --->   Operation 97 'sext' 'sext_ln1512' <Predicate = true> <Delay = 0.00>
ST_24 : Operation 98 [1/1] (0.96ns)   --->   "%ush = select i1 %isNeg, i9 %sext_ln1512, i9 %add_ln346"   --->   Operation 98 'select' 'ush' <Predicate = true> <Delay = 0.96> <CoreInst = "Sel">   --->   Core 73 'Sel' <Latency = 0> <II = 1> <Delay = 0.96> <FuncUnit> <Opcode : 'select'> <InPorts = 3> <OutPorts = 1>

State 25 <SV = 24> <Delay = 4.42>
ST_25 : Operation 99 [1/1] (0.00ns)   --->   "%mantissa = bitconcatenate i25 @_ssdm_op_BitConcatenate.i25.i1.i23.i1, i1 1, i23 %p_Result_s, i1 0" [C:\scratch\2022.2\hls_product\608\2022.2\src\shared\hls\clib/hlsmath/include/FloatingPoint\hls_case_IEEE754.h:68]   --->   Operation 99 'bitconcatenate' 'mantissa' <Predicate = true> <Delay = 0.00>
ST_25 : Operation 100 [1/1] (0.00ns)   --->   "%zext_ln68 = zext i25 %mantissa" [C:\scratch\2022.2\hls_product\608\2022.2\src\shared\hls\clib/hlsmath/include/FloatingPoint\hls_case_IEEE754.h:68]   --->   Operation 100 'zext' 'zext_ln68' <Predicate = true> <Delay = 0.00>
ST_25 : Operation 101 [1/1] (0.00ns)   --->   "%sext_ln1488 = sext i9 %ush"   --->   Operation 101 'sext' 'sext_ln1488' <Predicate = true> <Delay = 0.00>
ST_25 : Operation 102 [1/1] (0.00ns)   --->   "%zext_ln1488 = zext i32 %sext_ln1488"   --->   Operation 102 'zext' 'zext_ln1488' <Predicate = true> <Delay = 0.00>
ST_25 : Operation 103 [1/1] (0.00ns) (grouped into LUT with out node val)   --->   "%r_V = lshr i55 %zext_ln68, i55 %zext_ln1488"   --->   Operation 103 'lshr' 'r_V' <Predicate = (isNeg)> <Delay = 0.00> <CoreInst = "Shifter">   --->   Core 75 'Shifter' <Latency = 0> <II = 1> <Delay = 4.42> <FuncUnit> <Opcode : 'shl' 'lshr' 'ashr'> <InPorts = 2> <OutPorts = 1>
ST_25 : Operation 104 [1/1] (0.00ns) (grouped into LUT with out node val)   --->   "%r_V_4 = shl i55 %zext_ln68, i55 %zext_ln1488"   --->   Operation 104 'shl' 'r_V_4' <Predicate = (!isNeg)> <Delay = 0.00> <CoreInst = "Shifter">   --->   Core 75 'Shifter' <Latency = 0> <II = 1> <Delay = 4.42> <FuncUnit> <Opcode : 'shl' 'lshr' 'ashr'> <InPorts = 2> <OutPorts = 1>
ST_25 : Operation 105 [1/1] (0.00ns) (grouped into LUT with out node val)   --->   "%tmp = bitselect i1 @_ssdm_op_BitSelect.i1.i55.i32, i55 %r_V, i32 24"   --->   Operation 105 'bitselect' 'tmp' <Predicate = (isNeg)> <Delay = 0.00>
ST_25 : Operation 106 [1/1] (0.00ns) (grouped into LUT with out node val)   --->   "%zext_ln818 = zext i1 %tmp"   --->   Operation 106 'zext' 'zext_ln818' <Predicate = (isNeg)> <Delay = 0.00>
ST_25 : Operation 107 [1/1] (0.00ns) (grouped into LUT with out node val)   --->   "%tmp_7 = partselect i8 @_ssdm_op_PartSelect.i8.i55.i32.i32, i55 %r_V_4, i32 24, i32 31"   --->   Operation 107 'partselect' 'tmp_7' <Predicate = (!isNeg)> <Delay = 0.00>
ST_25 : Operation 108 [1/1] (4.42ns) (out node of the LUT)   --->   "%val = select i1 %isNeg, i8 %zext_ln818, i8 %tmp_7"   --->   Operation 108 'select' 'val' <Predicate = true> <Delay = 4.42> <CoreInst = "Sel">   --->   Core 73 'Sel' <Latency = 0> <II = 1> <Delay = 1.24> <FuncUnit> <Opcode : 'select'> <InPorts = 3> <OutPorts = 1>

State 26 <SV = 25> <Delay = 3.25>
ST_26 : Operation 109 [1/1] (0.00ns)   --->   "%zext_ln105 = zext i19 %i_2" [card_recognizer_hls.cpp:105]   --->   Operation 109 'zext' 'zext_ln105' <Predicate = true> <Delay = 0.00>
ST_26 : Operation 110 [1/1] (0.00ns)   --->   "%specpipeline_ln106 = specpipeline void @_ssdm_op_SpecPipeline, i32 1, i32 0, i32 0, i32 0, void @empty_0" [card_recognizer_hls.cpp:106]   --->   Operation 110 'specpipeline' 'specpipeline_ln106' <Predicate = true> <Delay = 0.00>
ST_26 : Operation 111 [1/1] (0.00ns)   --->   "%specloopname_ln105 = specloopname void @_ssdm_op_SpecLoopName, void @empty_17" [card_recognizer_hls.cpp:105]   --->   Operation 111 'specloopname' 'specloopname_ln105' <Predicate = true> <Delay = 0.00>
ST_26 : Operation 112 [1/1] (0.00ns)   --->   "%gray_addr = getelementptr i8 %gray, i64 0, i64 %zext_ln105" [card_recognizer_hls.cpp:110]   --->   Operation 112 'getelementptr' 'gray_addr' <Predicate = true> <Delay = 0.00>
ST_26 : Operation 113 [1/1] (3.25ns)   --->   "%store_ln110 = store i8 %val, i19 %gray_addr" [card_recognizer_hls.cpp:110]   --->   Operation 113 'store' 'store_ln110' <Predicate = true> <Delay = 3.25> <CoreInst = "RAM">   --->   Core 82 'RAM' <Latency = 1> <II = 1> <Delay = 3.25> <Storage> <Opcode : 'load' 'store'> <Ports = 2> <Width = 8> <Depth = 307200> <RAM>
ST_26 : Operation 114 [1/1] (0.00ns)   --->   "%br_ln105 = br void %for.inc" [card_recognizer_hls.cpp:105]   --->   Operation 114 'br' 'br_ln105' <Predicate = true> <Delay = 0.00>


============================================================
+ Verbose Summary: Binding
============================================================
STG Binding: 
---------------- STG Properties BEGIN ----------------
- Is combinational: 0
- Is one-state seq: 0
- Is datapath-only: 0
- Is pipelined: 0
- Is top level: 0
Port [ Return ] is wired: 1; IO mode=ap_ctrl_hs:ce=0
Port [ gmem]:  wired=1; compound=1; hidden=0; nouse=0; global=0; static=0; extern=0; dir=0; type=4; pingpong=0; private_global=0; IO mode=m_axi:ce=0
Port [ input_rgb]:  wired=1; compound=0; hidden=0; nouse=0; global=0; static=0; extern=0; dir=0; type=0; pingpong=0; private_global=0; IO mode=ap_none:ce=0
Port [ trunc_ln]:  wired=1; compound=0; hidden=0; nouse=0; global=0; static=0; extern=0; dir=0; type=0; pingpong=0; private_global=0; IO mode=ap_none:ce=0
Port [ gray]:  wired=1; compound=1; hidden=0; nouse=0; global=1; static=1; extern=0; dir=1; type=1; pingpong=0; private_global=0; MemPort=[03]; IO mode=ap_memory:ce=0
---------------- STG Properties END ------------------

---------------- Datapath Model BEGIN ----------------

<LifeTime>
<method=bitvector/>
i                  (alloca           ) [ 011000000000000000000000000]
specinterface_ln0  (specinterface    ) [ 000000000000000000000000000]
trunc_ln_read      (read             ) [ 000000000000000000000000000]
input_rgb_read     (read             ) [ 001000000000000000000000000]
store_ln0          (store            ) [ 000000000000000000000000000]
br_ln0             (br               ) [ 000000000000000000000000000]
i_2                (load             ) [ 011111111111111111111111111]
zext_ln105_1       (zext             ) [ 000000000000000000000000000]
icmp_ln105         (icmp             ) [ 011111111111111111111111000]
br_ln105           (br               ) [ 000000000000000000000000000]
specbitsmap_ln0    (specbitsmap      ) [ 000000000000000000000000000]
gmem_addr          (getelementptr    ) [ 010110000000000000000000000]
empty              (speclooptripcount) [ 000000000000000000000000000]
add_ln105          (add              ) [ 000000000000000000000000000]
r                  (read             ) [ 000100000000000000000000000]
store_ln105        (store            ) [ 000000000000000000000000000]
g                  (read             ) [ 010010000000000000000000000]
zext_ln110         (zext             ) [ 011111111000000000000000000]
b                  (read             ) [ 001001000000000000000000000]
zext_ln110_1       (zext             ) [ 011101111100000000000000000]
zext_ln110_2       (zext             ) [ 011100111110000000000000000]
conv9              (sitofp           ) [ 011100000111100000000000000]
conv               (sitofp           ) [ 011100000011110000000000000]
conv4              (sitofp           ) [ 011100000001111000000000000]
mul                (fmul             ) [ 011100000000011111100000000]
mul1               (fmul             ) [ 011100000000001111100000000]
mul2               (fmul             ) [ 011100000000000111111111000]
add                (fadd             ) [ 011100000000000000011111000]
dc                 (fadd             ) [ 000000000000000000000000000]
data_V             (bitcast          ) [ 000000000000000000000000000]
xs_exp_V           (partselect       ) [ 000100000000000000000000100]
p_Result_s         (trunc            ) [ 010100000000000000000000110]
zext_ln346         (zext             ) [ 000000000000000000000000000]
add_ln346          (add              ) [ 000000000000000000000000000]
isNeg              (bitselect        ) [ 010000000000000000000000010]
sub_ln1512         (sub              ) [ 000000000000000000000000000]
sext_ln1512        (sext             ) [ 000000000000000000000000000]
ush                (select           ) [ 010000000000000000000000010]
mantissa           (bitconcatenate   ) [ 000000000000000000000000000]
zext_ln68          (zext             ) [ 000000000000000000000000000]
sext_ln1488        (sext             ) [ 000000000000000000000000000]
zext_ln1488        (zext             ) [ 000000000000000000000000000]
r_V                (lshr             ) [ 000000000000000000000000000]
r_V_4              (shl              ) [ 000000000000000000000000000]
tmp                (bitselect        ) [ 000000000000000000000000000]
zext_ln818         (zext             ) [ 000000000000000000000000000]
tmp_7              (partselect       ) [ 000000000000000000000000000]
val                (select           ) [ 001000000000000000000000001]
zext_ln105         (zext             ) [ 000000000000000000000000000]
specpipeline_ln106 (specpipeline     ) [ 000000000000000000000000000]
specloopname_ln105 (specloopname     ) [ 000000000000000000000000000]
gray_addr          (getelementptr    ) [ 000000000000000000000000000]
store_ln110        (store            ) [ 000000000000000000000000000]
br_ln105           (br               ) [ 000000000000000000000000000]
ret_ln0            (ret              ) [ 000000000000000000000000000]
</LifeTime>

<model>

<comp_list>
<comp id="0" class="1000" name="gmem">
<pin_list>
<pin id="1" dir="1" index="0" bw="1" slack="0"/>
</pin_list>
<bind>
<StgValue><ssdm name="gmem"/></StgValue>
</bind>
</comp>

<comp id="2" class="1000" name="input_rgb">
<pin_list>
<pin id="3" dir="1" index="0" bw="1" slack="0"/>
</pin_list>
<bind>
<StgValue><ssdm name="input_rgb"/></StgValue>
</bind>
</comp>

<comp id="4" class="1000" name="trunc_ln">
<pin_list>
<pin id="5" dir="1" index="0" bw="1" slack="0"/>
</pin_list>
<bind>
<StgValue><ssdm name="trunc_ln"/></StgValue>
</bind>
</comp>

<comp id="6" class="1000" name="gray">
<pin_list>
<pin id="7" dir="1" index="0" bw="1" slack="0"/>
</pin_list>
<bind>
<StgValue><ssdm name="gray"/><MemPortTyVec>0 3 </MemPortTyVec>
</StgValue>
</bind>
</comp>

<comp id="8" class="1001" name="const_8">
<pin_list>
<pin id="9" dir="1" index="0" bw="1" slack="0"/>
</pin_list>
<bind>
<StgValue><ssdm name=""/></StgValue>
</bind>
</comp>

<comp id="10" class="1001" name="const_10">
<pin_list>
<pin id="11" dir="1" index="0" bw="1" slack="2147483647"/>
</pin_list>
<bind>
<StgValue><ssdm name="_ssdm_op_SpecInterface"/></StgValue>
</bind>
</comp>

<comp id="12" class="1001" name="const_12">
<pin_list>
<pin id="13" dir="1" index="0" bw="1" slack="2147483647"/>
</pin_list>
<bind>
<StgValue><ssdm name="empty"/></StgValue>
</bind>
</comp>

<comp id="14" class="1001" name="const_14">
<pin_list>
<pin id="15" dir="1" index="0" bw="1" slack="2147483647"/>
</pin_list>
<bind>
<StgValue><ssdm name=""/></StgValue>
</bind>
</comp>

<comp id="16" class="1001" name="const_16">
<pin_list>
<pin id="17" dir="1" index="0" bw="1" slack="2147483647"/>
</pin_list>
<bind>
<StgValue><ssdm name="empty_0"/></StgValue>
</bind>
</comp>

<comp id="18" class="1001" name="const_18">
<pin_list>
<pin id="19" dir="1" index="0" bw="1" slack="2147483647"/>
</pin_list>
<bind>
<StgValue><ssdm name=""/></StgValue>
</bind>
</comp>

<comp id="20" class="1001" name="const_20">
<pin_list>
<pin id="21" dir="1" index="0" bw="1" slack="2147483647"/>
</pin_list>
<bind>
<StgValue><ssdm name="empty_1"/></StgValue>
</bind>
</comp>

<comp id="22" class="1001" name="const_22">
<pin_list>
<pin id="23" dir="1" index="0" bw="1" slack="2147483647"/>
</pin_list>
<bind>
<StgValue><ssdm name="empty_2"/></StgValue>
</bind>
</comp>

<comp id="24" class="1001" name="const_24">
<pin_list>
<pin id="25" dir="1" index="0" bw="1" slack="2147483647"/>
</pin_list>
<bind>
<StgValue><ssdm name=""/></StgValue>
</bind>
</comp>

<comp id="26" class="1001" name="const_26">
<pin_list>
<pin id="27" dir="1" index="0" bw="1" slack="2147483647"/>
</pin_list>
<bind>
<StgValue><ssdm name=""/></StgValue>
</bind>
</comp>

<comp id="28" class="1001" name="const_28">
<pin_list>
<pin id="29" dir="1" index="0" bw="1" slack="0"/>
</pin_list>
<bind>
<StgValue><ssdm name="_ssdm_op_Read.ap_auto.i31"/></StgValue>
</bind>
</comp>

<comp id="30" class="1001" name="const_30">
<pin_list>
<pin id="31" dir="1" index="0" bw="1" slack="0"/>
</pin_list>
<bind>
<StgValue><ssdm name="_ssdm_op_Read.ap_auto.i64"/></StgValue>
</bind>
</comp>

<comp id="32" class="1001" name="const_32">
<pin_list>
<pin id="33" dir="1" index="0" bw="1" slack="0"/>
</pin_list>
<bind>
<StgValue><ssdm name=""/></StgValue>
</bind>
</comp>

<comp id="34" class="1001" name="const_34">
<pin_list>
<pin id="35" dir="1" index="0" bw="1" slack="2147483647"/>
</pin_list>
<bind>
<StgValue><ssdm name="_ssdm_op_SpecBitsMap"/></StgValue>
</bind>
</comp>

<comp id="36" class="1001" name="const_36">
<pin_list>
<pin id="37" dir="1" index="0" bw="1" slack="2147483647"/>
</pin_list>
<bind>
<StgValue><ssdm name="_ssdm_op_SpecLoopTripCount"/></StgValue>
</bind>
</comp>

<comp id="38" class="1001" name="const_38">
<pin_list>
<pin id="39" dir="1" index="0" bw="1" slack="2147483647"/>
</pin_list>
<bind>
<StgValue><ssdm name=""/></StgValue>
</bind>
</comp>

<comp id="40" class="1001" name="const_40">
<pin_list>
<pin id="41" dir="1" index="0" bw="1" slack="2147483647"/>
</pin_list>
<bind>
<StgValue><ssdm name=""/></StgValue>
</bind>
</comp>

<comp id="42" class="1001" name="const_42">
<pin_list>
<pin id="43" dir="1" index="0" bw="1" slack="0"/>
</pin_list>
<bind>
<StgValue><ssdm name=""/></StgValue>
</bind>
</comp>

<comp id="44" class="1001" name="const_44">
<pin_list>
<pin id="45" dir="1" index="0" bw="1" slack="0"/>
</pin_list>
<bind>
<StgValue><ssdm name=""/></StgValue>
</bind>
</comp>

<comp id="46" class="1001" name="const_46">
<pin_list>
<pin id="47" dir="1" index="0" bw="1" slack="0"/>
</pin_list>
<bind>
<StgValue><ssdm name="_ssdm_op_Read.m_axi.p1i8"/></StgValue>
</bind>
</comp>

<comp id="48" class="1001" name="const_48">
<pin_list>
<pin id="49" dir="1" index="0" bw="1" slack="0"/>
</pin_list>
<bind>
<StgValue><ssdm name=""/></StgValue>
</bind>
</comp>

<comp id="50" class="1001" name="const_50">
<pin_list>
<pin id="51" dir="1" index="0" bw="1" slack="0"/>
</pin_list>
<bind>
<StgValue><ssdm name=""/></StgValue>
</bind>
</comp>

<comp id="52" class="1001" name="const_52">
<pin_list>
<pin id="53" dir="1" index="0" bw="1" slack="0"/>
</pin_list>
<bind>
<StgValue><ssdm name=""/></StgValue>
</bind>
</comp>

<comp id="54" class="1001" name="const_54">
<pin_list>
<pin id="55" dir="1" index="0" bw="1" slack="0"/>
</pin_list>
<bind>
<StgValue><ssdm name="_ssdm_op_PartSelect.i8.i32.i32.i32"/></StgValue>
</bind>
</comp>

<comp id="56" class="1001" name="const_56">
<pin_list>
<pin id="57" dir="1" index="0" bw="1" slack="0"/>
</pin_list>
<bind>
<StgValue><ssdm name=""/></StgValue>
</bind>
</comp>

<comp id="58" class="1001" name="const_58">
<pin_list>
<pin id="59" dir="1" index="0" bw="1" slack="0"/>
</pin_list>
<bind>
<StgValue><ssdm name=""/></StgValue>
</bind>
</comp>

<comp id="60" class="1001" name="const_60">
<pin_list>
<pin id="61" dir="1" index="0" bw="1" slack="0"/>
</pin_list>
<bind>
<StgValue><ssdm name=""/></StgValue>
</bind>
</comp>

<comp id="62" class="1001" name="const_62">
<pin_list>
<pin id="63" dir="1" index="0" bw="1" slack="0"/>
</pin_list>
<bind>
<StgValue><ssdm name="_ssdm_op_BitSelect.i1.i9.i32"/></StgValue>
</bind>
</comp>

<comp id="64" class="1001" name="const_64">
<pin_list>
<pin id="65" dir="1" index="0" bw="1" slack="0"/>
</pin_list>
<bind>
<StgValue><ssdm name=""/></StgValue>
</bind>
</comp>

<comp id="66" class="1001" name="const_66">
<pin_list>
<pin id="67" dir="1" index="0" bw="1" slack="0"/>
</pin_list>
<bind>
<StgValue><ssdm name=""/></StgValue>
</bind>
</comp>

<comp id="68" class="1001" name="const_68">
<pin_list>
<pin id="69" dir="1" index="0" bw="1" slack="0"/>
</pin_list>
<bind>
<StgValue><ssdm name="_ssdm_op_BitConcatenate.i25.i1.i23.i1"/></StgValue>
</bind>
</comp>

<comp id="70" class="1001" name="const_70">
<pin_list>
<pin id="71" dir="1" index="0" bw="1" slack="0"/>
</pin_list>
<bind>
<StgValue><ssdm name=""/></StgValue>
</bind>
</comp>

<comp id="72" class="1001" name="const_72">
<pin_list>
<pin id="73" dir="1" index="0" bw="1" slack="0"/>
</pin_list>
<bind>
<StgValue><ssdm name=""/></StgValue>
</bind>
</comp>

<comp id="74" class="1001" name="const_74">
<pin_list>
<pin id="75" dir="1" index="0" bw="1" slack="0"/>
</pin_list>
<bind>
<StgValue><ssdm name="_ssdm_op_BitSelect.i1.i55.i32"/></StgValue>
</bind>
</comp>

<comp id="76" class="1001" name="const_76">
<pin_list>
<pin id="77" dir="1" index="0" bw="1" slack="0"/>
</pin_list>
<bind>
<StgValue><ssdm name=""/></StgValue>
</bind>
</comp>

<comp id="78" class="1001" name="const_78">
<pin_list>
<pin id="79" dir="1" index="0" bw="1" slack="0"/>
</pin_list>
<bind>
<StgValue><ssdm name="_ssdm_op_PartSelect.i8.i55.i32.i32"/></StgValue>
</bind>
</comp>

<comp id="80" class="1001" name="const_80">
<pin_list>
<pin id="81" dir="1" index="0" bw="1" slack="0"/>
</pin_list>
<bind>
<StgValue><ssdm name=""/></StgValue>
</bind>
</comp>

<comp id="82" class="1001" name="const_82">
<pin_list>
<pin id="83" dir="1" index="0" bw="1" slack="2147483647"/>
</pin_list>
<bind>
<StgValue><ssdm name="_ssdm_op_SpecPipeline"/></StgValue>
</bind>
</comp>

<comp id="84" class="1001" name="const_84">
<pin_list>
<pin id="85" dir="1" index="0" bw="1" slack="2147483647"/>
</pin_list>
<bind>
<StgValue><ssdm name="_ssdm_op_SpecLoopName"/></StgValue>
</bind>
</comp>

<comp id="86" class="1001" name="const_86">
<pin_list>
<pin id="87" dir="1" index="0" bw="1" slack="2147483647"/>
</pin_list>
<bind>
<StgValue><ssdm name="empty_17"/></StgValue>
</bind>
</comp>

<comp id="88" class="1004" name="i_fu_88">
<pin_list>
<pin id="89" dir="0" index="0" bw="1" slack="0"/>
<pin id="90" dir="1" index="1" bw="19" slack="0"/>
</pin_list>
<bind>
<opcode="alloca(26) " fcode="alloca"/>
<opset="i/1 "/>
</bind>
</comp>

<comp id="92" class="1004" name="trunc_ln_read_read_fu_92">
<pin_list>
<pin id="93" dir="0" index="0" bw="31" slack="0"/>
<pin id="94" dir="0" index="1" bw="31" slack="0"/>
<pin id="95" dir="1" index="2" bw="31" slack="0"/>
</pin_list>
<bind>
<opcode="read(1150) " fcode="read"/>
<opset="trunc_ln_read/1 "/>
</bind>
</comp>

<comp id="98" class="1004" name="input_rgb_read_read_fu_98">
<pin_list>
<pin id="99" dir="0" index="0" bw="64" slack="0"/>
<pin id="100" dir="0" index="1" bw="64" slack="0"/>
<pin id="101" dir="1" index="2" bw="64" slack="1"/>
</pin_list>
<bind>
<opcode="read(1150) " fcode="read"/>
<opset="input_rgb_read/1 "/>
</bind>
</comp>

<comp id="104" class="1004" name="grp_read_fu_104">
<pin_list>
<pin id="105" dir="0" index="0" bw="8" slack="0"/>
<pin id="106" dir="0" index="1" bw="8" slack="0"/>
<pin id="107" dir="1" index="2" bw="8" slack="1"/>
</pin_list>
<bind>
<opcode="read(1150) " fcode="read"/>
<opset="r/2 g/3 b/4 "/>
</bind>
</comp>

<comp id="109" class="1004" name="gray_addr_gep_fu_109">
<pin_list>
<pin id="110" dir="0" index="0" bw="8" slack="0"/>
<pin id="111" dir="0" index="1" bw="1" slack="0"/>
<pin id="112" dir="0" index="2" bw="19" slack="0"/>
<pin id="113" dir="1" index="3" bw="19" slack="0"/>
</pin_list>
<bind>
<opcode="getelementptr(29) " fcode="getelementptr"/>
<opset="gray_addr/26 "/>
</bind>
</comp>

<comp id="116" class="1004" name="store_ln110_access_fu_116">
<pin_list>
<pin id="117" dir="0" index="0" bw="19" slack="0"/>
<pin id="118" dir="0" index="1" bw="8" slack="1"/>
<pin id="119" dir="0" index="2" bw="0" slack="2147483647"/>
<pin id="120" dir="1" index="3" bw="8" slack="2147483647"/>
</pin_list>
<bind>
<opcode="store(28) " fcode="store"/>
<opset="store_ln110/26 "/>
</bind>
</comp>

<comp id="122" class="1004" name="grp_fu_122">
<pin_list>
<pin id="123" dir="0" index="0" bw="32" slack="1"/>
<pin id="124" dir="0" index="1" bw="32" slack="1"/>
<pin id="125" dir="1" index="2" bw="32" slack="0"/>
</pin_list>
<bind>
<opcode="fadd(9) " fcode="fadd"/>
<opset="add/14 dc/19 "/>
</bind>
</comp>

<comp id="126" class="1004" name="grp_fu_126">
<pin_list>
<pin id="127" dir="0" index="0" bw="32" slack="1"/>
<pin id="128" dir="0" index="1" bw="32" slack="0"/>
<pin id="129" dir="1" index="2" bw="32" slack="1"/>
</pin_list>
<bind>
<opcode="fmul(13) " fcode="fmul"/>
<opset="mul/9 mul1/10 mul2/11 "/>
</bind>
</comp>

<comp id="133" class="1004" name="grp_fu_133">
<pin_list>
<pin id="134" dir="0" index="0" bw="8" slack="0"/>
<pin id="135" dir="1" index="1" bw="32" slack="1"/>
</pin_list>
<bind>
<opcode="sitofp(39) " fcode="sitofp"/>
<opset="conv9/3 conv/4 conv4/5 "/>
</bind>
</comp>

<comp id="136" class="1005" name="reg_136">
<pin_list>
<pin id="137" dir="0" index="0" bw="8" slack="1"/>
<pin id="138" dir="1" index="1" bw="8" slack="1"/>
</pin_list>
<bind>
<opset="r g b "/>
</bind>
</comp>

<comp id="140" class="1004" name="store_ln0_store_fu_140">
<pin_list>
<pin id="141" dir="0" index="0" bw="1" slack="0"/>
<pin id="142" dir="0" index="1" bw="19" slack="0"/>
<pin id="143" dir="1" index="2" bw="0" slack="2147483647"/>
</pin_list>
<bind>
<opcode="store(28) " fcode="store"/>
<opset="store_ln0/1 "/>
</bind>
</comp>

<comp id="145" class="1004" name="i_2_load_fu_145">
<pin_list>
<pin id="146" dir="0" index="0" bw="19" slack="0"/>
<pin id="147" dir="1" index="1" bw="19" slack="0"/>
</pin_list>
<bind>
<opcode="load(27) " fcode="load"/>
<opset="i_2/1 "/>
</bind>
</comp>

<comp id="148" class="1004" name="zext_ln105_1_fu_148">
<pin_list>
<pin id="149" dir="0" index="0" bw="19" slack="0"/>
<pin id="150" dir="1" index="1" bw="31" slack="0"/>
</pin_list>
<bind>
<opcode="zext(34) " fcode="zext"/>
<opset="zext_ln105_1/1 "/>
</bind>
</comp>

<comp id="152" class="1004" name="icmp_ln105_fu_152">
<pin_list>
<pin id="153" dir="0" index="0" bw="19" slack="0"/>
<pin id="154" dir="0" index="1" bw="31" slack="0"/>
<pin id="155" dir="1" index="2" bw="1" slack="1"/>
</pin_list>
<bind>
<opcode="icmp(45) " fcode="icmp"/>
<opset="icmp_ln105/1 "/>
</bind>
</comp>

<comp id="158" class="1004" name="gmem_addr_fu_158">
<pin_list>
<pin id="159" dir="0" index="0" bw="8" slack="0"/>
<pin id="160" dir="0" index="1" bw="64" slack="1"/>
<pin id="161" dir="1" index="2" bw="8" slack="0"/>
</pin_list>
<bind>
<opcode="getelementptr(29) " fcode="getelementptr"/>
<opset="gmem_addr/2 "/>
</bind>
</comp>

<comp id="164" class="1004" name="add_ln105_fu_164">
<pin_list>
<pin id="165" dir="0" index="0" bw="19" slack="1"/>
<pin id="166" dir="0" index="1" bw="1" slack="0"/>
<pin id="167" dir="1" index="2" bw="19" slack="0"/>
</pin_list>
<bind>
<opcode="add(8) " fcode="add"/>
<opset="add_ln105/2 "/>
</bind>
</comp>

<comp id="169" class="1004" name="store_ln105_store_fu_169">
<pin_list>
<pin id="170" dir="0" index="0" bw="19" slack="0"/>
<pin id="171" dir="0" index="1" bw="19" slack="1"/>
<pin id="172" dir="1" index="2" bw="0" slack="2147483647"/>
</pin_list>
<bind>
<opcode="store(28) " fcode="store"/>
<opset="store_ln105/2 "/>
</bind>
</comp>

<comp id="174" class="1004" name="zext_ln110_fu_174">
<pin_list>
<pin id="175" dir="0" index="0" bw="8" slack="1"/>
<pin id="176" dir="1" index="1" bw="32" slack="0"/>
</pin_list>
<bind>
<opcode="zext(34) " fcode="zext"/>
<opset="zext_ln110/3 "/>
</bind>
</comp>

<comp id="179" class="1004" name="zext_ln110_1_fu_179">
<pin_list>
<pin id="180" dir="0" index="0" bw="8" slack="1"/>
<pin id="181" dir="1" index="1" bw="32" slack="0"/>
</pin_list>
<bind>
<opcode="zext(34) " fcode="zext"/>
<opset="zext_ln110_1/4 "/>
</bind>
</comp>

<comp id="184" class="1004" name="zext_ln110_2_fu_184">
<pin_list>
<pin id="185" dir="0" index="0" bw="8" slack="1"/>
<pin id="186" dir="1" index="1" bw="32" slack="0"/>
</pin_list>
<bind>
<opcode="zext(34) " fcode="zext"/>
<opset="zext_ln110_2/5 "/>
</bind>
</comp>

<comp id="189" class="1004" name="data_V_fu_189">
<pin_list>
<pin id="190" dir="0" index="0" bw="32" slack="0"/>
<pin id="191" dir="1" index="1" bw="32" slack="0"/>
</pin_list>
<bind>
<opcode="bitcast(44) " fcode="bitcast"/>
<opset="data_V/23 "/>
</bind>
</comp>

<comp id="193" class="1004" name="xs_exp_V_fu_193">
<pin_list>
<pin id="194" dir="0" index="0" bw="8" slack="0"/>
<pin id="195" dir="0" index="1" bw="32" slack="0"/>
<pin id="196" dir="0" index="2" bw="6" slack="0"/>
<pin id="197" dir="0" index="3" bw="6" slack="0"/>
<pin id="198" dir="1" index="4" bw="8" slack="1"/>
</pin_list>
<bind>
<opcode="partselect(1002) " fcode="partselect"/>
<opset="xs_exp_V/23 "/>
</bind>
</comp>

<comp id="203" class="1004" name="p_Result_s_fu_203">
<pin_list>
<pin id="204" dir="0" index="0" bw="32" slack="0"/>
<pin id="205" dir="1" index="1" bw="23" slack="2"/>
</pin_list>
<bind>
<opcode="trunc(33) " fcode="trunc"/>
<opset="p_Result_s/23 "/>
</bind>
</comp>

<comp id="207" class="1004" name="zext_ln346_fu_207">
<pin_list>
<pin id="208" dir="0" index="0" bw="8" slack="1"/>
<pin id="209" dir="1" index="1" bw="9" slack="0"/>
</pin_list>
<bind>
<opcode="zext(34) " fcode="zext"/>
<opset="zext_ln346/24 "/>
</bind>
</comp>

<comp id="210" class="1004" name="add_ln346_fu_210">
<pin_list>
<pin id="211" dir="0" index="0" bw="8" slack="0"/>
<pin id="212" dir="0" index="1" bw="8" slack="0"/>
<pin id="213" dir="1" index="2" bw="9" slack="0"/>
</pin_list>
<bind>
<opcode="add(8) " fcode="add"/>
<opset="add_ln346/24 "/>
</bind>
</comp>

<comp id="216" class="1004" name="isNeg_fu_216">
<pin_list>
<pin id="217" dir="0" index="0" bw="1" slack="0"/>
<pin id="218" dir="0" index="1" bw="9" slack="0"/>
<pin id="219" dir="0" index="2" bw="5" slack="0"/>
<pin id="220" dir="1" index="3" bw="1" slack="0"/>
</pin_list>
<bind>
<opcode="bitselect(1000) " fcode="bitselect"/>
<opset="isNeg/24 "/>
</bind>
</comp>

<comp id="224" class="1004" name="sub_ln1512_fu_224">
<pin_list>
<pin id="225" dir="0" index="0" bw="8" slack="0"/>
<pin id="226" dir="0" index="1" bw="8" slack="1"/>
<pin id="227" dir="1" index="2" bw="8" slack="0"/>
</pin_list>
<bind>
<opcode="sub(10) " fcode="sub"/>
<opset="sub_ln1512/24 "/>
</bind>
</comp>

<comp id="229" class="1004" name="sext_ln1512_fu_229">
<pin_list>
<pin id="230" dir="0" index="0" bw="8" slack="0"/>
<pin id="231" dir="1" index="1" bw="9" slack="0"/>
</pin_list>
<bind>
<opcode="sext(35) " fcode="sext"/>
<opset="sext_ln1512/24 "/>
</bind>
</comp>

<comp id="233" class="1004" name="ush_fu_233">
<pin_list>
<pin id="234" dir="0" index="0" bw="1" slack="0"/>
<pin id="235" dir="0" index="1" bw="8" slack="0"/>
<pin id="236" dir="0" index="2" bw="9" slack="0"/>
<pin id="237" dir="1" index="3" bw="9" slack="1"/>
</pin_list>
<bind>
<opcode="select(49) " fcode="select"/>
<opset="ush/24 "/>
</bind>
</comp>

<comp id="241" class="1004" name="mantissa_fu_241">
<pin_list>
<pin id="242" dir="0" index="0" bw="25" slack="0"/>
<pin id="243" dir="0" index="1" bw="1" slack="0"/>
<pin id="244" dir="0" index="2" bw="23" slack="2"/>
<pin id="245" dir="0" index="3" bw="1" slack="0"/>
<pin id="246" dir="1" index="4" bw="25" slack="0"/>
</pin_list>
<bind>
<opcode="bitconcatenate(1004) " fcode="bitconcatenate"/>
<opset="mantissa/25 "/>
</bind>
</comp>

<comp id="250" class="1004" name="zext_ln68_fu_250">
<pin_list>
<pin id="251" dir="0" index="0" bw="25" slack="0"/>
<pin id="252" dir="1" index="1" bw="55" slack="0"/>
</pin_list>
<bind>
<opcode="zext(34) " fcode="zext"/>
<opset="zext_ln68/25 "/>
</bind>
</comp>

<comp id="254" class="1004" name="sext_ln1488_fu_254">
<pin_list>
<pin id="255" dir="0" index="0" bw="9" slack="1"/>
<pin id="256" dir="1" index="1" bw="32" slack="0"/>
</pin_list>
<bind>
<opcode="sext(35) " fcode="sext"/>
<opset="sext_ln1488/25 "/>
</bind>
</comp>

<comp id="257" class="1004" name="zext_ln1488_fu_257">
<pin_list>
<pin id="258" dir="0" index="0" bw="9" slack="0"/>
<pin id="259" dir="1" index="1" bw="55" slack="0"/>
</pin_list>
<bind>
<opcode="zext(34) " fcode="zext"/>
<opset="zext_ln1488/25 "/>
</bind>
</comp>

<comp id="261" class="1004" name="r_V_fu_261">
<pin_list>
<pin id="262" dir="0" index="0" bw="25" slack="0"/>
<pin id="263" dir="0" index="1" bw="32" slack="0"/>
<pin id="264" dir="1" index="2" bw="55" slack="0"/>
</pin_list>
<bind>
<opcode="lshr(21) " fcode="lshr"/>
<opset="r_V/25 "/>
</bind>
</comp>

<comp id="267" class="1004" name="r_V_4_fu_267">
<pin_list>
<pin id="268" dir="0" index="0" bw="25" slack="0"/>
<pin id="269" dir="0" index="1" bw="32" slack="0"/>
<pin id="270" dir="1" index="2" bw="55" slack="0"/>
</pin_list>
<bind>
<opcode="shl(20) " fcode="shl"/>
<opset="r_V_4/25 "/>
</bind>
</comp>

<comp id="273" class="1004" name="tmp_fu_273">
<pin_list>
<pin id="274" dir="0" index="0" bw="1" slack="0"/>
<pin id="275" dir="0" index="1" bw="55" slack="0"/>
<pin id="276" dir="0" index="2" bw="6" slack="0"/>
<pin id="277" dir="1" index="3" bw="1" slack="0"/>
</pin_list>
<bind>
<opcode="bitselect(1000) " fcode="bitselect"/>
<opset="tmp/25 "/>
</bind>
</comp>

<comp id="281" class="1004" name="zext_ln818_fu_281">
<pin_list>
<pin id="282" dir="0" index="0" bw="1" slack="0"/>
<pin id="283" dir="1" index="1" bw="8" slack="0"/>
</pin_list>
<bind>
<opcode="zext(34) " fcode="zext"/>
<opset="zext_ln818/25 "/>
</bind>
</comp>

<comp id="285" class="1004" name="tmp_7_fu_285">
<pin_list>
<pin id="286" dir="0" index="0" bw="8" slack="0"/>
<pin id="287" dir="0" index="1" bw="55" slack="0"/>
<pin id="288" dir="0" index="2" bw="6" slack="0"/>
<pin id="289" dir="0" index="3" bw="6" slack="0"/>
<pin id="290" dir="1" index="4" bw="8" slack="0"/>
</pin_list>
<bind>
<opcode="partselect(1002) " fcode="partselect"/>
<opset="tmp_7/25 "/>
</bind>
</comp>

<comp id="295" class="1004" name="val_fu_295">
<pin_list>
<pin id="296" dir="0" index="0" bw="1" slack="1"/>
<pin id="297" dir="0" index="1" bw="1" slack="0"/>
<pin id="298" dir="0" index="2" bw="8" slack="0"/>
<pin id="299" dir="1" index="3" bw="8" slack="1"/>
</pin_list>
<bind>
<opcode="select(49) " fcode="select"/>
<opset="val/25 "/>
</bind>
</comp>

<comp id="302" class="1004" name="zext_ln105_fu_302">
<pin_list>
<pin id="303" dir="0" index="0" bw="19" slack="25"/>
<pin id="304" dir="1" index="1" bw="64" slack="0"/>
</pin_list>
<bind>
<opcode="zext(34) " fcode="zext"/>
<opset="zext_ln105/26 "/>
</bind>
</comp>

<comp id="306" class="1005" name="i_reg_306">
<pin_list>
<pin id="307" dir="0" index="0" bw="19" slack="0"/>
<pin id="308" dir="1" index="1" bw="19" slack="0"/>
</pin_list>
<bind>
<opset="i "/>
</bind>
</comp>

<comp id="313" class="1005" name="input_rgb_read_reg_313">
<pin_list>
<pin id="314" dir="0" index="0" bw="64" slack="1"/>
<pin id="315" dir="1" index="1" bw="64" slack="1"/>
</pin_list>
<bind>
<opset="input_rgb_read "/>
</bind>
</comp>

<comp id="318" class="1005" name="i_2_reg_318">
<pin_list>
<pin id="319" dir="0" index="0" bw="19" slack="1"/>
<pin id="320" dir="1" index="1" bw="19" slack="1"/>
</pin_list>
<bind>
<opset="i_2 "/>
</bind>
</comp>

<comp id="324" class="1005" name="icmp_ln105_reg_324">
<pin_list>
<pin id="325" dir="0" index="0" bw="1" slack="1"/>
<pin id="326" dir="1" index="1" bw="1" slack="2147483647"/>
</pin_list>
<bind>
<opset="icmp_ln105 "/>
</bind>
</comp>

<comp id="328" class="1005" name="gmem_addr_reg_328">
<pin_list>
<pin id="329" dir="0" index="0" bw="8" slack="1"/>
<pin id="330" dir="1" index="1" bw="8" slack="1"/>
</pin_list>
<bind>
<opset="gmem_addr "/>
</bind>
</comp>

<comp id="333" class="1005" name="zext_ln110_reg_333">
<pin_list>
<pin id="334" dir="0" index="0" bw="32" slack="1"/>
<pin id="335" dir="1" index="1" bw="32" slack="1"/>
</pin_list>
<bind>
<opset="zext_ln110 "/>
</bind>
</comp>

<comp id="338" class="1005" name="zext_ln110_1_reg_338">
<pin_list>
<pin id="339" dir="0" index="0" bw="32" slack="1"/>
<pin id="340" dir="1" index="1" bw="32" slack="1"/>
</pin_list>
<bind>
<opset="zext_ln110_1 "/>
</bind>
</comp>

<comp id="343" class="1005" name="zext_ln110_2_reg_343">
<pin_list>
<pin id="344" dir="0" index="0" bw="32" slack="1"/>
<pin id="345" dir="1" index="1" bw="32" slack="1"/>
</pin_list>
<bind>
<opset="zext_ln110_2 "/>
</bind>
</comp>

<comp id="348" class="1005" name="conv9_reg_348">
<pin_list>
<pin id="349" dir="0" index="0" bw="32" slack="1"/>
<pin id="350" dir="1" index="1" bw="32" slack="1"/>
</pin_list>
<bind>
<opset="conv9 "/>
</bind>
</comp>

<comp id="353" class="1005" name="conv_reg_353">
<pin_list>
<pin id="354" dir="0" index="0" bw="32" slack="1"/>
<pin id="355" dir="1" index="1" bw="32" slack="1"/>
</pin_list>
<bind>
<opset="conv "/>
</bind>
</comp>

<comp id="358" class="1005" name="conv4_reg_358">
<pin_list>
<pin id="359" dir="0" index="0" bw="32" slack="1"/>
<pin id="360" dir="1" index="1" bw="32" slack="1"/>
</pin_list>
<bind>
<opset="conv4 "/>
</bind>
</comp>

<comp id="363" class="1005" name="mul_reg_363">
<pin_list>
<pin id="364" dir="0" index="0" bw="32" slack="2"/>
<pin id="365" dir="1" index="1" bw="32" slack="2"/>
</pin_list>
<bind>
<opset="mul "/>
</bind>
</comp>

<comp id="368" class="1005" name="mul1_reg_368">
<pin_list>
<pin id="369" dir="0" index="0" bw="32" slack="1"/>
<pin id="370" dir="1" index="1" bw="32" slack="1"/>
</pin_list>
<bind>
<opset="mul1 "/>
</bind>
</comp>

<comp id="373" class="1005" name="mul2_reg_373">
<pin_list>
<pin id="374" dir="0" index="0" bw="32" slack="5"/>
<pin id="375" dir="1" index="1" bw="32" slack="5"/>
</pin_list>
<bind>
<opset="mul2 "/>
</bind>
</comp>

<comp id="378" class="1005" name="add_reg_378">
<pin_list>
<pin id="379" dir="0" index="0" bw="32" slack="1"/>
<pin id="380" dir="1" index="1" bw="32" slack="1"/>
</pin_list>
<bind>
<opset="add "/>
</bind>
</comp>

<comp id="383" class="1005" name="xs_exp_V_reg_383">
<pin_list>
<pin id="384" dir="0" index="0" bw="8" slack="1"/>
<pin id="385" dir="1" index="1" bw="8" slack="1"/>
</pin_list>
<bind>
<opset="xs_exp_V "/>
</bind>
</comp>

<comp id="389" class="1005" name="p_Result_s_reg_389">
<pin_list>
<pin id="390" dir="0" index="0" bw="23" slack="2"/>
<pin id="391" dir="1" index="1" bw="23" slack="2"/>
</pin_list>
<bind>
<opset="p_Result_s "/>
</bind>
</comp>

<comp id="394" class="1005" name="isNeg_reg_394">
<pin_list>
<pin id="395" dir="0" index="0" bw="1" slack="1"/>
<pin id="396" dir="1" index="1" bw="1" slack="1"/>
</pin_list>
<bind>
<opset="isNeg "/>
</bind>
</comp>

<comp id="399" class="1005" name="ush_reg_399">
<pin_list>
<pin id="400" dir="0" index="0" bw="9" slack="1"/>
<pin id="401" dir="1" index="1" bw="9" slack="1"/>
</pin_list>
<bind>
<opset="ush "/>
</bind>
</comp>

<comp id="404" class="1005" name="val_reg_404">
<pin_list>
<pin id="405" dir="0" index="0" bw="8" slack="1"/>
<pin id="406" dir="1" index="1" bw="8" slack="1"/>
</pin_list>
<bind>
<opset="val "/>
</bind>
</comp>

</comp_list>

<net_list>
<net id="91"><net_src comp="8" pin="0"/><net_sink comp="88" pin=0"/></net>

<net id="96"><net_src comp="28" pin="0"/><net_sink comp="92" pin=0"/></net>

<net id="97"><net_src comp="4" pin="0"/><net_sink comp="92" pin=1"/></net>

<net id="102"><net_src comp="30" pin="0"/><net_sink comp="98" pin=0"/></net>

<net id="103"><net_src comp="2" pin="0"/><net_sink comp="98" pin=1"/></net>

<net id="108"><net_src comp="46" pin="0"/><net_sink comp="104" pin=0"/></net>

<net id="114"><net_src comp="6" pin="0"/><net_sink comp="109" pin=0"/></net>

<net id="115"><net_src comp="42" pin="0"/><net_sink comp="109" pin=1"/></net>

<net id="121"><net_src comp="109" pin="3"/><net_sink comp="116" pin=0"/></net>

<net id="130"><net_src comp="48" pin="0"/><net_sink comp="126" pin=1"/></net>

<net id="131"><net_src comp="50" pin="0"/><net_sink comp="126" pin=1"/></net>

<net id="132"><net_src comp="52" pin="0"/><net_sink comp="126" pin=1"/></net>

<net id="139"><net_src comp="104" pin="2"/><net_sink comp="136" pin=0"/></net>

<net id="144"><net_src comp="32" pin="0"/><net_sink comp="140" pin=0"/></net>

<net id="151"><net_src comp="145" pin="1"/><net_sink comp="148" pin=0"/></net>

<net id="156"><net_src comp="148" pin="1"/><net_sink comp="152" pin=0"/></net>

<net id="157"><net_src comp="92" pin="2"/><net_sink comp="152" pin=1"/></net>

<net id="162"><net_src comp="0" pin="0"/><net_sink comp="158" pin=0"/></net>

<net id="163"><net_src comp="158" pin="2"/><net_sink comp="104" pin=1"/></net>

<net id="168"><net_src comp="44" pin="0"/><net_sink comp="164" pin=1"/></net>

<net id="173"><net_src comp="164" pin="2"/><net_sink comp="169" pin=0"/></net>

<net id="177"><net_src comp="136" pin="1"/><net_sink comp="174" pin=0"/></net>

<net id="178"><net_src comp="174" pin="1"/><net_sink comp="133" pin=0"/></net>

<net id="182"><net_src comp="136" pin="1"/><net_sink comp="179" pin=0"/></net>

<net id="183"><net_src comp="179" pin="1"/><net_sink comp="133" pin=0"/></net>

<net id="187"><net_src comp="136" pin="1"/><net_sink comp="184" pin=0"/></net>

<net id="188"><net_src comp="184" pin="1"/><net_sink comp="133" pin=0"/></net>

<net id="192"><net_src comp="122" pin="2"/><net_sink comp="189" pin=0"/></net>

<net id="199"><net_src comp="54" pin="0"/><net_sink comp="193" pin=0"/></net>

<net id="200"><net_src comp="189" pin="1"/><net_sink comp="193" pin=1"/></net>

<net id="201"><net_src comp="56" pin="0"/><net_sink comp="193" pin=2"/></net>

<net id="202"><net_src comp="58" pin="0"/><net_sink comp="193" pin=3"/></net>

<net id="206"><net_src comp="189" pin="1"/><net_sink comp="203" pin=0"/></net>

<net id="214"><net_src comp="207" pin="1"/><net_sink comp="210" pin=0"/></net>

<net id="215"><net_src comp="60" pin="0"/><net_sink comp="210" pin=1"/></net>

<net id="221"><net_src comp="62" pin="0"/><net_sink comp="216" pin=0"/></net>

<net id="222"><net_src comp="210" pin="2"/><net_sink comp="216" pin=1"/></net>

<net id="223"><net_src comp="64" pin="0"/><net_sink comp="216" pin=2"/></net>

<net id="228"><net_src comp="66" pin="0"/><net_sink comp="224" pin=0"/></net>

<net id="232"><net_src comp="224" pin="2"/><net_sink comp="229" pin=0"/></net>

<net id="238"><net_src comp="216" pin="3"/><net_sink comp="233" pin=0"/></net>

<net id="239"><net_src comp="229" pin="1"/><net_sink comp="233" pin=1"/></net>

<net id="240"><net_src comp="210" pin="2"/><net_sink comp="233" pin=2"/></net>

<net id="247"><net_src comp="68" pin="0"/><net_sink comp="241" pin=0"/></net>

<net id="248"><net_src comp="70" pin="0"/><net_sink comp="241" pin=1"/></net>

<net id="249"><net_src comp="72" pin="0"/><net_sink comp="241" pin=3"/></net>

<net id="253"><net_src comp="241" pin="4"/><net_sink comp="250" pin=0"/></net>

<net id="260"><net_src comp="254" pin="1"/><net_sink comp="257" pin=0"/></net>

<net id="265"><net_src comp="250" pin="1"/><net_sink comp="261" pin=0"/></net>

<net id="266"><net_src comp="257" pin="1"/><net_sink comp="261" pin=1"/></net>

<net id="271"><net_src comp="250" pin="1"/><net_sink comp="267" pin=0"/></net>

<net id="272"><net_src comp="257" pin="1"/><net_sink comp="267" pin=1"/></net>

<net id="278"><net_src comp="74" pin="0"/><net_sink comp="273" pin=0"/></net>

<net id="279"><net_src comp="261" pin="2"/><net_sink comp="273" pin=1"/></net>

<net id="280"><net_src comp="76" pin="0"/><net_sink comp="273" pin=2"/></net>

<net id="284"><net_src comp="273" pin="3"/><net_sink comp="281" pin=0"/></net>

<net id="291"><net_src comp="78" pin="0"/><net_sink comp="285" pin=0"/></net>

<net id="292"><net_src comp="267" pin="2"/><net_sink comp="285" pin=1"/></net>

<net id="293"><net_src comp="76" pin="0"/><net_sink comp="285" pin=2"/></net>

<net id="294"><net_src comp="80" pin="0"/><net_sink comp="285" pin=3"/></net>

<net id="300"><net_src comp="281" pin="1"/><net_sink comp="295" pin=1"/></net>

<net id="301"><net_src comp="285" pin="4"/><net_sink comp="295" pin=2"/></net>

<net id="305"><net_src comp="302" pin="1"/><net_sink comp="109" pin=2"/></net>

<net id="309"><net_src comp="88" pin="1"/><net_sink comp="306" pin=0"/></net>

<net id="310"><net_src comp="306" pin="1"/><net_sink comp="140" pin=1"/></net>

<net id="311"><net_src comp="306" pin="1"/><net_sink comp="145" pin=0"/></net>

<net id="312"><net_src comp="306" pin="1"/><net_sink comp="169" pin=1"/></net>

<net id="316"><net_src comp="98" pin="2"/><net_sink comp="313" pin=0"/></net>

<net id="317"><net_src comp="313" pin="1"/><net_sink comp="158" pin=1"/></net>

<net id="321"><net_src comp="145" pin="1"/><net_sink comp="318" pin=0"/></net>

<net id="322"><net_src comp="318" pin="1"/><net_sink comp="164" pin=0"/></net>

<net id="323"><net_src comp="318" pin="1"/><net_sink comp="302" pin=0"/></net>

<net id="327"><net_src comp="152" pin="2"/><net_sink comp="324" pin=0"/></net>

<net id="331"><net_src comp="158" pin="2"/><net_sink comp="328" pin=0"/></net>

<net id="332"><net_src comp="328" pin="1"/><net_sink comp="104" pin=1"/></net>

<net id="336"><net_src comp="174" pin="1"/><net_sink comp="333" pin=0"/></net>

<net id="337"><net_src comp="333" pin="1"/><net_sink comp="133" pin=0"/></net>

<net id="341"><net_src comp="179" pin="1"/><net_sink comp="338" pin=0"/></net>

<net id="342"><net_src comp="338" pin="1"/><net_sink comp="133" pin=0"/></net>

<net id="346"><net_src comp="184" pin="1"/><net_sink comp="343" pin=0"/></net>

<net id="347"><net_src comp="343" pin="1"/><net_sink comp="133" pin=0"/></net>

<net id="351"><net_src comp="133" pin="1"/><net_sink comp="348" pin=0"/></net>

<net id="352"><net_src comp="348" pin="1"/><net_sink comp="126" pin=0"/></net>

<net id="356"><net_src comp="133" pin="1"/><net_sink comp="353" pin=0"/></net>

<net id="357"><net_src comp="353" pin="1"/><net_sink comp="126" pin=0"/></net>

<net id="361"><net_src comp="133" pin="1"/><net_sink comp="358" pin=0"/></net>

<net id="362"><net_src comp="358" pin="1"/><net_sink comp="126" pin=0"/></net>

<net id="366"><net_src comp="126" pin="2"/><net_sink comp="363" pin=0"/></net>

<net id="367"><net_src comp="363" pin="1"/><net_sink comp="122" pin=0"/></net>

<net id="371"><net_src comp="126" pin="2"/><net_sink comp="368" pin=0"/></net>

<net id="372"><net_src comp="368" pin="1"/><net_sink comp="122" pin=1"/></net>

<net id="376"><net_src comp="126" pin="2"/><net_sink comp="373" pin=0"/></net>

<net id="377"><net_src comp="373" pin="1"/><net_sink comp="122" pin=1"/></net>

<net id="381"><net_src comp="122" pin="2"/><net_sink comp="378" pin=0"/></net>

<net id="382"><net_src comp="378" pin="1"/><net_sink comp="122" pin=0"/></net>

<net id="386"><net_src comp="193" pin="4"/><net_sink comp="383" pin=0"/></net>

<net id="387"><net_src comp="383" pin="1"/><net_sink comp="207" pin=0"/></net>

<net id="388"><net_src comp="383" pin="1"/><net_sink comp="224" pin=1"/></net>

<net id="392"><net_src comp="203" pin="1"/><net_sink comp="389" pin=0"/></net>

<net id="393"><net_src comp="389" pin="1"/><net_sink comp="241" pin=2"/></net>

<net id="397"><net_src comp="216" pin="3"/><net_sink comp="394" pin=0"/></net>

<net id="398"><net_src comp="394" pin="1"/><net_sink comp="295" pin=0"/></net>

<net id="402"><net_src comp="233" pin="3"/><net_sink comp="399" pin=0"/></net>

<net id="403"><net_src comp="399" pin="1"/><net_sink comp="254" pin=0"/></net>

<net id="407"><net_src comp="295" pin="3"/><net_sink comp="404" pin=0"/></net>

<net id="408"><net_src comp="404" pin="1"/><net_sink comp="116" pin=1"/></net>

</net_list>

</model> 
---------------- Datapath Model END ------------------

* FSMD analyzer results:
  - Output states:
	Port: gray | {26 }
 - Input state : 
	Port: card_recognizer_hw_Pipeline_VITIS_LOOP_105_1 : gmem | {2 3 4 }
	Port: card_recognizer_hw_Pipeline_VITIS_LOOP_105_1 : input_rgb | {1 }
	Port: card_recognizer_hw_Pipeline_VITIS_LOOP_105_1 : trunc_ln | {1 }
  - Chain level:
	State 1
		store_ln0 : 1
		i_2 : 1
		zext_ln105_1 : 2
		icmp_ln105 : 3
		br_ln105 : 4
	State 2
		r : 1
		store_ln105 : 1
	State 3
		conv9 : 1
	State 4
		conv : 1
	State 5
		conv4 : 1
	State 6
	State 7
	State 8
	State 9
	State 10
	State 11
	State 12
	State 13
	State 14
	State 15
	State 16
	State 17
	State 18
	State 19
	State 20
	State 21
	State 22
	State 23
		data_V : 1
		xs_exp_V : 2
		p_Result_s : 2
	State 24
		add_ln346 : 1
		isNeg : 2
		sext_ln1512 : 1
		ush : 3
	State 25
		zext_ln68 : 1
		zext_ln1488 : 1
		r_V : 2
		r_V_4 : 2
		tmp : 3
		zext_ln818 : 4
		tmp_7 : 3
		val : 5
	State 26
		gray_addr : 1
		store_ln110 : 2


============================================================
+ Verbose Summary: Datapath Resource usage 
============================================================

* Functional unit list:
|----------|---------------------------|---------|---------|---------|
| Operation|      Functional Unit      |   DSP   |    FF   |   LUT   |
|----------|---------------------------|---------|---------|---------|
|   fadd   |         grp_fu_122        |    2    |   205   |   390   |
|----------|---------------------------|---------|---------|---------|
|   fmul   |         grp_fu_126        |    3    |   143   |   321   |
|----------|---------------------------|---------|---------|---------|
|   lshr   |         r_V_fu_261        |    0    |    0    |   100   |
|----------|---------------------------|---------|---------|---------|
|    shl   |        r_V_4_fu_267       |    0    |    0    |   100   |
|----------|---------------------------|---------|---------|---------|
|    add   |      add_ln105_fu_164     |    0    |    0    |    26   |
|          |      add_ln346_fu_210     |    0    |    0    |    15   |
|----------|---------------------------|---------|---------|---------|
|   icmp   |     icmp_ln105_fu_152     |    0    |    0    |    17   |
|----------|---------------------------|---------|---------|---------|
|  select  |         ush_fu_233        |    0    |    0    |    9    |
|          |         val_fu_295        |    0    |    0    |    8    |
|----------|---------------------------|---------|---------|---------|
|    sub   |     sub_ln1512_fu_224     |    0    |    0    |    15   |
|----------|---------------------------|---------|---------|---------|
|          |  trunc_ln_read_read_fu_92 |    0    |    0    |    0    |
|   read   | input_rgb_read_read_fu_98 |    0    |    0    |    0    |
|          |      grp_read_fu_104      |    0    |    0    |    0    |
|----------|---------------------------|---------|---------|---------|
|  sitofp  |         grp_fu_133        |    0    |    0    |    0    |
|----------|---------------------------|---------|---------|---------|
|          |    zext_ln105_1_fu_148    |    0    |    0    |    0    |
|          |     zext_ln110_fu_174     |    0    |    0    |    0    |
|          |    zext_ln110_1_fu_179    |    0    |    0    |    0    |
|          |    zext_ln110_2_fu_184    |    0    |    0    |    0    |
|   zext   |     zext_ln346_fu_207     |    0    |    0    |    0    |
|          |      zext_ln68_fu_250     |    0    |    0    |    0    |
|          |     zext_ln1488_fu_257    |    0    |    0    |    0    |
|          |     zext_ln818_fu_281     |    0    |    0    |    0    |
|          |     zext_ln105_fu_302     |    0    |    0    |    0    |
|----------|---------------------------|---------|---------|---------|
|partselect|      xs_exp_V_fu_193      |    0    |    0    |    0    |
|          |        tmp_7_fu_285       |    0    |    0    |    0    |
|----------|---------------------------|---------|---------|---------|
|   trunc  |     p_Result_s_fu_203     |    0    |    0    |    0    |
|----------|---------------------------|---------|---------|---------|
| bitselect|        isNeg_fu_216       |    0    |    0    |    0    |
|          |         tmp_fu_273        |    0    |    0    |    0    |
|----------|---------------------------|---------|---------|---------|
|   sext   |     sext_ln1512_fu_229    |    0    |    0    |    0    |
|          |     sext_ln1488_fu_254    |    0    |    0    |    0    |
|----------|---------------------------|---------|---------|---------|
|bitconcatenate|      mantissa_fu_241      |    0    |    0    |    0    |
|----------|---------------------------|---------|---------|---------|
|   Total  |                           |    5    |   348   |   1001  |
|----------|---------------------------|---------|---------|---------|

Memories:
N/A

* Register list:
+----------------------+--------+
|                      |   FF   |
+----------------------+--------+
|      add_reg_378     |   32   |
|     conv4_reg_358    |   32   |
|     conv9_reg_348    |   32   |
|     conv_reg_353     |   32   |
|   gmem_addr_reg_328  |    8   |
|      i_2_reg_318     |   19   |
|       i_reg_306      |   19   |
|  icmp_ln105_reg_324  |    1   |
|input_rgb_read_reg_313|   64   |
|     isNeg_reg_394    |    1   |
|     mul1_reg_368     |   32   |
|     mul2_reg_373     |   32   |
|      mul_reg_363     |   32   |
|  p_Result_s_reg_389  |   23   |
|        reg_136       |    8   |
|      ush_reg_399     |    9   |
|      val_reg_404     |    8   |
|   xs_exp_V_reg_383   |    8   |
| zext_ln110_1_reg_338 |   32   |
| zext_ln110_2_reg_343 |   32   |
|  zext_ln110_reg_333  |   32   |
+----------------------+--------+
|         Total        |   488  |
+----------------------+--------+

* Multiplexer (MUX) list: 
|-----------------|------|------|------|--------||---------||---------|
|       Comp      |  Pin | Size |  BW  | S x BW ||  Delay  ||   LUT   |
|-----------------|------|------|------|--------||---------||---------|
| grp_read_fu_104 |  p1  |   2  |   8  |   16   ||    9    |
|    grp_fu_122   |  p0  |   2  |  32  |   64   ||    9    |
|    grp_fu_122   |  p1  |   2  |  32  |   64   ||    9    |
|    grp_fu_126   |  p0  |   3  |  32  |   96   ||    14   |
|    grp_fu_126   |  p1  |   3  |  32  |   96   |
|    grp_fu_133   |  p0  |   6  |   8  |   48   ||    31   |
|-----------------|------|------|------|--------||---------||---------|
|      Total      |      |      |      |   384  || 10.2438 ||    72   |
|-----------------|------|------|------|--------||---------||---------|



* Summary:
+-----------+--------+--------+--------+--------+
|           |   DSP  |  Delay |   FF   |   LUT  |
+-----------+--------+--------+--------+--------+
|  Function |    5   |    -   |   348  |  1001  |
|   Memory  |    -   |    -   |    -   |    -   |
|Multiplexer|    -   |   10   |    -   |   72   |
|  Register |    -   |    -   |   488  |    -   |
+-----------+--------+--------+--------+--------+
|   Total   |    5   |   10   |   836  |  1073  |
+-----------+--------+--------+--------+--------+
