

================================================================
== Vitis HLS Report for 'card_recognizer_hw_Pipeline_VITIS_LOOP_105_1'
================================================================
* Date:           Tue Jun  9 14:11:42 2026

* Version:        2022.2 (Build 3670227 on Oct 13 2022)
* Project:        card_recognizer_hls
* Solution:       solution1 (Vivado IP Flow Target)
* Product family: zynq
* Target device:  xc7z010-clg400-1


================================================================
== Performance Estimates
================================================================
+ Timing: 
    * Summary: 
    +--------+----------+----------+------------+
    |  Clock |  Target  | Estimated| Uncertainty|
    +--------+----------+----------+------------+
    |ap_clk  |  10.00 ns|  7.300 ns|     2.70 ns|
    +--------+----------+----------+------------+

+ Latency: 
    * Summary: 
    +---------+---------+----------+----------+-----+-----+---------+
    |  Latency (cycles) |  Latency (absolute) |  Interval | Pipeline|
    |   min   |   max   |    min   |    max   | min | max |   Type  |
    +---------+---------+----------+----------+-----+-----+---------+
    |       27|        ?|  0.270 us|         ?|   27|    ?|       no|
    +---------+---------+----------+----------+-----+-----+---------+

    + Detail: 
        * Instance: 
        N/A

        * Loop: 
        +--------------------+---------+---------+----------+-----------+-----------+-------+----------+
        |                    |  Latency (cycles) | Iteration|  Initiation Interval  |  Trip |          |
        |      Loop Name     |   min   |   max   |  Latency |  achieved |   target  | Count | Pipelined|
        +--------------------+---------+---------+----------+-----------+-----------+-------+----------+
        |- VITIS_LOOP_105_1  |       25|        ?|        26|          3|          1|  1 ~ ?|       yes|
        +--------------------+---------+---------+----------+-----------+-----------+-------+----------+

============================================================
+ Verbose Summary: Synthesis Manager
============================================================
InlineROM: 1
ExposeGlobal: 0
============================================================
+ Verbose Summary: CDFG Model
============================================================
IsTopModel: 0
ResetActiveHigh: 1
IsCombinational: 0
IsDatapathOnly: 0
HasWiredReturn: 1
HasMFsm: 2
HasVarLatency: 1
IsPipeline: 0
IsRtlPipelined: 0
IsInstanceOverlapped: 0
IsDontTouch: 0
HasImplIP: 0
IsGatedGlobalClock: 0

+ Individual pipeline summary: 
  * Pipeline-0: initiation interval (II) = 3, depth = 26


============================================================
+ Verbose Summary: Schedule
============================================================
* Number of FSM states : 26
* Pipeline : 1
  Pipeline-0 : II = 3, D = 26, States = { 1 2 3 4 5 6 7 8 9 10 11 12 13 14 15 16 17 18 19 20 21 22 23 24 25 26 }
* Dataflow Pipeline: 0

* FSM state transitions: 
1 --> 2 
2 --> 3 
3 --> 4 
4 --> 5 
5 --> 6 
6 --> 7 
7 --> 8 
8 --> 9 
9 --> 10 
10 --> 11 
11 --> 12 
12 --> 13 
13 --> 14 
14 --> 15 
15 --> 16 
16 --> 17 
17 --> 18 
18 --> 19 
19 --> 20 
20 --> 21 
21 --> 22 
22 --> 23 
23 --> 24 
24 --> 25 
25 --> 26 
26 --> 

* FSM state operations: 

State 1 <SV = 0> <Delay = 2.47>
ST_1 : Operation 29 [1/1] (0.00ns)   --->   "%i = alloca i32 1"   --->   Operation 29 'alloca' 'i' <Predicate = true> <Delay = 0.00>
ST_1 : Operation 30 [1/1] (0.00ns)   --->   "%specinterface_ln0 = specinterface void @_ssdm_op_SpecInterface, i8 %gmem, void @empty, i32 0, i32 0, void @empty_0, i32 0, i32 921600, void @empty_1, void @empty_2, void @empty_0, i32 16, i32 16, i32 16, i32 16, void @empty_0, void @empty_0, i32 4294967295, i32 0"   --->   Operation 30 'specinterface' 'specinterface_ln0' <Predicate = true> <Delay = 0.00>
ST_1 : Operation 31 [1/1] (0.00ns)   --->   "%trunc_ln_read = read i31 @_ssdm_op_Read.ap_auto.i31, i31 %trunc_ln"   --->   Operation 31 'read' 'trunc_ln_read' <Predicate = true> <Delay = 0.00>
ST_1 : Operation 32 [1/1] (0.00ns)   --->   "%input_rgb_read = read i64 @_ssdm_op_Read.ap_auto.i64, i64 %input_rgb"   --->   Operation 32 'read' 'input_rgb_read' <Predicate = true> <Delay = 0.00>
ST_1 : Operation 33 [1/1] (1.58ns)   --->   "%store_ln0 = store i19 0, i19 %i"   --->   Operation 33 'store' 'store_ln0' <Predicate = true> <Delay = 1.58>
ST_1 : Operation 34 [1/1] (0.00ns)   --->   "%br_ln0 = br void %for.inc"   --->   Operation 34 'br' 'br_ln0' <Predicate = true> <Delay = 0.00>
ST_1 : Operation 35 [1/1] (0.00ns)   --->   "%i_2 = load i19 %i" [card_recognizer_hls.cpp:105]   --->   Operation 35 'load' 'i_2' <Predicate = true> <Delay = 0.00>
ST_1 : Operation 36 [1/1] (0.00ns)   --->   "%zext_ln105_1 = zext i19 %i_2" [card_recognizer_hls.cpp:105]   --->   Operation 36 'zext' 'zext_ln105_1' <Predicate = true> <Delay = 0.00>
ST_1 : Operation 37 [1/1] (2.47ns)   --->   "%icmp_ln105 = icmp_eq  i31 %zext_ln105_1, i31 %trunc_ln_read" [card_recognizer_hls.cpp:105]   --->   Operation 37 'icmp' 'icmp_ln105' <Predicate = true> <Delay = 2.47> <CoreInst = "Cmp">   --->   Core 9 'Cmp' <Latency = 0> <II = 1> <Delay = 2.47> <FuncUnit> <Opcode : 'icmp'> <InPorts = 2> <OutPorts = 1>
ST_1 : Operation 38 [1/1] (0.00ns)   --->   "%br_ln105 = br i1 %icmp_ln105, void %for.inc.split, void %for.inc34.preheader.exitStub" [card_recognizer_hls.cpp:105]   --->   Operation 38 'br' 'br_ln105' <Predicate = true> <Delay = 0.00>

State 2 <SV = 1> <Delay = 7.30>
ST_2 : Operation 39 [1/1] (0.00ns)   --->   "%specbitsmap_ln0 = specbitsmap void @_ssdm_op_SpecBitsMap, i8 %gmem"   --->   Operation 39 'specbitsmap' 'specbitsmap_ln0' <Predicate = true> <Delay = 0.00>
ST_2 : Operation 40 [1/1] (0.00ns)   --->   "%gmem_addr = getelementptr i8 %gmem, i64 %input_rgb_read" [card_recognizer_hls.cpp:105]   --->   Operation 40 'getelementptr' 'gmem_addr' <Predicate = true> <Delay = 0.00>
ST_2 : Operation 41 [1/1] (0.00ns)   --->   "%empty = speclooptripcount i32 @_ssdm_op_SpecLoopTripCount, i64 1, i64 18446744073709551615, i64 0"   --->   Operation 41 'speclooptripcount' 'empty' <Predicate = true> <Delay = 0.00>
ST_2 : Operation 42 [1/1] (2.16ns)   --->   "%add_ln105 = add i19 %i_2, i19 1" [card_recognizer_hls.cpp:105]   --->   Operation 42 'add' 'add_ln105' <Predicate = true> <Delay = 2.16> <CoreInst = "Adder">   --->   Core 1 'Adder' <Latency = 0> <II = 1> <Delay = 2.16> <FuncUnit> <Opcode : 'add' 'sub'> <InPorts = 2> <OutPorts = 1>
ST_2 : Operation 43 [1/1] (7.30ns)   --->   "%r = read i8 @_ssdm_op_Read.m_axi.p1i8, i8 %gmem_addr" [card_recognizer_hls.cpp:107]   --->   Operation 43 'read' 'r' <Predicate = (!icmp_ln105)> <Delay = 7.30> <CoreInst = "m_axi">   --->   Core 113 'm_axi' <Latency = 0> <II = 1> <Delay = 1.00> <Adapter> <Opcode : 'read' 'write' 'readreq' 'writereq' 'writeresp'>
ST_2 : Operation 44 [1/1] (1.58ns)   --->   "%store_ln105 = store i19 %add_ln105, i19 %i" [card_recognizer_hls.cpp:105]   --->   Operation 44 'store' 'store_ln105' <Predicate = (!icmp_ln105)> <Delay = 1.58>

State 3 <SV = 2> <Delay = 7.30>
ST_3 : Operation 45 [1/1] (7.30ns)   --->   "%g = read i8 @_ssdm_op_Read.m_axi.p1i8, i8 %gmem_addr" [card_recognizer_hls.cpp:107]   --->   Operation 45 'read' 'g' <Predicate = (!icmp_ln105)> <Delay = 7.30> <CoreInst = "m_axi">   --->   Core 113 'm_axi' <Latency = 0> <II = 1> <Delay = 1.00> <Adapter> <Opcode : 'read' 'write' 'readreq' 'writereq' 'writeresp'>
ST_3 : Operation 46 [1/1] (0.00ns)   --->   "%zext_ln110 = zext i8 %r" [card_recognizer_hls.cpp:110]   --->   Operation 46 'zext' 'zext_ln110' <Predicate = (!icmp_ln105)> <Delay = 0.00>
ST_3 : Operation 47 [6/6] (6.41ns)   --->   "%conv9 = sitofp i32 %zext_ln110" [card_recognizer_hls.cpp:110]   --->   Operation 47 'sitofp' 'conv9' <Predicate = (!icmp_ln105)> <Delay = 6.41> <CoreInst = "Int2Float">   --->   Core 62 'Int2Float' <Latency = 5> <II = 1> <Delay = 6.41> <FuncUnit> <Opcode : 'sitofp' 'uitofp'> <InPorts = 1> <OutPorts = 1>

State 4 <SV = 3> <Delay = 7.30>
ST_4 : Operation 48 [1/1] (7.30ns)   --->   "%b = read i8 @_ssdm_op_Read.m_axi.p1i8, i8 %gmem_addr" [card_recognizer_hls.cpp:107]   --->   Operation 48 'read' 'b' <Predicate = true> <Delay = 7.30> <CoreInst = "m_axi">   --->   Core 113 'm_axi' <Latency = 0> <II = 1> <Delay = 1.00> <Adapter> <Opcode : 'read' 'write' 'readreq' 'writereq' 'writeresp'>
ST_4 : Operation 49 [5/6] (6.41ns)   --->   "%conv9 = sitofp i32 %zext_ln110" [card_recognizer_hls.cpp:110]   --->   Operation 49 'sitofp' 'conv9' <Predicate = true> <Delay = 6.41> <CoreInst = "Int2Float">   --->   Core 62 'Int2Float' <Latency = 5> <II = 1> <Delay = 6.41> <FuncUnit> <Opcode : 'sitofp' 'uitofp'> <InPorts = 1> <OutPorts = 1>
ST_4 : Operation 50 [1/1] (0.00ns)   --->   "%zext_ln110_1 = zext i8 %g" [card_recognizer_hls.cpp:110]   --->   Operation 50 'zext' 'zext_ln110_1' <Predicate = true> <Delay = 0.00>
ST_4 : Operation 51 [6/6] (6.41ns)   --->   "%conv = sitofp i32 %zext_ln110_1" [card_recognizer_hls.cpp:110]   --->   Operation 51 'sitofp' 'conv' <Predicate = true> <Delay = 6.41> <CoreInst = "Int2Float">   --->   Core 62 'Int2Float' <Latency = 5> <II = 1> <Delay = 6.41> <FuncUnit> <Opcode : 'sitofp' 'uitofp'> <InPorts = 1> <OutPorts = 1>

State 5 <SV = 4> <Delay = 6.41>
ST_5 : Operation 52 [4/6] (6.41ns)   --->   "%conv9 = sitofp i32 %zext_ln110" [card_recognizer_hls.cpp:110]   --->   Operation 52 'sitofp' 'conv9' <Predicate = true> <Delay = 6.41> <CoreInst = "Int2Float">   --->   Core 62 'Int2Float' <Latency = 5> <II = 1> <Delay = 6.41> <FuncUnit> <Opcode : 'sitofp' 'uitofp'> <InPorts = 1> <OutPorts = 1>
ST_5 : Operation 53 [5/6] (6.41ns)   --->   "%conv = sitofp i32 %zext_ln110_1" [card_recognizer_hls.cpp:110]   --->   Operation 53 'sitofp' 'conv' <Predicate = true> <Delay = 6.41> <CoreInst = "Int2Float">   --->   Core 62 'Int2Float' <Latency = 5> <II = 1> <Delay = 6.41> <FuncUnit> <Opcode : 'sitofp' 'uitofp'> <InPorts = 1> <OutPorts = 1>
ST_5 : Operation 54 [1/1] (0.00ns)   --->   "%zext_ln110_2 = zext i8 %b" [card_recognizer_hls.cpp:110]   --->   Operation 54 'zext' 'zext_ln110_2' <Predicate = true> <Delay = 0.00>
ST_5 : Operation 55 [6/6] (6.41ns)   --->   "%conv4 = sitofp i32 %zext_ln110_2" [card_recognizer_hls.cpp:110]   --->   Operation 55 'sitofp' 'conv4' <Predicate = true> <Delay = 6.41> <CoreInst = "Int2Float">   --->   Core 62 'Int2Float' <Latency = 5> <II = 1> <Delay = 6.41> <FuncUnit> <Opcode : 'sitofp' 'uitofp'> <InPorts = 1> <OutPorts = 1>

State 6 <SV = 5> <Delay = 6.41>
ST_6 : Operation 56 [3/6] (6.41ns)   --->   "%conv9 = sitofp i32 %zext_ln110" [card_recognizer_hls.cpp:110]   --->   Operation 56 'sitofp' 'conv9' <Predicate = true> <Delay = 6.41> <CoreInst = "Int2Float">   --->   Core 62 'Int2Float' <Latency = 5> <II = 1> <Delay = 6.41> <FuncUnit> <Opcode : 'sitofp' 'uitofp'> <InPorts = 1> <OutPorts = 1>
ST_6 : Operation 57 [4/6] (6.41ns)   --->   "%conv = sitofp i32 %zext_ln110_1" [card_recognizer_hls.cpp:110]   --->   Operation 57 'sitofp' 'conv' <Predicate = true> <Delay = 6.41> <CoreInst = "Int2Float">   --->   Core 62 'Int2Float' <Latency = 5> <II = 1> <Delay = 6.41> <FuncUnit> <Opcode : 'sitofp' 'uitofp'> <InPorts = 1> <OutPorts = 1>
ST_6 : Operation 58 [5/6] (6.41ns)   --->   "%conv4 = sitofp i32 %zext_ln110_2" [card_recognizer_hls.cpp:110]   --->   Operation 58 'sitofp' 'conv4' <Predicate = true> <Delay = 6.41> <CoreInst = "Int2Float">   --->   Core 62 'Int2Float' <Latency = 5> <II = 1> <Delay = 6.41> <FuncUnit> <Opcode : 'sitofp' 'uitofp'> <InPorts = 1> <OutPorts = 1>

State 7 <SV = 6> <Delay = 6.41>
ST_7 : Operation 59 [2/6] (6.41ns)   --->   "%conv9 = sitofp i32 %zext_ln110" [card_recognizer_hls.cpp:110]   --->   Operation 59 'sitofp' 'conv9' <Predicate = true> <Delay = 6.41> <CoreInst = "Int2Float">   --->   Core 62 'Int2Float' <Latency = 5> <II = 1> <Delay = 6.41> <FuncUnit> <Opcode : 'sitofp' 'uitofp'> <InPorts = 1> <OutPorts = 1>
ST_7 : Operation 60 [3/6] (6.41ns)   --->   "%conv = sitofp i32 %zext_ln110_1" [card_recognizer_hls.cpp:110]   --->   Operation 60 'sitofp' 'conv' <Predicate = true> <Delay = 6.41> <CoreInst = "Int2Float">   --->   Core 62 'Int2Float' <Latency = 5> <II = 1> <Delay = 6.41> <FuncUnit> <Opcode : 'sitofp' 'uitofp'> <InPorts = 1> <OutPorts = 1>
ST_7 : Operation 61 [4/6] (6.41ns)   --->   "%conv4 = sitofp i32 %zext_ln110_2" [card_recognizer_hls.cpp:110]   --->   Operation 61 'sitofp' 'conv4' <Predicate = true> <Delay = 6.41> <CoreInst = "Int2Float">   --->   Core 62 'Int2Float' <Latency = 5> <II = 1> <Delay = 6.41> <FuncUnit> <Opcode : 'sitofp' 'uitofp'> <InPorts = 1> <OutPorts = 1>

State 8 <SV = 7> <Delay = 6.41>
ST_8 : Operation 62 [1/6] (6.41ns)   --->   "%conv9 = sitofp i32 %zext_ln110" [card_recognizer_hls.cpp:110]   --->   Operation 62 'sitofp' 'conv9' <Predicate = true> <Delay = 6.41> <CoreInst = "Int2Float">   --->   Core 62 'Int2Float' <Latency = 5> <II = 1> <Delay = 6.41> <FuncUnit> <Opcode : 'sitofp' 'uitofp'> <InPorts = 1> <OutPorts = 1>
ST_8 : Operation 63 [2/6] (6.41ns)   --->   "%conv = sitofp i32 %zext_ln110_1" [card_recognizer_hls.cpp:110]   --->   Operation 63 'sitofp' 'conv' <Predicate = true> <Delay = 6.41> <CoreInst = "Int2Float">   --->   Core 62 'Int2Float' <Latency = 5> <II = 1> <Delay = 6.41> <FuncUnit> <Opcode : 'sitofp' 'uitofp'> <InPorts = 1> <OutPorts = 1>
ST_8 : Operation 64 [3/6] (6.41ns)   --->   "%conv4 = sitofp i32 %zext_ln110_2" [card_recognizer_hls.cpp:110]   --->   Operation 64 'sitofp' 'conv4' <Predicate = true> <Delay = 6.41> <CoreInst = "Int2Float">   --->   Core 62 'Int2Float' <Latency = 5> <II = 1> <Delay = 6.41> <FuncUnit> <Opcode : 'sitofp' 'uitofp'> <InPorts = 1> <OutPorts = 1>

State 9 <SV = 8> <Delay = 6.41>
ST_9 : Operation 65 [4/4] (5.70ns)   --->   "%mul = fmul i32 %conv9, i32 0.299" [card_recognizer_hls.cpp:110]   --->   Operation 65 'fmul' 'mul' <Predicate = true> <Delay = 5.70> <CoreInst = "FMul_maxdsp">   --->   Core 30 'FMul_maxdsp' <Latency = 3> <II = 1> <Delay = 5.70> <FuncUnit> <Opcode : 'fmul'> <InPorts = 2> <OutPorts = 1>
ST_9 : Operation 66 [1/6] (6.41ns)   --->   "%conv = sitofp i32 %zext_ln110_1" [card_recognizer_hls.cpp:110]   --->   Operation 66 'sitofp' 'conv' <Predicate = true> <Delay = 6.41> <CoreInst = "Int2Float">   --->   Core 62 'Int2Float' <Latency = 5> <II = 1> <Delay = 6.41> <FuncUnit> <Opcode : 'sitofp' 'uitofp'> <InPorts = 1> <OutPorts = 1>
ST_9 : Operation 67 [2/6] (6.41ns)   --->   "%conv4 = sitofp i32 %zext_ln110_2" [card_recognizer_hls.cpp:110]   --->   Operation 67 'sitofp' 'conv4' <Predicate = true> <Delay = 6.41> <CoreInst = "Int2Float">   --->   Core 62 'Int2Float' <Latency = 5> <II = 1> <Delay = 6.41> <FuncUnit> <Opcode : 'sitofp' 'uitofp'> <InPorts = 1> <OutPorts = 1>

State 10 <SV = 9> <Delay = 6.41>
ST_10 : Operation 68 [3/4] (5.70ns)   --->   "%mul = fmul i32 %conv9, i32 0.299" [card_recognizer_hls.cpp:110]   --->   Operation 68 'fmul' 'mul' <Predicate = true> <Delay = 5.70> <CoreInst = "FMul_maxdsp">   --->   Core 30 'FMul_maxdsp' <Latency = 3> <II = 1> <Delay = 5.70> <FuncUnit> <Opcode : 'fmul'> <InPorts = 2> <OutPorts = 1>
ST_10 : Operation 69 [4/4] (5.70ns)   --->   "%mul1 = fmul i32 %conv, i32 0.587" [card_recognizer_hls.cpp:110]   --->   Operation 69 'fmul' 'mul1' <Predicate = true> <Delay = 5.70> <CoreInst = "FMul_maxdsp">   --->   Core 30 'FMul_maxdsp' <Latency = 3> <II = 1> <Delay = 5.70> <FuncUnit> <Opcode : 'fmul'> <InPorts = 2> <OutPorts = 1>
ST_10 : Operation 70 [1/6] (6.41ns)   --->   "%conv4 = sitofp i32 %zext_ln110_2" [card_recognizer_hls.cpp:110]   --->   Operation 70 'sitofp' 'conv4' <Predicate = true> <Delay = 6.41> <CoreInst = "Int2Float">   --->   Core 62 'Int2Float' <Latency = 5> <II = 1> <Delay = 6.41> <FuncUnit> <Opcode : 'sitofp' 'uitofp'> <InPorts = 1> <OutPorts = 1>

State 11 <SV = 10> <Delay = 5.70>
ST_11 : Operation 71 [2/4] (5.70ns)   --->   "%mul = fmul i32 %conv9, i32 0.299" [card_recognizer_hls.cpp:110]   --->   Operation 71 'fmul' 'mul' <Predicate = true> <Delay = 5.70> <CoreInst = "FMul_maxdsp">   --->   Core 30 'FMul_maxdsp' <Latency = 3> <II = 1> <Delay = 5.70> <FuncUnit> <Opcode : 'fmul'> <InPorts = 2> <OutPorts = 1>
ST_11 : Operation 72 [3/4] (5.70ns)   --->   "%mul1 = fmul i32 %conv, i32 0.587" [card_recognizer_hls.cpp:110]   --->   Operation 72 'fmul' 'mul1' <Predicate = true> <Delay = 5.70> <CoreInst = "FMul_maxdsp">   --->   Core 30 'FMul_maxdsp' <Latency = 3> <II = 1> <Delay = 5.70> <FuncUnit> <Opcode : 'fmul'> <InPorts = 2> <OutPorts = 1>
ST_11 : Operation 73 [4/4] (5.70ns)   --->   "%mul2 = fmul i32 %conv4, i32 0.114" [card_recognizer_hls.cpp:110]   --->   Operation 73 'fmul' 'mul2' <Predicate = true> <Delay = 5.70> <CoreInst = "FMul_maxdsp">   --->   Core 30 'FMul_maxdsp' <Latency = 3> <II = 1> <Delay = 5.70> <FuncUnit> <Opcode : 'fmul'> <InPorts = 2> <OutPorts = 1>

State 12 <SV = 11> <Delay = 5.70>
ST_12 : Operation 74 [1/4] (5.70ns)   --->   "%mul = fmul i32 %conv9, i32 0.299" [card_recognizer_hls.cpp:110]   --->   Operation 74 'fmul' 'mul' <Predicate = true> <Delay = 5.70> <CoreInst = "FMul_maxdsp">   --->   Core 30 'FMul_maxdsp' <Latency = 3> <II = 1> <Delay = 5.70> <FuncUnit> <Opcode : 'fmul'> <InPorts = 2> <OutPorts = 1>
ST_12 : Operation 75 [2/4] (5.70ns)   --->   "%mul1 = fmul i32 %conv, i32 0.587" [card_recognizer_hls.cpp:110]   --->   Operation 75 'fmul' 'mul1' <Predicate = true> <Delay = 5.70> <CoreInst = "FMul_maxdsp">   --->   Core 30 'FMul_maxdsp' <Latency = 3> <II = 1> <Delay = 5.70> <FuncUnit> <Opcode : 'fmul'> <InPorts = 2> <OutPorts = 1>
ST_12 : Operation 76 [3/4] (5.70ns)   --->   "%mul2 = fmul i32 %conv4, i32 0.114" [card_recognizer_hls.cpp:110]   --->   Operation 76 'fmul' 'mul2' <Predicate = true> <Delay = 5.70> <CoreInst = "FMul_maxdsp">   --->   Core 30 'FMul_maxdsp' <Latency = 3> <II = 1> <Delay = 5.70> <FuncUnit> <Opcode : 'fmul'> <InPorts = 2> <OutPorts = 1>

State 13 <SV = 12> <Delay = 5.70>
ST_13 : Operation 77 [1/4] (5.70ns)   --->   "%mul1 = fmul i32 %conv, i32 0.587" [card_recognizer_hls.cpp:110]   --->   Operation 77 'fmul' 'mul1' <Predicate = true> <Delay = 5.70> <CoreInst = "FMul_maxdsp">   --->   Core 30 'FMul_maxdsp' <Latency = 3> <II = 1> <Delay = 5.70> <FuncUnit> <Opcode : 'fmul'> <InPorts = 2> <OutPorts = 1>
ST_13 : Operation 78 [2/4] (5.70ns)   --->   "%mul2 = fmul i32 %conv4, i32 0.114" [card_recognizer_hls.cpp:110]   --->   Operation 78 'fmul' 'mul2' <Predicate = true> <Delay = 5.70> <CoreInst = "FMul_maxdsp">   --->   Core 30 'FMul_maxdsp' <Latency = 3> <II = 1> <Delay = 5.70> <FuncUnit> <Opcode : 'fmul'> <InPorts = 2> <OutPorts = 1>

State 14 <SV = 13> <Delay = 7.25>
ST_14 : Operation 79 [5/5] (7.25ns)   --->   "%add = fadd i32 %mul, i32 %mul1" [card_recognizer_hls.cpp:110]   --->   Operation 79 'fadd' 'add' <Predicate = true> <Delay = 7.25> <CoreInst = "FAddSub_fulldsp">   --->   Core 18 'FAddSub_fulldsp' <Latency = 4> <II = 1> <Delay = 7.25> <FuncUnit> <Opcode : 'fadd' 'fsub'> <InPorts = 2> <OutPorts = 1>
ST_14 : Operation 80 [1/4] (5.70ns)   --->   "%mul2 = fmul i32 %conv4, i32 0.114" [card_recognizer_hls.cpp:110]   --->   Operation 80 'fmul' 'mul2' <Predicate = true> <Delay = 5.70> <CoreInst = "FMul_maxdsp">   --->   Core 30 'FMul_maxdsp' <Latency = 3> <II = 1> <Delay = 5.70> <FuncUnit> <Opcode : 'fmul'> <InPorts = 2> <OutPorts = 1>

State 15 <SV = 14> <Delay = 7.25>
ST_15 : Operation 81 [4/5] (7.25ns)   --->   "%add = fadd i32 %mul, i32 %mul1" [card_recognizer_hls.cpp:110]   --->   Operation 81 'fadd' 'add' <Predicate = true> <Delay = 7.25> <CoreInst = "FAddSub_fulldsp">   --->   Core 18 'FAddSub_fulldsp' <Latency = 4> <II = 1> <Delay = 7.25> <FuncUnit> <Opcode : 'fadd' 'fsub'> <InPorts = 2> <OutPorts = 1>

State 16 <SV = 15> <Delay = 7.25>
ST_16 : Operation 82 [3/5] (7.25ns)   --->   "%add = fadd i32 %mul, i32 %mul1" [card_recognizer_hls.cpp:110]   --->   Operation 82 'fadd' 'add' <Predicate = true> <Delay = 7.25> <CoreInst = "FAddSub_fulldsp">   --->   Core 18 'FAddSub_fulldsp' <Latency = 4> <II = 1> <Delay = 7.25> <FuncUnit> <Opcode : 'fadd' 'fsub'> <InPorts = 2> <OutPorts = 1>

State 17 <SV = 16> <Delay = 7.25>
ST_17 : Operation 83 [2/5] (7.25ns)   --->   "%add = fadd i32 %mul, i32 %mul1" [card_recognizer_hls.cpp:110]   --->   Operation 83 'fadd' 'add' <Predicate = true> <Delay = 7.25> <CoreInst = "FAddSub_fulldsp">   --->   Core 18 'FAddSub_fulldsp' <Latency = 4> <II = 1> <Delay = 7.25> <FuncUnit> <Opcode : 'fadd' 'fsub'> <InPorts = 2> <OutPorts = 1>

State 18 <SV = 17> <Delay = 7.25>
ST_18 : Operation 84 [1/5] (7.25ns)   --->   "%add = fadd i32 %mul, i32 %mul1" [card_recognizer_hls.cpp:110]   --->   Operation 84 'fadd' 'add' <Predicate = true> <Delay = 7.25> <CoreInst = "FAddSub_fulldsp">   --->   Core 18 'FAddSub_fulldsp' <Latency = 4> <II = 1> <Delay = 7.25> <FuncUnit> <Opcode : 'fadd' 'fsub'> <InPorts = 2> <OutPorts = 1>

State 19 <SV = 18> <Delay = 7.25>
ST_19 : Operation 85 [5/5] (7.25ns)   --->   "%dc = fadd i32 %add, i32 %mul2" [card_recognizer_hls.cpp:110]   --->   Operation 85 'fadd' 'dc' <Predicate = true> <Delay = 7.25> <CoreInst = "FAddSub_fulldsp">   --->   Core 18 'FAddSub_fulldsp' <Latency = 4> <II = 1> <Delay = 7.25> <FuncUnit> <Opcode : 'fadd' 'fsub'> <InPorts = 2> <OutPorts = 1>

State 20 <SV = 19> <Delay = 7.25>
ST_20 : Operation 86 [4/5] (7.25ns)   --->   "%dc = fadd i32 %add, i32 %mul2" [card_recognizer_hls.cpp:110]   --->   Operation 86 'fadd' 'dc' <Predicate = true> <Delay = 7.25> <CoreInst = "FAddSub_fulldsp">   --->   Core 18 'FAddSub_fulldsp' <Latency = 4> <II = 1> <Delay = 7.25> <FuncUnit> <Opcode : 'fadd' 'fsub'> <InPorts = 2> <OutPorts = 1>

State 21 <SV = 20> <Delay = 7.25>
ST_21 : Operation 87 [3/5] (7.25ns)   --->   "%dc = fadd i32 %add, i32 %mul2" [card_recognizer_hls.cpp:110]   --->   Operation 87 'fadd' 'dc' <Predicate = true> <Delay = 7.25> <CoreInst = "FAddSub_fulldsp">   --->   Core 18 'FAddSub_fulldsp' <Latency = 4> <II = 1> <Delay = 7.25> <FuncUnit> <Opcode : 'fadd' 'fsub'> <InPorts = 2> <OutPorts = 1>

State 22 <SV = 21> <Delay = 7.25>
ST_22 : Operation 88 [2/5] (7.25ns)   --->   "%dc = fadd i32 %add, i32 %mul2" [card_recognizer_hls.cpp:110]   --->   Operation 88 'fadd' 'dc' <Predicate = true> <Delay = 7.25> <CoreInst = "FAddSub_fulldsp">   --->   Core 18 'FAddSub_fulldsp' <Latency = 4> <II = 1> <Delay = 7.25> <FuncUnit> <Opcode : 'fadd' 'fsub'> <InPorts = 2> <OutPorts = 1>

State 23 <SV = 22> <Delay = 7.25>
ST_23 : Operation 89 [1/5] (7.25ns)   --->   "%dc = fadd i32 %add, i32 %mul2" [card_recognizer_hls.cpp:110]   --->   Operation 89 'fadd' 'dc' <Predicate = true> <Delay = 7.25> <CoreInst = "FAddSub_fulldsp">   --->   Core 18 'FAddSub_fulldsp' <Latency = 4> <II = 1> <Delay = 7.25> <FuncUnit> <Opcode : 'fadd' 'fsub'> <InPorts = 2> <OutPorts = 1>
ST_23 : Operation 90 [1/1] (0.00ns)   --->   "%data_V = bitcast i32 %dc" [C:\scratch\2022.2\hls_product\608\2022.2\src\shared\hls\clib/src/hls\utils/x_hls_utils.h:317]   --->   Operation 90 'bitcast' 'data_V' <Predicate = true> <Delay = 0.00>
ST_23 : Operation 91 [1/1] (0.00ns)   --->   "%xs_exp_V = partselect i8 @_ssdm_op_PartSelect.i8.i32.i32.i32, i32 %data_V, i32 23, i32 30"   --->   Operation 91 'partselect' 'xs_exp_V' <Predicate = true> <Delay = 0.00>
ST_23 : Operation 92 [1/1] (0.00ns)   --->   "%p_Result_s = trunc i32 %data_V"   --->   Operation 92 'trunc' 'p_Result_s' <Predicate = true> <Delay = 0.00>
ST_23 : Operation 115 [1/1] (0.00ns)   --->   "%ret_ln0 = ret"   --->   Operation 115 'ret' 'ret_ln0' <Predicate = (icmp_ln105)> <Delay = 0.00>

State 24 <SV = 23> <Delay = 2.88>
ST_24 : Operation 93 [1/1] (0.00ns)   --->   "%zext_ln346 = zext i8 %xs_exp_V" [C:\scratch\2022.2\hls_product\608\2022.2\src\shared\hls\clib/src/hls\utils/x_hls_utils.h:346]   --->   Operation 93 'zext' 'zext_ln346' <Predicate = true> <Delay = 0.00>
ST_24 : Operation 94 [1/1] (1.91ns)   --->   "%add_ln346 = add i9 %zext_ln346, i9 385" [C:\scratch\2022.2\hls_product\608\2022.2\src\shared\hls\clib/src/hls\utils/x_hls_utils.h:346]   --->   Operation 94 'add' 'add_ln346' <Predicate = true> <Delay = 1.91> <CoreInst = "Adder">   --->   Core 1 'Adder' <Latency = 0> <II = 1> <Delay = 1.91> <FuncUnit> <Opcode : 'add' 'sub'> <InPorts = 2> <OutPorts = 1>
ST_24 : Operation 95 [1/1] (0.00ns)   --->   "%isNeg = bitselect i1 @_ssdm_op_BitSelect.i1.i9.i32, i9 %add_ln346, i32 8"   --->   Operation 95 'bitselect' 'isNeg' <Predicate = true> <Delay = 0.00>
ST_24 : Operation 96 [1/1] (1.91ns)   --->   "%sub_ln1512 = sub i8 127, i8 %xs_exp_V"   --->   Operation 96 'sub' 'sub_ln1512' <Predicate = true> <Delay = 1.91> <CoreInst = "Adder">   --->   Core 1 'Adder' <Latency = 0> <II = 1> <Delay = 1.91> <FuncUnit> <Opcode : 'add' 'sub'> <InPorts = 2> <OutPorts = 1>
ST_24 : Operation 97 [1/1] (0.00ns)   --->   "%sext_ln1512 = sext i8 %sub_ln1512"   --->   Operation 97 'sext' 'sext_ln1512' <Predicate = true> <Delay = 0.00>
ST_24 : Operation 98 [1/1] (0.96ns)   --->   "%ush = select i1 %isNeg, i9 %sext_ln1512, i9 %add_ln346"   --->   Operation 98 'select' 'ush' <Predicate = true> <Delay = 0.96> <CoreInst = "Sel">   --->   Core 73 'Sel' <Latency = 0> <II = 1> <Delay = 0.96> <FuncUnit> <Opcode : 'select'> <InPorts = 3> <OutPorts = 1>

State 25 <SV = 24> <Delay = 4.42>
ST_25 : Operation 99 [1/1] (0.00ns)   --->   "%mantissa = bitconcatenate i25 @_ssdm_op_BitConcatenate.i25.i1.i23.i1, i1 1, i23 %p_Result_s, i1 0" [C:\scratch\2022.2\hls_product\608\2022.2\src\shared\hls\clib/hlsmath/include/FloatingPoint\hls_case_IEEE754.h:68]   --->   Operation 99 'bitconcatenate' 'mantissa' <Predicate = true> <Delay = 0.00>
ST_25 : Operation 100 [1/1] (0.00ns)   --->   "%zext_ln68 = zext i25 %mantissa" [C:\scratch\2022.2\hls_product\608\2022.2\src\shared\hls\clib/hlsmath/include/FloatingPoint\hls_case_IEEE754.h:68]   --->   Operation 100 'zext' 'zext_ln68' <Predicate = true> <Delay = 0.00>
ST_25 : Operation 101 [1/1] (0.00ns)   --->   "%sext_ln1488 = sext i9 %ush"   --->   Operation 101 'sext' 'sext_ln1488' <Predicate = true> <Delay = 0.00>
ST_25 : Operation 102 [1/1] (0.00ns)   --->   "%zext_ln1488 = zext i32 %sext_ln1488"   --->   Operation 102 'zext' 'zext_ln1488' <Predicate = true> <Delay = 0.00>
ST_25 : Operation 103 [1/1] (0.00ns) (grouped into LUT with out node val)   --->   "%r_V = lshr i55 %zext_ln68, i55 %zext_ln1488"   --->   Operation 103 'lshr' 'r_V' <Predicate = (isNeg)> <Delay = 0.00> <CoreInst = "Shifter">   --->   Core 75 'Shifter' <Latency = 0> <II = 1> <Delay = 4.42> <FuncUnit> <Opcode : 'shl' 'lshr' 'ashr'> <InPorts = 2> <OutPorts = 1>
ST_25 : Operation 104 [1/1] (0.00ns) (grouped into LUT with out node val)   --->   "%r_V_4 = shl i55 %zext_ln68, i55 %zext_ln1488"   --->   Operation 104 'shl' 'r_V_4' <Predicate = (!isNeg)> <Delay = 0.00> <CoreInst = "Shifter">   --->   Core 75 'Shifter' <Latency = 0> <II = 1> <Delay = 4.42> <FuncUnit> <Opcode : 'shl' 'lshr' 'ashr'> <InPorts = 2> <OutPorts = 1>
ST_25 : Operation 105 [1/1] (0.00ns) (grouped into LUT with out node val)   --->   "%tmp = bitselect i1 @_ssdm_op_BitSelect.i1.i55.i32, i55 %r_V, i32 24"   --->   Operation 105 'bitselect' 'tmp' <Predicate = (isNeg)> <Delay = 0.00>
ST_25 : Operation 106 [1/1] (0.00ns) (grouped into LUT with out node val)   --->   "%zext_ln818 = zext i1 %tmp"   --->   Operation 106 'zext' 'zext_ln818' <Predicate = (isNeg)> <Delay = 0.00>
ST_25 : Operation 107 [1/1] (0.00ns) (grouped into LUT with out node val)   --->   "%tmp_7 = partselect i8 @_ssdm_op_PartSelect.i8.i55.i32.i32, i55 %r_V_4, i32 24, i32 31"   --->   Operation 107 'partselect' 'tmp_7' <Predicate = (!isNeg)> <Delay = 0.00>
ST_25 : Operation 108 [1/1] (4.42ns) (out node of the LUT)   --->   "%val = select i1 %isNeg, i8 %zext_ln818, i8 %tmp_7"   --->   Operation 108 'select' 'val' <Predicate = true> <Delay = 4.42> <CoreInst = "Sel">   --->   Core 73 'Sel' <Latency = 0> <II = 1> <Delay = 1.24> <FuncUnit> <Opcode : 'select'> <InPorts = 3> <OutPorts = 1>

State 26 <SV = 25> <Delay = 3.25>
ST_26 : Operation 109 [1/1] (0.00ns)   --->   "%zext_ln105 = zext i19 %i_2" [card_recognizer_hls.cpp:105]   --->   Operation 109 'zext' 'zext_ln105' <Predicate = true> <Delay = 0.00>
ST_26 : Operation 110 [1/1] (0.00ns)   --->   "%specpipeline_ln106 = specpipeline void @_ssdm_op_SpecPipeline, i32 1, i32 0, i32 0, i32 0, void @empty_0" [card_recognizer_hls.cpp:106]   --->   Operation 110 'specpipeline' 'specpipeline_ln106' <Predicate = true> <Delay = 0.00>
ST_26 : Operation 111 [1/1] (0.00ns)   --->   "%specloopname_ln105 = specloopname void @_ssdm_op_SpecLoopName, void @empty_17" [card_recognizer_hls.cpp:105]   --->   Operation 111 'specloopname' 'specloopname_ln105' <Predicate = true> <Delay = 0.00>
ST_26 : Operation 112 [1/1] (0.00ns)   --->   "%gray_addr = getelementptr i8 %gray, i64 0, i64 %zext_ln105" [card_recognizer_hls.cpp:110]   --->   Operation 112 'getelementptr' 'gray_addr' <Predicate = true> <Delay = 0.00>
ST_26 : Operation 113 [1/1] (3.25ns)   --->   "%store_ln110 = store i8 %val, i19 %gray_addr" [card_recognizer_hls.cpp:110]   --->   Operation 113 'store' 'store_ln110' <Predicate = true> <Delay = 3.25> <CoreInst = "RAM">   --->   Core 82 'RAM' <Latency = 1> <II = 1> <Delay = 3.25> <Storage> <Opcode : 'load' 'store'> <Ports = 2> <Width = 8> <Depth = 307200> <RAM>
ST_26 : Operation 114 [1/1] (0.00ns)   --->   "%br_ln105 = br void %for.inc" [card_recognizer_hls.cpp:105]   --->   Operation 114 'br' 'br_ln105' <Predicate = true> <Delay = 0.00>


============================================================
+ Verbose Summary: Timing violations
============================================================
Target clock period: 10ns, clock uncertainty: 2.7ns.

 <State 1>: 2.47ns
The critical path consists of the following:
	'alloca' operation ('i') [5]  (0 ns)
	'load' operation ('i', card_recognizer_hls.cpp:105) on local variable 'i' [12]  (0 ns)
	'icmp' operation ('icmp_ln105', card_recognizer_hls.cpp:105) [16]  (2.47 ns)

 <State 2>: 7.3ns
The critical path consists of the following:
	'getelementptr' operation ('gmem_addr', card_recognizer_hls.cpp:105) [14]  (0 ns)
	bus read operation ('r', card_recognizer_hls.cpp:107) on port 'gmem' (card_recognizer_hls.cpp:107) [24]  (7.3 ns)

 <State 3>: 7.3ns
The critical path consists of the following:
	bus read operation ('g', card_recognizer_hls.cpp:107) on port 'gmem' (card_recognizer_hls.cpp:107) [25]  (7.3 ns)

 <State 4>: 7.3ns
The critical path consists of the following:
	bus read operation ('b', card_recognizer_hls.cpp:107) on port 'gmem' (card_recognizer_hls.cpp:107) [26]  (7.3 ns)

 <State 5>: 6.41ns
The critical path consists of the following:
	'sitofp' operation ('conv9', card_recognizer_hls.cpp:110) [28]  (6.41 ns)

 <State 6>: 6.41ns
The critical path consists of the following:
	'sitofp' operation ('conv9', card_recognizer_hls.cpp:110) [28]  (6.41 ns)

 <State 7>: 6.41ns
The critical path consists of the following:
	'sitofp' operation ('conv9', card_recognizer_hls.cpp:110) [28]  (6.41 ns)

 <State 8>: 6.41ns
The critical path consists of the following:
	'sitofp' operation ('conv9', card_recognizer_hls.cpp:110) [28]  (6.41 ns)

 <State 9>: 6.41ns
The critical path consists of the following:
	'sitofp' operation ('conv', card_recognizer_hls.cpp:110) [31]  (6.41 ns)

 <State 10>: 6.41ns
The critical path consists of the following:
	'sitofp' operation ('conv4', card_recognizer_hls.cpp:110) [35]  (6.41 ns)

 <State 11>: 5.7ns
The critical path consists of the following:
	'fmul' operation ('mul', card_recognizer_hls.cpp:110) [29]  (5.7 ns)

 <State 12>: 5.7ns
The critical path consists of the following:
	'fmul' operation ('mul', card_recognizer_hls.cpp:110) [29]  (5.7 ns)

 <State 13>: 5.7ns
The critical path consists of the following:
	'fmul' operation ('mul1', card_recognizer_hls.cpp:110) [32]  (5.7 ns)

 <State 14>: 7.26ns
The critical path consists of the following:
	'fadd' operation ('add', card_recognizer_hls.cpp:110) [33]  (7.26 ns)

 <State 15>: 7.26ns
The critical path consists of the following:
	'fadd' operation ('add', card_recognizer_hls.cpp:110) [33]  (7.26 ns)

 <State 16>: 7.26ns
The critical path consists of the following:
	'fadd' operation ('add', card_recognizer_hls.cpp:110) [33]  (7.26 ns)

 <State 17>: 7.26ns
The critical path consists of the following:
	'fadd' operation ('add', card_recognizer_hls.cpp:110) [33]  (7.26 ns)

 <State 18>: 7.26ns
The critical path consists of the following:
	'fadd' operation ('add', card_recognizer_hls.cpp:110) [33]  (7.26 ns)

 <State 19>: 7.26ns
The critical path consists of the following:
	'fadd' operation ('x', card_recognizer_hls.cpp:110) [37]  (7.26 ns)

 <State 20>: 7.26ns
The critical path consists of the following:
	'fadd' operation ('x', card_recognizer_hls.cpp:110) [37]  (7.26 ns)

 <State 21>: 7.26ns
The critical path consists of the following:
	'fadd' operation ('x', card_recognizer_hls.cpp:110) [37]  (7.26 ns)

 <State 22>: 7.26ns
The critical path consists of the following:
	'fadd' operation ('x', card_recognizer_hls.cpp:110) [37]  (7.26 ns)

 <State 23>: 7.26ns
The critical path consists of the following:
	'fadd' operation ('x', card_recognizer_hls.cpp:110) [37]  (7.26 ns)

 <State 24>: 2.88ns
The critical path consists of the following:
	'add' operation ('sh', C:\scratch\2022.2\hls_product\608\2022.2\src\shared\hls\clib/src/hls\utils/x_hls_utils.h:346) [44]  (1.92 ns)
	'select' operation ('ush') [48]  (0.968 ns)

 <State 25>: 4.42ns
The critical path consists of the following:
	'lshr' operation ('r.V') [51]  (0 ns)
	'select' operation ('val') [56]  (4.42 ns)

 <State 26>: 3.25ns
The critical path consists of the following:
	'getelementptr' operation ('gray_addr', card_recognizer_hls.cpp:110) [57]  (0 ns)
	'store' operation ('store_ln110', card_recognizer_hls.cpp:110) of variable 'val' on array 'gray' [58]  (3.25 ns)


============================================================
+ Verbose Summary: Binding
============================================================
N/A
* FSMD analyzer results:
  - Output states:
 - Input state : 
  - Chain level:
	State 1
	State 2
	State 3
	State 4
	State 5
	State 6
	State 7
	State 8
	State 9
	State 10
	State 11
	State 12
	State 13
	State 14
	State 15
	State 16
	State 17
	State 18
	State 19
	State 20
	State 21
	State 22
	State 23
	State 24
	State 25
	State 26


============================================================
+ Verbose Summary: Datapath Resource usage 
============================================================
N/A
