

================================================================
== Vitis HLS Report for 'find_largest_component_hw'
================================================================
* Date:           Tue Jun  9 14:11:45 2026

* Version:        2022.2 (Build 3670227 on Oct 13 2022)
* Project:        card_recognizer_hls
* Solution:       solution1 (Vivado IP Flow Target)
* Product family: zynq
* Target device:  xc7z010-clg400-1


================================================================
== Performance Estimates
================================================================
+ Timing: 
    * Summary: 
    +--------+----------+-----------+------------+
    |  Clock |  Target  | Estimated | Uncertainty|
    +--------+----------+-----------+------------+
    |ap_clk  |  10.00 ns|  31.819 ns|     2.70 ns|
    +--------+----------+-----------+------------+

+ Latency: 
    * Summary: 
    +---------+---------+----------+----------+-----+-----+---------+
    |  Latency (cycles) |  Latency (absolute) |  Interval | Pipeline|
    |   min   |   max   |    min   |    max   | min | max |   Type  |
    +---------+---------+----------+----------+-----+-----+---------+
    |        ?|        ?|         ?|         ?|    ?|    ?|       no|
    +---------+---------+----------+----------+-----+-----+---------+

    + Detail: 
        * Instance: 
        N/A

        * Loop: 
        +-----------------------------------+---------+---------+----------+-----------+-----------+------+----------+
        |                                   |  Latency (cycles) | Iteration|  Initiation Interval  | Trip |          |
        |             Loop Name             |   min   |   max   |  Latency |  achieved |   target  | Count| Pipelined|
        +-----------------------------------+---------+---------+----------+-----------+-----------+------+----------+
        |- VITIS_LOOP_38_2_VITIS_LOOP_39_3  |        ?|        ?|         ?|          -|          -|     ?|        no|
        +-----------------------------------+---------+---------+----------+-----------+-----------+------+----------+

============================================================
+ Verbose Summary: Synthesis Manager
============================================================
InlineROM: 1
ExposeGlobal: 0
============================================================
+ Verbose Summary: CDFG Model
============================================================
IsTopModel: 0
ResetActiveHigh: 1
IsCombinational: 0
IsDatapathOnly: 0
HasWiredReturn: 1
HasMFsm: 0
HasVarLatency: 1
IsPipeline: 0
IsRtlPipelined: 0
IsInstanceOverlapped: 0
IsDontTouch: 0
HasImplIP: 0
IsGatedGlobalClock: 0


============================================================
+ Verbose Summary: Schedule
============================================================
* Number of FSM states : 21
* Pipeline : 0
* Dataflow Pipeline: 0

* FSM state transitions: 
1 --> 2 
2 --> 3 
3 --> 4 
4 --> 5 
5 --> 6 
6 --> 7 
7 --> 8 
8 --> 9 
9 --> 10 
10 --> 11 
11 --> 12 
12 --> 13 21 
13 --> 14 
14 --> 15 
15 --> 16 
16 --> 17 
17 --> 18 
18 --> 19 
19 --> 20 
20 --> 21 
21 --> 5 

* FSM state operations: 

State 1 <SV = 0> <Delay = 6.91>
ST_1 : Operation 22 [1/1] (0.00ns)   --->   "%x = alloca i32 1"   --->   Operation 22 'alloca' 'x' <Predicate = true> <Delay = 0.00>
ST_1 : Operation 23 [1/1] (0.00ns)   --->   "%y = alloca i32 1"   --->   Operation 23 'alloca' 'y' <Predicate = true> <Delay = 0.00>
ST_1 : Operation 24 [1/1] (0.00ns)   --->   "%indvar_flatten = alloca i32 1"   --->   Operation 24 'alloca' 'indvar_flatten' <Predicate = true> <Delay = 0.00>
ST_1 : Operation 25 [1/1] (0.00ns)   --->   "%best_count = alloca i32 1"   --->   Operation 25 'alloca' 'best_count' <Predicate = true> <Delay = 0.00>
ST_1 : Operation 26 [1/1] (0.00ns)   --->   "%height_read = read i32 @_ssdm_op_Read.ap_auto.i32, i32 %height"   --->   Operation 26 'read' 'height_read' <Predicate = true> <Delay = 0.00>
ST_1 : Operation 27 [1/1] (0.00ns)   --->   "%width_read = read i32 @_ssdm_op_Read.ap_auto.i32, i32 %width"   --->   Operation 27 'read' 'width_read' <Predicate = true> <Delay = 0.00>
ST_1 : Operation 28 [1/1] (0.00ns)   --->   "%best_count_3_loc = alloca i64 1"   --->   Operation 28 'alloca' 'best_count_3_loc' <Predicate = true> <Delay = 0.00>
ST_1 : Operation 29 [2/2] (6.91ns)   --->   "%n = mul i32 %height_read, i32 %width_read" [card_recognizer_hls.cpp:23]   --->   Operation 29 'mul' 'n' <Predicate = true> <Delay = 6.91> <CoreInst = "Multiplier">   --->   Core 3 'Multiplier' <Latency = 1> <II = 1> <Delay = 6.91> <FuncUnit> <Opcode : 'mul'> <InPorts = 2> <OutPorts = 1>
ST_1 : Operation 30 [1/1] (0.00ns)   --->   "%trunc_ln38 = trunc i32 %width_read" [card_recognizer_hls.cpp:38]   --->   Operation 30 'trunc' 'trunc_ln38' <Predicate = true> <Delay = 0.00>
ST_1 : Operation 31 [1/1] (1.58ns)   --->   "%store_ln38 = store i32 0, i32 %best_count" [card_recognizer_hls.cpp:38]   --->   Operation 31 'store' 'store_ln38' <Predicate = true> <Delay = 1.58>
ST_1 : Operation 32 [1/1] (1.58ns)   --->   "%store_ln38 = store i64 0, i64 %indvar_flatten" [card_recognizer_hls.cpp:38]   --->   Operation 32 'store' 'store_ln38' <Predicate = true> <Delay = 1.58>
ST_1 : Operation 33 [1/1] (1.58ns)   --->   "%store_ln38 = store i31 0, i31 %y" [card_recognizer_hls.cpp:38]   --->   Operation 33 'store' 'store_ln38' <Predicate = true> <Delay = 1.58>
ST_1 : Operation 34 [1/1] (1.58ns)   --->   "%store_ln38 = store i31 0, i31 %x" [card_recognizer_hls.cpp:38]   --->   Operation 34 'store' 'store_ln38' <Predicate = true> <Delay = 1.58>

State 2 <SV = 1> <Delay = 6.91>
ST_2 : Operation 35 [1/2] (6.91ns)   --->   "%n = mul i32 %height_read, i32 %width_read" [card_recognizer_hls.cpp:23]   --->   Operation 35 'mul' 'n' <Predicate = true> <Delay = 6.91> <CoreInst = "Multiplier">   --->   Core 3 'Multiplier' <Latency = 1> <II = 1> <Delay = 6.91> <FuncUnit> <Opcode : 'mul'> <InPorts = 2> <OutPorts = 1>

State 3 <SV = 2> <Delay = 6.91>
ST_3 : Operation 36 [2/2] (5.72ns)   --->   "%call_ln23 = call void @find_largest_component_hw_Pipeline_VITIS_LOOP_31_1, i32 %n, i1 %visited" [card_recognizer_hls.cpp:23]   --->   Operation 36 'call' 'call_ln23' <Predicate = true> <Delay = 5.72> <CoreType = "Generic">   --->   Core 0 '' <Latency = 0> <II = 1> <Delay = 1.00> <Generic> <Opcode : >
ST_3 : Operation 37 [1/1] (0.00ns)   --->   "%zext_ln38 = zext i32 %height_read" [card_recognizer_hls.cpp:38]   --->   Operation 37 'zext' 'zext_ln38' <Predicate = true> <Delay = 0.00>
ST_3 : Operation 38 [1/1] (0.00ns)   --->   "%zext_ln38_1 = zext i32 %width_read" [card_recognizer_hls.cpp:38]   --->   Operation 38 'zext' 'zext_ln38_1' <Predicate = true> <Delay = 0.00>
ST_3 : Operation 39 [2/2] (6.91ns)   --->   "%mul_ln38 = mul i64 %zext_ln38, i64 %zext_ln38_1" [card_recognizer_hls.cpp:38]   --->   Operation 39 'mul' 'mul_ln38' <Predicate = true> <Delay = 6.91> <CoreInst = "Multiplier">   --->   Core 3 'Multiplier' <Latency = 1> <II = 1> <Delay = 6.91> <FuncUnit> <Opcode : 'mul'> <InPorts = 2> <OutPorts = 1>

State 4 <SV = 3> <Delay = 6.91>
ST_4 : Operation 40 [1/2] (0.00ns)   --->   "%call_ln23 = call void @find_largest_component_hw_Pipeline_VITIS_LOOP_31_1, i32 %n, i1 %visited" [card_recognizer_hls.cpp:23]   --->   Operation 40 'call' 'call_ln23' <Predicate = true> <Delay = 0.00> <CoreType = "Generic">   --->   Core 0 '' <Latency = 0> <II = 1> <Delay = 1.00> <Generic> <Opcode : >
ST_4 : Operation 41 [1/2] (6.91ns)   --->   "%mul_ln38 = mul i64 %zext_ln38, i64 %zext_ln38_1" [card_recognizer_hls.cpp:38]   --->   Operation 41 'mul' 'mul_ln38' <Predicate = true> <Delay = 6.91> <CoreInst = "Multiplier">   --->   Core 3 'Multiplier' <Latency = 1> <II = 1> <Delay = 6.91> <FuncUnit> <Opcode : 'mul'> <InPorts = 2> <OutPorts = 1>
ST_4 : Operation 42 [1/1] (0.00ns)   --->   "%br_ln38 = br void %for.body8" [card_recognizer_hls.cpp:38]   --->   Operation 42 'br' 'br_ln38' <Predicate = true> <Delay = 0.00>

State 5 <SV = 4> <Delay = 5.40>
ST_5 : Operation 43 [1/1] (0.00ns)   --->   "%x_1 = load i31 %x" [card_recognizer_hls.cpp:39]   --->   Operation 43 'load' 'x_1' <Predicate = true> <Delay = 0.00>
ST_5 : Operation 44 [1/1] (0.00ns)   --->   "%indvar_flatten_load = load i64 %indvar_flatten" [card_recognizer_hls.cpp:38]   --->   Operation 44 'load' 'indvar_flatten_load' <Predicate = true> <Delay = 0.00>
ST_5 : Operation 45 [1/1] (0.00ns)   --->   "%zext_ln39 = zext i31 %x_1" [card_recognizer_hls.cpp:39]   --->   Operation 45 'zext' 'zext_ln39' <Predicate = true> <Delay = 0.00>
ST_5 : Operation 46 [1/1] (2.47ns)   --->   "%icmp_ln39 = icmp_slt  i32 %zext_ln39, i32 %width_read" [card_recognizer_hls.cpp:39]   --->   Operation 46 'icmp' 'icmp_ln39' <Predicate = true> <Delay = 2.47> <CoreInst = "Cmp">   --->   Core 9 'Cmp' <Latency = 0> <II = 1> <Delay = 2.47> <FuncUnit> <Opcode : 'icmp'> <InPorts = 2> <OutPorts = 1>
ST_5 : Operation 47 [1/1] (2.77ns)   --->   "%icmp_ln38 = icmp_eq  i64 %indvar_flatten_load, i64 %mul_ln38" [card_recognizer_hls.cpp:38]   --->   Operation 47 'icmp' 'icmp_ln38' <Predicate = true> <Delay = 2.77> <CoreInst = "Cmp">   --->   Core 9 'Cmp' <Latency = 0> <II = 1> <Delay = 2.77> <FuncUnit> <Opcode : 'icmp'> <InPorts = 2> <OutPorts = 1>
ST_5 : Operation 48 [1/1] (3.52ns)   --->   "%add_ln38 = add i64 %indvar_flatten_load, i64 1" [card_recognizer_hls.cpp:38]   --->   Operation 48 'add' 'add_ln38' <Predicate = true> <Delay = 3.52> <CoreInst = "Adder">   --->   Core 1 'Adder' <Latency = 0> <II = 1> <Delay = 3.52> <FuncUnit> <Opcode : 'add' 'sub'> <InPorts = 2> <OutPorts = 1>
ST_5 : Operation 49 [1/1] (0.00ns)   --->   "%br_ln38 = br i1 %icmp_ln38, void %for.inc96.loopexit, void %for.end99.loopexit" [card_recognizer_hls.cpp:38]   --->   Operation 49 'br' 'br_ln38' <Predicate = true> <Delay = 0.00>
ST_5 : Operation 50 [1/1] (0.00ns)   --->   "%y_load = load i31 %y" [card_recognizer_hls.cpp:38]   --->   Operation 50 'load' 'y_load' <Predicate = (!icmp_ln38)> <Delay = 0.00>
ST_5 : Operation 51 [1/1] (2.52ns)   --->   "%add_ln38_1 = add i31 %y_load, i31 1" [card_recognizer_hls.cpp:38]   --->   Operation 51 'add' 'add_ln38_1' <Predicate = (!icmp_ln38)> <Delay = 2.52> <CoreInst = "Adder">   --->   Core 1 'Adder' <Latency = 0> <II = 1> <Delay = 2.52> <FuncUnit> <Opcode : 'add' 'sub'> <InPorts = 2> <OutPorts = 1>
ST_5 : Operation 52 [1/1] (0.73ns)   --->   "%select_ln38_1 = select i1 %icmp_ln39, i31 %y_load, i31 %add_ln38_1" [card_recognizer_hls.cpp:38]   --->   Operation 52 'select' 'select_ln38_1' <Predicate = (!icmp_ln38)> <Delay = 0.73> <CoreInst = "Sel">   --->   Core 73 'Sel' <Latency = 0> <II = 1> <Delay = 0.73> <FuncUnit> <Opcode : 'select'> <InPorts = 3> <OutPorts = 1>
ST_5 : Operation 53 [1/1] (0.00ns)   --->   "%trunc_ln38_1 = trunc i31 %select_ln38_1" [card_recognizer_hls.cpp:38]   --->   Operation 53 'trunc' 'trunc_ln38_1' <Predicate = (!icmp_ln38)> <Delay = 0.00>
ST_5 : Operation 54 [4/4] (2.15ns) (root node of the DSP)   --->   "%mul_ln38_1 = mul i19 %trunc_ln38_1, i19 %trunc_ln38" [card_recognizer_hls.cpp:38]   --->   Operation 54 'mul' 'mul_ln38_1' <Predicate = (!icmp_ln38)> <Delay = 2.15> <CoreInst = "DSP48">   --->   Core 119 'DSP48' <Latency = 3> <II = 1> <Delay = 2.15> <IPBlock> <Opcode : 'mul' 'add' 'sub' 'select'> <InPorts = 0> <OutPorts = 1> <Sync> <CReg>
ST_5 : Operation 55 [1/1] (0.00ns)   --->   "%best_count_load = load i32 %best_count" [card_recognizer_hls.cpp:80]   --->   Operation 55 'load' 'best_count_load' <Predicate = (icmp_ln38)> <Delay = 0.00>
ST_5 : Operation 56 [1/1] (0.00ns)   --->   "%ret_ln80 = ret i32 %best_count_load" [card_recognizer_hls.cpp:80]   --->   Operation 56 'ret' 'ret_ln80' <Predicate = (icmp_ln38)> <Delay = 0.00>

State 6 <SV = 5> <Delay = 6.41>
ST_6 : Operation 57 [3/4] (2.15ns) (root node of the DSP)   --->   "%mul_ln38_1 = mul i19 %trunc_ln38_1, i19 %trunc_ln38" [card_recognizer_hls.cpp:38]   --->   Operation 57 'mul' 'mul_ln38_1' <Predicate = true> <Delay = 2.15> <CoreInst = "DSP48">   --->   Core 119 'DSP48' <Latency = 3> <II = 1> <Delay = 2.15> <IPBlock> <Opcode : 'mul' 'add' 'sub' 'select'> <InPorts = 0> <OutPorts = 1> <Sync> <CReg>
ST_6 : Operation 58 [1/1] (0.00ns)   --->   "%zext_ln38_2 = zext i31 %select_ln38_1" [card_recognizer_hls.cpp:38]   --->   Operation 58 'zext' 'zext_ln38_2' <Predicate = true> <Delay = 0.00>
ST_6 : Operation 59 [6/6] (6.41ns)   --->   "%conv_mid2 = sitofp i32 %zext_ln38_2" [card_recognizer_hls.cpp:38]   --->   Operation 59 'sitofp' 'conv_mid2' <Predicate = true> <Delay = 6.41> <CoreInst = "Int2Float">   --->   Core 62 'Int2Float' <Latency = 5> <II = 1> <Delay = 6.41> <FuncUnit> <Opcode : 'sitofp' 'uitofp'> <InPorts = 1> <OutPorts = 1>

State 7 <SV = 6> <Delay = 6.41>
ST_7 : Operation 60 [2/4] (2.15ns) (root node of the DSP)   --->   "%mul_ln38_1 = mul i19 %trunc_ln38_1, i19 %trunc_ln38" [card_recognizer_hls.cpp:38]   --->   Operation 60 'mul' 'mul_ln38_1' <Predicate = true> <Delay = 2.15> <CoreInst = "DSP48">   --->   Core 119 'DSP48' <Latency = 3> <II = 1> <Delay = 2.15> <IPBlock> <Opcode : 'mul' 'add' 'sub' 'select'> <InPorts = 0> <OutPorts = 1> <Sync> <CReg>
ST_7 : Operation 61 [5/6] (6.41ns)   --->   "%conv_mid2 = sitofp i32 %zext_ln38_2" [card_recognizer_hls.cpp:38]   --->   Operation 61 'sitofp' 'conv_mid2' <Predicate = true> <Delay = 6.41> <CoreInst = "Int2Float">   --->   Core 62 'Int2Float' <Latency = 5> <II = 1> <Delay = 6.41> <FuncUnit> <Opcode : 'sitofp' 'uitofp'> <InPorts = 1> <OutPorts = 1>

State 8 <SV = 7> <Delay = 6.41>
ST_8 : Operation 62 [1/1] (0.73ns)   --->   "%select_ln38 = select i1 %icmp_ln39, i31 %x_1, i31 0" [card_recognizer_hls.cpp:38]   --->   Operation 62 'select' 'select_ln38' <Predicate = true> <Delay = 0.73> <CoreInst = "Sel">   --->   Core 73 'Sel' <Latency = 0> <II = 1> <Delay = 0.73> <FuncUnit> <Opcode : 'select'> <InPorts = 3> <OutPorts = 1>
ST_8 : Operation 63 [1/4] (0.00ns) (root node of the DSP)   --->   "%mul_ln38_1 = mul i19 %trunc_ln38_1, i19 %trunc_ln38" [card_recognizer_hls.cpp:38]   --->   Operation 63 'mul' 'mul_ln38_1' <Predicate = true> <Delay = 0.00> <CoreInst = "DSP48">   --->   Core 119 'DSP48' <Latency = 3> <II = 1> <Delay = 2.15> <IPBlock> <Opcode : 'mul' 'add' 'sub' 'select'> <InPorts = 0> <OutPorts = 1> <Sync> <CReg>
ST_8 : Operation 64 [4/6] (6.41ns)   --->   "%conv_mid2 = sitofp i32 %zext_ln38_2" [card_recognizer_hls.cpp:38]   --->   Operation 64 'sitofp' 'conv_mid2' <Predicate = true> <Delay = 6.41> <CoreInst = "Int2Float">   --->   Core 62 'Int2Float' <Latency = 5> <II = 1> <Delay = 6.41> <FuncUnit> <Opcode : 'sitofp' 'uitofp'> <InPorts = 1> <OutPorts = 1>
ST_8 : Operation 65 [1/1] (0.00ns)   --->   "%trunc_ln39 = trunc i31 %select_ln38" [card_recognizer_hls.cpp:39]   --->   Operation 65 'trunc' 'trunc_ln39' <Predicate = true> <Delay = 0.00>
ST_8 : Operation 66 [1/1] (2.16ns)   --->   "%add_ln40 = add i19 %trunc_ln39, i19 %mul_ln38_1" [card_recognizer_hls.cpp:40]   --->   Operation 66 'add' 'add_ln40' <Predicate = true> <Delay = 2.16> <CoreInst = "Adder">   --->   Core 1 'Adder' <Latency = 0> <II = 1> <Delay = 2.16> <FuncUnit> <Opcode : 'add' 'sub'> <InPorts = 2> <OutPorts = 1>

State 9 <SV = 8> <Delay = 6.41>
ST_9 : Operation 67 [3/6] (6.41ns)   --->   "%conv_mid2 = sitofp i32 %zext_ln38_2" [card_recognizer_hls.cpp:38]   --->   Operation 67 'sitofp' 'conv_mid2' <Predicate = true> <Delay = 6.41> <CoreInst = "Int2Float">   --->   Core 62 'Int2Float' <Latency = 5> <II = 1> <Delay = 6.41> <FuncUnit> <Opcode : 'sitofp' 'uitofp'> <InPorts = 1> <OutPorts = 1>

State 10 <SV = 9> <Delay = 6.41>
ST_10 : Operation 68 [2/6] (6.41ns)   --->   "%conv_mid2 = sitofp i32 %zext_ln38_2" [card_recognizer_hls.cpp:38]   --->   Operation 68 'sitofp' 'conv_mid2' <Predicate = true> <Delay = 6.41> <CoreInst = "Int2Float">   --->   Core 62 'Int2Float' <Latency = 5> <II = 1> <Delay = 6.41> <FuncUnit> <Opcode : 'sitofp' 'uitofp'> <InPorts = 1> <OutPorts = 1>
ST_10 : Operation 69 [1/1] (0.00ns)   --->   "%zext_ln42 = zext i19 %add_ln40" [card_recognizer_hls.cpp:42]   --->   Operation 69 'zext' 'zext_ln42' <Predicate = true> <Delay = 0.00>
ST_10 : Operation 70 [1/1] (0.00ns)   --->   "%binary_addr = getelementptr i2 %binary, i64 0, i64 %zext_ln42" [card_recognizer_hls.cpp:42]   --->   Operation 70 'getelementptr' 'binary_addr' <Predicate = true> <Delay = 0.00>
ST_10 : Operation 71 [2/2] (3.25ns)   --->   "%binary_load = load i19 %binary_addr" [card_recognizer_hls.cpp:42]   --->   Operation 71 'load' 'binary_load' <Predicate = true> <Delay = 3.25> <CoreInst = "RAM">   --->   Core 82 'RAM' <Latency = 1> <II = 1> <Delay = 3.25> <Storage> <Opcode : 'load' 'store'> <Ports = 2> <Width = 2> <Depth = 307200> <RAM>

State 11 <SV = 10> <Delay = 6.41>
ST_11 : Operation 72 [1/1] (0.00ns)   --->   "%specloopname_ln0 = specloopname void @_ssdm_op_SpecLoopName, void @VITIS_LOOP_38_2_VITIS_LOOP_39_3_str"   --->   Operation 72 'specloopname' 'specloopname_ln0' <Predicate = true> <Delay = 0.00>
ST_11 : Operation 73 [1/6] (6.41ns)   --->   "%conv_mid2 = sitofp i32 %zext_ln38_2" [card_recognizer_hls.cpp:38]   --->   Operation 73 'sitofp' 'conv_mid2' <Predicate = true> <Delay = 6.41> <CoreInst = "Int2Float">   --->   Core 62 'Int2Float' <Latency = 5> <II = 1> <Delay = 6.41> <FuncUnit> <Opcode : 'sitofp' 'uitofp'> <InPorts = 1> <OutPorts = 1>
ST_11 : Operation 74 [1/1] (0.00ns)   --->   "%specloopname_ln39 = specloopname void @_ssdm_op_SpecLoopName, void @empty_13" [card_recognizer_hls.cpp:39]   --->   Operation 74 'specloopname' 'specloopname_ln39' <Predicate = true> <Delay = 0.00>
ST_11 : Operation 75 [1/2] (3.25ns)   --->   "%binary_load = load i19 %binary_addr" [card_recognizer_hls.cpp:42]   --->   Operation 75 'load' 'binary_load' <Predicate = true> <Delay = 3.25> <CoreInst = "RAM">   --->   Core 82 'RAM' <Latency = 1> <II = 1> <Delay = 3.25> <Storage> <Opcode : 'load' 'store'> <Ports = 2> <Width = 2> <Depth = 307200> <RAM>
ST_11 : Operation 76 [1/1] (0.95ns)   --->   "%icmp_ln42 = icmp_eq  i2 %binary_load, i2 3" [card_recognizer_hls.cpp:42]   --->   Operation 76 'icmp' 'icmp_ln42' <Predicate = true> <Delay = 0.95> <CoreInst = "Cmp">   --->   Core 9 'Cmp' <Latency = 0> <II = 1> <Delay = 0.95> <FuncUnit> <Opcode : 'icmp'> <InPorts = 2> <OutPorts = 1>
ST_11 : Operation 77 [1/1] (0.00ns)   --->   "%br_ln42 = br i1 %icmp_ln42, void %if.then, void %lor.lhs.false" [card_recognizer_hls.cpp:42]   --->   Operation 77 'br' 'br_ln42' <Predicate = true> <Delay = 0.00>
ST_11 : Operation 78 [1/1] (0.00ns)   --->   "%visited_addr_1 = getelementptr i1 %visited, i64 0, i64 %zext_ln42" [card_recognizer_hls.cpp:42]   --->   Operation 78 'getelementptr' 'visited_addr_1' <Predicate = (icmp_ln42)> <Delay = 0.00>
ST_11 : Operation 79 [2/2] (3.25ns)   --->   "%visited_load = load i19 %visited_addr_1" [card_recognizer_hls.cpp:42]   --->   Operation 79 'load' 'visited_load' <Predicate = (icmp_ln42)> <Delay = 3.25> <CoreInst = "RAM">   --->   Core 82 'RAM' <Latency = 1> <II = 1> <Delay = 3.25> <Storage> <Opcode : 'load' 'store'> <Ports = 2> <Width = 1> <Depth = 307200> <RAM>

State 12 <SV = 11> <Delay = 6.50>
ST_12 : Operation 80 [1/2] (3.25ns)   --->   "%visited_load = load i19 %visited_addr_1" [card_recognizer_hls.cpp:42]   --->   Operation 80 'load' 'visited_load' <Predicate = (icmp_ln42)> <Delay = 3.25> <CoreInst = "RAM">   --->   Core 82 'RAM' <Latency = 1> <II = 1> <Delay = 3.25> <Storage> <Opcode : 'load' 'store'> <Ports = 2> <Width = 1> <Depth = 307200> <RAM>
ST_12 : Operation 81 [1/1] (0.00ns)   --->   "%br_ln42 = br i1 %visited_load, void %VITIS_LOOP_51_4, void %if.then" [card_recognizer_hls.cpp:42]   --->   Operation 81 'br' 'br_ln42' <Predicate = (icmp_ln42)> <Delay = 0.00>
ST_12 : Operation 82 [1/1] (0.00ns)   --->   "%zext_ln48 = zext i31 %select_ln38" [card_recognizer_hls.cpp:48]   --->   Operation 82 'zext' 'zext_ln48' <Predicate = (icmp_ln42 & !visited_load)> <Delay = 0.00>
ST_12 : Operation 83 [6/6] (6.41ns)   --->   "%conv1 = sitofp i32 %zext_ln48" [card_recognizer_hls.cpp:48]   --->   Operation 83 'sitofp' 'conv1' <Predicate = (icmp_ln42 & !visited_load)> <Delay = 6.41> <CoreInst = "Int2Float">   --->   Core 62 'Int2Float' <Latency = 5> <II = 1> <Delay = 6.41> <FuncUnit> <Opcode : 'sitofp' 'uitofp'> <InPorts = 1> <OutPorts = 1>
ST_12 : Operation 84 [1/1] (3.25ns)   --->   "%store_ln48 = store i32 %conv_mid2, i32 0" [card_recognizer_hls.cpp:48]   --->   Operation 84 'store' 'store_ln48' <Predicate = (icmp_ln42 & !visited_load)> <Delay = 3.25> <CoreInst = "RAM">   --->   Core 82 'RAM' <Latency = 1> <II = 1> <Delay = 3.25> <Storage> <Opcode : 'load' 'store'> <Ports = 2> <Width = 32> <Depth = 307200> <RAM>
ST_12 : Operation 85 [1/1] (3.25ns)   --->   "%store_ln49 = store i1 1, i19 %visited_addr_1" [card_recognizer_hls.cpp:49]   --->   Operation 85 'store' 'store_ln49' <Predicate = (icmp_ln42 & !visited_load)> <Delay = 3.25> <CoreInst = "RAM">   --->   Core 82 'RAM' <Latency = 1> <II = 1> <Delay = 3.25> <Storage> <Opcode : 'load' 'store'> <Ports = 2> <Width = 1> <Depth = 307200> <RAM>
ST_12 : Operation 86 [1/1] (0.00ns)   --->   "%br_ln42 = br void %cleanup" [card_recognizer_hls.cpp:42]   --->   Operation 86 'br' 'br_ln42' <Predicate = (visited_load) | (!icmp_ln42)> <Delay = 0.00>

State 13 <SV = 12> <Delay = 6.41>
ST_13 : Operation 87 [5/6] (6.41ns)   --->   "%conv1 = sitofp i32 %zext_ln48" [card_recognizer_hls.cpp:48]   --->   Operation 87 'sitofp' 'conv1' <Predicate = true> <Delay = 6.41> <CoreInst = "Int2Float">   --->   Core 62 'Int2Float' <Latency = 5> <II = 1> <Delay = 6.41> <FuncUnit> <Opcode : 'sitofp' 'uitofp'> <InPorts = 1> <OutPorts = 1>

State 14 <SV = 13> <Delay = 6.41>
ST_14 : Operation 88 [4/6] (6.41ns)   --->   "%conv1 = sitofp i32 %zext_ln48" [card_recognizer_hls.cpp:48]   --->   Operation 88 'sitofp' 'conv1' <Predicate = true> <Delay = 6.41> <CoreInst = "Int2Float">   --->   Core 62 'Int2Float' <Latency = 5> <II = 1> <Delay = 6.41> <FuncUnit> <Opcode : 'sitofp' 'uitofp'> <InPorts = 1> <OutPorts = 1>

State 15 <SV = 14> <Delay = 6.41>
ST_15 : Operation 89 [3/6] (6.41ns)   --->   "%conv1 = sitofp i32 %zext_ln48" [card_recognizer_hls.cpp:48]   --->   Operation 89 'sitofp' 'conv1' <Predicate = true> <Delay = 6.41> <CoreInst = "Int2Float">   --->   Core 62 'Int2Float' <Latency = 5> <II = 1> <Delay = 6.41> <FuncUnit> <Opcode : 'sitofp' 'uitofp'> <InPorts = 1> <OutPorts = 1>

State 16 <SV = 15> <Delay = 6.41>
ST_16 : Operation 90 [2/6] (6.41ns)   --->   "%conv1 = sitofp i32 %zext_ln48" [card_recognizer_hls.cpp:48]   --->   Operation 90 'sitofp' 'conv1' <Predicate = true> <Delay = 6.41> <CoreInst = "Int2Float">   --->   Core 62 'Int2Float' <Latency = 5> <II = 1> <Delay = 6.41> <FuncUnit> <Opcode : 'sitofp' 'uitofp'> <InPorts = 1> <OutPorts = 1>

State 17 <SV = 16> <Delay = 6.41>
ST_17 : Operation 91 [1/6] (6.41ns)   --->   "%conv1 = sitofp i32 %zext_ln48" [card_recognizer_hls.cpp:48]   --->   Operation 91 'sitofp' 'conv1' <Predicate = true> <Delay = 6.41> <CoreInst = "Int2Float">   --->   Core 62 'Int2Float' <Latency = 5> <II = 1> <Delay = 6.41> <FuncUnit> <Opcode : 'sitofp' 'uitofp'> <InPorts = 1> <OutPorts = 1>

State 18 <SV = 17> <Delay = 3.25>
ST_18 : Operation 92 [1/1] (3.25ns)   --->   "%store_ln48 = store i32 %conv1, i32 0" [card_recognizer_hls.cpp:48]   --->   Operation 92 'store' 'store_ln48' <Predicate = true> <Delay = 3.25> <CoreInst = "RAM">   --->   Core 82 'RAM' <Latency = 1> <II = 1> <Delay = 3.25> <Storage> <Opcode : 'load' 'store'> <Ports = 2> <Width = 32> <Depth = 307200> <RAM>

State 19 <SV = 18> <Delay = 0.00>
ST_19 : Operation 93 [2/2] (0.00ns)   --->   "%call_ln0 = call void @find_largest_component_hw_Pipeline_VITIS_LOOP_51_4, i32 %height_read, i32 %width_read, i32 %best_count_3_loc, i32 %queue_x, i32 %queue_y, i2 %binary, i1 %visited"   --->   Operation 93 'call' 'call_ln0' <Predicate = true> <Delay = 0.00> <CoreType = "Generic">   --->   Core 0 '' <Latency = 0> <II = 1> <Delay = 1.00> <Generic> <Opcode : >

State 20 <SV = 19> <Delay = 2.77>
ST_20 : Operation 94 [1/2] (2.77ns)   --->   "%call_ln0 = call void @find_largest_component_hw_Pipeline_VITIS_LOOP_51_4, i32 %height_read, i32 %width_read, i32 %best_count_3_loc, i32 %queue_x, i32 %queue_y, i2 %binary, i1 %visited"   --->   Operation 94 'call' 'call_ln0' <Predicate = true> <Delay = 2.77> <CoreType = "Generic">   --->   Core 0 '' <Latency = 0> <II = 1> <Delay = 1.00> <Generic> <Opcode : >

State 21 <SV = 20> <Delay = 4.75>
ST_21 : Operation 95 [1/1] (0.00ns)   --->   "%best_count_load_1 = load i32 %best_count" [card_recognizer_hls.cpp:70]   --->   Operation 95 'load' 'best_count_load_1' <Predicate = (icmp_ln42 & !visited_load)> <Delay = 0.00>
ST_21 : Operation 96 [1/1] (0.00ns)   --->   "%best_count_3_loc_load = load i32 %best_count_3_loc"   --->   Operation 96 'load' 'best_count_3_loc_load' <Predicate = (icmp_ln42 & !visited_load)> <Delay = 0.00>
ST_21 : Operation 97 [1/1] (2.47ns)   --->   "%icmp_ln70 = icmp_sgt  i32 %best_count_3_loc_load, i32 %best_count_load_1" [card_recognizer_hls.cpp:70]   --->   Operation 97 'icmp' 'icmp_ln70' <Predicate = (icmp_ln42 & !visited_load)> <Delay = 2.47> <CoreInst = "Cmp">   --->   Core 9 'Cmp' <Latency = 0> <II = 1> <Delay = 2.47> <FuncUnit> <Opcode : 'icmp'> <InPorts = 2> <OutPorts = 1>
ST_21 : Operation 98 [1/1] (0.69ns)   --->   "%select_ln70 = select i1 %icmp_ln70, i32 %best_count_3_loc_load, i32 %best_count_load_1" [card_recognizer_hls.cpp:70]   --->   Operation 98 'select' 'select_ln70' <Predicate = (icmp_ln42 & !visited_load)> <Delay = 0.69> <CoreInst = "Sel">   --->   Core 73 'Sel' <Latency = 0> <II = 1> <Delay = 0.69> <FuncUnit> <Opcode : 'select'> <InPorts = 3> <OutPorts = 1>
ST_21 : Operation 99 [1/1] (1.58ns)   --->   "%store_ln70 = store i32 %select_ln70, i32 %best_count" [card_recognizer_hls.cpp:70]   --->   Operation 99 'store' 'store_ln70' <Predicate = (icmp_ln42 & !visited_load)> <Delay = 1.58>
ST_21 : Operation 100 [1/1] (0.00ns)   --->   "%br_ln70 = br void %cleanup" [card_recognizer_hls.cpp:70]   --->   Operation 100 'br' 'br_ln70' <Predicate = (icmp_ln42 & !visited_load)> <Delay = 0.00>
ST_21 : Operation 101 [1/1] (2.52ns)   --->   "%add_ln39 = add i31 %select_ln38, i31 1" [card_recognizer_hls.cpp:39]   --->   Operation 101 'add' 'add_ln39' <Predicate = true> <Delay = 2.52> <CoreInst = "Adder">   --->   Core 1 'Adder' <Latency = 0> <II = 1> <Delay = 2.52> <FuncUnit> <Opcode : 'add' 'sub'> <InPorts = 2> <OutPorts = 1>
ST_21 : Operation 102 [1/1] (1.58ns)   --->   "%store_ln39 = store i64 %add_ln38, i64 %indvar_flatten" [card_recognizer_hls.cpp:39]   --->   Operation 102 'store' 'store_ln39' <Predicate = true> <Delay = 1.58>
ST_21 : Operation 103 [1/1] (1.58ns)   --->   "%store_ln39 = store i31 %select_ln38_1, i31 %y" [card_recognizer_hls.cpp:39]   --->   Operation 103 'store' 'store_ln39' <Predicate = true> <Delay = 1.58>
ST_21 : Operation 104 [1/1] (1.58ns)   --->   "%store_ln39 = store i31 %add_ln39, i31 %x" [card_recognizer_hls.cpp:39]   --->   Operation 104 'store' 'store_ln39' <Predicate = true> <Delay = 1.58>
ST_21 : Operation 105 [1/1] (0.00ns)   --->   "%br_ln39 = br void %for.body8" [card_recognizer_hls.cpp:39]   --->   Operation 105 'br' 'br_ln39' <Predicate = true> <Delay = 0.00>


============================================================
+ Verbose Summary: Timing violations
============================================================
Target clock period: 10ns, clock uncertainty: 2.7ns.

 <State 1>: 6.91ns
The critical path consists of the following:
	wire read operation ('height_read') on port 'height' [11]  (0 ns)
	'mul' operation ('n', card_recognizer_hls.cpp:23) [14]  (6.91 ns)

 <State 2>: 6.91ns
The critical path consists of the following:
	'mul' operation ('n', card_recognizer_hls.cpp:23) [14]  (6.91 ns)

 <State 3>: 6.91ns
The critical path consists of the following:
	'mul' operation ('mul_ln38', card_recognizer_hls.cpp:38) [19]  (6.91 ns)

 <State 4>: 6.91ns
The critical path consists of the following:
	'mul' operation ('mul_ln38', card_recognizer_hls.cpp:38) [19]  (6.91 ns)

 <State 5>: 5.41ns
The critical path consists of the following:
	'load' operation ('y_load', card_recognizer_hls.cpp:38) on local variable 'y' [34]  (0 ns)
	'add' operation ('add_ln38_1', card_recognizer_hls.cpp:38) [37]  (2.52 ns)
	'select' operation ('select_ln38_1', card_recognizer_hls.cpp:38) [38]  (0.733 ns)
	'mul' operation of DSP[40] ('mul_ln38_1', card_recognizer_hls.cpp:38) [40]  (2.15 ns)

 <State 6>: 6.41ns
The critical path consists of the following:
	'sitofp' operation ('conv_mid2', card_recognizer_hls.cpp:38) [42]  (6.41 ns)

 <State 7>: 6.41ns
The critical path consists of the following:
	'sitofp' operation ('conv_mid2', card_recognizer_hls.cpp:38) [42]  (6.41 ns)

 <State 8>: 6.41ns
The critical path consists of the following:
	'sitofp' operation ('conv_mid2', card_recognizer_hls.cpp:38) [42]  (6.41 ns)

 <State 9>: 6.41ns
The critical path consists of the following:
	'sitofp' operation ('conv_mid2', card_recognizer_hls.cpp:38) [42]  (6.41 ns)

 <State 10>: 6.41ns
The critical path consists of the following:
	'sitofp' operation ('conv_mid2', card_recognizer_hls.cpp:38) [42]  (6.41 ns)

 <State 11>: 6.41ns
The critical path consists of the following:
	'sitofp' operation ('conv_mid2', card_recognizer_hls.cpp:38) [42]  (6.41 ns)

 <State 12>: 6.51ns
The critical path consists of the following:
	'sitofp' operation ('conv1', card_recognizer_hls.cpp:48) [58]  (6.41 ns)
	blocking operation 0.095 ns on control path)

 <State 13>: 6.41ns
The critical path consists of the following:
	'sitofp' operation ('conv1', card_recognizer_hls.cpp:48) [58]  (6.41 ns)

 <State 14>: 6.41ns
The critical path consists of the following:
	'sitofp' operation ('conv1', card_recognizer_hls.cpp:48) [58]  (6.41 ns)

 <State 15>: 6.41ns
The critical path consists of the following:
	'sitofp' operation ('conv1', card_recognizer_hls.cpp:48) [58]  (6.41 ns)

 <State 16>: 6.41ns
The critical path consists of the following:
	'sitofp' operation ('conv1', card_recognizer_hls.cpp:48) [58]  (6.41 ns)

 <State 17>: 6.41ns
The critical path consists of the following:
	'sitofp' operation ('conv1', card_recognizer_hls.cpp:48) [58]  (6.41 ns)

 <State 18>: 3.25ns
The critical path consists of the following:
	'store' operation ('store_ln48', card_recognizer_hls.cpp:48) of variable 'conv1', card_recognizer_hls.cpp:48 on array 'queue_x' [59]  (3.25 ns)

 <State 19>: 0ns
The critical path consists of the following:

 <State 20>: 2.78ns
The critical path consists of the following:
	'call' operation ('call_ln0') to 'find_largest_component_hw_Pipeline_VITIS_LOOP_51_4' [62]  (2.78 ns)

 <State 21>: 4.76ns
The critical path consists of the following:
	'load' operation ('best_count_load_1', card_recognizer_hls.cpp:70) on local variable 'best_count' [56]  (0 ns)
	'icmp' operation ('icmp_ln70', card_recognizer_hls.cpp:70) [64]  (2.47 ns)
	'select' operation ('select_ln70', card_recognizer_hls.cpp:70) [65]  (0.698 ns)
	'store' operation ('store_ln70', card_recognizer_hls.cpp:70) of variable 'select_ln70', card_recognizer_hls.cpp:70 on local variable 'best_count' [66]  (1.59 ns)


============================================================
+ Verbose Summary: Binding
============================================================
N/A
* FSMD analyzer results:
  - Output states:
 - Input state : 
  - Chain level:
	State 1
	State 2
	State 3
	State 4
	State 5
	State 6
	State 7
	State 8
	State 9
	State 10
	State 11
	State 12
	State 13
	State 14
	State 15
	State 16
	State 17
	State 18
	State 19
	State 20
	State 21


============================================================
+ Verbose Summary: Datapath Resource usage 
============================================================
N/A
