

================================================================
== Vitis HLS Report for 'find_largest_component_hw'
================================================================
* Date:           Tue Jun  9 14:11:45 2026

* Version:        2022.2 (Build 3670227 on Oct 13 2022)
* Project:        card_recognizer_hls
* Solution:       solution1 (Vivado IP Flow Target)
* Product family: zynq
* Target device:  xc7z010-clg400-1


================================================================
== Performance Estimates
================================================================
+ Timing: 
    * Summary: 
    +--------+----------+-----------+------------+
    |  Clock |  Target  | Estimated | Uncertainty|
    +--------+----------+-----------+------------+
    |ap_clk  |  10.00 ns|  31.819 ns|     2.70 ns|
    +--------+----------+-----------+------------+

+ Latency: 
    * Summary: 
    +---------+---------+----------+----------+-----+-----+---------+
    |  Latency (cycles) |  Latency (absolute) |  Interval | Pipeline|
    |   min   |   max   |    min   |    max   | min | max |   Type  |
    +---------+---------+----------+----------+-----+-----+---------+
    |        ?|        ?|         ?|         ?|    ?|    ?|       no|
    +---------+---------+----------+----------+-----+-----+---------+

    + Detail: 
        * Instance: 
        +---------------------------------------------------------------+----------------------------------------------------+---------+---------+----------+----------+-----+-----+---------+
        |                                                               |                                                    |  Latency (cycles) |  Latency (absolute) |  Interval | Pipeline|
        |                            Instance                           |                       Module                       |   min   |   max   |    min   |    max   | min | max |   Type  |
        +---------------------------------------------------------------+----------------------------------------------------+---------+---------+----------+----------+-----+-----+---------+
        |grp_find_largest_component_hw_Pipeline_VITIS_LOOP_31_1_fu_115  |find_largest_component_hw_Pipeline_VITIS_LOOP_31_1  |        ?|        ?|         ?|         ?|    ?|    ?|       no|
        |grp_find_largest_component_hw_Pipeline_VITIS_LOOP_51_4_fu_122  |find_largest_component_hw_Pipeline_VITIS_LOOP_51_4  |        ?|        ?|         ?|         ?|    ?|    ?|       no|
        +---------------------------------------------------------------+----------------------------------------------------+---------+---------+----------+----------+-----+-----+---------+

        * Loop: 
        +-----------------------------------+---------+---------+----------+-----------+-----------+------+----------+
        |                                   |  Latency (cycles) | Iteration|  Initiation Interval  | Trip |          |
        |             Loop Name             |   min   |   max   |  Latency |  achieved |   target  | Count| Pipelined|
        +-----------------------------------+---------+---------+----------+-----------+-----------+------+----------+
        |- VITIS_LOOP_38_2_VITIS_LOOP_39_3  |        ?|        ?|         ?|          -|          -|     ?|        no|
        +-----------------------------------+---------+---------+----------+-----------+-----------+------+----------+

============================================================
+ Verbose Summary: Synthesis Manager
============================================================
InlineROM: 1
ExposeGlobal: 0
============================================================
+ Verbose Summary: CDFG Model
============================================================
IsTopModel: 0
ResetActiveHigh: 1
IsCombinational: 0
IsDatapathOnly: 0
HasWiredReturn: 1
HasMFsm: 0
HasVarLatency: 1
IsPipeline: 0
IsRtlPipelined: 0
IsInstanceOverlapped: 0
IsDontTouch: 0
HasImplIP: 0
IsGatedGlobalClock: 0


============================================================
+ Verbose Summary: Schedule
============================================================
* Number of FSM states : 21
* Pipeline : 0
* Dataflow Pipeline: 0

* FSM state transitions: 
1 --> 2 
2 --> 3 
3 --> 4 
4 --> 5 
5 --> 6 
6 --> 7 
7 --> 8 
8 --> 9 
9 --> 10 
10 --> 11 
11 --> 12 
12 --> 13 21 
13 --> 14 
14 --> 15 
15 --> 16 
16 --> 17 
17 --> 18 
18 --> 19 
19 --> 20 
20 --> 21 
21 --> 5 

* FSM state operations: 

State 1 <SV = 0> <Delay = 6.91>
ST_1 : Operation 22 [1/1] (0.00ns)   --->   "%x = alloca i32 1"   --->   Operation 22 'alloca' 'x' <Predicate = true> <Delay = 0.00>
ST_1 : Operation 23 [1/1] (0.00ns)   --->   "%y = alloca i32 1"   --->   Operation 23 'alloca' 'y' <Predicate = true> <Delay = 0.00>
ST_1 : Operation 24 [1/1] (0.00ns)   --->   "%indvar_flatten = alloca i32 1"   --->   Operation 24 'alloca' 'indvar_flatten' <Predicate = true> <Delay = 0.00>
ST_1 : Operation 25 [1/1] (0.00ns)   --->   "%best_count = alloca i32 1"   --->   Operation 25 'alloca' 'best_count' <Predicate = true> <Delay = 0.00>
ST_1 : Operation 26 [1/1] (0.00ns)   --->   "%height_read = read i32 @_ssdm_op_Read.ap_auto.i32, i32 %height"   --->   Operation 26 'read' 'height_read' <Predicate = true> <Delay = 0.00>
ST_1 : Operation 27 [1/1] (0.00ns)   --->   "%width_read = read i32 @_ssdm_op_Read.ap_auto.i32, i32 %width"   --->   Operation 27 'read' 'width_read' <Predicate = true> <Delay = 0.00>
ST_1 : Operation 28 [1/1] (0.00ns)   --->   "%best_count_3_loc = alloca i64 1"   --->   Operation 28 'alloca' 'best_count_3_loc' <Predicate = true> <Delay = 0.00>
ST_1 : Operation 29 [2/2] (6.91ns)   --->   "%n = mul i32 %height_read, i32 %width_read" [card_recognizer_hls.cpp:23]   --->   Operation 29 'mul' 'n' <Predicate = true> <Delay = 6.91> <CoreInst = "Multiplier">   --->   Core 3 'Multiplier' <Latency = 1> <II = 1> <Delay = 6.91> <FuncUnit> <Opcode : 'mul'> <InPorts = 2> <OutPorts = 1>
ST_1 : Operation 30 [1/1] (0.00ns)   --->   "%trunc_ln38 = trunc i32 %width_read" [card_recognizer_hls.cpp:38]   --->   Operation 30 'trunc' 'trunc_ln38' <Predicate = true> <Delay = 0.00>
ST_1 : Operation 31 [1/1] (1.58ns)   --->   "%store_ln38 = store i32 0, i32 %best_count" [card_recognizer_hls.cpp:38]   --->   Operation 31 'store' 'store_ln38' <Predicate = true> <Delay = 1.58>
ST_1 : Operation 32 [1/1] (1.58ns)   --->   "%store_ln38 = store i64 0, i64 %indvar_flatten" [card_recognizer_hls.cpp:38]   --->   Operation 32 'store' 'store_ln38' <Predicate = true> <Delay = 1.58>
ST_1 : Operation 33 [1/1] (1.58ns)   --->   "%store_ln38 = store i31 0, i31 %y" [card_recognizer_hls.cpp:38]   --->   Operation 33 'store' 'store_ln38' <Predicate = true> <Delay = 1.58>
ST_1 : Operation 34 [1/1] (1.58ns)   --->   "%store_ln38 = store i31 0, i31 %x" [card_recognizer_hls.cpp:38]   --->   Operation 34 'store' 'store_ln38' <Predicate = true> <Delay = 1.58>

State 2 <SV = 1> <Delay = 6.91>
ST_2 : Operation 35 [1/2] (6.91ns)   --->   "%n = mul i32 %height_read, i32 %width_read" [card_recognizer_hls.cpp:23]   --->   Operation 35 'mul' 'n' <Predicate = true> <Delay = 6.91> <CoreInst = "Multiplier">   --->   Core 3 'Multiplier' <Latency = 1> <II = 1> <Delay = 6.91> <FuncUnit> <Opcode : 'mul'> <InPorts = 2> <OutPorts = 1>

State 3 <SV = 2> <Delay = 6.91>
ST_3 : Operation 36 [2/2] (5.72ns)   --->   "%call_ln23 = call void @find_largest_component_hw_Pipeline_VITIS_LOOP_31_1, i32 %n, i1 %visited" [card_recognizer_hls.cpp:23]   --->   Operation 36 'call' 'call_ln23' <Predicate = true> <Delay = 5.72> <CoreType = "Generic">   --->   Core 0 '' <Latency = 0> <II = 1> <Delay = 1.00> <Generic> <Opcode : >
ST_3 : Operation 37 [1/1] (0.00ns)   --->   "%zext_ln38 = zext i32 %height_read" [card_recognizer_hls.cpp:38]   --->   Operation 37 'zext' 'zext_ln38' <Predicate = true> <Delay = 0.00>
ST_3 : Operation 38 [1/1] (0.00ns)   --->   "%zext_ln38_1 = zext i32 %width_read" [card_recognizer_hls.cpp:38]   --->   Operation 38 'zext' 'zext_ln38_1' <Predicate = true> <Delay = 0.00>
ST_3 : Operation 39 [2/2] (6.91ns)   --->   "%mul_ln38 = mul i64 %zext_ln38, i64 %zext_ln38_1" [card_recognizer_hls.cpp:38]   --->   Operation 39 'mul' 'mul_ln38' <Predicate = true> <Delay = 6.91> <CoreInst = "Multiplier">   --->   Core 3 'Multiplier' <Latency = 1> <II = 1> <Delay = 6.91> <FuncUnit> <Opcode : 'mul'> <InPorts = 2> <OutPorts = 1>

State 4 <SV = 3> <Delay = 6.91>
ST_4 : Operation 40 [1/2] (0.00ns)   --->   "%call_ln23 = call void @find_largest_component_hw_Pipeline_VITIS_LOOP_31_1, i32 %n, i1 %visited" [card_recognizer_hls.cpp:23]   --->   Operation 40 'call' 'call_ln23' <Predicate = true> <Delay = 0.00> <CoreType = "Generic">   --->   Core 0 '' <Latency = 0> <II = 1> <Delay = 1.00> <Generic> <Opcode : >
ST_4 : Operation 41 [1/2] (6.91ns)   --->   "%mul_ln38 = mul i64 %zext_ln38, i64 %zext_ln38_1" [card_recognizer_hls.cpp:38]   --->   Operation 41 'mul' 'mul_ln38' <Predicate = true> <Delay = 6.91> <CoreInst = "Multiplier">   --->   Core 3 'Multiplier' <Latency = 1> <II = 1> <Delay = 6.91> <FuncUnit> <Opcode : 'mul'> <InPorts = 2> <OutPorts = 1>
ST_4 : Operation 42 [1/1] (0.00ns)   --->   "%br_ln38 = br void %for.body8" [card_recognizer_hls.cpp:38]   --->   Operation 42 'br' 'br_ln38' <Predicate = true> <Delay = 0.00>

State 5 <SV = 4> <Delay = 5.40>
ST_5 : Operation 43 [1/1] (0.00ns)   --->   "%x_1 = load i31 %x" [card_recognizer_hls.cpp:39]   --->   Operation 43 'load' 'x_1' <Predicate = true> <Delay = 0.00>
ST_5 : Operation 44 [1/1] (0.00ns)   --->   "%indvar_flatten_load = load i64 %indvar_flatten" [card_recognizer_hls.cpp:38]   --->   Operation 44 'load' 'indvar_flatten_load' <Predicate = true> <Delay = 0.00>
ST_5 : Operation 45 [1/1] (0.00ns)   --->   "%zext_ln39 = zext i31 %x_1" [card_recognizer_hls.cpp:39]   --->   Operation 45 'zext' 'zext_ln39' <Predicate = true> <Delay = 0.00>
ST_5 : Operation 46 [1/1] (2.47ns)   --->   "%icmp_ln39 = icmp_slt  i32 %zext_ln39, i32 %width_read" [card_recognizer_hls.cpp:39]   --->   Operation 46 'icmp' 'icmp_ln39' <Predicate = true> <Delay = 2.47> <CoreInst = "Cmp">   --->   Core 9 'Cmp' <Latency = 0> <II = 1> <Delay = 2.47> <FuncUnit> <Opcode : 'icmp'> <InPorts = 2> <OutPorts = 1>
ST_5 : Operation 47 [1/1] (2.77ns)   --->   "%icmp_ln38 = icmp_eq  i64 %indvar_flatten_load, i64 %mul_ln38" [card_recognizer_hls.cpp:38]   --->   Operation 47 'icmp' 'icmp_ln38' <Predicate = true> <Delay = 2.77> <CoreInst = "Cmp">   --->   Core 9 'Cmp' <Latency = 0> <II = 1> <Delay = 2.77> <FuncUnit> <Opcode : 'icmp'> <InPorts = 2> <OutPorts = 1>
ST_5 : Operation 48 [1/1] (3.52ns)   --->   "%add_ln38 = add i64 %indvar_flatten_load, i64 1" [card_recognizer_hls.cpp:38]   --->   Operation 48 'add' 'add_ln38' <Predicate = true> <Delay = 3.52> <CoreInst = "Adder">   --->   Core 1 'Adder' <Latency = 0> <II = 1> <Delay = 3.52> <FuncUnit> <Opcode : 'add' 'sub'> <InPorts = 2> <OutPorts = 1>
ST_5 : Operation 49 [1/1] (0.00ns)   --->   "%br_ln38 = br i1 %icmp_ln38, void %for.inc96.loopexit, void %for.end99.loopexit" [card_recognizer_hls.cpp:38]   --->   Operation 49 'br' 'br_ln38' <Predicate = true> <Delay = 0.00>
ST_5 : Operation 50 [1/1] (0.00ns)   --->   "%y_load = load i31 %y" [card_recognizer_hls.cpp:38]   --->   Operation 50 'load' 'y_load' <Predicate = (!icmp_ln38)> <Delay = 0.00>
ST_5 : Operation 51 [1/1] (2.52ns)   --->   "%add_ln38_1 = add i31 %y_load, i31 1" [card_recognizer_hls.cpp:38]   --->   Operation 51 'add' 'add_ln38_1' <Predicate = (!icmp_ln38)> <Delay = 2.52> <CoreInst = "Adder">   --->   Core 1 'Adder' <Latency = 0> <II = 1> <Delay = 2.52> <FuncUnit> <Opcode : 'add' 'sub'> <InPorts = 2> <OutPorts = 1>
ST_5 : Operation 52 [1/1] (0.73ns)   --->   "%select_ln38_1 = select i1 %icmp_ln39, i31 %y_load, i31 %add_ln38_1" [card_recognizer_hls.cpp:38]   --->   Operation 52 'select' 'select_ln38_1' <Predicate = (!icmp_ln38)> <Delay = 0.73> <CoreInst = "Sel">   --->   Core 73 'Sel' <Latency = 0> <II = 1> <Delay = 0.73> <FuncUnit> <Opcode : 'select'> <InPorts = 3> <OutPorts = 1>
ST_5 : Operation 53 [1/1] (0.00ns)   --->   "%trunc_ln38_1 = trunc i31 %select_ln38_1" [card_recognizer_hls.cpp:38]   --->   Operation 53 'trunc' 'trunc_ln38_1' <Predicate = (!icmp_ln38)> <Delay = 0.00>
ST_5 : Operation 54 [4/4] (2.15ns) (root node of the DSP)   --->   "%mul_ln38_1 = mul i19 %trunc_ln38_1, i19 %trunc_ln38" [card_recognizer_hls.cpp:38]   --->   Operation 54 'mul' 'mul_ln38_1' <Predicate = (!icmp_ln38)> <Delay = 2.15> <CoreInst = "DSP48">   --->   Core 119 'DSP48' <Latency = 3> <II = 1> <Delay = 2.15> <IPBlock> <Opcode : 'mul' 'add' 'sub' 'select'> <InPorts = 0> <OutPorts = 1> <Sync> <CReg>
ST_5 : Operation 55 [1/1] (0.00ns)   --->   "%best_count_load = load i32 %best_count" [card_recognizer_hls.cpp:80]   --->   Operation 55 'load' 'best_count_load' <Predicate = (icmp_ln38)> <Delay = 0.00>
ST_5 : Operation 56 [1/1] (0.00ns)   --->   "%ret_ln80 = ret i32 %best_count_load" [card_recognizer_hls.cpp:80]   --->   Operation 56 'ret' 'ret_ln80' <Predicate = (icmp_ln38)> <Delay = 0.00>

State 6 <SV = 5> <Delay = 6.41>
ST_6 : Operation 57 [3/4] (2.15ns) (root node of the DSP)   --->   "%mul_ln38_1 = mul i19 %trunc_ln38_1, i19 %trunc_ln38" [card_recognizer_hls.cpp:38]   --->   Operation 57 'mul' 'mul_ln38_1' <Predicate = true> <Delay = 2.15> <CoreInst = "DSP48">   --->   Core 119 'DSP48' <Latency = 3> <II = 1> <Delay = 2.15> <IPBlock> <Opcode : 'mul' 'add' 'sub' 'select'> <InPorts = 0> <OutPorts = 1> <Sync> <CReg>
ST_6 : Operation 58 [1/1] (0.00ns)   --->   "%zext_ln38_2 = zext i31 %select_ln38_1" [card_recognizer_hls.cpp:38]   --->   Operation 58 'zext' 'zext_ln38_2' <Predicate = true> <Delay = 0.00>
ST_6 : Operation 59 [6/6] (6.41ns)   --->   "%conv_mid2 = sitofp i32 %zext_ln38_2" [card_recognizer_hls.cpp:38]   --->   Operation 59 'sitofp' 'conv_mid2' <Predicate = true> <Delay = 6.41> <CoreInst = "Int2Float">   --->   Core 62 'Int2Float' <Latency = 5> <II = 1> <Delay = 6.41> <FuncUnit> <Opcode : 'sitofp' 'uitofp'> <InPorts = 1> <OutPorts = 1>

State 7 <SV = 6> <Delay = 6.41>
ST_7 : Operation 60 [2/4] (2.15ns) (root node of the DSP)   --->   "%mul_ln38_1 = mul i19 %trunc_ln38_1, i19 %trunc_ln38" [card_recognizer_hls.cpp:38]   --->   Operation 60 'mul' 'mul_ln38_1' <Predicate = true> <Delay = 2.15> <CoreInst = "DSP48">   --->   Core 119 'DSP48' <Latency = 3> <II = 1> <Delay = 2.15> <IPBlock> <Opcode : 'mul' 'add' 'sub' 'select'> <InPorts = 0> <OutPorts = 1> <Sync> <CReg>
ST_7 : Operation 61 [5/6] (6.41ns)   --->   "%conv_mid2 = sitofp i32 %zext_ln38_2" [card_recognizer_hls.cpp:38]   --->   Operation 61 'sitofp' 'conv_mid2' <Predicate = true> <Delay = 6.41> <CoreInst = "Int2Float">   --->   Core 62 'Int2Float' <Latency = 5> <II = 1> <Delay = 6.41> <FuncUnit> <Opcode : 'sitofp' 'uitofp'> <InPorts = 1> <OutPorts = 1>

State 8 <SV = 7> <Delay = 6.41>
ST_8 : Operation 62 [1/1] (0.73ns)   --->   "%select_ln38 = select i1 %icmp_ln39, i31 %x_1, i31 0" [card_recognizer_hls.cpp:38]   --->   Operation 62 'select' 'select_ln38' <Predicate = true> <Delay = 0.73> <CoreInst = "Sel">   --->   Core 73 'Sel' <Latency = 0> <II = 1> <Delay = 0.73> <FuncUnit> <Opcode : 'select'> <InPorts = 3> <OutPorts = 1>
ST_8 : Operation 63 [1/4] (0.00ns) (root node of the DSP)   --->   "%mul_ln38_1 = mul i19 %trunc_ln38_1, i19 %trunc_ln38" [card_recognizer_hls.cpp:38]   --->   Operation 63 'mul' 'mul_ln38_1' <Predicate = true> <Delay = 0.00> <CoreInst = "DSP48">   --->   Core 119 'DSP48' <Latency = 3> <II = 1> <Delay = 2.15> <IPBlock> <Opcode : 'mul' 'add' 'sub' 'select'> <InPorts = 0> <OutPorts = 1> <Sync> <CReg>
ST_8 : Operation 64 [4/6] (6.41ns)   --->   "%conv_mid2 = sitofp i32 %zext_ln38_2" [card_recognizer_hls.cpp:38]   --->   Operation 64 'sitofp' 'conv_mid2' <Predicate = true> <Delay = 6.41> <CoreInst = "Int2Float">   --->   Core 62 'Int2Float' <Latency = 5> <II = 1> <Delay = 6.41> <FuncUnit> <Opcode : 'sitofp' 'uitofp'> <InPorts = 1> <OutPorts = 1>
ST_8 : Operation 65 [1/1] (0.00ns)   --->   "%trunc_ln39 = trunc i31 %select_ln38" [card_recognizer_hls.cpp:39]   --->   Operation 65 'trunc' 'trunc_ln39' <Predicate = true> <Delay = 0.00>
ST_8 : Operation 66 [1/1] (2.16ns)   --->   "%add_ln40 = add i19 %trunc_ln39, i19 %mul_ln38_1" [card_recognizer_hls.cpp:40]   --->   Operation 66 'add' 'add_ln40' <Predicate = true> <Delay = 2.16> <CoreInst = "Adder">   --->   Core 1 'Adder' <Latency = 0> <II = 1> <Delay = 2.16> <FuncUnit> <Opcode : 'add' 'sub'> <InPorts = 2> <OutPorts = 1>

State 9 <SV = 8> <Delay = 6.41>
ST_9 : Operation 67 [3/6] (6.41ns)   --->   "%conv_mid2 = sitofp i32 %zext_ln38_2" [card_recognizer_hls.cpp:38]   --->   Operation 67 'sitofp' 'conv_mid2' <Predicate = true> <Delay = 6.41> <CoreInst = "Int2Float">   --->   Core 62 'Int2Float' <Latency = 5> <II = 1> <Delay = 6.41> <FuncUnit> <Opcode : 'sitofp' 'uitofp'> <InPorts = 1> <OutPorts = 1>

State 10 <SV = 9> <Delay = 6.41>
ST_10 : Operation 68 [2/6] (6.41ns)   --->   "%conv_mid2 = sitofp i32 %zext_ln38_2" [card_recognizer_hls.cpp:38]   --->   Operation 68 'sitofp' 'conv_mid2' <Predicate = true> <Delay = 6.41> <CoreInst = "Int2Float">   --->   Core 62 'Int2Float' <Latency = 5> <II = 1> <Delay = 6.41> <FuncUnit> <Opcode : 'sitofp' 'uitofp'> <InPorts = 1> <OutPorts = 1>
ST_10 : Operation 69 [1/1] (0.00ns)   --->   "%zext_ln42 = zext i19 %add_ln40" [card_recognizer_hls.cpp:42]   --->   Operation 69 'zext' 'zext_ln42' <Predicate = true> <Delay = 0.00>
ST_10 : Operation 70 [1/1] (0.00ns)   --->   "%binary_addr = getelementptr i2 %binary, i64 0, i64 %zext_ln42" [card_recognizer_hls.cpp:42]   --->   Operation 70 'getelementptr' 'binary_addr' <Predicate = true> <Delay = 0.00>
ST_10 : Operation 71 [2/2] (3.25ns)   --->   "%binary_load = load i19 %binary_addr" [card_recognizer_hls.cpp:42]   --->   Operation 71 'load' 'binary_load' <Predicate = true> <Delay = 3.25> <CoreInst = "RAM">   --->   Core 82 'RAM' <Latency = 1> <II = 1> <Delay = 3.25> <Storage> <Opcode : 'load' 'store'> <Ports = 2> <Width = 2> <Depth = 307200> <RAM>

State 11 <SV = 10> <Delay = 6.41>
ST_11 : Operation 72 [1/1] (0.00ns)   --->   "%specloopname_ln0 = specloopname void @_ssdm_op_SpecLoopName, void @VITIS_LOOP_38_2_VITIS_LOOP_39_3_str"   --->   Operation 72 'specloopname' 'specloopname_ln0' <Predicate = true> <Delay = 0.00>
ST_11 : Operation 73 [1/6] (6.41ns)   --->   "%conv_mid2 = sitofp i32 %zext_ln38_2" [card_recognizer_hls.cpp:38]   --->   Operation 73 'sitofp' 'conv_mid2' <Predicate = true> <Delay = 6.41> <CoreInst = "Int2Float">   --->   Core 62 'Int2Float' <Latency = 5> <II = 1> <Delay = 6.41> <FuncUnit> <Opcode : 'sitofp' 'uitofp'> <InPorts = 1> <OutPorts = 1>
ST_11 : Operation 74 [1/1] (0.00ns)   --->   "%specloopname_ln39 = specloopname void @_ssdm_op_SpecLoopName, void @empty_13" [card_recognizer_hls.cpp:39]   --->   Operation 74 'specloopname' 'specloopname_ln39' <Predicate = true> <Delay = 0.00>
ST_11 : Operation 75 [1/2] (3.25ns)   --->   "%binary_load = load i19 %binary_addr" [card_recognizer_hls.cpp:42]   --->   Operation 75 'load' 'binary_load' <Predicate = true> <Delay = 3.25> <CoreInst = "RAM">   --->   Core 82 'RAM' <Latency = 1> <II = 1> <Delay = 3.25> <Storage> <Opcode : 'load' 'store'> <Ports = 2> <Width = 2> <Depth = 307200> <RAM>
ST_11 : Operation 76 [1/1] (0.95ns)   --->   "%icmp_ln42 = icmp_eq  i2 %binary_load, i2 3" [card_recognizer_hls.cpp:42]   --->   Operation 76 'icmp' 'icmp_ln42' <Predicate = true> <Delay = 0.95> <CoreInst = "Cmp">   --->   Core 9 'Cmp' <Latency = 0> <II = 1> <Delay = 0.95> <FuncUnit> <Opcode : 'icmp'> <InPorts = 2> <OutPorts = 1>
ST_11 : Operation 77 [1/1] (0.00ns)   --->   "%br_ln42 = br i1 %icmp_ln42, void %if.then, void %lor.lhs.false" [card_recognizer_hls.cpp:42]   --->   Operation 77 'br' 'br_ln42' <Predicate = true> <Delay = 0.00>
ST_11 : Operation 78 [1/1] (0.00ns)   --->   "%visited_addr_1 = getelementptr i1 %visited, i64 0, i64 %zext_ln42" [card_recognizer_hls.cpp:42]   --->   Operation 78 'getelementptr' 'visited_addr_1' <Predicate = (icmp_ln42)> <Delay = 0.00>
ST_11 : Operation 79 [2/2] (3.25ns)   --->   "%visited_load = load i19 %visited_addr_1" [card_recognizer_hls.cpp:42]   --->   Operation 79 'load' 'visited_load' <Predicate = (icmp_ln42)> <Delay = 3.25> <CoreInst = "RAM">   --->   Core 82 'RAM' <Latency = 1> <II = 1> <Delay = 3.25> <Storage> <Opcode : 'load' 'store'> <Ports = 2> <Width = 1> <Depth = 307200> <RAM>

State 12 <SV = 11> <Delay = 6.50>
ST_12 : Operation 80 [1/2] (3.25ns)   --->   "%visited_load = load i19 %visited_addr_1" [card_recognizer_hls.cpp:42]   --->   Operation 80 'load' 'visited_load' <Predicate = (icmp_ln42)> <Delay = 3.25> <CoreInst = "RAM">   --->   Core 82 'RAM' <Latency = 1> <II = 1> <Delay = 3.25> <Storage> <Opcode : 'load' 'store'> <Ports = 2> <Width = 1> <Depth = 307200> <RAM>
ST_12 : Operation 81 [1/1] (0.00ns)   --->   "%br_ln42 = br i1 %visited_load, void %VITIS_LOOP_51_4, void %if.then" [card_recognizer_hls.cpp:42]   --->   Operation 81 'br' 'br_ln42' <Predicate = (icmp_ln42)> <Delay = 0.00>
ST_12 : Operation 82 [1/1] (0.00ns)   --->   "%zext_ln48 = zext i31 %select_ln38" [card_recognizer_hls.cpp:48]   --->   Operation 82 'zext' 'zext_ln48' <Predicate = (icmp_ln42 & !visited_load)> <Delay = 0.00>
ST_12 : Operation 83 [6/6] (6.41ns)   --->   "%conv1 = sitofp i32 %zext_ln48" [card_recognizer_hls.cpp:48]   --->   Operation 83 'sitofp' 'conv1' <Predicate = (icmp_ln42 & !visited_load)> <Delay = 6.41> <CoreInst = "Int2Float">   --->   Core 62 'Int2Float' <Latency = 5> <II = 1> <Delay = 6.41> <FuncUnit> <Opcode : 'sitofp' 'uitofp'> <InPorts = 1> <OutPorts = 1>
ST_12 : Operation 84 [1/1] (3.25ns)   --->   "%store_ln48 = store i32 %conv_mid2, i32 0" [card_recognizer_hls.cpp:48]   --->   Operation 84 'store' 'store_ln48' <Predicate = (icmp_ln42 & !visited_load)> <Delay = 3.25> <CoreInst = "RAM">   --->   Core 82 'RAM' <Latency = 1> <II = 1> <Delay = 3.25> <Storage> <Opcode : 'load' 'store'> <Ports = 2> <Width = 32> <Depth = 307200> <RAM>
ST_12 : Operation 85 [1/1] (3.25ns)   --->   "%store_ln49 = store i1 1, i19 %visited_addr_1" [card_recognizer_hls.cpp:49]   --->   Operation 85 'store' 'store_ln49' <Predicate = (icmp_ln42 & !visited_load)> <Delay = 3.25> <CoreInst = "RAM">   --->   Core 82 'RAM' <Latency = 1> <II = 1> <Delay = 3.25> <Storage> <Opcode : 'load' 'store'> <Ports = 2> <Width = 1> <Depth = 307200> <RAM>
ST_12 : Operation 86 [1/1] (0.00ns)   --->   "%br_ln42 = br void %cleanup" [card_recognizer_hls.cpp:42]   --->   Operation 86 'br' 'br_ln42' <Predicate = (visited_load) | (!icmp_ln42)> <Delay = 0.00>

State 13 <SV = 12> <Delay = 6.41>
ST_13 : Operation 87 [5/6] (6.41ns)   --->   "%conv1 = sitofp i32 %zext_ln48" [card_recognizer_hls.cpp:48]   --->   Operation 87 'sitofp' 'conv1' <Predicate = true> <Delay = 6.41> <CoreInst = "Int2Float">   --->   Core 62 'Int2Float' <Latency = 5> <II = 1> <Delay = 6.41> <FuncUnit> <Opcode : 'sitofp' 'uitofp'> <InPorts = 1> <OutPorts = 1>

State 14 <SV = 13> <Delay = 6.41>
ST_14 : Operation 88 [4/6] (6.41ns)   --->   "%conv1 = sitofp i32 %zext_ln48" [card_recognizer_hls.cpp:48]   --->   Operation 88 'sitofp' 'conv1' <Predicate = true> <Delay = 6.41> <CoreInst = "Int2Float">   --->   Core 62 'Int2Float' <Latency = 5> <II = 1> <Delay = 6.41> <FuncUnit> <Opcode : 'sitofp' 'uitofp'> <InPorts = 1> <OutPorts = 1>

State 15 <SV = 14> <Delay = 6.41>
ST_15 : Operation 89 [3/6] (6.41ns)   --->   "%conv1 = sitofp i32 %zext_ln48" [card_recognizer_hls.cpp:48]   --->   Operation 89 'sitofp' 'conv1' <Predicate = true> <Delay = 6.41> <CoreInst = "Int2Float">   --->   Core 62 'Int2Float' <Latency = 5> <II = 1> <Delay = 6.41> <FuncUnit> <Opcode : 'sitofp' 'uitofp'> <InPorts = 1> <OutPorts = 1>

State 16 <SV = 15> <Delay = 6.41>
ST_16 : Operation 90 [2/6] (6.41ns)   --->   "%conv1 = sitofp i32 %zext_ln48" [card_recognizer_hls.cpp:48]   --->   Operation 90 'sitofp' 'conv1' <Predicate = true> <Delay = 6.41> <CoreInst = "Int2Float">   --->   Core 62 'Int2Float' <Latency = 5> <II = 1> <Delay = 6.41> <FuncUnit> <Opcode : 'sitofp' 'uitofp'> <InPorts = 1> <OutPorts = 1>

State 17 <SV = 16> <Delay = 6.41>
ST_17 : Operation 91 [1/6] (6.41ns)   --->   "%conv1 = sitofp i32 %zext_ln48" [card_recognizer_hls.cpp:48]   --->   Operation 91 'sitofp' 'conv1' <Predicate = true> <Delay = 6.41> <CoreInst = "Int2Float">   --->   Core 62 'Int2Float' <Latency = 5> <II = 1> <Delay = 6.41> <FuncUnit> <Opcode : 'sitofp' 'uitofp'> <InPorts = 1> <OutPorts = 1>

State 18 <SV = 17> <Delay = 3.25>
ST_18 : Operation 92 [1/1] (3.25ns)   --->   "%store_ln48 = store i32 %conv1, i32 0" [card_recognizer_hls.cpp:48]   --->   Operation 92 'store' 'store_ln48' <Predicate = true> <Delay = 3.25> <CoreInst = "RAM">   --->   Core 82 'RAM' <Latency = 1> <II = 1> <Delay = 3.25> <Storage> <Opcode : 'load' 'store'> <Ports = 2> <Width = 32> <Depth = 307200> <RAM>

State 19 <SV = 18> <Delay = 0.00>
ST_19 : Operation 93 [2/2] (0.00ns)   --->   "%call_ln0 = call void @find_largest_component_hw_Pipeline_VITIS_LOOP_51_4, i32 %height_read, i32 %width_read, i32 %best_count_3_loc, i32 %queue_x, i32 %queue_y, i2 %binary, i1 %visited"   --->   Operation 93 'call' 'call_ln0' <Predicate = true> <Delay = 0.00> <CoreType = "Generic">   --->   Core 0 '' <Latency = 0> <II = 1> <Delay = 1.00> <Generic> <Opcode : >

State 20 <SV = 19> <Delay = 2.77>
ST_20 : Operation 94 [1/2] (2.77ns)   --->   "%call_ln0 = call void @find_largest_component_hw_Pipeline_VITIS_LOOP_51_4, i32 %height_read, i32 %width_read, i32 %best_count_3_loc, i32 %queue_x, i32 %queue_y, i2 %binary, i1 %visited"   --->   Operation 94 'call' 'call_ln0' <Predicate = true> <Delay = 2.77> <CoreType = "Generic">   --->   Core 0 '' <Latency = 0> <II = 1> <Delay = 1.00> <Generic> <Opcode : >

State 21 <SV = 20> <Delay = 4.75>
ST_21 : Operation 95 [1/1] (0.00ns)   --->   "%best_count_load_1 = load i32 %best_count" [card_recognizer_hls.cpp:70]   --->   Operation 95 'load' 'best_count_load_1' <Predicate = (icmp_ln42 & !visited_load)> <Delay = 0.00>
ST_21 : Operation 96 [1/1] (0.00ns)   --->   "%best_count_3_loc_load = load i32 %best_count_3_loc"   --->   Operation 96 'load' 'best_count_3_loc_load' <Predicate = (icmp_ln42 & !visited_load)> <Delay = 0.00>
ST_21 : Operation 97 [1/1] (2.47ns)   --->   "%icmp_ln70 = icmp_sgt  i32 %best_count_3_loc_load, i32 %best_count_load_1" [card_recognizer_hls.cpp:70]   --->   Operation 97 'icmp' 'icmp_ln70' <Predicate = (icmp_ln42 & !visited_load)> <Delay = 2.47> <CoreInst = "Cmp">   --->   Core 9 'Cmp' <Latency = 0> <II = 1> <Delay = 2.47> <FuncUnit> <Opcode : 'icmp'> <InPorts = 2> <OutPorts = 1>
ST_21 : Operation 98 [1/1] (0.69ns)   --->   "%select_ln70 = select i1 %icmp_ln70, i32 %best_count_3_loc_load, i32 %best_count_load_1" [card_recognizer_hls.cpp:70]   --->   Operation 98 'select' 'select_ln70' <Predicate = (icmp_ln42 & !visited_load)> <Delay = 0.69> <CoreInst = "Sel">   --->   Core 73 'Sel' <Latency = 0> <II = 1> <Delay = 0.69> <FuncUnit> <Opcode : 'select'> <InPorts = 3> <OutPorts = 1>
ST_21 : Operation 99 [1/1] (1.58ns)   --->   "%store_ln70 = store i32 %select_ln70, i32 %best_count" [card_recognizer_hls.cpp:70]   --->   Operation 99 'store' 'store_ln70' <Predicate = (icmp_ln42 & !visited_load)> <Delay = 1.58>
ST_21 : Operation 100 [1/1] (0.00ns)   --->   "%br_ln70 = br void %cleanup" [card_recognizer_hls.cpp:70]   --->   Operation 100 'br' 'br_ln70' <Predicate = (icmp_ln42 & !visited_load)> <Delay = 0.00>
ST_21 : Operation 101 [1/1] (2.52ns)   --->   "%add_ln39 = add i31 %select_ln38, i31 1" [card_recognizer_hls.cpp:39]   --->   Operation 101 'add' 'add_ln39' <Predicate = true> <Delay = 2.52> <CoreInst = "Adder">   --->   Core 1 'Adder' <Latency = 0> <II = 1> <Delay = 2.52> <FuncUnit> <Opcode : 'add' 'sub'> <InPorts = 2> <OutPorts = 1>
ST_21 : Operation 102 [1/1] (1.58ns)   --->   "%store_ln39 = store i64 %add_ln38, i64 %indvar_flatten" [card_recognizer_hls.cpp:39]   --->   Operation 102 'store' 'store_ln39' <Predicate = true> <Delay = 1.58>
ST_21 : Operation 103 [1/1] (1.58ns)   --->   "%store_ln39 = store i31 %select_ln38_1, i31 %y" [card_recognizer_hls.cpp:39]   --->   Operation 103 'store' 'store_ln39' <Predicate = true> <Delay = 1.58>
ST_21 : Operation 104 [1/1] (1.58ns)   --->   "%store_ln39 = store i31 %add_ln39, i31 %x" [card_recognizer_hls.cpp:39]   --->   Operation 104 'store' 'store_ln39' <Predicate = true> <Delay = 1.58>
ST_21 : Operation 105 [1/1] (0.00ns)   --->   "%br_ln39 = br void %for.body8" [card_recognizer_hls.cpp:39]   --->   Operation 105 'br' 'br_ln39' <Predicate = true> <Delay = 0.00>


============================================================
+ Verbose Summary: Binding
============================================================
STG Binding: 
---------------- STG Properties BEGIN ----------------
- Is combinational: 0
- Is one-state seq: 0
- Is datapath-only: 0
- Is pipelined: 0
- Is top level: 0
Port [ Return ] is wired: 1; IO mode=ap_ctrl_hs:ce=0
Port [ width]:  wired=1; compound=0; hidden=0; nouse=0; global=0; static=0; extern=0; dir=0; type=0; pingpong=0; private_global=0; IO mode=ap_none:ce=0
Port [ height]:  wired=1; compound=0; hidden=0; nouse=0; global=0; static=0; extern=0; dir=0; type=0; pingpong=0; private_global=0; IO mode=ap_none:ce=0
Port [ visited]:  wired=0; compound=1; hidden=1; nouse=0; global=1; static=1; extern=0; dir=2; type=1; pingpong=0; private_global=1; MemPort=[22]; IO mode=ap_memory:ce=0
Port [ queue_x]:  wired=0; compound=1; hidden=1; nouse=0; global=1; static=1; extern=0; dir=2; type=1; pingpong=0; private_global=1; MemPort=[23]; IO mode=ap_memory:ce=0
Port [ queue_y]:  wired=0; compound=1; hidden=1; nouse=0; global=1; static=1; extern=0; dir=2; type=1; pingpong=0; private_global=1; MemPort=[23]; IO mode=ap_memory:ce=0
Port [ binary]:  wired=1; compound=1; hidden=0; nouse=0; global=1; static=1; extern=0; dir=0; type=1; pingpong=0; private_global=0; MemPort=[11]; IO mode=ap_memory:ce=0
---------------- STG Properties END ------------------

---------------- Datapath Model BEGIN ----------------

<LifeTime>
<method=bitvector/>
x                     (alloca       ) [ 0111111111111111111111]
y                     (alloca       ) [ 0111111111111111111111]
indvar_flatten        (alloca       ) [ 0111111111111111111111]
best_count            (alloca       ) [ 0111111111111111111111]
height_read           (read         ) [ 0011111111111111111111]
width_read            (read         ) [ 0011111111111111111111]
best_count_3_loc      (alloca       ) [ 0011111111111111111111]
trunc_ln38            (trunc        ) [ 0011111111111111111111]
store_ln38            (store        ) [ 0000000000000000000000]
store_ln38            (store        ) [ 0000000000000000000000]
store_ln38            (store        ) [ 0000000000000000000000]
store_ln38            (store        ) [ 0000000000000000000000]
n                     (mul          ) [ 0001100000000000000000]
zext_ln38             (zext         ) [ 0000100000000000000000]
zext_ln38_1           (zext         ) [ 0000100000000000000000]
call_ln23             (call         ) [ 0000000000000000000000]
mul_ln38              (mul          ) [ 0000011111111111111111]
br_ln38               (br           ) [ 0000000000000000000000]
x_1                   (load         ) [ 0000001110000000000000]
indvar_flatten_load   (load         ) [ 0000000000000000000000]
zext_ln39             (zext         ) [ 0000000000000000000000]
icmp_ln39             (icmp         ) [ 0000001110000000000000]
icmp_ln38             (icmp         ) [ 0000011111111111111111]
add_ln38              (add          ) [ 0000001111111111111111]
br_ln38               (br           ) [ 0000000000000000000000]
y_load                (load         ) [ 0000000000000000000000]
add_ln38_1            (add          ) [ 0000000000000000000000]
select_ln38_1         (select       ) [ 0000001111111111111111]
trunc_ln38_1          (trunc        ) [ 0000001110000000000000]
best_count_load       (load         ) [ 0000000000000000000000]
ret_ln80              (ret          ) [ 0000000000000000000000]
zext_ln38_2           (zext         ) [ 0000000111110000000000]
select_ln38           (select       ) [ 0000000001111111111111]
mul_ln38_1            (mul          ) [ 0000000000000000000000]
trunc_ln39            (trunc        ) [ 0000000000000000000000]
add_ln40              (add          ) [ 0000000001100000000000]
zext_ln42             (zext         ) [ 0000000000010000000000]
binary_addr           (getelementptr) [ 0000000000010000000000]
specloopname_ln0      (specloopname ) [ 0000000000000000000000]
conv_mid2             (sitofp       ) [ 0000000000001000000000]
specloopname_ln39     (specloopname ) [ 0000000000000000000000]
binary_load           (load         ) [ 0000000000000000000000]
icmp_ln42             (icmp         ) [ 0000011111111111111111]
br_ln42               (br           ) [ 0000000000000000000000]
visited_addr_1        (getelementptr) [ 0000000000001000000000]
visited_load          (load         ) [ 0000011111111111111111]
br_ln42               (br           ) [ 0000000000000000000000]
zext_ln48             (zext         ) [ 0000000000000111110000]
store_ln48            (store        ) [ 0000000000000000000000]
store_ln49            (store        ) [ 0000000000000000000000]
br_ln42               (br           ) [ 0000000000000000000000]
conv1                 (sitofp       ) [ 0000000000000000001000]
store_ln48            (store        ) [ 0000000000000000000000]
call_ln0              (call         ) [ 0000000000000000000000]
best_count_load_1     (load         ) [ 0000000000000000000000]
best_count_3_loc_load (load         ) [ 0000000000000000000000]
icmp_ln70             (icmp         ) [ 0000000000000000000000]
select_ln70           (select       ) [ 0000000000000000000000]
store_ln70            (store        ) [ 0000000000000000000000]
br_ln70               (br           ) [ 0000000000000000000000]
add_ln39              (add          ) [ 0000000000000000000000]
store_ln39            (store        ) [ 0000000000000000000000]
store_ln39            (store        ) [ 0000000000000000000000]
store_ln39            (store        ) [ 0000000000000000000000]
br_ln39               (br           ) [ 0000000000000000000000]
</LifeTime>

<model>

<comp_list>
<comp id="0" class="1000" name="width">
<pin_list>
<pin id="1" dir="1" index="0" bw="1" slack="0"/>
</pin_list>
<bind>
<StgValue><ssdm name="width"/></StgValue>
</bind>
</comp>

<comp id="2" class="1000" name="height">
<pin_list>
<pin id="3" dir="1" index="0" bw="1" slack="0"/>
</pin_list>
<bind>
<StgValue><ssdm name="height"/></StgValue>
</bind>
</comp>

<comp id="4" class="1000" name="visited">
<pin_list>
<pin id="5" dir="1" index="0" bw="1" slack="0"/>
</pin_list>
<bind>
<StgValue><ssdm name="visited"/><MemPortTyVec>2 2 </MemPortTyVec>
</StgValue>
</bind>
</comp>

<comp id="6" class="1000" name="queue_x">
<pin_list>
<pin id="7" dir="1" index="0" bw="1" slack="0"/>
</pin_list>
<bind>
<StgValue><ssdm name="queue_x"/><MemPortTyVec>2 3 </MemPortTyVec>
</StgValue>
</bind>
</comp>

<comp id="8" class="1000" name="queue_y">
<pin_list>
<pin id="9" dir="1" index="0" bw="1" slack="0"/>
</pin_list>
<bind>
<StgValue><ssdm name="queue_y"/><MemPortTyVec>2 3 </MemPortTyVec>
</StgValue>
</bind>
</comp>

<comp id="10" class="1000" name="binary">
<pin_list>
<pin id="11" dir="1" index="0" bw="1" slack="0"/>
</pin_list>
<bind>
<StgValue><ssdm name="binary"/><MemPortTyVec>1 1 </MemPortTyVec>
</StgValue>
</bind>
</comp>

<comp id="12" class="1001" name="const_12">
<pin_list>
<pin id="13" dir="1" index="0" bw="1" slack="0"/>
</pin_list>
<bind>
<StgValue><ssdm name=""/></StgValue>
</bind>
</comp>

<comp id="14" class="1001" name="const_14">
<pin_list>
<pin id="15" dir="1" index="0" bw="1" slack="0"/>
</pin_list>
<bind>
<StgValue><ssdm name="_ssdm_op_Read.ap_auto.i32"/></StgValue>
</bind>
</comp>

<comp id="16" class="1001" name="const_16">
<pin_list>
<pin id="17" dir="1" index="0" bw="1" slack="0"/>
</pin_list>
<bind>
<StgValue><ssdm name=""/></StgValue>
</bind>
</comp>

<comp id="18" class="1001" name="const_18">
<pin_list>
<pin id="19" dir="1" index="0" bw="1" slack="0"/>
</pin_list>
<bind>
<StgValue><ssdm name=""/></StgValue>
</bind>
</comp>

<comp id="20" class="1001" name="const_20">
<pin_list>
<pin id="21" dir="1" index="0" bw="1" slack="0"/>
</pin_list>
<bind>
<StgValue><ssdm name=""/></StgValue>
</bind>
</comp>

<comp id="22" class="1001" name="const_22">
<pin_list>
<pin id="23" dir="1" index="0" bw="1" slack="0"/>
</pin_list>
<bind>
<StgValue><ssdm name=""/></StgValue>
</bind>
</comp>

<comp id="24" class="1001" name="const_24">
<pin_list>
<pin id="25" dir="1" index="0" bw="1" slack="0"/>
</pin_list>
<bind>
<StgValue><ssdm name="find_largest_component_hw_Pipeline_VITIS_LOOP_31_1"/></StgValue>
</bind>
</comp>

<comp id="26" class="1001" name="const_26">
<pin_list>
<pin id="27" dir="1" index="0" bw="1" slack="0"/>
</pin_list>
<bind>
<StgValue><ssdm name=""/></StgValue>
</bind>
</comp>

<comp id="28" class="1001" name="const_28">
<pin_list>
<pin id="29" dir="1" index="0" bw="1" slack="2147483647"/>
</pin_list>
<bind>
<StgValue><ssdm name="_ssdm_op_SpecLoopName"/></StgValue>
</bind>
</comp>

<comp id="30" class="1001" name="const_30">
<pin_list>
<pin id="31" dir="1" index="0" bw="1" slack="2147483647"/>
</pin_list>
<bind>
<StgValue><ssdm name="VITIS_LOOP_38_2_VITIS_LOOP_39_3_str"/></StgValue>
</bind>
</comp>

<comp id="32" class="1001" name="const_32">
<pin_list>
<pin id="33" dir="1" index="0" bw="1" slack="2147483647"/>
</pin_list>
<bind>
<StgValue><ssdm name="empty_13"/></StgValue>
</bind>
</comp>

<comp id="34" class="1001" name="const_34">
<pin_list>
<pin id="35" dir="1" index="0" bw="1" slack="0"/>
</pin_list>
<bind>
<StgValue><ssdm name=""/></StgValue>
</bind>
</comp>

<comp id="36" class="1001" name="const_36">
<pin_list>
<pin id="37" dir="1" index="0" bw="1" slack="0"/>
</pin_list>
<bind>
<StgValue><ssdm name=""/></StgValue>
</bind>
</comp>

<comp id="38" class="1001" name="const_38">
<pin_list>
<pin id="39" dir="1" index="0" bw="1" slack="0"/>
</pin_list>
<bind>
<StgValue><ssdm name=""/></StgValue>
</bind>
</comp>

<comp id="40" class="1001" name="const_40">
<pin_list>
<pin id="41" dir="1" index="0" bw="1" slack="0"/>
</pin_list>
<bind>
<StgValue><ssdm name=""/></StgValue>
</bind>
</comp>

<comp id="42" class="1001" name="const_42">
<pin_list>
<pin id="43" dir="1" index="0" bw="1" slack="0"/>
</pin_list>
<bind>
<StgValue><ssdm name="find_largest_component_hw_Pipeline_VITIS_LOOP_51_4"/></StgValue>
</bind>
</comp>

<comp id="44" class="1004" name="x_fu_44">
<pin_list>
<pin id="45" dir="0" index="0" bw="1" slack="0"/>
<pin id="46" dir="1" index="1" bw="31" slack="0"/>
</pin_list>
<bind>
<opcode="alloca(26) " fcode="alloca"/>
<opset="x/1 "/>
</bind>
</comp>

<comp id="48" class="1004" name="y_fu_48">
<pin_list>
<pin id="49" dir="0" index="0" bw="1" slack="0"/>
<pin id="50" dir="1" index="1" bw="31" slack="0"/>
</pin_list>
<bind>
<opcode="alloca(26) " fcode="alloca"/>
<opset="y/1 "/>
</bind>
</comp>

<comp id="52" class="1004" name="indvar_flatten_fu_52">
<pin_list>
<pin id="53" dir="0" index="0" bw="1" slack="0"/>
<pin id="54" dir="1" index="1" bw="64" slack="0"/>
</pin_list>
<bind>
<opcode="alloca(26) " fcode="alloca"/>
<opset="indvar_flatten/1 "/>
</bind>
</comp>

<comp id="56" class="1004" name="best_count_fu_56">
<pin_list>
<pin id="57" dir="0" index="0" bw="1" slack="0"/>
<pin id="58" dir="1" index="1" bw="32" slack="0"/>
</pin_list>
<bind>
<opcode="alloca(26) " fcode="alloca"/>
<opset="best_count/1 "/>
</bind>
</comp>

<comp id="60" class="1004" name="best_count_3_loc_fu_60">
<pin_list>
<pin id="61" dir="0" index="0" bw="1" slack="0"/>
<pin id="62" dir="1" index="1" bw="32" slack="18"/>
</pin_list>
<bind>
<opcode="alloca(26) " fcode="alloca"/>
<opset="best_count_3_loc/1 "/>
</bind>
</comp>

<comp id="64" class="1004" name="height_read_read_fu_64">
<pin_list>
<pin id="65" dir="0" index="0" bw="32" slack="0"/>
<pin id="66" dir="0" index="1" bw="32" slack="0"/>
<pin id="67" dir="1" index="2" bw="32" slack="0"/>
</pin_list>
<bind>
<opcode="read(1150) " fcode="read"/>
<opset="height_read/1 "/>
</bind>
</comp>

<comp id="70" class="1004" name="width_read_read_fu_70">
<pin_list>
<pin id="71" dir="0" index="0" bw="32" slack="0"/>
<pin id="72" dir="0" index="1" bw="32" slack="0"/>
<pin id="73" dir="1" index="2" bw="32" slack="0"/>
</pin_list>
<bind>
<opcode="read(1150) " fcode="read"/>
<opset="width_read/1 "/>
</bind>
</comp>

<comp id="76" class="1004" name="binary_addr_gep_fu_76">
<pin_list>
<pin id="77" dir="0" index="0" bw="2" slack="0"/>
<pin id="78" dir="0" index="1" bw="1" slack="0"/>
<pin id="79" dir="0" index="2" bw="19" slack="0"/>
<pin id="80" dir="1" index="3" bw="19" slack="0"/>
</pin_list>
<bind>
<opcode="getelementptr(29) " fcode="getelementptr"/>
<opset="binary_addr/10 "/>
</bind>
</comp>

<comp id="83" class="1004" name="grp_access_fu_83">
<pin_list>
<pin id="84" dir="0" index="0" bw="19" slack="0"/>
<pin id="85" dir="0" index="1" bw="2" slack="2147483647"/>
<pin id="86" dir="0" index="2" bw="0" slack="2147483647"/>
<pin id="87" dir="1" index="3" bw="2" slack="0"/>
</pin_list>
<bind>
<opcode="load(27) " fcode="load"/>
<opset="binary_load/10 "/>
</bind>
</comp>

<comp id="89" class="1004" name="visited_addr_1_gep_fu_89">
<pin_list>
<pin id="90" dir="0" index="0" bw="1" slack="0"/>
<pin id="91" dir="0" index="1" bw="1" slack="0"/>
<pin id="92" dir="0" index="2" bw="19" slack="1"/>
<pin id="93" dir="1" index="3" bw="19" slack="0"/>
</pin_list>
<bind>
<opcode="getelementptr(29) " fcode="getelementptr"/>
<opset="visited_addr_1/11 "/>
</bind>
</comp>

<comp id="96" class="1004" name="grp_access_fu_96">
<pin_list>
<pin id="97" dir="0" index="0" bw="19" slack="0"/>
<pin id="98" dir="0" index="1" bw="1" slack="0"/>
<pin id="99" dir="0" index="2" bw="0" slack="2147483647"/>
<pin id="100" dir="1" index="3" bw="1" slack="9"/>
</pin_list>
<bind>
<opcode="load(27) store(28) " fcode="store"/>
<opset="visited_load/11 store_ln49/12 "/>
</bind>
</comp>

<comp id="102" class="1004" name="store_ln48_access_fu_102">
<pin_list>
<pin id="103" dir="0" index="0" bw="32" slack="0"/>
<pin id="104" dir="0" index="1" bw="32" slack="1"/>
<pin id="105" dir="0" index="2" bw="0" slack="2147483647"/>
<pin id="106" dir="1" index="3" bw="32" slack="2147483647"/>
</pin_list>
<bind>
<opcode="store(28) " fcode="store"/>
<opset="store_ln48/12 "/>
</bind>
</comp>

<comp id="109" class="1004" name="store_ln48_access_fu_109">
<pin_list>
<pin id="110" dir="0" index="0" bw="32" slack="0"/>
<pin id="111" dir="0" index="1" bw="32" slack="1"/>
<pin id="112" dir="0" index="2" bw="0" slack="2147483647"/>
<pin id="113" dir="1" index="3" bw="32" slack="2147483647"/>
</pin_list>
<bind>
<opcode="store(28) " fcode="store"/>
<opset="store_ln48/18 "/>
</bind>
</comp>

<comp id="115" class="1004" name="grp_find_largest_component_hw_Pipeline_VITIS_LOOP_31_1_fu_115">
<pin_list>
<pin id="116" dir="0" index="0" bw="0" slack="0"/>
<pin id="117" dir="0" index="1" bw="32" slack="1"/>
<pin id="118" dir="0" index="2" bw="1" slack="0"/>
<pin id="119" dir="1" index="3" bw="0" slack="2147483647"/>
</pin_list>
<bind>
<opcode="call(48) " fcode="call"/>
<opset="call_ln23/3 "/>
</bind>
</comp>

<comp id="122" class="1004" name="grp_find_largest_component_hw_Pipeline_VITIS_LOOP_51_4_fu_122">
<pin_list>
<pin id="123" dir="0" index="0" bw="0" slack="0"/>
<pin id="124" dir="0" index="1" bw="32" slack="18"/>
<pin id="125" dir="0" index="2" bw="32" slack="18"/>
<pin id="126" dir="0" index="3" bw="32" slack="18"/>
<pin id="127" dir="0" index="4" bw="32" slack="0"/>
<pin id="128" dir="0" index="5" bw="32" slack="0"/>
<pin id="129" dir="0" index="6" bw="2" slack="0"/>
<pin id="130" dir="0" index="7" bw="1" slack="0"/>
<pin id="131" dir="1" index="8" bw="0" slack="2147483647"/>
</pin_list>
<bind>
<opcode="call(48) " fcode="call"/>
<opset="call_ln0/19 "/>
</bind>
</comp>

<comp id="137" class="1004" name="grp_fu_137">
<pin_list>
<pin id="138" dir="0" index="0" bw="31" slack="0"/>
<pin id="139" dir="1" index="1" bw="32" slack="1"/>
</pin_list>
<bind>
<opcode="sitofp(39) " fcode="sitofp"/>
<opset="conv_mid2/6 conv1/12 "/>
</bind>
</comp>

<comp id="140" class="1004" name="grp_load_fu_140">
<pin_list>
<pin id="141" dir="0" index="0" bw="32" slack="4"/>
<pin id="142" dir="1" index="1" bw="32" slack="0"/>
</pin_list>
<bind>
<opcode="load(27) " fcode="load"/>
<opset="best_count_load/5 best_count_load_1/21 "/>
</bind>
</comp>

<comp id="143" class="1005" name="reg_143">
<pin_list>
<pin id="144" dir="0" index="0" bw="32" slack="1"/>
<pin id="145" dir="1" index="1" bw="32" slack="1"/>
</pin_list>
<bind>
<opset="conv_mid2 conv1 "/>
</bind>
</comp>

<comp id="149" class="1004" name="grp_fu_149">
<pin_list>
<pin id="150" dir="0" index="0" bw="32" slack="0"/>
<pin id="151" dir="0" index="1" bw="32" slack="0"/>
<pin id="152" dir="1" index="2" bw="32" slack="1"/>
</pin_list>
<bind>
<opcode="mul(12) " fcode="mul"/>
<opset="n/1 "/>
</bind>
</comp>

<comp id="155" class="1004" name="trunc_ln38_fu_155">
<pin_list>
<pin id="156" dir="0" index="0" bw="32" slack="0"/>
<pin id="157" dir="1" index="1" bw="19" slack="4"/>
</pin_list>
<bind>
<opcode="trunc(33) " fcode="trunc"/>
<opset="trunc_ln38/1 "/>
</bind>
</comp>

<comp id="159" class="1004" name="store_ln38_store_fu_159">
<pin_list>
<pin id="160" dir="0" index="0" bw="1" slack="0"/>
<pin id="161" dir="0" index="1" bw="32" slack="0"/>
<pin id="162" dir="1" index="2" bw="0" slack="2147483647"/>
</pin_list>
<bind>
<opcode="store(28) " fcode="store"/>
<opset="store_ln38/1 "/>
</bind>
</comp>

<comp id="164" class="1004" name="store_ln38_store_fu_164">
<pin_list>
<pin id="165" dir="0" index="0" bw="1" slack="0"/>
<pin id="166" dir="0" index="1" bw="64" slack="0"/>
<pin id="167" dir="1" index="2" bw="0" slack="2147483647"/>
</pin_list>
<bind>
<opcode="store(28) " fcode="store"/>
<opset="store_ln38/1 "/>
</bind>
</comp>

<comp id="169" class="1004" name="store_ln38_store_fu_169">
<pin_list>
<pin id="170" dir="0" index="0" bw="1" slack="0"/>
<pin id="171" dir="0" index="1" bw="31" slack="0"/>
<pin id="172" dir="1" index="2" bw="0" slack="2147483647"/>
</pin_list>
<bind>
<opcode="store(28) " fcode="store"/>
<opset="store_ln38/1 "/>
</bind>
</comp>

<comp id="174" class="1004" name="store_ln38_store_fu_174">
<pin_list>
<pin id="175" dir="0" index="0" bw="1" slack="0"/>
<pin id="176" dir="0" index="1" bw="31" slack="0"/>
<pin id="177" dir="1" index="2" bw="0" slack="2147483647"/>
</pin_list>
<bind>
<opcode="store(28) " fcode="store"/>
<opset="store_ln38/1 "/>
</bind>
</comp>

<comp id="179" class="1004" name="zext_ln38_fu_179">
<pin_list>
<pin id="180" dir="0" index="0" bw="32" slack="2"/>
<pin id="181" dir="1" index="1" bw="64" slack="0"/>
</pin_list>
<bind>
<opcode="zext(34) " fcode="zext"/>
<opset="zext_ln38/3 "/>
</bind>
</comp>

<comp id="182" class="1004" name="zext_ln38_1_fu_182">
<pin_list>
<pin id="183" dir="0" index="0" bw="32" slack="2"/>
<pin id="184" dir="1" index="1" bw="64" slack="0"/>
</pin_list>
<bind>
<opcode="zext(34) " fcode="zext"/>
<opset="zext_ln38_1/3 "/>
</bind>
</comp>

<comp id="185" class="1004" name="grp_fu_185">
<pin_list>
<pin id="186" dir="0" index="0" bw="32" slack="0"/>
<pin id="187" dir="0" index="1" bw="32" slack="0"/>
<pin id="188" dir="1" index="2" bw="64" slack="1"/>
</pin_list>
<bind>
<opcode="mul(12) " fcode="mul"/>
<opset="mul_ln38/3 "/>
</bind>
</comp>

<comp id="191" class="1004" name="x_1_load_fu_191">
<pin_list>
<pin id="192" dir="0" index="0" bw="31" slack="4"/>
<pin id="193" dir="1" index="1" bw="31" slack="0"/>
</pin_list>
<bind>
<opcode="load(27) " fcode="load"/>
<opset="x_1/5 "/>
</bind>
</comp>

<comp id="194" class="1004" name="indvar_flatten_load_load_fu_194">
<pin_list>
<pin id="195" dir="0" index="0" bw="64" slack="4"/>
<pin id="196" dir="1" index="1" bw="64" slack="0"/>
</pin_list>
<bind>
<opcode="load(27) " fcode="load"/>
<opset="indvar_flatten_load/5 "/>
</bind>
</comp>

<comp id="197" class="1004" name="zext_ln39_fu_197">
<pin_list>
<pin id="198" dir="0" index="0" bw="31" slack="0"/>
<pin id="199" dir="1" index="1" bw="32" slack="0"/>
</pin_list>
<bind>
<opcode="zext(34) " fcode="zext"/>
<opset="zext_ln39/5 "/>
</bind>
</comp>

<comp id="201" class="1004" name="icmp_ln39_fu_201">
<pin_list>
<pin id="202" dir="0" index="0" bw="31" slack="0"/>
<pin id="203" dir="0" index="1" bw="32" slack="4"/>
<pin id="204" dir="1" index="2" bw="1" slack="0"/>
</pin_list>
<bind>
<opcode="icmp(45) " fcode="icmp"/>
<opset="icmp_ln39/5 "/>
</bind>
</comp>

<comp id="206" class="1004" name="icmp_ln38_fu_206">
<pin_list>
<pin id="207" dir="0" index="0" bw="64" slack="0"/>
<pin id="208" dir="0" index="1" bw="64" slack="1"/>
<pin id="209" dir="1" index="2" bw="1" slack="2147483647"/>
</pin_list>
<bind>
<opcode="icmp(45) " fcode="icmp"/>
<opset="icmp_ln38/5 "/>
</bind>
</comp>

<comp id="211" class="1004" name="add_ln38_fu_211">
<pin_list>
<pin id="212" dir="0" index="0" bw="64" slack="0"/>
<pin id="213" dir="0" index="1" bw="1" slack="0"/>
<pin id="214" dir="1" index="2" bw="64" slack="16"/>
</pin_list>
<bind>
<opcode="add(8) " fcode="add"/>
<opset="add_ln38/5 "/>
</bind>
</comp>

<comp id="217" class="1004" name="y_load_load_fu_217">
<pin_list>
<pin id="218" dir="0" index="0" bw="31" slack="4"/>
<pin id="219" dir="1" index="1" bw="31" slack="0"/>
</pin_list>
<bind>
<opcode="load(27) " fcode="load"/>
<opset="y_load/5 "/>
</bind>
</comp>

<comp id="220" class="1004" name="add_ln38_1_fu_220">
<pin_list>
<pin id="221" dir="0" index="0" bw="31" slack="0"/>
<pin id="222" dir="0" index="1" bw="1" slack="0"/>
<pin id="223" dir="1" index="2" bw="31" slack="0"/>
</pin_list>
<bind>
<opcode="add(8) " fcode="add"/>
<opset="add_ln38_1/5 "/>
</bind>
</comp>

<comp id="226" class="1004" name="select_ln38_1_fu_226">
<pin_list>
<pin id="227" dir="0" index="0" bw="1" slack="0"/>
<pin id="228" dir="0" index="1" bw="31" slack="0"/>
<pin id="229" dir="0" index="2" bw="31" slack="0"/>
<pin id="230" dir="1" index="3" bw="31" slack="0"/>
</pin_list>
<bind>
<opcode="select(49) " fcode="select"/>
<opset="select_ln38_1/5 "/>
</bind>
</comp>

<comp id="234" class="1004" name="trunc_ln38_1_fu_234">
<pin_list>
<pin id="235" dir="0" index="0" bw="31" slack="0"/>
<pin id="236" dir="1" index="1" bw="19" slack="0"/>
</pin_list>
<bind>
<opcode="trunc(33) " fcode="trunc"/>
<opset="trunc_ln38_1/5 "/>
</bind>
</comp>

<comp id="238" class="1004" name="zext_ln38_2_fu_238">
<pin_list>
<pin id="239" dir="0" index="0" bw="31" slack="1"/>
<pin id="240" dir="1" index="1" bw="32" slack="0"/>
</pin_list>
<bind>
<opcode="zext(34) " fcode="zext"/>
<opset="zext_ln38_2/6 "/>
</bind>
</comp>

<comp id="242" class="1004" name="select_ln38_fu_242">
<pin_list>
<pin id="243" dir="0" index="0" bw="1" slack="3"/>
<pin id="244" dir="0" index="1" bw="31" slack="2147483647"/>
<pin id="245" dir="0" index="2" bw="1" slack="0"/>
<pin id="246" dir="1" index="3" bw="31" slack="0"/>
</pin_list>
<bind>
<opcode="select(49) " fcode="select"/>
<opset="select_ln38/8 "/>
</bind>
</comp>

<comp id="248" class="1004" name="trunc_ln39_fu_248">
<pin_list>
<pin id="249" dir="0" index="0" bw="31" slack="0"/>
<pin id="250" dir="1" index="1" bw="19" slack="0"/>
</pin_list>
<bind>
<opcode="trunc(33) " fcode="trunc"/>
<opset="trunc_ln39/8 "/>
</bind>
</comp>

<comp id="252" class="1004" name="add_ln40_fu_252">
<pin_list>
<pin id="253" dir="0" index="0" bw="19" slack="0"/>
<pin id="254" dir="0" index="1" bw="19" slack="0"/>
<pin id="255" dir="1" index="2" bw="19" slack="2"/>
</pin_list>
<bind>
<opcode="add(8) " fcode="add"/>
<opset="add_ln40/8 "/>
</bind>
</comp>

<comp id="257" class="1004" name="zext_ln42_fu_257">
<pin_list>
<pin id="258" dir="0" index="0" bw="19" slack="2"/>
<pin id="259" dir="1" index="1" bw="64" slack="0"/>
</pin_list>
<bind>
<opcode="zext(34) " fcode="zext"/>
<opset="zext_ln42/10 "/>
</bind>
</comp>

<comp id="261" class="1004" name="icmp_ln42_fu_261">
<pin_list>
<pin id="262" dir="0" index="0" bw="2" slack="0"/>
<pin id="263" dir="0" index="1" bw="1" slack="0"/>
<pin id="264" dir="1" index="2" bw="1" slack="1"/>
</pin_list>
<bind>
<opcode="icmp(45) " fcode="icmp"/>
<opset="icmp_ln42/11 "/>
</bind>
</comp>

<comp id="267" class="1004" name="zext_ln48_fu_267">
<pin_list>
<pin id="268" dir="0" index="0" bw="31" slack="4"/>
<pin id="269" dir="1" index="1" bw="32" slack="0"/>
</pin_list>
<bind>
<opcode="zext(34) " fcode="zext"/>
<opset="zext_ln48/12 "/>
</bind>
</comp>

<comp id="271" class="1004" name="best_count_3_loc_load_load_fu_271">
<pin_list>
<pin id="272" dir="0" index="0" bw="32" slack="20"/>
<pin id="273" dir="1" index="1" bw="32" slack="0"/>
</pin_list>
<bind>
<opcode="load(27) " fcode="load"/>
<opset="best_count_3_loc_load/21 "/>
</bind>
</comp>

<comp id="274" class="1004" name="icmp_ln70_fu_274">
<pin_list>
<pin id="275" dir="0" index="0" bw="32" slack="0"/>
<pin id="276" dir="0" index="1" bw="32" slack="0"/>
<pin id="277" dir="1" index="2" bw="1" slack="0"/>
</pin_list>
<bind>
<opcode="icmp(45) " fcode="icmp"/>
<opset="icmp_ln70/21 "/>
</bind>
</comp>

<comp id="280" class="1004" name="select_ln70_fu_280">
<pin_list>
<pin id="281" dir="0" index="0" bw="1" slack="0"/>
<pin id="282" dir="0" index="1" bw="32" slack="0"/>
<pin id="283" dir="0" index="2" bw="32" slack="0"/>
<pin id="284" dir="1" index="3" bw="32" slack="0"/>
</pin_list>
<bind>
<opcode="select(49) " fcode="select"/>
<opset="select_ln70/21 "/>
</bind>
</comp>

<comp id="288" class="1004" name="store_ln70_store_fu_288">
<pin_list>
<pin id="289" dir="0" index="0" bw="32" slack="0"/>
<pin id="290" dir="0" index="1" bw="32" slack="20"/>
<pin id="291" dir="1" index="2" bw="0" slack="2147483647"/>
</pin_list>
<bind>
<opcode="store(28) " fcode="store"/>
<opset="store_ln70/21 "/>
</bind>
</comp>

<comp id="293" class="1004" name="add_ln39_fu_293">
<pin_list>
<pin id="294" dir="0" index="0" bw="31" slack="13"/>
<pin id="295" dir="0" index="1" bw="1" slack="0"/>
<pin id="296" dir="1" index="2" bw="31" slack="0"/>
</pin_list>
<bind>
<opcode="add(8) " fcode="add"/>
<opset="add_ln39/21 "/>
</bind>
</comp>

<comp id="298" class="1004" name="store_ln39_store_fu_298">
<pin_list>
<pin id="299" dir="0" index="0" bw="64" slack="16"/>
<pin id="300" dir="0" index="1" bw="64" slack="20"/>
<pin id="301" dir="1" index="2" bw="0" slack="2147483647"/>
</pin_list>
<bind>
<opcode="store(28) " fcode="store"/>
<opset="store_ln39/21 "/>
</bind>
</comp>

<comp id="302" class="1004" name="store_ln39_store_fu_302">
<pin_list>
<pin id="303" dir="0" index="0" bw="31" slack="16"/>
<pin id="304" dir="0" index="1" bw="31" slack="20"/>
<pin id="305" dir="1" index="2" bw="0" slack="2147483647"/>
</pin_list>
<bind>
<opcode="store(28) " fcode="store"/>
<opset="store_ln39/21 "/>
</bind>
</comp>

<comp id="306" class="1004" name="store_ln39_store_fu_306">
<pin_list>
<pin id="307" dir="0" index="0" bw="31" slack="0"/>
<pin id="308" dir="0" index="1" bw="31" slack="20"/>
<pin id="309" dir="1" index="2" bw="0" slack="2147483647"/>
</pin_list>
<bind>
<opcode="store(28) " fcode="store"/>
<opset="store_ln39/21 "/>
</bind>
</comp>

<comp id="311" class="1007" name="grp_fu_311">
<pin_list>
<pin id="312" dir="0" index="0" bw="19" slack="0"/>
<pin id="313" dir="0" index="1" bw="19" slack="4"/>
<pin id="314" dir="1" index="2" bw="19" slack="0"/>
</pin_list>
<bind>
<opcode="mul(12) " fcode="mul"/>
<opset="mul_ln38_1/5 "/>
</bind>
</comp>

<comp id="317" class="1005" name="x_reg_317">
<pin_list>
<pin id="318" dir="0" index="0" bw="31" slack="0"/>
<pin id="319" dir="1" index="1" bw="31" slack="0"/>
</pin_list>
<bind>
<opset="x "/>
</bind>
</comp>

<comp id="324" class="1005" name="y_reg_324">
<pin_list>
<pin id="325" dir="0" index="0" bw="31" slack="0"/>
<pin id="326" dir="1" index="1" bw="31" slack="0"/>
</pin_list>
<bind>
<opset="y "/>
</bind>
</comp>

<comp id="331" class="1005" name="indvar_flatten_reg_331">
<pin_list>
<pin id="332" dir="0" index="0" bw="64" slack="0"/>
<pin id="333" dir="1" index="1" bw="64" slack="0"/>
</pin_list>
<bind>
<opset="indvar_flatten "/>
</bind>
</comp>

<comp id="338" class="1005" name="best_count_reg_338">
<pin_list>
<pin id="339" dir="0" index="0" bw="32" slack="0"/>
<pin id="340" dir="1" index="1" bw="32" slack="0"/>
</pin_list>
<bind>
<opset="best_count "/>
</bind>
</comp>

<comp id="345" class="1005" name="height_read_reg_345">
<pin_list>
<pin id="346" dir="0" index="0" bw="32" slack="1"/>
<pin id="347" dir="1" index="1" bw="32" slack="1"/>
</pin_list>
<bind>
<opset="height_read "/>
</bind>
</comp>

<comp id="352" class="1005" name="width_read_reg_352">
<pin_list>
<pin id="353" dir="0" index="0" bw="32" slack="1"/>
<pin id="354" dir="1" index="1" bw="32" slack="1"/>
</pin_list>
<bind>
<opset="width_read "/>
</bind>
</comp>

<comp id="360" class="1005" name="best_count_3_loc_reg_360">
<pin_list>
<pin id="361" dir="0" index="0" bw="32" slack="18"/>
<pin id="362" dir="1" index="1" bw="32" slack="18"/>
</pin_list>
<bind>
<opset="best_count_3_loc "/>
</bind>
</comp>

<comp id="366" class="1005" name="trunc_ln38_reg_366">
<pin_list>
<pin id="367" dir="0" index="0" bw="19" slack="4"/>
<pin id="368" dir="1" index="1" bw="19" slack="4"/>
</pin_list>
<bind>
<opset="trunc_ln38 "/>
</bind>
</comp>

<comp id="371" class="1005" name="n_reg_371">
<pin_list>
<pin id="372" dir="0" index="0" bw="32" slack="1"/>
<pin id="373" dir="1" index="1" bw="32" slack="1"/>
</pin_list>
<bind>
<opset="n "/>
</bind>
</comp>

<comp id="376" class="1005" name="zext_ln38_reg_376">
<pin_list>
<pin id="377" dir="0" index="0" bw="64" slack="1"/>
<pin id="378" dir="1" index="1" bw="64" slack="1"/>
</pin_list>
<bind>
<opset="zext_ln38 "/>
</bind>
</comp>

<comp id="381" class="1005" name="zext_ln38_1_reg_381">
<pin_list>
<pin id="382" dir="0" index="0" bw="64" slack="1"/>
<pin id="383" dir="1" index="1" bw="64" slack="1"/>
</pin_list>
<bind>
<opset="zext_ln38_1 "/>
</bind>
</comp>

<comp id="386" class="1005" name="mul_ln38_reg_386">
<pin_list>
<pin id="387" dir="0" index="0" bw="64" slack="1"/>
<pin id="388" dir="1" index="1" bw="64" slack="1"/>
</pin_list>
<bind>
<opset="mul_ln38 "/>
</bind>
</comp>

<comp id="394" class="1005" name="icmp_ln39_reg_394">
<pin_list>
<pin id="395" dir="0" index="0" bw="1" slack="3"/>
<pin id="396" dir="1" index="1" bw="1" slack="3"/>
</pin_list>
<bind>
<opset="icmp_ln39 "/>
</bind>
</comp>

<comp id="402" class="1005" name="add_ln38_reg_402">
<pin_list>
<pin id="403" dir="0" index="0" bw="64" slack="16"/>
<pin id="404" dir="1" index="1" bw="64" slack="16"/>
</pin_list>
<bind>
<opset="add_ln38 "/>
</bind>
</comp>

<comp id="407" class="1005" name="select_ln38_1_reg_407">
<pin_list>
<pin id="408" dir="0" index="0" bw="31" slack="1"/>
<pin id="409" dir="1" index="1" bw="31" slack="1"/>
</pin_list>
<bind>
<opset="select_ln38_1 "/>
</bind>
</comp>

<comp id="413" class="1005" name="trunc_ln38_1_reg_413">
<pin_list>
<pin id="414" dir="0" index="0" bw="19" slack="1"/>
<pin id="415" dir="1" index="1" bw="19" slack="1"/>
</pin_list>
<bind>
<opset="trunc_ln38_1 "/>
</bind>
</comp>

<comp id="418" class="1005" name="zext_ln38_2_reg_418">
<pin_list>
<pin id="419" dir="0" index="0" bw="32" slack="1"/>
<pin id="420" dir="1" index="1" bw="32" slack="1"/>
</pin_list>
<bind>
<opset="zext_ln38_2 "/>
</bind>
</comp>

<comp id="423" class="1005" name="select_ln38_reg_423">
<pin_list>
<pin id="424" dir="0" index="0" bw="31" slack="4"/>
<pin id="425" dir="1" index="1" bw="31" slack="4"/>
</pin_list>
<bind>
<opset="select_ln38 "/>
</bind>
</comp>

<comp id="429" class="1005" name="add_ln40_reg_429">
<pin_list>
<pin id="430" dir="0" index="0" bw="19" slack="2"/>
<pin id="431" dir="1" index="1" bw="19" slack="2"/>
</pin_list>
<bind>
<opset="add_ln40 "/>
</bind>
</comp>

<comp id="434" class="1005" name="zext_ln42_reg_434">
<pin_list>
<pin id="435" dir="0" index="0" bw="64" slack="1"/>
<pin id="436" dir="1" index="1" bw="64" slack="1"/>
</pin_list>
<bind>
<opset="zext_ln42 "/>
</bind>
</comp>

<comp id="439" class="1005" name="binary_addr_reg_439">
<pin_list>
<pin id="440" dir="0" index="0" bw="19" slack="1"/>
<pin id="441" dir="1" index="1" bw="19" slack="1"/>
</pin_list>
<bind>
<opset="binary_addr "/>
</bind>
</comp>

<comp id="444" class="1005" name="icmp_ln42_reg_444">
<pin_list>
<pin id="445" dir="0" index="0" bw="1" slack="1"/>
<pin id="446" dir="1" index="1" bw="1" slack="2147483647"/>
</pin_list>
<bind>
<opset="icmp_ln42 "/>
</bind>
</comp>

<comp id="448" class="1005" name="visited_addr_1_reg_448">
<pin_list>
<pin id="449" dir="0" index="0" bw="19" slack="1"/>
<pin id="450" dir="1" index="1" bw="19" slack="1"/>
</pin_list>
<bind>
<opset="visited_addr_1 "/>
</bind>
</comp>

<comp id="453" class="1005" name="visited_load_reg_453">
<pin_list>
<pin id="454" dir="0" index="0" bw="1" slack="9"/>
<pin id="455" dir="1" index="1" bw="1" slack="2147483647"/>
</pin_list>
<bind>
<opset="visited_load "/>
</bind>
</comp>

<comp id="457" class="1005" name="zext_ln48_reg_457">
<pin_list>
<pin id="458" dir="0" index="0" bw="32" slack="1"/>
<pin id="459" dir="1" index="1" bw="32" slack="1"/>
</pin_list>
<bind>
<opset="zext_ln48 "/>
</bind>
</comp>

</comp_list>

<net_list>
<net id="47"><net_src comp="12" pin="0"/><net_sink comp="44" pin=0"/></net>

<net id="51"><net_src comp="12" pin="0"/><net_sink comp="48" pin=0"/></net>

<net id="55"><net_src comp="12" pin="0"/><net_sink comp="52" pin=0"/></net>

<net id="59"><net_src comp="12" pin="0"/><net_sink comp="56" pin=0"/></net>

<net id="63"><net_src comp="16" pin="0"/><net_sink comp="60" pin=0"/></net>

<net id="68"><net_src comp="14" pin="0"/><net_sink comp="64" pin=0"/></net>

<net id="69"><net_src comp="2" pin="0"/><net_sink comp="64" pin=1"/></net>

<net id="74"><net_src comp="14" pin="0"/><net_sink comp="70" pin=0"/></net>

<net id="75"><net_src comp="0" pin="0"/><net_sink comp="70" pin=1"/></net>

<net id="81"><net_src comp="10" pin="0"/><net_sink comp="76" pin=0"/></net>

<net id="82"><net_src comp="20" pin="0"/><net_sink comp="76" pin=1"/></net>

<net id="88"><net_src comp="76" pin="3"/><net_sink comp="83" pin=0"/></net>

<net id="94"><net_src comp="4" pin="0"/><net_sink comp="89" pin=0"/></net>

<net id="95"><net_src comp="20" pin="0"/><net_sink comp="89" pin=1"/></net>

<net id="101"><net_src comp="89" pin="3"/><net_sink comp="96" pin=0"/></net>

<net id="107"><net_src comp="36" pin="0"/><net_sink comp="102" pin=0"/></net>

<net id="108"><net_src comp="38" pin="0"/><net_sink comp="96" pin=1"/></net>

<net id="114"><net_src comp="40" pin="0"/><net_sink comp="109" pin=0"/></net>

<net id="120"><net_src comp="24" pin="0"/><net_sink comp="115" pin=0"/></net>

<net id="121"><net_src comp="4" pin="0"/><net_sink comp="115" pin=2"/></net>

<net id="132"><net_src comp="42" pin="0"/><net_sink comp="122" pin=0"/></net>

<net id="133"><net_src comp="6" pin="0"/><net_sink comp="122" pin=4"/></net>

<net id="134"><net_src comp="8" pin="0"/><net_sink comp="122" pin=5"/></net>

<net id="135"><net_src comp="10" pin="0"/><net_sink comp="122" pin=6"/></net>

<net id="136"><net_src comp="4" pin="0"/><net_sink comp="122" pin=7"/></net>

<net id="146"><net_src comp="137" pin="1"/><net_sink comp="143" pin=0"/></net>

<net id="147"><net_src comp="143" pin="1"/><net_sink comp="102" pin=1"/></net>

<net id="148"><net_src comp="143" pin="1"/><net_sink comp="109" pin=1"/></net>

<net id="153"><net_src comp="64" pin="2"/><net_sink comp="149" pin=0"/></net>

<net id="154"><net_src comp="70" pin="2"/><net_sink comp="149" pin=1"/></net>

<net id="158"><net_src comp="70" pin="2"/><net_sink comp="155" pin=0"/></net>

<net id="163"><net_src comp="18" pin="0"/><net_sink comp="159" pin=0"/></net>

<net id="168"><net_src comp="20" pin="0"/><net_sink comp="164" pin=0"/></net>

<net id="173"><net_src comp="22" pin="0"/><net_sink comp="169" pin=0"/></net>

<net id="178"><net_src comp="22" pin="0"/><net_sink comp="174" pin=0"/></net>

<net id="189"><net_src comp="179" pin="1"/><net_sink comp="185" pin=0"/></net>

<net id="190"><net_src comp="182" pin="1"/><net_sink comp="185" pin=1"/></net>

<net id="200"><net_src comp="191" pin="1"/><net_sink comp="197" pin=0"/></net>

<net id="205"><net_src comp="197" pin="1"/><net_sink comp="201" pin=0"/></net>

<net id="210"><net_src comp="194" pin="1"/><net_sink comp="206" pin=0"/></net>

<net id="215"><net_src comp="194" pin="1"/><net_sink comp="211" pin=0"/></net>

<net id="216"><net_src comp="16" pin="0"/><net_sink comp="211" pin=1"/></net>

<net id="224"><net_src comp="217" pin="1"/><net_sink comp="220" pin=0"/></net>

<net id="225"><net_src comp="26" pin="0"/><net_sink comp="220" pin=1"/></net>

<net id="231"><net_src comp="201" pin="2"/><net_sink comp="226" pin=0"/></net>

<net id="232"><net_src comp="217" pin="1"/><net_sink comp="226" pin=1"/></net>

<net id="233"><net_src comp="220" pin="2"/><net_sink comp="226" pin=2"/></net>

<net id="237"><net_src comp="226" pin="3"/><net_sink comp="234" pin=0"/></net>

<net id="241"><net_src comp="238" pin="1"/><net_sink comp="137" pin=0"/></net>

<net id="247"><net_src comp="22" pin="0"/><net_sink comp="242" pin=2"/></net>

<net id="251"><net_src comp="242" pin="3"/><net_sink comp="248" pin=0"/></net>

<net id="256"><net_src comp="248" pin="1"/><net_sink comp="252" pin=0"/></net>

<net id="260"><net_src comp="257" pin="1"/><net_sink comp="76" pin=2"/></net>

<net id="265"><net_src comp="83" pin="3"/><net_sink comp="261" pin=0"/></net>

<net id="266"><net_src comp="34" pin="0"/><net_sink comp="261" pin=1"/></net>

<net id="270"><net_src comp="267" pin="1"/><net_sink comp="137" pin=0"/></net>

<net id="278"><net_src comp="271" pin="1"/><net_sink comp="274" pin=0"/></net>

<net id="279"><net_src comp="140" pin="1"/><net_sink comp="274" pin=1"/></net>

<net id="285"><net_src comp="274" pin="2"/><net_sink comp="280" pin=0"/></net>

<net id="286"><net_src comp="271" pin="1"/><net_sink comp="280" pin=1"/></net>

<net id="287"><net_src comp="140" pin="1"/><net_sink comp="280" pin=2"/></net>

<net id="292"><net_src comp="280" pin="3"/><net_sink comp="288" pin=0"/></net>

<net id="297"><net_src comp="26" pin="0"/><net_sink comp="293" pin=1"/></net>

<net id="310"><net_src comp="293" pin="2"/><net_sink comp="306" pin=0"/></net>

<net id="315"><net_src comp="234" pin="1"/><net_sink comp="311" pin=0"/></net>

<net id="316"><net_src comp="311" pin="2"/><net_sink comp="252" pin=1"/></net>

<net id="320"><net_src comp="44" pin="1"/><net_sink comp="317" pin=0"/></net>

<net id="321"><net_src comp="317" pin="1"/><net_sink comp="174" pin=1"/></net>

<net id="322"><net_src comp="317" pin="1"/><net_sink comp="191" pin=0"/></net>

<net id="323"><net_src comp="317" pin="1"/><net_sink comp="306" pin=1"/></net>

<net id="327"><net_src comp="48" pin="1"/><net_sink comp="324" pin=0"/></net>

<net id="328"><net_src comp="324" pin="1"/><net_sink comp="169" pin=1"/></net>

<net id="329"><net_src comp="324" pin="1"/><net_sink comp="217" pin=0"/></net>

<net id="330"><net_src comp="324" pin="1"/><net_sink comp="302" pin=1"/></net>

<net id="334"><net_src comp="52" pin="1"/><net_sink comp="331" pin=0"/></net>

<net id="335"><net_src comp="331" pin="1"/><net_sink comp="164" pin=1"/></net>

<net id="336"><net_src comp="331" pin="1"/><net_sink comp="194" pin=0"/></net>

<net id="337"><net_src comp="331" pin="1"/><net_sink comp="298" pin=1"/></net>

<net id="341"><net_src comp="56" pin="1"/><net_sink comp="338" pin=0"/></net>

<net id="342"><net_src comp="338" pin="1"/><net_sink comp="159" pin=1"/></net>

<net id="343"><net_src comp="338" pin="1"/><net_sink comp="140" pin=0"/></net>

<net id="344"><net_src comp="338" pin="1"/><net_sink comp="288" pin=1"/></net>

<net id="348"><net_src comp="64" pin="2"/><net_sink comp="345" pin=0"/></net>

<net id="349"><net_src comp="345" pin="1"/><net_sink comp="149" pin=0"/></net>

<net id="350"><net_src comp="345" pin="1"/><net_sink comp="179" pin=0"/></net>

<net id="351"><net_src comp="345" pin="1"/><net_sink comp="122" pin=1"/></net>

<net id="355"><net_src comp="70" pin="2"/><net_sink comp="352" pin=0"/></net>

<net id="356"><net_src comp="352" pin="1"/><net_sink comp="149" pin=1"/></net>

<net id="357"><net_src comp="352" pin="1"/><net_sink comp="182" pin=0"/></net>

<net id="358"><net_src comp="352" pin="1"/><net_sink comp="201" pin=1"/></net>

<net id="359"><net_src comp="352" pin="1"/><net_sink comp="122" pin=2"/></net>

<net id="363"><net_src comp="60" pin="1"/><net_sink comp="360" pin=0"/></net>

<net id="364"><net_src comp="360" pin="1"/><net_sink comp="122" pin=3"/></net>

<net id="365"><net_src comp="360" pin="1"/><net_sink comp="271" pin=0"/></net>

<net id="369"><net_src comp="155" pin="1"/><net_sink comp="366" pin=0"/></net>

<net id="370"><net_src comp="366" pin="1"/><net_sink comp="311" pin=1"/></net>

<net id="374"><net_src comp="149" pin="2"/><net_sink comp="371" pin=0"/></net>

<net id="375"><net_src comp="371" pin="1"/><net_sink comp="115" pin=1"/></net>

<net id="379"><net_src comp="179" pin="1"/><net_sink comp="376" pin=0"/></net>

<net id="380"><net_src comp="376" pin="1"/><net_sink comp="185" pin=0"/></net>

<net id="384"><net_src comp="182" pin="1"/><net_sink comp="381" pin=0"/></net>

<net id="385"><net_src comp="381" pin="1"/><net_sink comp="185" pin=1"/></net>

<net id="389"><net_src comp="185" pin="2"/><net_sink comp="386" pin=0"/></net>

<net id="390"><net_src comp="386" pin="1"/><net_sink comp="206" pin=1"/></net>

<net id="397"><net_src comp="201" pin="2"/><net_sink comp="394" pin=0"/></net>

<net id="398"><net_src comp="394" pin="1"/><net_sink comp="242" pin=0"/></net>

<net id="405"><net_src comp="211" pin="2"/><net_sink comp="402" pin=0"/></net>

<net id="406"><net_src comp="402" pin="1"/><net_sink comp="298" pin=0"/></net>

<net id="410"><net_src comp="226" pin="3"/><net_sink comp="407" pin=0"/></net>

<net id="411"><net_src comp="407" pin="1"/><net_sink comp="238" pin=0"/></net>

<net id="412"><net_src comp="407" pin="1"/><net_sink comp="302" pin=0"/></net>

<net id="416"><net_src comp="234" pin="1"/><net_sink comp="413" pin=0"/></net>

<net id="417"><net_src comp="413" pin="1"/><net_sink comp="311" pin=0"/></net>

<net id="421"><net_src comp="238" pin="1"/><net_sink comp="418" pin=0"/></net>

<net id="422"><net_src comp="418" pin="1"/><net_sink comp="137" pin=0"/></net>

<net id="426"><net_src comp="242" pin="3"/><net_sink comp="423" pin=0"/></net>

<net id="427"><net_src comp="423" pin="1"/><net_sink comp="267" pin=0"/></net>

<net id="428"><net_src comp="423" pin="1"/><net_sink comp="293" pin=0"/></net>

<net id="432"><net_src comp="252" pin="2"/><net_sink comp="429" pin=0"/></net>

<net id="433"><net_src comp="429" pin="1"/><net_sink comp="257" pin=0"/></net>

<net id="437"><net_src comp="257" pin="1"/><net_sink comp="434" pin=0"/></net>

<net id="438"><net_src comp="434" pin="1"/><net_sink comp="89" pin=2"/></net>

<net id="442"><net_src comp="76" pin="3"/><net_sink comp="439" pin=0"/></net>

<net id="443"><net_src comp="439" pin="1"/><net_sink comp="83" pin=0"/></net>

<net id="447"><net_src comp="261" pin="2"/><net_sink comp="444" pin=0"/></net>

<net id="451"><net_src comp="89" pin="3"/><net_sink comp="448" pin=0"/></net>

<net id="452"><net_src comp="448" pin="1"/><net_sink comp="96" pin=0"/></net>

<net id="456"><net_src comp="96" pin="3"/><net_sink comp="453" pin=0"/></net>

<net id="460"><net_src comp="267" pin="1"/><net_sink comp="457" pin=0"/></net>

<net id="461"><net_src comp="457" pin="1"/><net_sink comp="137" pin=0"/></net>

</net_list>

</model> 
---------------- Datapath Model END ------------------

* FSMD analyzer results:
  - Output states:
	Port: visited | {3 4 12 19 20 }
	Port: queue_x | {18 19 20 }
	Port: queue_y | {12 19 20 }
 - Input state : 
	Port: find_largest_component_hw : width | {1 }
	Port: find_largest_component_hw : height | {1 }
	Port: find_largest_component_hw : visited | {11 12 19 20 }
	Port: find_largest_component_hw : queue_x | {19 20 }
	Port: find_largest_component_hw : queue_y | {19 20 }
	Port: find_largest_component_hw : binary | {10 11 19 20 }
  - Chain level:
	State 1
		store_ln38 : 1
		store_ln38 : 1
		store_ln38 : 1
		store_ln38 : 1
	State 2
	State 3
		mul_ln38 : 1
	State 4
	State 5
		zext_ln39 : 1
		icmp_ln39 : 2
		icmp_ln38 : 1
		add_ln38 : 1
		br_ln38 : 2
		add_ln38_1 : 1
		select_ln38_1 : 3
		trunc_ln38_1 : 4
		mul_ln38_1 : 5
		ret_ln80 : 1
	State 6
		conv_mid2 : 1
	State 7
	State 8
		trunc_ln39 : 1
		add_ln40 : 2
	State 9
	State 10
		binary_addr : 1
		binary_load : 2
	State 11
		icmp_ln42 : 1
		br_ln42 : 2
		visited_load : 1
	State 12
		br_ln42 : 1
		conv1 : 1
	State 13
	State 14
	State 15
	State 16
	State 17
	State 18
	State 19
	State 20
	State 21
		icmp_ln70 : 1
		select_ln70 : 2
		store_ln70 : 3
		store_ln39 : 1


============================================================
+ Verbose Summary: Datapath Resource usage 
============================================================

* Functional unit list:
|----------|---------------------------------------------------------------|---------|---------|---------|---------|
| Operation|                        Functional Unit                        |   DSP   |  Delay  |    FF   |   LUT   |
|----------|---------------------------------------------------------------|---------|---------|---------|---------|
|   call   | grp_find_largest_component_hw_Pipeline_VITIS_LOOP_31_1_fu_115 |    0    |    0    |    19   |    44   |
|          | grp_find_largest_component_hw_Pipeline_VITIS_LOOP_51_4_fu_122 |    6    | 16.4394 |   1545  |   3891  |
|----------|---------------------------------------------------------------|---------|---------|---------|---------|
|          |                           grp_fu_149                          |    3    |    0    |   165   |    50   |
|    mul   |                           grp_fu_185                          |    3    |    0    |   165   |    50   |
|          |                           grp_fu_311                          |    1    |    0    |    0    |    0    |
|----------|---------------------------------------------------------------|---------|---------|---------|---------|
|          |                        add_ln38_fu_211                        |    0    |    0    |    0    |    71   |
|    add   |                       add_ln38_1_fu_220                       |    0    |    0    |    0    |    38   |
|          |                        add_ln40_fu_252                        |    0    |    0    |    0    |    26   |
|          |                        add_ln39_fu_293                        |    0    |    0    |    0    |    38   |
|----------|---------------------------------------------------------------|---------|---------|---------|---------|
|          |                      select_ln38_1_fu_226                     |    0    |    0    |    0    |    31   |
|  select  |                       select_ln38_fu_242                      |    0    |    0    |    0    |    31   |
|          |                       select_ln70_fu_280                      |    0    |    0    |    0    |    32   |
|----------|---------------------------------------------------------------|---------|---------|---------|---------|
|          |                        icmp_ln39_fu_201                       |    0    |    0    |    0    |    18   |
|   icmp   |                        icmp_ln38_fu_206                       |    0    |    0    |    0    |    29   |
|          |                        icmp_ln42_fu_261                       |    0    |    0    |    0    |    8    |
|          |                        icmp_ln70_fu_274                       |    0    |    0    |    0    |    18   |
|----------|---------------------------------------------------------------|---------|---------|---------|---------|
|   read   |                     height_read_read_fu_64                    |    0    |    0    |    0    |    0    |
|          |                     width_read_read_fu_70                     |    0    |    0    |    0    |    0    |
|----------|---------------------------------------------------------------|---------|---------|---------|---------|
|  sitofp  |                           grp_fu_137                          |    0    |    0    |    0    |    0    |
|----------|---------------------------------------------------------------|---------|---------|---------|---------|
|          |                       trunc_ln38_fu_155                       |    0    |    0    |    0    |    0    |
|   trunc  |                      trunc_ln38_1_fu_234                      |    0    |    0    |    0    |    0    |
|          |                       trunc_ln39_fu_248                       |    0    |    0    |    0    |    0    |
|----------|---------------------------------------------------------------|---------|---------|---------|---------|
|          |                        zext_ln38_fu_179                       |    0    |    0    |    0    |    0    |
|          |                       zext_ln38_1_fu_182                      |    0    |    0    |    0    |    0    |
|   zext   |                        zext_ln39_fu_197                       |    0    |    0    |    0    |    0    |
|          |                       zext_ln38_2_fu_238                      |    0    |    0    |    0    |    0    |
|          |                        zext_ln42_fu_257                       |    0    |    0    |    0    |    0    |
|          |                        zext_ln48_fu_267                       |    0    |    0    |    0    |    0    |
|----------|---------------------------------------------------------------|---------|---------|---------|---------|
|   Total  |                                                               |    13   | 16.4394 |   1894  |   4375  |
|----------|---------------------------------------------------------------|---------|---------|---------|---------|

Memories:
N/A

* Register list:
+------------------------+--------+
|                        |   FF   |
+------------------------+--------+
|    add_ln38_reg_402    |   64   |
|    add_ln40_reg_429    |   19   |
|best_count_3_loc_reg_360|   32   |
|   best_count_reg_338   |   32   |
|   binary_addr_reg_439  |   19   |
|   height_read_reg_345  |   32   |
|    icmp_ln39_reg_394   |    1   |
|    icmp_ln42_reg_444   |    1   |
| indvar_flatten_reg_331 |   64   |
|    mul_ln38_reg_386    |   64   |
|        n_reg_371       |   32   |
|         reg_143        |   32   |
|  select_ln38_1_reg_407 |   31   |
|   select_ln38_reg_423  |   31   |
|  trunc_ln38_1_reg_413  |   19   |
|   trunc_ln38_reg_366   |   19   |
| visited_addr_1_reg_448 |   19   |
|  visited_load_reg_453  |    1   |
|   width_read_reg_352   |   32   |
|        x_reg_317       |   31   |
|        y_reg_324       |   31   |
|   zext_ln38_1_reg_381  |   64   |
|   zext_ln38_2_reg_418  |   32   |
|    zext_ln38_reg_376   |   64   |
|    zext_ln42_reg_434   |   64   |
|    zext_ln48_reg_457   |   32   |
+------------------------+--------+
|          Total         |   862  |
+------------------------+--------+

* Multiplexer (MUX) list: 
|------------------|------|------|------|--------||---------||---------|
|       Comp       |  Pin | Size |  BW  | S x BW ||  Delay  ||   LUT   |
|------------------|------|------|------|--------||---------||---------|
| grp_access_fu_83 |  p0  |   2  |  19  |   38   ||    9    |
| grp_access_fu_96 |  p0  |   2  |  19  |   38   ||    9    |
|    grp_fu_137    |  p0  |   4  |  31  |   124  ||    20   |
|    grp_fu_149    |  p0  |   2  |  32  |   64   ||    9    |
|    grp_fu_149    |  p1  |   2  |  32  |   64   ||    9    |
|    grp_fu_185    |  p0  |   2  |  32  |   64   ||    9    |
|    grp_fu_185    |  p1  |   2  |  32  |   64   ||    9    |
|    grp_fu_311    |  p0  |   2  |  19  |   38   ||    9    |
|------------------|------|------|------|--------||---------||---------|
|       Total      |      |      |      |   494  || 12.9426 ||    83   |
|------------------|------|------|------|--------||---------||---------|



* Summary:
+-----------+--------+--------+--------+--------+
|           |   DSP  |  Delay |   FF   |   LUT  |
+-----------+--------+--------+--------+--------+
|  Function |   13   |   16   |  1894  |  4375  |
|   Memory  |    -   |    -   |    -   |    -   |
|Multiplexer|    -   |   12   |    -   |   83   |
|  Register |    -   |    -   |   862  |    -   |
+-----------+--------+--------+--------+--------+
|   Total   |   13   |   29   |  2756  |  4458  |
+-----------+--------+--------+--------+--------+
