

================================================================
== Vitis HLS Report for 'find_largest_component_hw_Pipeline_VITIS_LOOP_31_1'
================================================================
* Date:           Tue Jun  9 14:11:47 2026

* Version:        2022.2 (Build 3670227 on Oct 13 2022)
* Project:        card_recognizer_hls
* Solution:       solution1 (Vivado IP Flow Target)
* Product family: zynq
* Target device:  xc7z010-clg400-1


================================================================
== Performance Estimates
================================================================
+ Timing: 
    * Summary: 
    +--------+----------+----------+------------+
    |  Clock |  Target  | Estimated| Uncertainty|
    +--------+----------+----------+------------+
    |ap_clk  |  10.00 ns|  5.727 ns|     2.70 ns|
    +--------+----------+----------+------------+

+ Latency: 
    * Summary: 
    +---------+---------+----------+----------+-----+-----+---------+
    |  Latency (cycles) |  Latency (absolute) |  Interval | Pipeline|
    |   min   |   max   |    min   |    max   | min | max |   Type  |
    +---------+---------+----------+----------+-----+-----+---------+
    |        ?|        ?|         ?|         ?|    ?|    ?|       no|
    +---------+---------+----------+----------+-----+-----+---------+

    + Detail: 
        * Instance: 
        N/A

        * Loop: 
        +-------------------+---------+---------+----------+-----------+-----------+------+----------+
        |                   |  Latency (cycles) | Iteration|  Initiation Interval  | Trip |          |
        |     Loop Name     |   min   |   max   |  Latency |  achieved |   target  | Count| Pipelined|
        +-------------------+---------+---------+----------+-----------+-----------+------+----------+
        |- VITIS_LOOP_31_1  |        ?|        ?|         1|          1|          1|     ?|       yes|
        +-------------------+---------+---------+----------+-----------+-----------+------+----------+



================================================================
== Utilization Estimates
================================================================
* Summary: 
+-----------------+---------+----+-------+-------+-----+
|       Name      | BRAM_18K| DSP|   FF  |  LUT  | URAM|
+-----------------+---------+----+-------+-------+-----+
|DSP              |        -|   -|      -|      -|    -|
|Expression       |        -|   -|      0|     44|    -|
|FIFO             |        -|   -|      -|      -|    -|
|Instance         |        -|   -|      -|      -|    -|
|Memory           |        -|   -|      -|      -|    -|
|Multiplexer      |        -|   -|      -|     27|    -|
|Register         |        -|   -|     21|      -|    -|
+-----------------+---------+----+-------+-------+-----+
|Total            |        0|   0|     21|     71|    0|
+-----------------+---------+----+-------+-------+-----+
|Available        |      120|  80|  35200|  17600|    0|
+-----------------+---------+----+-------+-------+-----+
|Utilization (%)  |        0|   0|     ~0|     ~0|    0|
+-----------------+---------+----+-------+-------+-----+

+ Detail: 
    * Instance: 
    N/A

    * DSP: 
    N/A

    * Memory: 
    N/A

    * FIFO: 
    N/A

    * Expression: 
    +--------------------+----------+----+---+----+------------+------------+
    |    Variable Name   | Operation| DSP| FF| LUT| Bitwidth P0| Bitwidth P1|
    +--------------------+----------+----+---+----+------------+------------+
    |add_ln31_fu_68_p2   |         +|   0|  0|  26|          19|           1|
    |icmp_ln31_fu_62_p2  |      icmp|   0|  0|  18|          32|          32|
    +--------------------+----------+----+---+----+------------+------------+
    |Total               |          |   0|  0|  44|          51|          33|
    +--------------------+----------+----+---+----+------------+------------+

    * Multiplexer: 
    +----------------------+----+-----------+-----+-----------+
    |         Name         | LUT| Input Size| Bits| Total Bits|
    +----------------------+----+-----------+-----+-----------+
    |ap_done_int           |   9|          2|    1|          2|
    |ap_sig_allocacmp_i_1  |   9|          2|   19|         38|
    |i_fu_26               |   9|          2|   19|         38|
    +----------------------+----+-----------+-----+-----------+
    |Total                 |  27|          6|   39|         78|
    +----------------------+----+-----------+-----+-----------+

    * Register: 
    +-------------+----+----+-----+-----------+
    |     Name    | FF | LUT| Bits| Const Bits|
    +-------------+----+----+-----+-----------+
    |ap_CS_fsm    |   1|   0|    1|          0|
    |ap_done_reg  |   1|   0|    1|          0|
    |i_fu_26      |  19|   0|   19|          0|
    +-------------+----+----+-----+-----------+
    |Total        |  21|   0|   21|          0|
    +-------------+----+----+-----+-----------+



================================================================
== Interface
================================================================
* Summary: 
+------------------+-----+-----+------------+----------------------------------------------------+--------------+
|     RTL Ports    | Dir | Bits|  Protocol  |                    Source Object                   |    C Type    |
+------------------+-----+-----+------------+----------------------------------------------------+--------------+
|ap_clk            |   in|    1|  ap_ctrl_hs|  find_largest_component_hw_Pipeline_VITIS_LOOP_31_1|  return value|
|ap_rst            |   in|    1|  ap_ctrl_hs|  find_largest_component_hw_Pipeline_VITIS_LOOP_31_1|  return value|
|ap_start          |   in|    1|  ap_ctrl_hs|  find_largest_component_hw_Pipeline_VITIS_LOOP_31_1|  return value|
|ap_done           |  out|    1|  ap_ctrl_hs|  find_largest_component_hw_Pipeline_VITIS_LOOP_31_1|  return value|
|ap_idle           |  out|    1|  ap_ctrl_hs|  find_largest_component_hw_Pipeline_VITIS_LOOP_31_1|  return value|
|ap_ready          |  out|    1|  ap_ctrl_hs|  find_largest_component_hw_Pipeline_VITIS_LOOP_31_1|  return value|
|n                 |   in|   32|     ap_none|                                                   n|        scalar|
|visited_address0  |  out|   19|   ap_memory|                                             visited|         array|
|visited_ce0       |  out|    1|   ap_memory|                                             visited|         array|
|visited_we0       |  out|    1|   ap_memory|                                             visited|         array|
|visited_d0        |  out|    1|   ap_memory|                                             visited|         array|
+------------------+-----+-----+------------+----------------------------------------------------+--------------+

============================================================
+ Verbose Summary: Synthesis Manager
============================================================
InlineROM: 1
ExposeGlobal: 0
============================================================
+ Verbose Summary: CDFG Model
============================================================
IsTopModel: 0
ResetActiveHigh: 1
IsCombinational: 2
IsDatapathOnly: 2
HasWiredReturn: 1
HasMFsm: 2
HasVarLatency: 1
IsPipeline: 0
IsRtlPipelined: 0
IsInstanceOverlapped: 0
IsDontTouch: 0
HasImplIP: 0
IsGatedGlobalClock: 0

+ Individual pipeline summary: 
  * Pipeline-0: initiation interval (II) = 1, depth = 1


============================================================
+ Verbose Summary: Schedule
============================================================
* Number of FSM states : 1
* Pipeline : 1
  Pipeline-0 : II = 1, D = 1, States = { 1 }
* Dataflow Pipeline: 0

* FSM state transitions: 
1 --> 

* FSM state operations: 

State 1 <SV = 0> <Delay = 5.72>
ST_1 : Operation 4 [1/1] (0.00ns)   --->   "%i = alloca i32 1"   --->   Operation 4 'alloca' 'i' <Predicate = true> <Delay = 0.00>
ST_1 : Operation 5 [1/1] (0.00ns)   --->   "%n_read = read i32 @_ssdm_op_Read.ap_auto.i32, i32 %n"   --->   Operation 5 'read' 'n_read' <Predicate = true> <Delay = 0.00>
ST_1 : Operation 6 [1/1] (1.58ns)   --->   "%store_ln0 = store i19 0, i19 %i"   --->   Operation 6 'store' 'store_ln0' <Predicate = true> <Delay = 1.58>
ST_1 : Operation 7 [1/1] (0.00ns)   --->   "%br_ln0 = br void %for.inc"   --->   Operation 7 'br' 'br_ln0' <Predicate = true> <Delay = 0.00>
ST_1 : Operation 8 [1/1] (0.00ns)   --->   "%i_1 = load i19 %i" [card_recognizer_hls.cpp:31]   --->   Operation 8 'load' 'i_1' <Predicate = true> <Delay = 0.00>
ST_1 : Operation 9 [1/1] (0.00ns)   --->   "%zext_ln31_1 = zext i19 %i_1" [card_recognizer_hls.cpp:31]   --->   Operation 9 'zext' 'zext_ln31_1' <Predicate = true> <Delay = 0.00>
ST_1 : Operation 10 [1/1] (2.47ns)   --->   "%icmp_ln31 = icmp_slt  i32 %zext_ln31_1, i32 %n_read" [card_recognizer_hls.cpp:31]   --->   Operation 10 'icmp' 'icmp_ln31' <Predicate = true> <Delay = 2.47> <CoreInst = "Cmp">   --->   Core 9 'Cmp' <Latency = 0> <II = 1> <Delay = 2.47> <FuncUnit> <Opcode : 'icmp'> <InPorts = 2> <OutPorts = 1>
ST_1 : Operation 11 [1/1] (2.16ns)   --->   "%add_ln31 = add i19 %i_1, i19 1" [card_recognizer_hls.cpp:31]   --->   Operation 11 'add' 'add_ln31' <Predicate = true> <Delay = 2.16> <CoreInst = "Adder">   --->   Core 1 'Adder' <Latency = 0> <II = 1> <Delay = 2.16> <FuncUnit> <Opcode : 'add' 'sub'> <InPorts = 2> <OutPorts = 1>
ST_1 : Operation 12 [1/1] (0.00ns)   --->   "%br_ln31 = br i1 %icmp_ln31, void %VITIS_LOOP_38_2.loopexit.exitStub, void %for.inc.split" [card_recognizer_hls.cpp:31]   --->   Operation 12 'br' 'br_ln31' <Predicate = true> <Delay = 0.00>
ST_1 : Operation 13 [1/1] (0.00ns)   --->   "%zext_ln31 = zext i19 %i_1" [card_recognizer_hls.cpp:31]   --->   Operation 13 'zext' 'zext_ln31' <Predicate = (icmp_ln31)> <Delay = 0.00>
ST_1 : Operation 14 [1/1] (0.00ns)   --->   "%specpipeline_ln32 = specpipeline void @_ssdm_op_SpecPipeline, i32 1, i32 0, i32 0, i32 0, void @empty_0" [card_recognizer_hls.cpp:32]   --->   Operation 14 'specpipeline' 'specpipeline_ln32' <Predicate = (icmp_ln31)> <Delay = 0.00>
ST_1 : Operation 15 [1/1] (0.00ns)   --->   "%specloopname_ln31 = specloopname void @_ssdm_op_SpecLoopName, void @empty_14" [card_recognizer_hls.cpp:31]   --->   Operation 15 'specloopname' 'specloopname_ln31' <Predicate = (icmp_ln31)> <Delay = 0.00>
ST_1 : Operation 16 [1/1] (0.00ns)   --->   "%visited_addr = getelementptr i1 %visited, i64 0, i64 %zext_ln31" [card_recognizer_hls.cpp:33]   --->   Operation 16 'getelementptr' 'visited_addr' <Predicate = (icmp_ln31)> <Delay = 0.00>
ST_1 : Operation 17 [1/1] (3.25ns)   --->   "%store_ln33 = store i1 0, i19 %visited_addr" [card_recognizer_hls.cpp:33]   --->   Operation 17 'store' 'store_ln33' <Predicate = (icmp_ln31)> <Delay = 3.25> <CoreInst = "RAM">   --->   Core 82 'RAM' <Latency = 1> <II = 1> <Delay = 3.25> <Storage> <Opcode : 'load' 'store'> <Ports = 2> <Width = 1> <Depth = 307200> <RAM>
ST_1 : Operation 18 [1/1] (1.58ns)   --->   "%store_ln31 = store i19 %add_ln31, i19 %i" [card_recognizer_hls.cpp:31]   --->   Operation 18 'store' 'store_ln31' <Predicate = (icmp_ln31)> <Delay = 1.58>
ST_1 : Operation 19 [1/1] (0.00ns)   --->   "%br_ln31 = br void %for.inc" [card_recognizer_hls.cpp:31]   --->   Operation 19 'br' 'br_ln31' <Predicate = (icmp_ln31)> <Delay = 0.00>
ST_1 : Operation 20 [1/1] (0.00ns)   --->   "%ret_ln0 = ret"   --->   Operation 20 'ret' 'ret_ln0' <Predicate = (!icmp_ln31)> <Delay = 0.00>


============================================================
+ Verbose Summary: Binding
============================================================
STG Binding: 
---------------- STG Properties BEGIN ----------------
- Is combinational: 0
- Is one-state seq: 0
- Is datapath-only: 0
- Is pipelined: 0
- Is top level: 0
Port [ Return ] is wired: 1; IO mode=ap_ctrl_hs:ce=0
Port [ n]:  wired=1; compound=0; hidden=0; nouse=0; global=0; static=0; extern=0; dir=0; type=0; pingpong=0; private_global=0; IO mode=ap_none:ce=0
Port [ visited]:  wired=1; compound=1; hidden=0; nouse=0; global=1; static=1; extern=0; dir=1; type=1; pingpong=0; private_global=0; MemPort=[03]; IO mode=ap_memory:ce=0
---------------- STG Properties END ------------------

---------------- Datapath Model BEGIN ----------------

<LifeTime>
<method=bitvector/>
i                 (alloca       ) [ 01]
n_read            (read         ) [ 00]
store_ln0         (store        ) [ 00]
br_ln0            (br           ) [ 00]
i_1               (load         ) [ 00]
zext_ln31_1       (zext         ) [ 00]
icmp_ln31         (icmp         ) [ 01]
add_ln31          (add          ) [ 00]
br_ln31           (br           ) [ 00]
zext_ln31         (zext         ) [ 00]
specpipeline_ln32 (specpipeline ) [ 00]
specloopname_ln31 (specloopname ) [ 00]
visited_addr      (getelementptr) [ 00]
store_ln33        (store        ) [ 00]
store_ln31        (store        ) [ 00]
br_ln31           (br           ) [ 00]
ret_ln0           (ret          ) [ 00]
</LifeTime>

<model>

<comp_list>
<comp id="0" class="1000" name="n">
<pin_list>
<pin id="1" dir="1" index="0" bw="1" slack="0"/>
</pin_list>
<bind>
<StgValue><ssdm name="n"/></StgValue>
</bind>
</comp>

<comp id="2" class="1000" name="visited">
<pin_list>
<pin id="3" dir="1" index="0" bw="1" slack="0"/>
</pin_list>
<bind>
<StgValue><ssdm name="visited"/><MemPortTyVec>0 3 </MemPortTyVec>
</StgValue>
</bind>
</comp>

<comp id="4" class="1001" name="const_4">
<pin_list>
<pin id="5" dir="1" index="0" bw="1" slack="0"/>
</pin_list>
<bind>
<StgValue><ssdm name=""/></StgValue>
</bind>
</comp>

<comp id="6" class="1001" name="const_6">
<pin_list>
<pin id="7" dir="1" index="0" bw="1" slack="0"/>
</pin_list>
<bind>
<StgValue><ssdm name="_ssdm_op_Read.ap_auto.i32"/></StgValue>
</bind>
</comp>

<comp id="8" class="1001" name="const_8">
<pin_list>
<pin id="9" dir="1" index="0" bw="1" slack="0"/>
</pin_list>
<bind>
<StgValue><ssdm name=""/></StgValue>
</bind>
</comp>

<comp id="10" class="1001" name="const_10">
<pin_list>
<pin id="11" dir="1" index="0" bw="1" slack="0"/>
</pin_list>
<bind>
<StgValue><ssdm name=""/></StgValue>
</bind>
</comp>

<comp id="12" class="1001" name="const_12">
<pin_list>
<pin id="13" dir="1" index="0" bw="1" slack="2147483647"/>
</pin_list>
<bind>
<StgValue><ssdm name="_ssdm_op_SpecPipeline"/></StgValue>
</bind>
</comp>

<comp id="14" class="1001" name="const_14">
<pin_list>
<pin id="15" dir="1" index="0" bw="1" slack="2147483647"/>
</pin_list>
<bind>
<StgValue><ssdm name=""/></StgValue>
</bind>
</comp>

<comp id="16" class="1001" name="const_16">
<pin_list>
<pin id="17" dir="1" index="0" bw="1" slack="2147483647"/>
</pin_list>
<bind>
<StgValue><ssdm name="empty_0"/></StgValue>
</bind>
</comp>

<comp id="18" class="1001" name="const_18">
<pin_list>
<pin id="19" dir="1" index="0" bw="1" slack="2147483647"/>
</pin_list>
<bind>
<StgValue><ssdm name="_ssdm_op_SpecLoopName"/></StgValue>
</bind>
</comp>

<comp id="20" class="1001" name="const_20">
<pin_list>
<pin id="21" dir="1" index="0" bw="1" slack="2147483647"/>
</pin_list>
<bind>
<StgValue><ssdm name="empty_14"/></StgValue>
</bind>
</comp>

<comp id="22" class="1001" name="const_22">
<pin_list>
<pin id="23" dir="1" index="0" bw="1" slack="0"/>
</pin_list>
<bind>
<StgValue><ssdm name=""/></StgValue>
</bind>
</comp>

<comp id="24" class="1001" name="const_24">
<pin_list>
<pin id="25" dir="1" index="0" bw="1" slack="0"/>
</pin_list>
<bind>
<StgValue><ssdm name=""/></StgValue>
</bind>
</comp>

<comp id="26" class="1004" name="i_fu_26">
<pin_list>
<pin id="27" dir="0" index="0" bw="1" slack="0"/>
<pin id="28" dir="1" index="1" bw="19" slack="0"/>
</pin_list>
<bind>
<opcode="alloca(26) " fcode="alloca"/>
<opset="i/1 "/>
</bind>
</comp>

<comp id="30" class="1004" name="n_read_read_fu_30">
<pin_list>
<pin id="31" dir="0" index="0" bw="32" slack="0"/>
<pin id="32" dir="0" index="1" bw="32" slack="0"/>
<pin id="33" dir="1" index="2" bw="32" slack="0"/>
</pin_list>
<bind>
<opcode="read(1150) " fcode="read"/>
<opset="n_read/1 "/>
</bind>
</comp>

<comp id="36" class="1004" name="visited_addr_gep_fu_36">
<pin_list>
<pin id="37" dir="0" index="0" bw="1" slack="0"/>
<pin id="38" dir="0" index="1" bw="1" slack="0"/>
<pin id="39" dir="0" index="2" bw="19" slack="0"/>
<pin id="40" dir="1" index="3" bw="19" slack="0"/>
</pin_list>
<bind>
<opcode="getelementptr(29) " fcode="getelementptr"/>
<opset="visited_addr/1 "/>
</bind>
</comp>

<comp id="43" class="1004" name="store_ln33_access_fu_43">
<pin_list>
<pin id="44" dir="0" index="0" bw="19" slack="0"/>
<pin id="45" dir="0" index="1" bw="1" slack="0"/>
<pin id="46" dir="0" index="2" bw="0" slack="2147483647"/>
<pin id="47" dir="1" index="3" bw="1" slack="2147483647"/>
</pin_list>
<bind>
<opcode="store(28) " fcode="store"/>
<opset="store_ln33/1 "/>
</bind>
</comp>

<comp id="50" class="1004" name="store_ln0_store_fu_50">
<pin_list>
<pin id="51" dir="0" index="0" bw="1" slack="0"/>
<pin id="52" dir="0" index="1" bw="19" slack="0"/>
<pin id="53" dir="1" index="2" bw="0" slack="2147483647"/>
</pin_list>
<bind>
<opcode="store(28) " fcode="store"/>
<opset="store_ln0/1 "/>
</bind>
</comp>

<comp id="55" class="1004" name="i_1_load_fu_55">
<pin_list>
<pin id="56" dir="0" index="0" bw="19" slack="0"/>
<pin id="57" dir="1" index="1" bw="19" slack="0"/>
</pin_list>
<bind>
<opcode="load(27) " fcode="load"/>
<opset="i_1/1 "/>
</bind>
</comp>

<comp id="58" class="1004" name="zext_ln31_1_fu_58">
<pin_list>
<pin id="59" dir="0" index="0" bw="19" slack="0"/>
<pin id="60" dir="1" index="1" bw="32" slack="0"/>
</pin_list>
<bind>
<opcode="zext(34) " fcode="zext"/>
<opset="zext_ln31_1/1 "/>
</bind>
</comp>

<comp id="62" class="1004" name="icmp_ln31_fu_62">
<pin_list>
<pin id="63" dir="0" index="0" bw="32" slack="0"/>
<pin id="64" dir="0" index="1" bw="32" slack="0"/>
<pin id="65" dir="1" index="2" bw="1" slack="2147483647"/>
</pin_list>
<bind>
<opcode="icmp(45) " fcode="icmp"/>
<opset="icmp_ln31/1 "/>
</bind>
</comp>

<comp id="68" class="1004" name="add_ln31_fu_68">
<pin_list>
<pin id="69" dir="0" index="0" bw="19" slack="0"/>
<pin id="70" dir="0" index="1" bw="1" slack="0"/>
<pin id="71" dir="1" index="2" bw="19" slack="0"/>
</pin_list>
<bind>
<opcode="add(8) " fcode="add"/>
<opset="add_ln31/1 "/>
</bind>
</comp>

<comp id="74" class="1004" name="zext_ln31_fu_74">
<pin_list>
<pin id="75" dir="0" index="0" bw="19" slack="0"/>
<pin id="76" dir="1" index="1" bw="64" slack="0"/>
</pin_list>
<bind>
<opcode="zext(34) " fcode="zext"/>
<opset="zext_ln31/1 "/>
</bind>
</comp>

<comp id="79" class="1004" name="store_ln31_store_fu_79">
<pin_list>
<pin id="80" dir="0" index="0" bw="19" slack="0"/>
<pin id="81" dir="0" index="1" bw="19" slack="0"/>
<pin id="82" dir="1" index="2" bw="0" slack="2147483647"/>
</pin_list>
<bind>
<opcode="store(28) " fcode="store"/>
<opset="store_ln31/1 "/>
</bind>
</comp>

<comp id="84" class="1005" name="i_reg_84">
<pin_list>
<pin id="85" dir="0" index="0" bw="19" slack="0"/>
<pin id="86" dir="1" index="1" bw="19" slack="0"/>
</pin_list>
<bind>
<opset="i "/>
</bind>
</comp>

</comp_list>

<net_list>
<net id="29"><net_src comp="4" pin="0"/><net_sink comp="26" pin=0"/></net>

<net id="34"><net_src comp="6" pin="0"/><net_sink comp="30" pin=0"/></net>

<net id="35"><net_src comp="0" pin="0"/><net_sink comp="30" pin=1"/></net>

<net id="41"><net_src comp="2" pin="0"/><net_sink comp="36" pin=0"/></net>

<net id="42"><net_src comp="22" pin="0"/><net_sink comp="36" pin=1"/></net>

<net id="48"><net_src comp="24" pin="0"/><net_sink comp="43" pin=1"/></net>

<net id="49"><net_src comp="36" pin="3"/><net_sink comp="43" pin=0"/></net>

<net id="54"><net_src comp="8" pin="0"/><net_sink comp="50" pin=0"/></net>

<net id="61"><net_src comp="55" pin="1"/><net_sink comp="58" pin=0"/></net>

<net id="66"><net_src comp="58" pin="1"/><net_sink comp="62" pin=0"/></net>

<net id="67"><net_src comp="30" pin="2"/><net_sink comp="62" pin=1"/></net>

<net id="72"><net_src comp="55" pin="1"/><net_sink comp="68" pin=0"/></net>

<net id="73"><net_src comp="10" pin="0"/><net_sink comp="68" pin=1"/></net>

<net id="77"><net_src comp="55" pin="1"/><net_sink comp="74" pin=0"/></net>

<net id="78"><net_src comp="74" pin="1"/><net_sink comp="36" pin=2"/></net>

<net id="83"><net_src comp="68" pin="2"/><net_sink comp="79" pin=0"/></net>

<net id="87"><net_src comp="26" pin="1"/><net_sink comp="84" pin=0"/></net>

<net id="88"><net_src comp="84" pin="1"/><net_sink comp="50" pin=1"/></net>

<net id="89"><net_src comp="84" pin="1"/><net_sink comp="55" pin=0"/></net>

<net id="90"><net_src comp="84" pin="1"/><net_sink comp="79" pin=1"/></net>

</net_list>

</model> 
---------------- Datapath Model END ------------------

* FSMD analyzer results:
  - Output states:
	Port: visited | {1 }
 - Input state : 
	Port: find_largest_component_hw_Pipeline_VITIS_LOOP_31_1 : n | {1 }
	Port: find_largest_component_hw_Pipeline_VITIS_LOOP_31_1 : visited | {}
  - Chain level:
	State 1
		store_ln0 : 1
		i_1 : 1
		zext_ln31_1 : 2
		icmp_ln31 : 3
		add_ln31 : 2
		br_ln31 : 4
		zext_ln31 : 2
		visited_addr : 3
		store_ln33 : 4
		store_ln31 : 3


============================================================
+ Verbose Summary: Datapath Resource usage 
============================================================

* Functional unit list:
|----------|-------------------|---------|---------|
| Operation|  Functional Unit  |    FF   |   LUT   |
|----------|-------------------|---------|---------|
|    add   |   add_ln31_fu_68  |    0    |    26   |
|----------|-------------------|---------|---------|
|   icmp   |  icmp_ln31_fu_62  |    0    |    18   |
|----------|-------------------|---------|---------|
|   read   | n_read_read_fu_30 |    0    |    0    |
|----------|-------------------|---------|---------|
|   zext   | zext_ln31_1_fu_58 |    0    |    0    |
|          |  zext_ln31_fu_74  |    0    |    0    |
|----------|-------------------|---------|---------|
|   Total  |                   |    0    |    44   |
|----------|-------------------|---------|---------|

Memories:
N/A

* Register list:
+--------+--------+
|        |   FF   |
+--------+--------+
|i_reg_84|   19   |
+--------+--------+
|  Total |   19   |
+--------+--------+

* Multiplexer (MUX) list: 
|--------|------|------|------|--------|
|  Comp  |  Pin | Size |  BW  | S x BW |
|--------|------|------|------|--------|
|  Total |      |      |      |    0   |
|--------|------|------|------|--------|



* Summary:
+-----------+--------+--------+
|           |   FF   |   LUT  |
+-----------+--------+--------+
|  Function |    0   |   44   |
|   Memory  |    -   |    -   |
|Multiplexer|    -   |    -   |
|  Register |   19   |    -   |
+-----------+--------+--------+
|   Total   |   19   |   44   |
+-----------+--------+--------+
