

================================================================
== Vitis HLS Report for 'card_recognizer_hw'
================================================================
* Date:           Wed Jul 15 18:02:34 2026

* Version:        2022.2 (Build 3670227 on Oct 13 2022)
* Project:        card_recognizer_dram_hls
* Solution:       solution1 (Vivado IP Flow Target)
* Product family: zynq
* Target device:  xc7z010i-clg225-1L


================================================================
== Performance Estimates
================================================================
+ Timing: 
    * Summary: 
    +--------+----------+----------+------------+
    |  Clock |  Target  | Estimated| Uncertainty|
    +--------+----------+----------+------------+
    |ap_clk  |  10.00 ns|  7.164 ns|     2.70 ns|
    +--------+----------+----------+------------+

+ Latency: 
    * Summary: 
    +---------+---------+----------+----------+--------+--------+---------+
    |  Latency (cycles) |  Latency (absolute) |     Interval    | Pipeline|
    |   min   |   max   |    min   |    max   |   min  |   max  |   Type  |
    +---------+---------+----------+----------+--------+--------+---------+
    |   271846|   329469|  2.718 ms|  3.295 ms|  271847|  329470|       no|
    +---------+---------+----------+----------+--------+--------+---------+

    + Detail: 
        * Instance: 
        +--------------------------------------------------------------+---------------------------------------------------+---------+---------+----------+----------+--------+--------+---------+
        |                                                              |                                                   |  Latency (cycles) |  Latency (absolute) |     Interval    | Pipeline|
        |                           Instance                           |                       Module                      |   min   |   max   |    min   |    max   |   min  |   max  |   Type  |
        +--------------------------------------------------------------+---------------------------------------------------+---------+---------+----------+----------+--------+--------+---------+
        |grp_card_recognizer_hw_Pipeline_GRAYSCALE_LOOP_fu_150         |card_recognizer_hw_Pipeline_GRAYSCALE_LOOP         |    19206|    19206|  0.192 ms|  0.192 ms|   19206|   19206|       no|
        |grp_card_recognizer_hw_Pipeline_BINARIZE_LOOP_fu_159          |card_recognizer_hw_Pipeline_BINARIZE_LOOP          |    19203|    19203|  0.192 ms|  0.192 ms|   19203|   19203|       no|
        |grp_find_largest_component_ccl_fu_168                         |find_largest_component_ccl                         |   271840|   271840|  2.718 ms|  2.718 ms|  271840|  271840|       no|
        |grp_card_recognizer_hw_Pipeline_ROI_Y_LOOP_ROI_X_LOOP_fu_176  |card_recognizer_hw_Pipeline_ROI_Y_LOOP_ROI_X_LOOP  |    19205|    19205|  0.192 ms|  0.192 ms|   19205|   19205|       no|
        +--------------------------------------------------------------+---------------------------------------------------+---------+---------+----------+----------+--------+--------+---------+

        * Loop: 
        N/A



================================================================
== Utilization Estimates
================================================================
* Summary: 
+-----------------+---------+----+-------+-------+-----+
|       Name      | BRAM_18K| DSP|   FF  |  LUT  | URAM|
+-----------------+---------+----+-------+-------+-----+
|DSP              |        -|   1|      -|      -|    -|
|Expression       |        -|   -|      0|    236|    -|
|FIFO             |        -|   -|      -|      -|    -|
|Instance         |        6|   7|   1584|   3478|    0|
|Memory           |       18|   -|      0|      0|    -|
|Multiplexer      |        -|   -|      -|    172|    -|
|Register         |        -|   -|    311|      -|    -|
+-----------------+---------+----+-------+-------+-----+
|Total            |       24|   8|   1895|   3886|    0|
+-----------------+---------+----+-------+-------+-----+
|Available        |      120|  80|  35200|  17600|    0|
+-----------------+---------+----+-------+-------+-----+
|Utilization (%)  |       20|  10|      5|     22|    0|
+-----------------+---------+----+-------+-------+-----+

+ Detail: 
    * Instance: 
    +--------------------------------------------------------------+---------------------------------------------------+---------+----+-----+------+-----+
    |                           Instance                           |                       Module                      | BRAM_18K| DSP|  FF |  LUT | URAM|
    +--------------------------------------------------------------+---------------------------------------------------+---------+----+-----+------+-----+
    |grp_card_recognizer_hw_Pipeline_BINARIZE_LOOP_fu_159          |card_recognizer_hw_Pipeline_BINARIZE_LOOP          |        0|   0|   51|    86|    0|
    |grp_card_recognizer_hw_Pipeline_GRAYSCALE_LOOP_fu_150         |card_recognizer_hw_Pipeline_GRAYSCALE_LOOP         |        0|   2|  129|   148|    0|
    |grp_card_recognizer_hw_Pipeline_ROI_Y_LOOP_ROI_X_LOOP_fu_176  |card_recognizer_hw_Pipeline_ROI_Y_LOOP_ROI_X_LOOP  |        0|   1|  217|   419|    0|
    |control_s_axi_U                                               |control_s_axi                                      |        0|   0|  188|   296|    0|
    |grp_find_largest_component_ccl_fu_168                         |find_largest_component_ccl                         |        6|   1|  834|  2479|    0|
    |mul_32s_32s_32_2_1_U78                                        |mul_32s_32s_32_2_1                                 |        0|   3|  165|    50|    0|
    +--------------------------------------------------------------+---------------------------------------------------+---------+----+-----+------+-----+
    |Total                                                         |                                                   |        6|   7| 1584|  3478|    0|
    +--------------------------------------------------------------+---------------------------------------------------+---------+----+-----+------+-----+

    * DSP: 
    +-----------------------------+-------------------------+-----------+
    |           Instance          |          Module         | Expression|
    +-----------------------------+-------------------------+-----------+
    |mul_mul_10s_11ns_22_4_1_U79  |mul_mul_10s_11ns_22_4_1  |    i0 * i1|
    +-----------------------------+-------------------------+-----------+

    * Memory: 
    +------------+---------------------------+---------+---+----+-----+-------+-----+------+-------------+
    |   Memory   |           Module          | BRAM_18K| FF| LUT| URAM| Words | Bits| Banks| W*Bits*Banks|
    +------------+---------------------------+---------+---+----+-----+-------+-----+------+-------------+
    |binary_V_U  |binary_V_RAM_2P_BRAM_1R1W  |        2|  0|   0|    0|  19200|    1|     1|        19200|
    |gray_V_U    |gray_V_RAM_2P_BRAM_1R1W    |       16|  0|   0|    0|  19200|    8|     1|       153600|
    +------------+---------------------------+---------+---+----+-----+-------+-----+------+-------------+
    |Total       |                           |       18|  0|   0|    0|  38400|    9|     2|       172800|
    +------------+---------------------------+---------+---+----+-----+-------+-----+------+-------------+

    * FIFO: 
    N/A

    * Expression: 
    +------------------------+----------+----+---+----+------------+------------+
    |      Variable Name     | Operation| DSP| FF| LUT| Bitwidth P0| Bitwidth P1|
    +------------------------+----------+----+---+----+------------+------------+
    |add_ln233_1_fu_289_p2   |         +|   0|  0|   9|           9|           9|
    |add_ln233_fu_283_p2     |         +|   0|  0|  13|          10|          10|
    |add_ln234_fu_243_p2     |         +|   0|  0|  13|          10|          10|
    |x1_fu_449_p2            |         +|   0|  0|  13|          10|          10|
    |y1_fu_455_p2            |         +|   0|  0|  14|           9|           9|
    |sub_ln230_fu_270_p2     |         -|   0|  0|  14|           1|           9|
    |sub_ln231_fu_233_p2     |         -|   0|  0|  14|           1|           9|
    |sub_ln233_1_fu_380_p2   |         -|   0|  0|  13|           1|          10|
    |sub_ln233_fu_303_p2     |         -|   0|  0|   9|           1|           9|
    |sub_ln234_1_fu_364_p2   |         -|   0|  0|  15|           1|           8|
    |sub_ln234_fu_332_p2     |         -|   0|  0|  27|           1|          20|
    |icmp_ln235_fu_413_p2    |      icmp|   0|  0|  11|          10|           1|
    |icmp_ln236_fu_431_p2    |      icmp|   0|  0|  11|           8|           1|
    |icmp_ln33_fu_192_p2     |      icmp|   0|  0|  18|          32|           1|
    |roi_h_1_fu_437_p3       |    select|   0|  0|   7|           1|           1|
    |roi_h_fu_404_p3         |    select|   0|  0|   8|           1|           8|
    |roi_w_1_fu_419_p3       |    select|   0|  0|   9|           1|           1|
    |roi_w_fu_393_p3         |    select|   0|  0|  10|           1|          10|
    |select_ln234_fu_357_p3  |    select|   0|  0|   8|           1|           8|
    +------------------------+----------+----+---+----+------------+------------+
    |Total                   |          |   0|  0| 236|         109|         144|
    +------------------------+----------+----+---+----+------------+------------+

    * Multiplexer: 
    +--------------------------------------+----+-----------+-----+-----------+
    |                 Name                 | LUT| Input Size| Bits| Total Bits|
    +--------------------------------------+----+-----------+-----+-----------+
    |ap_NS_fsm                             |  81|         17|    1|         17|
    |ap_phi_mux_roi_count_1_phi_fu_142_p4  |   9|          2|   32|         64|
    |binary_V_address0                     |  14|          3|   15|         45|
    |binary_V_ce0                          |  14|          3|    1|          3|
    |binary_V_ce1                          |   9|          2|    1|          2|
    |binary_V_we1                          |   9|          2|    1|          2|
    |gray_V_ce0                            |   9|          2|    1|          2|
    |gray_V_ce1                            |   9|          2|    1|          2|
    |gray_V_we1                            |   9|          2|    1|          2|
    |roi_count_1_reg_138                   |   9|          2|   32|         64|
    +--------------------------------------+----+-----------+-----+-----------+
    |Total                                 | 172|         37|   86|        203|
    +--------------------------------------+----+-----------+-----+-----------+

    * Register: 
    +---------------------------------------------------------------------------+----+----+-----+-----------+
    |                                    Name                                   | FF | LUT| Bits| Const Bits|
    +---------------------------------------------------------------------------+----+----+-----+-----------+
    |ap_CS_fsm                                                                  |  16|   0|   16|          0|
    |card_box_count_reg_524                                                     |  32|   0|   32|          0|
    |card_box_max_x_V_reg_518                                                   |   8|   0|    8|          0|
    |card_box_min_x_V_reg_506                                                   |   8|   0|    8|          0|
    |card_box_min_y_V_reg_513                                                   |   8|   0|    8|          0|
    |card_box_valid_V_reg_529                                                   |   1|   0|    1|          0|
    |grp_card_recognizer_hw_Pipeline_BINARIZE_LOOP_fu_159_ap_start_reg          |   1|   0|    1|          0|
    |grp_card_recognizer_hw_Pipeline_GRAYSCALE_LOOP_fu_150_ap_start_reg         |   1|   0|    1|          0|
    |grp_card_recognizer_hw_Pipeline_ROI_Y_LOOP_ROI_X_LOOP_fu_176_ap_start_reg  |   1|   0|    1|          0|
    |grp_find_largest_component_ccl_fu_168_ap_start_reg                         |   1|   0|    1|          0|
    |height_read_reg_472                                                        |  32|   0|   32|          0|
    |n_reg_491                                                                  |  32|   0|   32|          0|
    |roi_count_1_reg_138                                                        |  32|   0|   32|          0|
    |sub_ln234_1_reg_574                                                        |   8|   0|    8|          0|
    |tmp_1_cast_reg_569                                                         |   8|   0|    8|          0|
    |tmp_2_reg_543                                                              |   1|   0|    1|          0|
    |tmp_reg_554                                                                |   1|   0|    1|          0|
    |trunc_ln233_1_reg_559                                                      |   7|   0|    7|          0|
    |trunc_ln233_2_reg_564                                                      |   8|   0|    8|          0|
    |trunc_ln246_reg_549                                                        |  15|   0|   15|          0|
    |trunc_ln33_reg_500                                                         |  31|   0|   31|          0|
    |width_read_reg_478                                                         |  32|   0|   32|          0|
    |x1_reg_579                                                                 |  10|   0|   10|          0|
    |y1_reg_584                                                                 |   9|   0|    9|          0|
    |zext_ln231_reg_533                                                         |   8|   0|    9|          1|
    +---------------------------------------------------------------------------+----+----+-----+-----------+
    |Total                                                                      | 311|   0|  312|          1|
    +---------------------------------------------------------------------------+----+----+-----+-----------+



================================================================
== Interface
================================================================
* Summary: 
+-----------------------+-----+-----+------------+--------------------+--------------+
|       RTL Ports       | Dir | Bits|  Protocol  |    Source Object   |    C Type    |
+-----------------------+-----+-----+------------+--------------------+--------------+
|s_axi_control_AWVALID  |   in|    1|       s_axi|             control|        scalar|
|s_axi_control_AWREADY  |  out|    1|       s_axi|             control|        scalar|
|s_axi_control_AWADDR   |   in|    6|       s_axi|             control|        scalar|
|s_axi_control_WVALID   |   in|    1|       s_axi|             control|        scalar|
|s_axi_control_WREADY   |  out|    1|       s_axi|             control|        scalar|
|s_axi_control_WDATA    |   in|   32|       s_axi|             control|        scalar|
|s_axi_control_WSTRB    |   in|    4|       s_axi|             control|        scalar|
|s_axi_control_ARVALID  |   in|    1|       s_axi|             control|        scalar|
|s_axi_control_ARREADY  |  out|    1|       s_axi|             control|        scalar|
|s_axi_control_ARADDR   |   in|    6|       s_axi|             control|        scalar|
|s_axi_control_RVALID   |  out|    1|       s_axi|             control|        scalar|
|s_axi_control_RREADY   |   in|    1|       s_axi|             control|        scalar|
|s_axi_control_RDATA    |  out|   32|       s_axi|             control|        scalar|
|s_axi_control_RRESP    |  out|    2|       s_axi|             control|        scalar|
|s_axi_control_BVALID   |  out|    1|       s_axi|             control|        scalar|
|s_axi_control_BREADY   |   in|    1|       s_axi|             control|        scalar|
|s_axi_control_BRESP    |  out|    2|       s_axi|             control|        scalar|
|ap_clk                 |   in|    1|  ap_ctrl_hs|  card_recognizer_hw|  return value|
|ap_rst_n               |   in|    1|  ap_ctrl_hs|  card_recognizer_hw|  return value|
|interrupt              |  out|    1|  ap_ctrl_hs|  card_recognizer_hw|  return value|
|input_rgb_address0     |  out|   15|   ap_memory|           input_rgb|         array|
|input_rgb_ce0          |  out|    1|   ap_memory|           input_rgb|         array|
|input_rgb_q0           |   in|   24|   ap_memory|           input_rgb|         array|
+-----------------------+-----+-----+------------+--------------------+--------------+

