

================================================================
== Vitis HLS Report for 'card_recognizer_hw_Pipeline_GRAYSCALE_LOOP'
================================================================
* Date:           Wed Jul 15 18:02:29 2026

* Version:        2022.2 (Build 3670227 on Oct 13 2022)
* Project:        card_recognizer_dram_hls
* Solution:       solution1 (Vivado IP Flow Target)
* Product family: zynq
* Target device:  xc7z010i-clg225-1L


================================================================
== Performance Estimates
================================================================
+ Timing: 
    * Summary: 
    +--------+----------+----------+------------+
    |  Clock |  Target  | Estimated| Uncertainty|
    +--------+----------+----------+------------+
    |ap_clk  |  10.00 ns|  6.270 ns|     2.70 ns|
    +--------+----------+----------+------------+

+ Latency: 
    * Summary: 
    +---------+---------+----------+----------+-------+-------+---------+
    |  Latency (cycles) |  Latency (absolute) |    Interval   | Pipeline|
    |   min   |   max   |    min   |    max   |  min  |  max  |   Type  |
    +---------+---------+----------+----------+-------+-------+---------+
    |    19206|    19206|  0.192 ms|  0.192 ms|  19206|  19206|       no|
    +---------+---------+----------+----------+-------+-------+---------+

    + Detail: 
        * Instance: 
        N/A

        * Loop: 
        +------------------+---------+---------+----------+-----------+-----------+-------+----------+
        |                  |  Latency (cycles) | Iteration|  Initiation Interval  |  Trip |          |
        |     Loop Name    |   min   |   max   |  Latency |  achieved |   target  | Count | Pipelined|
        +------------------+---------+---------+----------+-----------+-----------+-------+----------+
        |- GRAYSCALE_LOOP  |    19204|    19204|         6|          1|          1|  19200|       yes|
        +------------------+---------+---------+----------+-----------+-----------+-------+----------+



================================================================
== Utilization Estimates
================================================================
* Summary: 
+-----------------+---------+----+-------+-------+-----+
|       Name      | BRAM_18K| DSP|   FF  |  LUT  | URAM|
+-----------------+---------+----+-------+-------+-----+
|DSP              |        -|   2|      -|      -|    -|
|Expression       |        -|   -|      0|     39|    -|
|FIFO             |        -|   -|      -|      -|    -|
|Instance         |        -|   0|      0|     41|    -|
|Memory           |        -|   -|      -|      -|    -|
|Multiplexer      |        -|   -|      -|     36|    -|
|Register         |        -|   -|    129|     32|    -|
+-----------------+---------+----+-------+-------+-----+
|Total            |        0|   2|    129|    148|    0|
+-----------------+---------+----+-------+-------+-----+
|Available        |      120|  80|  35200|  17600|    0|
+-----------------+---------+----+-------+-------+-----+
|Utilization (%)  |        0|   2|     ~0|     ~0|    0|
+-----------------+---------+----+-------+-------+-----+

+ Detail: 
    * Instance: 
    +-----------------------+--------------------+---------+----+---+----+-----+
    |        Instance       |       Module       | BRAM_18K| DSP| FF| LUT| URAM|
    +-----------------------+--------------------+---------+----+---+----+-----+
    |mul_8ns_8ns_15_1_1_U1  |mul_8ns_8ns_15_1_1  |        0|   0|  0|  41|    0|
    +-----------------------+--------------------+---------+----+---+----+-----+
    |Total                  |                    |        0|   0|  0|  41|    0|
    +-----------------------+--------------------+---------+----+---+----+-----+

    * DSP: 
    +-----------------------------------+--------------------------------+--------------+
    |              Instance             |             Module             |  Expression  |
    +-----------------------------------+--------------------------------+--------------+
    |mac_muladd_8ns_5ns_15ns_15_4_1_U2  |mac_muladd_8ns_5ns_15ns_15_4_1  |  i0 + i1 * i2|
    |mac_muladd_8ns_8ns_15ns_16_4_1_U3  |mac_muladd_8ns_8ns_15ns_16_4_1  |  i0 + i1 * i2|
    +-----------------------------------+--------------------------------+--------------+

    * Memory: 
    N/A

    * FIFO: 
    N/A

    * Expression: 
    +---------------------+----------+----+---+----+------------+------------+
    |    Variable Name    | Operation| DSP| FF| LUT| Bitwidth P0| Bitwidth P1|
    +---------------------+----------+----+---+----+------------+------------+
    |add_ln33_fu_124_p2   |         +|   0|  0|  20|          15|           1|
    |icmp_ln33_fu_118_p2  |      icmp|   0|  0|  17|          31|          31|
    |ap_enable_pp0        |       xor|   0|  0|   2|           1|           2|
    +---------------------+----------+----+---+----+------------+------------+
    |Total                |          |   0|  0|  39|          47|          34|
    +---------------------+----------+----+---+----+------------+------------+

    * Multiplexer: 
    +-------------------------+----+-----------+-----+-----------+
    |           Name          | LUT| Input Size| Bits| Total Bits|
    +-------------------------+----+-----------+-----+-----------+
    |ap_done_int              |   9|          2|    1|          2|
    |ap_enable_reg_pp0_iter1  |   9|          2|    1|          2|
    |ap_sig_allocacmp_i_3     |   9|          2|   15|         30|
    |i_fu_66                  |   9|          2|   15|         30|
    +-------------------------+----+-----------+-----+-----------+
    |Total                    |  36|          8|   32|         64|
    +-------------------------+----+-----------+-----+-----------+

    * Register: 
    +----------------------------------+----+----+-----+-----------+
    |               Name               | FF | LUT| Bits| Const Bits|
    +----------------------------------+----+----+-----+-----------+
    |ap_CS_fsm                         |   1|   0|    1|          0|
    |ap_done_reg                       |   1|   0|    1|          0|
    |ap_enable_reg_pp0_iter1           |   1|   0|    1|          0|
    |ap_enable_reg_pp0_iter2           |   1|   0|    1|          0|
    |ap_enable_reg_pp0_iter3           |   1|   0|    1|          0|
    |ap_enable_reg_pp0_iter4           |   1|   0|    1|          0|
    |ap_enable_reg_pp0_iter5           |   1|   0|    1|          0|
    |ap_loop_exit_ready_pp0_iter1_reg  |   1|   0|    1|          0|
    |ap_loop_exit_ready_pp0_iter2_reg  |   1|   0|    1|          0|
    |ap_loop_exit_ready_pp0_iter3_reg  |   1|   0|    1|          0|
    |ap_loop_exit_ready_pp0_iter4_reg  |   1|   0|    1|          0|
    |g_reg_237                         |   8|   0|    8|          0|
    |i_fu_66                           |  15|   0|   15|          0|
    |r_reg_232                         |   8|   0|    8|          0|
    |r_reg_232_pp0_iter2_reg           |   8|   0|    8|          0|
    |zext_ln33_reg_222                 |  15|   0|   64|         49|
    |zext_ln33_reg_222                 |  64|  32|   64|         49|
    +----------------------------------+----+----+-----+-----------+
    |Total                             | 129|  32|  178|         98|
    +----------------------------------+----+----+-----+-----------+



================================================================
== Interface
================================================================
* Summary: 
+--------------------+-----+-----+------------+--------------------------------------------+--------------+
|      RTL Ports     | Dir | Bits|  Protocol  |                Source Object               |    C Type    |
+--------------------+-----+-----+------------+--------------------------------------------+--------------+
|ap_clk              |   in|    1|  ap_ctrl_hs|  card_recognizer_hw_Pipeline_GRAYSCALE_LOOP|  return value|
|ap_rst              |   in|    1|  ap_ctrl_hs|  card_recognizer_hw_Pipeline_GRAYSCALE_LOOP|  return value|
|ap_start            |   in|    1|  ap_ctrl_hs|  card_recognizer_hw_Pipeline_GRAYSCALE_LOOP|  return value|
|ap_done             |  out|    1|  ap_ctrl_hs|  card_recognizer_hw_Pipeline_GRAYSCALE_LOOP|  return value|
|ap_idle             |  out|    1|  ap_ctrl_hs|  card_recognizer_hw_Pipeline_GRAYSCALE_LOOP|  return value|
|ap_ready            |  out|    1|  ap_ctrl_hs|  card_recognizer_hw_Pipeline_GRAYSCALE_LOOP|  return value|
|trunc_ln            |   in|   31|     ap_none|                                    trunc_ln|        scalar|
|input_rgb_address0  |  out|   15|   ap_memory|                                   input_rgb|         array|
|input_rgb_ce0       |  out|    1|   ap_memory|                                   input_rgb|         array|
|input_rgb_q0        |   in|   24|   ap_memory|                                   input_rgb|         array|
|gray_V_address1     |  out|   15|   ap_memory|                                      gray_V|         array|
|gray_V_ce1          |  out|    1|   ap_memory|                                      gray_V|         array|
|gray_V_we1          |  out|    1|   ap_memory|                                      gray_V|         array|
|gray_V_d1           |  out|    8|   ap_memory|                                      gray_V|         array|
+--------------------+-----+-----+------------+--------------------------------------------+--------------+

