

================================================================
== Vitis HLS Report for 'card_recognizer_hw_Pipeline_BINARIZE_LOOP'
================================================================
* Date:           Wed Jul 15 18:02:29 2026

* Version:        2022.2 (Build 3670227 on Oct 13 2022)
* Project:        card_recognizer_dram_hls
* Solution:       solution1 (Vivado IP Flow Target)
* Product family: zynq
* Target device:  xc7z010i-clg225-1L


================================================================
== Performance Estimates
================================================================
+ Timing: 
    * Summary: 
    +--------+----------+----------+------------+
    |  Clock |  Target  | Estimated| Uncertainty|
    +--------+----------+----------+------------+
    |ap_clk  |  10.00 ns|  4.805 ns|     2.70 ns|
    +--------+----------+----------+------------+

+ Latency: 
    * Summary: 
    +---------+---------+----------+----------+-------+-------+---------+
    |  Latency (cycles) |  Latency (absolute) |    Interval   | Pipeline|
    |   min   |   max   |    min   |    max   |  min  |  max  |   Type  |
    +---------+---------+----------+----------+-------+-------+---------+
    |    19203|    19203|  0.192 ms|  0.192 ms|  19203|  19203|       no|
    +---------+---------+----------+----------+-------+-------+---------+

    + Detail: 
        * Instance: 
        N/A

        * Loop: 
        +-----------------+---------+---------+----------+-----------+-----------+-------+----------+
        |                 |  Latency (cycles) | Iteration|  Initiation Interval  |  Trip |          |
        |    Loop Name    |   min   |   max   |  Latency |  achieved |   target  | Count | Pipelined|
        +-----------------+---------+---------+----------+-----------+-----------+-------+----------+
        |- BINARIZE_LOOP  |    19201|    19201|         3|          1|          1|  19200|       yes|
        +-----------------+---------+---------+----------+-----------+-----------+-------+----------+



================================================================
== Utilization Estimates
================================================================
* Summary: 
+-----------------+---------+----+-------+-------+-----+
|       Name      | BRAM_18K| DSP|   FF  |  LUT  | URAM|
+-----------------+---------+----+-------+-------+-----+
|DSP              |        -|   -|      -|      -|    -|
|Expression       |        -|   -|      0|     50|    -|
|FIFO             |        -|   -|      -|      -|    -|
|Instance         |        -|   -|      -|      -|    -|
|Memory           |        -|   -|      -|      -|    -|
|Multiplexer      |        -|   -|      -|     36|    -|
|Register         |        -|   -|     51|      -|    -|
+-----------------+---------+----+-------+-------+-----+
|Total            |        0|   0|     51|     86|    0|
+-----------------+---------+----+-------+-------+-----+
|Available        |      120|  80|  35200|  17600|    0|
+-----------------+---------+----+-------+-------+-----+
|Utilization (%)  |        0|   0|     ~0|     ~0|    0|
+-----------------+---------+----+-------+-------+-----+

+ Detail: 
    * Instance: 
    N/A

    * DSP: 
    N/A

    * Memory: 
    N/A

    * FIFO: 
    N/A

    * Expression: 
    +-----------------------+----------+----+---+----+------------+------------+
    |     Variable Name     | Operation| DSP| FF| LUT| Bitwidth P0| Bitwidth P1|
    +-----------------------+----------+----+---+----+------------+------------+
    |add_ln50_fu_98_p2      |         +|   0|  0|  20|          15|           1|
    |icmp_ln1035_fu_114_p2  |      icmp|   0|  0|  11|           8|           7|
    |icmp_ln50_fu_92_p2     |      icmp|   0|  0|  17|          31|          31|
    |ap_enable_pp0          |       xor|   0|  0|   2|           1|           2|
    +-----------------------+----------+----+---+----+------------+------------+
    |Total                  |          |   0|  0|  50|          55|          41|
    +-----------------------+----------+----+---+----+------------+------------+

    * Multiplexer: 
    +-------------------------+----+-----------+-----+-----------+
    |           Name          | LUT| Input Size| Bits| Total Bits|
    +-------------------------+----+-----------+-----+-----------+
    |ap_done_int              |   9|          2|    1|          2|
    |ap_enable_reg_pp0_iter1  |   9|          2|    1|          2|
    |ap_sig_allocacmp_i       |   9|          2|   15|         30|
    |i_3_fu_40                |   9|          2|   15|         30|
    +-------------------------+----+-----------+-----+-----------+
    |Total                    |  36|          8|   32|         64|
    +-------------------------+----+-----------+-----+-----------+

    * Register: 
    +----------------------------------+----+----+-----+-----------+
    |               Name               | FF | LUT| Bits| Const Bits|
    +----------------------------------+----+----+-----+-----------+
    |ap_CS_fsm                         |   1|   0|    1|          0|
    |ap_done_reg                       |   1|   0|    1|          0|
    |ap_enable_reg_pp0_iter1           |   1|   0|    1|          0|
    |ap_enable_reg_pp0_iter2           |   1|   0|    1|          0|
    |ap_loop_exit_ready_pp0_iter1_reg  |   1|   0|    1|          0|
    |i_3_fu_40                         |  15|   0|   15|          0|
    |icmp_ln1035_reg_141               |   1|   0|    1|          0|
    |zext_ln50_reg_131                 |  15|   0|   64|         49|
    |zext_ln50_reg_131_pp0_iter1_reg   |  15|   0|   64|         49|
    +----------------------------------+----+----+-----+-----------+
    |Total                             |  51|   0|  149|         98|
    +----------------------------------+----+----+-----+-----------+



================================================================
== Interface
================================================================
* Summary: 
+-------------------+-----+-----+------------+-------------------------------------------+--------------+
|     RTL Ports     | Dir | Bits|  Protocol  |               Source Object               |    C Type    |
+-------------------+-----+-----+------------+-------------------------------------------+--------------+
|ap_clk             |   in|    1|  ap_ctrl_hs|  card_recognizer_hw_Pipeline_BINARIZE_LOOP|  return value|
|ap_rst             |   in|    1|  ap_ctrl_hs|  card_recognizer_hw_Pipeline_BINARIZE_LOOP|  return value|
|ap_start           |   in|    1|  ap_ctrl_hs|  card_recognizer_hw_Pipeline_BINARIZE_LOOP|  return value|
|ap_done            |  out|    1|  ap_ctrl_hs|  card_recognizer_hw_Pipeline_BINARIZE_LOOP|  return value|
|ap_idle            |  out|    1|  ap_ctrl_hs|  card_recognizer_hw_Pipeline_BINARIZE_LOOP|  return value|
|ap_ready           |  out|    1|  ap_ctrl_hs|  card_recognizer_hw_Pipeline_BINARIZE_LOOP|  return value|
|trunc_ln           |   in|   31|     ap_none|                                   trunc_ln|        scalar|
|gray_V_address0    |  out|   15|   ap_memory|                                     gray_V|         array|
|gray_V_ce0         |  out|    1|   ap_memory|                                     gray_V|         array|
|gray_V_q0          |   in|    8|   ap_memory|                                     gray_V|         array|
|binary_V_address1  |  out|   15|   ap_memory|                                   binary_V|         array|
|binary_V_ce1       |  out|    1|   ap_memory|                                   binary_V|         array|
|binary_V_we1       |  out|    1|   ap_memory|                                   binary_V|         array|
|binary_V_d1        |  out|    1|   ap_memory|                                   binary_V|         array|
+-------------------+-----+-----+------------+-------------------------------------------+--------------+

