

================================================================
== Vitis HLS Report for 'find_largest_component_ccl_Pipeline_CLEAR_CURR_ROW'
================================================================
* Date:           Wed Jul 15 18:02:30 2026

* Version:        2022.2 (Build 3670227 on Oct 13 2022)
* Project:        card_recognizer_dram_hls
* Solution:       solution1 (Vivado IP Flow Target)
* Product family: zynq
* Target device:  xc7z010i-clg225-1L


================================================================
== Performance Estimates
================================================================
+ Timing: 
    * Summary: 
    +--------+----------+----------+------------+
    |  Clock |  Target  | Estimated| Uncertainty|
    +--------+----------+----------+------------+
    |ap_clk  |  10.00 ns|  3.873 ns|     2.70 ns|
    +--------+----------+----------+------------+

+ Latency: 
    * Summary: 
    +---------+---------+----------+----------+-----+-----+---------+
    |  Latency (cycles) |  Latency (absolute) |  Interval | Pipeline|
    |   min   |   max   |    min   |    max   | min | max |   Type  |
    +---------+---------+----------+----------+-----+-----+---------+
    |      162|      162|  1.620 us|  1.620 us|  162|  162|       no|
    +---------+---------+----------+----------+-----+-----+---------+

    + Detail: 
        * Instance: 
        N/A

        * Loop: 
        +------------------+---------+---------+----------+-----------+-----------+------+----------+
        |                  |  Latency (cycles) | Iteration|  Initiation Interval  | Trip |          |
        |     Loop Name    |   min   |   max   |  Latency |  achieved |   target  | Count| Pipelined|
        +------------------+---------+---------+----------+-----------+-----------+------+----------+
        |- CLEAR_CURR_ROW  |      160|      160|         1|          1|          1|   160|       yes|
        +------------------+---------+---------+----------+-----------+-----------+------+----------+



================================================================
== Utilization Estimates
================================================================
* Summary: 
+-----------------+---------+----+-------+-------+-----+
|       Name      | BRAM_18K| DSP|   FF  |  LUT  | URAM|
+-----------------+---------+----+-------+-------+-----+
|DSP              |        -|   -|      -|      -|    -|
|Expression       |        -|   -|      0|     26|    -|
|FIFO             |        -|   -|      -|      -|    -|
|Instance         |        -|   -|      -|      -|    -|
|Memory           |        -|   -|      -|      -|    -|
|Multiplexer      |        -|   -|      -|     27|    -|
|Register         |        -|   -|     10|      -|    -|
+-----------------+---------+----+-------+-------+-----+
|Total            |        0|   0|     10|     53|    0|
+-----------------+---------+----+-------+-------+-----+
|Available        |      120|  80|  35200|  17600|    0|
+-----------------+---------+----+-------+-------+-----+
|Utilization (%)  |        0|   0|     ~0|     ~0|    0|
+-----------------+---------+----+-------+-------+-----+

+ Detail: 
    * Instance: 
    N/A

    * DSP: 
    N/A

    * Memory: 
    N/A

    * FIFO: 
    N/A

    * Expression: 
    +---------------------+----------+----+---+----+------------+------------+
    |    Variable Name    | Operation| DSP| FF| LUT| Bitwidth P0| Bitwidth P1|
    +---------------------+----------+----+---+----+------------+------------+
    |add_ln130_fu_78_p2   |         +|   0|  0|  15|           8|           1|
    |icmp_ln130_fu_72_p2  |      icmp|   0|  0|  11|           8|           8|
    +---------------------+----------+----+---+----+------------+------------+
    |Total                |          |   0|  0|  26|          16|           9|
    +---------------------+----------+----+---+----+------------+------------+

    * Multiplexer: 
    +--------------------+----+-----------+-----+-----------+
    |        Name        | LUT| Input Size| Bits| Total Bits|
    +--------------------+----+-----------+-----+-----------+
    |ap_done_int         |   9|          2|    1|          2|
    |ap_sig_allocacmp_x  |   9|          2|    8|         16|
    |x_1_fu_32           |   9|          2|    8|         16|
    +--------------------+----+-----------+-----+-----------+
    |Total               |  27|          6|   17|         34|
    +--------------------+----+-----------+-----+-----------+

    * Register: 
    +-------------+---+----+-----+-----------+
    |     Name    | FF| LUT| Bits| Const Bits|
    +-------------+---+----+-----+-----------+
    |ap_CS_fsm    |  1|   0|    1|          0|
    |ap_done_reg  |  1|   0|    1|          0|
    |x_1_fu_32    |  8|   0|    8|          0|
    +-------------+---+----+-----+-----------+
    |Total        | 10|   0|   10|          0|
    +-------------+---+----+-----+-----------+



================================================================
== Interface
================================================================
* Summary: 
+-------------------------+-----+-----+------------+----------------------------------------------------+--------------+
|        RTL Ports        | Dir | Bits|  Protocol  |                    Source Object                   |    C Type    |
+-------------------------+-----+-----+------------+----------------------------------------------------+--------------+
|ap_clk                   |   in|    1|  ap_ctrl_hs|  find_largest_component_ccl_Pipeline_CLEAR_CURR_ROW|  return value|
|ap_rst                   |   in|    1|  ap_ctrl_hs|  find_largest_component_ccl_Pipeline_CLEAR_CURR_ROW|  return value|
|ap_start                 |   in|    1|  ap_ctrl_hs|  find_largest_component_ccl_Pipeline_CLEAR_CURR_ROW|  return value|
|ap_done                  |  out|    1|  ap_ctrl_hs|  find_largest_component_ccl_Pipeline_CLEAR_CURR_ROW|  return value|
|ap_idle                  |  out|    1|  ap_ctrl_hs|  find_largest_component_ccl_Pipeline_CLEAR_CURR_ROW|  return value|
|ap_ready                 |  out|    1|  ap_ctrl_hs|  find_largest_component_ccl_Pipeline_CLEAR_CURR_ROW|  return value|
|curr_label_V_1_address0  |  out|    7|   ap_memory|                                      curr_label_V_1|         array|
|curr_label_V_1_ce0       |  out|    1|   ap_memory|                                      curr_label_V_1|         array|
|curr_label_V_1_we0       |  out|    1|   ap_memory|                                      curr_label_V_1|         array|
|curr_label_V_1_d0        |  out|    8|   ap_memory|                                      curr_label_V_1|         array|
|curr_label_V_address0    |  out|    7|   ap_memory|                                        curr_label_V|         array|
|curr_label_V_ce0         |  out|    1|   ap_memory|                                        curr_label_V|         array|
|curr_label_V_we0         |  out|    1|   ap_memory|                                        curr_label_V|         array|
|curr_label_V_d0          |  out|    8|   ap_memory|                                        curr_label_V|         array|
+-------------------------+-----+-----+------------+----------------------------------------------------+--------------+

