

================================================================
== Vitis HLS Report for 'find_largest_component_ccl_Pipeline_SELECT_BEST'
================================================================
* Date:           Wed Jul 15 18:02:32 2026

* Version:        2022.2 (Build 3670227 on Oct 13 2022)
* Project:        card_recognizer_dram_hls
* Solution:       solution1 (Vivado IP Flow Target)
* Product family: zynq
* Target device:  xc7z010i-clg225-1L


================================================================
== Performance Estimates
================================================================
+ Timing: 
    * Summary: 
    +--------+----------+----------+------------+
    |  Clock |  Target  | Estimated| Uncertainty|
    +--------+----------+----------+------------+
    |ap_clk  |  10.00 ns|  6.287 ns|     2.70 ns|
    +--------+----------+----------+------------+

+ Latency: 
    * Summary: 
    +---------+---------+----------+----------+-----+-----+---------+
    |  Latency (cycles) |  Latency (absolute) |  Interval | Pipeline|
    |   min   |   max   |    min   |    max   | min | max |   Type  |
    +---------+---------+----------+----------+-----+-----+---------+
    |      258|      258|  2.580 us|  2.580 us|  258|  258|       no|
    +---------+---------+----------+----------+-----+-----+---------+

    + Detail: 
        * Instance: 
        N/A

        * Loop: 
        +---------------+---------+---------+----------+-----------+-----------+------+----------+
        |               |  Latency (cycles) | Iteration|  Initiation Interval  | Trip |          |
        |   Loop Name   |   min   |   max   |  Latency |  achieved |   target  | Count| Pipelined|
        +---------------+---------+---------+----------+-----------+-----------+------+----------+
        |- SELECT_BEST  |      256|      256|         3|          1|          1|   255|       yes|
        +---------------+---------+---------+----------+-----------+-----------+------+----------+



================================================================
== Utilization Estimates
================================================================
* Summary: 
+-----------------+---------+----+-------+-------+-----+
|       Name      | BRAM_18K| DSP|   FF  |  LUT  | URAM|
+-----------------+---------+----+-------+-------+-----+
|DSP              |        -|   -|      -|      -|    -|
|Expression       |        -|   -|      0|    124|    -|
|FIFO             |        -|   -|      -|      -|    -|
|Instance         |        -|   -|      -|      -|    -|
|Memory           |        -|   -|      -|      -|    -|
|Multiplexer      |        -|   -|      -|     90|    -|
|Register         |        -|   -|    132|      -|    -|
+-----------------+---------+----+-------+-------+-----+
|Total            |        0|   0|    132|    214|    0|
+-----------------+---------+----+-------+-------+-----+
|Available        |      120|  80|  35200|  17600|    0|
+-----------------+---------+----+-------+-------+-----+
|Utilization (%)  |        0|   0|     ~0|      1|    0|
+-----------------+---------+----+-------+-------+-----+

+ Detail: 
    * Instance: 
    N/A

    * DSP: 
    N/A

    * Memory: 
    N/A

    * FIFO: 
    N/A

    * Expression: 
    +--------------------------+----------+----+---+----+------------+------------+
    |       Variable Name      | Operation| DSP| FF| LUT| Bitwidth P0| Bitwidth P1|
    +--------------------------+----------+----+---+----+------------+------------+
    |add_ln205_fu_262_p2       |         +|   0|  0|  14|           9|           1|
    |and_ln208_fu_302_p2       |       and|   0|  0|   2|           1|           1|
    |icmp_ln1019_fu_277_p2     |      icmp|   0|  0|  11|           9|           9|
    |icmp_ln205_fu_250_p2      |      icmp|   0|  0|  11|           9|          10|
    |icmp_ln208_fu_297_p2      |      icmp|   0|  0|  18|          32|          32|
    |or_ln208_fu_307_p2        |        or|   0|  0|   2|           1|           1|
    |select_ln208_1_fu_321_p3  |    select|   0|  0|   8|           1|           8|
    |select_ln208_2_fu_329_p3  |    select|   0|  0|   8|           1|           8|
    |select_ln208_3_fu_337_p3  |    select|   0|  0|   8|           1|           8|
    |select_ln208_4_fu_345_p3  |    select|   0|  0|  32|           1|          32|
    |select_ln208_fu_313_p3    |    select|   0|  0|   8|           1|           8|
    |ap_enable_pp0             |       xor|   0|  0|   2|           1|           2|
    +--------------------------+----------+----+---+----+------------+------------+
    |Total                     |          |   0|  0| 124|          67|         120|
    +--------------------------+----------+----+---+----+------------+------------+

    * Multiplexer: 
    +-------------------------+----+-----------+-----+-----------+
    |           Name          | LUT| Input Size| Bits| Total Bits|
    +-------------------------+----+-----------+-----+-----------+
    |ap_done_int              |   9|          2|    1|          2|
    |ap_enable_reg_pp0_iter2  |   9|          2|    1|          2|
    |ap_sig_allocacmp_i_1     |   9|          2|    9|         18|
    |empty_40_reg_204         |   9|          2|    1|          2|
    |empty_fu_76              |   9|          2|   32|         64|
    |i_fu_80                  |   9|          2|    9|         18|
    |p_0_0_03141012_fu_60     |   9|          2|    8|         16|
    |p_0_0_0315813_fu_64      |   9|          2|    8|         16|
    |p_0_0_0316614_fu_68      |   9|          2|    8|         16|
    |p_0_0_0317415_fu_72      |   9|          2|    8|         16|
    +-------------------------+----+-----------+-----+-----------+
    |Total                    |  90|         20|   85|        170|
    +-------------------------+----+-----------+-----+-----------+

    * Register: 
    +----------------------------------+----+----+-----+-----------+
    |               Name               | FF | LUT| Bits| Const Bits|
    +----------------------------------+----+----+-----+-----------+
    |ap_CS_fsm                         |   1|   0|    1|          0|
    |ap_done_reg                       |   1|   0|    1|          0|
    |ap_enable_reg_pp0_iter1           |   1|   0|    1|          0|
    |ap_enable_reg_pp0_iter2           |   1|   0|    1|          0|
    |ap_loop_exit_ready_pp0_iter1_reg  |   1|   0|    1|          0|
    |count_load_reg_476                |  32|   0|   32|          0|
    |empty_40_reg_204                  |   1|   0|    1|          0|
    |empty_fu_76                       |  32|   0|   32|          0|
    |i_1_reg_444                       |   9|   0|    9|          0|
    |i_fu_80                           |   9|   0|    9|          0|
    |icmp_ln1019_reg_471               |   1|   0|    1|          0|
    |icmp_ln205_reg_449                |   1|   0|    1|          0|
    |icmp_ln205_reg_449_pp0_iter1_reg  |   1|   0|    1|          0|
    |p_0_0_03141012_fu_60              |   8|   0|    8|          0|
    |p_0_0_0315813_fu_64               |   8|   0|    8|          0|
    |p_0_0_0316614_fu_68               |   8|   0|    8|          0|
    |p_0_0_0317415_fu_72               |   8|   0|    8|          0|
    |zext_ln205_reg_453                |   9|   0|   64|         55|
    +----------------------------------+----+----+-----+-----------+
    |Total                             | 132|   0|  187|         55|
    +----------------------------------+----+----+-----+-----------+



================================================================
== Interface
================================================================
* Summary: 
+---------------------------+-----+-----+------------+-------------------------------------------------+--------------+
|         RTL Ports         | Dir | Bits|  Protocol  |                  Source Object                  |    C Type    |
+---------------------------+-----+-----+------------+-------------------------------------------------+--------------+
|ap_clk                     |   in|    1|  ap_ctrl_hs|  find_largest_component_ccl_Pipeline_SELECT_BEST|  return value|
|ap_rst                     |   in|    1|  ap_ctrl_hs|  find_largest_component_ccl_Pipeline_SELECT_BEST|  return value|
|ap_start                   |   in|    1|  ap_ctrl_hs|  find_largest_component_ccl_Pipeline_SELECT_BEST|  return value|
|ap_done                    |  out|    1|  ap_ctrl_hs|  find_largest_component_ccl_Pipeline_SELECT_BEST|  return value|
|ap_idle                    |  out|    1|  ap_ctrl_hs|  find_largest_component_ccl_Pipeline_SELECT_BEST|  return value|
|ap_ready                   |  out|    1|  ap_ctrl_hs|  find_largest_component_ccl_Pipeline_SELECT_BEST|  return value|
|parent_V_address0          |  out|    8|   ap_memory|                                         parent_V|         array|
|parent_V_ce0               |  out|    1|   ap_memory|                                         parent_V|         array|
|parent_V_q0                |   in|    8|   ap_memory|                                         parent_V|         array|
|count_address0             |  out|    8|   ap_memory|                                            count|         array|
|count_ce0                  |  out|    1|   ap_memory|                                            count|         array|
|count_q0                   |   in|   32|   ap_memory|                                            count|         array|
|min_x_V_address0           |  out|    8|   ap_memory|                                          min_x_V|         array|
|min_x_V_ce0                |  out|    1|   ap_memory|                                          min_x_V|         array|
|min_x_V_q0                 |   in|    8|   ap_memory|                                          min_x_V|         array|
|min_y_V_address0           |  out|    8|   ap_memory|                                          min_y_V|         array|
|min_y_V_ce0                |  out|    1|   ap_memory|                                          min_y_V|         array|
|min_y_V_q0                 |   in|    8|   ap_memory|                                          min_y_V|         array|
|max_x_V_address0           |  out|    8|   ap_memory|                                          max_x_V|         array|
|max_x_V_ce0                |  out|    1|   ap_memory|                                          max_x_V|         array|
|max_x_V_q0                 |   in|    8|   ap_memory|                                          max_x_V|         array|
|max_y_V_address0           |  out|    8|   ap_memory|                                          max_y_V|         array|
|max_y_V_ce0                |  out|    1|   ap_memory|                                          max_y_V|         array|
|max_y_V_q0                 |   in|    8|   ap_memory|                                          max_y_V|         array|
|p_out                      |  out|   32|      ap_vld|                                            p_out|       pointer|
|p_out_ap_vld               |  out|    1|      ap_vld|                                            p_out|       pointer|
|p_0_0_0317415_out          |  out|    8|      ap_vld|                                p_0_0_0317415_out|       pointer|
|p_0_0_0317415_out_ap_vld   |  out|    1|      ap_vld|                                p_0_0_0317415_out|       pointer|
|p_0_0_0316614_out          |  out|    8|      ap_vld|                                p_0_0_0316614_out|       pointer|
|p_0_0_0316614_out_ap_vld   |  out|    1|      ap_vld|                                p_0_0_0316614_out|       pointer|
|p_0_0_0315813_out          |  out|    8|      ap_vld|                                p_0_0_0315813_out|       pointer|
|p_0_0_0315813_out_ap_vld   |  out|    1|      ap_vld|                                p_0_0_0315813_out|       pointer|
|p_0_0_03141012_out         |  out|    8|      ap_vld|                               p_0_0_03141012_out|       pointer|
|p_0_0_03141012_out_ap_vld  |  out|    1|      ap_vld|                               p_0_0_03141012_out|       pointer|
|p_out1                     |  out|    1|      ap_vld|                                           p_out1|       pointer|
|p_out1_ap_vld              |  out|    1|      ap_vld|                                           p_out1|       pointer|
+---------------------------+-----+-----+------------+-------------------------------------------------+--------------+

