

================================================================
== Vitis HLS Report for 'find_largest_component_ccl_Pipeline_INIT_COMPONENTS'
================================================================
* Date:           Wed Jul 15 18:02:29 2026

* Version:        2022.2 (Build 3670227 on Oct 13 2022)
* Project:        card_recognizer_dram_hls
* Solution:       solution1 (Vivado IP Flow Target)
* Product family: zynq
* Target device:  xc7z010i-clg225-1L


================================================================
== Performance Estimates
================================================================
+ Timing: 
    * Summary: 
    +--------+----------+----------+------------+
    |  Clock |  Target  | Estimated| Uncertainty|
    +--------+----------+----------+------------+
    |ap_clk  |  10.00 ns|  4.915 ns|     2.70 ns|
    +--------+----------+----------+------------+

+ Latency: 
    * Summary: 
    +---------+---------+----------+----------+-----+-----+---------+
    |  Latency (cycles) |  Latency (absolute) |  Interval | Pipeline|
    |   min   |   max   |    min   |    max   | min | max |   Type  |
    +---------+---------+----------+----------+-----+-----+---------+
    |      258|      258|  2.580 us|  2.580 us|  258|  258|       no|
    +---------+---------+----------+----------+-----+-----+---------+

    + Detail: 
        * Instance: 
        N/A

        * Loop: 
        +-------------------+---------+---------+----------+-----------+-----------+------+----------+
        |                   |  Latency (cycles) | Iteration|  Initiation Interval  | Trip |          |
        |     Loop Name     |   min   |   max   |  Latency |  achieved |   target  | Count| Pipelined|
        +-------------------+---------+---------+----------+-----------+-----------+------+----------+
        |- INIT_COMPONENTS  |      256|      256|         1|          1|          1|   256|       yes|
        +-------------------+---------+---------+----------+-----------+-----------+------+----------+



================================================================
== Utilization Estimates
================================================================
* Summary: 
+-----------------+---------+----+-------+-------+-----+
|       Name      | BRAM_18K| DSP|   FF  |  LUT  | URAM|
+-----------------+---------+----+-------+-------+-----+
|DSP              |        -|   -|      -|      -|    -|
|Expression       |        -|   -|      0|     25|    -|
|FIFO             |        -|   -|      -|      -|    -|
|Instance         |        -|   -|      -|      -|    -|
|Memory           |        -|   -|      -|      -|    -|
|Multiplexer      |        -|   -|      -|     27|    -|
|Register         |        -|   -|     11|      -|    -|
+-----------------+---------+----+-------+-------+-----+
|Total            |        0|   0|     11|     52|    0|
+-----------------+---------+----+-------+-------+-----+
|Available        |      120|  80|  35200|  17600|    0|
+-----------------+---------+----+-------+-------+-----+
|Utilization (%)  |        0|   0|     ~0|     ~0|    0|
+-----------------+---------+----+-------+-------+-----+

+ Detail: 
    * Instance: 
    N/A

    * DSP: 
    N/A

    * Memory: 
    N/A

    * FIFO: 
    N/A

    * Expression: 
    +----------------------+----------+----+---+----+------------+------------+
    |     Variable Name    | Operation| DSP| FF| LUT| Bitwidth P0| Bitwidth P1|
    +----------------------+----------+----+---+----+------------+------------+
    |i_2_fu_143_p2         |         +|   0|  0|  14|           9|           1|
    |icmp_ln105_fu_137_p2  |      icmp|   0|  0|  11|           9|          10|
    +----------------------+----------+----+---+----+------------+------------+
    |Total                 |          |   0|  0|  25|          18|          11|
    +----------------------+----------+----+---+----+------------+------------+

    * Multiplexer: 
    +--------------------+----+-----------+-----+-----------+
    |        Name        | LUT| Input Size| Bits| Total Bits|
    +--------------------+----+-----------+-----+-----------+
    |ap_done_int         |   9|          2|    1|          2|
    |ap_sig_allocacmp_i  |   9|          2|    9|         18|
    |i_1_fu_42           |   9|          2|    9|         18|
    +--------------------+----+-----------+-----+-----------+
    |Total               |  27|          6|   19|         38|
    +--------------------+----+-----------+-----+-----------+

    * Register: 
    +-------------+---+----+-----+-----------+
    |     Name    | FF| LUT| Bits| Const Bits|
    +-------------+---+----+-----+-----------+
    |ap_CS_fsm    |  1|   0|    1|          0|
    |ap_done_reg  |  1|   0|    1|          0|
    |i_1_fu_42    |  9|   0|    9|          0|
    +-------------+---+----+-----+-----------+
    |Total        | 11|   0|   11|          0|
    +-------------+---+----+-----+-----------+



================================================================
== Interface
================================================================
* Summary: 
+-------------------+-----+-----+------------+-----------------------------------------------------+--------------+
|     RTL Ports     | Dir | Bits|  Protocol  |                    Source Object                    |    C Type    |
+-------------------+-----+-----+------------+-----------------------------------------------------+--------------+
|ap_clk             |   in|    1|  ap_ctrl_hs|  find_largest_component_ccl_Pipeline_INIT_COMPONENTS|  return value|
|ap_rst             |   in|    1|  ap_ctrl_hs|  find_largest_component_ccl_Pipeline_INIT_COMPONENTS|  return value|
|ap_start           |   in|    1|  ap_ctrl_hs|  find_largest_component_ccl_Pipeline_INIT_COMPONENTS|  return value|
|ap_done            |  out|    1|  ap_ctrl_hs|  find_largest_component_ccl_Pipeline_INIT_COMPONENTS|  return value|
|ap_idle            |  out|    1|  ap_ctrl_hs|  find_largest_component_ccl_Pipeline_INIT_COMPONENTS|  return value|
|ap_ready           |  out|    1|  ap_ctrl_hs|  find_largest_component_ccl_Pipeline_INIT_COMPONENTS|  return value|
|parent_V_address0  |  out|    8|   ap_memory|                                             parent_V|         array|
|parent_V_ce0       |  out|    1|   ap_memory|                                             parent_V|         array|
|parent_V_we0       |  out|    1|   ap_memory|                                             parent_V|         array|
|parent_V_d0        |  out|    8|   ap_memory|                                             parent_V|         array|
|min_x_V_address0   |  out|    8|   ap_memory|                                              min_x_V|         array|
|min_x_V_ce0        |  out|    1|   ap_memory|                                              min_x_V|         array|
|min_x_V_we0        |  out|    1|   ap_memory|                                              min_x_V|         array|
|min_x_V_d0         |  out|    8|   ap_memory|                                              min_x_V|         array|
|min_y_V_address0   |  out|    8|   ap_memory|                                              min_y_V|         array|
|min_y_V_ce0        |  out|    1|   ap_memory|                                              min_y_V|         array|
|min_y_V_we0        |  out|    1|   ap_memory|                                              min_y_V|         array|
|min_y_V_d0         |  out|    8|   ap_memory|                                              min_y_V|         array|
|max_x_V_address0   |  out|    8|   ap_memory|                                              max_x_V|         array|
|max_x_V_ce0        |  out|    1|   ap_memory|                                              max_x_V|         array|
|max_x_V_we0        |  out|    1|   ap_memory|                                              max_x_V|         array|
|max_x_V_d0         |  out|    8|   ap_memory|                                              max_x_V|         array|
|max_y_V_address0   |  out|    8|   ap_memory|                                              max_y_V|         array|
|max_y_V_ce0        |  out|    1|   ap_memory|                                              max_y_V|         array|
|max_y_V_we0        |  out|    1|   ap_memory|                                              max_y_V|         array|
|max_y_V_d0         |  out|    8|   ap_memory|                                              max_y_V|         array|
|count_address0     |  out|    8|   ap_memory|                                                count|         array|
|count_ce0          |  out|    1|   ap_memory|                                                count|         array|
|count_we0          |  out|    1|   ap_memory|                                                count|         array|
|count_d0           |  out|   32|   ap_memory|                                                count|         array|
+-------------------+-----+-----+------------+-----------------------------------------------------+--------------+

